<?xml version="1.0" encoding="UTF-8"?>
<testsuite name="ru.netology.tests.CreditBuyPaymentTest" tests="19" skipped="0" failures="6" errors="0" timestamp="2023-08-16T13:21:59" hostname="DESKTOP-2J0D3SD" time="94.343">
  <properties/>
  <testcase name="creditNegativeCvv1Symbol()" classname="ru.netology.tests.CreditBuyPaymentTest" time="1.984"/>
  <testcase name="creditNegativeOwnerCyrillic()" classname="ru.netology.tests.CreditBuyPaymentTest" time="6.205">
    <failure message="Element not found {by text: Неверный формат}&#13;&#10;Expected: visible&#13;&#10;Screenshot: file:/C:/Users/admin/DiplomQA/build/reports/tests/1692192127340.6.png&#13;&#10;Page source: file:/C:/Users/admin/DiplomQA/build/reports/tests/1692192127340.6.html&#13;&#10;Timeout: 4 s.&#13;&#10;Caused by: NoSuchElementException: no such element: Unable to locate element: {&quot;method&quot;:&quot;xpath&quot;,&quot;selector&quot;:&quot;.//*/text()[normalize-space(translate(string(.), '" type="com.codeborne.selenide.ex.ElementNotFound">Element not found {by text: Неверный формат}
Expected: visible
Screenshot: file:/C:/Users/admin/DiplomQA/build/reports/tests/1692192127340.6.png
Page source: file:/C:/Users/admin/DiplomQA/build/reports/tests/1692192127340.6.html
Timeout: 4 s.
Caused by: NoSuchElementException: no such element: Unable to locate element: {&quot;method&quot;:&quot;xpath&quot;,&quot;selector&quot;:&quot;.//*/text()[normalize-space(translate(string(.), '
	at app//com.codeborne.selenide.impl.WebElementSource.createElementNotFoundError(WebElementSource.java:91)
	at app//com.codeborne.selenide.impl.ElementFinder.createElementNotFoundError(ElementFinder.java:142)
	at app//com.codeborne.selenide.impl.WebElementSource.handleError(WebElementSource.java:143)
	at app//com.codeborne.selenide.impl.WebElementSource.checkConditionAndReturnElement(WebElementSource.java:127)
	at app//com.codeborne.selenide.impl.WebElementSource.checkCondition(WebElementSource.java:104)
	at app//com.codeborne.selenide.commands.Should.execute(Should.java:30)
	at app//com.codeborne.selenide.commands.Should.execute(Should.java:14)
	at app//com.codeborne.selenide.commands.Commands.execute(Commands.java:163)
	at app//com.codeborne.selenide.impl.SelenideElementProxy.dispatchAndRetry(SelenideElementProxy.java:132)
	at app//com.codeborne.selenide.impl.SelenideElementProxy.invoke(SelenideElementProxy.java:84)
	at app//com.sun.proxy.$Proxy16.shouldBe(Unknown Source)
	at app//ru.netology.gates.CreditBuyPayment.waitNotificationWrongFormat(CreditBuyPayment.java:56)
	at app//ru.netology.tests.CreditBuyPaymentTest.creditNegativeOwnerCyrillic(CreditBuyPaymentTest.java:195)
	at java.base@11.0.18/jdk.internal.reflect.NativeMethodAccessorImpl.invoke0(Native Method)
	at java.base@11.0.18/jdk.internal.reflect.NativeMethodAccessorImpl.invoke(NativeMethodAccessorImpl.java:62)
	at java.base@11.0.18/jdk.internal.reflect.DelegatingMethodAccessorImpl.invoke(DelegatingMethodAccessorImpl.java:43)
	at java.base@11.0.18/java.lang.reflect.Method.invoke(Method.java:566)
	at app//org.junit.platform.commons.util.ReflectionUtils.invokeMethod(ReflectionUtils.java:727)
	at app//org.junit.jupiter.engine.execution.MethodInvocation.proceed(MethodInvocation.java:60)
	at app//org.junit.jupiter.engine.execution.InvocationInterceptorChain$ValidatingInvocation.proceed(InvocationInterceptorChain.java:131)
	at app//org.junit.jupiter.engine.extension.TimeoutExtension.intercept(TimeoutExtension.java:156)
	at app//org.junit.jupiter.engine.extension.TimeoutExtension.interceptTestableMethod(TimeoutExtension.java:147)
	at app//org.junit.jupiter.engine.extension.TimeoutExtension.interceptTestMethod(TimeoutExtension.java:86)
	at app//org.junit.jupiter.engine.execution.InterceptingExecutableInvoker$ReflectiveInterceptorCall.lambda$ofVoidMethod$0(InterceptingExecutableInvoker.java:103)
	at app//org.junit.jupiter.engine.execution.InterceptingExecutableInvoker.lambda$invoke$0(InterceptingExecutableInvoker.java:93)
	at app//org.junit.jupiter.engine.execution.InvocationInterceptorChain$InterceptedInvocation.proceed(InvocationInterceptorChain.java:106)
	at app//org.junit.jupiter.engine.execution.InvocationInterceptorChain.proceed(InvocationInterceptorChain.java:64)
	at app//org.junit.jupiter.engine.execution.InvocationInterceptorChain.chainAndInvoke(InvocationInterceptorChain.java:45)
	at app//org.junit.jupiter.engine.execution.InvocationInterceptorChain.invoke(InvocationInterceptorChain.java:37)
	at app//org.junit.jupiter.engine.execution.InterceptingExecutableInvoker.invoke(InterceptingExecutableInvoker.java:92)
	at app//org.junit.jupiter.engine.execution.InterceptingExecutableInvoker.invoke(InterceptingExecutableInvoker.java:86)
	at app//org.junit.jupiter.engine.descriptor.TestMethodTestDescriptor.lambda$invokeTestMethod$7(TestMethodTestDescriptor.java:217)
	at app//org.junit.platform.engine.support.hierarchical.ThrowableCollector.execute(ThrowableCollector.java:73)
	at app//org.junit.jupiter.engine.descriptor.TestMethodTestDescriptor.invokeTestMethod(TestMethodTestDescriptor.java:213)
	at app//org.junit.jupiter.engine.descriptor.TestMethodTestDescriptor.execute(TestMethodTestDescriptor.java:138)
	at app//org.junit.jupiter.engine.descriptor.TestMethodTestDescriptor.execute(TestMethodTestDescriptor.java:68)
	at app//org.junit.platform.engine.support.hierarchical.NodeTestTask.lambda$executeRecursively$6(NodeTestTask.java:151)
	at app//org.junit.platform.engine.support.hierarchical.ThrowableCollector.execute(ThrowableCollector.java:73)
	at app//org.junit.platform.engine.support.hierarchical.NodeTestTask.lambda$executeRecursively$8(NodeTestTask.java:141)
	at app//org.junit.platform.engine.support.hierarchical.Node.around(Node.java:137)
	at app//org.junit.platform.engine.support.hierarchical.NodeTestTask.lambda$executeRecursively$9(NodeTestTask.java:139)
	at app//org.junit.platform.engine.support.hierarchical.ThrowableCollector.execute(ThrowableCollector.java:73)
	at app//org.junit.platform.engine.support.hierarchical.NodeTestTask.executeRecursively(NodeTestTask.java:138)
	at app//org.junit.platform.engine.support.hierarchical.NodeTestTask.execute(NodeTestTask.java:95)
	at java.base@11.0.18/java.util.ArrayList.forEach(ArrayList.java:1541)
	at app//org.junit.platform.engine.support.hierarchical.SameThreadHierarchicalTestExecutorService.invokeAll(SameThreadHierarchicalTestExecutorService.java:41)
	at app//org.junit.platform.engine.support.hierarchical.NodeTestTask.lambda$executeRecursively$6(NodeTestTask.java:155)
	at app//org.junit.platform.engine.support.hierarchical.ThrowableCollector.execute(ThrowableCollector.java:73)
	at app//org.junit.platform.engine.support.hierarchical.NodeTestTask.lambda$executeRecursively$8(NodeTestTask.java:141)
	at app//org.junit.platform.engine.support.hierarchical.Node.around(Node.java:137)
	at app//org.junit.platform.engine.support.hierarchical.NodeTestTask.lambda$executeRecursively$9(NodeTestTask.java:139)
	at app//org.junit.platform.engine.support.hierarchical.ThrowableCollector.execute(ThrowableCollector.java:73)
	at app//org.junit.platform.engine.support.hierarchical.NodeTestTask.executeRecursively(NodeTestTask.java:138)
	at app//org.junit.platform.engine.support.hierarchical.NodeTestTask.execute(NodeTestTask.java:95)
	at java.base@11.0.18/java.util.ArrayList.forEach(ArrayList.java:1541)
	at app//org.junit.platform.engine.support.hierarchical.SameThreadHierarchicalTestExecutorService.invokeAll(SameThreadHierarchicalTestExecutorService.java:41)
	at app//org.junit.platform.engine.support.hierarchical.NodeTestTask.lambda$executeRecursively$6(NodeTestTask.java:155)
	at app//org.junit.platform.engine.support.hierarchical.ThrowableCollector.execute(ThrowableCollector.java:73)
	at app//org.junit.platform.engine.support.hierarchical.NodeTestTask.lambda$executeRecursively$8(NodeTestTask.java:141)
	at app//org.junit.platform.engine.support.hierarchical.Node.around(Node.java:137)
	at app//org.junit.platform.engine.support.hierarchical.NodeTestTask.lambda$executeRecursively$9(NodeTestTask.java:139)
	at app//org.junit.platform.engine.support.hierarchical.ThrowableCollector.execute(ThrowableCollector.java:73)
	at app//org.junit.platform.engine.support.hierarchical.NodeTestTask.executeRecursively(NodeTestTask.java:138)
	at app//org.junit.platform.engine.support.hierarchical.NodeTestTask.execute(NodeTestTask.java:95)
	at app//org.junit.platform.engine.support.hierarchical.SameThreadHierarchicalTestExecutorService.submit(SameThreadHierarchicalTestExecutorService.java:35)
	at app//org.junit.platform.engine.support.hierarchical.HierarchicalTestExecutor.execute(HierarchicalTestExecutor.java:57)
	at app//org.junit.platform.engine.support.hierarchical.HierarchicalTestEngine.execute(HierarchicalTestEngine.java:54)
	at app//org.junit.platform.launcher.core.EngineExecutionOrchestrator.execute(EngineExecutionOrchestrator.java:107)
	at app//org.junit.platform.launcher.core.EngineExecutionOrchestrator.execute(EngineExecutionOrchestrator.java:88)
	at app//org.junit.platform.launcher.core.EngineExecutionOrchestrator.lambda$execute$0(EngineExecutionOrchestrator.java:54)
	at app//org.junit.platform.launcher.core.EngineExecutionOrchestrator.withInterceptedStreams(EngineExecutionOrchestrator.java:67)
	at app//org.junit.platform.launcher.core.EngineExecutionOrchestrator.execute(EngineExecutionOrchestrator.java:52)
	at app//org.junit.platform.launcher.core.DefaultLauncher.execute(DefaultLauncher.java:114)
	at app//org.junit.platform.launcher.core.DefaultLauncher.execute(DefaultLauncher.java:86)
	at app//org.junit.platform.launcher.core.DefaultLauncherSession$DelegatingLauncher.execute(DefaultLauncherSession.java:86)
	at org.gradle.api.internal.tasks.testing.junitplatform.JUnitPlatformTestClassProcessor$CollectAllTestClassesExecutor.processAllTestClasses(JUnitPlatformTestClassProcessor.java:110)
	at org.gradle.api.internal.tasks.testing.junitplatform.JUnitPlatformTestClassProcessor$CollectAllTestClassesExecutor.access$000(JUnitPlatformTestClassProcessor.java:90)
	at org.gradle.api.internal.tasks.testing.junitplatform.JUnitPlatformTestClassProcessor.stop(JUnitPlatformTestClassProcessor.java:85)
	at org.gradle.api.internal.tasks.testing.SuiteTestClassProcessor.stop(SuiteTestClassProcessor.java:62)
	at java.base@11.0.18/jdk.internal.reflect.NativeMethodAccessorImpl.invoke0(Native Method)
	at java.base@11.0.18/jdk.internal.reflect.NativeMethodAccessorImpl.invoke(NativeMethodAccessorImpl.java:62)
	at java.base@11.0.18/jdk.internal.reflect.DelegatingMethodAccessorImpl.invoke(DelegatingMethodAccessorImpl.java:43)
	at java.base@11.0.18/java.lang.reflect.Method.invoke(Method.java:566)
	at org.gradle.internal.dispatch.ReflectionDispatch.dispatch(ReflectionDispatch.java:36)
	at org.gradle.internal.dispatch.ReflectionDispatch.dispatch(ReflectionDispatch.java:24)
	at org.gradle.internal.dispatch.ContextClassLoaderDispatch.dispatch(ContextClassLoaderDispatch.java:33)
	at org.gradle.internal.dispatch.ProxyDispatchAdapter$DispatchingInvocationHandler.invoke(ProxyDispatchAdapter.java:94)
	at com.sun.proxy.$Proxy2.stop(Unknown Source)
	at org.gradle.api.internal.tasks.testing.worker.TestWorker$3.run(TestWorker.java:193)
	at org.gradle.api.internal.tasks.testing.worker.TestWorker.executeAndMaintainThreadName(TestWorker.java:129)
	at org.gradle.api.internal.tasks.testing.worker.TestWorker.execute(TestWorker.java:100)
	at org.gradle.api.internal.tasks.testing.worker.TestWorker.execute(TestWorker.java:60)
	at org.gradle.process.internal.worker.child.ActionExecutionWorker.execute(ActionExecutionWorker.java:56)
	at org.gradle.process.internal.worker.child.SystemApplicationClassLoaderWorker.call(SystemApplicationClassLoaderWorker.java:113)
	at org.gradle.process.internal.worker.child.SystemApplicationClassLoaderWorker.call(SystemApplicationClassLoaderWorker.java:65)
	at app//worker.org.gradle.process.internal.worker.GradleWorkerMain.run(GradleWorkerMain.java:69)
	at app//worker.org.gradle.process.internal.worker.GradleWorkerMain.main(GradleWorkerMain.java:74)
Caused by: org.openqa.selenium.NoSuchElementException: no such element: Unable to locate element: {&quot;method&quot;:&quot;xpath&quot;,&quot;selector&quot;:&quot;.//*/text()[normalize-space(translate(string(.), '	
 ', '    ')) = &quot;Неверный формат&quot;]/parent::*&quot;}
  (Session info: chrome=116.0.5845.97)
For documentation on this error, please visit: https://www.selenium.dev/documentation/webdriver/troubleshooting/errors#no-such-element-exception
Build info: version: '4.11.0', revision: '040bc5406b'
System info: os.name: 'Windows 10', os.arch: 'amd64', os.version: '10.0', java.version: '11.0.18'
Driver info: org.openqa.selenium.chrome.ChromeDriver
Command: [f65dbc9b0cace45e057cebc68d280dce, findElement {using=xpath, value=.//*/text()[normalize-space(translate(string(.), '	
 ', '    ')) = &quot;Неверный формат&quot;]/parent::*}]
Capabilities {acceptInsecureCerts: true, browserName: chrome, browserVersion: 116.0.5845.97, chrome: {chromedriverVersion: 116.0.5845.96 (1a3918166880..., userDataDir: C:\Users\admin\AppData\Loca...}, fedcm:accounts: true, goog:chromeOptions: {debuggerAddress: localhost:50836}, networkConnectionEnabled: false, pageLoadStrategy: normal, platformName: windows, proxy: Proxy(), se:cdp: ws://localhost:50836/devtoo..., se:cdpVersion: 116.0.5845.97, setWindowRect: true, strictFileInteractability: false, timeouts: {implicit: 0, pageLoad: 300000, script: 30000}, unhandledPromptBehavior: accept, webauthn:extension:credBlob: true, webauthn:extension:largeBlob: true, webauthn:extension:minPinLength: true, webauthn:extension:prf: true, webauthn:virtualAuthenticators: true}
Session ID: f65dbc9b0cace45e057cebc68d280dce
	at jdk.internal.reflect.GeneratedConstructorAccessor12.newInstance(Unknown Source)
	at java.base@11.0.18/jdk.internal.reflect.DelegatingConstructorAccessorImpl.newInstance(DelegatingConstructorAccessorImpl.java:45)
	at java.base@11.0.18/java.lang.reflect.Constructor.newInstance(Constructor.java:490)
	at app//org.openqa.selenium.remote.codec.w3c.W3CHttpResponseCodec.createException(W3CHttpResponseCodec.java:200)
	at app//org.openqa.selenium.remote.codec.w3c.W3CHttpResponseCodec.decode(W3CHttpResponseCodec.java:133)
	at app//org.openqa.selenium.remote.codec.w3c.W3CHttpResponseCodec.decode(W3CHttpResponseCodec.java:52)
	at app//org.openqa.selenium.remote.HttpCommandExecutor.execute(HttpCommandExecutor.java:191)
	at app//org.openqa.selenium.remote.service.DriverCommandExecutor.invokeExecute(DriverCommandExecutor.java:196)
	at app//org.openqa.selenium.remote.service.DriverCommandExecutor.execute(DriverCommandExecutor.java:171)
	at app//org.openqa.selenium.remote.RemoteWebDriver.execute(RemoteWebDriver.java:518)
	at app//org.openqa.selenium.remote.ElementLocation$ElementFinder$2.findElement(ElementLocation.java:165)
	at app//org.openqa.selenium.remote.ElementLocation.findElement(ElementLocation.java:59)
	at app//org.openqa.selenium.remote.RemoteWebDriver.findElement(RemoteWebDriver.java:355)
	at app//org.openqa.selenium.remote.RemoteWebDriver.findElement(RemoteWebDriver.java:349)
	at app//com.codeborne.selenide.impl.WebElementSelector.findElement(WebElementSelector.java:70)
	at app//com.codeborne.selenide.impl.WebElementSelector.findElement(WebElementSelector.java:44)
	at app//com.codeborne.selenide.impl.WebElementSelector.findElement(WebElementSelector.java:33)
	at app//com.codeborne.selenide.impl.ElementFinder.getWebElement(ElementFinder.java:122)
	at app//com.codeborne.selenide.impl.WebElementSource.checkConditionAndReturnElement(WebElementSource.java:116)
	... 93 more
</failure>
  </testcase>
  <testcase name="creditNegativeOwnerSpecialSymbols()" classname="ru.netology.tests.CreditBuyPaymentTest" time="6.175">
    <failure message="Element not found {by text: Неверный формат}&#13;&#10;Expected: visible&#13;&#10;Screenshot: file:/C:/Users/admin/DiplomQA/build/reports/tests/1692192133985.7.png&#13;&#10;Page source: file:/C:/Users/admin/DiplomQA/build/reports/tests/1692192133985.7.html&#13;&#10;Timeout: 4 s.&#13;&#10;Caused by: NoSuchElementException: no such element: Unable to locate element: {&quot;method&quot;:&quot;xpath&quot;,&quot;selector&quot;:&quot;.//*/text()[normalize-space(translate(string(.), '" type="com.codeborne.selenide.ex.ElementNotFound">Element not found {by text: Неверный формат}
Expected: visible
Screenshot: file:/C:/Users/admin/DiplomQA/build/reports/tests/1692192133985.7.png
Page source: file:/C:/Users/admin/DiplomQA/build/reports/tests/1692192133985.7.html
Timeout: 4 s.
Caused by: NoSuchElementException: no such element: Unable to locate element: {&quot;method&quot;:&quot;xpath&quot;,&quot;selector&quot;:&quot;.//*/text()[normalize-space(translate(string(.), '
	at app//com.codeborne.selenide.impl.WebElementSource.createElementNotFoundError(WebElementSource.java:91)
	at app//com.codeborne.selenide.impl.ElementFinder.createElementNotFoundError(ElementFinder.java:142)
	at app//com.codeborne.selenide.impl.WebElementSource.handleError(WebElementSource.java:143)
	at app//com.codeborne.selenide.impl.WebElementSource.checkConditionAndReturnElement(WebElementSource.java:127)
	at app//com.codeborne.selenide.impl.WebElementSource.checkCondition(WebElementSource.java:104)
	at app//com.codeborne.selenide.commands.Should.execute(Should.java:30)
	at app//com.codeborne.selenide.commands.Should.execute(Should.java:14)
	at app//com.codeborne.selenide.commands.Commands.execute(Commands.java:163)
	at app//com.codeborne.selenide.impl.SelenideElementProxy.dispatchAndRetry(SelenideElementProxy.java:132)
	at app//com.codeborne.selenide.impl.SelenideElementProxy.invoke(SelenideElementProxy.java:84)
	at app//com.sun.proxy.$Proxy16.shouldBe(Unknown Source)
	at app//ru.netology.gates.CreditBuyPayment.waitNotificationWrongFormat(CreditBuyPayment.java:56)
	at app//ru.netology.tests.CreditBuyPaymentTest.creditNegativeOwnerSpecialSymbols(CreditBuyPaymentTest.java:215)
	at java.base@11.0.18/jdk.internal.reflect.NativeMethodAccessorImpl.invoke0(Native Method)
	at java.base@11.0.18/jdk.internal.reflect.NativeMethodAccessorImpl.invoke(NativeMethodAccessorImpl.java:62)
	at java.base@11.0.18/jdk.internal.reflect.DelegatingMethodAccessorImpl.invoke(DelegatingMethodAccessorImpl.java:43)
	at java.base@11.0.18/java.lang.reflect.Method.invoke(Method.java:566)
	at app//org.junit.platform.commons.util.ReflectionUtils.invokeMethod(ReflectionUtils.java:727)
	at app//org.junit.jupiter.engine.execution.MethodInvocation.proceed(MethodInvocation.java:60)
	at app//org.junit.jupiter.engine.execution.InvocationInterceptorChain$ValidatingInvocation.proceed(InvocationInterceptorChain.java:131)
	at app//org.junit.jupiter.engine.extension.TimeoutExtension.intercept(TimeoutExtension.java:156)
	at app//org.junit.jupiter.engine.extension.TimeoutExtension.interceptTestableMethod(TimeoutExtension.java:147)
	at app//org.junit.jupiter.engine.extension.TimeoutExtension.interceptTestMethod(TimeoutExtension.java:86)
	at app//org.junit.jupiter.engine.execution.InterceptingExecutableInvoker$ReflectiveInterceptorCall.lambda$ofVoidMethod$0(InterceptingExecutableInvoker.java:103)
	at app//org.junit.jupiter.engine.execution.InterceptingExecutableInvoker.lambda$invoke$0(InterceptingExecutableInvoker.java:93)
	at app//org.junit.jupiter.engine.execution.InvocationInterceptorChain$InterceptedInvocation.proceed(InvocationInterceptorChain.java:106)
	at app//org.junit.jupiter.engine.execution.InvocationInterceptorChain.proceed(InvocationInterceptorChain.java:64)
	at app//org.junit.jupiter.engine.execution.InvocationInterceptorChain.chainAndInvoke(InvocationInterceptorChain.java:45)
	at app//org.junit.jupiter.engine.execution.InvocationInterceptorChain.invoke(InvocationInterceptorChain.java:37)
	at app//org.junit.jupiter.engine.execution.InterceptingExecutableInvoker.invoke(InterceptingExecutableInvoker.java:92)
	at app//org.junit.jupiter.engine.execution.InterceptingExecutableInvoker.invoke(InterceptingExecutableInvoker.java:86)
	at app//org.junit.jupiter.engine.descriptor.TestMethodTestDescriptor.lambda$invokeTestMethod$7(TestMethodTestDescriptor.java:217)
	at app//org.junit.platform.engine.support.hierarchical.ThrowableCollector.execute(ThrowableCollector.java:73)
	at app//org.junit.jupiter.engine.descriptor.TestMethodTestDescriptor.invokeTestMethod(TestMethodTestDescriptor.java:213)
	at app//org.junit.jupiter.engine.descriptor.TestMethodTestDescriptor.execute(TestMethodTestDescriptor.java:138)
	at app//org.junit.jupiter.engine.descriptor.TestMethodTestDescriptor.execute(TestMethodTestDescriptor.java:68)
	at app//org.junit.platform.engine.support.hierarchical.NodeTestTask.lambda$executeRecursively$6(NodeTestTask.java:151)
	at app//org.junit.platform.engine.support.hierarchical.ThrowableCollector.execute(ThrowableCollector.java:73)
	at app//org.junit.platform.engine.support.hierarchical.NodeTestTask.lambda$executeRecursively$8(NodeTestTask.java:141)
	at app//org.junit.platform.engine.support.hierarchical.Node.around(Node.java:137)
	at app//org.junit.platform.engine.support.hierarchical.NodeTestTask.lambda$executeRecursively$9(NodeTestTask.java:139)
	at app//org.junit.platform.engine.support.hierarchical.ThrowableCollector.execute(ThrowableCollector.java:73)
	at app//org.junit.platform.engine.support.hierarchical.NodeTestTask.executeRecursively(NodeTestTask.java:138)
	at app//org.junit.platform.engine.support.hierarchical.NodeTestTask.execute(NodeTestTask.java:95)
	at java.base@11.0.18/java.util.ArrayList.forEach(ArrayList.java:1541)
	at app//org.junit.platform.engine.support.hierarchical.SameThreadHierarchicalTestExecutorService.invokeAll(SameThreadHierarchicalTestExecutorService.java:41)
	at app//org.junit.platform.engine.support.hierarchical.NodeTestTask.lambda$executeRecursively$6(NodeTestTask.java:155)
	at app//org.junit.platform.engine.support.hierarchical.ThrowableCollector.execute(ThrowableCollector.java:73)
	at app//org.junit.platform.engine.support.hierarchical.NodeTestTask.lambda$executeRecursively$8(NodeTestTask.java:141)
	at app//org.junit.platform.engine.support.hierarchical.Node.around(Node.java:137)
	at app//org.junit.platform.engine.support.hierarchical.NodeTestTask.lambda$executeRecursively$9(NodeTestTask.java:139)
	at app//org.junit.platform.engine.support.hierarchical.ThrowableCollector.execute(ThrowableCollector.java:73)
	at app//org.junit.platform.engine.support.hierarchical.NodeTestTask.executeRecursively(NodeTestTask.java:138)
	at app//org.junit.platform.engine.support.hierarchical.NodeTestTask.execute(NodeTestTask.java:95)
	at java.base@11.0.18/java.util.ArrayList.forEach(ArrayList.java:1541)
	at app//org.junit.platform.engine.support.hierarchical.SameThreadHierarchicalTestExecutorService.invokeAll(SameThreadHierarchicalTestExecutorService.java:41)
	at app//org.junit.platform.engine.support.hierarchical.NodeTestTask.lambda$executeRecursively$6(NodeTestTask.java:155)
	at app//org.junit.platform.engine.support.hierarchical.ThrowableCollector.execute(ThrowableCollector.java:73)
	at app//org.junit.platform.engine.support.hierarchical.NodeTestTask.lambda$executeRecursively$8(NodeTestTask.java:141)
	at app//org.junit.platform.engine.support.hierarchical.Node.around(Node.java:137)
	at app//org.junit.platform.engine.support.hierarchical.NodeTestTask.lambda$executeRecursively$9(NodeTestTask.java:139)
	at app//org.junit.platform.engine.support.hierarchical.ThrowableCollector.execute(ThrowableCollector.java:73)
	at app//org.junit.platform.engine.support.hierarchical.NodeTestTask.executeRecursively(NodeTestTask.java:138)
	at app//org.junit.platform.engine.support.hierarchical.NodeTestTask.execute(NodeTestTask.java:95)
	at app//org.junit.platform.engine.support.hierarchical.SameThreadHierarchicalTestExecutorService.submit(SameThreadHierarchicalTestExecutorService.java:35)
	at app//org.junit.platform.engine.support.hierarchical.HierarchicalTestExecutor.execute(HierarchicalTestExecutor.java:57)
	at app//org.junit.platform.engine.support.hierarchical.HierarchicalTestEngine.execute(HierarchicalTestEngine.java:54)
	at app//org.junit.platform.launcher.core.EngineExecutionOrchestrator.execute(EngineExecutionOrchestrator.java:107)
	at app//org.junit.platform.launcher.core.EngineExecutionOrchestrator.execute(EngineExecutionOrchestrator.java:88)
	at app//org.junit.platform.launcher.core.EngineExecutionOrchestrator.lambda$execute$0(EngineExecutionOrchestrator.java:54)
	at app//org.junit.platform.launcher.core.EngineExecutionOrchestrator.withInterceptedStreams(EngineExecutionOrchestrator.java:67)
	at app//org.junit.platform.launcher.core.EngineExecutionOrchestrator.execute(EngineExecutionOrchestrator.java:52)
	at app//org.junit.platform.launcher.core.DefaultLauncher.execute(DefaultLauncher.java:114)
	at app//org.junit.platform.launcher.core.DefaultLauncher.execute(DefaultLauncher.java:86)
	at app//org.junit.platform.launcher.core.DefaultLauncherSession$DelegatingLauncher.execute(DefaultLauncherSession.java:86)
	at org.gradle.api.internal.tasks.testing.junitplatform.JUnitPlatformTestClassProcessor$CollectAllTestClassesExecutor.processAllTestClasses(JUnitPlatformTestClassProcessor.java:110)
	at org.gradle.api.internal.tasks.testing.junitplatform.JUnitPlatformTestClassProcessor$CollectAllTestClassesExecutor.access$000(JUnitPlatformTestClassProcessor.java:90)
	at org.gradle.api.internal.tasks.testing.junitplatform.JUnitPlatformTestClassProcessor.stop(JUnitPlatformTestClassProcessor.java:85)
	at org.gradle.api.internal.tasks.testing.SuiteTestClassProcessor.stop(SuiteTestClassProcessor.java:62)
	at java.base@11.0.18/jdk.internal.reflect.NativeMethodAccessorImpl.invoke0(Native Method)
	at java.base@11.0.18/jdk.internal.reflect.NativeMethodAccessorImpl.invoke(NativeMethodAccessorImpl.java:62)
	at java.base@11.0.18/jdk.internal.reflect.DelegatingMethodAccessorImpl.invoke(DelegatingMethodAccessorImpl.java:43)
	at java.base@11.0.18/java.lang.reflect.Method.invoke(Method.java:566)
	at org.gradle.internal.dispatch.ReflectionDispatch.dispatch(ReflectionDispatch.java:36)
	at org.gradle.internal.dispatch.ReflectionDispatch.dispatch(ReflectionDispatch.java:24)
	at org.gradle.internal.dispatch.ContextClassLoaderDispatch.dispatch(ContextClassLoaderDispatch.java:33)
	at org.gradle.internal.dispatch.ProxyDispatchAdapter$DispatchingInvocationHandler.invoke(ProxyDispatchAdapter.java:94)
	at com.sun.proxy.$Proxy2.stop(Unknown Source)
	at org.gradle.api.internal.tasks.testing.worker.TestWorker$3.run(TestWorker.java:193)
	at org.gradle.api.internal.tasks.testing.worker.TestWorker.executeAndMaintainThreadName(TestWorker.java:129)
	at org.gradle.api.internal.tasks.testing.worker.TestWorker.execute(TestWorker.java:100)
	at org.gradle.api.internal.tasks.testing.worker.TestWorker.execute(TestWorker.java:60)
	at org.gradle.process.internal.worker.child.ActionExecutionWorker.execute(ActionExecutionWorker.java:56)
	at org.gradle.process.internal.worker.child.SystemApplicationClassLoaderWorker.call(SystemApplicationClassLoaderWorker.java:113)
	at org.gradle.process.internal.worker.child.SystemApplicationClassLoaderWorker.call(SystemApplicationClassLoaderWorker.java:65)
	at app//worker.org.gradle.process.internal.worker.GradleWorkerMain.run(GradleWorkerMain.java:69)
	at app//worker.org.gradle.process.internal.worker.GradleWorkerMain.main(GradleWorkerMain.java:74)
Caused by: org.openqa.selenium.NoSuchElementException: no such element: Unable to locate element: {&quot;method&quot;:&quot;xpath&quot;,&quot;selector&quot;:&quot;.//*/text()[normalize-space(translate(string(.), '	
 ', '    ')) = &quot;Неверный формат&quot;]/parent::*&quot;}
  (Session info: chrome=116.0.5845.97)
For documentation on this error, please visit: https://www.selenium.dev/documentation/webdriver/troubleshooting/errors#no-such-element-exception
Build info: version: '4.11.0', revision: '040bc5406b'
System info: os.name: 'Windows 10', os.arch: 'amd64', os.version: '10.0', java.version: '11.0.18'
Driver info: org.openqa.selenium.chrome.ChromeDriver
Command: [f65dbc9b0cace45e057cebc68d280dce, findElement {using=xpath, value=.//*/text()[normalize-space(translate(string(.), '	
 ', '    ')) = &quot;Неверный формат&quot;]/parent::*}]
Capabilities {acceptInsecureCerts: true, browserName: chrome, browserVersion: 116.0.5845.97, chrome: {chromedriverVersion: 116.0.5845.96 (1a3918166880..., userDataDir: C:\Users\admin\AppData\Loca...}, fedcm:accounts: true, goog:chromeOptions: {debuggerAddress: localhost:50836}, networkConnectionEnabled: false, pageLoadStrategy: normal, platformName: windows, proxy: Proxy(), se:cdp: ws://localhost:50836/devtoo..., se:cdpVersion: 116.0.5845.97, setWindowRect: true, strictFileInteractability: false, timeouts: {implicit: 0, pageLoad: 300000, script: 30000}, unhandledPromptBehavior: accept, webauthn:extension:credBlob: true, webauthn:extension:largeBlob: true, webauthn:extension:minPinLength: true, webauthn:extension:prf: true, webauthn:virtualAuthenticators: true}
Session ID: f65dbc9b0cace45e057cebc68d280dce
	at jdk.internal.reflect.GeneratedConstructorAccessor12.newInstance(Unknown Source)
	at java.base@11.0.18/jdk.internal.reflect.DelegatingConstructorAccessorImpl.newInstance(DelegatingConstructorAccessorImpl.java:45)
	at java.base@11.0.18/java.lang.reflect.Constructor.newInstance(Constructor.java:490)
	at app//org.openqa.selenium.remote.codec.w3c.W3CHttpResponseCodec.createException(W3CHttpResponseCodec.java:200)
	at app//org.openqa.selenium.remote.codec.w3c.W3CHttpResponseCodec.decode(W3CHttpResponseCodec.java:133)
	at app//org.openqa.selenium.remote.codec.w3c.W3CHttpResponseCodec.decode(W3CHttpResponseCodec.java:52)
	at app//org.openqa.selenium.remote.HttpCommandExecutor.execute(HttpCommandExecutor.java:191)
	at app//org.openqa.selenium.remote.service.DriverCommandExecutor.invokeExecute(DriverCommandExecutor.java:196)
	at app//org.openqa.selenium.remote.service.DriverCommandExecutor.execute(DriverCommandExecutor.java:171)
	at app//org.openqa.selenium.remote.RemoteWebDriver.execute(RemoteWebDriver.java:518)
	at app//org.openqa.selenium.remote.ElementLocation$ElementFinder$2.findElement(ElementLocation.java:165)
	at app//org.openqa.selenium.remote.ElementLocation.findElement(ElementLocation.java:59)
	at app//org.openqa.selenium.remote.RemoteWebDriver.findElement(RemoteWebDriver.java:355)
	at app//org.openqa.selenium.remote.RemoteWebDriver.findElement(RemoteWebDriver.java:349)
	at app//com.codeborne.selenide.impl.WebElementSelector.findElement(WebElementSelector.java:70)
	at app//com.codeborne.selenide.impl.WebElementSelector.findElement(WebElementSelector.java:44)
	at app//com.codeborne.selenide.impl.WebElementSelector.findElement(WebElementSelector.java:33)
	at app//com.codeborne.selenide.impl.ElementFinder.getWebElement(ElementFinder.java:122)
	at app//com.codeborne.selenide.impl.WebElementSource.checkConditionAndReturnElement(WebElementSource.java:116)
	... 93 more
</failure>
  </testcase>
  <testcase name="creditNegativeYearUnderThisYear()" classname="ru.netology.tests.CreditBuyPaymentTest" time="3.386"/>
  <testcase name="creditNegativeOwnerNumeric()" classname="ru.netology.tests.CreditBuyPaymentTest" time="6.782">
    <failure message="Element not found {by text: Неверный формат}&#13;&#10;Expected: visible&#13;&#10;Screenshot: file:/C:/Users/admin/DiplomQA/build/reports/tests/1692192144905.8.png&#13;&#10;Page source: file:/C:/Users/admin/DiplomQA/build/reports/tests/1692192144905.8.html&#13;&#10;Timeout: 4 s.&#13;&#10;Caused by: NoSuchElementException: no such element: Unable to locate element: {&quot;method&quot;:&quot;xpath&quot;,&quot;selector&quot;:&quot;.//*/text()[normalize-space(translate(string(.), '" type="com.codeborne.selenide.ex.ElementNotFound">Element not found {by text: Неверный формат}
Expected: visible
Screenshot: file:/C:/Users/admin/DiplomQA/build/reports/tests/1692192144905.8.png
Page source: file:/C:/Users/admin/DiplomQA/build/reports/tests/1692192144905.8.html
Timeout: 4 s.
Caused by: NoSuchElementException: no such element: Unable to locate element: {&quot;method&quot;:&quot;xpath&quot;,&quot;selector&quot;:&quot;.//*/text()[normalize-space(translate(string(.), '
	at app//com.codeborne.selenide.impl.WebElementSource.createElementNotFoundError(WebElementSource.java:91)
	at app//com.codeborne.selenide.impl.ElementFinder.createElementNotFoundError(ElementFinder.java:142)
	at app//com.codeborne.selenide.impl.WebElementSource.handleError(WebElementSource.java:143)
	at app//com.codeborne.selenide.impl.WebElementSource.checkConditionAndReturnElement(WebElementSource.java:127)
	at app//com.codeborne.selenide.impl.WebElementSource.checkCondition(WebElementSource.java:104)
	at app//com.codeborne.selenide.commands.Should.execute(Should.java:30)
	at app//com.codeborne.selenide.commands.Should.execute(Should.java:14)
	at app//com.codeborne.selenide.commands.Commands.execute(Commands.java:163)
	at app//com.codeborne.selenide.impl.SelenideElementProxy.dispatchAndRetry(SelenideElementProxy.java:132)
	at app//com.codeborne.selenide.impl.SelenideElementProxy.invoke(SelenideElementProxy.java:84)
	at app//com.sun.proxy.$Proxy16.shouldBe(Unknown Source)
	at app//ru.netology.gates.CreditBuyPayment.waitNotificationWrongFormat(CreditBuyPayment.java:56)
	at app//ru.netology.tests.CreditBuyPaymentTest.creditNegativeOwnerNumeric(CreditBuyPaymentTest.java:205)
	at java.base@11.0.18/jdk.internal.reflect.NativeMethodAccessorImpl.invoke0(Native Method)
	at java.base@11.0.18/jdk.internal.reflect.NativeMethodAccessorImpl.invoke(NativeMethodAccessorImpl.java:62)
	at java.base@11.0.18/jdk.internal.reflect.DelegatingMethodAccessorImpl.invoke(DelegatingMethodAccessorImpl.java:43)
	at java.base@11.0.18/java.lang.reflect.Method.invoke(Method.java:566)
	at app//org.junit.platform.commons.util.ReflectionUtils.invokeMethod(ReflectionUtils.java:727)
	at app//org.junit.jupiter.engine.execution.MethodInvocation.proceed(MethodInvocation.java:60)
	at app//org.junit.jupiter.engine.execution.InvocationInterceptorChain$ValidatingInvocation.proceed(InvocationInterceptorChain.java:131)
	at app//org.junit.jupiter.engine.extension.TimeoutExtension.intercept(TimeoutExtension.java:156)
	at app//org.junit.jupiter.engine.extension.TimeoutExtension.interceptTestableMethod(TimeoutExtension.java:147)
	at app//org.junit.jupiter.engine.extension.TimeoutExtension.interceptTestMethod(TimeoutExtension.java:86)
	at app//org.junit.jupiter.engine.execution.InterceptingExecutableInvoker$ReflectiveInterceptorCall.lambda$ofVoidMethod$0(InterceptingExecutableInvoker.java:103)
	at app//org.junit.jupiter.engine.execution.InterceptingExecutableInvoker.lambda$invoke$0(InterceptingExecutableInvoker.java:93)
	at app//org.junit.jupiter.engine.execution.InvocationInterceptorChain$InterceptedInvocation.proceed(InvocationInterceptorChain.java:106)
	at app//org.junit.jupiter.engine.execution.InvocationInterceptorChain.proceed(InvocationInterceptorChain.java:64)
	at app//org.junit.jupiter.engine.execution.InvocationInterceptorChain.chainAndInvoke(InvocationInterceptorChain.java:45)
	at app//org.junit.jupiter.engine.execution.InvocationInterceptorChain.invoke(InvocationInterceptorChain.java:37)
	at app//org.junit.jupiter.engine.execution.InterceptingExecutableInvoker.invoke(InterceptingExecutableInvoker.java:92)
	at app//org.junit.jupiter.engine.execution.InterceptingExecutableInvoker.invoke(InterceptingExecutableInvoker.java:86)
	at app//org.junit.jupiter.engine.descriptor.TestMethodTestDescriptor.lambda$invokeTestMethod$7(TestMethodTestDescriptor.java:217)
	at app//org.junit.platform.engine.support.hierarchical.ThrowableCollector.execute(ThrowableCollector.java:73)
	at app//org.junit.jupiter.engine.descriptor.TestMethodTestDescriptor.invokeTestMethod(TestMethodTestDescriptor.java:213)
	at app//org.junit.jupiter.engine.descriptor.TestMethodTestDescriptor.execute(TestMethodTestDescriptor.java:138)
	at app//org.junit.jupiter.engine.descriptor.TestMethodTestDescriptor.execute(TestMethodTestDescriptor.java:68)
	at app//org.junit.platform.engine.support.hierarchical.NodeTestTask.lambda$executeRecursively$6(NodeTestTask.java:151)
	at app//org.junit.platform.engine.support.hierarchical.ThrowableCollector.execute(ThrowableCollector.java:73)
	at app//org.junit.platform.engine.support.hierarchical.NodeTestTask.lambda$executeRecursively$8(NodeTestTask.java:141)
	at app//org.junit.platform.engine.support.hierarchical.Node.around(Node.java:137)
	at app//org.junit.platform.engine.support.hierarchical.NodeTestTask.lambda$executeRecursively$9(NodeTestTask.java:139)
	at app//org.junit.platform.engine.support.hierarchical.ThrowableCollector.execute(ThrowableCollector.java:73)
	at app//org.junit.platform.engine.support.hierarchical.NodeTestTask.executeRecursively(NodeTestTask.java:138)
	at app//org.junit.platform.engine.support.hierarchical.NodeTestTask.execute(NodeTestTask.java:95)
	at java.base@11.0.18/java.util.ArrayList.forEach(ArrayList.java:1541)
	at app//org.junit.platform.engine.support.hierarchical.SameThreadHierarchicalTestExecutorService.invokeAll(SameThreadHierarchicalTestExecutorService.java:41)
	at app//org.junit.platform.engine.support.hierarchical.NodeTestTask.lambda$executeRecursively$6(NodeTestTask.java:155)
	at app//org.junit.platform.engine.support.hierarchical.ThrowableCollector.execute(ThrowableCollector.java:73)
	at app//org.junit.platform.engine.support.hierarchical.NodeTestTask.lambda$executeRecursively$8(NodeTestTask.java:141)
	at app//org.junit.platform.engine.support.hierarchical.Node.around(Node.java:137)
	at app//org.junit.platform.engine.support.hierarchical.NodeTestTask.lambda$executeRecursively$9(NodeTestTask.java:139)
	at app//org.junit.platform.engine.support.hierarchical.ThrowableCollector.execute(ThrowableCollector.java:73)
	at app//org.junit.platform.engine.support.hierarchical.NodeTestTask.executeRecursively(NodeTestTask.java:138)
	at app//org.junit.platform.engine.support.hierarchical.NodeTestTask.execute(NodeTestTask.java:95)
	at java.base@11.0.18/java.util.ArrayList.forEach(ArrayList.java:1541)
	at app//org.junit.platform.engine.support.hierarchical.SameThreadHierarchicalTestExecutorService.invokeAll(SameThreadHierarchicalTestExecutorService.java:41)
	at app//org.junit.platform.engine.support.hierarchical.NodeTestTask.lambda$executeRecursively$6(NodeTestTask.java:155)
	at app//org.junit.platform.engine.support.hierarchical.ThrowableCollector.execute(ThrowableCollector.java:73)
	at app//org.junit.platform.engine.support.hierarchical.NodeTestTask.lambda$executeRecursively$8(NodeTestTask.java:141)
	at app//org.junit.platform.engine.support.hierarchical.Node.around(Node.java:137)
	at app//org.junit.platform.engine.support.hierarchical.NodeTestTask.lambda$executeRecursively$9(NodeTestTask.java:139)
	at app//org.junit.platform.engine.support.hierarchical.ThrowableCollector.execute(ThrowableCollector.java:73)
	at app//org.junit.platform.engine.support.hierarchical.NodeTestTask.executeRecursively(NodeTestTask.java:138)
	at app//org.junit.platform.engine.support.hierarchical.NodeTestTask.execute(NodeTestTask.java:95)
	at app//org.junit.platform.engine.support.hierarchical.SameThreadHierarchicalTestExecutorService.submit(SameThreadHierarchicalTestExecutorService.java:35)
	at app//org.junit.platform.engine.support.hierarchical.HierarchicalTestExecutor.execute(HierarchicalTestExecutor.java:57)
	at app//org.junit.platform.engine.support.hierarchical.HierarchicalTestEngine.execute(HierarchicalTestEngine.java:54)
	at app//org.junit.platform.launcher.core.EngineExecutionOrchestrator.execute(EngineExecutionOrchestrator.java:107)
	at app//org.junit.platform.launcher.core.EngineExecutionOrchestrator.execute(EngineExecutionOrchestrator.java:88)
	at app//org.junit.platform.launcher.core.EngineExecutionOrchestrator.lambda$execute$0(EngineExecutionOrchestrator.java:54)
	at app//org.junit.platform.launcher.core.EngineExecutionOrchestrator.withInterceptedStreams(EngineExecutionOrchestrator.java:67)
	at app//org.junit.platform.launcher.core.EngineExecutionOrchestrator.execute(EngineExecutionOrchestrator.java:52)
	at app//org.junit.platform.launcher.core.DefaultLauncher.execute(DefaultLauncher.java:114)
	at app//org.junit.platform.launcher.core.DefaultLauncher.execute(DefaultLauncher.java:86)
	at app//org.junit.platform.launcher.core.DefaultLauncherSession$DelegatingLauncher.execute(DefaultLauncherSession.java:86)
	at org.gradle.api.internal.tasks.testing.junitplatform.JUnitPlatformTestClassProcessor$CollectAllTestClassesExecutor.processAllTestClasses(JUnitPlatformTestClassProcessor.java:110)
	at org.gradle.api.internal.tasks.testing.junitplatform.JUnitPlatformTestClassProcessor$CollectAllTestClassesExecutor.access$000(JUnitPlatformTestClassProcessor.java:90)
	at org.gradle.api.internal.tasks.testing.junitplatform.JUnitPlatformTestClassProcessor.stop(JUnitPlatformTestClassProcessor.java:85)
	at org.gradle.api.internal.tasks.testing.SuiteTestClassProcessor.stop(SuiteTestClassProcessor.java:62)
	at java.base@11.0.18/jdk.internal.reflect.NativeMethodAccessorImpl.invoke0(Native Method)
	at java.base@11.0.18/jdk.internal.reflect.NativeMethodAccessorImpl.invoke(NativeMethodAccessorImpl.java:62)
	at java.base@11.0.18/jdk.internal.reflect.DelegatingMethodAccessorImpl.invoke(DelegatingMethodAccessorImpl.java:43)
	at java.base@11.0.18/java.lang.reflect.Method.invoke(Method.java:566)
	at org.gradle.internal.dispatch.ReflectionDispatch.dispatch(ReflectionDispatch.java:36)
	at org.gradle.internal.dispatch.ReflectionDispatch.dispatch(ReflectionDispatch.java:24)
	at org.gradle.internal.dispatch.ContextClassLoaderDispatch.dispatch(ContextClassLoaderDispatch.java:33)
	at org.gradle.internal.dispatch.ProxyDispatchAdapter$DispatchingInvocationHandler.invoke(ProxyDispatchAdapter.java:94)
	at com.sun.proxy.$Proxy2.stop(Unknown Source)
	at org.gradle.api.internal.tasks.testing.worker.TestWorker$3.run(TestWorker.java:193)
	at org.gradle.api.internal.tasks.testing.worker.TestWorker.executeAndMaintainThreadName(TestWorker.java:129)
	at org.gradle.api.internal.tasks.testing.worker.TestWorker.execute(TestWorker.java:100)
	at org.gradle.api.internal.tasks.testing.worker.TestWorker.execute(TestWorker.java:60)
	at org.gradle.process.internal.worker.child.ActionExecutionWorker.execute(ActionExecutionWorker.java:56)
	at org.gradle.process.internal.worker.child.SystemApplicationClassLoaderWorker.call(SystemApplicationClassLoaderWorker.java:113)
	at org.gradle.process.internal.worker.child.SystemApplicationClassLoaderWorker.call(SystemApplicationClassLoaderWorker.java:65)
	at app//worker.org.gradle.process.internal.worker.GradleWorkerMain.run(GradleWorkerMain.java:69)
	at app//worker.org.gradle.process.internal.worker.GradleWorkerMain.main(GradleWorkerMain.java:74)
Caused by: org.openqa.selenium.NoSuchElementException: no such element: Unable to locate element: {&quot;method&quot;:&quot;xpath&quot;,&quot;selector&quot;:&quot;.//*/text()[normalize-space(translate(string(.), '	
 ', '    ')) = &quot;Неверный формат&quot;]/parent::*&quot;}
  (Session info: chrome=116.0.5845.97)
For documentation on this error, please visit: https://www.selenium.dev/documentation/webdriver/troubleshooting/errors#no-such-element-exception
Build info: version: '4.11.0', revision: '040bc5406b'
System info: os.name: 'Windows 10', os.arch: 'amd64', os.version: '10.0', java.version: '11.0.18'
Driver info: org.openqa.selenium.chrome.ChromeDriver
Command: [f65dbc9b0cace45e057cebc68d280dce, findElement {using=xpath, value=.//*/text()[normalize-space(translate(string(.), '	
 ', '    ')) = &quot;Неверный формат&quot;]/parent::*}]
Capabilities {acceptInsecureCerts: true, browserName: chrome, browserVersion: 116.0.5845.97, chrome: {chromedriverVersion: 116.0.5845.96 (1a3918166880..., userDataDir: C:\Users\admin\AppData\Loca...}, fedcm:accounts: true, goog:chromeOptions: {debuggerAddress: localhost:50836}, networkConnectionEnabled: false, pageLoadStrategy: normal, platformName: windows, proxy: Proxy(), se:cdp: ws://localhost:50836/devtoo..., se:cdpVersion: 116.0.5845.97, setWindowRect: true, strictFileInteractability: false, timeouts: {implicit: 0, pageLoad: 300000, script: 30000}, unhandledPromptBehavior: accept, webauthn:extension:credBlob: true, webauthn:extension:largeBlob: true, webauthn:extension:minPinLength: true, webauthn:extension:prf: true, webauthn:virtualAuthenticators: true}
Session ID: f65dbc9b0cace45e057cebc68d280dce
	at jdk.internal.reflect.GeneratedConstructorAccessor12.newInstance(Unknown Source)
	at java.base@11.0.18/jdk.internal.reflect.DelegatingConstructorAccessorImpl.newInstance(DelegatingConstructorAccessorImpl.java:45)
	at java.base@11.0.18/java.lang.reflect.Constructor.newInstance(Constructor.java:490)
	at app//org.openqa.selenium.remote.codec.w3c.W3CHttpResponseCodec.createException(W3CHttpResponseCodec.java:200)
	at app//org.openqa.selenium.remote.codec.w3c.W3CHttpResponseCodec.decode(W3CHttpResponseCodec.java:133)
	at app//org.openqa.selenium.remote.codec.w3c.W3CHttpResponseCodec.decode(W3CHttpResponseCodec.java:52)
	at app//org.openqa.selenium.remote.HttpCommandExecutor.execute(HttpCommandExecutor.java:191)
	at app//org.openqa.selenium.remote.service.DriverCommandExecutor.invokeExecute(DriverCommandExecutor.java:196)
	at app//org.openqa.selenium.remote.service.DriverCommandExecutor.execute(DriverCommandExecutor.java:171)
	at app//org.openqa.selenium.remote.RemoteWebDriver.execute(RemoteWebDriver.java:518)
	at app//org.openqa.selenium.remote.ElementLocation$ElementFinder$2.findElement(ElementLocation.java:165)
	at app//org.openqa.selenium.remote.ElementLocation.findElement(ElementLocation.java:59)
	at app//org.openqa.selenium.remote.RemoteWebDriver.findElement(RemoteWebDriver.java:355)
	at app//org.openqa.selenium.remote.RemoteWebDriver.findElement(RemoteWebDriver.java:349)
	at app//com.codeborne.selenide.impl.WebElementSelector.findElement(WebElementSelector.java:70)
	at app//com.codeborne.selenide.impl.WebElementSelector.findElement(WebElementSelector.java:44)
	at app//com.codeborne.selenide.impl.WebElementSelector.findElement(WebElementSelector.java:33)
	at app//com.codeborne.selenide.impl.ElementFinder.getWebElement(ElementFinder.java:122)
	at app//com.codeborne.selenide.impl.WebElementSource.checkConditionAndReturnElement(WebElementSource.java:116)
	... 93 more
</failure>
  </testcase>
  <testcase name="buyNegativeYear00()" classname="ru.netology.tests.CreditBuyPaymentTest" time="1.997"/>
  <testcase name="creditNegativeCardNotInDatabase()" classname="ru.netology.tests.CreditBuyPaymentTest" time="6.679"/>
  <testcase name="creditNegativeMonth00ThisYear()" classname="ru.netology.tests.CreditBuyPaymentTest" time="2.019"/>
  <testcase name="creditNegativeYearOverThisYearOn6()" classname="ru.netology.tests.CreditBuyPaymentTest" time="1.94"/>
  <testcase name="creditPositiveAllFieldValidDeclined()" classname="ru.netology.tests.CreditBuyPaymentTest" time="16.977">
    <failure message="Element should be visible {by text: Ошибка! Банк отказал в проведении операции.}&#13;&#10;Element: '&lt;div class=&quot;notification__content&quot; displayed:false&gt;&lt;/div&gt;'&#13;&#10;Actual value: hidden&#13;&#10;Screenshot: file:/C:/Users/admin/DiplomQA/build/reports/tests/1692192176473.9.png&#13;&#10;Page source: file:/C:/Users/admin/DiplomQA/build/reports/tests/1692192176473.9.html&#13;&#10;Timeout: 15 s." type="com.codeborne.selenide.ex.ElementShould">Element should be visible {by text: Ошибка! Банк отказал в проведении операции.}
Element: '&lt;div class=&quot;notification__content&quot; displayed:false&gt;&lt;/div&gt;'
Actual value: hidden
Screenshot: file:/C:/Users/admin/DiplomQA/build/reports/tests/1692192176473.9.png
Page source: file:/C:/Users/admin/DiplomQA/build/reports/tests/1692192176473.9.html
Timeout: 15 s.
	at app//com.codeborne.selenide.impl.WebElementSource.handleError(WebElementSource.java:149)
	at app//com.codeborne.selenide.impl.WebElementSource.checkConditionAndReturnElement(WebElementSource.java:127)
	at app//com.codeborne.selenide.impl.WebElementSource.checkCondition(WebElementSource.java:104)
	at app//com.codeborne.selenide.commands.Should.execute(Should.java:30)
	at app//com.codeborne.selenide.commands.Should.execute(Should.java:14)
	at app//com.codeborne.selenide.commands.Commands.execute(Commands.java:163)
	at app//com.codeborne.selenide.impl.SelenideElementProxy.dispatchAndRetry(SelenideElementProxy.java:132)
	at app//com.codeborne.selenide.impl.SelenideElementProxy.invoke(SelenideElementProxy.java:84)
	at app//com.sun.proxy.$Proxy16.shouldBe(Unknown Source)
	at app//ru.netology.gates.CreditBuyPayment.waitNotificationFailure(CreditBuyPayment.java:52)
	at app//ru.netology.tests.CreditBuyPaymentTest.creditPositiveAllFieldValidDeclined(CreditBuyPaymentTest.java:43)
	at java.base@11.0.18/jdk.internal.reflect.NativeMethodAccessorImpl.invoke0(Native Method)
	at java.base@11.0.18/jdk.internal.reflect.NativeMethodAccessorImpl.invoke(NativeMethodAccessorImpl.java:62)
	at java.base@11.0.18/jdk.internal.reflect.DelegatingMethodAccessorImpl.invoke(DelegatingMethodAccessorImpl.java:43)
	at java.base@11.0.18/java.lang.reflect.Method.invoke(Method.java:566)
	at app//org.junit.platform.commons.util.ReflectionUtils.invokeMethod(ReflectionUtils.java:727)
	at app//org.junit.jupiter.engine.execution.MethodInvocation.proceed(MethodInvocation.java:60)
	at app//org.junit.jupiter.engine.execution.InvocationInterceptorChain$ValidatingInvocation.proceed(InvocationInterceptorChain.java:131)
	at app//org.junit.jupiter.engine.extension.TimeoutExtension.intercept(TimeoutExtension.java:156)
	at app//org.junit.jupiter.engine.extension.TimeoutExtension.interceptTestableMethod(TimeoutExtension.java:147)
	at app//org.junit.jupiter.engine.extension.TimeoutExtension.interceptTestMethod(TimeoutExtension.java:86)
	at app//org.junit.jupiter.engine.execution.InterceptingExecutableInvoker$ReflectiveInterceptorCall.lambda$ofVoidMethod$0(InterceptingExecutableInvoker.java:103)
	at app//org.junit.jupiter.engine.execution.InterceptingExecutableInvoker.lambda$invoke$0(InterceptingExecutableInvoker.java:93)
	at app//org.junit.jupiter.engine.execution.InvocationInterceptorChain$InterceptedInvocation.proceed(InvocationInterceptorChain.java:106)
	at app//org.junit.jupiter.engine.execution.InvocationInterceptorChain.proceed(InvocationInterceptorChain.java:64)
	at app//org.junit.jupiter.engine.execution.InvocationInterceptorChain.chainAndInvoke(InvocationInterceptorChain.java:45)
	at app//org.junit.jupiter.engine.execution.InvocationInterceptorChain.invoke(InvocationInterceptorChain.java:37)
	at app//org.junit.jupiter.engine.execution.InterceptingExecutableInvoker.invoke(InterceptingExecutableInvoker.java:92)
	at app//org.junit.jupiter.engine.execution.InterceptingExecutableInvoker.invoke(InterceptingExecutableInvoker.java:86)
	at app//org.junit.jupiter.engine.descriptor.TestMethodTestDescriptor.lambda$invokeTestMethod$7(TestMethodTestDescriptor.java:217)
	at app//org.junit.platform.engine.support.hierarchical.ThrowableCollector.execute(ThrowableCollector.java:73)
	at app//org.junit.jupiter.engine.descriptor.TestMethodTestDescriptor.invokeTestMethod(TestMethodTestDescriptor.java:213)
	at app//org.junit.jupiter.engine.descriptor.TestMethodTestDescriptor.execute(TestMethodTestDescriptor.java:138)
	at app//org.junit.jupiter.engine.descriptor.TestMethodTestDescriptor.execute(TestMethodTestDescriptor.java:68)
	at app//org.junit.platform.engine.support.hierarchical.NodeTestTask.lambda$executeRecursively$6(NodeTestTask.java:151)
	at app//org.junit.platform.engine.support.hierarchical.ThrowableCollector.execute(ThrowableCollector.java:73)
	at app//org.junit.platform.engine.support.hierarchical.NodeTestTask.lambda$executeRecursively$8(NodeTestTask.java:141)
	at app//org.junit.platform.engine.support.hierarchical.Node.around(Node.java:137)
	at app//org.junit.platform.engine.support.hierarchical.NodeTestTask.lambda$executeRecursively$9(NodeTestTask.java:139)
	at app//org.junit.platform.engine.support.hierarchical.ThrowableCollector.execute(ThrowableCollector.java:73)
	at app//org.junit.platform.engine.support.hierarchical.NodeTestTask.executeRecursively(NodeTestTask.java:138)
	at app//org.junit.platform.engine.support.hierarchical.NodeTestTask.execute(NodeTestTask.java:95)
	at java.base@11.0.18/java.util.ArrayList.forEach(ArrayList.java:1541)
	at app//org.junit.platform.engine.support.hierarchical.SameThreadHierarchicalTestExecutorService.invokeAll(SameThreadHierarchicalTestExecutorService.java:41)
	at app//org.junit.platform.engine.support.hierarchical.NodeTestTask.lambda$executeRecursively$6(NodeTestTask.java:155)
	at app//org.junit.platform.engine.support.hierarchical.ThrowableCollector.execute(ThrowableCollector.java:73)
	at app//org.junit.platform.engine.support.hierarchical.NodeTestTask.lambda$executeRecursively$8(NodeTestTask.java:141)
	at app//org.junit.platform.engine.support.hierarchical.Node.around(Node.java:137)
	at app//org.junit.platform.engine.support.hierarchical.NodeTestTask.lambda$executeRecursively$9(NodeTestTask.java:139)
	at app//org.junit.platform.engine.support.hierarchical.ThrowableCollector.execute(ThrowableCollector.java:73)
	at app//org.junit.platform.engine.support.hierarchical.NodeTestTask.executeRecursively(NodeTestTask.java:138)
	at app//org.junit.platform.engine.support.hierarchical.NodeTestTask.execute(NodeTestTask.java:95)
	at java.base@11.0.18/java.util.ArrayList.forEach(ArrayList.java:1541)
	at app//org.junit.platform.engine.support.hierarchical.SameThreadHierarchicalTestExecutorService.invokeAll(SameThreadHierarchicalTestExecutorService.java:41)
	at app//org.junit.platform.engine.support.hierarchical.NodeTestTask.lambda$executeRecursively$6(NodeTestTask.java:155)
	at app//org.junit.platform.engine.support.hierarchical.ThrowableCollector.execute(ThrowableCollector.java:73)
	at app//org.junit.platform.engine.support.hierarchical.NodeTestTask.lambda$executeRecursively$8(NodeTestTask.java:141)
	at app//org.junit.platform.engine.support.hierarchical.Node.around(Node.java:137)
	at app//org.junit.platform.engine.support.hierarchical.NodeTestTask.lambda$executeRecursively$9(NodeTestTask.java:139)
	at app//org.junit.platform.engine.support.hierarchical.ThrowableCollector.execute(ThrowableCollector.java:73)
	at app//org.junit.platform.engine.support.hierarchical.NodeTestTask.executeRecursively(NodeTestTask.java:138)
	at app//org.junit.platform.engine.support.hierarchical.NodeTestTask.execute(NodeTestTask.java:95)
	at app//org.junit.platform.engine.support.hierarchical.SameThreadHierarchicalTestExecutorService.submit(SameThreadHierarchicalTestExecutorService.java:35)
	at app//org.junit.platform.engine.support.hierarchical.HierarchicalTestExecutor.execute(HierarchicalTestExecutor.java:57)
	at app//org.junit.platform.engine.support.hierarchical.HierarchicalTestEngine.execute(HierarchicalTestEngine.java:54)
	at app//org.junit.platform.launcher.core.EngineExecutionOrchestrator.execute(EngineExecutionOrchestrator.java:107)
	at app//org.junit.platform.launcher.core.EngineExecutionOrchestrator.execute(EngineExecutionOrchestrator.java:88)
	at app//org.junit.platform.launcher.core.EngineExecutionOrchestrator.lambda$execute$0(EngineExecutionOrchestrator.java:54)
	at app//org.junit.platform.launcher.core.EngineExecutionOrchestrator.withInterceptedStreams(EngineExecutionOrchestrator.java:67)
	at app//org.junit.platform.launcher.core.EngineExecutionOrchestrator.execute(EngineExecutionOrchestrator.java:52)
	at app//org.junit.platform.launcher.core.DefaultLauncher.execute(DefaultLauncher.java:114)
	at app//org.junit.platform.launcher.core.DefaultLauncher.execute(DefaultLauncher.java:86)
	at app//org.junit.platform.launcher.core.DefaultLauncherSession$DelegatingLauncher.execute(DefaultLauncherSession.java:86)
	at org.gradle.api.internal.tasks.testing.junitplatform.JUnitPlatformTestClassProcessor$CollectAllTestClassesExecutor.processAllTestClasses(JUnitPlatformTestClassProcessor.java:110)
	at org.gradle.api.internal.tasks.testing.junitplatform.JUnitPlatformTestClassProcessor$CollectAllTestClassesExecutor.access$000(JUnitPlatformTestClassProcessor.java:90)
	at org.gradle.api.internal.tasks.testing.junitplatform.JUnitPlatformTestClassProcessor.stop(JUnitPlatformTestClassProcessor.java:85)
	at org.gradle.api.internal.tasks.testing.SuiteTestClassProcessor.stop(SuiteTestClassProcessor.java:62)
	at java.base@11.0.18/jdk.internal.reflect.NativeMethodAccessorImpl.invoke0(Native Method)
	at java.base@11.0.18/jdk.internal.reflect.NativeMethodAccessorImpl.invoke(NativeMethodAccessorImpl.java:62)
	at java.base@11.0.18/jdk.internal.reflect.DelegatingMethodAccessorImpl.invoke(DelegatingMethodAccessorImpl.java:43)
	at java.base@11.0.18/java.lang.reflect.Method.invoke(Method.java:566)
	at org.gradle.internal.dispatch.ReflectionDispatch.dispatch(ReflectionDispatch.java:36)
	at org.gradle.internal.dispatch.ReflectionDispatch.dispatch(ReflectionDispatch.java:24)
	at org.gradle.internal.dispatch.ContextClassLoaderDispatch.dispatch(ContextClassLoaderDispatch.java:33)
	at org.gradle.internal.dispatch.ProxyDispatchAdapter$DispatchingInvocationHandler.invoke(ProxyDispatchAdapter.java:94)
	at com.sun.proxy.$Proxy2.stop(Unknown Source)
	at org.gradle.api.internal.tasks.testing.worker.TestWorker$3.run(TestWorker.java:193)
	at org.gradle.api.internal.tasks.testing.worker.TestWorker.executeAndMaintainThreadName(TestWorker.java:129)
	at org.gradle.api.internal.tasks.testing.worker.TestWorker.execute(TestWorker.java:100)
	at org.gradle.api.internal.tasks.testing.worker.TestWorker.execute(TestWorker.java:60)
	at org.gradle.process.internal.worker.child.ActionExecutionWorker.execute(ActionExecutionWorker.java:56)
	at org.gradle.process.internal.worker.child.SystemApplicationClassLoaderWorker.call(SystemApplicationClassLoaderWorker.java:113)
	at org.gradle.process.internal.worker.child.SystemApplicationClassLoaderWorker.call(SystemApplicationClassLoaderWorker.java:65)
	at app//worker.org.gradle.process.internal.worker.GradleWorkerMain.run(GradleWorkerMain.java:69)
	at app//worker.org.gradle.process.internal.worker.GradleWorkerMain.main(GradleWorkerMain.java:74)
</failure>
  </testcase>
  <testcase name="creditNegativeNumberCard15Symbols()" classname="ru.netology.tests.CreditBuyPaymentTest" time="1.951"/>
  <testcase name="creditNegativeCvv2Symbols()" classname="ru.netology.tests.CreditBuyPaymentTest" time="1.768"/>
  <testcase name="creditNegativeMonth00OverThisYear()" classname="ru.netology.tests.CreditBuyPaymentTest" time="6.145">
    <failure message="Element not found {by text: Неверно указан срок действия карты}&#13;&#10;Expected: visible&#13;&#10;Screenshot: file:/C:/Users/admin/DiplomQA/build/reports/tests/1692192187235.10.png&#13;&#10;Page source: file:/C:/Users/admin/DiplomQA/build/reports/tests/1692192187235.10.html&#13;&#10;Timeout: 4 s.&#13;&#10;Caused by: NoSuchElementException: no such element: Unable to locate element: {&quot;method&quot;:&quot;xpath&quot;,&quot;selector&quot;:&quot;.//*/text()[normalize-space(translate(string(.), '" type="com.codeborne.selenide.ex.ElementNotFound">Element not found {by text: Неверно указан срок действия карты}
Expected: visible
Screenshot: file:/C:/Users/admin/DiplomQA/build/reports/tests/1692192187235.10.png
Page source: file:/C:/Users/admin/DiplomQA/build/reports/tests/1692192187235.10.html
Timeout: 4 s.
Caused by: NoSuchElementException: no such element: Unable to locate element: {&quot;method&quot;:&quot;xpath&quot;,&quot;selector&quot;:&quot;.//*/text()[normalize-space(translate(string(.), '
	at app//com.codeborne.selenide.impl.WebElementSource.createElementNotFoundError(WebElementSource.java:91)
	at app//com.codeborne.selenide.impl.ElementFinder.createElementNotFoundError(ElementFinder.java:142)
	at app//com.codeborne.selenide.impl.WebElementSource.handleError(WebElementSource.java:143)
	at app//com.codeborne.selenide.impl.WebElementSource.checkConditionAndReturnElement(WebElementSource.java:127)
	at app//com.codeborne.selenide.impl.WebElementSource.checkCondition(WebElementSource.java:104)
	at app//com.codeborne.selenide.commands.Should.execute(Should.java:30)
	at app//com.codeborne.selenide.commands.Should.execute(Should.java:14)
	at app//com.codeborne.selenide.commands.Commands.execute(Commands.java:163)
	at app//com.codeborne.selenide.impl.SelenideElementProxy.dispatchAndRetry(SelenideElementProxy.java:132)
	at app//com.codeborne.selenide.impl.SelenideElementProxy.invoke(SelenideElementProxy.java:84)
	at app//com.sun.proxy.$Proxy16.shouldBe(Unknown Source)
	at app//ru.netology.gates.CreditBuyPayment.waitNotificationExpirationDateError(CreditBuyPayment.java:60)
	at app//ru.netology.tests.CreditBuyPaymentTest.creditNegativeMonth00OverThisYear(CreditBuyPaymentTest.java:115)
	at java.base@11.0.18/jdk.internal.reflect.NativeMethodAccessorImpl.invoke0(Native Method)
	at java.base@11.0.18/jdk.internal.reflect.NativeMethodAccessorImpl.invoke(NativeMethodAccessorImpl.java:62)
	at java.base@11.0.18/jdk.internal.reflect.DelegatingMethodAccessorImpl.invoke(DelegatingMethodAccessorImpl.java:43)
	at java.base@11.0.18/java.lang.reflect.Method.invoke(Method.java:566)
	at app//org.junit.platform.commons.util.ReflectionUtils.invokeMethod(ReflectionUtils.java:727)
	at app//org.junit.jupiter.engine.execution.MethodInvocation.proceed(MethodInvocation.java:60)
	at app//org.junit.jupiter.engine.execution.InvocationInterceptorChain$ValidatingInvocation.proceed(InvocationInterceptorChain.java:131)
	at app//org.junit.jupiter.engine.extension.TimeoutExtension.intercept(TimeoutExtension.java:156)
	at app//org.junit.jupiter.engine.extension.TimeoutExtension.interceptTestableMethod(TimeoutExtension.java:147)
	at app//org.junit.jupiter.engine.extension.TimeoutExtension.interceptTestMethod(TimeoutExtension.java:86)
	at app//org.junit.jupiter.engine.execution.InterceptingExecutableInvoker$ReflectiveInterceptorCall.lambda$ofVoidMethod$0(InterceptingExecutableInvoker.java:103)
	at app//org.junit.jupiter.engine.execution.InterceptingExecutableInvoker.lambda$invoke$0(InterceptingExecutableInvoker.java:93)
	at app//org.junit.jupiter.engine.execution.InvocationInterceptorChain$InterceptedInvocation.proceed(InvocationInterceptorChain.java:106)
	at app//org.junit.jupiter.engine.execution.InvocationInterceptorChain.proceed(InvocationInterceptorChain.java:64)
	at app//org.junit.jupiter.engine.execution.InvocationInterceptorChain.chainAndInvoke(InvocationInterceptorChain.java:45)
	at app//org.junit.jupiter.engine.execution.InvocationInterceptorChain.invoke(InvocationInterceptorChain.java:37)
	at app//org.junit.jupiter.engine.execution.InterceptingExecutableInvoker.invoke(InterceptingExecutableInvoker.java:92)
	at app//org.junit.jupiter.engine.execution.InterceptingExecutableInvoker.invoke(InterceptingExecutableInvoker.java:86)
	at app//org.junit.jupiter.engine.descriptor.TestMethodTestDescriptor.lambda$invokeTestMethod$7(TestMethodTestDescriptor.java:217)
	at app//org.junit.platform.engine.support.hierarchical.ThrowableCollector.execute(ThrowableCollector.java:73)
	at app//org.junit.jupiter.engine.descriptor.TestMethodTestDescriptor.invokeTestMethod(TestMethodTestDescriptor.java:213)
	at app//org.junit.jupiter.engine.descriptor.TestMethodTestDescriptor.execute(TestMethodTestDescriptor.java:138)
	at app//org.junit.jupiter.engine.descriptor.TestMethodTestDescriptor.execute(TestMethodTestDescriptor.java:68)
	at app//org.junit.platform.engine.support.hierarchical.NodeTestTask.lambda$executeRecursively$6(NodeTestTask.java:151)
	at app//org.junit.platform.engine.support.hierarchical.ThrowableCollector.execute(ThrowableCollector.java:73)
	at app//org.junit.platform.engine.support.hierarchical.NodeTestTask.lambda$executeRecursively$8(NodeTestTask.java:141)
	at app//org.junit.platform.engine.support.hierarchical.Node.around(Node.java:137)
	at app//org.junit.platform.engine.support.hierarchical.NodeTestTask.lambda$executeRecursively$9(NodeTestTask.java:139)
	at app//org.junit.platform.engine.support.hierarchical.ThrowableCollector.execute(ThrowableCollector.java:73)
	at app//org.junit.platform.engine.support.hierarchical.NodeTestTask.executeRecursively(NodeTestTask.java:138)
	at app//org.junit.platform.engine.support.hierarchical.NodeTestTask.execute(NodeTestTask.java:95)
	at java.base@11.0.18/java.util.ArrayList.forEach(ArrayList.java:1541)
	at app//org.junit.platform.engine.support.hierarchical.SameThreadHierarchicalTestExecutorService.invokeAll(SameThreadHierarchicalTestExecutorService.java:41)
	at app//org.junit.platform.engine.support.hierarchical.NodeTestTask.lambda$executeRecursively$6(NodeTestTask.java:155)
	at app//org.junit.platform.engine.support.hierarchical.ThrowableCollector.execute(ThrowableCollector.java:73)
	at app//org.junit.platform.engine.support.hierarchical.NodeTestTask.lambda$executeRecursively$8(NodeTestTask.java:141)
	at app//org.junit.platform.engine.support.hierarchical.Node.around(Node.java:137)
	at app//org.junit.platform.engine.support.hierarchical.NodeTestTask.lambda$executeRecursively$9(NodeTestTask.java:139)
	at app//org.junit.platform.engine.support.hierarchical.ThrowableCollector.execute(ThrowableCollector.java:73)
	at app//org.junit.platform.engine.support.hierarchical.NodeTestTask.executeRecursively(NodeTestTask.java:138)
	at app//org.junit.platform.engine.support.hierarchical.NodeTestTask.execute(NodeTestTask.java:95)
	at java.base@11.0.18/java.util.ArrayList.forEach(ArrayList.java:1541)
	at app//org.junit.platform.engine.support.hierarchical.SameThreadHierarchicalTestExecutorService.invokeAll(SameThreadHierarchicalTestExecutorService.java:41)
	at app//org.junit.platform.engine.support.hierarchical.NodeTestTask.lambda$executeRecursively$6(NodeTestTask.java:155)
	at app//org.junit.platform.engine.support.hierarchical.ThrowableCollector.execute(ThrowableCollector.java:73)
	at app//org.junit.platform.engine.support.hierarchical.NodeTestTask.lambda$executeRecursively$8(NodeTestTask.java:141)
	at app//org.junit.platform.engine.support.hierarchical.Node.around(Node.java:137)
	at app//org.junit.platform.engine.support.hierarchical.NodeTestTask.lambda$executeRecursively$9(NodeTestTask.java:139)
	at app//org.junit.platform.engine.support.hierarchical.ThrowableCollector.execute(ThrowableCollector.java:73)
	at app//org.junit.platform.engine.support.hierarchical.NodeTestTask.executeRecursively(NodeTestTask.java:138)
	at app//org.junit.platform.engine.support.hierarchical.NodeTestTask.execute(NodeTestTask.java:95)
	at app//org.junit.platform.engine.support.hierarchical.SameThreadHierarchicalTestExecutorService.submit(SameThreadHierarchicalTestExecutorService.java:35)
	at app//org.junit.platform.engine.support.hierarchical.HierarchicalTestExecutor.execute(HierarchicalTestExecutor.java:57)
	at app//org.junit.platform.engine.support.hierarchical.HierarchicalTestEngine.execute(HierarchicalTestEngine.java:54)
	at app//org.junit.platform.launcher.core.EngineExecutionOrchestrator.execute(EngineExecutionOrchestrator.java:107)
	at app//org.junit.platform.launcher.core.EngineExecutionOrchestrator.execute(EngineExecutionOrchestrator.java:88)
	at app//org.junit.platform.launcher.core.EngineExecutionOrchestrator.lambda$execute$0(EngineExecutionOrchestrator.java:54)
	at app//org.junit.platform.launcher.core.EngineExecutionOrchestrator.withInterceptedStreams(EngineExecutionOrchestrator.java:67)
	at app//org.junit.platform.launcher.core.EngineExecutionOrchestrator.execute(EngineExecutionOrchestrator.java:52)
	at app//org.junit.platform.launcher.core.DefaultLauncher.execute(DefaultLauncher.java:114)
	at app//org.junit.platform.launcher.core.DefaultLauncher.execute(DefaultLauncher.java:86)
	at app//org.junit.platform.launcher.core.DefaultLauncherSession$DelegatingLauncher.execute(DefaultLauncherSession.java:86)
	at org.gradle.api.internal.tasks.testing.junitplatform.JUnitPlatformTestClassProcessor$CollectAllTestClassesExecutor.processAllTestClasses(JUnitPlatformTestClassProcessor.java:110)
	at org.gradle.api.internal.tasks.testing.junitplatform.JUnitPlatformTestClassProcessor$CollectAllTestClassesExecutor.access$000(JUnitPlatformTestClassProcessor.java:90)
	at org.gradle.api.internal.tasks.testing.junitplatform.JUnitPlatformTestClassProcessor.stop(JUnitPlatformTestClassProcessor.java:85)
	at org.gradle.api.internal.tasks.testing.SuiteTestClassProcessor.stop(SuiteTestClassProcessor.java:62)
	at java.base@11.0.18/jdk.internal.reflect.NativeMethodAccessorImpl.invoke0(Native Method)
	at java.base@11.0.18/jdk.internal.reflect.NativeMethodAccessorImpl.invoke(NativeMethodAccessorImpl.java:62)
	at java.base@11.0.18/jdk.internal.reflect.DelegatingMethodAccessorImpl.invoke(DelegatingMethodAccessorImpl.java:43)
	at java.base@11.0.18/java.lang.reflect.Method.invoke(Method.java:566)
	at org.gradle.internal.dispatch.ReflectionDispatch.dispatch(ReflectionDispatch.java:36)
	at org.gradle.internal.dispatch.ReflectionDispatch.dispatch(ReflectionDispatch.java:24)
	at org.gradle.internal.dispatch.ContextClassLoaderDispatch.dispatch(ContextClassLoaderDispatch.java:33)
	at org.gradle.internal.dispatch.ProxyDispatchAdapter$DispatchingInvocationHandler.invoke(ProxyDispatchAdapter.java:94)
	at com.sun.proxy.$Proxy2.stop(Unknown Source)
	at org.gradle.api.internal.tasks.testing.worker.TestWorker$3.run(TestWorker.java:193)
	at org.gradle.api.internal.tasks.testing.worker.TestWorker.executeAndMaintainThreadName(TestWorker.java:129)
	at org.gradle.api.internal.tasks.testing.worker.TestWorker.execute(TestWorker.java:100)
	at org.gradle.api.internal.tasks.testing.worker.TestWorker.execute(TestWorker.java:60)
	at org.gradle.process.internal.worker.child.ActionExecutionWorker.execute(ActionExecutionWorker.java:56)
	at org.gradle.process.internal.worker.child.SystemApplicationClassLoaderWorker.call(SystemApplicationClassLoaderWorker.java:113)
	at org.gradle.process.internal.worker.child.SystemApplicationClassLoaderWorker.call(SystemApplicationClassLoaderWorker.java:65)
	at app//worker.org.gradle.process.internal.worker.GradleWorkerMain.run(GradleWorkerMain.java:69)
	at app//worker.org.gradle.process.internal.worker.GradleWorkerMain.main(GradleWorkerMain.java:74)
Caused by: org.openqa.selenium.NoSuchElementException: no such element: Unable to locate element: {&quot;method&quot;:&quot;xpath&quot;,&quot;selector&quot;:&quot;.//*/text()[normalize-space(translate(string(.), '	
 ', '    ')) = &quot;Неверно указан срок действия карты&quot;]/parent::*&quot;}
  (Session info: chrome=116.0.5845.97)
For documentation on this error, please visit: https://www.selenium.dev/documentation/webdriver/troubleshooting/errors#no-such-element-exception
Build info: version: '4.11.0', revision: '040bc5406b'
System info: os.name: 'Windows 10', os.arch: 'amd64', os.version: '10.0', java.version: '11.0.18'
Driver info: org.openqa.selenium.chrome.ChromeDriver
Command: [f65dbc9b0cace45e057cebc68d280dce, findElement {using=xpath, value=.//*/text()[normalize-space(translate(string(.), '	
 ', '    ')) = &quot;Неверно указан срок действия карты&quot;]/parent::*}]
Capabilities {acceptInsecureCerts: true, browserName: chrome, browserVersion: 116.0.5845.97, chrome: {chromedriverVersion: 116.0.5845.96 (1a3918166880..., userDataDir: C:\Users\admin\AppData\Loca...}, fedcm:accounts: true, goog:chromeOptions: {debuggerAddress: localhost:50836}, networkConnectionEnabled: false, pageLoadStrategy: normal, platformName: windows, proxy: Proxy(), se:cdp: ws://localhost:50836/devtoo..., se:cdpVersion: 116.0.5845.97, setWindowRect: true, strictFileInteractability: false, timeouts: {implicit: 0, pageLoad: 300000, script: 30000}, unhandledPromptBehavior: accept, webauthn:extension:credBlob: true, webauthn:extension:largeBlob: true, webauthn:extension:minPinLength: true, webauthn:extension:prf: true, webauthn:virtualAuthenticators: true}
Session ID: f65dbc9b0cace45e057cebc68d280dce
	at jdk.internal.reflect.GeneratedConstructorAccessor12.newInstance(Unknown Source)
	at java.base@11.0.18/jdk.internal.reflect.DelegatingConstructorAccessorImpl.newInstance(DelegatingConstructorAccessorImpl.java:45)
	at java.base@11.0.18/java.lang.reflect.Constructor.newInstance(Constructor.java:490)
	at app//org.openqa.selenium.remote.codec.w3c.W3CHttpResponseCodec.createException(W3CHttpResponseCodec.java:200)
	at app//org.openqa.selenium.remote.codec.w3c.W3CHttpResponseCodec.decode(W3CHttpResponseCodec.java:133)
	at app//org.openqa.selenium.remote.codec.w3c.W3CHttpResponseCodec.decode(W3CHttpResponseCodec.java:52)
	at app//org.openqa.selenium.remote.HttpCommandExecutor.execute(HttpCommandExecutor.java:191)
	at app//org.openqa.selenium.remote.service.DriverCommandExecutor.invokeExecute(DriverCommandExecutor.java:196)
	at app//org.openqa.selenium.remote.service.DriverCommandExecutor.execute(DriverCommandExecutor.java:171)
	at app//org.openqa.selenium.remote.RemoteWebDriver.execute(RemoteWebDriver.java:518)
	at app//org.openqa.selenium.remote.ElementLocation$ElementFinder$2.findElement(ElementLocation.java:165)
	at app//org.openqa.selenium.remote.ElementLocation.findElement(ElementLocation.java:59)
	at app//org.openqa.selenium.remote.RemoteWebDriver.findElement(RemoteWebDriver.java:355)
	at app//org.openqa.selenium.remote.RemoteWebDriver.findElement(RemoteWebDriver.java:349)
	at app//com.codeborne.selenide.impl.WebElementSelector.findElement(WebElementSelector.java:70)
	at app//com.codeborne.selenide.impl.WebElementSelector.findElement(WebElementSelector.java:44)
	at app//com.codeborne.selenide.impl.WebElementSelector.findElement(WebElementSelector.java:33)
	at app//com.codeborne.selenide.impl.ElementFinder.getWebElement(ElementFinder.java:122)
	at app//com.codeborne.selenide.impl.WebElementSource.checkConditionAndReturnElement(WebElementSource.java:116)
	... 93 more
</failure>
  </testcase>
  <testcase name="creditPositiveAllFieldValidApproved()" classname="ru.netology.tests.CreditBuyPaymentTest" time="11.457"/>
  <testcase name="creditNegativeYear1Symbol()" classname="ru.netology.tests.CreditBuyPaymentTest" time="1.746"/>
  <testcase name="creditNegativeAllFieldEmpty()" classname="ru.netology.tests.CreditBuyPaymentTest" time="1.146"/>
  <testcase name="creditNegativeOwner1Word()" classname="ru.netology.tests.CreditBuyPaymentTest" time="6.011">
    <failure message="Element not found {by text: Неверный формат}&#13;&#10;Expected: visible&#13;&#10;Screenshot: file:/C:/Users/admin/DiplomQA/build/reports/tests/1692192208901.11.png&#13;&#10;Page source: file:/C:/Users/admin/DiplomQA/build/reports/tests/1692192208901.11.html&#13;&#10;Timeout: 4 s.&#13;&#10;Caused by: NoSuchElementException: no such element: Unable to locate element: {&quot;method&quot;:&quot;xpath&quot;,&quot;selector&quot;:&quot;.//*/text()[normalize-space(translate(string(.), '" type="com.codeborne.selenide.ex.ElementNotFound">Element not found {by text: Неверный формат}
Expected: visible
Screenshot: file:/C:/Users/admin/DiplomQA/build/reports/tests/1692192208901.11.png
Page source: file:/C:/Users/admin/DiplomQA/build/reports/tests/1692192208901.11.html
Timeout: 4 s.
Caused by: NoSuchElementException: no such element: Unable to locate element: {&quot;method&quot;:&quot;xpath&quot;,&quot;selector&quot;:&quot;.//*/text()[normalize-space(translate(string(.), '
	at app//com.codeborne.selenide.impl.WebElementSource.createElementNotFoundError(WebElementSource.java:91)
	at app//com.codeborne.selenide.impl.ElementFinder.createElementNotFoundError(ElementFinder.java:142)
	at app//com.codeborne.selenide.impl.WebElementSource.handleError(WebElementSource.java:143)
	at app//com.codeborne.selenide.impl.WebElementSource.checkConditionAndReturnElement(WebElementSource.java:127)
	at app//com.codeborne.selenide.impl.WebElementSource.checkCondition(WebElementSource.java:104)
	at app//com.codeborne.selenide.commands.Should.execute(Should.java:30)
	at app//com.codeborne.selenide.commands.Should.execute(Should.java:14)
	at app//com.codeborne.selenide.commands.Commands.execute(Commands.java:163)
	at app//com.codeborne.selenide.impl.SelenideElementProxy.dispatchAndRetry(SelenideElementProxy.java:132)
	at app//com.codeborne.selenide.impl.SelenideElementProxy.invoke(SelenideElementProxy.java:84)
	at app//com.sun.proxy.$Proxy16.shouldBe(Unknown Source)
	at app//ru.netology.gates.CreditBuyPayment.waitNotificationWrongFormat(CreditBuyPayment.java:56)
	at app//ru.netology.tests.CreditBuyPaymentTest.creditNegativeOwner1Word(CreditBuyPaymentTest.java:185)
	at java.base@11.0.18/jdk.internal.reflect.NativeMethodAccessorImpl.invoke0(Native Method)
	at java.base@11.0.18/jdk.internal.reflect.NativeMethodAccessorImpl.invoke(NativeMethodAccessorImpl.java:62)
	at java.base@11.0.18/jdk.internal.reflect.DelegatingMethodAccessorImpl.invoke(DelegatingMethodAccessorImpl.java:43)
	at java.base@11.0.18/java.lang.reflect.Method.invoke(Method.java:566)
	at app//org.junit.platform.commons.util.ReflectionUtils.invokeMethod(ReflectionUtils.java:727)
	at app//org.junit.jupiter.engine.execution.MethodInvocation.proceed(MethodInvocation.java:60)
	at app//org.junit.jupiter.engine.execution.InvocationInterceptorChain$ValidatingInvocation.proceed(InvocationInterceptorChain.java:131)
	at app//org.junit.jupiter.engine.extension.TimeoutExtension.intercept(TimeoutExtension.java:156)
	at app//org.junit.jupiter.engine.extension.TimeoutExtension.interceptTestableMethod(TimeoutExtension.java:147)
	at app//org.junit.jupiter.engine.extension.TimeoutExtension.interceptTestMethod(TimeoutExtension.java:86)
	at app//org.junit.jupiter.engine.execution.InterceptingExecutableInvoker$ReflectiveInterceptorCall.lambda$ofVoidMethod$0(InterceptingExecutableInvoker.java:103)
	at app//org.junit.jupiter.engine.execution.InterceptingExecutableInvoker.lambda$invoke$0(InterceptingExecutableInvoker.java:93)
	at app//org.junit.jupiter.engine.execution.InvocationInterceptorChain$InterceptedInvocation.proceed(InvocationInterceptorChain.java:106)
	at app//org.junit.jupiter.engine.execution.InvocationInterceptorChain.proceed(InvocationInterceptorChain.java:64)
	at app//org.junit.jupiter.engine.execution.InvocationInterceptorChain.chainAndInvoke(InvocationInterceptorChain.java:45)
	at app//org.junit.jupiter.engine.execution.InvocationInterceptorChain.invoke(InvocationInterceptorChain.java:37)
	at app//org.junit.jupiter.engine.execution.InterceptingExecutableInvoker.invoke(InterceptingExecutableInvoker.java:92)
	at app//org.junit.jupiter.engine.execution.InterceptingExecutableInvoker.invoke(InterceptingExecutableInvoker.java:86)
	at app//org.junit.jupiter.engine.descriptor.TestMethodTestDescriptor.lambda$invokeTestMethod$7(TestMethodTestDescriptor.java:217)
	at app//org.junit.platform.engine.support.hierarchical.ThrowableCollector.execute(ThrowableCollector.java:73)
	at app//org.junit.jupiter.engine.descriptor.TestMethodTestDescriptor.invokeTestMethod(TestMethodTestDescriptor.java:213)
	at app//org.junit.jupiter.engine.descriptor.TestMethodTestDescriptor.execute(TestMethodTestDescriptor.java:138)
	at app//org.junit.jupiter.engine.descriptor.TestMethodTestDescriptor.execute(TestMethodTestDescriptor.java:68)
	at app//org.junit.platform.engine.support.hierarchical.NodeTestTask.lambda$executeRecursively$6(NodeTestTask.java:151)
	at app//org.junit.platform.engine.support.hierarchical.ThrowableCollector.execute(ThrowableCollector.java:73)
	at app//org.junit.platform.engine.support.hierarchical.NodeTestTask.lambda$executeRecursively$8(NodeTestTask.java:141)
	at app//org.junit.platform.engine.support.hierarchical.Node.around(Node.java:137)
	at app//org.junit.platform.engine.support.hierarchical.NodeTestTask.lambda$executeRecursively$9(NodeTestTask.java:139)
	at app//org.junit.platform.engine.support.hierarchical.ThrowableCollector.execute(ThrowableCollector.java:73)
	at app//org.junit.platform.engine.support.hierarchical.NodeTestTask.executeRecursively(NodeTestTask.java:138)
	at app//org.junit.platform.engine.support.hierarchical.NodeTestTask.execute(NodeTestTask.java:95)
	at java.base@11.0.18/java.util.ArrayList.forEach(ArrayList.java:1541)
	at app//org.junit.platform.engine.support.hierarchical.SameThreadHierarchicalTestExecutorService.invokeAll(SameThreadHierarchicalTestExecutorService.java:41)
	at app//org.junit.platform.engine.support.hierarchical.NodeTestTask.lambda$executeRecursively$6(NodeTestTask.java:155)
	at app//org.junit.platform.engine.support.hierarchical.ThrowableCollector.execute(ThrowableCollector.java:73)
	at app//org.junit.platform.engine.support.hierarchical.NodeTestTask.lambda$executeRecursively$8(NodeTestTask.java:141)
	at app//org.junit.platform.engine.support.hierarchical.Node.around(Node.java:137)
	at app//org.junit.platform.engine.support.hierarchical.NodeTestTask.lambda$executeRecursively$9(NodeTestTask.java:139)
	at app//org.junit.platform.engine.support.hierarchical.ThrowableCollector.execute(ThrowableCollector.java:73)
	at app//org.junit.platform.engine.support.hierarchical.NodeTestTask.executeRecursively(NodeTestTask.java:138)
	at app//org.junit.platform.engine.support.hierarchical.NodeTestTask.execute(NodeTestTask.java:95)
	at java.base@11.0.18/java.util.ArrayList.forEach(ArrayList.java:1541)
	at app//org.junit.platform.engine.support.hierarchical.SameThreadHierarchicalTestExecutorService.invokeAll(SameThreadHierarchicalTestExecutorService.java:41)
	at app//org.junit.platform.engine.support.hierarchical.NodeTestTask.lambda$executeRecursively$6(NodeTestTask.java:155)
	at app//org.junit.platform.engine.support.hierarchical.ThrowableCollector.execute(ThrowableCollector.java:73)
	at app//org.junit.platform.engine.support.hierarchical.NodeTestTask.lambda$executeRecursively$8(NodeTestTask.java:141)
	at app//org.junit.platform.engine.support.hierarchical.Node.around(Node.java:137)
	at app//org.junit.platform.engine.support.hierarchical.NodeTestTask.lambda$executeRecursively$9(NodeTestTask.java:139)
	at app//org.junit.platform.engine.support.hierarchical.ThrowableCollector.execute(ThrowableCollector.java:73)
	at app//org.junit.platform.engine.support.hierarchical.NodeTestTask.executeRecursively(NodeTestTask.java:138)
	at app//org.junit.platform.engine.support.hierarchical.NodeTestTask.execute(NodeTestTask.java:95)
	at app//org.junit.platform.engine.support.hierarchical.SameThreadHierarchicalTestExecutorService.submit(SameThreadHierarchicalTestExecutorService.java:35)
	at app//org.junit.platform.engine.support.hierarchical.HierarchicalTestExecutor.execute(HierarchicalTestExecutor.java:57)
	at app//org.junit.platform.engine.support.hierarchical.HierarchicalTestEngine.execute(HierarchicalTestEngine.java:54)
	at app//org.junit.platform.launcher.core.EngineExecutionOrchestrator.execute(EngineExecutionOrchestrator.java:107)
	at app//org.junit.platform.launcher.core.EngineExecutionOrchestrator.execute(EngineExecutionOrchestrator.java:88)
	at app//org.junit.platform.launcher.core.EngineExecutionOrchestrator.lambda$execute$0(EngineExecutionOrchestrator.java:54)
	at app//org.junit.platform.launcher.core.EngineExecutionOrchestrator.withInterceptedStreams(EngineExecutionOrchestrator.java:67)
	at app//org.junit.platform.launcher.core.EngineExecutionOrchestrator.execute(EngineExecutionOrchestrator.java:52)
	at app//org.junit.platform.launcher.core.DefaultLauncher.execute(DefaultLauncher.java:114)
	at app//org.junit.platform.launcher.core.DefaultLauncher.execute(DefaultLauncher.java:86)
	at app//org.junit.platform.launcher.core.DefaultLauncherSession$DelegatingLauncher.execute(DefaultLauncherSession.java:86)
	at org.gradle.api.internal.tasks.testing.junitplatform.JUnitPlatformTestClassProcessor$CollectAllTestClassesExecutor.processAllTestClasses(JUnitPlatformTestClassProcessor.java:110)
	at org.gradle.api.internal.tasks.testing.junitplatform.JUnitPlatformTestClassProcessor$CollectAllTestClassesExecutor.access$000(JUnitPlatformTestClassProcessor.java:90)
	at org.gradle.api.internal.tasks.testing.junitplatform.JUnitPlatformTestClassProcessor.stop(JUnitPlatformTestClassProcessor.java:85)
	at org.gradle.api.internal.tasks.testing.SuiteTestClassProcessor.stop(SuiteTestClassProcessor.java:62)
	at java.base@11.0.18/jdk.internal.reflect.NativeMethodAccessorImpl.invoke0(Native Method)
	at java.base@11.0.18/jdk.internal.reflect.NativeMethodAccessorImpl.invoke(NativeMethodAccessorImpl.java:62)
	at java.base@11.0.18/jdk.internal.reflect.DelegatingMethodAccessorImpl.invoke(DelegatingMethodAccessorImpl.java:43)
	at java.base@11.0.18/java.lang.reflect.Method.invoke(Method.java:566)
	at org.gradle.internal.dispatch.ReflectionDispatch.dispatch(ReflectionDispatch.java:36)
	at org.gradle.internal.dispatch.ReflectionDispatch.dispatch(ReflectionDispatch.java:24)
	at org.gradle.internal.dispatch.ContextClassLoaderDispatch.dispatch(ContextClassLoaderDispatch.java:33)
	at org.gradle.internal.dispatch.ProxyDispatchAdapter$DispatchingInvocationHandler.invoke(ProxyDispatchAdapter.java:94)
	at com.sun.proxy.$Proxy2.stop(Unknown Source)
	at org.gradle.api.internal.tasks.testing.worker.TestWorker$3.run(TestWorker.java:193)
	at org.gradle.api.internal.tasks.testing.worker.TestWorker.executeAndMaintainThreadName(TestWorker.java:129)
	at org.gradle.api.internal.tasks.testing.worker.TestWorker.execute(TestWorker.java:100)
	at org.gradle.api.internal.tasks.testing.worker.TestWorker.execute(TestWorker.java:60)
	at org.gradle.process.internal.worker.child.ActionExecutionWorker.execute(ActionExecutionWorker.java:56)
	at org.gradle.process.internal.worker.child.SystemApplicationClassLoaderWorker.call(SystemApplicationClassLoaderWorker.java:113)
	at org.gradle.process.internal.worker.child.SystemApplicationClassLoaderWorker.call(SystemApplicationClassLoaderWorker.java:65)
	at app//worker.org.gradle.process.internal.worker.GradleWorkerMain.run(GradleWorkerMain.java:69)
	at app//worker.org.gradle.process.internal.worker.GradleWorkerMain.main(GradleWorkerMain.java:74)
Caused by: org.openqa.selenium.NoSuchElementException: no such element: Unable to locate element: {&quot;method&quot;:&quot;xpath&quot;,&quot;selector&quot;:&quot;.//*/text()[normalize-space(translate(string(.), '	
 ', '    ')) = &quot;Неверный формат&quot;]/parent::*&quot;}
  (Session info: chrome=116.0.5845.97)
For documentation on this error, please visit: https://www.selenium.dev/documentation/webdriver/troubleshooting/errors#no-such-element-exception
Build info: version: '4.11.0', revision: '040bc5406b'
System info: os.name: 'Windows 10', os.arch: 'amd64', os.version: '10.0', java.version: '11.0.18'
Driver info: org.openqa.selenium.chrome.ChromeDriver
Command: [f65dbc9b0cace45e057cebc68d280dce, findElement {using=xpath, value=.//*/text()[normalize-space(translate(string(.), '	
 ', '    ')) = &quot;Неверный формат&quot;]/parent::*}]
Capabilities {acceptInsecureCerts: true, browserName: chrome, browserVersion: 116.0.5845.97, chrome: {chromedriverVersion: 116.0.5845.96 (1a3918166880..., userDataDir: C:\Users\admin\AppData\Loca...}, fedcm:accounts: true, goog:chromeOptions: {debuggerAddress: localhost:50836}, networkConnectionEnabled: false, pageLoadStrategy: normal, platformName: windows, proxy: Proxy(), se:cdp: ws://localhost:50836/devtoo..., se:cdpVersion: 116.0.5845.97, setWindowRect: true, strictFileInteractability: false, timeouts: {implicit: 0, pageLoad: 300000, script: 30000}, unhandledPromptBehavior: accept, webauthn:extension:credBlob: true, webauthn:extension:largeBlob: true, webauthn:extension:minPinLength: true, webauthn:extension:prf: true, webauthn:virtualAuthenticators: true}
Session ID: f65dbc9b0cace45e057cebc68d280dce
	at jdk.internal.reflect.GeneratedConstructorAccessor12.newInstance(Unknown Source)
	at java.base@11.0.18/jdk.internal.reflect.DelegatingConstructorAccessorImpl.newInstance(DelegatingConstructorAccessorImpl.java:45)
	at java.base@11.0.18/java.lang.reflect.Constructor.newInstance(Constructor.java:490)
	at app//org.openqa.selenium.remote.codec.w3c.W3CHttpResponseCodec.createException(W3CHttpResponseCodec.java:200)
	at app//org.openqa.selenium.remote.codec.w3c.W3CHttpResponseCodec.decode(W3CHttpResponseCodec.java:133)
	at app//org.openqa.selenium.remote.codec.w3c.W3CHttpResponseCodec.decode(W3CHttpResponseCodec.java:52)
	at app//org.openqa.selenium.remote.HttpCommandExecutor.execute(HttpCommandExecutor.java:191)
	at app//org.openqa.selenium.remote.service.DriverCommandExecutor.invokeExecute(DriverCommandExecutor.java:196)
	at app//org.openqa.selenium.remote.service.DriverCommandExecutor.execute(DriverCommandExecutor.java:171)
	at app//org.openqa.selenium.remote.RemoteWebDriver.execute(RemoteWebDriver.java:518)
	at app//org.openqa.selenium.remote.ElementLocation$ElementFinder$2.findElement(ElementLocation.java:165)
	at app//org.openqa.selenium.remote.ElementLocation.findElement(ElementLocation.java:59)
	at app//org.openqa.selenium.remote.RemoteWebDriver.findElement(RemoteWebDriver.java:355)
	at app//org.openqa.selenium.remote.RemoteWebDriver.findElement(RemoteWebDriver.java:349)
	at app//com.codeborne.selenide.impl.WebElementSelector.findElement(WebElementSelector.java:70)
	at app//com.codeborne.selenide.impl.WebElementSelector.findElement(WebElementSelector.java:44)
	at app//com.codeborne.selenide.impl.WebElementSelector.findElement(WebElementSelector.java:33)
	at app//com.codeborne.selenide.impl.ElementFinder.getWebElement(ElementFinder.java:122)
	at app//com.codeborne.selenide.impl.WebElementSource.checkConditionAndReturnElement(WebElementSource.java:116)
	... 93 more
</failure>
  </testcase>
  <testcase name="creditNegativeMonthOver12()" classname="ru.netology.tests.CreditBuyPaymentTest" time="1.809"/>
  <testcase name="creditNegativeMonth1Symbol()" classname="ru.netology.tests.CreditBuyPaymentTest" time="1.978"/>
  <system-out><![CDATA[]]></system-out>
  <system-err><![CDATA[авг. 16, 2023 4:21:59 PM org.openqa.selenium.devtools.Connection$Listener lambda$onText$0
WARNING: Unable to process: {"method":"Fetch.requestPaused","params":{"requestId":"interception-job-233.0","request":{"url":"http://localhost:8080/","method":"GET","headers":{"Accept":"text/html,application/xhtml+xml,application/xml;q=0.9,image/avif,image/webp,image/apng,*/*;q=0.8,application/signed-exchange;v=b3;q=0.7","Upgrade-Insecure-Requests":"1","User-Agent":"Mozilla/5.0 (Windows NT 10.0; Win64; x64) AppleWebKit/537.36 (KHTML, like Gecko) Chrome/116.0.0.0 Safari/537.36","sec-ch-ua":"\"Chromium\";v=\"116\", \"Not)A;Brand\";v=\"24\", \"Google Chrome\";v=\"116\"","sec-ch-ua-mobile":"?0","sec-ch-ua-platform":"\"Windows\""},"initialPriority":"VeryHigh","referrerPolicy":"strict-origin-when-cross-origin"},"frameId":"D165F02B89151667DFD1BF49856829E7","resourceType":"Document","responseStatusCode":200,"responseStatusText":"","responseHeaders":[{"name":"Vary","value":"Origin"},{"name":"Vary","value":"Access-Control-Request-Method"},{"name":"Vary","value":"Access-Control-Request-Headers"},{"name":"Last-Modified","value":"Thu, 03 Aug 2023 10:18:16 GMT"},{"name":"Date","value":"Wed, 16 Aug 2023 13:21:59 GMT"},{"name":"Accept-Ranges","value":"bytes"},{"name":"Content-Type","value":"text/html"},{"name":"Content-Language","value":"ru-RU"},{"name":"Content-Length","value":"2308"}]},"sessionId":"69DE6D1A85B5D627489871F60443E14A"}
org.openqa.selenium.devtools.DevToolsException: {"id":1422,"error":{"code":-32602,"message":"Invalid InterceptionId."},"sessionId":"69DE6D1A85B5D627489871F60443E14A"}
Build info: version: '4.11.0', revision: '040bc5406b'
System info: os.name: 'Windows 10', os.arch: 'amd64', os.version: '10.0', java.version: '11.0.18'
Driver info: driver.version: unknown
	at org.openqa.selenium.devtools.Connection.sendAndWait(Connection.java:181)
	at org.openqa.selenium.devtools.DevTools.send(DevTools.java:81)
	at org.openqa.selenium.devtools.idealized.Network.lambda$prepareToInterceptTraffic$4(Network.java:194)
	at org.openqa.selenium.devtools.Connection.lambda$handle$4(Connection.java:321)
	at java.base/java.util.stream.ForEachOps$ForEachOp$OfRef.accept(ForEachOps.java:183)
	at java.base/java.util.stream.ReferencePipeline$2$1.accept(ReferencePipeline.java:177)
	at java.base/java.util.stream.ReferencePipeline$11$1.accept(ReferencePipeline.java:442)
	at java.base/java.util.HashMap$KeySpliterator.forEachRemaining(HashMap.java:1621)
	at java.base/java.util.stream.AbstractPipeline.copyInto(AbstractPipeline.java:484)
	at java.base/java.util.stream.AbstractPipeline.wrapAndCopyInto(AbstractPipeline.java:474)
	at java.base/java.util.stream.ForEachOps$ForEachOp.evaluateSequential(ForEachOps.java:150)
	at java.base/java.util.stream.ForEachOps$ForEachOp$OfRef.evaluateSequential(ForEachOps.java:173)
	at java.base/java.util.stream.AbstractPipeline.evaluate(AbstractPipeline.java:234)
	at java.base/java.util.stream.ReferencePipeline.forEach(ReferencePipeline.java:497)
	at org.openqa.selenium.devtools.Connection.handle(Connection.java:287)
	at org.openqa.selenium.devtools.Connection.access$200(Connection.java:57)
	at org.openqa.selenium.devtools.Connection$Listener.lambda$onText$0(Connection.java:224)
	at java.base/java.util.concurrent.ThreadPoolExecutor.runWorker(ThreadPoolExecutor.java:1128)
	at java.base/java.util.concurrent.ThreadPoolExecutor$Worker.run(ThreadPoolExecutor.java:628)
	at java.base/java.lang.Thread.run(Thread.java:829)
Caused by: org.openqa.selenium.WebDriverException: {"id":1422,"error":{"code":-32602,"message":"Invalid InterceptionId."},"sessionId":"69DE6D1A85B5D627489871F60443E14A"}
Build info: version: '4.11.0', revision: '040bc5406b'
System info: os.name: 'Windows 10', os.arch: 'amd64', os.version: '10.0', java.version: '11.0.18'
Driver info: driver.version: unknown
	at org.openqa.selenium.devtools.Connection.handle(Connection.java:260)
	... 5 more

Exception in thread "CDP Connection" org.openqa.selenium.devtools.DevToolsException: {"id":1422,"error":{"code":-32602,"message":"Invalid InterceptionId."},"sessionId":"69DE6D1A85B5D627489871F60443E14A"}
Build info: version: '4.11.0', revision: '040bc5406b'
System info: os.name: 'Windows 10', os.arch: 'amd64', os.version: '10.0', java.version: '11.0.18'
Driver info: driver.version: unknown
	at org.openqa.selenium.devtools.Connection$Listener.lambda$onText$0(Connection.java:227)
	at java.base/java.util.concurrent.ThreadPoolExecutor.runWorker(ThreadPoolExecutor.java:1128)
	at java.base/java.util.concurrent.ThreadPoolExecutor$Worker.run(ThreadPoolExecutor.java:628)
	at java.base/java.lang.Thread.run(Thread.java:829)
Caused by: org.openqa.selenium.devtools.DevToolsException: {"id":1422,"error":{"code":-32602,"message":"Invalid InterceptionId."},"sessionId":"69DE6D1A85B5D627489871F60443E14A"}
Build info: version: '4.11.0', revision: '040bc5406b'
System info: os.name: 'Windows 10', os.arch: 'amd64', os.version: '10.0', java.version: '11.0.18'
Driver info: driver.version: unknown
	at org.openqa.selenium.devtools.Connection.sendAndWait(Connection.java:181)
	at org.openqa.selenium.devtools.DevTools.send(DevTools.java:81)
	at org.openqa.selenium.devtools.idealized.Network.lambda$prepareToInterceptTraffic$4(Network.java:194)
	at org.openqa.selenium.devtools.Connection.lambda$handle$4(Connection.java:321)
	at java.base/java.util.stream.ForEachOps$ForEachOp$OfRef.accept(ForEachOps.java:183)
	at java.base/java.util.stream.ReferencePipeline$2$1.accept(ReferencePipeline.java:177)
	at java.base/java.util.stream.ReferencePipeline$11$1.accept(ReferencePipeline.java:442)
	at java.base/java.util.HashMap$KeySpliterator.forEachRemaining(HashMap.java:1621)
	at java.base/java.util.stream.AbstractPipeline.copyInto(AbstractPipeline.java:484)
	at java.base/java.util.stream.AbstractPipeline.wrapAndCopyInto(AbstractPipeline.java:474)
	at java.base/java.util.stream.ForEachOps$ForEachOp.evaluateSequential(ForEachOps.java:150)
	at java.base/java.util.stream.ForEachOps$ForEachOp$OfRef.evaluateSequential(ForEachOps.java:173)
	at java.base/java.util.stream.AbstractPipeline.evaluate(AbstractPipeline.java:234)
	at java.base/java.util.stream.ReferencePipeline.forEach(ReferencePipeline.java:497)
	at org.openqa.selenium.devtools.Connection.handle(Connection.java:287)
	at org.openqa.selenium.devtools.Connection.access$200(Connection.java:57)
	at org.openqa.selenium.devtools.Connection$Listener.lambda$onText$0(Connection.java:224)
	... 3 more
Caused by: org.openqa.selenium.WebDriverException: {"id":1422,"error":{"code":-32602,"message":"Invalid InterceptionId."},"sessionId":"69DE6D1A85B5D627489871F60443E14A"}
Build info: version: '4.11.0', revision: '040bc5406b'
System info: os.name: 'Windows 10', os.arch: 'amd64', os.version: '10.0', java.version: '11.0.18'
Driver info: driver.version: unknown
	at org.openqa.selenium.devtools.Connection.handle(Connection.java:260)
	... 5 more
авг. 16, 2023 4:21:59 PM org.openqa.selenium.devtools.Connection$Listener lambda$onText$0
WARNING: Unable to process: {"method":"Fetch.requestPaused","params":{"requestId":"interception-job-233.0","request":{"url":"http://localhost:8080/","method":"GET","headers":{"Accept":"text/html,application/xhtml+xml,application/xml;q=0.9,image/avif,image/webp,image/apng,*/*;q=0.8,application/signed-exchange;v=b3;q=0.7","Upgrade-Insecure-Requests":"1","User-Agent":"Mozilla/5.0 (Windows NT 10.0; Win64; x64) AppleWebKit/537.36 (KHTML, like Gecko) Chrome/116.0.0.0 Safari/537.36","sec-ch-ua":"\"Chromium\";v=\"116\", \"Not)A;Brand\";v=\"24\", \"Google Chrome\";v=\"116\"","sec-ch-ua-mobile":"?0","sec-ch-ua-platform":"\"Windows\""},"initialPriority":"VeryHigh","referrerPolicy":"strict-origin-when-cross-origin"},"frameId":"D165F02B89151667DFD1BF49856829E7","resourceType":"Document"},"sessionId":"69DE6D1A85B5D627489871F60443E14A"}
org.openqa.selenium.devtools.DevToolsException: {"id":1423,"error":{"code":-32602,"message":"Invalid InterceptionId."},"sessionId":"69DE6D1A85B5D627489871F60443E14A"}
Build info: version: '4.11.0', revision: '040bc5406b'
System info: os.name: 'Windows 10', os.arch: 'amd64', os.version: '10.0', java.version: '11.0.18'
Driver info: driver.version: unknown
	at org.openqa.selenium.devtools.Connection.sendAndWait(Connection.java:181)
	at org.openqa.selenium.devtools.DevTools.send(DevTools.java:81)
	at org.openqa.selenium.devtools.idealized.Network.lambda$prepareToInterceptTraffic$3(Network.java:211)
	at org.openqa.selenium.remote.http.Filter.lambda$andFinally$1(Filter.java:55)
	at org.openqa.selenium.devtools.idealized.Network.lambda$prepareToInterceptTraffic$4(Network.java:226)
	at org.openqa.selenium.devtools.Connection.lambda$handle$4(Connection.java:321)
	at java.base/java.util.stream.ForEachOps$ForEachOp$OfRef.accept(ForEachOps.java:183)
	at java.base/java.util.stream.ReferencePipeline$2$1.accept(ReferencePipeline.java:177)
	at java.base/java.util.stream.ReferencePipeline$11$1.accept(ReferencePipeline.java:442)
	at java.base/java.util.HashMap$KeySpliterator.forEachRemaining(HashMap.java:1621)
	at java.base/java.util.stream.AbstractPipeline.copyInto(AbstractPipeline.java:484)
	at java.base/java.util.stream.AbstractPipeline.wrapAndCopyInto(AbstractPipeline.java:474)
	at java.base/java.util.stream.ForEachOps$ForEachOp.evaluateSequential(ForEachOps.java:150)
	at java.base/java.util.stream.ForEachOps$ForEachOp$OfRef.evaluateSequential(ForEachOps.java:173)
	at java.base/java.util.stream.AbstractPipeline.evaluate(AbstractPipeline.java:234)
	at java.base/java.util.stream.ReferencePipeline.forEach(ReferencePipeline.java:497)
	at org.openqa.selenium.devtools.Connection.handle(Connection.java:287)
	at org.openqa.selenium.devtools.Connection.access$200(Connection.java:57)
	at org.openqa.selenium.devtools.Connection$Listener.lambda$onText$0(Connection.java:224)
	at java.base/java.util.concurrent.ThreadPoolExecutor.runWorker(ThreadPoolExecutor.java:1128)
	at java.base/java.util.concurrent.ThreadPoolExecutor$Worker.run(ThreadPoolExecutor.java:628)
	at java.base/java.lang.Thread.run(Thread.java:829)
Caused by: org.openqa.selenium.WebDriverException: {"id":1423,"error":{"code":-32602,"message":"Invalid InterceptionId."},"sessionId":"69DE6D1A85B5D627489871F60443E14A"}
Build info: version: '4.11.0', revision: '040bc5406b'
System info: os.name: 'Windows 10', os.arch: 'amd64', os.version: '10.0', java.version: '11.0.18'
Driver info: driver.version: unknown
	at org.openqa.selenium.devtools.Connection.handle(Connection.java:260)
	... 5 more

Exception in thread "CDP Connection" org.openqa.selenium.devtools.DevToolsException: {"id":1423,"error":{"code":-32602,"message":"Invalid InterceptionId."},"sessionId":"69DE6D1A85B5D627489871F60443E14A"}
Build info: version: '4.11.0', revision: '040bc5406b'
System info: os.name: 'Windows 10', os.arch: 'amd64', os.version: '10.0', java.version: '11.0.18'
Driver info: driver.version: unknown
	at org.openqa.selenium.devtools.Connection$Listener.lambda$onText$0(Connection.java:227)
	at java.base/java.util.concurrent.ThreadPoolExecutor.runWorker(ThreadPoolExecutor.java:1128)
	at java.base/java.util.concurrent.ThreadPoolExecutor$Worker.run(ThreadPoolExecutor.java:628)
	at java.base/java.lang.Thread.run(Thread.java:829)
Caused by: org.openqa.selenium.devtools.DevToolsException: {"id":1423,"error":{"code":-32602,"message":"Invalid InterceptionId."},"sessionId":"69DE6D1A85B5D627489871F60443E14A"}
Build info: version: '4.11.0', revision: '040bc5406b'
System info: os.name: 'Windows 10', os.arch: 'amd64', os.version: '10.0', java.version: '11.0.18'
Driver info: driver.version: unknown
	at org.openqa.selenium.devtools.Connection.sendAndWait(Connection.java:181)
	at org.openqa.selenium.devtools.DevTools.send(DevTools.java:81)
	at org.openqa.selenium.devtools.idealized.Network.lambda$prepareToInterceptTraffic$3(Network.java:211)
	at org.openqa.selenium.remote.http.Filter.lambda$andFinally$1(Filter.java:55)
	at org.openqa.selenium.devtools.idealized.Network.lambda$prepareToInterceptTraffic$4(Network.java:226)
	at org.openqa.selenium.devtools.Connection.lambda$handle$4(Connection.java:321)
	at java.base/java.util.stream.ForEachOps$ForEachOp$OfRef.accept(ForEachOps.java:183)
	at java.base/java.util.stream.ReferencePipeline$2$1.accept(ReferencePipeline.java:177)
	at java.base/java.util.stream.ReferencePipeline$11$1.accept(ReferencePipeline.java:442)
	at java.base/java.util.HashMap$KeySpliterator.forEachRemaining(HashMap.java:1621)
	at java.base/java.util.stream.AbstractPipeline.copyInto(AbstractPipeline.java:484)
	at java.base/java.util.stream.AbstractPipeline.wrapAndCopyInto(AbstractPipeline.java:474)
	at java.base/java.util.stream.ForEachOps$ForEachOp.evaluateSequential(ForEachOps.java:150)
	at java.base/java.util.stream.ForEachOps$ForEachOp$OfRef.evaluateSequential(ForEachOps.java:173)
	at java.base/java.util.stream.AbstractPipeline.evaluate(AbstractPipeline.java:234)
	at java.base/java.util.stream.ReferencePipeline.forEach(ReferencePipeline.java:497)
	at org.openqa.selenium.devtools.Connection.handle(Connection.java:287)
	at org.openqa.selenium.devtools.Connection.access$200(Connection.java:57)
	at org.openqa.selenium.devtools.Connection$Listener.lambda$onText$0(Connection.java:224)
	... 3 more
Caused by: org.openqa.selenium.WebDriverException: {"id":1423,"error":{"code":-32602,"message":"Invalid InterceptionId."},"sessionId":"69DE6D1A85B5D627489871F60443E14A"}
Build info: version: '4.11.0', revision: '040bc5406b'
System info: os.name: 'Windows 10', os.arch: 'amd64', os.version: '10.0', java.version: '11.0.18'
Driver info: driver.version: unknown
	at org.openqa.selenium.devtools.Connection.handle(Connection.java:260)
	... 5 more
авг. 16, 2023 4:21:59 PM org.openqa.selenium.devtools.Connection$Listener lambda$onText$0
WARNING: Unable to process: {"method":"Fetch.requestPaused","params":{"requestId":"interception-job-235.0","request":{"url":"http://localhost:8080/static/css/main.8978894b.chunk.css","method":"GET","headers":{"Accept":"text/css,*/*;q=0.1","Referer":"http://localhost:8080/","User-Agent":"Mozilla/5.0 (Windows NT 10.0; Win64; x64) AppleWebKit/537.36 (KHTML, like Gecko) Chrome/116.0.0.0 Safari/537.36","sec-ch-ua":"\"Chromium\";v=\"116\", \"Not)A;Brand\";v=\"24\", \"Google Chrome\";v=\"116\"","sec-ch-ua-mobile":"?0","sec-ch-ua-platform":"\"Windows\""},"initialPriority":"VeryHigh","referrerPolicy":"unsafe-url"},"frameId":"D165F02B89151667DFD1BF49856829E7","resourceType":"Stylesheet","responseStatusCode":200,"responseStatusText":"","responseHeaders":[{"name":"Vary","value":"Origin"},{"name":"Vary","value":"Access-Control-Request-Method"},{"name":"Vary","value":"Access-Control-Request-Headers"},{"name":"Last-Modified","value":"Thu, 03 Aug 2023 10:18:16 GMT"},{"name":"Accept-Ranges","value":"bytes"},{"name":"Content-Type","value":"text/css"},{"name":"Content-Length","value":"700"},{"name":"Date","value":"Wed, 16 Aug 2023 13:20:22 GMT"}]},"sessionId":"69DE6D1A85B5D627489871F60443E14A"}
org.openqa.selenium.devtools.DevToolsException: {"id":1436,"error":{"code":-32602,"message":"Invalid InterceptionId."},"sessionId":"69DE6D1A85B5D627489871F60443E14A"}
Build info: version: '4.11.0', revision: '040bc5406b'
System info: os.name: 'Windows 10', os.arch: 'amd64', os.version: '10.0', java.version: '11.0.18'
Driver info: driver.version: unknown
	at org.openqa.selenium.devtools.Connection.sendAndWait(Connection.java:181)
	at org.openqa.selenium.devtools.DevTools.send(DevTools.java:81)
	at org.openqa.selenium.devtools.idealized.Network.lambda$prepareToInterceptTraffic$4(Network.java:194)
	at org.openqa.selenium.devtools.Connection.lambda$handle$4(Connection.java:321)
	at java.base/java.util.stream.ForEachOps$ForEachOp$OfRef.accept(ForEachOps.java:183)
	at java.base/java.util.stream.ReferencePipeline$2$1.accept(ReferencePipeline.java:177)
	at java.base/java.util.stream.ReferencePipeline$11$1.accept(ReferencePipeline.java:442)
	at java.base/java.util.HashMap$KeySpliterator.forEachRemaining(HashMap.java:1621)
	at java.base/java.util.stream.AbstractPipeline.copyInto(AbstractPipeline.java:484)
	at java.base/java.util.stream.AbstractPipeline.wrapAndCopyInto(AbstractPipeline.java:474)
	at java.base/java.util.stream.ForEachOps$ForEachOp.evaluateSequential(ForEachOps.java:150)
	at java.base/java.util.stream.ForEachOps$ForEachOp$OfRef.evaluateSequential(ForEachOps.java:173)
	at java.base/java.util.stream.AbstractPipeline.evaluate(AbstractPipeline.java:234)
	at java.base/java.util.stream.ReferencePipeline.forEach(ReferencePipeline.java:497)
	at org.openqa.selenium.devtools.Connection.handle(Connection.java:287)
	at org.openqa.selenium.devtools.Connection.access$200(Connection.java:57)
	at org.openqa.selenium.devtools.Connection$Listener.lambda$onText$0(Connection.java:224)
	at java.base/java.util.concurrent.ThreadPoolExecutor.runWorker(ThreadPoolExecutor.java:1128)
	at java.base/java.util.concurrent.ThreadPoolExecutor$Worker.run(ThreadPoolExecutor.java:628)
	at java.base/java.lang.Thread.run(Thread.java:829)
Caused by: org.openqa.selenium.WebDriverException: {"id":1436,"error":{"code":-32602,"message":"Invalid InterceptionId."},"sessionId":"69DE6D1A85B5D627489871F60443E14A"}
Build info: version: '4.11.0', revision: '040bc5406b'
System info: os.name: 'Windows 10', os.arch: 'amd64', os.version: '10.0', java.version: '11.0.18'
Driver info: driver.version: unknown
	at org.openqa.selenium.devtools.Connection.handle(Connection.java:260)
	... 5 more

Exception in thread "CDP Connection" org.openqa.selenium.devtools.DevToolsException: {"id":1436,"error":{"code":-32602,"message":"Invalid InterceptionId."},"sessionId":"69DE6D1A85B5D627489871F60443E14A"}
Build info: version: '4.11.0', revision: '040bc5406b'
System info: os.name: 'Windows 10', os.arch: 'amd64', os.version: '10.0', java.version: '11.0.18'
Driver info: driver.version: unknown
	at org.openqa.selenium.devtools.Connection$Listener.lambda$onText$0(Connection.java:227)
	at java.base/java.util.concurrent.ThreadPoolExecutor.runWorker(ThreadPoolExecutor.java:1128)
	at java.base/java.util.concurrent.ThreadPoolExecutor$Worker.run(ThreadPoolExecutor.java:628)
	at java.base/java.lang.Thread.run(Thread.java:829)
Caused by: org.openqa.selenium.devtools.DevToolsException: {"id":1436,"error":{"code":-32602,"message":"Invalid InterceptionId."},"sessionId":"69DE6D1A85B5D627489871F60443E14A"}
Build info: version: '4.11.0', revision: '040bc5406b'
System info: os.name: 'Windows 10', os.arch: 'amd64', os.version: '10.0', java.version: '11.0.18'
Driver info: driver.version: unknown
	at org.openqa.selenium.devtools.Connection.sendAndWait(Connection.java:181)
	at org.openqa.selenium.devtools.DevTools.send(DevTools.java:81)
	at org.openqa.selenium.devtools.idealized.Network.lambda$prepareToInterceptTraffic$4(Network.java:194)
	at org.openqa.selenium.devtools.Connection.lambda$handle$4(Connection.java:321)
	at java.base/java.util.stream.ForEachOps$ForEachOp$OfRef.accept(ForEachOps.java:183)
	at java.base/java.util.stream.ReferencePipeline$2$1.accept(ReferencePipeline.java:177)
	at java.base/java.util.stream.ReferencePipeline$11$1.accept(ReferencePipeline.java:442)
	at java.base/java.util.HashMap$KeySpliterator.forEachRemaining(HashMap.java:1621)
	at java.base/java.util.stream.AbstractPipeline.copyInto(AbstractPipeline.java:484)
	at java.base/java.util.stream.AbstractPipeline.wrapAndCopyInto(AbstractPipeline.java:474)
	at java.base/java.util.stream.ForEachOps$ForEachOp.evaluateSequential(ForEachOps.java:150)
	at java.base/java.util.stream.ForEachOps$ForEachOp$OfRef.evaluateSequential(ForEachOps.java:173)
	at java.base/java.util.stream.AbstractPipeline.evaluate(AbstractPipeline.java:234)
	at java.base/java.util.stream.ReferencePipeline.forEach(ReferencePipeline.java:497)
	at org.openqa.selenium.devtools.Connection.handle(Connection.java:287)
	at org.openqa.selenium.devtools.Connection.access$200(Connection.java:57)
	at org.openqa.selenium.devtools.Connection$Listener.lambda$onText$0(Connection.java:224)
	... 3 more
авг. 16, 2023 4:21:59 PM org.openqa.selenium.devtools.Connection$Listener lambda$onText$0
WARNING: Unable to process: {"method":"Fetch.requestPaused","params":{"requestId":"interception-job-237.0","request":{"url":"http://localhost:8080/static/js/main.aab190f3.chunk.js","method":"GET","headers":{"Accept":"*/*","Referer":"http://localhost:8080/","User-Agent":"Mozilla/5.0 (Windows NT 10.0; Win64; x64) AppleWebKit/537.36 (KHTML, like Gecko) Chrome/116.0.0.0 Safari/537.36","sec-ch-ua":"\"Chromium\";v=\"116\", \"Not)A;Brand\";v=\"24\", \"Google Chrome\";v=\"116\"","sec-ch-ua-mobile":"?0","sec-ch-ua-platform":"\"Windows\""},"initialPriority":"High","referrerPolicy":"strict-origin-when-cross-origin"},"frameId":"D165F02B89151667DFD1BF49856829E7","resourceType":"Script"},"sessionId":"69DE6D1A85B5D627489871F60443E14A"}
org.openqa.selenium.devtools.DevToolsException: {"id":1435,"error":{"code":-32602,"message":"Invalid InterceptionId."},"sessionId":"69DE6D1A85B5D627489871F60443E14A"}
Build info: version: '4.11.0', revision: '040bc5406b'
System info: os.name: 'Windows 10', os.arch: 'amd64', os.version: '10.0', java.version: '11.0.18'
Driver info: driver.version: unknown
	at org.openqa.selenium.devtools.Connection.sendAndWait(Connection.java:181)
	at org.openqa.selenium.devtools.DevTools.send(DevTools.java:81)
	at org.openqa.selenium.devtools.idealized.Network.lambda$prepareToInterceptTraffic$4(Network.java:233)
	at org.openqa.selenium.devtools.Connection.lambda$handle$4(Connection.java:321)
	at java.base/java.util.stream.ForEachOps$ForEachOp$OfRef.accept(ForEachOps.java:183)
	at java.base/java.util.stream.ReferencePipeline$2$1.accept(ReferencePipeline.java:177)
	at java.base/java.util.stream.ReferencePipeline$11$1.accept(ReferencePipeline.java:442)
	at java.base/java.util.HashMap$KeySpliterator.forEachRemaining(HashMap.java:1621)
	at java.base/java.util.stream.AbstractPipeline.copyInto(AbstractPipeline.java:484)
	at java.base/java.util.stream.AbstractPipeline.wrapAndCopyInto(AbstractPipeline.java:474)
	at java.base/java.util.stream.ForEachOps$ForEachOp.evaluateSequential(ForEachOps.java:150)
	at java.base/java.util.stream.ForEachOps$ForEachOp$OfRef.evaluateSequential(ForEachOps.java:173)
Caused by: org.openqa.selenium.WebDriverException: {"id":1436,"error":{"code":-32602,"message":"Invalid InterceptionId."},"sessionId":"69DE6D1A85B5D627489871F60443E14A"}
Build info: version: '4.11.0', revision: '040bc5406b'
System info: os.name: 'Windows 10', os.arch: 'amd64', os.version: '10.0', java.version: '11.0.18'
Driver info: driver.version: unknown
	at org.openqa.selenium.devtools.Connection.handle(Connection.java:260)
	... 5 more
	at java.base/java.util.stream.AbstractPipeline.evaluate(AbstractPipeline.java:234)
	at java.base/java.util.stream.ReferencePipeline.forEach(ReferencePipeline.java:497)
	at org.openqa.selenium.devtools.Connection.handle(Connection.java:287)
	at org.openqa.selenium.devtools.Connection.access$200(Connection.java:57)
	at org.openqa.selenium.devtools.Connection$Listener.lambda$onText$0(Connection.java:224)
	at java.base/java.util.concurrent.ThreadPoolExecutor.runWorker(ThreadPoolExecutor.java:1128)
	at java.base/java.util.concurrent.ThreadPoolExecutor$Worker.run(ThreadPoolExecutor.java:628)
	at java.base/java.lang.Thread.run(Thread.java:829)
Caused by: org.openqa.selenium.WebDriverException: {"id":1435,"error":{"code":-32602,"message":"Invalid InterceptionId."},"sessionId":"69DE6D1A85B5D627489871F60443E14A"}
Build info: version: '4.11.0', revision: '040bc5406b'
System info: os.name: 'Windows 10', os.arch: 'amd64', os.version: '10.0', java.version: '11.0.18'
Driver info: driver.version: unknown
	at org.openqa.selenium.devtools.Connection.handle(Connection.java:260)
	... 5 more

Exception in thread "CDP Connection" org.openqa.selenium.devtools.DevToolsException: {"id":1435,"error":{"code":-32602,"message":"Invalid InterceptionId."},"sessionId":"69DE6D1A85B5D627489871F60443E14A"}
Build info: version: '4.11.0', revision: '040bc5406b'
System info: os.name: 'Windows 10', os.arch: 'amd64', os.version: '10.0', java.version: '11.0.18'
Driver info: driver.version: unknown
	at org.openqa.selenium.devtools.Connection$Listener.lambda$onText$0(Connection.java:227)
	at java.base/java.util.concurrent.ThreadPoolExecutor.runWorker(ThreadPoolExecutor.java:1128)
	at java.base/java.util.concurrent.ThreadPoolExecutor$Worker.run(ThreadPoolExecutor.java:628)
	at java.base/java.lang.Thread.run(Thread.java:829)
Caused by: org.openqa.selenium.devtools.DevToolsException: {"id":1435,"error":{"code":-32602,"message":"Invalid InterceptionId."},"sessionId":"69DE6D1A85B5D627489871F60443E14A"}
Build info: version: '4.11.0', revision: '040bc5406b'
System info: os.name: 'Windows 10', os.arch: 'amd64', os.version: '10.0', java.version: '11.0.18'
Driver info: driver.version: unknown
	at org.openqa.selenium.devtools.Connection.sendAndWait(Connection.java:181)
	at org.openqa.selenium.devtools.DevTools.send(DevTools.java:81)
	at org.openqa.selenium.devtools.idealized.Network.lambda$prepareToInterceptTraffic$4(Network.java:233)
	at org.openqa.selenium.devtools.Connection.lambda$handle$4(Connection.java:321)
	at java.base/java.util.stream.ForEachOps$ForEachOp$OfRef.accept(ForEachOps.java:183)
	at java.base/java.util.stream.ReferencePipeline$2$1.accept(ReferencePipeline.java:177)
	at java.base/java.util.stream.ReferencePipeline$11$1.accept(ReferencePipeline.java:442)
	at java.base/java.util.HashMap$KeySpliterator.forEachRemaining(HashMap.java:1621)
	at java.base/java.util.stream.AbstractPipeline.copyInto(AbstractPipeline.java:484)
	at java.base/java.util.stream.AbstractPipeline.wrapAndCopyInto(AbstractPipeline.java:474)
	at java.base/java.util.stream.ForEachOps$ForEachOp.evaluateSequential(ForEachOps.java:150)
	at java.base/java.util.stream.ForEachOps$ForEachOp$OfRef.evaluateSequential(ForEachOps.java:173)
	at java.base/java.util.stream.AbstractPipeline.evaluate(AbstractPipeline.java:234)
	at java.base/java.util.stream.ReferencePipeline.forEach(ReferencePipeline.java:497)
	at org.openqa.selenium.devtools.Connection.handle(Connection.java:287)
	at org.openqa.selenium.devtools.Connection.access$200(Connection.java:57)
	at org.openqa.selenium.devtools.Connection$Listener.lambda$onText$0(Connection.java:224)
	... 3 more
Caused by: org.openqa.selenium.WebDriverException: {"id":1435,"error":{"code":-32602,"message":"Invalid InterceptionId."},"sessionId":"69DE6D1A85B5D627489871F60443E14A"}
Build info: version: '4.11.0', revision: '040bc5406b'
System info: os.name: 'Windows 10', os.arch: 'amd64', os.version: '10.0', java.version: '11.0.18'
Driver info: driver.version: unknown
	at org.openqa.selenium.devtools.Connection.handle(Connection.java:260)
	... 5 more
авг. 16, 2023 4:21:59 PM org.openqa.selenium.devtools.Connection$Listener lambda$onText$0
WARNING: Unable to process: {"method":"Fetch.requestPaused","params":{"requestId":"interception-job-235.0","request":{"url":"http://localhost:8080/static/css/main.8978894b.chunk.css","method":"GET","headers":{"Accept":"text/css,*/*;q=0.1","Referer":"http://localhost:8080/","User-Agent":"Mozilla/5.0 (Windows NT 10.0; Win64; x64) AppleWebKit/537.36 (KHTML, like Gecko) Chrome/116.0.0.0 Safari/537.36","sec-ch-ua":"\"Chromium\";v=\"116\", \"Not)A;Brand\";v=\"24\", \"Google Chrome\";v=\"116\"","sec-ch-ua-mobile":"?0","sec-ch-ua-platform":"\"Windows\""},"initialPriority":"VeryHigh","referrerPolicy":"strict-origin-when-cross-origin"},"frameId":"D165F02B89151667DFD1BF49856829E7","resourceType":"Stylesheet"},"sessionId":"69DE6D1A85B5D627489871F60443E14A"}
org.openqa.selenium.devtools.DevToolsException: {"id":1437,"error":{"code":-32602,"message":"Invalid InterceptionId."},"sessionId":"69DE6D1A85B5D627489871F60443E14A"}
Build info: version: '4.11.0', revision: '040bc5406b'
System info: os.name: 'Windows 10', os.arch: 'amd64', os.version: '10.0', java.version: '11.0.18'
Driver info: driver.version: unknown
	at org.openqa.selenium.devtools.Connection.sendAndWait(Connection.java:181)
	at org.openqa.selenium.devtools.DevTools.send(DevTools.java:81)
	at org.openqa.selenium.devtools.idealized.Network.lambda$prepareToInterceptTraffic$3(Network.java:211)
	at org.openqa.selenium.remote.http.Filter.lambda$andFinally$1(Filter.java:55)
	at org.openqa.selenium.devtools.idealized.Network.lambda$prepareToInterceptTraffic$4(Network.java:226)
	at org.openqa.selenium.devtools.Connection.lambda$handle$4(Connection.java:321)
	at java.base/java.util.stream.ForEachOps$ForEachOp$OfRef.accept(ForEachOps.java:183)
	at java.base/java.util.stream.ReferencePipeline$2$1.accept(ReferencePipeline.java:177)
	at java.base/java.util.stream.ReferencePipeline$11$1.accept(ReferencePipeline.java:442)
	at java.base/java.util.HashMap$KeySpliterator.forEachRemaining(HashMap.java:1621)
	at java.base/java.util.stream.AbstractPipeline.copyInto(AbstractPipeline.java:484)
	at java.base/java.util.stream.AbstractPipeline.wrapAndCopyInto(AbstractPipeline.java:474)
	at java.base/java.util.stream.ForEachOps$ForEachOp.evaluateSequential(ForEachOps.java:150)
	at java.base/java.util.stream.ForEachOps$ForEachOp$OfRef.evaluateSequential(ForEachOps.java:173)
	at java.base/java.util.stream.AbstractPipeline.evaluate(AbstractPipeline.java:234)
	at java.base/java.util.stream.ReferencePipeline.forEach(ReferencePipeline.java:497)
	at org.openqa.selenium.devtools.Connection.handle(Connection.java:287)
	at org.openqa.selenium.devtools.Connection.access$200(Connection.java:57)
	at org.openqa.selenium.devtools.Connection$Listener.lambda$onText$0(Connection.java:224)
	at java.base/java.util.concurrent.ThreadPoolExecutor.runWorker(ThreadPoolExecutor.java:1128)
	at java.base/java.util.concurrent.ThreadPoolExecutor$Worker.run(ThreadPoolExecutor.java:628)
	at java.base/java.lang.Thread.run(Thread.java:829)
Caused by: org.openqa.selenium.WebDriverException: {"id":1437,"error":{"code":-32602,"message":"Invalid InterceptionId."},"sessionId":"69DE6D1A85B5D627489871F60443E14A"}
Build info: version: '4.11.0', revision: '040bc5406b'
System info: os.name: 'Windows 10', os.arch: 'amd64', os.version: '10.0', java.version: '11.0.18'
Driver info: driver.version: unknown
	at org.openqa.selenium.devtools.Connection.handle(Connection.java:260)
	... 5 more

Exception in thread "CDP Connection" org.openqa.selenium.devtools.DevToolsException: {"id":1437,"error":{"code":-32602,"message":"Invalid InterceptionId."},"sessionId":"69DE6D1A85B5D627489871F60443E14A"}
Build info: version: '4.11.0', revision: '040bc5406b'
System info: os.name: 'Windows 10', os.arch: 'amd64', os.version: '10.0', java.version: '11.0.18'
Driver info: driver.version: unknown
	at org.openqa.selenium.devtools.Connection$Listener.lambda$onText$0(Connection.java:227)
	at java.base/java.util.concurrent.ThreadPoolExecutor.runWorker(ThreadPoolExecutor.java:1128)
	at java.base/java.util.concurrent.ThreadPoolExecutor$Worker.run(ThreadPoolExecutor.java:628)
	at java.base/java.lang.Thread.run(Thread.java:829)
Caused by: org.openqa.selenium.devtools.DevToolsException: {"id":1437,"error":{"code":-32602,"message":"Invalid InterceptionId."},"sessionId":"69DE6D1A85B5D627489871F60443E14A"}
Build info: version: '4.11.0', revision: '040bc5406b'
System info: os.name: 'Windows 10', os.arch: 'amd64', os.version: '10.0', java.version: '11.0.18'
Driver info: driver.version: unknown
	at org.openqa.selenium.devtools.Connection.sendAndWait(Connection.java:181)
	at org.openqa.selenium.devtools.DevTools.send(DevTools.java:81)
	at org.openqa.selenium.devtools.idealized.Network.lambda$prepareToInterceptTraffic$3(Network.java:211)
	at org.openqa.selenium.remote.http.Filter.lambda$andFinally$1(Filter.java:55)
	at org.openqa.selenium.devtools.idealized.Network.lambda$prepareToInterceptTraffic$4(Network.java:226)
	at org.openqa.selenium.devtools.Connection.lambda$handle$4(Connection.java:321)
	at java.base/java.util.stream.ForEachOps$ForEachOp$OfRef.accept(ForEachOps.java:183)
	at java.base/java.util.stream.ReferencePipeline$2$1.accept(ReferencePipeline.java:177)
	at java.base/java.util.stream.ReferencePipeline$11$1.accept(ReferencePipeline.java:442)
	at java.base/java.util.HashMap$KeySpliterator.forEachRemaining(HashMap.java:1621)
	at java.base/java.util.stream.AbstractPipeline.copyInto(AbstractPipeline.java:484)
	at java.base/java.util.stream.AbstractPipeline.wrapAndCopyInto(AbstractPipeline.java:474)
	at java.base/java.util.stream.ForEachOps$ForEachOp.evaluateSequential(ForEachOps.java:150)
	at java.base/java.util.stream.ForEachOps$ForEachOp$OfRef.evaluateSequential(ForEachOps.java:173)
	at java.base/java.util.stream.AbstractPipeline.evaluate(AbstractPipeline.java:234)
	at java.base/java.util.stream.ReferencePipeline.forEach(ReferencePipeline.java:497)
	at org.openqa.selenium.devtools.Connection.handle(Connection.java:287)
	at org.openqa.selenium.devtools.Connection.access$200(Connection.java:57)
	at org.openqa.selenium.devtools.Connection$Listener.lambda$onText$0(Connection.java:224)
	... 3 more
Caused by: org.openqa.selenium.WebDriverException: {"id":1437,"error":{"code":-32602,"message":"Invalid InterceptionId."},"sessionId":"69DE6D1A85B5D627489871F60443E14A"}
Build info: version: '4.11.0', revision: '040bc5406b'
System info: os.name: 'Windows 10', os.arch: 'amd64', os.version: '10.0', java.version: '11.0.18'
Driver info: driver.version: unknown
	at org.openqa.selenium.devtools.Connection.handle(Connection.java:260)
	... 5 more
авг. 16, 2023 4:21:59 PM org.openqa.selenium.devtools.Connection$Listener lambda$onText$0
WARNING: Unable to process: {"method":"Fetch.requestPaused","params":{"requestId":"interception-job-237.0","request":{"url":"http://localhost:8080/static/js/main.aab190f3.chunk.js","method":"GET","headers":{"Accept":"*/*","Referer":"http://localhost:8080/","User-Agent":"Mozilla/5.0 (Windows NT 10.0; Win64; x64) AppleWebKit/537.36 (KHTML, like Gecko) Chrome/116.0.0.0 Safari/537.36","sec-ch-ua":"\"Chromium\";v=\"116\", \"Not)A;Brand\";v=\"24\", \"Google Chrome\";v=\"116\"","sec-ch-ua-mobile":"?0","sec-ch-ua-platform":"\"Windows\""},"initialPriority":"High","referrerPolicy":"unsafe-url"},"frameId":"D165F02B89151667DFD1BF49856829E7","resourceType":"Script","responseStatusCode":200,"responseStatusText":"","responseHeaders":[{"name":"Vary","value":"Origin"},{"name":"Vary","value":"Access-Control-Request-Method"},{"name":"Vary","value":"Access-Control-Request-Headers"},{"name":"Last-Modified","value":"Thu, 03 Aug 2023 10:18:16 GMT"},{"name":"Accept-Ranges","value":"bytes"},{"name":"Content-Type","value":"application/javascript"},{"name":"Content-Length","value":"9137"},{"name":"Date","value":"Wed, 16 Aug 2023 13:20:22 GMT"}]},"sessionId":"69DE6D1A85B5D627489871F60443E14A"}
org.openqa.selenium.devtools.DevToolsException: {"id":1440,"error":{"code":-32602,"message":"Invalid InterceptionId."},"sessionId":"69DE6D1A85B5D627489871F60443E14A"}
Build info: version: '4.11.0', revision: '040bc5406b'
System info: os.name: 'Windows 10', os.arch: 'amd64', os.version: '10.0', java.version: '11.0.18'
Driver info: driver.version: unknown
	at org.openqa.selenium.devtools.Connection.sendAndWait(Connection.java:181)
	at org.openqa.selenium.devtools.DevTools.send(DevTools.java:81)
	at org.openqa.selenium.devtools.idealized.Network.lambda$prepareToInterceptTraffic$4(Network.java:194)
	at org.openqa.selenium.devtools.Connection.lambda$handle$4(Connection.java:321)
	at java.base/java.util.stream.ForEachOps$ForEachOp$OfRef.accept(ForEachOps.java:183)
	at java.base/java.util.stream.ReferencePipeline$2$1.accept(ReferencePipeline.java:177)
	at java.base/java.util.stream.ReferencePipeline$11$1.accept(ReferencePipeline.java:442)
	at java.base/java.util.HashMap$KeySpliterator.forEachRemaining(HashMap.java:1621)
	at java.base/java.util.stream.AbstractPipeline.copyInto(AbstractPipeline.java:484)
	at java.base/java.util.stream.AbstractPipeline.wrapAndCopyInto(AbstractPipeline.java:474)
	at java.base/java.util.stream.ForEachOps$ForEachOp.evaluateSequential(ForEachOps.java:150)
	at java.base/java.util.stream.ForEachOps$ForEachOp$OfRef.evaluateSequential(ForEachOps.java:173)
	at java.base/java.util.stream.AbstractPipeline.evaluate(AbstractPipeline.java:234)
	at java.base/java.util.stream.ReferencePipeline.forEach(ReferencePipeline.java:497)
	at org.openqa.selenium.devtools.Connection.handle(Connection.java:287)
	at org.openqa.selenium.devtools.Connection.access$200(Connection.java:57)
	at org.openqa.selenium.devtools.Connection$Listener.lambda$onText$0(Connection.java:224)
	at java.base/java.util.concurrent.ThreadPoolExecutor.runWorker(ThreadPoolExecutor.java:1128)
	at java.base/java.util.concurrent.ThreadPoolExecutor$Worker.run(ThreadPoolExecutor.java:628)
	at java.base/java.lang.Thread.run(Thread.java:829)
Caused by: org.openqa.selenium.WebDriverException: {"id":1440,"error":{"code":-32602,"message":"Invalid InterceptionId."},"sessionId":"69DE6D1A85B5D627489871F60443E14A"}
Build info: version: '4.11.0', revision: '040bc5406b'
System info: os.name: 'Windows 10', os.arch: 'amd64', os.version: '10.0', java.version: '11.0.18'
Driver info: driver.version: unknown
	at org.openqa.selenium.devtools.Connection.handle(Connection.java:260)
	... 5 more

Exception in thread "CDP Connection" org.openqa.selenium.devtools.DevToolsException: {"id":1440,"error":{"code":-32602,"message":"Invalid InterceptionId."},"sessionId":"69DE6D1A85B5D627489871F60443E14A"}
Build info: version: '4.11.0', revision: '040bc5406b'
System info: os.name: 'Windows 10', os.arch: 'amd64', os.version: '10.0', java.version: '11.0.18'
Driver info: driver.version: unknown
	at org.openqa.selenium.devtools.Connection$Listener.lambda$onText$0(Connection.java:227)
	at java.base/java.util.concurrent.ThreadPoolExecutor.runWorker(ThreadPoolExecutor.java:1128)
	at java.base/java.util.concurrent.ThreadPoolExecutor$Worker.run(ThreadPoolExecutor.java:628)
	at java.base/java.lang.Thread.run(Thread.java:829)
Caused by: org.openqa.selenium.devtools.DevToolsException: {"id":1440,"error":{"code":-32602,"message":"Invalid InterceptionId."},"sessionId":"69DE6D1A85B5D627489871F60443E14A"}
Build info: version: '4.11.0', revision: '040bc5406b'
System info: os.name: 'Windows 10', os.arch: 'amd64', os.version: '10.0', java.version: '11.0.18'
Driver info: driver.version: unknown
	at org.openqa.selenium.devtools.Connection.sendAndWait(Connection.java:181)
	at org.openqa.selenium.devtools.DevTools.send(DevTools.java:81)
	at org.openqa.selenium.devtools.idealized.Network.lambda$prepareToInterceptTraffic$4(Network.java:194)
	at org.openqa.selenium.devtools.Connection.lambda$handle$4(Connection.java:321)
	at java.base/java.util.stream.ForEachOps$ForEachOp$OfRef.accept(ForEachOps.java:183)
	at java.base/java.util.stream.ReferencePipeline$2$1.accept(ReferencePipeline.java:177)
	at java.base/java.util.stream.ReferencePipeline$11$1.accept(ReferencePipeline.java:442)
	at java.base/java.util.HashMap$KeySpliterator.forEachRemaining(HashMap.java:1621)
	at java.base/java.util.stream.AbstractPipeline.copyInto(AbstractPipeline.java:484)
	at java.base/java.util.stream.AbstractPipeline.wrapAndCopyInto(AbstractPipeline.java:474)
	at java.base/java.util.stream.ForEachOps$ForEachOp.evaluateSequential(ForEachOps.java:150)
	at java.base/java.util.stream.ForEachOps$ForEachOp$OfRef.evaluateSequential(ForEachOps.java:173)
	at java.base/java.util.stream.AbstractPipeline.evaluate(AbstractPipeline.java:234)
	at java.base/java.util.stream.ReferencePipeline.forEach(ReferencePipeline.java:497)
	at org.openqa.selenium.devtools.Connection.handle(Connection.java:287)
	at org.openqa.selenium.devtools.Connection.access$200(Connection.java:57)
	at org.openqa.selenium.devtools.Connection$Listener.lambda$onText$0(Connection.java:224)
	... 3 more
Caused by: org.openqa.selenium.WebDriverException: {"id":1440,"error":{"code":-32602,"message":"Invalid InterceptionId."},"sessionId":"69DE6D1A85B5D627489871F60443E14A"}
Build info: version: '4.11.0', revision: '040bc5406b'
System info: os.name: 'Windows 10', os.arch: 'amd64', os.version: '10.0', java.version: '11.0.18'
Driver info: driver.version: unknown
	at org.openqa.selenium.devtools.Connection.handle(Connection.java:260)
	... 5 more
авг. 16, 2023 4:21:59 PM org.openqa.selenium.devtools.Connection$Listener lambda$onText$0
WARNING: Unable to process: {"method":"Fetch.requestPaused","params":{"requestId":"interception-job-234.0","request":{"url":"http://localhost:8080/static/css/2.7d875902.chunk.css","method":"GET","headers":{"Accept":"text/css,*/*;q=0.1","Referer":"http://localhost:8080/","User-Agent":"Mozilla/5.0 (Windows NT 10.0; Win64; x64) AppleWebKit/537.36 (KHTML, like Gecko) Chrome/116.0.0.0 Safari/537.36","sec-ch-ua":"\"Chromium\";v=\"116\", \"Not)A;Brand\";v=\"24\", \"Google Chrome\";v=\"116\"","sec-ch-ua-mobile":"?0","sec-ch-ua-platform":"\"Windows\""},"initialPriority":"VeryHigh","referrerPolicy":"unsafe-url"},"frameId":"D165F02B89151667DFD1BF49856829E7","resourceType":"Stylesheet","responseStatusCode":200,"responseStatusText":"","responseHeaders":[{"name":"Vary","value":"Origin"},{"name":"Vary","value":"Access-Control-Request-Method"},{"name":"Vary","value":"Access-Control-Request-Headers"},{"name":"Last-Modified","value":"Thu, 03 Aug 2023 10:18:16 GMT"},{"name":"Accept-Ranges","value":"bytes"},{"name":"Content-Type","value":"text/css"},{"name":"Content-Length","value":"87563"},{"name":"Date","value":"Wed, 16 Aug 2023 13:20:22 GMT"}]},"sessionId":"69DE6D1A85B5D627489871F60443E14A"}
org.openqa.selenium.devtools.DevToolsException: {"id":1443,"error":{"code":-32602,"message":"Invalid InterceptionId."},"sessionId":"69DE6D1A85B5D627489871F60443E14A"}
Build info: version: '4.11.0', revision: '040bc5406b'
System info: os.name: 'Windows 10', os.arch: 'amd64', os.version: '10.0', java.version: '11.0.18'
Driver info: driver.version: unknown
	at org.openqa.selenium.devtools.Connection.sendAndWait(Connection.java:181)
	at org.openqa.selenium.devtools.DevTools.send(DevTools.java:81)
	at org.openqa.selenium.devtools.idealized.Network.lambda$prepareToInterceptTraffic$4(Network.java:194)
	at org.openqa.selenium.devtools.Connection.lambda$handle$4(Connection.java:321)
	at java.base/java.util.stream.ForEachOps$ForEachOp$OfRef.accept(ForEachOps.java:183)
	at java.base/java.util.stream.ReferencePipeline$2$1.accept(ReferencePipeline.java:177)
	at java.base/java.util.stream.ReferencePipeline$11$1.accept(ReferencePipeline.java:442)
	at java.base/java.util.HashMap$KeySpliterator.forEachRemaining(HashMap.java:1621)
	at java.base/java.util.stream.AbstractPipeline.copyInto(AbstractPipeline.java:484)
	at java.base/java.util.stream.AbstractPipeline.wrapAndCopyInto(AbstractPipeline.java:474)
	at java.base/java.util.stream.ForEachOps$ForEachOp.evaluateSequential(ForEachOps.java:150)
	at java.base/java.util.stream.ForEachOps$ForEachOp$OfRef.evaluateSequential(ForEachOps.java:173)
	at java.base/java.util.stream.AbstractPipeline.evaluate(AbstractPipeline.java:234)
	at java.base/java.util.stream.ReferencePipeline.forEach(ReferencePipeline.java:497)
	at org.openqa.selenium.devtools.Connection.handle(Connection.java:287)
	at org.openqa.selenium.devtools.Connection.access$200(Connection.java:57)
	at org.openqa.selenium.devtools.Connection$Listener.lambda$onText$0(Connection.java:224)
	at java.base/java.util.concurrent.ThreadPoolExecutor.runWorker(ThreadPoolExecutor.java:1128)
	at java.base/java.util.concurrent.ThreadPoolExecutor$Worker.run(ThreadPoolExecutor.java:628)
	at java.base/java.lang.Thread.run(Thread.java:829)
Caused by: org.openqa.selenium.WebDriverException: {"id":1443,"error":{"code":-32602,"message":"Invalid InterceptionId."},"sessionId":"69DE6D1A85B5D627489871F60443E14A"}
Build info: version: '4.11.0', revision: '040bc5406b'
System info: os.name: 'Windows 10', os.arch: 'amd64', os.version: '10.0', java.version: '11.0.18'
Driver info: driver.version: unknown
	at org.openqa.selenium.devtools.Connection.handle(Connection.java:260)
	... 5 more

Exception in thread "CDP Connection" org.openqa.selenium.devtools.DevToolsException: {"id":1443,"error":{"code":-32602,"message":"Invalid InterceptionId."},"sessionId":"69DE6D1A85B5D627489871F60443E14A"}
Build info: version: '4.11.0', revision: '040bc5406b'
System info: os.name: 'Windows 10', os.arch: 'amd64', os.version: '10.0', java.version: '11.0.18'
Driver info: driver.version: unknown
	at org.openqa.selenium.devtools.Connection$Listener.lambda$onText$0(Connection.java:227)
	at java.base/java.util.concurrent.ThreadPoolExecutor.runWorker(ThreadPoolExecutor.java:1128)
	at java.base/java.util.concurrent.ThreadPoolExecutor$Worker.run(ThreadPoolExecutor.java:628)
	at java.base/java.lang.Thread.run(Thread.java:829)
Caused by: org.openqa.selenium.devtools.DevToolsException: {"id":1443,"error":{"code":-32602,"message":"Invalid InterceptionId."},"sessionId":"69DE6D1A85B5D627489871F60443E14A"}
Build info: version: '4.11.0', revision: '040bc5406b'
System info: os.name: 'Windows 10', os.arch: 'amd64', os.version: '10.0', java.version: '11.0.18'
Driver info: driver.version: unknown
	at org.openqa.selenium.devtools.Connection.sendAndWait(Connection.java:181)
	at org.openqa.selenium.devtools.DevTools.send(DevTools.java:81)
	at org.openqa.selenium.devtools.idealized.Network.lambda$prepareToInterceptTraffic$4(Network.java:194)
	at org.openqa.selenium.devtools.Connection.lambda$handle$4(Connection.java:321)
	at java.base/java.util.stream.ForEachOps$ForEachOp$OfRef.accept(ForEachOps.java:183)
	at java.base/java.util.stream.ReferencePipeline$2$1.accept(ReferencePipeline.java:177)
	at java.base/java.util.stream.ReferencePipeline$11$1.accept(ReferencePipeline.java:442)
	at java.base/java.util.HashMap$KeySpliterator.forEachRemaining(HashMap.java:1621)
	at java.base/java.util.stream.AbstractPipeline.copyInto(AbstractPipeline.java:484)
	at java.base/java.util.stream.AbstractPipeline.wrapAndCopyInto(AbstractPipeline.java:474)
	at java.base/java.util.stream.ForEachOps$ForEachOp.evaluateSequential(ForEachOps.java:150)
	at java.base/java.util.stream.ForEachOps$ForEachOp$OfRef.evaluateSequential(ForEachOps.java:173)
	at java.base/java.util.stream.AbstractPipeline.evaluate(AbstractPipeline.java:234)
	at java.base/java.util.stream.ReferencePipeline.forEach(ReferencePipeline.java:497)
	at org.openqa.selenium.devtools.Connection.handle(Connection.java:287)
	at org.openqa.selenium.devtools.Connection.access$200(Connection.java:57)
	at org.openqa.selenium.devtools.Connection$Listener.lambda$onText$0(Connection.java:224)
	... 3 more
Caused by: org.openqa.selenium.WebDriverException: {"id":1443,"error":{"code":-32602,"message":"Invalid InterceptionId."},"sessionId":"69DE6D1A85B5D627489871F60443E14A"}
Build info: version: '4.11.0', revision: '040bc5406b'
System info: os.name: 'Windows 10', os.arch: 'amd64', os.version: '10.0', java.version: '11.0.18'
Driver info: driver.version: unknown
	at org.openqa.selenium.devtools.Connection.handle(Connection.java:260)
	... 5 more
авг. 16, 2023 4:21:59 PM org.openqa.selenium.devtools.Connection$Listener lambda$onText$0
WARNING: Unable to process: {"method":"Fetch.requestPaused","params":{"requestId":"interception-job-234.0","request":{"url":"http://localhost:8080/static/css/2.7d875902.chunk.css","method":"GET","headers":{"Accept":"text/css,*/*;q=0.1","Referer":"http://localhost:8080/","User-Agent":"Mozilla/5.0 (Windows NT 10.0; Win64; x64) AppleWebKit/537.36 (KHTML, like Gecko) Chrome/116.0.0.0 Safari/537.36","sec-ch-ua":"\"Chromium\";v=\"116\", \"Not)A;Brand\";v=\"24\", \"Google Chrome\";v=\"116\"","sec-ch-ua-mobile":"?0","sec-ch-ua-platform":"\"Windows\""},"initialPriority":"VeryHigh","referrerPolicy":"strict-origin-when-cross-origin"},"frameId":"D165F02B89151667DFD1BF49856829E7","resourceType":"Stylesheet"},"sessionId":"69DE6D1A85B5D627489871F60443E14A"}
org.openqa.selenium.devtools.DevToolsException: {"id":1444,"error":{"code":-32602,"message":"Invalid InterceptionId."},"sessionId":"69DE6D1A85B5D627489871F60443E14A"}
Build info: version: '4.11.0', revision: '040bc5406b'
System info: os.name: 'Windows 10', os.arch: 'amd64', os.version: '10.0', java.version: '11.0.18'
Driver info: driver.version: unknown
	at org.openqa.selenium.devtools.Connection.sendAndWait(Connection.java:181)
	at org.openqa.selenium.devtools.DevTools.send(DevTools.java:81)
	at org.openqa.selenium.devtools.idealized.Network.lambda$prepareToInterceptTraffic$3(Network.java:211)
	at org.openqa.selenium.remote.http.Filter.lambda$andFinally$1(Filter.java:55)
	at org.openqa.selenium.devtools.idealized.Network.lambda$prepareToInterceptTraffic$4(Network.java:226)
	at org.openqa.selenium.devtools.Connection.lambda$handle$4(Connection.java:321)
	at java.base/java.util.stream.ForEachOps$ForEachOp$OfRef.accept(ForEachOps.java:183)
	at java.base/java.util.stream.ReferencePipeline$2$1.accept(ReferencePipeline.java:177)
	at java.base/java.util.stream.ReferencePipeline$11$1.accept(ReferencePipeline.java:442)
	at java.base/java.util.HashMap$KeySpliterator.forEachRemaining(HashMap.java:1621)
	at java.base/java.util.stream.AbstractPipeline.copyInto(AbstractPipeline.java:484)
	at java.base/java.util.stream.AbstractPipeline.wrapAndCopyInto(AbstractPipeline.java:474)
	at java.base/java.util.stream.ForEachOps$ForEachOp.evaluateSequential(ForEachOps.java:150)
	at java.base/java.util.stream.ForEachOps$ForEachOp$OfRef.evaluateSequential(ForEachOps.java:173)
	at java.base/java.util.stream.AbstractPipeline.evaluate(AbstractPipeline.java:234)
	at java.base/java.util.stream.ReferencePipeline.forEach(ReferencePipeline.java:497)
	at org.openqa.selenium.devtools.Connection.handle(Connection.java:287)
	at org.openqa.selenium.devtools.Connection.access$200(Connection.java:57)
	at org.openqa.selenium.devtools.Connection$Listener.lambda$onText$0(Connection.java:224)
	at java.base/java.util.concurrent.ThreadPoolExecutor.runWorker(ThreadPoolExecutor.java:1128)
	at java.base/java.util.concurrent.ThreadPoolExecutor$Worker.run(ThreadPoolExecutor.java:628)
	at java.base/java.lang.Thread.run(Thread.java:829)
Caused by: org.openqa.selenium.WebDriverException: {"id":1444,"error":{"code":-32602,"message":"Invalid InterceptionId."},"sessionId":"69DE6D1A85B5D627489871F60443E14A"}
Build info: version: '4.11.0', revision: '040bc5406b'
System info: os.name: 'Windows 10', os.arch: 'amd64', os.version: '10.0', java.version: '11.0.18'
Driver info: driver.version: unknown
	at org.openqa.selenium.devtools.Connection.handle(Connection.java:260)
	... 5 more

Exception in thread "CDP Connection" org.openqa.selenium.devtools.DevToolsException: {"id":1444,"error":{"code":-32602,"message":"Invalid InterceptionId."},"sessionId":"69DE6D1A85B5D627489871F60443E14A"}
Build info: version: '4.11.0', revision: '040bc5406b'
System info: os.name: 'Windows 10', os.arch: 'amd64', os.version: '10.0', java.version: '11.0.18'
Driver info: driver.version: unknown
	at org.openqa.selenium.devtools.Connection$Listener.lambda$onText$0(Connection.java:227)
	at java.base/java.util.concurrent.ThreadPoolExecutor.runWorker(ThreadPoolExecutor.java:1128)
	at java.base/java.util.concurrent.ThreadPoolExecutor$Worker.run(ThreadPoolExecutor.java:628)
	at java.base/java.lang.Thread.run(Thread.java:829)
Caused by: org.openqa.selenium.devtools.DevToolsException: {"id":1444,"error":{"code":-32602,"message":"Invalid InterceptionId."},"sessionId":"69DE6D1A85B5D627489871F60443E14A"}
Build info: version: '4.11.0', revision: '040bc5406b'
System info: os.name: 'Windows 10', os.arch: 'amd64', os.version: '10.0', java.version: '11.0.18'
Driver info: driver.version: unknown
	at org.openqa.selenium.devtools.Connection.sendAndWait(Connection.java:181)
	at org.openqa.selenium.devtools.DevTools.send(DevTools.java:81)
	at org.openqa.selenium.devtools.idealized.Network.lambda$prepareToInterceptTraffic$3(Network.java:211)
	at org.openqa.selenium.remote.http.Filter.lambda$andFinally$1(Filter.java:55)
	at org.openqa.selenium.devtools.idealized.Network.lambda$prepareToInterceptTraffic$4(Network.java:226)
	at org.openqa.selenium.devtools.Connection.lambda$handle$4(Connection.java:321)
	at java.base/java.util.stream.ForEachOps$ForEachOp$OfRef.accept(ForEachOps.java:183)
	at java.base/java.util.stream.ReferencePipeline$2$1.accept(ReferencePipeline.java:177)
	at java.base/java.util.stream.ReferencePipeline$11$1.accept(ReferencePipeline.java:442)
	at java.base/java.util.HashMap$KeySpliterator.forEachRemaining(HashMap.java:1621)
	at java.base/java.util.stream.AbstractPipeline.copyInto(AbstractPipeline.java:484)
	at java.base/java.util.stream.AbstractPipeline.wrapAndCopyInto(AbstractPipeline.java:474)
	at java.base/java.util.stream.ForEachOps$ForEachOp.evaluateSequential(ForEachOps.java:150)
	at java.base/java.util.stream.ForEachOps$ForEachOp$OfRef.evaluateSequential(ForEachOps.java:173)
	at java.base/java.util.stream.AbstractPipeline.evaluate(AbstractPipeline.java:234)
	at java.base/java.util.stream.ReferencePipeline.forEach(ReferencePipeline.java:497)
	at org.openqa.selenium.devtools.Connection.handle(Connection.java:287)
	at org.openqa.selenium.devtools.Connection.access$200(Connection.java:57)
	at org.openqa.selenium.devtools.Connection$Listener.lambda$onText$0(Connection.java:224)
	... 3 more
Caused by: org.openqa.selenium.WebDriverException: {"id":1444,"error":{"code":-32602,"message":"Invalid InterceptionId."},"sessionId":"69DE6D1A85B5D627489871F60443E14A"}
Build info: version: '4.11.0', revision: '040bc5406b'
System info: os.name: 'Windows 10', os.arch: 'amd64', os.version: '10.0', java.version: '11.0.18'
Driver info: driver.version: unknown
	at org.openqa.selenium.devtools.Connection.handle(Connection.java:260)
	... 5 more
авг. 16, 2023 4:21:59 PM org.openqa.selenium.devtools.Connection$Listener lambda$onText$0
WARNING: Unable to process: {"method":"Fetch.requestPaused","params":{"requestId":"interception-job-236.0","request":{"url":"http://localhost:8080/static/js/2.0716afe8.chunk.js","method":"GET","headers":{"Accept":"*/*","Referer":"http://localhost:8080/","User-Agent":"Mozilla/5.0 (Windows NT 10.0; Win64; x64) AppleWebKit/537.36 (KHTML, like Gecko) Chrome/116.0.0.0 Safari/537.36","sec-ch-ua":"\"Chromium\";v=\"116\", \"Not)A;Brand\";v=\"24\", \"Google Chrome\";v=\"116\"","sec-ch-ua-mobile":"?0","sec-ch-ua-platform":"\"Windows\""},"initialPriority":"High","referrerPolicy":"strict-origin-when-cross-origin"},"frameId":"D165F02B89151667DFD1BF49856829E7","resourceType":"Script"},"sessionId":"69DE6D1A85B5D627489871F60443E14A"}
org.openqa.selenium.devtools.DevToolsException: {"id":1447,"error":{"code":-32602,"message":"Invalid InterceptionId."},"sessionId":"69DE6D1A85B5D627489871F60443E14A"}
Build info: version: '4.11.0', revision: '040bc5406b'
System info: os.name: 'Windows 10', os.arch: 'amd64', os.version: '10.0', java.version: '11.0.18'
Driver info: driver.version: unknown
	at org.openqa.selenium.devtools.Connection.sendAndWait(Connection.java:181)
	at org.openqa.selenium.devtools.DevTools.send(DevTools.java:81)
	at org.openqa.selenium.devtools.idealized.Network.lambda$prepareToInterceptTraffic$3(Network.java:211)
	at org.openqa.selenium.remote.http.Filter.lambda$andFinally$1(Filter.java:55)
	at org.openqa.selenium.devtools.idealized.Network.lambda$prepareToInterceptTraffic$4(Network.java:226)
	at org.openqa.selenium.devtools.Connection.lambda$handle$4(Connection.java:321)
	at java.base/java.util.stream.ForEachOps$ForEachOp$OfRef.accept(ForEachOps.java:183)
	at java.base/java.util.stream.ReferencePipeline$2$1.accept(ReferencePipeline.java:177)
	at java.base/java.util.stream.ReferencePipeline$11$1.accept(ReferencePipeline.java:442)
	at java.base/java.util.HashMap$KeySpliterator.forEachRemaining(HashMap.java:1621)
	at java.base/java.util.stream.AbstractPipeline.copyInto(AbstractPipeline.java:484)
	at java.base/java.util.stream.AbstractPipeline.wrapAndCopyInto(AbstractPipeline.java:474)
	at java.base/java.util.stream.ForEachOps$ForEachOp.evaluateSequential(ForEachOps.java:150)
	at java.base/java.util.stream.ForEachOps$ForEachOp$OfRef.evaluateSequential(ForEachOps.java:173)
	at java.base/java.util.stream.AbstractPipeline.evaluate(AbstractPipeline.java:234)
	at java.base/java.util.stream.ReferencePipeline.forEach(ReferencePipeline.java:497)
	at org.openqa.selenium.devtools.Connection.handle(Connection.java:287)
	at org.openqa.selenium.devtools.Connection.access$200(Connection.java:57)
	at org.openqa.selenium.devtools.Connection$Listener.lambda$onText$0(Connection.java:224)
	at java.base/java.util.concurrent.ThreadPoolExecutor.runWorker(ThreadPoolExecutor.java:1128)
	at java.base/java.util.concurrent.ThreadPoolExecutor$Worker.run(ThreadPoolExecutor.java:628)
	at java.base/java.lang.Thread.run(Thread.java:829)
Caused by: org.openqa.selenium.WebDriverException: {"id":1447,"error":{"code":-32602,"message":"Invalid InterceptionId."},"sessionId":"69DE6D1A85B5D627489871F60443E14A"}
Build info: version: '4.11.0', revision: '040bc5406b'
System info: os.name: 'Windows 10', os.arch: 'amd64', os.version: '10.0', java.version: '11.0.18'
Driver info: driver.version: unknown
	at org.openqa.selenium.devtools.Connection.handle(Connection.java:260)
	... 5 more

Exception in thread "CDP Connection" org.openqa.selenium.devtools.DevToolsException: {"id":1447,"error":{"code":-32602,"message":"Invalid InterceptionId."},"sessionId":"69DE6D1A85B5D627489871F60443E14A"}
Build info: version: '4.11.0', revision: '040bc5406b'
System info: os.name: 'Windows 10', os.arch: 'amd64', os.version: '10.0', java.version: '11.0.18'
Driver info: driver.version: unknown
	at org.openqa.selenium.devtools.Connection$Listener.lambda$onText$0(Connection.java:227)
	at java.base/java.util.concurrent.ThreadPoolExecutor.runWorker(ThreadPoolExecutor.java:1128)
	at java.base/java.util.concurrent.ThreadPoolExecutor$Worker.run(ThreadPoolExecutor.java:628)
	at java.base/java.lang.Thread.run(Thread.java:829)
Caused by: org.openqa.selenium.devtools.DevToolsException: {"id":1447,"error":{"code":-32602,"message":"Invalid InterceptionId."},"sessionId":"69DE6D1A85B5D627489871F60443E14A"}
Build info: version: '4.11.0', revision: '040bc5406b'
System info: os.name: 'Windows 10', os.arch: 'amd64', os.version: '10.0', java.version: '11.0.18'
Driver info: driver.version: unknown
	at org.openqa.selenium.devtools.Connection.sendAndWait(Connection.java:181)
	at org.openqa.selenium.devtools.DevTools.send(DevTools.java:81)
	at org.openqa.selenium.devtools.idealized.Network.lambda$prepareToInterceptTraffic$3(Network.java:211)
	at org.openqa.selenium.remote.http.Filter.lambda$andFinally$1(Filter.java:55)
	at org.openqa.selenium.devtools.idealized.Network.lambda$prepareToInterceptTraffic$4(Network.java:226)
	at org.openqa.selenium.devtools.Connection.lambda$handle$4(Connection.java:321)
	at java.base/java.util.stream.ForEachOps$ForEachOp$OfRef.accept(ForEachOps.java:183)
	at java.base/java.util.stream.ReferencePipeline$2$1.accept(ReferencePipeline.java:177)
	at java.base/java.util.stream.ReferencePipeline$11$1.accept(ReferencePipeline.java:442)
	at java.base/java.util.HashMap$KeySpliterator.forEachRemaining(HashMap.java:1621)
	at java.base/java.util.stream.AbstractPipeline.copyInto(AbstractPipeline.java:484)
	at java.base/java.util.stream.AbstractPipeline.wrapAndCopyInto(AbstractPipeline.java:474)
	at java.base/java.util.stream.ForEachOps$ForEachOp.evaluateSequential(ForEachOps.java:150)
	at java.base/java.util.stream.ForEachOps$ForEachOp$OfRef.evaluateSequential(ForEachOps.java:173)
	at java.base/java.util.stream.AbstractPipeline.evaluate(AbstractPipeline.java:234)
	at java.base/java.util.stream.ReferencePipeline.forEach(ReferencePipeline.java:497)
	at org.openqa.selenium.devtools.Connection.handle(Connection.java:287)
	at org.openqa.selenium.devtools.Connection.access$200(Connection.java:57)
	at org.openqa.selenium.devtools.Connection$Listener.lambda$onText$0(Connection.java:224)
	... 3 more
Caused by: org.openqa.selenium.WebDriverException: {"id":1447,"error":{"code":-32602,"message":"Invalid InterceptionId."},"sessionId":"69DE6D1A85B5D627489871F60443E14A"}
Build info: version: '4.11.0', revision: '040bc5406b'
System info: os.name: 'Windows 10', os.arch: 'amd64', os.version: '10.0', java.version: '11.0.18'
Driver info: driver.version: unknown
	at org.openqa.selenium.devtools.Connection.handle(Connection.java:260)
	... 5 more
авг. 16, 2023 4:21:59 PM org.openqa.selenium.devtools.Connection$Listener lambda$onText$0
WARNING: Unable to process: {"method":"Fetch.requestPaused","params":{"requestId":"interception-job-236.0","request":{"url":"http://localhost:8080/static/js/2.0716afe8.chunk.js","method":"GET","headers":{"Accept":"*/*","Referer":"http://localhost:8080/","User-Agent":"Mozilla/5.0 (Windows NT 10.0; Win64; x64) AppleWebKit/537.36 (KHTML, like Gecko) Chrome/116.0.0.0 Safari/537.36","sec-ch-ua":"\"Chromium\";v=\"116\", \"Not)A;Brand\";v=\"24\", \"Google Chrome\";v=\"116\"","sec-ch-ua-mobile":"?0","sec-ch-ua-platform":"\"Windows\""},"initialPriority":"High","referrerPolicy":"unsafe-url"},"frameId":"D165F02B89151667DFD1BF49856829E7","resourceType":"Script","responseStatusCode":200,"responseStatusText":"","responseHeaders":[{"name":"Vary","value":"Origin"},{"name":"Vary","value":"Access-Control-Request-Method"},{"name":"Vary","value":"Access-Control-Request-Headers"},{"name":"Last-Modified","value":"Thu, 03 Aug 2023 10:18:16 GMT"},{"name":"Accept-Ranges","value":"bytes"},{"name":"Content-Type","value":"application/javascript"},{"name":"Content-Length","value":"228167"},{"name":"Date","value":"Wed, 16 Aug 2023 13:20:22 GMT"}]},"sessionId":"69DE6D1A85B5D627489871F60443E14A"}
org.openqa.selenium.devtools.DevToolsException: {"id":1449,"error":{"code":-32602,"message":"Invalid InterceptionId."},"sessionId":"69DE6D1A85B5D627489871F60443E14A"}
Build info: version: '4.11.0', revision: '040bc5406b'
System info: os.name: 'Windows 10', os.arch: 'amd64', os.version: '10.0', java.version: '11.0.18'
Driver info: driver.version: unknown
	at org.openqa.selenium.devtools.Connection.sendAndWait(Connection.java:181)
	at org.openqa.selenium.devtools.DevTools.send(DevTools.java:81)
	at org.openqa.selenium.devtools.idealized.Network.lambda$prepareToInterceptTraffic$4(Network.java:194)
	at org.openqa.selenium.devtools.Connection.lambda$handle$4(Connection.java:321)
	at java.base/java.util.stream.ForEachOps$ForEachOp$OfRef.accept(ForEachOps.java:183)
	at java.base/java.util.stream.ReferencePipeline$2$1.accept(ReferencePipeline.java:177)
	at java.base/java.util.stream.ReferencePipeline$11$1.accept(ReferencePipeline.java:442)
	at java.base/java.util.HashMap$KeySpliterator.forEachRemaining(HashMap.java:1621)
	at java.base/java.util.stream.AbstractPipeline.copyInto(AbstractPipeline.java:484)
	at java.base/java.util.stream.AbstractPipeline.wrapAndCopyInto(AbstractPipeline.java:474)
	at java.base/java.util.stream.ForEachOps$ForEachOp.evaluateSequential(ForEachOps.java:150)
	at java.base/java.util.stream.ForEachOps$ForEachOp$OfRef.evaluateSequential(ForEachOps.java:173)
	at java.base/java.util.stream.AbstractPipeline.evaluate(AbstractPipeline.java:234)
	at java.base/java.util.stream.ReferencePipeline.forEach(ReferencePipeline.java:497)
	at org.openqa.selenium.devtools.Connection.handle(Connection.java:287)
	at org.openqa.selenium.devtools.Connection.access$200(Connection.java:57)
	at org.openqa.selenium.devtools.Connection$Listener.lambda$onText$0(Connection.java:224)
	at java.base/java.util.concurrent.ThreadPoolExecutor.runWorker(ThreadPoolExecutor.java:1128)
	at java.base/java.util.concurrent.ThreadPoolExecutor$Worker.run(ThreadPoolExecutor.java:628)
	at java.base/java.lang.Thread.run(Thread.java:829)
Caused by: org.openqa.selenium.WebDriverException: {"id":1449,"error":{"code":-32602,"message":"Invalid InterceptionId."},"sessionId":"69DE6D1A85B5D627489871F60443E14A"}
Build info: version: '4.11.0', revision: '040bc5406b'
System info: os.name: 'Windows 10', os.arch: 'amd64', os.version: '10.0', java.version: '11.0.18'
Driver info: driver.version: unknown
	at org.openqa.selenium.devtools.Connection.handle(Connection.java:260)
	... 5 more

Exception in thread "CDP Connection" org.openqa.selenium.devtools.DevToolsException: {"id":1449,"error":{"code":-32602,"message":"Invalid InterceptionId."},"sessionId":"69DE6D1A85B5D627489871F60443E14A"}
Build info: version: '4.11.0', revision: '040bc5406b'
System info: os.name: 'Windows 10', os.arch: 'amd64', os.version: '10.0', java.version: '11.0.18'
Driver info: driver.version: unknown
	at org.openqa.selenium.devtools.Connection$Listener.lambda$onText$0(Connection.java:227)
	at java.base/java.util.concurrent.ThreadPoolExecutor.runWorker(ThreadPoolExecutor.java:1128)
	at java.base/java.util.concurrent.ThreadPoolExecutor$Worker.run(ThreadPoolExecutor.java:628)
	at java.base/java.lang.Thread.run(Thread.java:829)
Caused by: org.openqa.selenium.devtools.DevToolsException: {"id":1449,"error":{"code":-32602,"message":"Invalid InterceptionId."},"sessionId":"69DE6D1A85B5D627489871F60443E14A"}
Build info: version: '4.11.0', revision: '040bc5406b'
System info: os.name: 'Windows 10', os.arch: 'amd64', os.version: '10.0', java.version: '11.0.18'
Driver info: driver.version: unknown
	at org.openqa.selenium.devtools.Connection.sendAndWait(Connection.java:181)
	at org.openqa.selenium.devtools.DevTools.send(DevTools.java:81)
	at org.openqa.selenium.devtools.idealized.Network.lambda$prepareToInterceptTraffic$4(Network.java:194)
	at org.openqa.selenium.devtools.Connection.lambda$handle$4(Connection.java:321)
	at java.base/java.util.stream.ForEachOps$ForEachOp$OfRef.accept(ForEachOps.java:183)
	at java.base/java.util.stream.ReferencePipeline$2$1.accept(ReferencePipeline.java:177)
	at java.base/java.util.stream.ReferencePipeline$11$1.accept(ReferencePipeline.java:442)
	at java.base/java.util.HashMap$KeySpliterator.forEachRemaining(HashMap.java:1621)
	at java.base/java.util.stream.AbstractPipeline.copyInto(AbstractPipeline.java:484)
	at java.base/java.util.stream.AbstractPipeline.wrapAndCopyInto(AbstractPipeline.java:474)
	at java.base/java.util.stream.ForEachOps$ForEachOp.evaluateSequential(ForEachOps.java:150)
	at java.base/java.util.stream.ForEachOps$ForEachOp$OfRef.evaluateSequential(ForEachOps.java:173)
	at java.base/java.util.stream.AbstractPipeline.evaluate(AbstractPipeline.java:234)
	at java.base/java.util.stream.ReferencePipeline.forEach(ReferencePipeline.java:497)
	at org.openqa.selenium.devtools.Connection.handle(Connection.java:287)
	at org.openqa.selenium.devtools.Connection.access$200(Connection.java:57)
	at org.openqa.selenium.devtools.Connection$Listener.lambda$onText$0(Connection.java:224)
	... 3 more
Caused by: org.openqa.selenium.WebDriverException: {"id":1449,"error":{"code":-32602,"message":"Invalid InterceptionId."},"sessionId":"69DE6D1A85B5D627489871F60443E14A"}
Build info: version: '4.11.0', revision: '040bc5406b'
System info: os.name: 'Windows 10', os.arch: 'amd64', os.version: '10.0', java.version: '11.0.18'
Driver info: driver.version: unknown
	at org.openqa.selenium.devtools.Connection.handle(Connection.java:260)
	... 5 more
авг. 16, 2023 4:21:59 PM org.openqa.selenium.devtools.Connection$Listener lambda$onText$0
WARNING: Unable to process: {"method":"Fetch.requestPaused","params":{"requestId":"interception-job-238.0","request":{"url":"http://localhost:8080/static/media/marrakech.869b2a02.jpg","method":"GET","headers":{"Accept":"image/avif,image/webp,image/apng,image/svg+xml,image/*,*/*;q=0.8","Referer":"http://localhost:8080/","User-Agent":"Mozilla/5.0 (Windows NT 10.0; Win64; x64) AppleWebKit/537.36 (KHTML, like Gecko) Chrome/116.0.0.0 Safari/537.36","sec-ch-ua":"\"Chromium\";v=\"116\", \"Not)A;Brand\";v=\"24\", \"Google Chrome\";v=\"116\"","sec-ch-ua-mobile":"?0","sec-ch-ua-platform":"\"Windows\""},"initialPriority":"Low","referrerPolicy":"unsafe-url"},"frameId":"D165F02B89151667DFD1BF49856829E7","resourceType":"Image","responseStatusCode":200,"responseStatusText":"","responseHeaders":[{"name":"Vary","value":"Origin"},{"name":"Vary","value":"Access-Control-Request-Method"},{"name":"Vary","value":"Access-Control-Request-Headers"},{"name":"Last-Modified","value":"Thu, 03 Aug 2023 10:18:16 GMT"},{"name":"Accept-Ranges","value":"bytes"},{"name":"Content-Type","value":"image/jpeg"},{"name":"Content-Length","value":"85240"},{"name":"Date","value":"Wed, 16 Aug 2023 13:20:22 GMT"}]},"sessionId":"69DE6D1A85B5D627489871F60443E14A"}
org.openqa.selenium.devtools.DevToolsException: {"id":1454,"error":{"code":-32602,"message":"Invalid InterceptionId."},"sessionId":"69DE6D1A85B5D627489871F60443E14A"}
Build info: version: '4.11.0', revision: '040bc5406b'
System info: os.name: 'Windows 10', os.arch: 'amd64', os.version: '10.0', java.version: '11.0.18'
Driver info: driver.version: unknown
	at org.openqa.selenium.devtools.Connection.sendAndWait(Connection.java:181)
	at org.openqa.selenium.devtools.DevTools.send(DevTools.java:81)
	at org.openqa.selenium.devtools.idealized.Network.lambda$prepareToInterceptTraffic$4(Network.java:194)
	at org.openqa.selenium.devtools.Connection.lambda$handle$4(Connection.java:321)
	at java.base/java.util.stream.ForEachOps$ForEachOp$OfRef.accept(ForEachOps.java:183)
	at java.base/java.util.stream.ReferencePipeline$2$1.accept(ReferencePipeline.java:177)
	at java.base/java.util.stream.ReferencePipeline$11$1.accept(ReferencePipeline.java:442)
	at java.base/java.util.HashMap$KeySpliterator.forEachRemaining(HashMap.java:1621)
	at java.base/java.util.stream.AbstractPipeline.copyInto(AbstractPipeline.java:484)
	at java.base/java.util.stream.AbstractPipeline.wrapAndCopyInto(AbstractPipeline.java:474)
	at java.base/java.util.stream.ForEachOps$ForEachOp.evaluateSequential(ForEachOps.java:150)
	at java.base/java.util.stream.ForEachOps$ForEachOp$OfRef.evaluateSequential(ForEachOps.java:173)
	at java.base/java.util.stream.AbstractPipeline.evaluate(AbstractPipeline.java:234)
	at java.base/java.util.stream.ReferencePipeline.forEach(ReferencePipeline.java:497)
	at org.openqa.selenium.devtools.Connection.handle(Connection.java:287)
	at org.openqa.selenium.devtools.Connection.access$200(Connection.java:57)
	at org.openqa.selenium.devtools.Connection$Listener.lambda$onText$0(Connection.java:224)
	at java.base/java.util.concurrent.ThreadPoolExecutor.runWorker(ThreadPoolExecutor.java:1128)
	at java.base/java.util.concurrent.ThreadPoolExecutor$Worker.run(ThreadPoolExecutor.java:628)
	at java.base/java.lang.Thread.run(Thread.java:829)
Caused by: org.openqa.selenium.WebDriverException: {"id":1454,"error":{"code":-32602,"message":"Invalid InterceptionId."},"sessionId":"69DE6D1A85B5D627489871F60443E14A"}
Build info: version: '4.11.0', revision: '040bc5406b'
System info: os.name: 'Windows 10', os.arch: 'amd64', os.version: '10.0', java.version: '11.0.18'
Driver info: driver.version: unknown
	at org.openqa.selenium.devtools.Connection.handle(Connection.java:260)
	... 5 more

Exception in thread "CDP Connection" org.openqa.selenium.devtools.DevToolsException: {"id":1454,"error":{"code":-32602,"message":"Invalid InterceptionId."},"sessionId":"69DE6D1A85B5D627489871F60443E14A"}
Build info: version: '4.11.0', revision: '040bc5406b'
System info: os.name: 'Windows 10', os.arch: 'amd64', os.version: '10.0', java.version: '11.0.18'
Driver info: driver.version: unknown
	at org.openqa.selenium.devtools.Connection$Listener.lambda$onText$0(Connection.java:227)
	at java.base/java.util.concurrent.ThreadPoolExecutor.runWorker(ThreadPoolExecutor.java:1128)
	at java.base/java.util.concurrent.ThreadPoolExecutor$Worker.run(ThreadPoolExecutor.java:628)
	at java.base/java.lang.Thread.run(Thread.java:829)
Caused by: org.openqa.selenium.devtools.DevToolsException: {"id":1454,"error":{"code":-32602,"message":"Invalid InterceptionId."},"sessionId":"69DE6D1A85B5D627489871F60443E14A"}
Build info: version: '4.11.0', revision: '040bc5406b'
System info: os.name: 'Windows 10', os.arch: 'amd64', os.version: '10.0', java.version: '11.0.18'
Driver info: driver.version: unknown
	at org.openqa.selenium.devtools.Connection.sendAndWait(Connection.java:181)
	at org.openqa.selenium.devtools.DevTools.send(DevTools.java:81)
	at org.openqa.selenium.devtools.idealized.Network.lambda$prepareToInterceptTraffic$4(Network.java:194)
	at org.openqa.selenium.devtools.Connection.lambda$handle$4(Connection.java:321)
	at java.base/java.util.stream.ForEachOps$ForEachOp$OfRef.accept(ForEachOps.java:183)
	at java.base/java.util.stream.ReferencePipeline$2$1.accept(ReferencePipeline.java:177)
	at java.base/java.util.stream.ReferencePipeline$11$1.accept(ReferencePipeline.java:442)
	at java.base/java.util.HashMap$KeySpliterator.forEachRemaining(HashMap.java:1621)
	at java.base/java.util.stream.AbstractPipeline.copyInto(AbstractPipeline.java:484)
	at java.base/java.util.stream.AbstractPipeline.wrapAndCopyInto(AbstractPipeline.java:474)
	at java.base/java.util.stream.ForEachOps$ForEachOp.evaluateSequential(ForEachOps.java:150)
	at java.base/java.util.stream.ForEachOps$ForEachOp$OfRef.evaluateSequential(ForEachOps.java:173)
	at java.base/java.util.stream.AbstractPipeline.evaluate(AbstractPipeline.java:234)
	at java.base/java.util.stream.ReferencePipeline.forEach(ReferencePipeline.java:497)
	at org.openqa.selenium.devtools.Connection.handle(Connection.java:287)
	at org.openqa.selenium.devtools.Connection.access$200(Connection.java:57)
	at org.openqa.selenium.devtools.Connection$Listener.lambda$onText$0(Connection.java:224)
	... 3 more
Caused by: org.openqa.selenium.WebDriverException: {"id":1454,"error":{"code":-32602,"message":"Invalid InterceptionId."},"sessionId":"69DE6D1A85B5D627489871F60443E14A"}
Build info: version: '4.11.0', revision: '040bc5406b'
System info: os.name: 'Windows 10', os.arch: 'amd64', os.version: '10.0', java.version: '11.0.18'
Driver info: driver.version: unknown
	at org.openqa.selenium.devtools.Connection.handle(Connection.java:260)
	... 5 more
авг. 16, 2023 4:21:59 PM org.openqa.selenium.devtools.Connection$Listener lambda$onText$0
WARNING: Unable to process: {"method":"Fetch.requestPaused","params":{"requestId":"interception-job-238.0","request":{"url":"http://localhost:8080/static/media/marrakech.869b2a02.jpg","method":"GET","headers":{"Accept":"image/avif,image/webp,image/apng,image/svg+xml,image/*,*/*;q=0.8","Referer":"http://localhost:8080/","User-Agent":"Mozilla/5.0 (Windows NT 10.0; Win64; x64) AppleWebKit/537.36 (KHTML, like Gecko) Chrome/116.0.0.0 Safari/537.36","sec-ch-ua":"\"Chromium\";v=\"116\", \"Not)A;Brand\";v=\"24\", \"Google Chrome\";v=\"116\"","sec-ch-ua-mobile":"?0","sec-ch-ua-platform":"\"Windows\""},"initialPriority":"Low","referrerPolicy":"strict-origin-when-cross-origin"},"frameId":"D165F02B89151667DFD1BF49856829E7","resourceType":"Image"},"sessionId":"69DE6D1A85B5D627489871F60443E14A"}
org.openqa.selenium.devtools.DevToolsException: {"id":1455,"error":{"code":-32602,"message":"Invalid InterceptionId."},"sessionId":"69DE6D1A85B5D627489871F60443E14A"}
Build info: version: '4.11.0', revision: '040bc5406b'
System info: os.name: 'Windows 10', os.arch: 'amd64', os.version: '10.0', java.version: '11.0.18'
Driver info: driver.version: unknown
	at org.openqa.selenium.devtools.Connection.sendAndWait(Connection.java:181)
	at org.openqa.selenium.devtools.DevTools.send(DevTools.java:81)
	at org.openqa.selenium.devtools.idealized.Network.lambda$prepareToInterceptTraffic$3(Network.java:211)
	at org.openqa.selenium.remote.http.Filter.lambda$andFinally$1(Filter.java:55)
	at org.openqa.selenium.devtools.idealized.Network.lambda$prepareToInterceptTraffic$4(Network.java:226)
	at org.openqa.selenium.devtools.Connection.lambda$handle$4(Connection.java:321)
	at java.base/java.util.stream.ForEachOps$ForEachOp$OfRef.accept(ForEachOps.java:183)
	at java.base/java.util.stream.ReferencePipeline$2$1.accept(ReferencePipeline.java:177)
	at java.base/java.util.stream.ReferencePipeline$11$1.accept(ReferencePipeline.java:442)
	at java.base/java.util.HashMap$KeySpliterator.forEachRemaining(HashMap.java:1621)
	at java.base/java.util.stream.AbstractPipeline.copyInto(AbstractPipeline.java:484)
	at java.base/java.util.stream.AbstractPipeline.wrapAndCopyInto(AbstractPipeline.java:474)
	at java.base/java.util.stream.ForEachOps$ForEachOp.evaluateSequential(ForEachOps.java:150)
	at java.base/java.util.stream.ForEachOps$ForEachOp$OfRef.evaluateSequential(ForEachOps.java:173)
	at java.base/java.util.stream.AbstractPipeline.evaluate(AbstractPipeline.java:234)
	at java.base/java.util.stream.ReferencePipeline.forEach(ReferencePipeline.java:497)
	at org.openqa.selenium.devtools.Connection.handle(Connection.java:287)
	at org.openqa.selenium.devtools.Connection.access$200(Connection.java:57)
	at org.openqa.selenium.devtools.Connection$Listener.lambda$onText$0(Connection.java:224)
	at java.base/java.util.concurrent.ThreadPoolExecutor.runWorker(ThreadPoolExecutor.java:1128)
	at java.base/java.util.concurrent.ThreadPoolExecutor$Worker.run(ThreadPoolExecutor.java:628)
	at java.base/java.lang.Thread.run(Thread.java:829)
Caused by: org.openqa.selenium.WebDriverException: {"id":1455,"error":{"code":-32602,"message":"Invalid InterceptionId."},"sessionId":"69DE6D1A85B5D627489871F60443E14A"}
Build info: version: '4.11.0', revision: '040bc5406b'
System info: os.name: 'Windows 10', os.arch: 'amd64', os.version: '10.0', java.version: '11.0.18'
Driver info: driver.version: unknown
	at org.openqa.selenium.devtools.Connection.handle(Connection.java:260)
	... 5 more

Exception in thread "CDP Connection" org.openqa.selenium.devtools.DevToolsException: {"id":1455,"error":{"code":-32602,"message":"Invalid InterceptionId."},"sessionId":"69DE6D1A85B5D627489871F60443E14A"}
Build info: version: '4.11.0', revision: '040bc5406b'
System info: os.name: 'Windows 10', os.arch: 'amd64', os.version: '10.0', java.version: '11.0.18'
Driver info: driver.version: unknown
	at org.openqa.selenium.devtools.Connection$Listener.lambda$onText$0(Connection.java:227)
	at java.base/java.util.concurrent.ThreadPoolExecutor.runWorker(ThreadPoolExecutor.java:1128)
	at java.base/java.util.concurrent.ThreadPoolExecutor$Worker.run(ThreadPoolExecutor.java:628)
	at java.base/java.lang.Thread.run(Thread.java:829)
Caused by: org.openqa.selenium.devtools.DevToolsException: {"id":1455,"error":{"code":-32602,"message":"Invalid InterceptionId."},"sessionId":"69DE6D1A85B5D627489871F60443E14A"}
Build info: version: '4.11.0', revision: '040bc5406b'
System info: os.name: 'Windows 10', os.arch: 'amd64', os.version: '10.0', java.version: '11.0.18'
Driver info: driver.version: unknown
	at org.openqa.selenium.devtools.Connection.sendAndWait(Connection.java:181)
	at org.openqa.selenium.devtools.DevTools.send(DevTools.java:81)
	at org.openqa.selenium.devtools.idealized.Network.lambda$prepareToInterceptTraffic$3(Network.java:211)
	at org.openqa.selenium.remote.http.Filter.lambda$andFinally$1(Filter.java:55)
	at org.openqa.selenium.devtools.idealized.Network.lambda$prepareToInterceptTraffic$4(Network.java:226)
	at org.openqa.selenium.devtools.Connection.lambda$handle$4(Connection.java:321)
	at java.base/java.util.stream.ForEachOps$ForEachOp$OfRef.accept(ForEachOps.java:183)
	at java.base/java.util.stream.ReferencePipeline$2$1.accept(ReferencePipeline.java:177)
	at java.base/java.util.stream.ReferencePipeline$11$1.accept(ReferencePipeline.java:442)
	at java.base/java.util.HashMap$KeySpliterator.forEachRemaining(HashMap.java:1621)
	at java.base/java.util.stream.AbstractPipeline.copyInto(AbstractPipeline.java:484)
	at java.base/java.util.stream.AbstractPipeline.wrapAndCopyInto(AbstractPipeline.java:474)
	at java.base/java.util.stream.ForEachOps$ForEachOp.evaluateSequential(ForEachOps.java:150)
	at java.base/java.util.stream.ForEachOps$ForEachOp$OfRef.evaluateSequential(ForEachOps.java:173)
	at java.base/java.util.stream.AbstractPipeline.evaluate(AbstractPipeline.java:234)
	at java.base/java.util.stream.ReferencePipeline.forEach(ReferencePipeline.java:497)
	at org.openqa.selenium.devtools.Connection.handle(Connection.java:287)
	at org.openqa.selenium.devtools.Connection.access$200(Connection.java:57)
	at org.openqa.selenium.devtools.Connection$Listener.lambda$onText$0(Connection.java:224)
	... 3 more
Caused by: org.openqa.selenium.WebDriverException: {"id":1455,"error":{"code":-32602,"message":"Invalid InterceptionId."},"sessionId":"69DE6D1A85B5D627489871F60443E14A"}
Build info: version: '4.11.0', revision: '040bc5406b'
System info: os.name: 'Windows 10', os.arch: 'amd64', os.version: '10.0', java.version: '11.0.18'
Driver info: driver.version: unknown
	at org.openqa.selenium.devtools.Connection.handle(Connection.java:260)
	... 5 more
авг. 16, 2023 4:21:59 PM org.openqa.selenium.devtools.Connection$Listener lambda$onText$0
WARNING: Unable to process: {"method":"Fetch.requestPaused","params":{"requestId":"interception-job-239.0","request":{"url":"http://localhost:8080/manifest.json","method":"GET","headers":{"Accept":"*/*","Referer":"http://localhost:8080/","User-Agent":"Mozilla/5.0 (Windows NT 10.0; Win64; x64) AppleWebKit/537.36 (KHTML, like Gecko) Chrome/116.0.0.0 Safari/537.36","sec-ch-ua":"\"Chromium\";v=\"116\", \"Not)A;Brand\";v=\"24\", \"Google Chrome\";v=\"116\"","sec-ch-ua-mobile":"?0","sec-ch-ua-platform":"\"Windows\""},"initialPriority":"Medium","referrerPolicy":"unsafe-url"},"frameId":"D165F02B89151667DFD1BF49856829E7","resourceType":"Other","responseStatusCode":200,"responseStatusText":"","responseHeaders":[{"name":"Vary","value":"Origin"},{"name":"Vary","value":"Access-Control-Request-Method"},{"name":"Vary","value":"Access-Control-Request-Headers"},{"name":"Last-Modified","value":"Thu, 03 Aug 2023 10:18:16 GMT"},{"name":"Accept-Ranges","value":"bytes"},{"name":"Content-Type","value":"application/json"},{"name":"Content-Length","value":"492"},{"name":"Date","value":"Wed, 16 Aug 2023 13:20:22 GMT"}]},"sessionId":"69DE6D1A85B5D627489871F60443E14A"}
org.openqa.selenium.devtools.DevToolsException: {"id":1462,"error":{"code":-32602,"message":"Invalid InterceptionId."},"sessionId":"69DE6D1A85B5D627489871F60443E14A"}
Build info: version: '4.11.0', revision: '040bc5406b'
System info: os.name: 'Windows 10', os.arch: 'amd64', os.version: '10.0', java.version: '11.0.18'
Driver info: driver.version: unknown
	at org.openqa.selenium.devtools.Connection.sendAndWait(Connection.java:181)
	at org.openqa.selenium.devtools.DevTools.send(DevTools.java:81)
	at org.openqa.selenium.devtools.idealized.Network.lambda$prepareToInterceptTraffic$4(Network.java:194)
	at org.openqa.selenium.devtools.Connection.lambda$handle$4(Connection.java:321)
	at java.base/java.util.stream.ForEachOps$ForEachOp$OfRef.accept(ForEachOps.java:183)
	at java.base/java.util.stream.ReferencePipeline$2$1.accept(ReferencePipeline.java:177)
	at java.base/java.util.stream.ReferencePipeline$11$1.accept(ReferencePipeline.java:442)
	at java.base/java.util.HashMap$KeySpliterator.forEachRemaining(HashMap.java:1621)
	at java.base/java.util.stream.AbstractPipeline.copyInto(AbstractPipeline.java:484)
	at java.base/java.util.stream.AbstractPipeline.wrapAndCopyInto(AbstractPipeline.java:474)
	at java.base/java.util.stream.ForEachOps$ForEachOp.evaluateSequential(ForEachOps.java:150)
	at java.base/java.util.stream.ForEachOps$ForEachOp$OfRef.evaluateSequential(ForEachOps.java:173)
	at java.base/java.util.stream.AbstractPipeline.evaluate(AbstractPipeline.java:234)
	at java.base/java.util.stream.ReferencePipeline.forEach(ReferencePipeline.java:497)
	at org.openqa.selenium.devtools.Connection.handle(Connection.java:287)
	at org.openqa.selenium.devtools.Connection.access$200(Connection.java:57)
	at org.openqa.selenium.devtools.Connection$Listener.lambda$onText$0(Connection.java:224)
	at java.base/java.util.concurrent.ThreadPoolExecutor.runWorker(ThreadPoolExecutor.java:1128)
	at java.base/java.util.concurrent.ThreadPoolExecutor$Worker.run(ThreadPoolExecutor.java:628)
	at java.base/java.lang.Thread.run(Thread.java:829)
Caused by: org.openqa.selenium.WebDriverException: {"id":1462,"error":{"code":-32602,"message":"Invalid InterceptionId."},"sessionId":"69DE6D1A85B5D627489871F60443E14A"}
Build info: version: '4.11.0', revision: '040bc5406b'
System info: os.name: 'Windows 10', os.arch: 'amd64', os.version: '10.0', java.version: '11.0.18'
Driver info: driver.version: unknown
	at org.openqa.selenium.devtools.Connection.handle(Connection.java:260)
	... 5 more

Exception in thread "CDP Connection" org.openqa.selenium.devtools.DevToolsException: {"id":1462,"error":{"code":-32602,"message":"Invalid InterceptionId."},"sessionId":"69DE6D1A85B5D627489871F60443E14A"}
Build info: version: '4.11.0', revision: '040bc5406b'
System info: os.name: 'Windows 10', os.arch: 'amd64', os.version: '10.0', java.version: '11.0.18'
Driver info: driver.version: unknown
	at org.openqa.selenium.devtools.Connection$Listener.lambda$onText$0(Connection.java:227)
	at java.base/java.util.concurrent.ThreadPoolExecutor.runWorker(ThreadPoolExecutor.java:1128)
	at java.base/java.util.concurrent.ThreadPoolExecutor$Worker.run(ThreadPoolExecutor.java:628)
	at java.base/java.lang.Thread.run(Thread.java:829)
Caused by: org.openqa.selenium.devtools.DevToolsException: {"id":1462,"error":{"code":-32602,"message":"Invalid InterceptionId."},"sessionId":"69DE6D1A85B5D627489871F60443E14A"}
Build info: version: '4.11.0', revision: '040bc5406b'
System info: os.name: 'Windows 10', os.arch: 'amd64', os.version: '10.0', java.version: '11.0.18'
Driver info: driver.version: unknown
	at org.openqa.selenium.devtools.Connection.sendAndWait(Connection.java:181)
	at org.openqa.selenium.devtools.DevTools.send(DevTools.java:81)
	at org.openqa.selenium.devtools.idealized.Network.lambda$prepareToInterceptTraffic$4(Network.java:194)
	at org.openqa.selenium.devtools.Connection.lambda$handle$4(Connection.java:321)
	at java.base/java.util.stream.ForEachOps$ForEachOp$OfRef.accept(ForEachOps.java:183)
	at java.base/java.util.stream.ReferencePipeline$2$1.accept(ReferencePipeline.java:177)
	at java.base/java.util.stream.ReferencePipeline$11$1.accept(ReferencePipeline.java:442)
	at java.base/java.util.HashMap$KeySpliterator.forEachRemaining(HashMap.java:1621)
	at java.base/java.util.stream.AbstractPipeline.copyInto(AbstractPipeline.java:484)
	at java.base/java.util.stream.AbstractPipeline.wrapAndCopyInto(AbstractPipeline.java:474)
	at java.base/java.util.stream.ForEachOps$ForEachOp.evaluateSequential(ForEachOps.java:150)
	at java.base/java.util.stream.ForEachOps$ForEachOp$OfRef.evaluateSequential(ForEachOps.java:173)
	at java.base/java.util.stream.AbstractPipeline.evaluate(AbstractPipeline.java:234)
	at java.base/java.util.stream.ReferencePipeline.forEach(ReferencePipeline.java:497)
	at org.openqa.selenium.devtools.Connection.handle(Connection.java:287)
	at org.openqa.selenium.devtools.Connection.access$200(Connection.java:57)
	at org.openqa.selenium.devtools.Connection$Listener.lambda$onText$0(Connection.java:224)
	... 3 more
Caused by: org.openqa.selenium.WebDriverException: {"id":1462,"error":{"code":-32602,"message":"Invalid InterceptionId."},"sessionId":"69DE6D1A85B5D627489871F60443E14A"}
Build info: version: '4.11.0', revision: '040bc5406b'
System info: os.name: 'Windows 10', os.arch: 'amd64', os.version: '10.0', java.version: '11.0.18'
Driver info: driver.version: unknown
	at org.openqa.selenium.devtools.Connection.handle(Connection.java:260)
	... 5 more
авг. 16, 2023 4:21:59 PM org.openqa.selenium.devtools.Connection$Listener lambda$onText$0
WARNING: Unable to process: {"method":"Fetch.requestPaused","params":{"requestId":"interception-job-239.0","request":{"url":"http://localhost:8080/manifest.json","method":"GET","headers":{"Accept":"*/*","Referer":"http://localhost:8080/","User-Agent":"Mozilla/5.0 (Windows NT 10.0; Win64; x64) AppleWebKit/537.36 (KHTML, like Gecko) Chrome/116.0.0.0 Safari/537.36","sec-ch-ua":"\"Chromium\";v=\"116\", \"Not)A;Brand\";v=\"24\", \"Google Chrome\";v=\"116\"","sec-ch-ua-mobile":"?0","sec-ch-ua-platform":"\"Windows\""},"initialPriority":"Medium","referrerPolicy":"strict-origin-when-cross-origin"},"frameId":"D165F02B89151667DFD1BF49856829E7","resourceType":"Other"},"sessionId":"69DE6D1A85B5D627489871F60443E14A"}
org.openqa.selenium.devtools.DevToolsException: {"id":1465,"error":{"code":-32602,"message":"Invalid InterceptionId."},"sessionId":"69DE6D1A85B5D627489871F60443E14A"}
Build info: version: '4.11.0', revision: '040bc5406b'
System info: os.name: 'Windows 10', os.arch: 'amd64', os.version: '10.0', java.version: '11.0.18'
Driver info: driver.version: unknown
	at org.openqa.selenium.devtools.Connection.sendAndWait(Connection.java:181)
	at org.openqa.selenium.devtools.DevTools.send(DevTools.java:81)
	at org.openqa.selenium.devtools.idealized.Network.lambda$prepareToInterceptTraffic$3(Network.java:211)
	at org.openqa.selenium.remote.http.Filter.lambda$andFinally$1(Filter.java:55)
	at org.openqa.selenium.devtools.idealized.Network.lambda$prepareToInterceptTraffic$4(Network.java:226)
	at org.openqa.selenium.devtools.Connection.lambda$handle$4(Connection.java:321)
	at java.base/java.util.stream.ForEachOps$ForEachOp$OfRef.accept(ForEachOps.java:183)
	at java.base/java.util.stream.ReferencePipeline$2$1.accept(ReferencePipeline.java:177)
	at java.base/java.util.stream.ReferencePipeline$11$1.accept(ReferencePipeline.java:442)
	at java.base/java.util.HashMap$KeySpliterator.forEachRemaining(HashMap.java:1621)
	at java.base/java.util.stream.AbstractPipeline.copyInto(AbstractPipeline.java:484)
	at java.base/java.util.stream.AbstractPipeline.wrapAndCopyInto(AbstractPipeline.java:474)
	at java.base/java.util.stream.ForEachOps$ForEachOp.evaluateSequential(ForEachOps.java:150)
	at java.base/java.util.stream.ForEachOps$ForEachOp$OfRef.evaluateSequential(ForEachOps.java:173)
	at java.base/java.util.stream.AbstractPipeline.evaluate(AbstractPipeline.java:234)
	at java.base/java.util.stream.ReferencePipeline.forEach(ReferencePipeline.java:497)
	at org.openqa.selenium.devtools.Connection.handle(Connection.java:287)
	at org.openqa.selenium.devtools.Connection.access$200(Connection.java:57)
	at org.openqa.selenium.devtools.Connection$Listener.lambda$onText$0(Connection.java:224)
	at java.base/java.util.concurrent.ThreadPoolExecutor.runWorker(ThreadPoolExecutor.java:1128)
	at java.base/java.util.concurrent.ThreadPoolExecutor$Worker.run(ThreadPoolExecutor.java:628)
	at java.base/java.lang.Thread.run(Thread.java:829)
Caused by: org.openqa.selenium.WebDriverException: {"id":1465,"error":{"code":-32602,"message":"Invalid InterceptionId."},"sessionId":"69DE6D1A85B5D627489871F60443E14A"}
Build info: version: '4.11.0', revision: '040bc5406b'
System info: os.name: 'Windows 10', os.arch: 'amd64', os.version: '10.0', java.version: '11.0.18'
Driver info: driver.version: unknown
	at org.openqa.selenium.devtools.Connection.handle(Connection.java:260)
	... 5 more

Exception in thread "CDP Connection" org.openqa.selenium.devtools.DevToolsException: {"id":1465,"error":{"code":-32602,"message":"Invalid InterceptionId."},"sessionId":"69DE6D1A85B5D627489871F60443E14A"}
Build info: version: '4.11.0', revision: '040bc5406b'
System info: os.name: 'Windows 10', os.arch: 'amd64', os.version: '10.0', java.version: '11.0.18'
Driver info: driver.version: unknown
	at org.openqa.selenium.devtools.Connection$Listener.lambda$onText$0(Connection.java:227)
	at java.base/java.util.concurrent.ThreadPoolExecutor.runWorker(ThreadPoolExecutor.java:1128)
	at java.base/java.util.concurrent.ThreadPoolExecutor$Worker.run(ThreadPoolExecutor.java:628)
	at java.base/java.lang.Thread.run(Thread.java:829)
Caused by: org.openqa.selenium.devtools.DevToolsException: {"id":1465,"error":{"code":-32602,"message":"Invalid InterceptionId."},"sessionId":"69DE6D1A85B5D627489871F60443E14A"}
Build info: version: '4.11.0', revision: '040bc5406b'
System info: os.name: 'Windows 10', os.arch: 'amd64', os.version: '10.0', java.version: '11.0.18'
Driver info: driver.version: unknown
	at org.openqa.selenium.devtools.Connection.sendAndWait(Connection.java:181)
	at org.openqa.selenium.devtools.DevTools.send(DevTools.java:81)
	at org.openqa.selenium.devtools.idealized.Network.lambda$prepareToInterceptTraffic$3(Network.java:211)
	at org.openqa.selenium.remote.http.Filter.lambda$andFinally$1(Filter.java:55)
	at org.openqa.selenium.devtools.idealized.Network.lambda$prepareToInterceptTraffic$4(Network.java:226)
	at org.openqa.selenium.devtools.Connection.lambda$handle$4(Connection.java:321)
	at java.base/java.util.stream.ForEachOps$ForEachOp$OfRef.accept(ForEachOps.java:183)
	at java.base/java.util.stream.ReferencePipeline$2$1.accept(ReferencePipeline.java:177)
	at java.base/java.util.stream.ReferencePipeline$11$1.accept(ReferencePipeline.java:442)
	at java.base/java.util.HashMap$KeySpliterator.forEachRemaining(HashMap.java:1621)
	at java.base/java.util.stream.AbstractPipeline.copyInto(AbstractPipeline.java:484)
	at java.base/java.util.stream.AbstractPipeline.wrapAndCopyInto(AbstractPipeline.java:474)
	at java.base/java.util.stream.ForEachOps$ForEachOp.evaluateSequential(ForEachOps.java:150)
	at java.base/java.util.stream.ForEachOps$ForEachOp$OfRef.evaluateSequential(ForEachOps.java:173)
	at java.base/java.util.stream.AbstractPipeline.evaluate(AbstractPipeline.java:234)
	at java.base/java.util.stream.ReferencePipeline.forEach(ReferencePipeline.java:497)
	at org.openqa.selenium.devtools.Connection.handle(Connection.java:287)
	at org.openqa.selenium.devtools.Connection.access$200(Connection.java:57)
	at org.openqa.selenium.devtools.Connection$Listener.lambda$onText$0(Connection.java:224)
	... 3 more
Caused by: org.openqa.selenium.WebDriverException: {"id":1465,"error":{"code":-32602,"message":"Invalid InterceptionId."},"sessionId":"69DE6D1A85B5D627489871F60443E14A"}
Build info: version: '4.11.0', revision: '040bc5406b'
System info: os.name: 'Windows 10', os.arch: 'amd64', os.version: '10.0', java.version: '11.0.18'
Driver info: driver.version: unknown
	at org.openqa.selenium.devtools.Connection.handle(Connection.java:260)
	... 5 more
авг. 16, 2023 4:21:59 PM org.openqa.selenium.devtools.Connection$Listener lambda$onText$0
WARNING: Unable to process: {"method":"Fetch.requestPaused","params":{"requestId":"interception-job-240.0","request":{"url":"http://localhost:8080/favicon.ico","method":"GET","headers":{"Accept":"image/avif,image/webp,image/apng,image/svg+xml,image/*,*/*;q=0.8","Referer":"http://localhost:8080/","User-Agent":"Mozilla/5.0 (Windows NT 10.0; Win64; x64) AppleWebKit/537.36 (KHTML, like Gecko) Chrome/116.0.0.0 Safari/537.36","sec-ch-ua":"\"Chromium\";v=\"116\", \"Not)A;Brand\";v=\"24\", \"Google Chrome\";v=\"116\"","sec-ch-ua-mobile":"?0","sec-ch-ua-platform":"\"Windows\""},"initialPriority":"High","referrerPolicy":"unsafe-url"},"frameId":"D165F02B89151667DFD1BF49856829E7","resourceType":"Other","responseStatusCode":200,"responseStatusText":"","responseHeaders":[{"name":"Vary","value":"Origin"},{"name":"Vary","value":"Access-Control-Request-Method"},{"name":"Vary","value":"Access-Control-Request-Headers"},{"name":"Last-Modified","value":"Thu, 03 Aug 2023 10:18:16 GMT"},{"name":"Accept-Ranges","value":"bytes"},{"name":"Content-Type","value":"image/x-icon"},{"name":"Content-Length","value":"4286"},{"name":"Date","value":"Wed, 16 Aug 2023 13:20:23 GMT"}]},"sessionId":"69DE6D1A85B5D627489871F60443E14A"}
org.openqa.selenium.devtools.DevToolsException: {"id":1466,"error":{"code":-32602,"message":"Invalid InterceptionId."},"sessionId":"69DE6D1A85B5D627489871F60443E14A"}
Build info: version: '4.11.0', revision: '040bc5406b'
System info: os.name: 'Windows 10', os.arch: 'amd64', os.version: '10.0', java.version: '11.0.18'
Driver info: driver.version: unknown
	at org.openqa.selenium.devtools.Connection.sendAndWait(Connection.java:181)
	at org.openqa.selenium.devtools.DevTools.send(DevTools.java:81)
	at org.openqa.selenium.devtools.idealized.Network.lambda$prepareToInterceptTraffic$4(Network.java:194)
	at org.openqa.selenium.devtools.Connection.lambda$handle$4(Connection.java:321)
	at java.base/java.util.stream.ForEachOps$ForEachOp$OfRef.accept(ForEachOps.java:183)
	at java.base/java.util.stream.ReferencePipeline$2$1.accept(ReferencePipeline.java:177)
	at java.base/java.util.stream.ReferencePipeline$11$1.accept(ReferencePipeline.java:442)
	at java.base/java.util.HashMap$KeySpliterator.forEachRemaining(HashMap.java:1621)
	at java.base/java.util.stream.AbstractPipeline.copyInto(AbstractPipeline.java:484)
	at java.base/java.util.stream.AbstractPipeline.wrapAndCopyInto(AbstractPipeline.java:474)
	at java.base/java.util.stream.ForEachOps$ForEachOp.evaluateSequential(ForEachOps.java:150)
	at java.base/java.util.stream.ForEachOps$ForEachOp$OfRef.evaluateSequential(ForEachOps.java:173)
	at java.base/java.util.stream.AbstractPipeline.evaluate(AbstractPipeline.java:234)
	at java.base/java.util.stream.ReferencePipeline.forEach(ReferencePipeline.java:497)
	at org.openqa.selenium.devtools.Connection.handle(Connection.java:287)
	at org.openqa.selenium.devtools.Connection.access$200(Connection.java:57)
	at org.openqa.selenium.devtools.Connection$Listener.lambda$onText$0(Connection.java:224)
	at java.base/java.util.concurrent.ThreadPoolExecutor.runWorker(ThreadPoolExecutor.java:1128)
	at java.base/java.util.concurrent.ThreadPoolExecutor$Worker.run(ThreadPoolExecutor.java:628)
	at java.base/java.lang.Thread.run(Thread.java:829)
Caused by: org.openqa.selenium.WebDriverException: {"id":1466,"error":{"code":-32602,"message":"Invalid InterceptionId."},"sessionId":"69DE6D1A85B5D627489871F60443E14A"}
Build info: version: '4.11.0', revision: '040bc5406b'
System info: os.name: 'Windows 10', os.arch: 'amd64', os.version: '10.0', java.version: '11.0.18'
Driver info: driver.version: unknown
	at org.openqa.selenium.devtools.Connection.handle(Connection.java:260)
	... 5 more

Exception in thread "CDP Connection" org.openqa.selenium.devtools.DevToolsException: {"id":1466,"error":{"code":-32602,"message":"Invalid InterceptionId."},"sessionId":"69DE6D1A85B5D627489871F60443E14A"}
Build info: version: '4.11.0', revision: '040bc5406b'
System info: os.name: 'Windows 10', os.arch: 'amd64', os.version: '10.0', java.version: '11.0.18'
Driver info: driver.version: unknown
	at org.openqa.selenium.devtools.Connection$Listener.lambda$onText$0(Connection.java:227)
	at java.base/java.util.concurrent.ThreadPoolExecutor.runWorker(ThreadPoolExecutor.java:1128)
	at java.base/java.util.concurrent.ThreadPoolExecutor$Worker.run(ThreadPoolExecutor.java:628)
	at java.base/java.lang.Thread.run(Thread.java:829)
Caused by: org.openqa.selenium.devtools.DevToolsException: {"id":1466,"error":{"code":-32602,"message":"Invalid InterceptionId."},"sessionId":"69DE6D1A85B5D627489871F60443E14A"}
Build info: version: '4.11.0', revision: '040bc5406b'
System info: os.name: 'Windows 10', os.arch: 'amd64', os.version: '10.0', java.version: '11.0.18'
Driver info: driver.version: unknown
	at org.openqa.selenium.devtools.Connection.sendAndWait(Connection.java:181)
	at org.openqa.selenium.devtools.DevTools.send(DevTools.java:81)
	at org.openqa.selenium.devtools.idealized.Network.lambda$prepareToInterceptTraffic$4(Network.java:194)
	at org.openqa.selenium.devtools.Connection.lambda$handle$4(Connection.java:321)
	at java.base/java.util.stream.ForEachOps$ForEachOp$OfRef.accept(ForEachOps.java:183)
	at java.base/java.util.stream.ReferencePipeline$2$1.accept(ReferencePipeline.java:177)
	at java.base/java.util.stream.ReferencePipeline$11$1.accept(ReferencePipeline.java:442)
	at java.base/java.util.HashMap$KeySpliterator.forEachRemaining(HashMap.java:1621)
	at java.base/java.util.stream.AbstractPipeline.copyInto(AbstractPipeline.java:484)
	at java.base/java.util.stream.AbstractPipeline.wrapAndCopyInto(AbstractPipeline.java:474)
	at java.base/java.util.stream.ForEachOps$ForEachOp.evaluateSequential(ForEachOps.java:150)
	at java.base/java.util.stream.ForEachOps$ForEachOp$OfRef.evaluateSequential(ForEachOps.java:173)
	at java.base/java.util.stream.AbstractPipeline.evaluate(AbstractPipeline.java:234)
	at java.base/java.util.stream.ReferencePipeline.forEach(ReferencePipeline.java:497)
	at org.openqa.selenium.devtools.Connection.handle(Connection.java:287)
	at org.openqa.selenium.devtools.Connection.access$200(Connection.java:57)
	at org.openqa.selenium.devtools.Connection$Listener.lambda$onText$0(Connection.java:224)
	... 3 more
Caused by: org.openqa.selenium.WebDriverException: {"id":1466,"error":{"code":-32602,"message":"Invalid InterceptionId."},"sessionId":"69DE6D1A85B5D627489871F60443E14A"}
Build info: version: '4.11.0', revision: '040bc5406b'
System info: os.name: 'Windows 10', os.arch: 'amd64', os.version: '10.0', java.version: '11.0.18'
Driver info: driver.version: unknown
	at org.openqa.selenium.devtools.Connection.handle(Connection.java:260)
	... 5 more
авг. 16, 2023 4:21:59 PM org.openqa.selenium.devtools.Connection$Listener lambda$onText$0
WARNING: Unable to process: {"method":"Fetch.requestPaused","params":{"requestId":"interception-job-240.0","request":{"url":"http://localhost:8080/favicon.ico","method":"GET","headers":{"Accept":"image/avif,image/webp,image/apng,image/svg+xml,image/*,*/*;q=0.8","Referer":"http://localhost:8080/","User-Agent":"Mozilla/5.0 (Windows NT 10.0; Win64; x64) AppleWebKit/537.36 (KHTML, like Gecko) Chrome/116.0.0.0 Safari/537.36","sec-ch-ua":"\"Chromium\";v=\"116\", \"Not)A;Brand\";v=\"24\", \"Google Chrome\";v=\"116\"","sec-ch-ua-mobile":"?0","sec-ch-ua-platform":"\"Windows\""},"initialPriority":"High","referrerPolicy":"strict-origin-when-cross-origin"},"frameId":"D165F02B89151667DFD1BF49856829E7","resourceType":"Other"},"sessionId":"69DE6D1A85B5D627489871F60443E14A"}
org.openqa.selenium.devtools.DevToolsException: {"id":1468,"error":{"code":-32602,"message":"Invalid InterceptionId."},"sessionId":"69DE6D1A85B5D627489871F60443E14A"}
Build info: version: '4.11.0', revision: '040bc5406b'
System info: os.name: 'Windows 10', os.arch: 'amd64', os.version: '10.0', java.version: '11.0.18'
Driver info: driver.version: unknown
	at org.openqa.selenium.devtools.Connection.sendAndWait(Connection.java:181)
	at org.openqa.selenium.devtools.DevTools.send(DevTools.java:81)
	at org.openqa.selenium.devtools.idealized.Network.lambda$prepareToInterceptTraffic$3(Network.java:211)
	at org.openqa.selenium.remote.http.Filter.lambda$andFinally$1(Filter.java:55)
	at org.openqa.selenium.devtools.idealized.Network.lambda$prepareToInterceptTraffic$4(Network.java:226)
	at org.openqa.selenium.devtools.Connection.lambda$handle$4(Connection.java:321)
	at java.base/java.util.stream.ForEachOps$ForEachOp$OfRef.accept(ForEachOps.java:183)
	at java.base/java.util.stream.ReferencePipeline$2$1.accept(ReferencePipeline.java:177)
	at java.base/java.util.stream.ReferencePipeline$11$1.accept(ReferencePipeline.java:442)
	at java.base/java.util.HashMap$KeySpliterator.forEachRemaining(HashMap.java:1621)
	at java.base/java.util.stream.AbstractPipeline.copyInto(AbstractPipeline.java:484)
	at java.base/java.util.stream.AbstractPipeline.wrapAndCopyInto(AbstractPipeline.java:474)
	at java.base/java.util.stream.ForEachOps$ForEachOp.evaluateSequential(ForEachOps.java:150)
	at java.base/java.util.stream.ForEachOps$ForEachOp$OfRef.evaluateSequential(ForEachOps.java:173)
	at java.base/java.util.stream.AbstractPipeline.evaluate(AbstractPipeline.java:234)
	at java.base/java.util.stream.ReferencePipeline.forEach(ReferencePipeline.java:497)
	at org.openqa.selenium.devtools.Connection.handle(Connection.java:287)
	at org.openqa.selenium.devtools.Connection.access$200(Connection.java:57)
	at org.openqa.selenium.devtools.Connection$Listener.lambda$onText$0(Connection.java:224)
	at java.base/java.util.concurrent.ThreadPoolExecutor.runWorker(ThreadPoolExecutor.java:1128)
	at java.base/java.util.concurrent.ThreadPoolExecutor$Worker.run(ThreadPoolExecutor.java:628)
	at java.base/java.lang.Thread.run(Thread.java:829)
Caused by: org.openqa.selenium.WebDriverException: {"id":1468,"error":{"code":-32602,"message":"Invalid InterceptionId."},"sessionId":"69DE6D1A85B5D627489871F60443E14A"}
Build info: version: '4.11.0', revision: '040bc5406b'
System info: os.name: 'Windows 10', os.arch: 'amd64', os.version: '10.0', java.version: '11.0.18'
Driver info: driver.version: unknown
	at org.openqa.selenium.devtools.Connection.handle(Connection.java:260)
	... 5 more

Exception in thread "CDP Connection" org.openqa.selenium.devtools.DevToolsException: {"id":1468,"error":{"code":-32602,"message":"Invalid InterceptionId."},"sessionId":"69DE6D1A85B5D627489871F60443E14A"}
Build info: version: '4.11.0', revision: '040bc5406b'
System info: os.name: 'Windows 10', os.arch: 'amd64', os.version: '10.0', java.version: '11.0.18'
Driver info: driver.version: unknown
	at org.openqa.selenium.devtools.Connection$Listener.lambda$onText$0(Connection.java:227)
	at java.base/java.util.concurrent.ThreadPoolExecutor.runWorker(ThreadPoolExecutor.java:1128)
	at java.base/java.util.concurrent.ThreadPoolExecutor$Worker.run(ThreadPoolExecutor.java:628)
	at java.base/java.lang.Thread.run(Thread.java:829)
Caused by: org.openqa.selenium.devtools.DevToolsException: {"id":1468,"error":{"code":-32602,"message":"Invalid InterceptionId."},"sessionId":"69DE6D1A85B5D627489871F60443E14A"}
Build info: version: '4.11.0', revision: '040bc5406b'
System info: os.name: 'Windows 10', os.arch: 'amd64', os.version: '10.0', java.version: '11.0.18'
Driver info: driver.version: unknown
	at org.openqa.selenium.devtools.Connection.sendAndWait(Connection.java:181)
	at org.openqa.selenium.devtools.DevTools.send(DevTools.java:81)
	at org.openqa.selenium.devtools.idealized.Network.lambda$prepareToInterceptTraffic$3(Network.java:211)
	at org.openqa.selenium.remote.http.Filter.lambda$andFinally$1(Filter.java:55)
	at org.openqa.selenium.devtools.idealized.Network.lambda$prepareToInterceptTraffic$4(Network.java:226)
	at org.openqa.selenium.devtools.Connection.lambda$handle$4(Connection.java:321)
	at java.base/java.util.stream.ForEachOps$ForEachOp$OfRef.accept(ForEachOps.java:183)
	at java.base/java.util.stream.ReferencePipeline$2$1.accept(ReferencePipeline.java:177)
	at java.base/java.util.stream.ReferencePipeline$11$1.accept(ReferencePipeline.java:442)
	at java.base/java.util.HashMap$KeySpliterator.forEachRemaining(HashMap.java:1621)
	at java.base/java.util.stream.AbstractPipeline.copyInto(AbstractPipeline.java:484)
	at java.base/java.util.stream.AbstractPipeline.wrapAndCopyInto(AbstractPipeline.java:474)
	at java.base/java.util.stream.ForEachOps$ForEachOp.evaluateSequential(ForEachOps.java:150)
	at java.base/java.util.stream.ForEachOps$ForEachOp$OfRef.evaluateSequential(ForEachOps.java:173)
	at java.base/java.util.stream.AbstractPipeline.evaluate(AbstractPipeline.java:234)
	at java.base/java.util.stream.ReferencePipeline.forEach(ReferencePipeline.java:497)
	at org.openqa.selenium.devtools.Connection.handle(Connection.java:287)
	at org.openqa.selenium.devtools.Connection.access$200(Connection.java:57)
	at org.openqa.selenium.devtools.Connection$Listener.lambda$onText$0(Connection.java:224)
	... 3 more
Caused by: org.openqa.selenium.WebDriverException: {"id":1468,"error":{"code":-32602,"message":"Invalid InterceptionId."},"sessionId":"69DE6D1A85B5D627489871F60443E14A"}
Build info: version: '4.11.0', revision: '040bc5406b'
System info: os.name: 'Windows 10', os.arch: 'amd64', os.version: '10.0', java.version: '11.0.18'
Driver info: driver.version: unknown
	at org.openqa.selenium.devtools.Connection.handle(Connection.java:260)
	... 5 more
авг. 16, 2023 4:21:59 PM org.openqa.selenium.devtools.Connection$Listener lambda$onText$0
WARNING: Unable to process: {"method":"Fetch.requestPaused","params":{"requestId":"interception-job-241.0","request":{"url":"http://localhost:8080/logo192.png","method":"GET","headers":{"Accept":"image/avif,image/webp,image/apng,image/svg+xml,image/*,*/*;q=0.8","Referer":"http://localhost:8080/","User-Agent":"Mozilla/5.0 (Windows NT 10.0; Win64; x64) AppleWebKit/537.36 (KHTML, like Gecko) Chrome/116.0.0.0 Safari/537.36","sec-ch-ua":"\"Chromium\";v=\"116\", \"Not)A;Brand\";v=\"24\", \"Google Chrome\";v=\"116\"","sec-ch-ua-mobile":"?0","sec-ch-ua-platform":"\"Windows\""},"initialPriority":"High","referrerPolicy":"unsafe-url"},"frameId":"D165F02B89151667DFD1BF49856829E7","resourceType":"Image","responseStatusCode":200,"responseStatusText":"","responseHeaders":[{"name":"Vary","value":"Origin"},{"name":"Vary","value":"Access-Control-Request-Method"},{"name":"Vary","value":"Access-Control-Request-Headers"},{"name":"Last-Modified","value":"Thu, 03 Aug 2023 10:18:16 GMT"},{"name":"Accept-Ranges","value":"bytes"},{"name":"Content-Type","value":"image/png"},{"name":"Content-Length","value":"8581"},{"name":"Date","value":"Wed, 16 Aug 2023 13:20:23 GMT"}]},"sessionId":"69DE6D1A85B5D627489871F60443E14A"}
org.openqa.selenium.devtools.DevToolsException: {"id":1472,"error":{"code":-32602,"message":"Invalid InterceptionId."},"sessionId":"69DE6D1A85B5D627489871F60443E14A"}
Build info: version: '4.11.0', revision: '040bc5406b'
System info: os.name: 'Windows 10', os.arch: 'amd64', os.version: '10.0', java.version: '11.0.18'
Driver info: driver.version: unknown
	at org.openqa.selenium.devtools.Connection.sendAndWait(Connection.java:181)
	at org.openqa.selenium.devtools.DevTools.send(DevTools.java:81)
	at org.openqa.selenium.devtools.idealized.Network.lambda$prepareToInterceptTraffic$4(Network.java:194)
	at org.openqa.selenium.devtools.Connection.lambda$handle$4(Connection.java:321)
	at java.base/java.util.stream.ForEachOps$ForEachOp$OfRef.accept(ForEachOps.java:183)
	at java.base/java.util.stream.ReferencePipeline$2$1.accept(ReferencePipeline.java:177)
	at java.base/java.util.stream.ReferencePipeline$11$1.accept(ReferencePipeline.java:442)
	at java.base/java.util.HashMap$KeySpliterator.forEachRemaining(HashMap.java:1621)
	at java.base/java.util.stream.AbstractPipeline.copyInto(AbstractPipeline.java:484)
	at java.base/java.util.stream.AbstractPipeline.wrapAndCopyInto(AbstractPipeline.java:474)
	at java.base/java.util.stream.ForEachOps$ForEachOp.evaluateSequential(ForEachOps.java:150)
	at java.base/java.util.stream.ForEachOps$ForEachOp$OfRef.evaluateSequential(ForEachOps.java:173)
	at java.base/java.util.stream.AbstractPipeline.evaluate(AbstractPipeline.java:234)
	at java.base/java.util.stream.ReferencePipeline.forEach(ReferencePipeline.java:497)
	at org.openqa.selenium.devtools.Connection.handle(Connection.java:287)
	at org.openqa.selenium.devtools.Connection.access$200(Connection.java:57)
	at org.openqa.selenium.devtools.Connection$Listener.lambda$onText$0(Connection.java:224)
	at java.base/java.util.concurrent.ThreadPoolExecutor.runWorker(ThreadPoolExecutor.java:1128)
	at java.base/java.util.concurrent.ThreadPoolExecutor$Worker.run(ThreadPoolExecutor.java:628)
	at java.base/java.lang.Thread.run(Thread.java:829)
Caused by: org.openqa.selenium.WebDriverException: {"id":1472,"error":{"code":-32602,"message":"Invalid InterceptionId."},"sessionId":"69DE6D1A85B5D627489871F60443E14A"}
Build info: version: '4.11.0', revision: '040bc5406b'
System info: os.name: 'Windows 10', os.arch: 'amd64', os.version: '10.0', java.version: '11.0.18'
Driver info: driver.version: unknown
	at org.openqa.selenium.devtools.Connection.handle(Connection.java:260)
	... 5 more

Exception in thread "CDP Connection" org.openqa.selenium.devtools.DevToolsException: {"id":1472,"error":{"code":-32602,"message":"Invalid InterceptionId."},"sessionId":"69DE6D1A85B5D627489871F60443E14A"}
Build info: version: '4.11.0', revision: '040bc5406b'
System info: os.name: 'Windows 10', os.arch: 'amd64', os.version: '10.0', java.version: '11.0.18'
Driver info: driver.version: unknown
	at org.openqa.selenium.devtools.Connection$Listener.lambda$onText$0(Connection.java:227)
	at java.base/java.util.concurrent.ThreadPoolExecutor.runWorker(ThreadPoolExecutor.java:1128)
	at java.base/java.util.concurrent.ThreadPoolExecutor$Worker.run(ThreadPoolExecutor.java:628)
	at java.base/java.lang.Thread.run(Thread.java:829)
Caused by: org.openqa.selenium.devtools.DevToolsException: {"id":1472,"error":{"code":-32602,"message":"Invalid InterceptionId."},"sessionId":"69DE6D1A85B5D627489871F60443E14A"}
Build info: version: '4.11.0', revision: '040bc5406b'
System info: os.name: 'Windows 10', os.arch: 'amd64', os.version: '10.0', java.version: '11.0.18'
Driver info: driver.version: unknown
	at org.openqa.selenium.devtools.Connection.sendAndWait(Connection.java:181)
	at org.openqa.selenium.devtools.DevTools.send(DevTools.java:81)
	at org.openqa.selenium.devtools.idealized.Network.lambda$prepareToInterceptTraffic$4(Network.java:194)
	at org.openqa.selenium.devtools.Connection.lambda$handle$4(Connection.java:321)
	at java.base/java.util.stream.ForEachOps$ForEachOp$OfRef.accept(ForEachOps.java:183)
	at java.base/java.util.stream.ReferencePipeline$2$1.accept(ReferencePipeline.java:177)
	at java.base/java.util.stream.ReferencePipeline$11$1.accept(ReferencePipeline.java:442)
	at java.base/java.util.HashMap$KeySpliterator.forEachRemaining(HashMap.java:1621)
	at java.base/java.util.stream.AbstractPipeline.copyInto(AbstractPipeline.java:484)
	at java.base/java.util.stream.AbstractPipeline.wrapAndCopyInto(AbstractPipeline.java:474)
	at java.base/java.util.stream.ForEachOps$ForEachOp.evaluateSequential(ForEachOps.java:150)
	at java.base/java.util.stream.ForEachOps$ForEachOp$OfRef.evaluateSequential(ForEachOps.java:173)
	at java.base/java.util.stream.AbstractPipeline.evaluate(AbstractPipeline.java:234)
	at java.base/java.util.stream.ReferencePipeline.forEach(ReferencePipeline.java:497)
	at org.openqa.selenium.devtools.Connection.handle(Connection.java:287)
	at org.openqa.selenium.devtools.Connection.access$200(Connection.java:57)
	at org.openqa.selenium.devtools.Connection$Listener.lambda$onText$0(Connection.java:224)
	... 3 more
Caused by: org.openqa.selenium.WebDriverException: {"id":1472,"error":{"code":-32602,"message":"Invalid InterceptionId."},"sessionId":"69DE6D1A85B5D627489871F60443E14A"}
Build info: version: '4.11.0', revision: '040bc5406b'
System info: os.name: 'Windows 10', os.arch: 'amd64', os.version: '10.0', java.version: '11.0.18'
Driver info: driver.version: unknown
	at org.openqa.selenium.devtools.Connection.handle(Connection.java:260)
	... 5 more
авг. 16, 2023 4:21:59 PM org.openqa.selenium.devtools.Connection$Listener lambda$onText$0
WARNING: Unable to process: {"method":"Fetch.requestPaused","params":{"requestId":"interception-job-241.0","request":{"url":"http://localhost:8080/logo192.png","method":"GET","headers":{"Accept":"image/avif,image/webp,image/apng,image/svg+xml,image/*,*/*;q=0.8","Referer":"http://localhost:8080/","User-Agent":"Mozilla/5.0 (Windows NT 10.0; Win64; x64) AppleWebKit/537.36 (KHTML, like Gecko) Chrome/116.0.0.0 Safari/537.36","sec-ch-ua":"\"Chromium\";v=\"116\", \"Not)A;Brand\";v=\"24\", \"Google Chrome\";v=\"116\"","sec-ch-ua-mobile":"?0","sec-ch-ua-platform":"\"Windows\""},"initialPriority":"High","referrerPolicy":"strict-origin-when-cross-origin"},"frameId":"D165F02B89151667DFD1BF49856829E7","resourceType":"Image"},"sessionId":"69DE6D1A85B5D627489871F60443E14A"}
org.openqa.selenium.devtools.DevToolsException: {"id":1473,"error":{"code":-32602,"message":"Invalid InterceptionId."},"sessionId":"69DE6D1A85B5D627489871F60443E14A"}
Build info: version: '4.11.0', revision: '040bc5406b'
System info: os.name: 'Windows 10', os.arch: 'amd64', os.version: '10.0', java.version: '11.0.18'
Driver info: driver.version: unknown
	at org.openqa.selenium.devtools.Connection.sendAndWait(Connection.java:181)
	at org.openqa.selenium.devtools.DevTools.send(DevTools.java:81)
	at org.openqa.selenium.devtools.idealized.Network.lambda$prepareToInterceptTraffic$3(Network.java:211)
	at org.openqa.selenium.remote.http.Filter.lambda$andFinally$1(Filter.java:55)
	at org.openqa.selenium.devtools.idealized.Network.lambda$prepareToInterceptTraffic$4(Network.java:226)
	at org.openqa.selenium.devtools.Connection.lambda$handle$4(Connection.java:321)
	at java.base/java.util.stream.ForEachOps$ForEachOp$OfRef.accept(ForEachOps.java:183)
	at java.base/java.util.stream.ReferencePipeline$2$1.accept(ReferencePipeline.java:177)
	at java.base/java.util.stream.ReferencePipeline$11$1.accept(ReferencePipeline.java:442)
	at java.base/java.util.HashMap$KeySpliterator.forEachRemaining(HashMap.java:1621)
	at java.base/java.util.stream.AbstractPipeline.copyInto(AbstractPipeline.java:484)
	at java.base/java.util.stream.AbstractPipeline.wrapAndCopyInto(AbstractPipeline.java:474)
	at java.base/java.util.stream.ForEachOps$ForEachOp.evaluateSequential(ForEachOps.java:150)
	at java.base/java.util.stream.ForEachOps$ForEachOp$OfRef.evaluateSequential(ForEachOps.java:173)
	at java.base/java.util.stream.AbstractPipeline.evaluate(AbstractPipeline.java:234)
	at java.base/java.util.stream.ReferencePipeline.forEach(ReferencePipeline.java:497)
	at org.openqa.selenium.devtools.Connection.handle(Connection.java:287)
	at org.openqa.selenium.devtools.Connection.access$200(Connection.java:57)
	at org.openqa.selenium.devtools.Connection$Listener.lambda$onText$0(Connection.java:224)
	at java.base/java.util.concurrent.ThreadPoolExecutor.runWorker(ThreadPoolExecutor.java:1128)
	at java.base/java.util.concurrent.ThreadPoolExecutor$Worker.run(ThreadPoolExecutor.java:628)
	at java.base/java.lang.Thread.run(Thread.java:829)
Caused by: org.openqa.selenium.WebDriverException: {"id":1473,"error":{"code":-32602,"message":"Invalid InterceptionId."},"sessionId":"69DE6D1A85B5D627489871F60443E14A"}
Build info: version: '4.11.0', revision: '040bc5406b'
System info: os.name: 'Windows 10', os.arch: 'amd64', os.version: '10.0', java.version: '11.0.18'
Driver info: driver.version: unknown
	at org.openqa.selenium.devtools.Connection.handle(Connection.java:260)
	... 5 more

Exception in thread "CDP Connection" org.openqa.selenium.devtools.DevToolsException: {"id":1473,"error":{"code":-32602,"message":"Invalid InterceptionId."},"sessionId":"69DE6D1A85B5D627489871F60443E14A"}
Build info: version: '4.11.0', revision: '040bc5406b'
System info: os.name: 'Windows 10', os.arch: 'amd64', os.version: '10.0', java.version: '11.0.18'
Driver info: driver.version: unknown
	at org.openqa.selenium.devtools.Connection$Listener.lambda$onText$0(Connection.java:227)
	at java.base/java.util.concurrent.ThreadPoolExecutor.runWorker(ThreadPoolExecutor.java:1128)
	at java.base/java.util.concurrent.ThreadPoolExecutor$Worker.run(ThreadPoolExecutor.java:628)
	at java.base/java.lang.Thread.run(Thread.java:829)
Caused by: org.openqa.selenium.devtools.DevToolsException: {"id":1473,"error":{"code":-32602,"message":"Invalid InterceptionId."},"sessionId":"69DE6D1A85B5D627489871F60443E14A"}
Build info: version: '4.11.0', revision: '040bc5406b'
System info: os.name: 'Windows 10', os.arch: 'amd64', os.version: '10.0', java.version: '11.0.18'
Driver info: driver.version: unknown
	at org.openqa.selenium.devtools.Connection.sendAndWait(Connection.java:181)
	at org.openqa.selenium.devtools.DevTools.send(DevTools.java:81)
	at org.openqa.selenium.devtools.idealized.Network.lambda$prepareToInterceptTraffic$3(Network.java:211)
	at org.openqa.selenium.remote.http.Filter.lambda$andFinally$1(Filter.java:55)
	at org.openqa.selenium.devtools.idealized.Network.lambda$prepareToInterceptTraffic$4(Network.java:226)
	at org.openqa.selenium.devtools.Connection.lambda$handle$4(Connection.java:321)
	at java.base/java.util.stream.ForEachOps$ForEachOp$OfRef.accept(ForEachOps.java:183)
	at java.base/java.util.stream.ReferencePipeline$2$1.accept(ReferencePipeline.java:177)
	at java.base/java.util.stream.ReferencePipeline$11$1.accept(ReferencePipeline.java:442)
	at java.base/java.util.HashMap$KeySpliterator.forEachRemaining(HashMap.java:1621)
	at java.base/java.util.stream.AbstractPipeline.copyInto(AbstractPipeline.java:484)
	at java.base/java.util.stream.AbstractPipeline.wrapAndCopyInto(AbstractPipeline.java:474)
	at java.base/java.util.stream.ForEachOps$ForEachOp.evaluateSequential(ForEachOps.java:150)
	at java.base/java.util.stream.ForEachOps$ForEachOp$OfRef.evaluateSequential(ForEachOps.java:173)
	at java.base/java.util.stream.AbstractPipeline.evaluate(AbstractPipeline.java:234)
	at java.base/java.util.stream.ReferencePipeline.forEach(ReferencePipeline.java:497)
	at org.openqa.selenium.devtools.Connection.handle(Connection.java:287)
	at org.openqa.selenium.devtools.Connection.access$200(Connection.java:57)
	at org.openqa.selenium.devtools.Connection$Listener.lambda$onText$0(Connection.java:224)
	... 3 more
Caused by: org.openqa.selenium.WebDriverException: {"id":1473,"error":{"code":-32602,"message":"Invalid InterceptionId."},"sessionId":"69DE6D1A85B5D627489871F60443E14A"}
Build info: version: '4.11.0', revision: '040bc5406b'
System info: os.name: 'Windows 10', os.arch: 'amd64', os.version: '10.0', java.version: '11.0.18'
Driver info: driver.version: unknown
	at org.openqa.selenium.devtools.Connection.handle(Connection.java:260)
	... 5 more
авг. 16, 2023 4:21:59 PM org.openqa.selenium.devtools.Connection$Listener lambda$onText$0
WARNING: Unable to process: {"method":"Fetch.requestPaused","params":{"requestId":"interception-job-242.0","request":{"url":"http://localhost:8080/static/media/icon_ok_m_white.5987da79.svg","method":"GET","headers":{"Accept":"image/avif,image/webp,image/apng,image/svg+xml,image/*,*/*;q=0.8","Referer":"http://localhost:8080/static/css/2.7d875902.chunk.css","User-Agent":"Mozilla/5.0 (Windows NT 10.0; Win64; x64) AppleWebKit/537.36 (KHTML, like Gecko) Chrome/116.0.0.0 Safari/537.36","sec-ch-ua":"\"Chromium\";v=\"116\", \"Not)A;Brand\";v=\"24\", \"Google Chrome\";v=\"116\"","sec-ch-ua-mobile":"?0","sec-ch-ua-platform":"\"Windows\""},"initialPriority":"Low","referrerPolicy":"unsafe-url"},"frameId":"D165F02B89151667DFD1BF49856829E7","resourceType":"Image","responseStatusCode":200,"responseStatusText":"","responseHeaders":[{"name":"Vary","value":"Origin"},{"name":"Vary","value":"Access-Control-Request-Method"},{"name":"Vary","value":"Access-Control-Request-Headers"},{"name":"Last-Modified","value":"Thu, 03 Aug 2023 10:18:16 GMT"},{"name":"Accept-Ranges","value":"bytes"},{"name":"Content-Type","value":"image/svg+xml"},{"name":"Content-Length","value":"687"},{"name":"Date","value":"Wed, 16 Aug 2023 13:20:24 GMT"}]},"sessionId":"69DE6D1A85B5D627489871F60443E14A"}
org.openqa.selenium.devtools.DevToolsException: {"id":1483,"error":{"code":-32602,"message":"Invalid InterceptionId."},"sessionId":"69DE6D1A85B5D627489871F60443E14A"}
Build info: version: '4.11.0', revision: '040bc5406b'
System info: os.name: 'Windows 10', os.arch: 'amd64', os.version: '10.0', java.version: '11.0.18'
Driver info: driver.version: unknown
	at org.openqa.selenium.devtools.Connection.sendAndWait(Connection.java:181)
	at org.openqa.selenium.devtools.DevTools.send(DevTools.java:81)
	at org.openqa.selenium.devtools.idealized.Network.lambda$prepareToInterceptTraffic$4(Network.java:194)
	at org.openqa.selenium.devtools.Connection.lambda$handle$4(Connection.java:321)
	at java.base/java.util.stream.ForEachOps$ForEachOp$OfRef.accept(ForEachOps.java:183)
	at java.base/java.util.stream.ReferencePipeline$2$1.accept(ReferencePipeline.java:177)
	at java.base/java.util.stream.ReferencePipeline$11$1.accept(ReferencePipeline.java:442)
	at java.base/java.util.HashMap$KeySpliterator.forEachRemaining(HashMap.java:1621)
	at java.base/java.util.stream.AbstractPipeline.copyInto(AbstractPipeline.java:484)
	at java.base/java.util.stream.AbstractPipeline.wrapAndCopyInto(AbstractPipeline.java:474)
	at java.base/java.util.stream.ForEachOps$ForEachOp.evaluateSequential(ForEachOps.java:150)
	at java.base/java.util.stream.ForEachOps$ForEachOp$OfRef.evaluateSequential(ForEachOps.java:173)
	at java.base/java.util.stream.AbstractPipeline.evaluate(AbstractPipeline.java:234)
	at java.base/java.util.stream.ReferencePipeline.forEach(ReferencePipeline.java:497)
	at org.openqa.selenium.devtools.Connection.handle(Connection.java:287)
	at org.openqa.selenium.devtools.Connection.access$200(Connection.java:57)
	at org.openqa.selenium.devtools.Connection$Listener.lambda$onText$0(Connection.java:224)
	at java.base/java.util.concurrent.ThreadPoolExecutor.runWorker(ThreadPoolExecutor.java:1128)
	at java.base/java.util.concurrent.ThreadPoolExecutor$Worker.run(ThreadPoolExecutor.java:628)
	at java.base/java.lang.Thread.run(Thread.java:829)
Caused by: org.openqa.selenium.WebDriverException: {"id":1483,"error":{"code":-32602,"message":"Invalid InterceptionId."},"sessionId":"69DE6D1A85B5D627489871F60443E14A"}
Build info: version: '4.11.0', revision: '040bc5406b'
System info: os.name: 'Windows 10', os.arch: 'amd64', os.version: '10.0', java.version: '11.0.18'
Driver info: driver.version: unknown
	at org.openqa.selenium.devtools.Connection.handle(Connection.java:260)
	... 5 more

Exception in thread "CDP Connection" org.openqa.selenium.devtools.DevToolsException: {"id":1483,"error":{"code":-32602,"message":"Invalid InterceptionId."},"sessionId":"69DE6D1A85B5D627489871F60443E14A"}
Build info: version: '4.11.0', revision: '040bc5406b'
System info: os.name: 'Windows 10', os.arch: 'amd64', os.version: '10.0', java.version: '11.0.18'
Driver info: driver.version: unknown
	at org.openqa.selenium.devtools.Connection$Listener.lambda$onText$0(Connection.java:227)
	at java.base/java.util.concurrent.ThreadPoolExecutor.runWorker(ThreadPoolExecutor.java:1128)
	at java.base/java.util.concurrent.ThreadPoolExecutor$Worker.run(ThreadPoolExecutor.java:628)
	at java.base/java.lang.Thread.run(Thread.java:829)
Caused by: org.openqa.selenium.devtools.DevToolsException: {"id":1483,"error":{"code":-32602,"message":"Invalid InterceptionId."},"sessionId":"69DE6D1A85B5D627489871F60443E14A"}
Build info: version: '4.11.0', revision: '040bc5406b'
System info: os.name: 'Windows 10', os.arch: 'amd64', os.version: '10.0', java.version: '11.0.18'
Driver info: driver.version: unknown
	at org.openqa.selenium.devtools.Connection.sendAndWait(Connection.java:181)
	at org.openqa.selenium.devtools.DevTools.send(DevTools.java:81)
	at org.openqa.selenium.devtools.idealized.Network.lambda$prepareToInterceptTraffic$4(Network.java:194)
	at org.openqa.selenium.devtools.Connection.lambda$handle$4(Connection.java:321)
	at java.base/java.util.stream.ForEachOps$ForEachOp$OfRef.accept(ForEachOps.java:183)
	at java.base/java.util.stream.ReferencePipeline$2$1.accept(ReferencePipeline.java:177)
	at java.base/java.util.stream.ReferencePipeline$11$1.accept(ReferencePipeline.java:442)
	at java.base/java.util.HashMap$KeySpliterator.forEachRemaining(HashMap.java:1621)
	at java.base/java.util.stream.AbstractPipeline.copyInto(AbstractPipeline.java:484)
	at java.base/java.util.stream.AbstractPipeline.wrapAndCopyInto(AbstractPipeline.java:474)
	at java.base/java.util.stream.ForEachOps$ForEachOp.evaluateSequential(ForEachOps.java:150)
	at java.base/java.util.stream.ForEachOps$ForEachOp$OfRef.evaluateSequential(ForEachOps.java:173)
	at java.base/java.util.stream.AbstractPipeline.evaluate(AbstractPipeline.java:234)
	at java.base/java.util.stream.ReferencePipeline.forEach(ReferencePipeline.java:497)
	at org.openqa.selenium.devtools.Connection.handle(Connection.java:287)
	at org.openqa.selenium.devtools.Connection.access$200(Connection.java:57)
	at org.openqa.selenium.devtools.Connection$Listener.lambda$onText$0(Connection.java:224)
	... 3 more
Caused by: org.openqa.selenium.WebDriverException: {"id":1483,"error":{"code":-32602,"message":"Invalid InterceptionId."},"sessionId":"69DE6D1A85B5D627489871F60443E14A"}
Build info: version: '4.11.0', revision: '040bc5406b'
System info: os.name: 'Windows 10', os.arch: 'amd64', os.version: '10.0', java.version: '11.0.18'
Driver info: driver.version: unknown
	at org.openqa.selenium.devtools.Connection.handle(Connection.java:260)
	... 5 more
авг. 16, 2023 4:21:59 PM org.openqa.selenium.devtools.Connection$Listener lambda$onText$0
WARNING: Unable to process: {"method":"Fetch.requestPaused","params":{"requestId":"interception-job-243.0","request":{"url":"http://localhost:8080/static/media/icon_close_s_white.cd06f8fb.svg","method":"GET","headers":{"Accept":"image/avif,image/webp,image/apng,image/svg+xml,image/*,*/*;q=0.8","Referer":"http://localhost:8080/static/css/2.7d875902.chunk.css","User-Agent":"Mozilla/5.0 (Windows NT 10.0; Win64; x64) AppleWebKit/537.36 (KHTML, like Gecko) Chrome/116.0.0.0 Safari/537.36","sec-ch-ua":"\"Chromium\";v=\"116\", \"Not)A;Brand\";v=\"24\", \"Google Chrome\";v=\"116\"","sec-ch-ua-mobile":"?0","sec-ch-ua-platform":"\"Windows\""},"initialPriority":"Low","referrerPolicy":"unsafe-url"},"frameId":"D165F02B89151667DFD1BF49856829E7","resourceType":"Image","responseStatusCode":200,"responseStatusText":"","responseHeaders":[{"name":"Vary","value":"Origin"},{"name":"Vary","value":"Access-Control-Request-Method"},{"name":"Vary","value":"Access-Control-Request-Headers"},{"name":"Last-Modified","value":"Thu, 03 Aug 2023 10:18:16 GMT"},{"name":"Accept-Ranges","value":"bytes"},{"name":"Content-Type","value":"image/svg+xml"},{"name":"Content-Length","value":"247"},{"name":"Date","value":"Wed, 16 Aug 2023 13:20:24 GMT"}]},"sessionId":"69DE6D1A85B5D627489871F60443E14A"}
org.openqa.selenium.devtools.DevToolsException: {"id":1485,"error":{"code":-32602,"message":"Invalid InterceptionId."},"sessionId":"69DE6D1A85B5D627489871F60443E14A"}
Build info: version: '4.11.0', revision: '040bc5406b'
System info: os.name: 'Windows 10', os.arch: 'amd64', os.version: '10.0', java.version: '11.0.18'
Driver info: driver.version: unknown
	at org.openqa.selenium.devtools.Connection.sendAndWait(Connection.java:181)
	at org.openqa.selenium.devtools.DevTools.send(DevTools.java:81)
	at org.openqa.selenium.devtools.idealized.Network.lambda$prepareToInterceptTraffic$4(Network.java:194)
	at org.openqa.selenium.devtools.Connection.lambda$handle$4(Connection.java:321)
	at java.base/java.util.stream.ForEachOps$ForEachOp$OfRef.accept(ForEachOps.java:183)
	at java.base/java.util.stream.ReferencePipeline$2$1.accept(ReferencePipeline.java:177)
	at java.base/java.util.stream.ReferencePipeline$11$1.accept(ReferencePipeline.java:442)
	at java.base/java.util.HashMap$KeySpliterator.forEachRemaining(HashMap.java:1621)
	at java.base/java.util.stream.AbstractPipeline.copyInto(AbstractPipeline.java:484)
	at java.base/java.util.stream.AbstractPipeline.wrapAndCopyInto(AbstractPipeline.java:474)
	at java.base/java.util.stream.ForEachOps$ForEachOp.evaluateSequential(ForEachOps.java:150)
	at java.base/java.util.stream.ForEachOps$ForEachOp$OfRef.evaluateSequential(ForEachOps.java:173)
	at java.base/java.util.stream.AbstractPipeline.evaluate(AbstractPipeline.java:234)
	at java.base/java.util.stream.ReferencePipeline.forEach(ReferencePipeline.java:497)
	at org.openqa.selenium.devtools.Connection.handle(Connection.java:287)
	at org.openqa.selenium.devtools.Connection.access$200(Connection.java:57)
	at org.openqa.selenium.devtools.Connection$Listener.lambda$onText$0(Connection.java:224)
	at java.base/java.util.concurrent.ThreadPoolExecutor.runWorker(ThreadPoolExecutor.java:1128)
	at java.base/java.util.concurrent.ThreadPoolExecutor$Worker.run(ThreadPoolExecutor.java:628)
	at java.base/java.lang.Thread.run(Thread.java:829)
Caused by: org.openqa.selenium.WebDriverException: {"id":1485,"error":{"code":-32602,"message":"Invalid InterceptionId."},"sessionId":"69DE6D1A85B5D627489871F60443E14A"}
Build info: version: '4.11.0', revision: '040bc5406b'
System info: os.name: 'Windows 10', os.arch: 'amd64', os.version: '10.0', java.version: '11.0.18'
Driver info: driver.version: unknown
	at org.openqa.selenium.devtools.Connection.handle(Connection.java:260)
	... 5 more

авг. 16, 2023 4:21:59 PM org.openqa.selenium.devtools.Connection$Listener lambda$onText$0
WARNING: Unable to process: {"method":"Fetch.requestPaused","params":{"requestId":"interception-job-242.0","request":{"url":"http://localhost:8080/static/media/icon_ok_m_white.5987da79.svg","method":"GET","headers":{"Accept":"image/avif,image/webp,image/apng,image/svg+xml,image/*,*/*;q=0.8","Referer":"http://localhost:8080/static/css/2.7d875902.chunk.css","User-Agent":"Mozilla/5.0 (Windows NT 10.0; Win64; x64) AppleWebKit/537.36 (KHTML, like Gecko) Chrome/116.0.0.0 Safari/537.36","sec-ch-ua":"\"Chromium\";v=\"116\", \"Not)A;Brand\";v=\"24\", \"Google Chrome\";v=\"116\"","sec-ch-ua-mobile":"?0","sec-ch-ua-platform":"\"Windows\""},"initialPriority":"Low","referrerPolicy":"strict-origin-when-cross-origin"},"frameId":"D165F02B89151667DFD1BF49856829E7","resourceType":"Image"},"sessionId":"69DE6D1A85B5D627489871F60443E14A"}
org.openqa.selenium.devtools.DevToolsException: {"id":1486,"error":{"code":-32602,"message":"Invalid InterceptionId."},"sessionId":"69DE6D1A85B5D627489871F60443E14A"}
Build info: version: '4.11.0', revision: '040bc5406b'
System info: os.name: 'Windows 10', os.arch: 'amd64', os.version: '10.0', java.version: '11.0.18'
Driver info: driver.version: unknown
	at org.openqa.selenium.devtools.Connection.sendAndWait(Connection.java:181)
	at org.openqa.selenium.devtools.DevTools.send(DevTools.java:81)
	at org.openqa.selenium.devtools.idealized.Network.lambda$prepareToInterceptTraffic$3(Network.java:211)
	at org.openqa.selenium.remote.http.Filter.lambda$andFinally$1(Filter.java:55)
	at org.openqa.selenium.devtools.idealized.Network.lambda$prepareToInterceptTraffic$4(Network.java:226)
	at org.openqa.selenium.devtools.Connection.lambda$handle$4(Connection.java:321)
	at java.base/java.util.stream.ForEachOps$ForEachOp$OfRef.accept(ForEachOps.java:183)
	at java.base/java.util.stream.ReferencePipeline$2$1.accept(ReferencePipeline.java:177)
	at java.base/java.util.stream.ReferencePipeline$11$1.accept(ReferencePipeline.java:442)
	at java.base/java.util.HashMap$KeySpliterator.forEachRemaining(HashMap.java:1621)
	at java.base/java.util.stream.AbstractPipeline.copyInto(AbstractPipeline.java:484)
	at java.base/java.util.stream.AbstractPipeline.wrapAndCopyInto(AbstractPipeline.java:474)
	at java.base/java.util.stream.ForEachOps$ForEachOp.evaluateSequential(ForEachOps.java:150)
	at java.base/java.util.stream.ForEachOps$ForEachOp$OfRef.evaluateSequential(ForEachOps.java:173)
	at java.base/java.util.stream.AbstractPipeline.evaluate(AbstractPipeline.java:234)
	at java.base/java.util.stream.ReferencePipeline.forEach(ReferencePipeline.java:497)
	at org.openqa.selenium.devtools.Connection.handle(Connection.java:287)
	at org.openqa.selenium.devtools.Connection.access$200(Connection.java:57)
	at org.openqa.selenium.devtools.Connection$Listener.lambda$onText$0(Connection.java:224)
	at java.base/java.util.concurrent.ThreadPoolExecutor.runWorker(ThreadPoolExecutor.java:1128)
	at java.base/java.util.concurrent.ThreadPoolExecutor$Worker.run(ThreadPoolExecutor.java:628)
	at java.base/java.lang.Thread.run(Thread.java:829)
Caused by: org.openqa.selenium.WebDriverException: {"id":1486,"error":{"code":-32602,"message":"Invalid InterceptionId."},"sessionId":"69DE6D1A85B5D627489871F60443E14A"}
Build info: version: '4.11.0', revision: '040bc5406b'
System info: os.name: 'Windows 10', os.arch: 'amd64', os.version: '10.0', java.version: '11.0.18'
Driver info: driver.version: unknown
	at org.openqa.selenium.devtools.Connection.handle(Connection.java:260)
	... 5 more

авг. 16, 2023 4:21:59 PM org.openqa.selenium.devtools.Connection$Listener lambda$onText$0
WARNING: Unable to process: {"method":"Fetch.requestPaused","params":{"requestId":"interception-job-243.0","request":{"url":"http://localhost:8080/static/media/icon_close_s_white.cd06f8fb.svg","method":"GET","headers":{"Accept":"image/avif,image/webp,image/apng,image/svg+xml,image/*,*/*;q=0.8","Referer":"http://localhost:8080/static/css/2.7d875902.chunk.css","User-Agent":"Mozilla/5.0 (Windows NT 10.0; Win64; x64) AppleWebKit/537.36 (KHTML, like Gecko) Chrome/116.0.0.0 Safari/537.36","sec-ch-ua":"\"Chromium\";v=\"116\", \"Not)A;Brand\";v=\"24\", \"Google Chrome\";v=\"116\"","sec-ch-ua-mobile":"?0","sec-ch-ua-platform":"\"Windows\""},"initialPriority":"Low","referrerPolicy":"strict-origin-when-cross-origin"},"frameId":"D165F02B89151667DFD1BF49856829E7","resourceType":"Image"},"sessionId":"69DE6D1A85B5D627489871F60443E14A"}
org.openqa.selenium.devtools.DevToolsException: {"id":1487,"error":{"code":-32602,"message":"Invalid InterceptionId."},"sessionId":"69DE6D1A85B5D627489871F60443E14A"}
Build info: version: '4.11.0', revision: '040bc5406b'
System info: os.name: 'Windows 10', os.arch: 'amd64', os.version: '10.0', java.version: '11.0.18'
Driver info: driver.version: unknown
	at org.openqa.selenium.devtools.Connection.sendAndWait(Connection.java:181)
	at org.openqa.selenium.devtools.DevTools.send(DevTools.java:81)
	at org.openqa.selenium.devtools.idealized.Network.lambda$prepareToInterceptTraffic$3(Network.java:211)
	at org.openqa.selenium.remote.http.Filter.lambda$andFinally$1(Filter.java:55)
	at org.openqa.selenium.devtools.idealized.Network.lambda$prepareToInterceptTraffic$4(Network.java:226)
	at org.openqa.selenium.devtools.Connection.lambda$handle$4(Connection.java:321)
	at java.base/java.util.stream.ForEachOps$ForEachOp$OfRef.accept(ForEachOps.java:183)
	at java.base/java.util.stream.ReferencePipeline$2$1.accept(ReferencePipeline.java:177)
	at java.base/java.util.stream.ReferencePipeline$11$1.accept(ReferencePipeline.java:442)
	at java.base/java.util.HashMap$KeySpliterator.forEachRemaining(HashMap.java:1621)
	at java.base/java.util.stream.AbstractPipeline.copyInto(AbstractPipeline.java:484)
	at java.base/java.util.stream.AbstractPipeline.wrapAndCopyInto(AbstractPipeline.java:474)
	at java.base/java.util.stream.ForEachOps$ForEachOp.evaluateSequential(ForEachOps.java:150)
	at java.base/java.util.stream.ForEachOps$ForEachOp$OfRef.evaluateSequential(ForEachOps.java:173)
	at java.base/java.util.stream.AbstractPipeline.evaluate(AbstractPipeline.java:234)
	at java.base/java.util.stream.ReferencePipeline.forEach(ReferencePipeline.java:497)
	at org.openqa.selenium.devtools.Connection.handle(Connection.java:287)
	at org.openqa.selenium.devtools.Connection.access$200(Connection.java:57)
	at org.openqa.selenium.devtools.Connection$Listener.lambda$onText$0(Connection.java:224)
	at java.base/java.util.concurrent.ThreadPoolExecutor.runWorker(ThreadPoolExecutor.java:1128)
	at java.base/java.util.concurrent.ThreadPoolExecutor$Worker.run(ThreadPoolExecutor.java:628)
	at java.base/java.lang.Thread.run(Thread.java:829)
Caused by: org.openqa.selenium.WebDriverException: {"id":1487,"error":{"code":-32602,"message":"Invalid InterceptionId."},"sessionId":"69DE6D1A85B5D627489871F60443E14A"}
Build info: version: '4.11.0', revision: '040bc5406b'
System info: os.name: 'Windows 10', os.arch: 'amd64', os.version: '10.0', java.version: '11.0.18'
Driver info: driver.version: unknown
	at org.openqa.selenium.devtools.Connection.handle(Connection.java:260)
	... 5 more

Exception in thread "CDP Connection" org.openqa.selenium.devtools.DevToolsException: {"id":1487,"error":{"code":-32602,"message":"Invalid InterceptionId."},"sessionId":"69DE6D1A85B5D627489871F60443E14A"}
Build info: version: '4.11.0', revision: '040bc5406b'
System info: os.name: 'Windows 10', os.arch: 'amd64', os.version: '10.0', java.version: '11.0.18'
Driver info: driver.version: unknown
	at org.openqa.selenium.devtools.Connection$Listener.lambda$onText$0(Connection.java:227)
	at java.base/java.util.concurrent.ThreadPoolExecutor.runWorker(ThreadPoolExecutor.java:1128)
	at java.base/java.util.concurrent.ThreadPoolExecutor$Worker.run(ThreadPoolExecutor.java:628)
	at java.base/java.lang.Thread.run(Thread.java:829)
Caused by: org.openqa.selenium.devtools.DevToolsException: {"id":1487,"error":{"code":-32602,"message":"Invalid InterceptionId."},"sessionId":"69DE6D1A85B5D627489871F60443E14A"}
Build info: version: '4.11.0', revision: '040bc5406b'
System info: os.name: 'Windows 10', os.arch: 'amd64', os.version: '10.0', java.version: '11.0.18'
Driver info: driver.version: unknown
	at org.openqa.selenium.devtools.Connection.sendAndWait(Connection.java:181)
	at org.openqa.selenium.devtools.DevTools.send(DevTools.java:81)
	at org.openqa.selenium.devtools.idealized.Network.lambda$prepareToInterceptTraffic$3(Network.java:211)
	at org.openqa.selenium.remote.http.Filter.lambda$andFinally$1(Filter.java:55)
	at org.openqa.selenium.devtools.idealized.Network.lambda$prepareToInterceptTraffic$4(Network.java:226)
	at org.openqa.selenium.devtools.Connection.lambda$handle$4(Connection.java:321)
	at java.base/java.util.stream.ForEachOps$ForEachOp$OfRef.accept(ForEachOps.java:183)
	at java.base/java.util.stream.ReferencePipeline$2$1.accept(ReferencePipeline.java:177)
	at java.base/java.util.stream.ReferencePipeline$11$1.accept(ReferencePipeline.java:442)
	at java.base/java.util.HashMap$KeySpliterator.forEachRemaining(HashMap.java:1621)
	at java.base/java.util.stream.AbstractPipeline.copyInto(AbstractPipeline.java:484)
	at java.base/java.util.stream.AbstractPipeline.wrapAndCopyInto(AbstractPipeline.java:474)
	at java.base/java.util.stream.ForEachOps$ForEachOp.evaluateSequential(ForEachOps.java:150)
	at java.base/java.util.stream.ForEachOps$ForEachOp$OfRef.evaluateSequential(ForEachOps.java:173)
	at java.base/java.util.stream.AbstractPipeline.evaluate(AbstractPipeline.java:234)
	at java.base/java.util.stream.ReferencePipeline.forEach(ReferencePipeline.java:497)
	at org.openqa.selenium.devtools.Connection.handle(Connection.java:287)
	at org.openqa.selenium.devtools.Connection.access$200(Connection.java:57)
	at org.openqa.selenium.devtools.Connection$Listener.lambda$onText$0(Connection.java:224)
	... 3 more
Caused by: org.openqa.selenium.WebDriverException: {"id":1487,"error":{"code":-32602,"message":"Invalid InterceptionId."},"sessionId":"69DE6D1A85B5D627489871F60443E14A"}
Build info: version: '4.11.0', revision: '040bc5406b'
System info: os.name: 'Windows 10', os.arch: 'amd64', os.version: '10.0', java.version: '11.0.18'
Driver info: driver.version: unknown
	at org.openqa.selenium.devtools.Connection.handle(Connection.java:260)
	... 5 more
Exception in thread "CDP Connection" org.openqa.selenium.devtools.DevToolsException: {"id":1485,"error":{"code":-32602,"message":"Invalid InterceptionId."},"sessionId":"69DE6D1A85B5D627489871F60443E14A"}
Build info: version: '4.11.0', revision: '040bc5406b'
System info: os.name: 'Windows 10', os.arch: 'amd64', os.version: '10.0', java.version: '11.0.18'
Driver info: driver.version: unknown
	at org.openqa.selenium.devtools.Connection$Listener.lambda$onText$0(Connection.java:227)
	at java.base/java.util.concurrent.ThreadPoolExecutor.runWorker(ThreadPoolExecutor.java:1128)
	at java.base/java.util.concurrent.ThreadPoolExecutor$Worker.run(ThreadPoolExecutor.java:628)
	at java.base/java.lang.Thread.run(Thread.java:829)
Caused by: org.openqa.selenium.devtools.DevToolsException: {"id":1485,"error":{"code":-32602,"message":"Invalid InterceptionId."},"sessionId":"69DE6D1A85B5D627489871F60443E14A"}
Build info: version: '4.11.0', revision: '040bc5406b'
System info: os.name: 'Windows 10', os.arch: 'amd64', os.version: '10.0', java.version: '11.0.18'
Driver info: driver.version: unknown
	at org.openqa.selenium.devtools.Connection.sendAndWait(Connection.java:181)
	at org.openqa.selenium.devtools.DevTools.send(DevTools.java:81)
	at org.openqa.selenium.devtools.idealized.Network.lambda$prepareToInterceptTraffic$4(Network.java:194)
	at org.openqa.selenium.devtools.Connection.lambda$handle$4(Connection.java:321)
	at java.base/java.util.stream.ForEachOps$ForEachOp$OfRef.accept(ForEachOps.java:183)
	at java.base/java.util.stream.ReferencePipeline$2$1.accept(ReferencePipeline.java:177)
	at java.base/java.util.stream.ReferencePipeline$11$1.accept(ReferencePipeline.java:442)
	at java.base/java.util.HashMap$KeySpliterator.forEachRemaining(HashMap.java:1621)
	at java.base/java.util.stream.AbstractPipeline.copyInto(AbstractPipeline.java:484)
	at java.base/java.util.stream.AbstractPipeline.wrapAndCopyInto(AbstractPipeline.java:474)
	at java.base/java.util.stream.ForEachOps$ForEachOp.evaluateSequential(ForEachOps.java:150)
	at java.base/java.util.stream.ForEachOps$ForEachOp$OfRef.evaluateSequential(ForEachOps.java:173)
	at java.base/java.util.stream.AbstractPipeline.evaluate(AbstractPipeline.java:234)
	at java.base/java.util.stream.ReferencePipeline.forEach(ReferencePipeline.java:497)
	at org.openqa.selenium.devtools.Connection.handle(Connection.java:287)
	at org.openqa.selenium.devtools.Connection.access$200(Connection.java:57)
	at org.openqa.selenium.devtools.Connection$Listener.lambda$onText$0(Connection.java:224)
	... 3 more
Caused by: org.openqa.selenium.WebDriverException: {"id":1485,"error":{"code":-32602,"message":"Invalid InterceptionId."},"sessionId":"69DE6D1A85B5D627489871F60443E14A"}
Build info: version: '4.11.0', revision: '040bc5406b'
System info: os.name: 'Windows 10', os.arch: 'amd64', os.version: '10.0', java.version: '11.0.18'
Driver info: driver.version: unknown
	at org.openqa.selenium.devtools.Connection.handle(Connection.java:260)
	... 5 more
Exception in thread "CDP Connection" org.openqa.selenium.devtools.DevToolsException: {"id":1486,"error":{"code":-32602,"message":"Invalid InterceptionId."},"sessionId":"69DE6D1A85B5D627489871F60443E14A"}
Build info: version: '4.11.0', revision: '040bc5406b'
System info: os.name: 'Windows 10', os.arch: 'amd64', os.version: '10.0', java.version: '11.0.18'
Driver info: driver.version: unknown
	at org.openqa.selenium.devtools.Connection$Listener.lambda$onText$0(Connection.java:227)
	at java.base/java.util.concurrent.ThreadPoolExecutor.runWorker(ThreadPoolExecutor.java:1128)
	at java.base/java.util.concurrent.ThreadPoolExecutor$Worker.run(ThreadPoolExecutor.java:628)
	at java.base/java.lang.Thread.run(Thread.java:829)
Caused by: org.openqa.selenium.devtools.DevToolsException: {"id":1486,"error":{"code":-32602,"message":"Invalid InterceptionId."},"sessionId":"69DE6D1A85B5D627489871F60443E14A"}
Build info: version: '4.11.0', revision: '040bc5406b'
System info: os.name: 'Windows 10', os.arch: 'amd64', os.version: '10.0', java.version: '11.0.18'
Driver info: driver.version: unknown
	at org.openqa.selenium.devtools.Connection.sendAndWait(Connection.java:181)
	at org.openqa.selenium.devtools.DevTools.send(DevTools.java:81)
	at org.openqa.selenium.devtools.idealized.Network.lambda$prepareToInterceptTraffic$3(Network.java:211)
	at org.openqa.selenium.remote.http.Filter.lambda$andFinally$1(Filter.java:55)
	at org.openqa.selenium.devtools.idealized.Network.lambda$prepareToInterceptTraffic$4(Network.java:226)
	at org.openqa.selenium.devtools.Connection.lambda$handle$4(Connection.java:321)
	at java.base/java.util.stream.ForEachOps$ForEachOp$OfRef.accept(ForEachOps.java:183)
	at java.base/java.util.stream.ReferencePipeline$2$1.accept(ReferencePipeline.java:177)
	at java.base/java.util.stream.ReferencePipeline$11$1.accept(ReferencePipeline.java:442)
	at java.base/java.util.HashMap$KeySpliterator.forEachRemaining(HashMap.java:1621)
	at java.base/java.util.stream.AbstractPipeline.copyInto(AbstractPipeline.java:484)
	at java.base/java.util.stream.AbstractPipeline.wrapAndCopyInto(AbstractPipeline.java:474)
	at java.base/java.util.stream.ForEachOps$ForEachOp.evaluateSequential(ForEachOps.java:150)
	at java.base/java.util.stream.ForEachOps$ForEachOp$OfRef.evaluateSequential(ForEachOps.java:173)
	at java.base/java.util.stream.AbstractPipeline.evaluate(AbstractPipeline.java:234)
	at java.base/java.util.stream.ReferencePipeline.forEach(ReferencePipeline.java:497)
	at org.openqa.selenium.devtools.Connection.handle(Connection.java:287)
	at org.openqa.selenium.devtools.Connection.access$200(Connection.java:57)
	at org.openqa.selenium.devtools.Connection$Listener.lambda$onText$0(Connection.java:224)
	... 3 more
Caused by: org.openqa.selenium.WebDriverException: {"id":1486,"error":{"code":-32602,"message":"Invalid InterceptionId."},"sessionId":"69DE6D1A85B5D627489871F60443E14A"}
Build info: version: '4.11.0', revision: '040bc5406b'
System info: os.name: 'Windows 10', os.arch: 'amd64', os.version: '10.0', java.version: '11.0.18'
Driver info: driver.version: unknown
	at org.openqa.selenium.devtools.Connection.handle(Connection.java:260)
	... 5 more
авг. 16, 2023 4:21:59 PM org.openqa.selenium.devtools.Connection$Listener lambda$onText$0
WARNING: Unable to process: {"method":"Fetch.requestPaused","params":{"requestId":"interception-job-244.0","request":{"url":"http://localhost:8080/static/media/icon_error_m_white.143ec85a.svg","method":"GET","headers":{"Accept":"image/avif,image/webp,image/apng,image/svg+xml,image/*,*/*;q=0.8","Referer":"http://localhost:8080/static/css/2.7d875902.chunk.css","User-Agent":"Mozilla/5.0 (Windows NT 10.0; Win64; x64) AppleWebKit/537.36 (KHTML, like Gecko) Chrome/116.0.0.0 Safari/537.36","sec-ch-ua":"\"Chromium\";v=\"116\", \"Not)A;Brand\";v=\"24\", \"Google Chrome\";v=\"116\"","sec-ch-ua-mobile":"?0","sec-ch-ua-platform":"\"Windows\""},"initialPriority":"Low","referrerPolicy":"unsafe-url"},"frameId":"D165F02B89151667DFD1BF49856829E7","resourceType":"Image","responseStatusCode":200,"responseStatusText":"","responseHeaders":[{"name":"Vary","value":"Origin"},{"name":"Vary","value":"Access-Control-Request-Method"},{"name":"Vary","value":"Access-Control-Request-Headers"},{"name":"Last-Modified","value":"Thu, 03 Aug 2023 10:18:16 GMT"},{"name":"Accept-Ranges","value":"bytes"},{"name":"Content-Type","value":"image/svg+xml"},{"name":"Content-Length","value":"380"},{"name":"Date","value":"Wed, 16 Aug 2023 13:20:24 GMT"}]},"sessionId":"69DE6D1A85B5D627489871F60443E14A"}
org.openqa.selenium.devtools.DevToolsException: {"id":1490,"error":{"code":-32602,"message":"Invalid InterceptionId."},"sessionId":"69DE6D1A85B5D627489871F60443E14A"}
Build info: version: '4.11.0', revision: '040bc5406b'
System info: os.name: 'Windows 10', os.arch: 'amd64', os.version: '10.0', java.version: '11.0.18'
Driver info: driver.version: unknown
	at org.openqa.selenium.devtools.Connection.sendAndWait(Connection.java:181)
	at org.openqa.selenium.devtools.DevTools.send(DevTools.java:81)
	at org.openqa.selenium.devtools.idealized.Network.lambda$prepareToInterceptTraffic$4(Network.java:194)
	at org.openqa.selenium.devtools.Connection.lambda$handle$4(Connection.java:321)
	at java.base/java.util.stream.ForEachOps$ForEachOp$OfRef.accept(ForEachOps.java:183)
	at java.base/java.util.stream.ReferencePipeline$2$1.accept(ReferencePipeline.java:177)
	at java.base/java.util.stream.ReferencePipeline$11$1.accept(ReferencePipeline.java:442)
	at java.base/java.util.HashMap$KeySpliterator.forEachRemaining(HashMap.java:1621)
	at java.base/java.util.stream.AbstractPipeline.copyInto(AbstractPipeline.java:484)
	at java.base/java.util.stream.AbstractPipeline.wrapAndCopyInto(AbstractPipeline.java:474)
	at java.base/java.util.stream.ForEachOps$ForEachOp.evaluateSequential(ForEachOps.java:150)
	at java.base/java.util.stream.ForEachOps$ForEachOp$OfRef.evaluateSequential(ForEachOps.java:173)
	at java.base/java.util.stream.AbstractPipeline.evaluate(AbstractPipeline.java:234)
	at java.base/java.util.stream.ReferencePipeline.forEach(ReferencePipeline.java:497)
	at org.openqa.selenium.devtools.Connection.handle(Connection.java:287)
	at org.openqa.selenium.devtools.Connection.access$200(Connection.java:57)
	at org.openqa.selenium.devtools.Connection$Listener.lambda$onText$0(Connection.java:224)
	at java.base/java.util.concurrent.ThreadPoolExecutor.runWorker(ThreadPoolExecutor.java:1128)
	at java.base/java.util.concurrent.ThreadPoolExecutor$Worker.run(ThreadPoolExecutor.java:628)
	at java.base/java.lang.Thread.run(Thread.java:829)
Caused by: org.openqa.selenium.WebDriverException: {"id":1490,"error":{"code":-32602,"message":"Invalid InterceptionId."},"sessionId":"69DE6D1A85B5D627489871F60443E14A"}
Build info: version: '4.11.0', revision: '040bc5406b'
System info: os.name: 'Windows 10', os.arch: 'amd64', os.version: '10.0', java.version: '11.0.18'
Driver info: driver.version: unknown
	at org.openqa.selenium.devtools.Connection.handle(Connection.java:260)
	... 5 more

Exception in thread "CDP Connection" org.openqa.selenium.devtools.DevToolsException: {"id":1490,"error":{"code":-32602,"message":"Invalid InterceptionId."},"sessionId":"69DE6D1A85B5D627489871F60443E14A"}
Build info: version: '4.11.0', revision: '040bc5406b'
System info: os.name: 'Windows 10', os.arch: 'amd64', os.version: '10.0', java.version: '11.0.18'
Driver info: driver.version: unknown
	at org.openqa.selenium.devtools.Connection$Listener.lambda$onText$0(Connection.java:227)
	at java.base/java.util.concurrent.ThreadPoolExecutor.runWorker(ThreadPoolExecutor.java:1128)
	at java.base/java.util.concurrent.ThreadPoolExecutor$Worker.run(ThreadPoolExecutor.java:628)
	at java.base/java.lang.Thread.run(Thread.java:829)
Caused by: org.openqa.selenium.devtools.DevToolsException: {"id":1490,"error":{"code":-32602,"message":"Invalid InterceptionId."},"sessionId":"69DE6D1A85B5D627489871F60443E14A"}
Build info: version: '4.11.0', revision: '040bc5406b'
System info: os.name: 'Windows 10', os.arch: 'amd64', os.version: '10.0', java.version: '11.0.18'
Driver info: driver.version: unknown
	at org.openqa.selenium.devtools.Connection.sendAndWait(Connection.java:181)
	at org.openqa.selenium.devtools.DevTools.send(DevTools.java:81)
	at org.openqa.selenium.devtools.idealized.Network.lambda$prepareToInterceptTraffic$4(Network.java:194)
	at org.openqa.selenium.devtools.Connection.lambda$handle$4(Connection.java:321)
	at java.base/java.util.stream.ForEachOps$ForEachOp$OfRef.accept(ForEachOps.java:183)
	at java.base/java.util.stream.ReferencePipeline$2$1.accept(ReferencePipeline.java:177)
	at java.base/java.util.stream.ReferencePipeline$11$1.accept(ReferencePipeline.java:442)
	at java.base/java.util.HashMap$KeySpliterator.forEachRemaining(HashMap.java:1621)
	at java.base/java.util.stream.AbstractPipeline.copyInto(AbstractPipeline.java:484)
	at java.base/java.util.stream.AbstractPipeline.wrapAndCopyInto(AbstractPipeline.java:474)
	at java.base/java.util.stream.ForEachOps$ForEachOp.evaluateSequential(ForEachOps.java:150)
	at java.base/java.util.stream.ForEachOps$ForEachOp$OfRef.evaluateSequential(ForEachOps.java:173)
	at java.base/java.util.stream.AbstractPipeline.evaluate(AbstractPipeline.java:234)
	at java.base/java.util.stream.ReferencePipeline.forEach(ReferencePipeline.java:497)
	at org.openqa.selenium.devtools.Connection.handle(Connection.java:287)
	at org.openqa.selenium.devtools.Connection.access$200(Connection.java:57)
	at org.openqa.selenium.devtools.Connection$Listener.lambda$onText$0(Connection.java:224)
	... 3 more
Caused by: org.openqa.selenium.WebDriverException: {"id":1490,"error":{"code":-32602,"message":"Invalid InterceptionId."},"sessionId":"69DE6D1A85B5D627489871F60443E14A"}
Build info: version: '4.11.0', revision: '040bc5406b'
System info: os.name: 'Windows 10', os.arch: 'amd64', os.version: '10.0', java.version: '11.0.18'
Driver info: driver.version: unknown
	at org.openqa.selenium.devtools.Connection.handle(Connection.java:260)
	... 5 more
авг. 16, 2023 4:21:59 PM org.openqa.selenium.devtools.Connection$Listener lambda$onText$0
WARNING: Unable to process: {"method":"Fetch.requestPaused","params":{"requestId":"interception-job-244.0","request":{"url":"http://localhost:8080/static/media/icon_error_m_white.143ec85a.svg","method":"GET","headers":{"Accept":"image/avif,image/webp,image/apng,image/svg+xml,image/*,*/*;q=0.8","Referer":"http://localhost:8080/static/css/2.7d875902.chunk.css","User-Agent":"Mozilla/5.0 (Windows NT 10.0; Win64; x64) AppleWebKit/537.36 (KHTML, like Gecko) Chrome/116.0.0.0 Safari/537.36","sec-ch-ua":"\"Chromium\";v=\"116\", \"Not)A;Brand\";v=\"24\", \"Google Chrome\";v=\"116\"","sec-ch-ua-mobile":"?0","sec-ch-ua-platform":"\"Windows\""},"initialPriority":"Low","referrerPolicy":"strict-origin-when-cross-origin"},"frameId":"D165F02B89151667DFD1BF49856829E7","resourceType":"Image"},"sessionId":"69DE6D1A85B5D627489871F60443E14A"}
org.openqa.selenium.devtools.DevToolsException: {"id":1491,"error":{"code":-32602,"message":"Invalid InterceptionId."},"sessionId":"69DE6D1A85B5D627489871F60443E14A"}
Build info: version: '4.11.0', revision: '040bc5406b'
System info: os.name: 'Windows 10', os.arch: 'amd64', os.version: '10.0', java.version: '11.0.18'
Driver info: driver.version: unknown
	at org.openqa.selenium.devtools.Connection.sendAndWait(Connection.java:181)
	at org.openqa.selenium.devtools.DevTools.send(DevTools.java:81)
	at org.openqa.selenium.devtools.idealized.Network.lambda$prepareToInterceptTraffic$3(Network.java:211)
	at org.openqa.selenium.remote.http.Filter.lambda$andFinally$1(Filter.java:55)
	at org.openqa.selenium.devtools.idealized.Network.lambda$prepareToInterceptTraffic$4(Network.java:226)
	at org.openqa.selenium.devtools.Connection.lambda$handle$4(Connection.java:321)
	at java.base/java.util.stream.ForEachOps$ForEachOp$OfRef.accept(ForEachOps.java:183)
	at java.base/java.util.stream.ReferencePipeline$2$1.accept(ReferencePipeline.java:177)
	at java.base/java.util.stream.ReferencePipeline$11$1.accept(ReferencePipeline.java:442)
	at java.base/java.util.HashMap$KeySpliterator.forEachRemaining(HashMap.java:1621)
	at java.base/java.util.stream.AbstractPipeline.copyInto(AbstractPipeline.java:484)
	at java.base/java.util.stream.AbstractPipeline.wrapAndCopyInto(AbstractPipeline.java:474)
	at java.base/java.util.stream.ForEachOps$ForEachOp.evaluateSequential(ForEachOps.java:150)
	at java.base/java.util.stream.ForEachOps$ForEachOp$OfRef.evaluateSequential(ForEachOps.java:173)
	at java.base/java.util.stream.AbstractPipeline.evaluate(AbstractPipeline.java:234)
	at java.base/java.util.stream.ReferencePipeline.forEach(ReferencePipeline.java:497)
	at org.openqa.selenium.devtools.Connection.handle(Connection.java:287)
	at org.openqa.selenium.devtools.Connection.access$200(Connection.java:57)
	at org.openqa.selenium.devtools.Connection$Listener.lambda$onText$0(Connection.java:224)
	at java.base/java.util.concurrent.ThreadPoolExecutor.runWorker(ThreadPoolExecutor.java:1128)
	at java.base/java.util.concurrent.ThreadPoolExecutor$Worker.run(ThreadPoolExecutor.java:628)
	at java.base/java.lang.Thread.run(Thread.java:829)
Caused by: org.openqa.selenium.WebDriverException: {"id":1491,"error":{"code":-32602,"message":"Invalid InterceptionId."},"sessionId":"69DE6D1A85B5D627489871F60443E14A"}
Build info: version: '4.11.0', revision: '040bc5406b'
System info: os.name: 'Windows 10', os.arch: 'amd64', os.version: '10.0', java.version: '11.0.18'
Driver info: driver.version: unknown
	at org.openqa.selenium.devtools.Connection.handle(Connection.java:260)
	... 5 more

Exception in thread "CDP Connection" org.openqa.selenium.devtools.DevToolsException: {"id":1491,"error":{"code":-32602,"message":"Invalid InterceptionId."},"sessionId":"69DE6D1A85B5D627489871F60443E14A"}
Build info: version: '4.11.0', revision: '040bc5406b'
System info: os.name: 'Windows 10', os.arch: 'amd64', os.version: '10.0', java.version: '11.0.18'
Driver info: driver.version: unknown
	at org.openqa.selenium.devtools.Connection$Listener.lambda$onText$0(Connection.java:227)
	at java.base/java.util.concurrent.ThreadPoolExecutor.runWorker(ThreadPoolExecutor.java:1128)
	at java.base/java.util.concurrent.ThreadPoolExecutor$Worker.run(ThreadPoolExecutor.java:628)
	at java.base/java.lang.Thread.run(Thread.java:829)
Caused by: org.openqa.selenium.devtools.DevToolsException: {"id":1491,"error":{"code":-32602,"message":"Invalid InterceptionId."},"sessionId":"69DE6D1A85B5D627489871F60443E14A"}
Build info: version: '4.11.0', revision: '040bc5406b'
System info: os.name: 'Windows 10', os.arch: 'amd64', os.version: '10.0', java.version: '11.0.18'
Driver info: driver.version: unknown
	at org.openqa.selenium.devtools.Connection.sendAndWait(Connection.java:181)
	at org.openqa.selenium.devtools.DevTools.send(DevTools.java:81)
	at org.openqa.selenium.devtools.idealized.Network.lambda$prepareToInterceptTraffic$3(Network.java:211)
	at org.openqa.selenium.remote.http.Filter.lambda$andFinally$1(Filter.java:55)
	at org.openqa.selenium.devtools.idealized.Network.lambda$prepareToInterceptTraffic$4(Network.java:226)
	at org.openqa.selenium.devtools.Connection.lambda$handle$4(Connection.java:321)
	at java.base/java.util.stream.ForEachOps$ForEachOp$OfRef.accept(ForEachOps.java:183)
	at java.base/java.util.stream.ReferencePipeline$2$1.accept(ReferencePipeline.java:177)
	at java.base/java.util.stream.ReferencePipeline$11$1.accept(ReferencePipeline.java:442)
	at java.base/java.util.HashMap$KeySpliterator.forEachRemaining(HashMap.java:1621)
	at java.base/java.util.stream.AbstractPipeline.copyInto(AbstractPipeline.java:484)
	at java.base/java.util.stream.AbstractPipeline.wrapAndCopyInto(AbstractPipeline.java:474)
	at java.base/java.util.stream.ForEachOps$ForEachOp.evaluateSequential(ForEachOps.java:150)
	at java.base/java.util.stream.ForEachOps$ForEachOp$OfRef.evaluateSequential(ForEachOps.java:173)
	at java.base/java.util.stream.AbstractPipeline.evaluate(AbstractPipeline.java:234)
	at java.base/java.util.stream.ReferencePipeline.forEach(ReferencePipeline.java:497)
	at org.openqa.selenium.devtools.Connection.handle(Connection.java:287)
	at org.openqa.selenium.devtools.Connection.access$200(Connection.java:57)
	at org.openqa.selenium.devtools.Connection$Listener.lambda$onText$0(Connection.java:224)
	... 3 more
Caused by: org.openqa.selenium.WebDriverException: {"id":1491,"error":{"code":-32602,"message":"Invalid InterceptionId."},"sessionId":"69DE6D1A85B5D627489871F60443E14A"}
Build info: version: '4.11.0', revision: '040bc5406b'
System info: os.name: 'Windows 10', os.arch: 'amd64', os.version: '10.0', java.version: '11.0.18'
Driver info: driver.version: unknown
	at org.openqa.selenium.devtools.Connection.handle(Connection.java:260)
	... 5 more
авг. 16, 2023 4:22:01 PM org.openqa.selenium.devtools.Connection$Listener lambda$onText$0
WARNING: Unable to process: {"method":"Fetch.requestPaused","params":{"requestId":"interception-job-245.0","request":{"url":"http://localhost:8080/","method":"GET","headers":{"Accept":"text/html,application/xhtml+xml,application/xml;q=0.9,image/avif,image/webp,image/apng,*/*;q=0.8,application/signed-exchange;v=b3;q=0.7","Upgrade-Insecure-Requests":"1","User-Agent":"Mozilla/5.0 (Windows NT 10.0; Win64; x64) AppleWebKit/537.36 (KHTML, like Gecko) Chrome/116.0.0.0 Safari/537.36","sec-ch-ua":"\"Chromium\";v=\"116\", \"Not)A;Brand\";v=\"24\", \"Google Chrome\";v=\"116\"","sec-ch-ua-mobile":"?0","sec-ch-ua-platform":"\"Windows\""},"initialPriority":"VeryHigh","referrerPolicy":"strict-origin-when-cross-origin"},"frameId":"D165F02B89151667DFD1BF49856829E7","resourceType":"Document","responseStatusCode":200,"responseStatusText":"","responseHeaders":[{"name":"Vary","value":"Origin"},{"name":"Vary","value":"Access-Control-Request-Method"},{"name":"Vary","value":"Access-Control-Request-Headers"},{"name":"Last-Modified","value":"Thu, 03 Aug 2023 10:18:16 GMT"},{"name":"Date","value":"Wed, 16 Aug 2023 13:22:01 GMT"},{"name":"Accept-Ranges","value":"bytes"},{"name":"Content-Type","value":"text/html"},{"name":"Content-Language","value":"ru-RU"},{"name":"Content-Length","value":"2308"}]},"sessionId":"69DE6D1A85B5D627489871F60443E14A"}
org.openqa.selenium.devtools.DevToolsException: {"id":1498,"error":{"code":-32602,"message":"Invalid InterceptionId."},"sessionId":"69DE6D1A85B5D627489871F60443E14A"}
Build info: version: '4.11.0', revision: '040bc5406b'
System info: os.name: 'Windows 10', os.arch: 'amd64', os.version: '10.0', java.version: '11.0.18'
Driver info: driver.version: unknown
	at org.openqa.selenium.devtools.Connection.sendAndWait(Connection.java:181)
	at org.openqa.selenium.devtools.DevTools.send(DevTools.java:81)
	at org.openqa.selenium.devtools.idealized.Network.lambda$prepareToInterceptTraffic$4(Network.java:194)
	at org.openqa.selenium.devtools.Connection.lambda$handle$4(Connection.java:321)
	at java.base/java.util.stream.ForEachOps$ForEachOp$OfRef.accept(ForEachOps.java:183)
	at java.base/java.util.stream.ReferencePipeline$2$1.accept(ReferencePipeline.java:177)
	at java.base/java.util.stream.ReferencePipeline$11$1.accept(ReferencePipeline.java:442)
	at java.base/java.util.HashMap$KeySpliterator.forEachRemaining(HashMap.java:1621)
	at java.base/java.util.stream.AbstractPipeline.copyInto(AbstractPipeline.java:484)
	at java.base/java.util.stream.AbstractPipeline.wrapAndCopyInto(AbstractPipeline.java:474)
	at java.base/java.util.stream.ForEachOps$ForEachOp.evaluateSequential(ForEachOps.java:150)
	at java.base/java.util.stream.ForEachOps$ForEachOp$OfRef.evaluateSequential(ForEachOps.java:173)
	at java.base/java.util.stream.AbstractPipeline.evaluate(AbstractPipeline.java:234)
	at java.base/java.util.stream.ReferencePipeline.forEach(ReferencePipeline.java:497)
	at org.openqa.selenium.devtools.Connection.handle(Connection.java:287)
	at org.openqa.selenium.devtools.Connection.access$200(Connection.java:57)
	at org.openqa.selenium.devtools.Connection$Listener.lambda$onText$0(Connection.java:224)
	at java.base/java.util.concurrent.ThreadPoolExecutor.runWorker(ThreadPoolExecutor.java:1128)
	at java.base/java.util.concurrent.ThreadPoolExecutor$Worker.run(ThreadPoolExecutor.java:628)
	at java.base/java.lang.Thread.run(Thread.java:829)
Caused by: org.openqa.selenium.WebDriverException: {"id":1498,"error":{"code":-32602,"message":"Invalid InterceptionId."},"sessionId":"69DE6D1A85B5D627489871F60443E14A"}
Build info: version: '4.11.0', revision: '040bc5406b'
System info: os.name: 'Windows 10', os.arch: 'amd64', os.version: '10.0', java.version: '11.0.18'
Driver info: driver.version: unknown
	at org.openqa.selenium.devtools.Connection.handle(Connection.java:260)
	... 5 more

Exception in thread "CDP Connection" org.openqa.selenium.devtools.DevToolsException: {"id":1498,"error":{"code":-32602,"message":"Invalid InterceptionId."},"sessionId":"69DE6D1A85B5D627489871F60443E14A"}
Build info: version: '4.11.0', revision: '040bc5406b'
System info: os.name: 'Windows 10', os.arch: 'amd64', os.version: '10.0', java.version: '11.0.18'
Driver info: driver.version: unknown
	at org.openqa.selenium.devtools.Connection$Listener.lambda$onText$0(Connection.java:227)
	at java.base/java.util.concurrent.ThreadPoolExecutor.runWorker(ThreadPoolExecutor.java:1128)
	at java.base/java.util.concurrent.ThreadPoolExecutor$Worker.run(ThreadPoolExecutor.java:628)
	at java.base/java.lang.Thread.run(Thread.java:829)
Caused by: org.openqa.selenium.devtools.DevToolsException: {"id":1498,"error":{"code":-32602,"message":"Invalid InterceptionId."},"sessionId":"69DE6D1A85B5D627489871F60443E14A"}
Build info: version: '4.11.0', revision: '040bc5406b'
System info: os.name: 'Windows 10', os.arch: 'amd64', os.version: '10.0', java.version: '11.0.18'
Driver info: driver.version: unknown
	at org.openqa.selenium.devtools.Connection.sendAndWait(Connection.java:181)
	at org.openqa.selenium.devtools.DevTools.send(DevTools.java:81)
	at org.openqa.selenium.devtools.idealized.Network.lambda$prepareToInterceptTraffic$4(Network.java:194)
	at org.openqa.selenium.devtools.Connection.lambda$handle$4(Connection.java:321)
	at java.base/java.util.stream.ForEachOps$ForEachOp$OfRef.accept(ForEachOps.java:183)
	at java.base/java.util.stream.ReferencePipeline$2$1.accept(ReferencePipeline.java:177)
	at java.base/java.util.stream.ReferencePipeline$11$1.accept(ReferencePipeline.java:442)
	at java.base/java.util.HashMap$KeySpliterator.forEachRemaining(HashMap.java:1621)
	at java.base/java.util.stream.AbstractPipeline.copyInto(AbstractPipeline.java:484)
	at java.base/java.util.stream.AbstractPipeline.wrapAndCopyInto(AbstractPipeline.java:474)
	at java.base/java.util.stream.ForEachOps$ForEachOp.evaluateSequential(ForEachOps.java:150)
	at java.base/java.util.stream.ForEachOps$ForEachOp$OfRef.evaluateSequential(ForEachOps.java:173)
	at java.base/java.util.stream.AbstractPipeline.evaluate(AbstractPipeline.java:234)
	at java.base/java.util.stream.ReferencePipeline.forEach(ReferencePipeline.java:497)
	at org.openqa.selenium.devtools.Connection.handle(Connection.java:287)
	at org.openqa.selenium.devtools.Connection.access$200(Connection.java:57)
	at org.openqa.selenium.devtools.Connection$Listener.lambda$onText$0(Connection.java:224)
	... 3 more
Caused by: org.openqa.selenium.WebDriverException: {"id":1498,"error":{"code":-32602,"message":"Invalid InterceptionId."},"sessionId":"69DE6D1A85B5D627489871F60443E14A"}
Build info: version: '4.11.0', revision: '040bc5406b'
System info: os.name: 'Windows 10', os.arch: 'amd64', os.version: '10.0', java.version: '11.0.18'
Driver info: driver.version: unknown
	at org.openqa.selenium.devtools.Connection.handle(Connection.java:260)
	... 5 more
авг. 16, 2023 4:22:01 PM org.openqa.selenium.devtools.Connection$Listener lambda$onText$0
WARNING: Unable to process: {"method":"Fetch.requestPaused","params":{"requestId":"interception-job-245.0","request":{"url":"http://localhost:8080/","method":"GET","headers":{"Accept":"text/html,application/xhtml+xml,application/xml;q=0.9,image/avif,image/webp,image/apng,*/*;q=0.8,application/signed-exchange;v=b3;q=0.7","Upgrade-Insecure-Requests":"1","User-Agent":"Mozilla/5.0 (Windows NT 10.0; Win64; x64) AppleWebKit/537.36 (KHTML, like Gecko) Chrome/116.0.0.0 Safari/537.36","sec-ch-ua":"\"Chromium\";v=\"116\", \"Not)A;Brand\";v=\"24\", \"Google Chrome\";v=\"116\"","sec-ch-ua-mobile":"?0","sec-ch-ua-platform":"\"Windows\""},"initialPriority":"VeryHigh","referrerPolicy":"strict-origin-when-cross-origin"},"frameId":"D165F02B89151667DFD1BF49856829E7","resourceType":"Document"},"sessionId":"69DE6D1A85B5D627489871F60443E14A"}
org.openqa.selenium.devtools.DevToolsException: {"id":1499,"error":{"code":-32602,"message":"Invalid InterceptionId."},"sessionId":"69DE6D1A85B5D627489871F60443E14A"}
Build info: version: '4.11.0', revision: '040bc5406b'
System info: os.name: 'Windows 10', os.arch: 'amd64', os.version: '10.0', java.version: '11.0.18'
Driver info: driver.version: unknown
	at org.openqa.selenium.devtools.Connection.sendAndWait(Connection.java:181)
	at org.openqa.selenium.devtools.DevTools.send(DevTools.java:81)
	at org.openqa.selenium.devtools.idealized.Network.lambda$prepareToInterceptTraffic$3(Network.java:211)
	at org.openqa.selenium.remote.http.Filter.lambda$andFinally$1(Filter.java:55)
	at org.openqa.selenium.devtools.idealized.Network.lambda$prepareToInterceptTraffic$4(Network.java:226)
	at org.openqa.selenium.devtools.Connection.lambda$handle$4(Connection.java:321)
	at java.base/java.util.stream.ForEachOps$ForEachOp$OfRef.accept(ForEachOps.java:183)
	at java.base/java.util.stream.ReferencePipeline$2$1.accept(ReferencePipeline.java:177)
	at java.base/java.util.stream.ReferencePipeline$11$1.accept(ReferencePipeline.java:442)
	at java.base/java.util.HashMap$KeySpliterator.forEachRemaining(HashMap.java:1621)
	at java.base/java.util.stream.AbstractPipeline.copyInto(AbstractPipeline.java:484)
	at java.base/java.util.stream.AbstractPipeline.wrapAndCopyInto(AbstractPipeline.java:474)
	at java.base/java.util.stream.ForEachOps$ForEachOp.evaluateSequential(ForEachOps.java:150)
	at java.base/java.util.stream.ForEachOps$ForEachOp$OfRef.evaluateSequential(ForEachOps.java:173)
	at java.base/java.util.stream.AbstractPipeline.evaluate(AbstractPipeline.java:234)
	at java.base/java.util.stream.ReferencePipeline.forEach(ReferencePipeline.java:497)
	at org.openqa.selenium.devtools.Connection.handle(Connection.java:287)
	at org.openqa.selenium.devtools.Connection.access$200(Connection.java:57)
	at org.openqa.selenium.devtools.Connection$Listener.lambda$onText$0(Connection.java:224)
	at java.base/java.util.concurrent.ThreadPoolExecutor.runWorker(ThreadPoolExecutor.java:1128)
	at java.base/java.util.concurrent.ThreadPoolExecutor$Worker.run(ThreadPoolExecutor.java:628)
	at java.base/java.lang.Thread.run(Thread.java:829)
Caused by: org.openqa.selenium.WebDriverException: {"id":1499,"error":{"code":-32602,"message":"Invalid InterceptionId."},"sessionId":"69DE6D1A85B5D627489871F60443E14A"}
Build info: version: '4.11.0', revision: '040bc5406b'
System info: os.name: 'Windows 10', os.arch: 'amd64', os.version: '10.0', java.version: '11.0.18'
Driver info: driver.version: unknown
	at org.openqa.selenium.devtools.Connection.handle(Connection.java:260)
	... 5 more

Exception in thread "CDP Connection" org.openqa.selenium.devtools.DevToolsException: {"id":1499,"error":{"code":-32602,"message":"Invalid InterceptionId."},"sessionId":"69DE6D1A85B5D627489871F60443E14A"}
Build info: version: '4.11.0', revision: '040bc5406b'
System info: os.name: 'Windows 10', os.arch: 'amd64', os.version: '10.0', java.version: '11.0.18'
Driver info: driver.version: unknown
	at org.openqa.selenium.devtools.Connection$Listener.lambda$onText$0(Connection.java:227)
	at java.base/java.util.concurrent.ThreadPoolExecutor.runWorker(ThreadPoolExecutor.java:1128)
	at java.base/java.util.concurrent.ThreadPoolExecutor$Worker.run(ThreadPoolExecutor.java:628)
	at java.base/java.lang.Thread.run(Thread.java:829)
Caused by: org.openqa.selenium.devtools.DevToolsException: {"id":1499,"error":{"code":-32602,"message":"Invalid InterceptionId."},"sessionId":"69DE6D1A85B5D627489871F60443E14A"}
Build info: version: '4.11.0', revision: '040bc5406b'
System info: os.name: 'Windows 10', os.arch: 'amd64', os.version: '10.0', java.version: '11.0.18'
Driver info: driver.version: unknown
	at org.openqa.selenium.devtools.Connection.sendAndWait(Connection.java:181)
	at org.openqa.selenium.devtools.DevTools.send(DevTools.java:81)
	at org.openqa.selenium.devtools.idealized.Network.lambda$prepareToInterceptTraffic$3(Network.java:211)
	at org.openqa.selenium.remote.http.Filter.lambda$andFinally$1(Filter.java:55)
	at org.openqa.selenium.devtools.idealized.Network.lambda$prepareToInterceptTraffic$4(Network.java:226)
	at org.openqa.selenium.devtools.Connection.lambda$handle$4(Connection.java:321)
	at java.base/java.util.stream.ForEachOps$ForEachOp$OfRef.accept(ForEachOps.java:183)
	at java.base/java.util.stream.ReferencePipeline$2$1.accept(ReferencePipeline.java:177)
	at java.base/java.util.stream.ReferencePipeline$11$1.accept(ReferencePipeline.java:442)
	at java.base/java.util.HashMap$KeySpliterator.forEachRemaining(HashMap.java:1621)
	at java.base/java.util.stream.AbstractPipeline.copyInto(AbstractPipeline.java:484)
	at java.base/java.util.stream.AbstractPipeline.wrapAndCopyInto(AbstractPipeline.java:474)
	at java.base/java.util.stream.ForEachOps$ForEachOp.evaluateSequential(ForEachOps.java:150)
	at java.base/java.util.stream.ForEachOps$ForEachOp$OfRef.evaluateSequential(ForEachOps.java:173)
	at java.base/java.util.stream.AbstractPipeline.evaluate(AbstractPipeline.java:234)
	at java.base/java.util.stream.ReferencePipeline.forEach(ReferencePipeline.java:497)
	at org.openqa.selenium.devtools.Connection.handle(Connection.java:287)
	at org.openqa.selenium.devtools.Connection.access$200(Connection.java:57)
	at org.openqa.selenium.devtools.Connection$Listener.lambda$onText$0(Connection.java:224)
	... 3 more
Caused by: org.openqa.selenium.WebDriverException: {"id":1499,"error":{"code":-32602,"message":"Invalid InterceptionId."},"sessionId":"69DE6D1A85B5D627489871F60443E14A"}
Build info: version: '4.11.0', revision: '040bc5406b'
System info: os.name: 'Windows 10', os.arch: 'amd64', os.version: '10.0', java.version: '11.0.18'
Driver info: driver.version: unknown
	at org.openqa.selenium.devtools.Connection.handle(Connection.java:260)
	... 5 more
авг. 16, 2023 4:22:01 PM org.openqa.selenium.devtools.Connection$Listener lambda$onText$0
WARNING: Unable to process: {"method":"Fetch.requestPaused","params":{"requestId":"interception-job-247.0","request":{"url":"http://localhost:8080/static/css/main.8978894b.chunk.css","method":"GET","headers":{"Accept":"text/css,*/*;q=0.1","Referer":"http://localhost:8080/","User-Agent":"Mozilla/5.0 (Windows NT 10.0; Win64; x64) AppleWebKit/537.36 (KHTML, like Gecko) Chrome/116.0.0.0 Safari/537.36","sec-ch-ua":"\"Chromium\";v=\"116\", \"Not)A;Brand\";v=\"24\", \"Google Chrome\";v=\"116\"","sec-ch-ua-mobile":"?0","sec-ch-ua-platform":"\"Windows\""},"initialPriority":"VeryHigh","referrerPolicy":"unsafe-url"},"frameId":"D165F02B89151667DFD1BF49856829E7","resourceType":"Stylesheet","responseStatusCode":200,"responseStatusText":"","responseHeaders":[{"name":"Vary","value":"Origin"},{"name":"Vary","value":"Access-Control-Request-Method"},{"name":"Vary","value":"Access-Control-Request-Headers"},{"name":"Last-Modified","value":"Thu, 03 Aug 2023 10:18:16 GMT"},{"name":"Accept-Ranges","value":"bytes"},{"name":"Content-Type","value":"text/css"},{"name":"Content-Length","value":"700"},{"name":"Date","value":"Wed, 16 Aug 2023 13:20:22 GMT"}]},"sessionId":"69DE6D1A85B5D627489871F60443E14A"}
org.openqa.selenium.devtools.DevToolsException: {"id":1509,"error":{"code":-32602,"message":"Invalid InterceptionId."},"sessionId":"69DE6D1A85B5D627489871F60443E14A"}
Build info: version: '4.11.0', revision: '040bc5406b'
System info: os.name: 'Windows 10', os.arch: 'amd64', os.version: '10.0', java.version: '11.0.18'
Driver info: driver.version: unknown
	at org.openqa.selenium.devtools.Connection.sendAndWait(Connection.java:181)
	at org.openqa.selenium.devtools.DevTools.send(DevTools.java:81)
	at org.openqa.selenium.devtools.idealized.Network.lambda$prepareToInterceptTraffic$4(Network.java:194)
	at org.openqa.selenium.devtools.Connection.lambda$handle$4(Connection.java:321)
	at java.base/java.util.stream.ForEachOps$ForEachOp$OfRef.accept(ForEachOps.java:183)
	at java.base/java.util.stream.ReferencePipeline$2$1.accept(ReferencePipeline.java:177)
	at java.base/java.util.stream.ReferencePipeline$11$1.accept(ReferencePipeline.java:442)
	at java.base/java.util.HashMap$KeySpliterator.forEachRemaining(HashMap.java:1621)
	at java.base/java.util.stream.AbstractPipeline.copyInto(AbstractPipeline.java:484)
	at java.base/java.util.stream.AbstractPipeline.wrapAndCopyInto(AbstractPipeline.java:474)
	at java.base/java.util.stream.ForEachOps$ForEachOp.evaluateSequential(ForEachOps.java:150)
	at java.base/java.util.stream.ForEachOps$ForEachOp$OfRef.evaluateSequential(ForEachOps.java:173)
	at java.base/java.util.stream.AbstractPipeline.evaluate(AbstractPipeline.java:234)
	at java.base/java.util.stream.ReferencePipeline.forEach(ReferencePipeline.java:497)
	at org.openqa.selenium.devtools.Connection.handle(Connection.java:287)
	at org.openqa.selenium.devtools.Connection.access$200(Connection.java:57)
	at org.openqa.selenium.devtools.Connection$Listener.lambda$onText$0(Connection.java:224)
	at java.base/java.util.concurrent.ThreadPoolExecutor.runWorker(ThreadPoolExecutor.java:1128)
	at java.base/java.util.concurrent.ThreadPoolExecutor$Worker.run(ThreadPoolExecutor.java:628)
	at java.base/java.lang.Thread.run(Thread.java:829)
Caused by: org.openqa.selenium.WebDriverException: {"id":1509,"error":{"code":-32602,"message":"Invalid InterceptionId."},"sessionId":"69DE6D1A85B5D627489871F60443E14A"}
Build info: version: '4.11.0', revision: '040bc5406b'
System info: os.name: 'Windows 10', os.arch: 'amd64', os.version: '10.0', java.version: '11.0.18'
Driver info: driver.version: unknown
	at org.openqa.selenium.devtools.Connection.handle(Connection.java:260)
	... 5 more

Exception in thread "CDP Connection" org.openqa.selenium.devtools.DevToolsException: {"id":1509,"error":{"code":-32602,"message":"Invalid InterceptionId."},"sessionId":"69DE6D1A85B5D627489871F60443E14A"}
Build info: version: '4.11.0', revision: '040bc5406b'
System info: os.name: 'Windows 10', os.arch: 'amd64', os.version: '10.0', java.version: '11.0.18'
Driver info: driver.version: unknown
	at org.openqa.selenium.devtools.Connection$Listener.lambda$onText$0(Connection.java:227)
	at java.base/java.util.concurrent.ThreadPoolExecutor.runWorker(ThreadPoolExecutor.java:1128)
	at java.base/java.util.concurrent.ThreadPoolExecutor$Worker.run(ThreadPoolExecutor.java:628)
	at java.base/java.lang.Thread.run(Thread.java:829)
Caused by: org.openqa.selenium.devtools.DevToolsException: {"id":1509,"error":{"code":-32602,"message":"Invalid InterceptionId."},"sessionId":"69DE6D1A85B5D627489871F60443E14A"}
Build info: version: '4.11.0', revision: '040bc5406b'
System info: os.name: 'Windows 10', os.arch: 'amd64', os.version: '10.0', java.version: '11.0.18'
Driver info: driver.version: unknown
	at org.openqa.selenium.devtools.Connection.sendAndWait(Connection.java:181)
	at org.openqa.selenium.devtools.DevTools.send(DevTools.java:81)
	at org.openqa.selenium.devtools.idealized.Network.lambda$prepareToInterceptTraffic$4(Network.java:194)
	at org.openqa.selenium.devtools.Connection.lambda$handle$4(Connection.java:321)
	at java.base/java.util.stream.ForEachOps$ForEachOp$OfRef.accept(ForEachOps.java:183)
	at java.base/java.util.stream.ReferencePipeline$2$1.accept(ReferencePipeline.java:177)
	at java.base/java.util.stream.ReferencePipeline$11$1.accept(ReferencePipeline.java:442)
	at java.base/java.util.HashMap$KeySpliterator.forEachRemaining(HashMap.java:1621)
	at java.base/java.util.stream.AbstractPipeline.copyInto(AbstractPipeline.java:484)
	at java.base/java.util.stream.AbstractPipeline.wrapAndCopyInto(AbstractPipeline.java:474)
	at java.base/java.util.stream.ForEachOps$ForEachOp.evaluateSequential(ForEachOps.java:150)
	at java.base/java.util.stream.ForEachOps$ForEachOp$OfRef.evaluateSequential(ForEachOps.java:173)
	at java.base/java.util.stream.AbstractPipeline.evaluate(AbstractPipeline.java:234)
	at java.base/java.util.stream.ReferencePipeline.forEach(ReferencePipeline.java:497)
	at org.openqa.selenium.devtools.Connection.handle(Connection.java:287)
	at org.openqa.selenium.devtools.Connection.access$200(Connection.java:57)
	at org.openqa.selenium.devtools.Connection$Listener.lambda$onText$0(Connection.java:224)
	... 3 more
Caused by: org.openqa.selenium.WebDriverException: {"id":1509,"error":{"code":-32602,"message":"Invalid InterceptionId."},"sessionId":"69DE6D1A85B5D627489871F60443E14A"}
Build info: version: '4.11.0', revision: '040bc5406b'
System info: os.name: 'Windows 10', os.arch: 'amd64', os.version: '10.0', java.version: '11.0.18'
Driver info: driver.version: unknown
	at org.openqa.selenium.devtools.Connection.handle(Connection.java:260)
	... 5 more
авг. 16, 2023 4:22:01 PM org.openqa.selenium.devtools.Connection$Listener lambda$onText$0
WARNING: Unable to process: {"method":"Fetch.requestPaused","params":{"requestId":"interception-job-247.0","request":{"url":"http://localhost:8080/static/css/main.8978894b.chunk.css","method":"GET","headers":{"Accept":"text/css,*/*;q=0.1","Referer":"http://localhost:8080/","User-Agent":"Mozilla/5.0 (Windows NT 10.0; Win64; x64) AppleWebKit/537.36 (KHTML, like Gecko) Chrome/116.0.0.0 Safari/537.36","sec-ch-ua":"\"Chromium\";v=\"116\", \"Not)A;Brand\";v=\"24\", \"Google Chrome\";v=\"116\"","sec-ch-ua-mobile":"?0","sec-ch-ua-platform":"\"Windows\""},"initialPriority":"VeryHigh","referrerPolicy":"strict-origin-when-cross-origin"},"frameId":"D165F02B89151667DFD1BF49856829E7","resourceType":"Stylesheet"},"sessionId":"69DE6D1A85B5D627489871F60443E14A"}
org.openqa.selenium.devtools.DevToolsException: {"id":1510,"error":{"code":-32602,"message":"Invalid InterceptionId."},"sessionId":"69DE6D1A85B5D627489871F60443E14A"}
Build info: version: '4.11.0', revision: '040bc5406b'
System info: os.name: 'Windows 10', os.arch: 'amd64', os.version: '10.0', java.version: '11.0.18'
Driver info: driver.version: unknown
	at org.openqa.selenium.devtools.Connection.sendAndWait(Connection.java:181)
	at org.openqa.selenium.devtools.DevTools.send(DevTools.java:81)
	at org.openqa.selenium.devtools.idealized.Network.lambda$prepareToInterceptTraffic$3(Network.java:211)
	at org.openqa.selenium.remote.http.Filter.lambda$andFinally$1(Filter.java:55)
	at org.openqa.selenium.devtools.idealized.Network.lambda$prepareToInterceptTraffic$4(Network.java:226)
	at org.openqa.selenium.devtools.Connection.lambda$handle$4(Connection.java:321)
	at java.base/java.util.stream.ForEachOps$ForEachOp$OfRef.accept(ForEachOps.java:183)
	at java.base/java.util.stream.ReferencePipeline$2$1.accept(ReferencePipeline.java:177)
	at java.base/java.util.stream.ReferencePipeline$11$1.accept(ReferencePipeline.java:442)
	at java.base/java.util.HashMap$KeySpliterator.forEachRemaining(HashMap.java:1621)
	at java.base/java.util.stream.AbstractPipeline.copyInto(AbstractPipeline.java:484)
	at java.base/java.util.stream.AbstractPipeline.wrapAndCopyInto(AbstractPipeline.java:474)
	at java.base/java.util.stream.ForEachOps$ForEachOp.evaluateSequential(ForEachOps.java:150)
	at java.base/java.util.stream.ForEachOps$ForEachOp$OfRef.evaluateSequential(ForEachOps.java:173)
	at java.base/java.util.stream.AbstractPipeline.evaluate(AbstractPipeline.java:234)
	at java.base/java.util.stream.ReferencePipeline.forEach(ReferencePipeline.java:497)
	at org.openqa.selenium.devtools.Connection.handle(Connection.java:287)
	at org.openqa.selenium.devtools.Connection.access$200(Connection.java:57)
	at org.openqa.selenium.devtools.Connection$Listener.lambda$onText$0(Connection.java:224)
	at java.base/java.util.concurrent.ThreadPoolExecutor.runWorker(ThreadPoolExecutor.java:1128)
	at java.base/java.util.concurrent.ThreadPoolExecutor$Worker.run(ThreadPoolExecutor.java:628)
	at java.base/java.lang.Thread.run(Thread.java:829)
Caused by: org.openqa.selenium.WebDriverException: {"id":1510,"error":{"code":-32602,"message":"Invalid InterceptionId."},"sessionId":"69DE6D1A85B5D627489871F60443E14A"}
Build info: version: '4.11.0', revision: '040bc5406b'
System info: os.name: 'Windows 10', os.arch: 'amd64', os.version: '10.0', java.version: '11.0.18'
Driver info: driver.version: unknown
	at org.openqa.selenium.devtools.Connection.handle(Connection.java:260)
	... 5 more

Exception in thread "CDP Connection" org.openqa.selenium.devtools.DevToolsException: {"id":1510,"error":{"code":-32602,"message":"Invalid InterceptionId."},"sessionId":"69DE6D1A85B5D627489871F60443E14A"}
Build info: version: '4.11.0', revision: '040bc5406b'
System info: os.name: 'Windows 10', os.arch: 'amd64', os.version: '10.0', java.version: '11.0.18'
Driver info: driver.version: unknown
	at org.openqa.selenium.devtools.Connection$Listener.lambda$onText$0(Connection.java:227)
	at java.base/java.util.concurrent.ThreadPoolExecutor.runWorker(ThreadPoolExecutor.java:1128)
	at java.base/java.util.concurrent.ThreadPoolExecutor$Worker.run(ThreadPoolExecutor.java:628)
	at java.base/java.lang.Thread.run(Thread.java:829)
Caused by: org.openqa.selenium.devtools.DevToolsException: {"id":1510,"error":{"code":-32602,"message":"Invalid InterceptionId."},"sessionId":"69DE6D1A85B5D627489871F60443E14A"}
Build info: version: '4.11.0', revision: '040bc5406b'
System info: os.name: 'Windows 10', os.arch: 'amd64', os.version: '10.0', java.version: '11.0.18'
Driver info: driver.version: unknown
	at org.openqa.selenium.devtools.Connection.sendAndWait(Connection.java:181)
	at org.openqa.selenium.devtools.DevTools.send(DevTools.java:81)
	at org.openqa.selenium.devtools.idealized.Network.lambda$prepareToInterceptTraffic$3(Network.java:211)
	at org.openqa.selenium.remote.http.Filter.lambda$andFinally$1(Filter.java:55)
	at org.openqa.selenium.devtools.idealized.Network.lambda$prepareToInterceptTraffic$4(Network.java:226)
	at org.openqa.selenium.devtools.Connection.lambda$handle$4(Connection.java:321)
	at java.base/java.util.stream.ForEachOps$ForEachOp$OfRef.accept(ForEachOps.java:183)
	at java.base/java.util.stream.ReferencePipeline$2$1.accept(ReferencePipeline.java:177)
	at java.base/java.util.stream.ReferencePipeline$11$1.accept(ReferencePipeline.java:442)
	at java.base/java.util.HashMap$KeySpliterator.forEachRemaining(HashMap.java:1621)
	at java.base/java.util.stream.AbstractPipeline.copyInto(AbstractPipeline.java:484)
	at java.base/java.util.stream.AbstractPipeline.wrapAndCopyInto(AbstractPipeline.java:474)
	at java.base/java.util.stream.ForEachOps$ForEachOp.evaluateSequential(ForEachOps.java:150)
	at java.base/java.util.stream.ForEachOps$ForEachOp$OfRef.evaluateSequential(ForEachOps.java:173)
	at java.base/java.util.stream.AbstractPipeline.evaluate(AbstractPipeline.java:234)
	at java.base/java.util.stream.ReferencePipeline.forEach(ReferencePipeline.java:497)
	at org.openqa.selenium.devtools.Connection.handle(Connection.java:287)
	at org.openqa.selenium.devtools.Connection.access$200(Connection.java:57)
	at org.openqa.selenium.devtools.Connection$Listener.lambda$onText$0(Connection.java:224)
	... 3 more
Caused by: org.openqa.selenium.WebDriverException: {"id":1510,"error":{"code":-32602,"message":"Invalid InterceptionId."},"sessionId":"69DE6D1A85B5D627489871F60443E14A"}
Build info: version: '4.11.0', revision: '040bc5406b'
System info: os.name: 'Windows 10', os.arch: 'amd64', os.version: '10.0', java.version: '11.0.18'
Driver info: driver.version: unknown
	at org.openqa.selenium.devtools.Connection.handle(Connection.java:260)
	... 5 more
авг. 16, 2023 4:22:01 PM org.openqa.selenium.devtools.Connection$Listener lambda$onText$0
WARNING: Unable to process: {"method":"Fetch.requestPaused","params":{"requestId":"interception-job-249.0","request":{"url":"http://localhost:8080/static/js/main.aab190f3.chunk.js","method":"GET","headers":{"Accept":"*/*","Referer":"http://localhost:8080/","User-Agent":"Mozilla/5.0 (Windows NT 10.0; Win64; x64) AppleWebKit/537.36 (KHTML, like Gecko) Chrome/116.0.0.0 Safari/537.36","sec-ch-ua":"\"Chromium\";v=\"116\", \"Not)A;Brand\";v=\"24\", \"Google Chrome\";v=\"116\"","sec-ch-ua-mobile":"?0","sec-ch-ua-platform":"\"Windows\""},"initialPriority":"High","referrerPolicy":"unsafe-url"},"frameId":"D165F02B89151667DFD1BF49856829E7","resourceType":"Script","responseStatusCode":200,"responseStatusText":"","responseHeaders":[{"name":"Vary","value":"Origin"},{"name":"Vary","value":"Access-Control-Request-Method"},{"name":"Vary","value":"Access-Control-Request-Headers"},{"name":"Last-Modified","value":"Thu, 03 Aug 2023 10:18:16 GMT"},{"name":"Accept-Ranges","value":"bytes"},{"name":"Content-Type","value":"application/javascript"},{"name":"Content-Length","value":"9137"},{"name":"Date","value":"Wed, 16 Aug 2023 13:20:22 GMT"}]},"sessionId":"69DE6D1A85B5D627489871F60443E14A"}
org.openqa.selenium.devtools.DevToolsException: {"id":1514,"error":{"code":-32602,"message":"Invalid InterceptionId."},"sessionId":"69DE6D1A85B5D627489871F60443E14A"}
Build info: version: '4.11.0', revision: '040bc5406b'
System info: os.name: 'Windows 10', os.arch: 'amd64', os.version: '10.0', java.version: '11.0.18'
Driver info: driver.version: unknown
	at org.openqa.selenium.devtools.Connection.sendAndWait(Connection.java:181)
	at org.openqa.selenium.devtools.DevTools.send(DevTools.java:81)
	at org.openqa.selenium.devtools.idealized.Network.lambda$prepareToInterceptTraffic$4(Network.java:194)
	at org.openqa.selenium.devtools.Connection.lambda$handle$4(Connection.java:321)
	at java.base/java.util.stream.ForEachOps$ForEachOp$OfRef.accept(ForEachOps.java:183)
	at java.base/java.util.stream.ReferencePipeline$2$1.accept(ReferencePipeline.java:177)
	at java.base/java.util.stream.ReferencePipeline$11$1.accept(ReferencePipeline.java:442)
	at java.base/java.util.HashMap$KeySpliterator.forEachRemaining(HashMap.java:1621)
	at java.base/java.util.stream.AbstractPipeline.copyInto(AbstractPipeline.java:484)
	at java.base/java.util.stream.AbstractPipeline.wrapAndCopyInto(AbstractPipeline.java:474)
	at java.base/java.util.stream.ForEachOps$ForEachOp.evaluateSequential(ForEachOps.java:150)
	at java.base/java.util.stream.ForEachOps$ForEachOp$OfRef.evaluateSequential(ForEachOps.java:173)
	at java.base/java.util.stream.AbstractPipeline.evaluate(AbstractPipeline.java:234)
	at java.base/java.util.stream.ReferencePipeline.forEach(ReferencePipeline.java:497)
	at org.openqa.selenium.devtools.Connection.handle(Connection.java:287)
	at org.openqa.selenium.devtools.Connection.access$200(Connection.java:57)
	at org.openqa.selenium.devtools.Connection$Listener.lambda$onText$0(Connection.java:224)
	at java.base/java.util.concurrent.ThreadPoolExecutor.runWorker(ThreadPoolExecutor.java:1128)
	at java.base/java.util.concurrent.ThreadPoolExecutor$Worker.run(ThreadPoolExecutor.java:628)
	at java.base/java.lang.Thread.run(Thread.java:829)
Caused by: org.openqa.selenium.WebDriverException: {"id":1514,"error":{"code":-32602,"message":"Invalid InterceptionId."},"sessionId":"69DE6D1A85B5D627489871F60443E14A"}
Build info: version: '4.11.0', revision: '040bc5406b'
System info: os.name: 'Windows 10', os.arch: 'amd64', os.version: '10.0', java.version: '11.0.18'
Driver info: driver.version: unknown
	at org.openqa.selenium.devtools.Connection.handle(Connection.java:260)
	... 5 more

Exception in thread "CDP Connection" org.openqa.selenium.devtools.DevToolsException: {"id":1514,"error":{"code":-32602,"message":"Invalid InterceptionId."},"sessionId":"69DE6D1A85B5D627489871F60443E14A"}
Build info: version: '4.11.0', revision: '040bc5406b'
System info: os.name: 'Windows 10', os.arch: 'amd64', os.version: '10.0', java.version: '11.0.18'
Driver info: driver.version: unknown
	at org.openqa.selenium.devtools.Connection$Listener.lambda$onText$0(Connection.java:227)
	at java.base/java.util.concurrent.ThreadPoolExecutor.runWorker(ThreadPoolExecutor.java:1128)
	at java.base/java.util.concurrent.ThreadPoolExecutor$Worker.run(ThreadPoolExecutor.java:628)
	at java.base/java.lang.Thread.run(Thread.java:829)
Caused by: org.openqa.selenium.devtools.DevToolsException: {"id":1514,"error":{"code":-32602,"message":"Invalid InterceptionId."},"sessionId":"69DE6D1A85B5D627489871F60443E14A"}
Build info: version: '4.11.0', revision: '040bc5406b'
System info: os.name: 'Windows 10', os.arch: 'amd64', os.version: '10.0', java.version: '11.0.18'
Driver info: driver.version: unknown
	at org.openqa.selenium.devtools.Connection.sendAndWait(Connection.java:181)
	at org.openqa.selenium.devtools.DevTools.send(DevTools.java:81)
	at org.openqa.selenium.devtools.idealized.Network.lambda$prepareToInterceptTraffic$4(Network.java:194)
	at org.openqa.selenium.devtools.Connection.lambda$handle$4(Connection.java:321)
	at java.base/java.util.stream.ForEachOps$ForEachOp$OfRef.accept(ForEachOps.java:183)
	at java.base/java.util.stream.ReferencePipeline$2$1.accept(ReferencePipeline.java:177)
	at java.base/java.util.stream.ReferencePipeline$11$1.accept(ReferencePipeline.java:442)
	at java.base/java.util.HashMap$KeySpliterator.forEachRemaining(HashMap.java:1621)
	at java.base/java.util.stream.AbstractPipeline.copyInto(AbstractPipeline.java:484)
	at java.base/java.util.stream.AbstractPipeline.wrapAndCopyInto(AbstractPipeline.java:474)
	at java.base/java.util.stream.ForEachOps$ForEachOp.evaluateSequential(ForEachOps.java:150)
	at java.base/java.util.stream.ForEachOps$ForEachOp$OfRef.evaluateSequential(ForEachOps.java:173)
	at java.base/java.util.stream.AbstractPipeline.evaluate(AbstractPipeline.java:234)
	at java.base/java.util.stream.ReferencePipeline.forEach(ReferencePipeline.java:497)
	at org.openqa.selenium.devtools.Connection.handle(Connection.java:287)
	at org.openqa.selenium.devtools.Connection.access$200(Connection.java:57)
	at org.openqa.selenium.devtools.Connection$Listener.lambda$onText$0(Connection.java:224)
	... 3 more
Caused by: org.openqa.selenium.WebDriverException: {"id":1514,"error":{"code":-32602,"message":"Invalid InterceptionId."},"sessionId":"69DE6D1A85B5D627489871F60443E14A"}
Build info: version: '4.11.0', revision: '040bc5406b'
System info: os.name: 'Windows 10', os.arch: 'amd64', os.version: '10.0', java.version: '11.0.18'
Driver info: driver.version: unknown
	at org.openqa.selenium.devtools.Connection.handle(Connection.java:260)
	... 5 more
авг. 16, 2023 4:22:01 PM org.openqa.selenium.devtools.Connection$Listener lambda$onText$0
WARNING: Unable to process: {"method":"Fetch.requestPaused","params":{"requestId":"interception-job-249.0","request":{"url":"http://localhost:8080/static/js/main.aab190f3.chunk.js","method":"GET","headers":{"Accept":"*/*","Referer":"http://localhost:8080/","User-Agent":"Mozilla/5.0 (Windows NT 10.0; Win64; x64) AppleWebKit/537.36 (KHTML, like Gecko) Chrome/116.0.0.0 Safari/537.36","sec-ch-ua":"\"Chromium\";v=\"116\", \"Not)A;Brand\";v=\"24\", \"Google Chrome\";v=\"116\"","sec-ch-ua-mobile":"?0","sec-ch-ua-platform":"\"Windows\""},"initialPriority":"High","referrerPolicy":"strict-origin-when-cross-origin"},"frameId":"D165F02B89151667DFD1BF49856829E7","resourceType":"Script"},"sessionId":"69DE6D1A85B5D627489871F60443E14A"}
org.openqa.selenium.devtools.DevToolsException: {"id":1515,"error":{"code":-32602,"message":"Invalid InterceptionId."},"sessionId":"69DE6D1A85B5D627489871F60443E14A"}
Build info: version: '4.11.0', revision: '040bc5406b'
System info: os.name: 'Windows 10', os.arch: 'amd64', os.version: '10.0', java.version: '11.0.18'
Driver info: driver.version: unknown
	at org.openqa.selenium.devtools.Connection.sendAndWait(Connection.java:181)
	at org.openqa.selenium.devtools.DevTools.send(DevTools.java:81)
	at org.openqa.selenium.devtools.idealized.Network.lambda$prepareToInterceptTraffic$3(Network.java:211)
	at org.openqa.selenium.remote.http.Filter.lambda$andFinally$1(Filter.java:55)
	at org.openqa.selenium.devtools.idealized.Network.lambda$prepareToInterceptTraffic$4(Network.java:226)
	at org.openqa.selenium.devtools.Connection.lambda$handle$4(Connection.java:321)
	at java.base/java.util.stream.ForEachOps$ForEachOp$OfRef.accept(ForEachOps.java:183)
	at java.base/java.util.stream.ReferencePipeline$2$1.accept(ReferencePipeline.java:177)
	at java.base/java.util.stream.ReferencePipeline$11$1.accept(ReferencePipeline.java:442)
	at java.base/java.util.HashMap$KeySpliterator.forEachRemaining(HashMap.java:1621)
	at java.base/java.util.stream.AbstractPipeline.copyInto(AbstractPipeline.java:484)
	at java.base/java.util.stream.AbstractPipeline.wrapAndCopyInto(AbstractPipeline.java:474)
	at java.base/java.util.stream.ForEachOps$ForEachOp.evaluateSequential(ForEachOps.java:150)
	at java.base/java.util.stream.ForEachOps$ForEachOp$OfRef.evaluateSequential(ForEachOps.java:173)
	at java.base/java.util.stream.AbstractPipeline.evaluate(AbstractPipeline.java:234)
	at java.base/java.util.stream.ReferencePipeline.forEach(ReferencePipeline.java:497)
	at org.openqa.selenium.devtools.Connection.handle(Connection.java:287)
	at org.openqa.selenium.devtools.Connection.access$200(Connection.java:57)
	at org.openqa.selenium.devtools.Connection$Listener.lambda$onText$0(Connection.java:224)
	at java.base/java.util.concurrent.ThreadPoolExecutor.runWorker(ThreadPoolExecutor.java:1128)
	at java.base/java.util.concurrent.ThreadPoolExecutor$Worker.run(ThreadPoolExecutor.java:628)
	at java.base/java.lang.Thread.run(Thread.java:829)
Caused by: org.openqa.selenium.WebDriverException: {"id":1515,"error":{"code":-32602,"message":"Invalid InterceptionId."},"sessionId":"69DE6D1A85B5D627489871F60443E14A"}
Build info: version: '4.11.0', revision: '040bc5406b'
System info: os.name: 'Windows 10', os.arch: 'amd64', os.version: '10.0', java.version: '11.0.18'
Driver info: driver.version: unknown
	at org.openqa.selenium.devtools.Connection.handle(Connection.java:260)
	... 5 more

Exception in thread "CDP Connection" org.openqa.selenium.devtools.DevToolsException: {"id":1515,"error":{"code":-32602,"message":"Invalid InterceptionId."},"sessionId":"69DE6D1A85B5D627489871F60443E14A"}
Build info: version: '4.11.0', revision: '040bc5406b'
System info: os.name: 'Windows 10', os.arch: 'amd64', os.version: '10.0', java.version: '11.0.18'
Driver info: driver.version: unknown
	at org.openqa.selenium.devtools.Connection$Listener.lambda$onText$0(Connection.java:227)
	at java.base/java.util.concurrent.ThreadPoolExecutor.runWorker(ThreadPoolExecutor.java:1128)
	at java.base/java.util.concurrent.ThreadPoolExecutor$Worker.run(ThreadPoolExecutor.java:628)
	at java.base/java.lang.Thread.run(Thread.java:829)
Caused by: org.openqa.selenium.devtools.DevToolsException: {"id":1515,"error":{"code":-32602,"message":"Invalid InterceptionId."},"sessionId":"69DE6D1A85B5D627489871F60443E14A"}
Build info: version: '4.11.0', revision: '040bc5406b'
System info: os.name: 'Windows 10', os.arch: 'amd64', os.version: '10.0', java.version: '11.0.18'
Driver info: driver.version: unknown
	at org.openqa.selenium.devtools.Connection.sendAndWait(Connection.java:181)
	at org.openqa.selenium.devtools.DevTools.send(DevTools.java:81)
	at org.openqa.selenium.devtools.idealized.Network.lambda$prepareToInterceptTraffic$3(Network.java:211)
	at org.openqa.selenium.remote.http.Filter.lambda$andFinally$1(Filter.java:55)
	at org.openqa.selenium.devtools.idealized.Network.lambda$prepareToInterceptTraffic$4(Network.java:226)
	at org.openqa.selenium.devtools.Connection.lambda$handle$4(Connection.java:321)
	at java.base/java.util.stream.ForEachOps$ForEachOp$OfRef.accept(ForEachOps.java:183)
	at java.base/java.util.stream.ReferencePipeline$2$1.accept(ReferencePipeline.java:177)
	at java.base/java.util.stream.ReferencePipeline$11$1.accept(ReferencePipeline.java:442)
	at java.base/java.util.HashMap$KeySpliterator.forEachRemaining(HashMap.java:1621)
	at java.base/java.util.stream.AbstractPipeline.copyInto(AbstractPipeline.java:484)
	at java.base/java.util.stream.AbstractPipeline.wrapAndCopyInto(AbstractPipeline.java:474)
	at java.base/java.util.stream.ForEachOps$ForEachOp.evaluateSequential(ForEachOps.java:150)
	at java.base/java.util.stream.ForEachOps$ForEachOp$OfRef.evaluateSequential(ForEachOps.java:173)
	at java.base/java.util.stream.AbstractPipeline.evaluate(AbstractPipeline.java:234)
	at java.base/java.util.stream.ReferencePipeline.forEach(ReferencePipeline.java:497)
	at org.openqa.selenium.devtools.Connection.handle(Connection.java:287)
	at org.openqa.selenium.devtools.Connection.access$200(Connection.java:57)
	at org.openqa.selenium.devtools.Connection$Listener.lambda$onText$0(Connection.java:224)
	... 3 more
Caused by: org.openqa.selenium.WebDriverException: {"id":1515,"error":{"code":-32602,"message":"Invalid InterceptionId."},"sessionId":"69DE6D1A85B5D627489871F60443E14A"}
Build info: version: '4.11.0', revision: '040bc5406b'
System info: os.name: 'Windows 10', os.arch: 'amd64', os.version: '10.0', java.version: '11.0.18'
Driver info: driver.version: unknown
	at org.openqa.selenium.devtools.Connection.handle(Connection.java:260)
	... 5 more
авг. 16, 2023 4:22:01 PM org.openqa.selenium.devtools.Connection$Listener lambda$onText$0
WARNING: Unable to process: {"method":"Fetch.requestPaused","params":{"requestId":"interception-job-246.0","request":{"url":"http://localhost:8080/static/css/2.7d875902.chunk.css","method":"GET","headers":{"Accept":"text/css,*/*;q=0.1","Referer":"http://localhost:8080/","User-Agent":"Mozilla/5.0 (Windows NT 10.0; Win64; x64) AppleWebKit/537.36 (KHTML, like Gecko) Chrome/116.0.0.0 Safari/537.36","sec-ch-ua":"\"Chromium\";v=\"116\", \"Not)A;Brand\";v=\"24\", \"Google Chrome\";v=\"116\"","sec-ch-ua-mobile":"?0","sec-ch-ua-platform":"\"Windows\""},"initialPriority":"VeryHigh","referrerPolicy":"unsafe-url"},"frameId":"D165F02B89151667DFD1BF49856829E7","resourceType":"Stylesheet","responseStatusCode":200,"responseStatusText":"","responseHeaders":[{"name":"Vary","value":"Origin"},{"name":"Vary","value":"Access-Control-Request-Method"},{"name":"Vary","value":"Access-Control-Request-Headers"},{"name":"Last-Modified","value":"Thu, 03 Aug 2023 10:18:16 GMT"},{"name":"Accept-Ranges","value":"bytes"},{"name":"Content-Type","value":"text/css"},{"name":"Content-Length","value":"87563"},{"name":"Date","value":"Wed, 16 Aug 2023 13:20:22 GMT"}]},"sessionId":"69DE6D1A85B5D627489871F60443E14A"}
org.openqa.selenium.devtools.DevToolsException: {"id":1518,"error":{"code":-32602,"message":"Invalid InterceptionId."},"sessionId":"69DE6D1A85B5D627489871F60443E14A"}
Build info: version: '4.11.0', revision: '040bc5406b'
System info: os.name: 'Windows 10', os.arch: 'amd64', os.version: '10.0', java.version: '11.0.18'
Driver info: driver.version: unknown
	at org.openqa.selenium.devtools.Connection.sendAndWait(Connection.java:181)
	at org.openqa.selenium.devtools.DevTools.send(DevTools.java:81)
	at org.openqa.selenium.devtools.idealized.Network.lambda$prepareToInterceptTraffic$4(Network.java:194)
	at org.openqa.selenium.devtools.Connection.lambda$handle$4(Connection.java:321)
	at java.base/java.util.stream.ForEachOps$ForEachOp$OfRef.accept(ForEachOps.java:183)
	at java.base/java.util.stream.ReferencePipeline$2$1.accept(ReferencePipeline.java:177)
	at java.base/java.util.stream.ReferencePipeline$11$1.accept(ReferencePipeline.java:442)
	at java.base/java.util.HashMap$KeySpliterator.forEachRemaining(HashMap.java:1621)
	at java.base/java.util.stream.AbstractPipeline.copyInto(AbstractPipeline.java:484)
	at java.base/java.util.stream.AbstractPipeline.wrapAndCopyInto(AbstractPipeline.java:474)
	at java.base/java.util.stream.ForEachOps$ForEachOp.evaluateSequential(ForEachOps.java:150)
	at java.base/java.util.stream.ForEachOps$ForEachOp$OfRef.evaluateSequential(ForEachOps.java:173)
	at java.base/java.util.stream.AbstractPipeline.evaluate(AbstractPipeline.java:234)
	at java.base/java.util.stream.ReferencePipeline.forEach(ReferencePipeline.java:497)
	at org.openqa.selenium.devtools.Connection.handle(Connection.java:287)
	at org.openqa.selenium.devtools.Connection.access$200(Connection.java:57)
	at org.openqa.selenium.devtools.Connection$Listener.lambda$onText$0(Connection.java:224)
	at java.base/java.util.concurrent.ThreadPoolExecutor.runWorker(ThreadPoolExecutor.java:1128)
	at java.base/java.util.concurrent.ThreadPoolExecutor$Worker.run(ThreadPoolExecutor.java:628)
	at java.base/java.lang.Thread.run(Thread.java:829)
Caused by: org.openqa.selenium.WebDriverException: {"id":1518,"error":{"code":-32602,"message":"Invalid InterceptionId."},"sessionId":"69DE6D1A85B5D627489871F60443E14A"}
Build info: version: '4.11.0', revision: '040bc5406b'
System info: os.name: 'Windows 10', os.arch: 'amd64', os.version: '10.0', java.version: '11.0.18'
Driver info: driver.version: unknown
	at org.openqa.selenium.devtools.Connection.handle(Connection.java:260)
	... 5 more

Exception in thread "CDP Connection" org.openqa.selenium.devtools.DevToolsException: {"id":1518,"error":{"code":-32602,"message":"Invalid InterceptionId."},"sessionId":"69DE6D1A85B5D627489871F60443E14A"}
Build info: version: '4.11.0', revision: '040bc5406b'
System info: os.name: 'Windows 10', os.arch: 'amd64', os.version: '10.0', java.version: '11.0.18'
Driver info: driver.version: unknown
	at org.openqa.selenium.devtools.Connection$Listener.lambda$onText$0(Connection.java:227)
	at java.base/java.util.concurrent.ThreadPoolExecutor.runWorker(ThreadPoolExecutor.java:1128)
	at java.base/java.util.concurrent.ThreadPoolExecutor$Worker.run(ThreadPoolExecutor.java:628)
	at java.base/java.lang.Thread.run(Thread.java:829)
Caused by: org.openqa.selenium.devtools.DevToolsException: {"id":1518,"error":{"code":-32602,"message":"Invalid InterceptionId."},"sessionId":"69DE6D1A85B5D627489871F60443E14A"}
Build info: version: '4.11.0', revision: '040bc5406b'
System info: os.name: 'Windows 10', os.arch: 'amd64', os.version: '10.0', java.version: '11.0.18'
Driver info: driver.version: unknown
	at org.openqa.selenium.devtools.Connection.sendAndWait(Connection.java:181)
	at org.openqa.selenium.devtools.DevTools.send(DevTools.java:81)
	at org.openqa.selenium.devtools.idealized.Network.lambda$prepareToInterceptTraffic$4(Network.java:194)
	at org.openqa.selenium.devtools.Connection.lambda$handle$4(Connection.java:321)
	at java.base/java.util.stream.ForEachOps$ForEachOp$OfRef.accept(ForEachOps.java:183)
	at java.base/java.util.stream.ReferencePipeline$2$1.accept(ReferencePipeline.java:177)
	at java.base/java.util.stream.ReferencePipeline$11$1.accept(ReferencePipeline.java:442)
	at java.base/java.util.HashMap$KeySpliterator.forEachRemaining(HashMap.java:1621)
	at java.base/java.util.stream.AbstractPipeline.copyInto(AbstractPipeline.java:484)
	at java.base/java.util.stream.AbstractPipeline.wrapAndCopyInto(AbstractPipeline.java:474)
	at java.base/java.util.stream.ForEachOps$ForEachOp.evaluateSequential(ForEachOps.java:150)
	at java.base/java.util.stream.ForEachOps$ForEachOp$OfRef.evaluateSequential(ForEachOps.java:173)
	at java.base/java.util.stream.AbstractPipeline.evaluate(AbstractPipeline.java:234)
	at java.base/java.util.stream.ReferencePipeline.forEach(ReferencePipeline.java:497)
	at org.openqa.selenium.devtools.Connection.handle(Connection.java:287)
	at org.openqa.selenium.devtools.Connection.access$200(Connection.java:57)
	at org.openqa.selenium.devtools.Connection$Listener.lambda$onText$0(Connection.java:224)
	... 3 more
Caused by: org.openqa.selenium.WebDriverException: {"id":1518,"error":{"code":-32602,"message":"Invalid InterceptionId."},"sessionId":"69DE6D1A85B5D627489871F60443E14A"}
Build info: version: '4.11.0', revision: '040bc5406b'
System info: os.name: 'Windows 10', os.arch: 'amd64', os.version: '10.0', java.version: '11.0.18'
Driver info: driver.version: unknown
	at org.openqa.selenium.devtools.Connection.handle(Connection.java:260)
	... 5 more
авг. 16, 2023 4:22:01 PM org.openqa.selenium.devtools.Connection$Listener lambda$onText$0
WARNING: Unable to process: {"method":"Fetch.requestPaused","params":{"requestId":"interception-job-246.0","request":{"url":"http://localhost:8080/static/css/2.7d875902.chunk.css","method":"GET","headers":{"Accept":"text/css,*/*;q=0.1","Referer":"http://localhost:8080/","User-Agent":"Mozilla/5.0 (Windows NT 10.0; Win64; x64) AppleWebKit/537.36 (KHTML, like Gecko) Chrome/116.0.0.0 Safari/537.36","sec-ch-ua":"\"Chromium\";v=\"116\", \"Not)A;Brand\";v=\"24\", \"Google Chrome\";v=\"116\"","sec-ch-ua-mobile":"?0","sec-ch-ua-platform":"\"Windows\""},"initialPriority":"VeryHigh","referrerPolicy":"strict-origin-when-cross-origin"},"frameId":"D165F02B89151667DFD1BF49856829E7","resourceType":"Stylesheet"},"sessionId":"69DE6D1A85B5D627489871F60443E14A"}
org.openqa.selenium.devtools.DevToolsException: {"id":1519,"error":{"code":-32602,"message":"Invalid InterceptionId."},"sessionId":"69DE6D1A85B5D627489871F60443E14A"}
Build info: version: '4.11.0', revision: '040bc5406b'
System info: os.name: 'Windows 10', os.arch: 'amd64', os.version: '10.0', java.version: '11.0.18'
Driver info: driver.version: unknown
	at org.openqa.selenium.devtools.Connection.sendAndWait(Connection.java:181)
	at org.openqa.selenium.devtools.DevTools.send(DevTools.java:81)
	at org.openqa.selenium.devtools.idealized.Network.lambda$prepareToInterceptTraffic$3(Network.java:211)
	at org.openqa.selenium.remote.http.Filter.lambda$andFinally$1(Filter.java:55)
	at org.openqa.selenium.devtools.idealized.Network.lambda$prepareToInterceptTraffic$4(Network.java:226)
	at org.openqa.selenium.devtools.Connection.lambda$handle$4(Connection.java:321)
	at java.base/java.util.stream.ForEachOps$ForEachOp$OfRef.accept(ForEachOps.java:183)
	at java.base/java.util.stream.ReferencePipeline$2$1.accept(ReferencePipeline.java:177)
	at java.base/java.util.stream.ReferencePipeline$11$1.accept(ReferencePipeline.java:442)
	at java.base/java.util.HashMap$KeySpliterator.forEachRemaining(HashMap.java:1621)
	at java.base/java.util.stream.AbstractPipeline.copyInto(AbstractPipeline.java:484)
	at java.base/java.util.stream.AbstractPipeline.wrapAndCopyInto(AbstractPipeline.java:474)
	at java.base/java.util.stream.ForEachOps$ForEachOp.evaluateSequential(ForEachOps.java:150)
	at java.base/java.util.stream.ForEachOps$ForEachOp$OfRef.evaluateSequential(ForEachOps.java:173)
	at java.base/java.util.stream.AbstractPipeline.evaluate(AbstractPipeline.java:234)
	at java.base/java.util.stream.ReferencePipeline.forEach(ReferencePipeline.java:497)
	at org.openqa.selenium.devtools.Connection.handle(Connection.java:287)
	at org.openqa.selenium.devtools.Connection.access$200(Connection.java:57)
	at org.openqa.selenium.devtools.Connection$Listener.lambda$onText$0(Connection.java:224)
	at java.base/java.util.concurrent.ThreadPoolExecutor.runWorker(ThreadPoolExecutor.java:1128)
	at java.base/java.util.concurrent.ThreadPoolExecutor$Worker.run(ThreadPoolExecutor.java:628)
	at java.base/java.lang.Thread.run(Thread.java:829)
Caused by: org.openqa.selenium.WebDriverException: {"id":1519,"error":{"code":-32602,"message":"Invalid InterceptionId."},"sessionId":"69DE6D1A85B5D627489871F60443E14A"}
Build info: version: '4.11.0', revision: '040bc5406b'
System info: os.name: 'Windows 10', os.arch: 'amd64', os.version: '10.0', java.version: '11.0.18'
Driver info: driver.version: unknown
	at org.openqa.selenium.devtools.Connection.handle(Connection.java:260)
	... 5 more

Exception in thread "CDP Connection" org.openqa.selenium.devtools.DevToolsException: {"id":1519,"error":{"code":-32602,"message":"Invalid InterceptionId."},"sessionId":"69DE6D1A85B5D627489871F60443E14A"}
Build info: version: '4.11.0', revision: '040bc5406b'
System info: os.name: 'Windows 10', os.arch: 'amd64', os.version: '10.0', java.version: '11.0.18'
Driver info: driver.version: unknown
	at org.openqa.selenium.devtools.Connection$Listener.lambda$onText$0(Connection.java:227)
	at java.base/java.util.concurrent.ThreadPoolExecutor.runWorker(ThreadPoolExecutor.java:1128)
	at java.base/java.util.concurrent.ThreadPoolExecutor$Worker.run(ThreadPoolExecutor.java:628)
	at java.base/java.lang.Thread.run(Thread.java:829)
Caused by: org.openqa.selenium.devtools.DevToolsException: {"id":1519,"error":{"code":-32602,"message":"Invalid InterceptionId."},"sessionId":"69DE6D1A85B5D627489871F60443E14A"}
Build info: version: '4.11.0', revision: '040bc5406b'
System info: os.name: 'Windows 10', os.arch: 'amd64', os.version: '10.0', java.version: '11.0.18'
Driver info: driver.version: unknown
	at org.openqa.selenium.devtools.Connection.sendAndWait(Connection.java:181)
	at org.openqa.selenium.devtools.DevTools.send(DevTools.java:81)
	at org.openqa.selenium.devtools.idealized.Network.lambda$prepareToInterceptTraffic$3(Network.java:211)
	at org.openqa.selenium.remote.http.Filter.lambda$andFinally$1(Filter.java:55)
	at org.openqa.selenium.devtools.idealized.Network.lambda$prepareToInterceptTraffic$4(Network.java:226)
	at org.openqa.selenium.devtools.Connection.lambda$handle$4(Connection.java:321)
	at java.base/java.util.stream.ForEachOps$ForEachOp$OfRef.accept(ForEachOps.java:183)
	at java.base/java.util.stream.ReferencePipeline$2$1.accept(ReferencePipeline.java:177)
	at java.base/java.util.stream.ReferencePipeline$11$1.accept(ReferencePipeline.java:442)
	at java.base/java.util.HashMap$KeySpliterator.forEachRemaining(HashMap.java:1621)
	at java.base/java.util.stream.AbstractPipeline.copyInto(AbstractPipeline.java:484)
	at java.base/java.util.stream.AbstractPipeline.wrapAndCopyInto(AbstractPipeline.java:474)
	at java.base/java.util.stream.ForEachOps$ForEachOp.evaluateSequential(ForEachOps.java:150)
	at java.base/java.util.stream.ForEachOps$ForEachOp$OfRef.evaluateSequential(ForEachOps.java:173)
	at java.base/java.util.stream.AbstractPipeline.evaluate(AbstractPipeline.java:234)
	at java.base/java.util.stream.ReferencePipeline.forEach(ReferencePipeline.java:497)
	at org.openqa.selenium.devtools.Connection.handle(Connection.java:287)
	at org.openqa.selenium.devtools.Connection.access$200(Connection.java:57)
	at org.openqa.selenium.devtools.Connection$Listener.lambda$onText$0(Connection.java:224)
	... 3 more
Caused by: org.openqa.selenium.WebDriverException: {"id":1519,"error":{"code":-32602,"message":"Invalid InterceptionId."},"sessionId":"69DE6D1A85B5D627489871F60443E14A"}
Build info: version: '4.11.0', revision: '040bc5406b'
System info: os.name: 'Windows 10', os.arch: 'amd64', os.version: '10.0', java.version: '11.0.18'
Driver info: driver.version: unknown
	at org.openqa.selenium.devtools.Connection.handle(Connection.java:260)
	... 5 more
авг. 16, 2023 4:22:01 PM org.openqa.selenium.devtools.Connection$Listener lambda$onText$0
WARNING: Unable to process: {"method":"Fetch.requestPaused","params":{"requestId":"interception-job-248.0","request":{"url":"http://localhost:8080/static/js/2.0716afe8.chunk.js","method":"GET","headers":{"Accept":"*/*","Referer":"http://localhost:8080/","User-Agent":"Mozilla/5.0 (Windows NT 10.0; Win64; x64) AppleWebKit/537.36 (KHTML, like Gecko) Chrome/116.0.0.0 Safari/537.36","sec-ch-ua":"\"Chromium\";v=\"116\", \"Not)A;Brand\";v=\"24\", \"Google Chrome\";v=\"116\"","sec-ch-ua-mobile":"?0","sec-ch-ua-platform":"\"Windows\""},"initialPriority":"High","referrerPolicy":"strict-origin-when-cross-origin"},"frameId":"D165F02B89151667DFD1BF49856829E7","resourceType":"Script"},"sessionId":"69DE6D1A85B5D627489871F60443E14A"}
org.openqa.selenium.devtools.DevToolsException: {"id":1522,"error":{"code":-32602,"message":"Invalid InterceptionId."},"sessionId":"69DE6D1A85B5D627489871F60443E14A"}
Build info: version: '4.11.0', revision: '040bc5406b'
System info: os.name: 'Windows 10', os.arch: 'amd64', os.version: '10.0', java.version: '11.0.18'
Driver info: driver.version: unknown
	at org.openqa.selenium.devtools.Connection.sendAndWait(Connection.java:181)
	at org.openqa.selenium.devtools.DevTools.send(DevTools.java:81)
	at org.openqa.selenium.devtools.idealized.Network.lambda$prepareToInterceptTraffic$3(Network.java:211)
	at org.openqa.selenium.remote.http.Filter.lambda$andFinally$1(Filter.java:55)
	at org.openqa.selenium.devtools.idealized.Network.lambda$prepareToInterceptTraffic$4(Network.java:226)
	at org.openqa.selenium.devtools.Connection.lambda$handle$4(Connection.java:321)
	at java.base/java.util.stream.ForEachOps$ForEachOp$OfRef.accept(ForEachOps.java:183)
	at java.base/java.util.stream.ReferencePipeline$2$1.accept(ReferencePipeline.java:177)
	at java.base/java.util.stream.ReferencePipeline$11$1.accept(ReferencePipeline.java:442)
	at java.base/java.util.HashMap$KeySpliterator.forEachRemaining(HashMap.java:1621)
	at java.base/java.util.stream.AbstractPipeline.copyInto(AbstractPipeline.java:484)
	at java.base/java.util.stream.AbstractPipeline.wrapAndCopyInto(AbstractPipeline.java:474)
	at java.base/java.util.stream.ForEachOps$ForEachOp.evaluateSequential(ForEachOps.java:150)
	at java.base/java.util.stream.ForEachOps$ForEachOp$OfRef.evaluateSequential(ForEachOps.java:173)
	at java.base/java.util.stream.AbstractPipeline.evaluate(AbstractPipeline.java:234)
	at java.base/java.util.stream.ReferencePipeline.forEach(ReferencePipeline.java:497)
	at org.openqa.selenium.devtools.Connection.handle(Connection.java:287)
	at org.openqa.selenium.devtools.Connection.access$200(Connection.java:57)
	at org.openqa.selenium.devtools.Connection$Listener.lambda$onText$0(Connection.java:224)
	at java.base/java.util.concurrent.ThreadPoolExecutor.runWorker(ThreadPoolExecutor.java:1128)
	at java.base/java.util.concurrent.ThreadPoolExecutor$Worker.run(ThreadPoolExecutor.java:628)
	at java.base/java.lang.Thread.run(Thread.java:829)
Caused by: org.openqa.selenium.WebDriverException: {"id":1522,"error":{"code":-32602,"message":"Invalid InterceptionId."},"sessionId":"69DE6D1A85B5D627489871F60443E14A"}
Build info: version: '4.11.0', revision: '040bc5406b'
System info: os.name: 'Windows 10', os.arch: 'amd64', os.version: '10.0', java.version: '11.0.18'
Driver info: driver.version: unknown
	at org.openqa.selenium.devtools.Connection.handle(Connection.java:260)
	... 5 more

Exception in thread "CDP Connection" org.openqa.selenium.devtools.DevToolsException: {"id":1522,"error":{"code":-32602,"message":"Invalid InterceptionId."},"sessionId":"69DE6D1A85B5D627489871F60443E14A"}
Build info: version: '4.11.0', revision: '040bc5406b'
System info: os.name: 'Windows 10', os.arch: 'amd64', os.version: '10.0', java.version: '11.0.18'
Driver info: driver.version: unknown
	at org.openqa.selenium.devtools.Connection$Listener.lambda$onText$0(Connection.java:227)
	at java.base/java.util.concurrent.ThreadPoolExecutor.runWorker(ThreadPoolExecutor.java:1128)
	at java.base/java.util.concurrent.ThreadPoolExecutor$Worker.run(ThreadPoolExecutor.java:628)
	at java.base/java.lang.Thread.run(Thread.java:829)
Caused by: org.openqa.selenium.devtools.DevToolsException: {"id":1522,"error":{"code":-32602,"message":"Invalid InterceptionId."},"sessionId":"69DE6D1A85B5D627489871F60443E14A"}
Build info: version: '4.11.0', revision: '040bc5406b'
System info: os.name: 'Windows 10', os.arch: 'amd64', os.version: '10.0', java.version: '11.0.18'
Driver info: driver.version: unknown
	at org.openqa.selenium.devtools.Connection.sendAndWait(Connection.java:181)
	at org.openqa.selenium.devtools.DevTools.send(DevTools.java:81)
	at org.openqa.selenium.devtools.idealized.Network.lambda$prepareToInterceptTraffic$3(Network.java:211)
	at org.openqa.selenium.remote.http.Filter.lambda$andFinally$1(Filter.java:55)
	at org.openqa.selenium.devtools.idealized.Network.lambda$prepareToInterceptTraffic$4(Network.java:226)
	at org.openqa.selenium.devtools.Connection.lambda$handle$4(Connection.java:321)
	at java.base/java.util.stream.ForEachOps$ForEachOp$OfRef.accept(ForEachOps.java:183)
	at java.base/java.util.stream.ReferencePipeline$2$1.accept(ReferencePipeline.java:177)
	at java.base/java.util.stream.ReferencePipeline$11$1.accept(ReferencePipeline.java:442)
	at java.base/java.util.HashMap$KeySpliterator.forEachRemaining(HashMap.java:1621)
	at java.base/java.util.stream.AbstractPipeline.copyInto(AbstractPipeline.java:484)
	at java.base/java.util.stream.AbstractPipeline.wrapAndCopyInto(AbstractPipeline.java:474)
	at java.base/java.util.stream.ForEachOps$ForEachOp.evaluateSequential(ForEachOps.java:150)
	at java.base/java.util.stream.ForEachOps$ForEachOp$OfRef.evaluateSequential(ForEachOps.java:173)
	at java.base/java.util.stream.AbstractPipeline.evaluate(AbstractPipeline.java:234)
	at java.base/java.util.stream.ReferencePipeline.forEach(ReferencePipeline.java:497)
	at org.openqa.selenium.devtools.Connection.handle(Connection.java:287)
	at org.openqa.selenium.devtools.Connection.access$200(Connection.java:57)
	at org.openqa.selenium.devtools.Connection$Listener.lambda$onText$0(Connection.java:224)
	... 3 more
Caused by: org.openqa.selenium.WebDriverException: {"id":1522,"error":{"code":-32602,"message":"Invalid InterceptionId."},"sessionId":"69DE6D1A85B5D627489871F60443E14A"}
Build info: version: '4.11.0', revision: '040bc5406b'
System info: os.name: 'Windows 10', os.arch: 'amd64', os.version: '10.0', java.version: '11.0.18'
Driver info: driver.version: unknown
	at org.openqa.selenium.devtools.Connection.handle(Connection.java:260)
	... 5 more
авг. 16, 2023 4:22:01 PM org.openqa.selenium.devtools.Connection$Listener lambda$onText$0
WARNING: Unable to process: {"method":"Fetch.requestPaused","params":{"requestId":"interception-job-248.0","request":{"url":"http://localhost:8080/static/js/2.0716afe8.chunk.js","method":"GET","headers":{"Accept":"*/*","Referer":"http://localhost:8080/","User-Agent":"Mozilla/5.0 (Windows NT 10.0; Win64; x64) AppleWebKit/537.36 (KHTML, like Gecko) Chrome/116.0.0.0 Safari/537.36","sec-ch-ua":"\"Chromium\";v=\"116\", \"Not)A;Brand\";v=\"24\", \"Google Chrome\";v=\"116\"","sec-ch-ua-mobile":"?0","sec-ch-ua-platform":"\"Windows\""},"initialPriority":"High","referrerPolicy":"unsafe-url"},"frameId":"D165F02B89151667DFD1BF49856829E7","resourceType":"Script","responseStatusCode":200,"responseStatusText":"","responseHeaders":[{"name":"Vary","value":"Origin"},{"name":"Vary","value":"Access-Control-Request-Method"},{"name":"Vary","value":"Access-Control-Request-Headers"},{"name":"Last-Modified","value":"Thu, 03 Aug 2023 10:18:16 GMT"},{"name":"Accept-Ranges","value":"bytes"},{"name":"Content-Type","value":"application/javascript"},{"name":"Content-Length","value":"228167"},{"name":"Date","value":"Wed, 16 Aug 2023 13:20:22 GMT"}]},"sessionId":"69DE6D1A85B5D627489871F60443E14A"}
org.openqa.selenium.devtools.DevToolsException: {"id":1524,"error":{"code":-32602,"message":"Invalid InterceptionId."},"sessionId":"69DE6D1A85B5D627489871F60443E14A"}
Build info: version: '4.11.0', revision: '040bc5406b'
System info: os.name: 'Windows 10', os.arch: 'amd64', os.version: '10.0', java.version: '11.0.18'
Driver info: driver.version: unknown
	at org.openqa.selenium.devtools.Connection.sendAndWait(Connection.java:181)
	at org.openqa.selenium.devtools.DevTools.send(DevTools.java:81)
	at org.openqa.selenium.devtools.idealized.Network.lambda$prepareToInterceptTraffic$4(Network.java:194)
	at org.openqa.selenium.devtools.Connection.lambda$handle$4(Connection.java:321)
	at java.base/java.util.stream.ForEachOps$ForEachOp$OfRef.accept(ForEachOps.java:183)
	at java.base/java.util.stream.ReferencePipeline$2$1.accept(ReferencePipeline.java:177)
	at java.base/java.util.stream.ReferencePipeline$11$1.accept(ReferencePipeline.java:442)
	at java.base/java.util.HashMap$KeySpliterator.forEachRemaining(HashMap.java:1621)
	at java.base/java.util.stream.AbstractPipeline.copyInto(AbstractPipeline.java:484)
	at java.base/java.util.stream.AbstractPipeline.wrapAndCopyInto(AbstractPipeline.java:474)
	at java.base/java.util.stream.ForEachOps$ForEachOp.evaluateSequential(ForEachOps.java:150)
	at java.base/java.util.stream.ForEachOps$ForEachOp$OfRef.evaluateSequential(ForEachOps.java:173)
	at java.base/java.util.stream.AbstractPipeline.evaluate(AbstractPipeline.java:234)
	at java.base/java.util.stream.ReferencePipeline.forEach(ReferencePipeline.java:497)
	at org.openqa.selenium.devtools.Connection.handle(Connection.java:287)
	at org.openqa.selenium.devtools.Connection.access$200(Connection.java:57)
	at org.openqa.selenium.devtools.Connection$Listener.lambda$onText$0(Connection.java:224)
	at java.base/java.util.concurrent.ThreadPoolExecutor.runWorker(ThreadPoolExecutor.java:1128)
	at java.base/java.util.concurrent.ThreadPoolExecutor$Worker.run(ThreadPoolExecutor.java:628)
	at java.base/java.lang.Thread.run(Thread.java:829)
Caused by: org.openqa.selenium.WebDriverException: {"id":1524,"error":{"code":-32602,"message":"Invalid InterceptionId."},"sessionId":"69DE6D1A85B5D627489871F60443E14A"}
Build info: version: '4.11.0', revision: '040bc5406b'
System info: os.name: 'Windows 10', os.arch: 'amd64', os.version: '10.0', java.version: '11.0.18'
Driver info: driver.version: unknown
	at org.openqa.selenium.devtools.Connection.handle(Connection.java:260)
	... 5 more

Exception in thread "CDP Connection" org.openqa.selenium.devtools.DevToolsException: {"id":1524,"error":{"code":-32602,"message":"Invalid InterceptionId."},"sessionId":"69DE6D1A85B5D627489871F60443E14A"}
Build info: version: '4.11.0', revision: '040bc5406b'
System info: os.name: 'Windows 10', os.arch: 'amd64', os.version: '10.0', java.version: '11.0.18'
Driver info: driver.version: unknown
	at org.openqa.selenium.devtools.Connection$Listener.lambda$onText$0(Connection.java:227)
	at java.base/java.util.concurrent.ThreadPoolExecutor.runWorker(ThreadPoolExecutor.java:1128)
	at java.base/java.util.concurrent.ThreadPoolExecutor$Worker.run(ThreadPoolExecutor.java:628)
	at java.base/java.lang.Thread.run(Thread.java:829)
Caused by: org.openqa.selenium.devtools.DevToolsException: {"id":1524,"error":{"code":-32602,"message":"Invalid InterceptionId."},"sessionId":"69DE6D1A85B5D627489871F60443E14A"}
Build info: version: '4.11.0', revision: '040bc5406b'
System info: os.name: 'Windows 10', os.arch: 'amd64', os.version: '10.0', java.version: '11.0.18'
Driver info: driver.version: unknown
	at org.openqa.selenium.devtools.Connection.sendAndWait(Connection.java:181)
	at org.openqa.selenium.devtools.DevTools.send(DevTools.java:81)
	at org.openqa.selenium.devtools.idealized.Network.lambda$prepareToInterceptTraffic$4(Network.java:194)
	at org.openqa.selenium.devtools.Connection.lambda$handle$4(Connection.java:321)
	at java.base/java.util.stream.ForEachOps$ForEachOp$OfRef.accept(ForEachOps.java:183)
	at java.base/java.util.stream.ReferencePipeline$2$1.accept(ReferencePipeline.java:177)
	at java.base/java.util.stream.ReferencePipeline$11$1.accept(ReferencePipeline.java:442)
	at java.base/java.util.HashMap$KeySpliterator.forEachRemaining(HashMap.java:1621)
	at java.base/java.util.stream.AbstractPipeline.copyInto(AbstractPipeline.java:484)
	at java.base/java.util.stream.AbstractPipeline.wrapAndCopyInto(AbstractPipeline.java:474)
	at java.base/java.util.stream.ForEachOps$ForEachOp.evaluateSequential(ForEachOps.java:150)
	at java.base/java.util.stream.ForEachOps$ForEachOp$OfRef.evaluateSequential(ForEachOps.java:173)
	at java.base/java.util.stream.AbstractPipeline.evaluate(AbstractPipeline.java:234)
	at java.base/java.util.stream.ReferencePipeline.forEach(ReferencePipeline.java:497)
	at org.openqa.selenium.devtools.Connection.handle(Connection.java:287)
	at org.openqa.selenium.devtools.Connection.access$200(Connection.java:57)
	at org.openqa.selenium.devtools.Connection$Listener.lambda$onText$0(Connection.java:224)
	... 3 more
Caused by: org.openqa.selenium.WebDriverException: {"id":1524,"error":{"code":-32602,"message":"Invalid InterceptionId."},"sessionId":"69DE6D1A85B5D627489871F60443E14A"}
Build info: version: '4.11.0', revision: '040bc5406b'
System info: os.name: 'Windows 10', os.arch: 'amd64', os.version: '10.0', java.version: '11.0.18'
Driver info: driver.version: unknown
	at org.openqa.selenium.devtools.Connection.handle(Connection.java:260)
	... 5 more
авг. 16, 2023 4:22:01 PM org.openqa.selenium.devtools.Connection$Listener lambda$onText$0
WARNING: Unable to process: {"method":"Fetch.requestPaused","params":{"requestId":"interception-job-250.0","request":{"url":"http://localhost:8080/static/media/marrakech.869b2a02.jpg","method":"GET","headers":{"Accept":"image/avif,image/webp,image/apng,image/svg+xml,image/*,*/*;q=0.8","Referer":"http://localhost:8080/","User-Agent":"Mozilla/5.0 (Windows NT 10.0; Win64; x64) AppleWebKit/537.36 (KHTML, like Gecko) Chrome/116.0.0.0 Safari/537.36","sec-ch-ua":"\"Chromium\";v=\"116\", \"Not)A;Brand\";v=\"24\", \"Google Chrome\";v=\"116\"","sec-ch-ua-mobile":"?0","sec-ch-ua-platform":"\"Windows\""},"initialPriority":"Low","referrerPolicy":"unsafe-url"},"frameId":"D165F02B89151667DFD1BF49856829E7","resourceType":"Image","responseStatusCode":200,"responseStatusText":"","responseHeaders":[{"name":"Vary","value":"Origin"},{"name":"Vary","value":"Access-Control-Request-Method"},{"name":"Vary","value":"Access-Control-Request-Headers"},{"name":"Last-Modified","value":"Thu, 03 Aug 2023 10:18:16 GMT"},{"name":"Accept-Ranges","value":"bytes"},{"name":"Content-Type","value":"image/jpeg"},{"name":"Content-Length","value":"85240"},{"name":"Date","value":"Wed, 16 Aug 2023 13:20:22 GMT"}]},"sessionId":"69DE6D1A85B5D627489871F60443E14A"}
org.openqa.selenium.devtools.DevToolsException: {"id":1529,"error":{"code":-32602,"message":"Invalid InterceptionId."},"sessionId":"69DE6D1A85B5D627489871F60443E14A"}
Build info: version: '4.11.0', revision: '040bc5406b'
System info: os.name: 'Windows 10', os.arch: 'amd64', os.version: '10.0', java.version: '11.0.18'
Driver info: driver.version: unknown
	at org.openqa.selenium.devtools.Connection.sendAndWait(Connection.java:181)
	at org.openqa.selenium.devtools.DevTools.send(DevTools.java:81)
	at org.openqa.selenium.devtools.idealized.Network.lambda$prepareToInterceptTraffic$4(Network.java:194)
	at org.openqa.selenium.devtools.Connection.lambda$handle$4(Connection.java:321)
	at java.base/java.util.stream.ForEachOps$ForEachOp$OfRef.accept(ForEachOps.java:183)
	at java.base/java.util.stream.ReferencePipeline$2$1.accept(ReferencePipeline.java:177)
	at java.base/java.util.stream.ReferencePipeline$11$1.accept(ReferencePipeline.java:442)
	at java.base/java.util.HashMap$KeySpliterator.forEachRemaining(HashMap.java:1621)
	at java.base/java.util.stream.AbstractPipeline.copyInto(AbstractPipeline.java:484)
	at java.base/java.util.stream.AbstractPipeline.wrapAndCopyInto(AbstractPipeline.java:474)
	at java.base/java.util.stream.ForEachOps$ForEachOp.evaluateSequential(ForEachOps.java:150)
	at java.base/java.util.stream.ForEachOps$ForEachOp$OfRef.evaluateSequential(ForEachOps.java:173)
	at java.base/java.util.stream.AbstractPipeline.evaluate(AbstractPipeline.java:234)
	at java.base/java.util.stream.ReferencePipeline.forEach(ReferencePipeline.java:497)
	at org.openqa.selenium.devtools.Connection.handle(Connection.java:287)
	at org.openqa.selenium.devtools.Connection.access$200(Connection.java:57)
	at org.openqa.selenium.devtools.Connection$Listener.lambda$onText$0(Connection.java:224)
	at java.base/java.util.concurrent.ThreadPoolExecutor.runWorker(ThreadPoolExecutor.java:1128)
	at java.base/java.util.concurrent.ThreadPoolExecutor$Worker.run(ThreadPoolExecutor.java:628)
	at java.base/java.lang.Thread.run(Thread.java:829)
Caused by: org.openqa.selenium.WebDriverException: {"id":1529,"error":{"code":-32602,"message":"Invalid InterceptionId."},"sessionId":"69DE6D1A85B5D627489871F60443E14A"}
Build info: version: '4.11.0', revision: '040bc5406b'
System info: os.name: 'Windows 10', os.arch: 'amd64', os.version: '10.0', java.version: '11.0.18'
Driver info: driver.version: unknown
	at org.openqa.selenium.devtools.Connection.handle(Connection.java:260)
	... 5 more

Exception in thread "CDP Connection" org.openqa.selenium.devtools.DevToolsException: {"id":1529,"error":{"code":-32602,"message":"Invalid InterceptionId."},"sessionId":"69DE6D1A85B5D627489871F60443E14A"}
Build info: version: '4.11.0', revision: '040bc5406b'
System info: os.name: 'Windows 10', os.arch: 'amd64', os.version: '10.0', java.version: '11.0.18'
Driver info: driver.version: unknown
	at org.openqa.selenium.devtools.Connection$Listener.lambda$onText$0(Connection.java:227)
	at java.base/java.util.concurrent.ThreadPoolExecutor.runWorker(ThreadPoolExecutor.java:1128)
	at java.base/java.util.concurrent.ThreadPoolExecutor$Worker.run(ThreadPoolExecutor.java:628)
	at java.base/java.lang.Thread.run(Thread.java:829)
Caused by: org.openqa.selenium.devtools.DevToolsException: {"id":1529,"error":{"code":-32602,"message":"Invalid InterceptionId."},"sessionId":"69DE6D1A85B5D627489871F60443E14A"}
Build info: version: '4.11.0', revision: '040bc5406b'
System info: os.name: 'Windows 10', os.arch: 'amd64', os.version: '10.0', java.version: '11.0.18'
Driver info: driver.version: unknown
	at org.openqa.selenium.devtools.Connection.sendAndWait(Connection.java:181)
	at org.openqa.selenium.devtools.DevTools.send(DevTools.java:81)
	at org.openqa.selenium.devtools.idealized.Network.lambda$prepareToInterceptTraffic$4(Network.java:194)
	at org.openqa.selenium.devtools.Connection.lambda$handle$4(Connection.java:321)
	at java.base/java.util.stream.ForEachOps$ForEachOp$OfRef.accept(ForEachOps.java:183)
	at java.base/java.util.stream.ReferencePipeline$2$1.accept(ReferencePipeline.java:177)
	at java.base/java.util.stream.ReferencePipeline$11$1.accept(ReferencePipeline.java:442)
	at java.base/java.util.HashMap$KeySpliterator.forEachRemaining(HashMap.java:1621)
	at java.base/java.util.stream.AbstractPipeline.copyInto(AbstractPipeline.java:484)
	at java.base/java.util.stream.AbstractPipeline.wrapAndCopyInto(AbstractPipeline.java:474)
	at java.base/java.util.stream.ForEachOps$ForEachOp.evaluateSequential(ForEachOps.java:150)
	at java.base/java.util.stream.ForEachOps$ForEachOp$OfRef.evaluateSequential(ForEachOps.java:173)
	at java.base/java.util.stream.AbstractPipeline.evaluate(AbstractPipeline.java:234)
	at java.base/java.util.stream.ReferencePipeline.forEach(ReferencePipeline.java:497)
	at org.openqa.selenium.devtools.Connection.handle(Connection.java:287)
	at org.openqa.selenium.devtools.Connection.access$200(Connection.java:57)
	at org.openqa.selenium.devtools.Connection$Listener.lambda$onText$0(Connection.java:224)
	... 3 more
Caused by: org.openqa.selenium.WebDriverException: {"id":1529,"error":{"code":-32602,"message":"Invalid InterceptionId."},"sessionId":"69DE6D1A85B5D627489871F60443E14A"}
Build info: version: '4.11.0', revision: '040bc5406b'
System info: os.name: 'Windows 10', os.arch: 'amd64', os.version: '10.0', java.version: '11.0.18'
Driver info: driver.version: unknown
	at org.openqa.selenium.devtools.Connection.handle(Connection.java:260)
	... 5 more
авг. 16, 2023 4:22:01 PM org.openqa.selenium.devtools.Connection$Listener lambda$onText$0
WARNING: Unable to process: {"method":"Fetch.requestPaused","params":{"requestId":"interception-job-250.0","request":{"url":"http://localhost:8080/static/media/marrakech.869b2a02.jpg","method":"GET","headers":{"Accept":"image/avif,image/webp,image/apng,image/svg+xml,image/*,*/*;q=0.8","Referer":"http://localhost:8080/","User-Agent":"Mozilla/5.0 (Windows NT 10.0; Win64; x64) AppleWebKit/537.36 (KHTML, like Gecko) Chrome/116.0.0.0 Safari/537.36","sec-ch-ua":"\"Chromium\";v=\"116\", \"Not)A;Brand\";v=\"24\", \"Google Chrome\";v=\"116\"","sec-ch-ua-mobile":"?0","sec-ch-ua-platform":"\"Windows\""},"initialPriority":"Low","referrerPolicy":"strict-origin-when-cross-origin"},"frameId":"D165F02B89151667DFD1BF49856829E7","resourceType":"Image"},"sessionId":"69DE6D1A85B5D627489871F60443E14A"}
org.openqa.selenium.devtools.DevToolsException: {"id":1530,"error":{"code":-32602,"message":"Invalid InterceptionId."},"sessionId":"69DE6D1A85B5D627489871F60443E14A"}
Build info: version: '4.11.0', revision: '040bc5406b'
System info: os.name: 'Windows 10', os.arch: 'amd64', os.version: '10.0', java.version: '11.0.18'
Driver info: driver.version: unknown
	at org.openqa.selenium.devtools.Connection.sendAndWait(Connection.java:181)
	at org.openqa.selenium.devtools.DevTools.send(DevTools.java:81)
	at org.openqa.selenium.devtools.idealized.Network.lambda$prepareToInterceptTraffic$3(Network.java:211)
	at org.openqa.selenium.remote.http.Filter.lambda$andFinally$1(Filter.java:55)
	at org.openqa.selenium.devtools.idealized.Network.lambda$prepareToInterceptTraffic$4(Network.java:226)
	at org.openqa.selenium.devtools.Connection.lambda$handle$4(Connection.java:321)
	at java.base/java.util.stream.ForEachOps$ForEachOp$OfRef.accept(ForEachOps.java:183)
	at java.base/java.util.stream.ReferencePipeline$2$1.accept(ReferencePipeline.java:177)
	at java.base/java.util.stream.ReferencePipeline$11$1.accept(ReferencePipeline.java:442)
	at java.base/java.util.HashMap$KeySpliterator.forEachRemaining(HashMap.java:1621)
	at java.base/java.util.stream.AbstractPipeline.copyInto(AbstractPipeline.java:484)
	at java.base/java.util.stream.AbstractPipeline.wrapAndCopyInto(AbstractPipeline.java:474)
	at java.base/java.util.stream.ForEachOps$ForEachOp.evaluateSequential(ForEachOps.java:150)
	at java.base/java.util.stream.ForEachOps$ForEachOp$OfRef.evaluateSequential(ForEachOps.java:173)
	at java.base/java.util.stream.AbstractPipeline.evaluate(AbstractPipeline.java:234)
	at java.base/java.util.stream.ReferencePipeline.forEach(ReferencePipeline.java:497)
	at org.openqa.selenium.devtools.Connection.handle(Connection.java:287)
	at org.openqa.selenium.devtools.Connection.access$200(Connection.java:57)
	at org.openqa.selenium.devtools.Connection$Listener.lambda$onText$0(Connection.java:224)
	at java.base/java.util.concurrent.ThreadPoolExecutor.runWorker(ThreadPoolExecutor.java:1128)
	at java.base/java.util.concurrent.ThreadPoolExecutor$Worker.run(ThreadPoolExecutor.java:628)
	at java.base/java.lang.Thread.run(Thread.java:829)
Caused by: org.openqa.selenium.WebDriverException: {"id":1530,"error":{"code":-32602,"message":"Invalid InterceptionId."},"sessionId":"69DE6D1A85B5D627489871F60443E14A"}
Build info: version: '4.11.0', revision: '040bc5406b'
System info: os.name: 'Windows 10', os.arch: 'amd64', os.version: '10.0', java.version: '11.0.18'
Driver info: driver.version: unknown
	at org.openqa.selenium.devtools.Connection.handle(Connection.java:260)
	... 5 more

Exception in thread "CDP Connection" org.openqa.selenium.devtools.DevToolsException: {"id":1530,"error":{"code":-32602,"message":"Invalid InterceptionId."},"sessionId":"69DE6D1A85B5D627489871F60443E14A"}
Build info: version: '4.11.0', revision: '040bc5406b'
System info: os.name: 'Windows 10', os.arch: 'amd64', os.version: '10.0', java.version: '11.0.18'
Driver info: driver.version: unknown
	at org.openqa.selenium.devtools.Connection$Listener.lambda$onText$0(Connection.java:227)
	at java.base/java.util.concurrent.ThreadPoolExecutor.runWorker(ThreadPoolExecutor.java:1128)
	at java.base/java.util.concurrent.ThreadPoolExecutor$Worker.run(ThreadPoolExecutor.java:628)
	at java.base/java.lang.Thread.run(Thread.java:829)
Caused by: org.openqa.selenium.devtools.DevToolsException: {"id":1530,"error":{"code":-32602,"message":"Invalid InterceptionId."},"sessionId":"69DE6D1A85B5D627489871F60443E14A"}
Build info: version: '4.11.0', revision: '040bc5406b'
System info: os.name: 'Windows 10', os.arch: 'amd64', os.version: '10.0', java.version: '11.0.18'
Driver info: driver.version: unknown
	at org.openqa.selenium.devtools.Connection.sendAndWait(Connection.java:181)
	at org.openqa.selenium.devtools.DevTools.send(DevTools.java:81)
	at org.openqa.selenium.devtools.idealized.Network.lambda$prepareToInterceptTraffic$3(Network.java:211)
	at org.openqa.selenium.remote.http.Filter.lambda$andFinally$1(Filter.java:55)
	at org.openqa.selenium.devtools.idealized.Network.lambda$prepareToInterceptTraffic$4(Network.java:226)
	at org.openqa.selenium.devtools.Connection.lambda$handle$4(Connection.java:321)
	at java.base/java.util.stream.ForEachOps$ForEachOp$OfRef.accept(ForEachOps.java:183)
	at java.base/java.util.stream.ReferencePipeline$2$1.accept(ReferencePipeline.java:177)
	at java.base/java.util.stream.ReferencePipeline$11$1.accept(ReferencePipeline.java:442)
	at java.base/java.util.HashMap$KeySpliterator.forEachRemaining(HashMap.java:1621)
	at java.base/java.util.stream.AbstractPipeline.copyInto(AbstractPipeline.java:484)
	at java.base/java.util.stream.AbstractPipeline.wrapAndCopyInto(AbstractPipeline.java:474)
	at java.base/java.util.stream.ForEachOps$ForEachOp.evaluateSequential(ForEachOps.java:150)
	at java.base/java.util.stream.ForEachOps$ForEachOp$OfRef.evaluateSequential(ForEachOps.java:173)
	at java.base/java.util.stream.AbstractPipeline.evaluate(AbstractPipeline.java:234)
	at java.base/java.util.stream.ReferencePipeline.forEach(ReferencePipeline.java:497)
	at org.openqa.selenium.devtools.Connection.handle(Connection.java:287)
	at org.openqa.selenium.devtools.Connection.access$200(Connection.java:57)
	at org.openqa.selenium.devtools.Connection$Listener.lambda$onText$0(Connection.java:224)
	... 3 more
Caused by: org.openqa.selenium.WebDriverException: {"id":1530,"error":{"code":-32602,"message":"Invalid InterceptionId."},"sessionId":"69DE6D1A85B5D627489871F60443E14A"}
Build info: version: '4.11.0', revision: '040bc5406b'
System info: os.name: 'Windows 10', os.arch: 'amd64', os.version: '10.0', java.version: '11.0.18'
Driver info: driver.version: unknown
	at org.openqa.selenium.devtools.Connection.handle(Connection.java:260)
	... 5 more
авг. 16, 2023 4:22:01 PM org.openqa.selenium.devtools.Connection$Listener lambda$onText$0
WARNING: Unable to process: {"method":"Fetch.requestPaused","params":{"requestId":"interception-job-251.0","request":{"url":"http://localhost:8080/manifest.json","method":"GET","headers":{"Accept":"*/*","Referer":"http://localhost:8080/","User-Agent":"Mozilla/5.0 (Windows NT 10.0; Win64; x64) AppleWebKit/537.36 (KHTML, like Gecko) Chrome/116.0.0.0 Safari/537.36","sec-ch-ua":"\"Chromium\";v=\"116\", \"Not)A;Brand\";v=\"24\", \"Google Chrome\";v=\"116\"","sec-ch-ua-mobile":"?0","sec-ch-ua-platform":"\"Windows\""},"initialPriority":"Medium","referrerPolicy":"strict-origin-when-cross-origin"},"frameId":"D165F02B89151667DFD1BF49856829E7","resourceType":"Other"},"sessionId":"69DE6D1A85B5D627489871F60443E14A"}
org.openqa.selenium.devtools.DevToolsException: {"id":1535,"error":{"code":-32602,"message":"Invalid InterceptionId."},"sessionId":"69DE6D1A85B5D627489871F60443E14A"}
Build info: version: '4.11.0', revision: '040bc5406b'
System info: os.name: 'Windows 10', os.arch: 'amd64', os.version: '10.0', java.version: '11.0.18'
Driver info: driver.version: unknown
	at org.openqa.selenium.devtools.Connection.sendAndWait(Connection.java:181)
	at org.openqa.selenium.devtools.DevTools.send(DevTools.java:81)
	at org.openqa.selenium.devtools.idealized.Network.lambda$prepareToInterceptTraffic$4(Network.java:233)
	at org.openqa.selenium.devtools.Connection.lambda$handle$4(Connection.java:321)
	at java.base/java.util.stream.ForEachOps$ForEachOp$OfRef.accept(ForEachOps.java:183)
	at java.base/java.util.stream.ReferencePipeline$2$1.accept(ReferencePipeline.java:177)
	at java.base/java.util.stream.ReferencePipeline$11$1.accept(ReferencePipeline.java:442)
	at java.base/java.util.HashMap$KeySpliterator.forEachRemaining(HashMap.java:1621)
	at java.base/java.util.stream.AbstractPipeline.copyInto(AbstractPipeline.java:484)
	at java.base/java.util.stream.AbstractPipeline.wrapAndCopyInto(AbstractPipeline.java:474)
	at java.base/java.util.stream.ForEachOps$ForEachOp.evaluateSequential(ForEachOps.java:150)
	at java.base/java.util.stream.ForEachOps$ForEachOp$OfRef.evaluateSequential(ForEachOps.java:173)
	at java.base/java.util.stream.AbstractPipeline.evaluate(AbstractPipeline.java:234)
	at java.base/java.util.stream.ReferencePipeline.forEach(ReferencePipeline.java:497)
	at org.openqa.selenium.devtools.Connection.handle(Connection.java:287)
	at org.openqa.selenium.devtools.Connection.access$200(Connection.java:57)
	at org.openqa.selenium.devtools.Connection$Listener.lambda$onText$0(Connection.java:224)
	at java.base/java.util.concurrent.ThreadPoolExecutor.runWorker(ThreadPoolExecutor.java:1128)
	at java.base/java.util.concurrent.ThreadPoolExecutor$Worker.run(ThreadPoolExecutor.java:628)
	at java.base/java.lang.Thread.run(Thread.java:829)
Caused by: org.openqa.selenium.WebDriverException: {"id":1535,"error":{"code":-32602,"message":"Invalid InterceptionId."},"sessionId":"69DE6D1A85B5D627489871F60443E14A"}
Build info: version: '4.11.0', revision: '040bc5406b'
System info: os.name: 'Windows 10', os.arch: 'amd64', os.version: '10.0', java.version: '11.0.18'
Driver info: driver.version: unknown
	at org.openqa.selenium.devtools.Connection.handle(Connection.java:260)
	... 5 more

Exception in thread "CDP Connection" org.openqa.selenium.devtools.DevToolsException: {"id":1535,"error":{"code":-32602,"message":"Invalid InterceptionId."},"sessionId":"69DE6D1A85B5D627489871F60443E14A"}
Build info: version: '4.11.0', revision: '040bc5406b'
System info: os.name: 'Windows 10', os.arch: 'amd64', os.version: '10.0', java.version: '11.0.18'
Driver info: driver.version: unknown
	at org.openqa.selenium.devtools.Connection$Listener.lambda$onText$0(Connection.java:227)
	at java.base/java.util.concurrent.ThreadPoolExecutor.runWorker(ThreadPoolExecutor.java:1128)
	at java.base/java.util.concurrent.ThreadPoolExecutor$Worker.run(ThreadPoolExecutor.java:628)
	at java.base/java.lang.Thread.run(Thread.java:829)
Caused by: org.openqa.selenium.devtools.DevToolsException: {"id":1535,"error":{"code":-32602,"message":"Invalid InterceptionId."},"sessionId":"69DE6D1A85B5D627489871F60443E14A"}
Build info: version: '4.11.0', revision: '040bc5406b'
System info: os.name: 'Windows 10', os.arch: 'amd64', os.version: '10.0', java.version: '11.0.18'
Driver info: driver.version: unknown
	at org.openqa.selenium.devtools.Connection.sendAndWait(Connection.java:181)
	at org.openqa.selenium.devtools.DevTools.send(DevTools.java:81)
	at org.openqa.selenium.devtools.idealized.Network.lambda$prepareToInterceptTraffic$4(Network.java:233)
	at org.openqa.selenium.devtools.Connection.lambda$handle$4(Connection.java:321)
	at java.base/java.util.stream.ForEachOps$ForEachOp$OfRef.accept(ForEachOps.java:183)
	at java.base/java.util.stream.ReferencePipeline$2$1.accept(ReferencePipeline.java:177)
	at java.base/java.util.stream.ReferencePipeline$11$1.accept(ReferencePipeline.java:442)
	at java.base/java.util.HashMap$KeySpliterator.forEachRemaining(HashMap.java:1621)
	at java.base/java.util.stream.AbstractPipeline.copyInto(AbstractPipeline.java:484)
	at java.base/java.util.stream.AbstractPipeline.wrapAndCopyInto(AbstractPipeline.java:474)
	at java.base/java.util.stream.ForEachOps$ForEachOp.evaluateSequential(ForEachOps.java:150)
	at java.base/java.util.stream.ForEachOps$ForEachOp$OfRef.evaluateSequential(ForEachOps.java:173)
	at java.base/java.util.stream.AbstractPipeline.evaluate(AbstractPipeline.java:234)
	at java.base/java.util.stream.ReferencePipeline.forEach(ReferencePipeline.java:497)
	at org.openqa.selenium.devtools.Connection.handle(Connection.java:287)
	at org.openqa.selenium.devtools.Connection.access$200(Connection.java:57)
	at org.openqa.selenium.devtools.Connection$Listener.lambda$onText$0(Connection.java:224)
	... 3 more
Caused by: org.openqa.selenium.WebDriverException: {"id":1535,"error":{"code":-32602,"message":"Invalid InterceptionId."},"sessionId":"69DE6D1A85B5D627489871F60443E14A"}
Build info: version: '4.11.0', revision: '040bc5406b'
System info: os.name: 'Windows 10', os.arch: 'amd64', os.version: '10.0', java.version: '11.0.18'
Driver info: driver.version: unknown
	at org.openqa.selenium.devtools.Connection.handle(Connection.java:260)
	... 5 more
авг. 16, 2023 4:22:01 PM org.openqa.selenium.devtools.Connection$Listener lambda$onText$0
WARNING: Unable to process: {"method":"Fetch.requestPaused","params":{"requestId":"interception-job-251.0","request":{"url":"http://localhost:8080/manifest.json","method":"GET","headers":{"Accept":"*/*","Referer":"http://localhost:8080/","User-Agent":"Mozilla/5.0 (Windows NT 10.0; Win64; x64) AppleWebKit/537.36 (KHTML, like Gecko) Chrome/116.0.0.0 Safari/537.36","sec-ch-ua":"\"Chromium\";v=\"116\", \"Not)A;Brand\";v=\"24\", \"Google Chrome\";v=\"116\"","sec-ch-ua-mobile":"?0","sec-ch-ua-platform":"\"Windows\""},"initialPriority":"Medium","referrerPolicy":"unsafe-url"},"frameId":"D165F02B89151667DFD1BF49856829E7","resourceType":"Other","responseStatusCode":200,"responseStatusText":"","responseHeaders":[{"name":"Vary","value":"Origin"},{"name":"Vary","value":"Access-Control-Request-Method"},{"name":"Vary","value":"Access-Control-Request-Headers"},{"name":"Last-Modified","value":"Thu, 03 Aug 2023 10:18:16 GMT"},{"name":"Accept-Ranges","value":"bytes"},{"name":"Content-Type","value":"application/json"},{"name":"Content-Length","value":"492"},{"name":"Date","value":"Wed, 16 Aug 2023 13:20:22 GMT"}]},"sessionId":"69DE6D1A85B5D627489871F60443E14A"}
org.openqa.selenium.devtools.DevToolsException: {"id":1539,"error":{"code":-32602,"message":"Invalid InterceptionId."},"sessionId":"69DE6D1A85B5D627489871F60443E14A"}
Build info: version: '4.11.0', revision: '040bc5406b'
System info: os.name: 'Windows 10', os.arch: 'amd64', os.version: '10.0', java.version: '11.0.18'
Driver info: driver.version: unknown
	at org.openqa.selenium.devtools.Connection.sendAndWait(Connection.java:181)
	at org.openqa.selenium.devtools.DevTools.send(DevTools.java:81)
	at org.openqa.selenium.devtools.idealized.Network.lambda$prepareToInterceptTraffic$4(Network.java:194)
	at org.openqa.selenium.devtools.Connection.lambda$handle$4(Connection.java:321)
	at java.base/java.util.stream.ForEachOps$ForEachOp$OfRef.accept(ForEachOps.java:183)
	at java.base/java.util.stream.ReferencePipeline$2$1.accept(ReferencePipeline.java:177)
	at java.base/java.util.stream.ReferencePipeline$11$1.accept(ReferencePipeline.java:442)
	at java.base/java.util.HashMap$KeySpliterator.forEachRemaining(HashMap.java:1621)
	at java.base/java.util.stream.AbstractPipeline.copyInto(AbstractPipeline.java:484)
	at java.base/java.util.stream.AbstractPipeline.wrapAndCopyInto(AbstractPipeline.java:474)
	at java.base/java.util.stream.ForEachOps$ForEachOp.evaluateSequential(ForEachOps.java:150)
	at java.base/java.util.stream.ForEachOps$ForEachOp$OfRef.evaluateSequential(ForEachOps.java:173)
	at java.base/java.util.stream.AbstractPipeline.evaluate(AbstractPipeline.java:234)
	at java.base/java.util.stream.ReferencePipeline.forEach(ReferencePipeline.java:497)
	at org.openqa.selenium.devtools.Connection.handle(Connection.java:287)
	at org.openqa.selenium.devtools.Connection.access$200(Connection.java:57)
	at org.openqa.selenium.devtools.Connection$Listener.lambda$onText$0(Connection.java:224)
	at java.base/java.util.concurrent.ThreadPoolExecutor.runWorker(ThreadPoolExecutor.java:1128)
	at java.base/java.util.concurrent.ThreadPoolExecutor$Worker.run(ThreadPoolExecutor.java:628)
	at java.base/java.lang.Thread.run(Thread.java:829)
Caused by: org.openqa.selenium.WebDriverException: {"id":1539,"error":{"code":-32602,"message":"Invalid InterceptionId."},"sessionId":"69DE6D1A85B5D627489871F60443E14A"}
Build info: version: '4.11.0', revision: '040bc5406b'
System info: os.name: 'Windows 10', os.arch: 'amd64', os.version: '10.0', java.version: '11.0.18'
Driver info: driver.version: unknown
	at org.openqa.selenium.devtools.Connection.handle(Connection.java:260)
	... 5 more

Exception in thread "CDP Connection" org.openqa.selenium.devtools.DevToolsException: {"id":1539,"error":{"code":-32602,"message":"Invalid InterceptionId."},"sessionId":"69DE6D1A85B5D627489871F60443E14A"}
Build info: version: '4.11.0', revision: '040bc5406b'
System info: os.name: 'Windows 10', os.arch: 'amd64', os.version: '10.0', java.version: '11.0.18'
Driver info: driver.version: unknown
	at org.openqa.selenium.devtools.Connection$Listener.lambda$onText$0(Connection.java:227)
	at java.base/java.util.concurrent.ThreadPoolExecutor.runWorker(ThreadPoolExecutor.java:1128)
	at java.base/java.util.concurrent.ThreadPoolExecutor$Worker.run(ThreadPoolExecutor.java:628)
	at java.base/java.lang.Thread.run(Thread.java:829)
Caused by: org.openqa.selenium.devtools.DevToolsException: {"id":1539,"error":{"code":-32602,"message":"Invalid InterceptionId."},"sessionId":"69DE6D1A85B5D627489871F60443E14A"}
Build info: version: '4.11.0', revision: '040bc5406b'
System info: os.name: 'Windows 10', os.arch: 'amd64', os.version: '10.0', java.version: '11.0.18'
Driver info: driver.version: unknown
	at org.openqa.selenium.devtools.Connection.sendAndWait(Connection.java:181)
	at org.openqa.selenium.devtools.DevTools.send(DevTools.java:81)
	at org.openqa.selenium.devtools.idealized.Network.lambda$prepareToInterceptTraffic$4(Network.java:194)
	at org.openqa.selenium.devtools.Connection.lambda$handle$4(Connection.java:321)
	at java.base/java.util.stream.ForEachOps$ForEachOp$OfRef.accept(ForEachOps.java:183)
	at java.base/java.util.stream.ReferencePipeline$2$1.accept(ReferencePipeline.java:177)
	at java.base/java.util.stream.ReferencePipeline$11$1.accept(ReferencePipeline.java:442)
	at java.base/java.util.HashMap$KeySpliterator.forEachRemaining(HashMap.java:1621)
	at java.base/java.util.stream.AbstractPipeline.copyInto(AbstractPipeline.java:484)
	at java.base/java.util.stream.AbstractPipeline.wrapAndCopyInto(AbstractPipeline.java:474)
	at java.base/java.util.stream.ForEachOps$ForEachOp.evaluateSequential(ForEachOps.java:150)
	at java.base/java.util.stream.ForEachOps$ForEachOp$OfRef.evaluateSequential(ForEachOps.java:173)
	at java.base/java.util.stream.AbstractPipeline.evaluate(AbstractPipeline.java:234)
	at java.base/java.util.stream.ReferencePipeline.forEach(ReferencePipeline.java:497)
	at org.openqa.selenium.devtools.Connection.handle(Connection.java:287)
	at org.openqa.selenium.devtools.Connection.access$200(Connection.java:57)
	at org.openqa.selenium.devtools.Connection$Listener.lambda$onText$0(Connection.java:224)
	... 3 more
Caused by: org.openqa.selenium.WebDriverException: {"id":1539,"error":{"code":-32602,"message":"Invalid InterceptionId."},"sessionId":"69DE6D1A85B5D627489871F60443E14A"}
Build info: version: '4.11.0', revision: '040bc5406b'
System info: os.name: 'Windows 10', os.arch: 'amd64', os.version: '10.0', java.version: '11.0.18'
Driver info: driver.version: unknown
	at org.openqa.selenium.devtools.Connection.handle(Connection.java:260)
	... 5 more
авг. 16, 2023 4:22:01 PM org.openqa.selenium.devtools.Connection$Listener lambda$onText$0
WARNING: Unable to process: {"method":"Fetch.requestPaused","params":{"requestId":"interception-job-252.0","request":{"url":"http://localhost:8080/favicon.ico","method":"GET","headers":{"Accept":"image/avif,image/webp,image/apng,image/svg+xml,image/*,*/*;q=0.8","Referer":"http://localhost:8080/","User-Agent":"Mozilla/5.0 (Windows NT 10.0; Win64; x64) AppleWebKit/537.36 (KHTML, like Gecko) Chrome/116.0.0.0 Safari/537.36","sec-ch-ua":"\"Chromium\";v=\"116\", \"Not)A;Brand\";v=\"24\", \"Google Chrome\";v=\"116\"","sec-ch-ua-mobile":"?0","sec-ch-ua-platform":"\"Windows\""},"initialPriority":"High","referrerPolicy":"unsafe-url"},"frameId":"D165F02B89151667DFD1BF49856829E7","resourceType":"Other","responseStatusCode":200,"responseStatusText":"","responseHeaders":[{"name":"Vary","value":"Origin"},{"name":"Vary","value":"Access-Control-Request-Method"},{"name":"Vary","value":"Access-Control-Request-Headers"},{"name":"Last-Modified","value":"Thu, 03 Aug 2023 10:18:16 GMT"},{"name":"Accept-Ranges","value":"bytes"},{"name":"Content-Type","value":"image/x-icon"},{"name":"Content-Length","value":"4286"},{"name":"Date","value":"Wed, 16 Aug 2023 13:20:23 GMT"}]},"sessionId":"69DE6D1A85B5D627489871F60443E14A"}
org.openqa.selenium.devtools.DevToolsException: {"id":1543,"error":{"code":-32602,"message":"Invalid InterceptionId."},"sessionId":"69DE6D1A85B5D627489871F60443E14A"}
Build info: version: '4.11.0', revision: '040bc5406b'
System info: os.name: 'Windows 10', os.arch: 'amd64', os.version: '10.0', java.version: '11.0.18'
Driver info: driver.version: unknown
	at org.openqa.selenium.devtools.Connection.sendAndWait(Connection.java:181)
	at org.openqa.selenium.devtools.DevTools.send(DevTools.java:81)
	at org.openqa.selenium.devtools.idealized.Network.lambda$prepareToInterceptTraffic$4(Network.java:194)
	at org.openqa.selenium.devtools.Connection.lambda$handle$4(Connection.java:321)
	at java.base/java.util.stream.ForEachOps$ForEachOp$OfRef.accept(ForEachOps.java:183)
	at java.base/java.util.stream.ReferencePipeline$2$1.accept(ReferencePipeline.java:177)
	at java.base/java.util.stream.ReferencePipeline$11$1.accept(ReferencePipeline.java:442)
	at java.base/java.util.HashMap$KeySpliterator.forEachRemaining(HashMap.java:1621)
	at java.base/java.util.stream.AbstractPipeline.copyInto(AbstractPipeline.java:484)
	at java.base/java.util.stream.AbstractPipeline.wrapAndCopyInto(AbstractPipeline.java:474)
	at java.base/java.util.stream.ForEachOps$ForEachOp.evaluateSequential(ForEachOps.java:150)
	at java.base/java.util.stream.ForEachOps$ForEachOp$OfRef.evaluateSequential(ForEachOps.java:173)
	at java.base/java.util.stream.AbstractPipeline.evaluate(AbstractPipeline.java:234)
	at java.base/java.util.stream.ReferencePipeline.forEach(ReferencePipeline.java:497)
	at org.openqa.selenium.devtools.Connection.handle(Connection.java:287)
	at org.openqa.selenium.devtools.Connection.access$200(Connection.java:57)
	at org.openqa.selenium.devtools.Connection$Listener.lambda$onText$0(Connection.java:224)
	at java.base/java.util.concurrent.ThreadPoolExecutor.runWorker(ThreadPoolExecutor.java:1128)
	at java.base/java.util.concurrent.ThreadPoolExecutor$Worker.run(ThreadPoolExecutor.java:628)
	at java.base/java.lang.Thread.run(Thread.java:829)
Caused by: org.openqa.selenium.WebDriverException: {"id":1543,"error":{"code":-32602,"message":"Invalid InterceptionId."},"sessionId":"69DE6D1A85B5D627489871F60443E14A"}
Build info: version: '4.11.0', revision: '040bc5406b'
System info: os.name: 'Windows 10', os.arch: 'amd64', os.version: '10.0', java.version: '11.0.18'
Driver info: driver.version: unknown
	at org.openqa.selenium.devtools.Connection.handle(Connection.java:260)
	... 5 more

Exception in thread "CDP Connection" org.openqa.selenium.devtools.DevToolsException: {"id":1543,"error":{"code":-32602,"message":"Invalid InterceptionId."},"sessionId":"69DE6D1A85B5D627489871F60443E14A"}
Build info: version: '4.11.0', revision: '040bc5406b'
System info: os.name: 'Windows 10', os.arch: 'amd64', os.version: '10.0', java.version: '11.0.18'
Driver info: driver.version: unknown
	at org.openqa.selenium.devtools.Connection$Listener.lambda$onText$0(Connection.java:227)
	at java.base/java.util.concurrent.ThreadPoolExecutor.runWorker(ThreadPoolExecutor.java:1128)
	at java.base/java.util.concurrent.ThreadPoolExecutor$Worker.run(ThreadPoolExecutor.java:628)
	at java.base/java.lang.Thread.run(Thread.java:829)
Caused by: org.openqa.selenium.devtools.DevToolsException: {"id":1543,"error":{"code":-32602,"message":"Invalid InterceptionId."},"sessionId":"69DE6D1A85B5D627489871F60443E14A"}
Build info: version: '4.11.0', revision: '040bc5406b'
System info: os.name: 'Windows 10', os.arch: 'amd64', os.version: '10.0', java.version: '11.0.18'
Driver info: driver.version: unknown
	at org.openqa.selenium.devtools.Connection.sendAndWait(Connection.java:181)
	at org.openqa.selenium.devtools.DevTools.send(DevTools.java:81)
	at org.openqa.selenium.devtools.idealized.Network.lambda$prepareToInterceptTraffic$4(Network.java:194)
	at org.openqa.selenium.devtools.Connection.lambda$handle$4(Connection.java:321)
	at java.base/java.util.stream.ForEachOps$ForEachOp$OfRef.accept(ForEachOps.java:183)
	at java.base/java.util.stream.ReferencePipeline$2$1.accept(ReferencePipeline.java:177)
	at java.base/java.util.stream.ReferencePipeline$11$1.accept(ReferencePipeline.java:442)
	at java.base/java.util.HashMap$KeySpliterator.forEachRemaining(HashMap.java:1621)
	at java.base/java.util.stream.AbstractPipeline.copyInto(AbstractPipeline.java:484)
	at java.base/java.util.stream.AbstractPipeline.wrapAndCopyInto(AbstractPipeline.java:474)
	at java.base/java.util.stream.ForEachOps$ForEachOp.evaluateSequential(ForEachOps.java:150)
	at java.base/java.util.stream.ForEachOps$ForEachOp$OfRef.evaluateSequential(ForEachOps.java:173)
	at java.base/java.util.stream.AbstractPipeline.evaluate(AbstractPipeline.java:234)
	at java.base/java.util.stream.ReferencePipeline.forEach(ReferencePipeline.java:497)
	at org.openqa.selenium.devtools.Connection.handle(Connection.java:287)
	at org.openqa.selenium.devtools.Connection.access$200(Connection.java:57)
	at org.openqa.selenium.devtools.Connection$Listener.lambda$onText$0(Connection.java:224)
	... 3 more
Caused by: org.openqa.selenium.WebDriverException: {"id":1543,"error":{"code":-32602,"message":"Invalid InterceptionId."},"sessionId":"69DE6D1A85B5D627489871F60443E14A"}
Build info: version: '4.11.0', revision: '040bc5406b'
System info: os.name: 'Windows 10', os.arch: 'amd64', os.version: '10.0', java.version: '11.0.18'
Driver info: driver.version: unknown
	at org.openqa.selenium.devtools.Connection.handle(Connection.java:260)
	... 5 more
авг. 16, 2023 4:22:01 PM org.openqa.selenium.devtools.Connection$Listener lambda$onText$0
WARNING: Unable to process: {"method":"Fetch.requestPaused","params":{"requestId":"interception-job-252.0","request":{"url":"http://localhost:8080/favicon.ico","method":"GET","headers":{"Accept":"image/avif,image/webp,image/apng,image/svg+xml,image/*,*/*;q=0.8","Referer":"http://localhost:8080/","User-Agent":"Mozilla/5.0 (Windows NT 10.0; Win64; x64) AppleWebKit/537.36 (KHTML, like Gecko) Chrome/116.0.0.0 Safari/537.36","sec-ch-ua":"\"Chromium\";v=\"116\", \"Not)A;Brand\";v=\"24\", \"Google Chrome\";v=\"116\"","sec-ch-ua-mobile":"?0","sec-ch-ua-platform":"\"Windows\""},"initialPriority":"High","referrerPolicy":"strict-origin-when-cross-origin"},"frameId":"D165F02B89151667DFD1BF49856829E7","resourceType":"Other"},"sessionId":"69DE6D1A85B5D627489871F60443E14A"}
org.openqa.selenium.devtools.DevToolsException: {"id":1544,"error":{"code":-32602,"message":"Invalid InterceptionId."},"sessionId":"69DE6D1A85B5D627489871F60443E14A"}
Build info: version: '4.11.0', revision: '040bc5406b'
System info: os.name: 'Windows 10', os.arch: 'amd64', os.version: '10.0', java.version: '11.0.18'
Driver info: driver.version: unknown
	at org.openqa.selenium.devtools.Connection.sendAndWait(Connection.java:181)
	at org.openqa.selenium.devtools.DevTools.send(DevTools.java:81)
	at org.openqa.selenium.devtools.idealized.Network.lambda$prepareToInterceptTraffic$3(Network.java:211)
	at org.openqa.selenium.remote.http.Filter.lambda$andFinally$1(Filter.java:55)
	at org.openqa.selenium.devtools.idealized.Network.lambda$prepareToInterceptTraffic$4(Network.java:226)
	at org.openqa.selenium.devtools.Connection.lambda$handle$4(Connection.java:321)
	at java.base/java.util.stream.ForEachOps$ForEachOp$OfRef.accept(ForEachOps.java:183)
	at java.base/java.util.stream.ReferencePipeline$2$1.accept(ReferencePipeline.java:177)
	at java.base/java.util.stream.ReferencePipeline$11$1.accept(ReferencePipeline.java:442)
	at java.base/java.util.HashMap$KeySpliterator.forEachRemaining(HashMap.java:1621)
	at java.base/java.util.stream.AbstractPipeline.copyInto(AbstractPipeline.java:484)
	at java.base/java.util.stream.AbstractPipeline.wrapAndCopyInto(AbstractPipeline.java:474)
	at java.base/java.util.stream.ForEachOps$ForEachOp.evaluateSequential(ForEachOps.java:150)
	at java.base/java.util.stream.ForEachOps$ForEachOp$OfRef.evaluateSequential(ForEachOps.java:173)
	at java.base/java.util.stream.AbstractPipeline.evaluate(AbstractPipeline.java:234)
	at java.base/java.util.stream.ReferencePipeline.forEach(ReferencePipeline.java:497)
	at org.openqa.selenium.devtools.Connection.handle(Connection.java:287)
	at org.openqa.selenium.devtools.Connection.access$200(Connection.java:57)
	at org.openqa.selenium.devtools.Connection$Listener.lambda$onText$0(Connection.java:224)
	at java.base/java.util.concurrent.ThreadPoolExecutor.runWorker(ThreadPoolExecutor.java:1128)
	at java.base/java.util.concurrent.ThreadPoolExecutor$Worker.run(ThreadPoolExecutor.java:628)
	at java.base/java.lang.Thread.run(Thread.java:829)
Caused by: org.openqa.selenium.WebDriverException: {"id":1544,"error":{"code":-32602,"message":"Invalid InterceptionId."},"sessionId":"69DE6D1A85B5D627489871F60443E14A"}
Build info: version: '4.11.0', revision: '040bc5406b'
System info: os.name: 'Windows 10', os.arch: 'amd64', os.version: '10.0', java.version: '11.0.18'
Driver info: driver.version: unknown
	at org.openqa.selenium.devtools.Connection.handle(Connection.java:260)
	... 5 more

Exception in thread "CDP Connection" org.openqa.selenium.devtools.DevToolsException: {"id":1544,"error":{"code":-32602,"message":"Invalid InterceptionId."},"sessionId":"69DE6D1A85B5D627489871F60443E14A"}
Build info: version: '4.11.0', revision: '040bc5406b'
System info: os.name: 'Windows 10', os.arch: 'amd64', os.version: '10.0', java.version: '11.0.18'
Driver info: driver.version: unknown
	at org.openqa.selenium.devtools.Connection$Listener.lambda$onText$0(Connection.java:227)
	at java.base/java.util.concurrent.ThreadPoolExecutor.runWorker(ThreadPoolExecutor.java:1128)
	at java.base/java.util.concurrent.ThreadPoolExecutor$Worker.run(ThreadPoolExecutor.java:628)
	at java.base/java.lang.Thread.run(Thread.java:829)
Caused by: org.openqa.selenium.devtools.DevToolsException: {"id":1544,"error":{"code":-32602,"message":"Invalid InterceptionId."},"sessionId":"69DE6D1A85B5D627489871F60443E14A"}
Build info: version: '4.11.0', revision: '040bc5406b'
System info: os.name: 'Windows 10', os.arch: 'amd64', os.version: '10.0', java.version: '11.0.18'
Driver info: driver.version: unknown
	at org.openqa.selenium.devtools.Connection.sendAndWait(Connection.java:181)
	at org.openqa.selenium.devtools.DevTools.send(DevTools.java:81)
	at org.openqa.selenium.devtools.idealized.Network.lambda$prepareToInterceptTraffic$3(Network.java:211)
	at org.openqa.selenium.remote.http.Filter.lambda$andFinally$1(Filter.java:55)
	at org.openqa.selenium.devtools.idealized.Network.lambda$prepareToInterceptTraffic$4(Network.java:226)
	at org.openqa.selenium.devtools.Connection.lambda$handle$4(Connection.java:321)
	at java.base/java.util.stream.ForEachOps$ForEachOp$OfRef.accept(ForEachOps.java:183)
	at java.base/java.util.stream.ReferencePipeline$2$1.accept(ReferencePipeline.java:177)
	at java.base/java.util.stream.ReferencePipeline$11$1.accept(ReferencePipeline.java:442)
	at java.base/java.util.HashMap$KeySpliterator.forEachRemaining(HashMap.java:1621)
	at java.base/java.util.stream.AbstractPipeline.copyInto(AbstractPipeline.java:484)
	at java.base/java.util.stream.AbstractPipeline.wrapAndCopyInto(AbstractPipeline.java:474)
	at java.base/java.util.stream.ForEachOps$ForEachOp.evaluateSequential(ForEachOps.java:150)
	at java.base/java.util.stream.ForEachOps$ForEachOp$OfRef.evaluateSequential(ForEachOps.java:173)
	at java.base/java.util.stream.AbstractPipeline.evaluate(AbstractPipeline.java:234)
	at java.base/java.util.stream.ReferencePipeline.forEach(ReferencePipeline.java:497)
	at org.openqa.selenium.devtools.Connection.handle(Connection.java:287)
	at org.openqa.selenium.devtools.Connection.access$200(Connection.java:57)
	at org.openqa.selenium.devtools.Connection$Listener.lambda$onText$0(Connection.java:224)
	... 3 more
Caused by: org.openqa.selenium.WebDriverException: {"id":1544,"error":{"code":-32602,"message":"Invalid InterceptionId."},"sessionId":"69DE6D1A85B5D627489871F60443E14A"}
Build info: version: '4.11.0', revision: '040bc5406b'
System info: os.name: 'Windows 10', os.arch: 'amd64', os.version: '10.0', java.version: '11.0.18'
Driver info: driver.version: unknown
	at org.openqa.selenium.devtools.Connection.handle(Connection.java:260)
	... 5 more
авг. 16, 2023 4:22:01 PM org.openqa.selenium.devtools.Connection$Listener lambda$onText$0
WARNING: Unable to process: {"method":"Fetch.requestPaused","params":{"requestId":"interception-job-253.0","request":{"url":"http://localhost:8080/logo192.png","method":"GET","headers":{"Accept":"image/avif,image/webp,image/apng,image/svg+xml,image/*,*/*;q=0.8","Referer":"http://localhost:8080/","User-Agent":"Mozilla/5.0 (Windows NT 10.0; Win64; x64) AppleWebKit/537.36 (KHTML, like Gecko) Chrome/116.0.0.0 Safari/537.36","sec-ch-ua":"\"Chromium\";v=\"116\", \"Not)A;Brand\";v=\"24\", \"Google Chrome\";v=\"116\"","sec-ch-ua-mobile":"?0","sec-ch-ua-platform":"\"Windows\""},"initialPriority":"High","referrerPolicy":"unsafe-url"},"frameId":"D165F02B89151667DFD1BF49856829E7","resourceType":"Image","responseStatusCode":200,"responseStatusText":"","responseHeaders":[{"name":"Vary","value":"Origin"},{"name":"Vary","value":"Access-Control-Request-Method"},{"name":"Vary","value":"Access-Control-Request-Headers"},{"name":"Last-Modified","value":"Thu, 03 Aug 2023 10:18:16 GMT"},{"name":"Accept-Ranges","value":"bytes"},{"name":"Content-Type","value":"image/png"},{"name":"Content-Length","value":"8581"},{"name":"Date","value":"Wed, 16 Aug 2023 13:20:23 GMT"}]},"sessionId":"69DE6D1A85B5D627489871F60443E14A"}
org.openqa.selenium.devtools.DevToolsException: {"id":1548,"error":{"code":-32602,"message":"Invalid InterceptionId."},"sessionId":"69DE6D1A85B5D627489871F60443E14A"}
Build info: version: '4.11.0', revision: '040bc5406b'
System info: os.name: 'Windows 10', os.arch: 'amd64', os.version: '10.0', java.version: '11.0.18'
Driver info: driver.version: unknown
	at org.openqa.selenium.devtools.Connection.sendAndWait(Connection.java:181)
	at org.openqa.selenium.devtools.DevTools.send(DevTools.java:81)
	at org.openqa.selenium.devtools.idealized.Network.lambda$prepareToInterceptTraffic$4(Network.java:194)
	at org.openqa.selenium.devtools.Connection.lambda$handle$4(Connection.java:321)
	at java.base/java.util.stream.ForEachOps$ForEachOp$OfRef.accept(ForEachOps.java:183)
	at java.base/java.util.stream.ReferencePipeline$2$1.accept(ReferencePipeline.java:177)
	at java.base/java.util.stream.ReferencePipeline$11$1.accept(ReferencePipeline.java:442)
	at java.base/java.util.HashMap$KeySpliterator.forEachRemaining(HashMap.java:1621)
	at java.base/java.util.stream.AbstractPipeline.copyInto(AbstractPipeline.java:484)
	at java.base/java.util.stream.AbstractPipeline.wrapAndCopyInto(AbstractPipeline.java:474)
	at java.base/java.util.stream.ForEachOps$ForEachOp.evaluateSequential(ForEachOps.java:150)
	at java.base/java.util.stream.ForEachOps$ForEachOp$OfRef.evaluateSequential(ForEachOps.java:173)
	at java.base/java.util.stream.AbstractPipeline.evaluate(AbstractPipeline.java:234)
	at java.base/java.util.stream.ReferencePipeline.forEach(ReferencePipeline.java:497)
	at org.openqa.selenium.devtools.Connection.handle(Connection.java:287)
	at org.openqa.selenium.devtools.Connection.access$200(Connection.java:57)
	at org.openqa.selenium.devtools.Connection$Listener.lambda$onText$0(Connection.java:224)
	at java.base/java.util.concurrent.ThreadPoolExecutor.runWorker(ThreadPoolExecutor.java:1128)
	at java.base/java.util.concurrent.ThreadPoolExecutor$Worker.run(ThreadPoolExecutor.java:628)
	at java.base/java.lang.Thread.run(Thread.java:829)
Caused by: org.openqa.selenium.WebDriverException: {"id":1548,"error":{"code":-32602,"message":"Invalid InterceptionId."},"sessionId":"69DE6D1A85B5D627489871F60443E14A"}
Build info: version: '4.11.0', revision: '040bc5406b'
System info: os.name: 'Windows 10', os.arch: 'amd64', os.version: '10.0', java.version: '11.0.18'
Driver info: driver.version: unknown
	at org.openqa.selenium.devtools.Connection.handle(Connection.java:260)
	... 5 more

Exception in thread "CDP Connection" org.openqa.selenium.devtools.DevToolsException: {"id":1548,"error":{"code":-32602,"message":"Invalid InterceptionId."},"sessionId":"69DE6D1A85B5D627489871F60443E14A"}
Build info: version: '4.11.0', revision: '040bc5406b'
System info: os.name: 'Windows 10', os.arch: 'amd64', os.version: '10.0', java.version: '11.0.18'
Driver info: driver.version: unknown
	at org.openqa.selenium.devtools.Connection$Listener.lambda$onText$0(Connection.java:227)
	at java.base/java.util.concurrent.ThreadPoolExecutor.runWorker(ThreadPoolExecutor.java:1128)
	at java.base/java.util.concurrent.ThreadPoolExecutor$Worker.run(ThreadPoolExecutor.java:628)
	at java.base/java.lang.Thread.run(Thread.java:829)
Caused by: org.openqa.selenium.devtools.DevToolsException: {"id":1548,"error":{"code":-32602,"message":"Invalid InterceptionId."},"sessionId":"69DE6D1A85B5D627489871F60443E14A"}
Build info: version: '4.11.0', revision: '040bc5406b'
System info: os.name: 'Windows 10', os.arch: 'amd64', os.version: '10.0', java.version: '11.0.18'
Driver info: driver.version: unknown
	at org.openqa.selenium.devtools.Connection.sendAndWait(Connection.java:181)
	at org.openqa.selenium.devtools.DevTools.send(DevTools.java:81)
	at org.openqa.selenium.devtools.idealized.Network.lambda$prepareToInterceptTraffic$4(Network.java:194)
	at org.openqa.selenium.devtools.Connection.lambda$handle$4(Connection.java:321)
	at java.base/java.util.stream.ForEachOps$ForEachOp$OfRef.accept(ForEachOps.java:183)
	at java.base/java.util.stream.ReferencePipeline$2$1.accept(ReferencePipeline.java:177)
	at java.base/java.util.stream.ReferencePipeline$11$1.accept(ReferencePipeline.java:442)
	at java.base/java.util.HashMap$KeySpliterator.forEachRemaining(HashMap.java:1621)
	at java.base/java.util.stream.AbstractPipeline.copyInto(AbstractPipeline.java:484)
	at java.base/java.util.stream.AbstractPipeline.wrapAndCopyInto(AbstractPipeline.java:474)
	at java.base/java.util.stream.ForEachOps$ForEachOp.evaluateSequential(ForEachOps.java:150)
	at java.base/java.util.stream.ForEachOps$ForEachOp$OfRef.evaluateSequential(ForEachOps.java:173)
	at java.base/java.util.stream.AbstractPipeline.evaluate(AbstractPipeline.java:234)
	at java.base/java.util.stream.ReferencePipeline.forEach(ReferencePipeline.java:497)
	at org.openqa.selenium.devtools.Connection.handle(Connection.java:287)
	at org.openqa.selenium.devtools.Connection.access$200(Connection.java:57)
	at org.openqa.selenium.devtools.Connection$Listener.lambda$onText$0(Connection.java:224)
	... 3 more
Caused by: org.openqa.selenium.WebDriverException: {"id":1548,"error":{"code":-32602,"message":"Invalid InterceptionId."},"sessionId":"69DE6D1A85B5D627489871F60443E14A"}
Build info: version: '4.11.0', revision: '040bc5406b'
System info: os.name: 'Windows 10', os.arch: 'amd64', os.version: '10.0', java.version: '11.0.18'
Driver info: driver.version: unknown
	at org.openqa.selenium.devtools.Connection.handle(Connection.java:260)
	... 5 more
авг. 16, 2023 4:22:01 PM org.openqa.selenium.devtools.Connection$Listener lambda$onText$0
WARNING: Unable to process: {"method":"Fetch.requestPaused","params":{"requestId":"interception-job-253.0","request":{"url":"http://localhost:8080/logo192.png","method":"GET","headers":{"Accept":"image/avif,image/webp,image/apng,image/svg+xml,image/*,*/*;q=0.8","Referer":"http://localhost:8080/","User-Agent":"Mozilla/5.0 (Windows NT 10.0; Win64; x64) AppleWebKit/537.36 (KHTML, like Gecko) Chrome/116.0.0.0 Safari/537.36","sec-ch-ua":"\"Chromium\";v=\"116\", \"Not)A;Brand\";v=\"24\", \"Google Chrome\";v=\"116\"","sec-ch-ua-mobile":"?0","sec-ch-ua-platform":"\"Windows\""},"initialPriority":"High","referrerPolicy":"strict-origin-when-cross-origin"},"frameId":"D165F02B89151667DFD1BF49856829E7","resourceType":"Image"},"sessionId":"69DE6D1A85B5D627489871F60443E14A"}
org.openqa.selenium.devtools.DevToolsException: {"id":1549,"error":{"code":-32602,"message":"Invalid InterceptionId."},"sessionId":"69DE6D1A85B5D627489871F60443E14A"}
Build info: version: '4.11.0', revision: '040bc5406b'
System info: os.name: 'Windows 10', os.arch: 'amd64', os.version: '10.0', java.version: '11.0.18'
Driver info: driver.version: unknown
	at org.openqa.selenium.devtools.Connection.sendAndWait(Connection.java:181)
	at org.openqa.selenium.devtools.DevTools.send(DevTools.java:81)
	at org.openqa.selenium.devtools.idealized.Network.lambda$prepareToInterceptTraffic$3(Network.java:211)
	at org.openqa.selenium.remote.http.Filter.lambda$andFinally$1(Filter.java:55)
	at org.openqa.selenium.devtools.idealized.Network.lambda$prepareToInterceptTraffic$4(Network.java:226)
	at org.openqa.selenium.devtools.Connection.lambda$handle$4(Connection.java:321)
	at java.base/java.util.stream.ForEachOps$ForEachOp$OfRef.accept(ForEachOps.java:183)
	at java.base/java.util.stream.ReferencePipeline$2$1.accept(ReferencePipeline.java:177)
	at java.base/java.util.stream.ReferencePipeline$11$1.accept(ReferencePipeline.java:442)
	at java.base/java.util.HashMap$KeySpliterator.forEachRemaining(HashMap.java:1621)
	at java.base/java.util.stream.AbstractPipeline.copyInto(AbstractPipeline.java:484)
	at java.base/java.util.stream.AbstractPipeline.wrapAndCopyInto(AbstractPipeline.java:474)
	at java.base/java.util.stream.ForEachOps$ForEachOp.evaluateSequential(ForEachOps.java:150)
	at java.base/java.util.stream.ForEachOps$ForEachOp$OfRef.evaluateSequential(ForEachOps.java:173)
	at java.base/java.util.stream.AbstractPipeline.evaluate(AbstractPipeline.java:234)
	at java.base/java.util.stream.ReferencePipeline.forEach(ReferencePipeline.java:497)
	at org.openqa.selenium.devtools.Connection.handle(Connection.java:287)
	at org.openqa.selenium.devtools.Connection.access$200(Connection.java:57)
	at org.openqa.selenium.devtools.Connection$Listener.lambda$onText$0(Connection.java:224)
	at java.base/java.util.concurrent.ThreadPoolExecutor.runWorker(ThreadPoolExecutor.java:1128)
	at java.base/java.util.concurrent.ThreadPoolExecutor$Worker.run(ThreadPoolExecutor.java:628)
	at java.base/java.lang.Thread.run(Thread.java:829)
Caused by: org.openqa.selenium.WebDriverException: {"id":1549,"error":{"code":-32602,"message":"Invalid InterceptionId."},"sessionId":"69DE6D1A85B5D627489871F60443E14A"}
Build info: version: '4.11.0', revision: '040bc5406b'
System info: os.name: 'Windows 10', os.arch: 'amd64', os.version: '10.0', java.version: '11.0.18'
Driver info: driver.version: unknown
	at org.openqa.selenium.devtools.Connection.handle(Connection.java:260)
	... 5 more

Exception in thread "CDP Connection" org.openqa.selenium.devtools.DevToolsException: {"id":1549,"error":{"code":-32602,"message":"Invalid InterceptionId."},"sessionId":"69DE6D1A85B5D627489871F60443E14A"}
Build info: version: '4.11.0', revision: '040bc5406b'
System info: os.name: 'Windows 10', os.arch: 'amd64', os.version: '10.0', java.version: '11.0.18'
Driver info: driver.version: unknown
	at org.openqa.selenium.devtools.Connection$Listener.lambda$onText$0(Connection.java:227)
	at java.base/java.util.concurrent.ThreadPoolExecutor.runWorker(ThreadPoolExecutor.java:1128)
	at java.base/java.util.concurrent.ThreadPoolExecutor$Worker.run(ThreadPoolExecutor.java:628)
	at java.base/java.lang.Thread.run(Thread.java:829)
Caused by: org.openqa.selenium.devtools.DevToolsException: {"id":1549,"error":{"code":-32602,"message":"Invalid InterceptionId."},"sessionId":"69DE6D1A85B5D627489871F60443E14A"}
Build info: version: '4.11.0', revision: '040bc5406b'
System info: os.name: 'Windows 10', os.arch: 'amd64', os.version: '10.0', java.version: '11.0.18'
Driver info: driver.version: unknown
	at org.openqa.selenium.devtools.Connection.sendAndWait(Connection.java:181)
	at org.openqa.selenium.devtools.DevTools.send(DevTools.java:81)
	at org.openqa.selenium.devtools.idealized.Network.lambda$prepareToInterceptTraffic$3(Network.java:211)
	at org.openqa.selenium.remote.http.Filter.lambda$andFinally$1(Filter.java:55)
	at org.openqa.selenium.devtools.idealized.Network.lambda$prepareToInterceptTraffic$4(Network.java:226)
	at org.openqa.selenium.devtools.Connection.lambda$handle$4(Connection.java:321)
	at java.base/java.util.stream.ForEachOps$ForEachOp$OfRef.accept(ForEachOps.java:183)
	at java.base/java.util.stream.ReferencePipeline$2$1.accept(ReferencePipeline.java:177)
	at java.base/java.util.stream.ReferencePipeline$11$1.accept(ReferencePipeline.java:442)
	at java.base/java.util.HashMap$KeySpliterator.forEachRemaining(HashMap.java:1621)
	at java.base/java.util.stream.AbstractPipeline.copyInto(AbstractPipeline.java:484)
	at java.base/java.util.stream.AbstractPipeline.wrapAndCopyInto(AbstractPipeline.java:474)
	at java.base/java.util.stream.ForEachOps$ForEachOp.evaluateSequential(ForEachOps.java:150)
	at java.base/java.util.stream.ForEachOps$ForEachOp$OfRef.evaluateSequential(ForEachOps.java:173)
	at java.base/java.util.stream.AbstractPipeline.evaluate(AbstractPipeline.java:234)
	at java.base/java.util.stream.ReferencePipeline.forEach(ReferencePipeline.java:497)
	at org.openqa.selenium.devtools.Connection.handle(Connection.java:287)
	at org.openqa.selenium.devtools.Connection.access$200(Connection.java:57)
	at org.openqa.selenium.devtools.Connection$Listener.lambda$onText$0(Connection.java:224)
	... 3 more
Caused by: org.openqa.selenium.WebDriverException: {"id":1549,"error":{"code":-32602,"message":"Invalid InterceptionId."},"sessionId":"69DE6D1A85B5D627489871F60443E14A"}
Build info: version: '4.11.0', revision: '040bc5406b'
System info: os.name: 'Windows 10', os.arch: 'amd64', os.version: '10.0', java.version: '11.0.18'
Driver info: driver.version: unknown
	at org.openqa.selenium.devtools.Connection.handle(Connection.java:260)
	... 5 more
авг. 16, 2023 4:22:01 PM org.openqa.selenium.devtools.Connection$Listener lambda$onText$0
WARNING: Unable to process: {"method":"Fetch.requestPaused","params":{"requestId":"interception-job-254.0","request":{"url":"http://localhost:8080/static/media/icon_ok_m_white.5987da79.svg","method":"GET","headers":{"Accept":"image/avif,image/webp,image/apng,image/svg+xml,image/*,*/*;q=0.8","Referer":"http://localhost:8080/static/css/2.7d875902.chunk.css","User-Agent":"Mozilla/5.0 (Windows NT 10.0; Win64; x64) AppleWebKit/537.36 (KHTML, like Gecko) Chrome/116.0.0.0 Safari/537.36","sec-ch-ua":"\"Chromium\";v=\"116\", \"Not)A;Brand\";v=\"24\", \"Google Chrome\";v=\"116\"","sec-ch-ua-mobile":"?0","sec-ch-ua-platform":"\"Windows\""},"initialPriority":"Low","referrerPolicy":"unsafe-url"},"frameId":"D165F02B89151667DFD1BF49856829E7","resourceType":"Image","responseStatusCode":200,"responseStatusText":"","responseHeaders":[{"name":"Vary","value":"Origin"},{"name":"Vary","value":"Access-Control-Request-Method"},{"name":"Vary","value":"Access-Control-Request-Headers"},{"name":"Last-Modified","value":"Thu, 03 Aug 2023 10:18:16 GMT"},{"name":"Accept-Ranges","value":"bytes"},{"name":"Content-Type","value":"image/svg+xml"},{"name":"Content-Length","value":"687"},{"name":"Date","value":"Wed, 16 Aug 2023 13:20:24 GMT"}]},"sessionId":"69DE6D1A85B5D627489871F60443E14A"}
org.openqa.selenium.devtools.DevToolsException: {"id":1559,"error":{"code":-32602,"message":"Invalid InterceptionId."},"sessionId":"69DE6D1A85B5D627489871F60443E14A"}
Build info: version: '4.11.0', revision: '040bc5406b'
System info: os.name: 'Windows 10', os.arch: 'amd64', os.version: '10.0', java.version: '11.0.18'
Driver info: driver.version: unknown
	at org.openqa.selenium.devtools.Connection.sendAndWait(Connection.java:181)
	at org.openqa.selenium.devtools.DevTools.send(DevTools.java:81)
	at org.openqa.selenium.devtools.idealized.Network.lambda$prepareToInterceptTraffic$4(Network.java:194)
	at org.openqa.selenium.devtools.Connection.lambda$handle$4(Connection.java:321)
	at java.base/java.util.stream.ForEachOps$ForEachOp$OfRef.accept(ForEachOps.java:183)
	at java.base/java.util.stream.ReferencePipeline$2$1.accept(ReferencePipeline.java:177)
	at java.base/java.util.stream.ReferencePipeline$11$1.accept(ReferencePipeline.java:442)
	at java.base/java.util.HashMap$KeySpliterator.forEachRemaining(HashMap.java:1621)
	at java.base/java.util.stream.AbstractPipeline.copyInto(AbstractPipeline.java:484)
	at java.base/java.util.stream.AbstractPipeline.wrapAndCopyInto(AbstractPipeline.java:474)
	at java.base/java.util.stream.ForEachOps$ForEachOp.evaluateSequential(ForEachOps.java:150)
	at java.base/java.util.stream.ForEachOps$ForEachOp$OfRef.evaluateSequential(ForEachOps.java:173)
	at java.base/java.util.stream.AbstractPipeline.evaluate(AbstractPipeline.java:234)
	at java.base/java.util.stream.ReferencePipeline.forEach(ReferencePipeline.java:497)
	at org.openqa.selenium.devtools.Connection.handle(Connection.java:287)
	at org.openqa.selenium.devtools.Connection.access$200(Connection.java:57)
	at org.openqa.selenium.devtools.Connection$Listener.lambda$onText$0(Connection.java:224)
	at java.base/java.util.concurrent.ThreadPoolExecutor.runWorker(ThreadPoolExecutor.java:1128)
	at java.base/java.util.concurrent.ThreadPoolExecutor$Worker.run(ThreadPoolExecutor.java:628)
	at java.base/java.lang.Thread.run(Thread.java:829)
Caused by: org.openqa.selenium.WebDriverException: {"id":1559,"error":{"code":-32602,"message":"Invalid InterceptionId."},"sessionId":"69DE6D1A85B5D627489871F60443E14A"}
Build info: version: '4.11.0', revision: '040bc5406b'
System info: os.name: 'Windows 10', os.arch: 'amd64', os.version: '10.0', java.version: '11.0.18'
Driver info: driver.version: unknown
	at org.openqa.selenium.devtools.Connection.handle(Connection.java:260)
	... 5 more

Exception in thread "CDP Connection" org.openqa.selenium.devtools.DevToolsException: {"id":1559,"error":{"code":-32602,"message":"Invalid InterceptionId."},"sessionId":"69DE6D1A85B5D627489871F60443E14A"}
Build info: version: '4.11.0', revision: '040bc5406b'
System info: os.name: 'Windows 10', os.arch: 'amd64', os.version: '10.0', java.version: '11.0.18'
Driver info: driver.version: unknown
	at org.openqa.selenium.devtools.Connection$Listener.lambda$onText$0(Connection.java:227)
	at java.base/java.util.concurrent.ThreadPoolExecutor.runWorker(ThreadPoolExecutor.java:1128)
	at java.base/java.util.concurrent.ThreadPoolExecutor$Worker.run(ThreadPoolExecutor.java:628)
	at java.base/java.lang.Thread.run(Thread.java:829)
Caused by: org.openqa.selenium.devtools.DevToolsException: {"id":1559,"error":{"code":-32602,"message":"Invalid InterceptionId."},"sessionId":"69DE6D1A85B5D627489871F60443E14A"}
Build info: version: '4.11.0', revision: '040bc5406b'
System info: os.name: 'Windows 10', os.arch: 'amd64', os.version: '10.0', java.version: '11.0.18'
Driver info: driver.version: unknown
	at org.openqa.selenium.devtools.Connection.sendAndWait(Connection.java:181)
	at org.openqa.selenium.devtools.DevTools.send(DevTools.java:81)
	at org.openqa.selenium.devtools.idealized.Network.lambda$prepareToInterceptTraffic$4(Network.java:194)
	at org.openqa.selenium.devtools.Connection.lambda$handle$4(Connection.java:321)
	at java.base/java.util.stream.ForEachOps$ForEachOp$OfRef.accept(ForEachOps.java:183)
	at java.base/java.util.stream.ReferencePipeline$2$1.accept(ReferencePipeline.java:177)
	at java.base/java.util.stream.ReferencePipeline$11$1.accept(ReferencePipeline.java:442)
	at java.base/java.util.HashMap$KeySpliterator.forEachRemaining(HashMap.java:1621)
	at java.base/java.util.stream.AbstractPipeline.copyInto(AbstractPipeline.java:484)
	at java.base/java.util.stream.AbstractPipeline.wrapAndCopyInto(AbstractPipeline.java:474)
	at java.base/java.util.stream.ForEachOps$ForEachOp.evaluateSequential(ForEachOps.java:150)
	at java.base/java.util.stream.ForEachOps$ForEachOp$OfRef.evaluateSequential(ForEachOps.java:173)
	at java.base/java.util.stream.AbstractPipeline.evaluate(AbstractPipeline.java:234)
	at java.base/java.util.stream.ReferencePipeline.forEach(ReferencePipeline.java:497)
	at org.openqa.selenium.devtools.Connection.handle(Connection.java:287)
	at org.openqa.selenium.devtools.Connection.access$200(Connection.java:57)
	at org.openqa.selenium.devtools.Connection$Listener.lambda$onText$0(Connection.java:224)
	... 3 more
Caused by: org.openqa.selenium.WebDriverException: {"id":1559,"error":{"code":-32602,"message":"Invalid InterceptionId."},"sessionId":"69DE6D1A85B5D627489871F60443E14A"}
Build info: version: '4.11.0', revision: '040bc5406b'
System info: os.name: 'Windows 10', os.arch: 'amd64', os.version: '10.0', java.version: '11.0.18'
Driver info: driver.version: unknown
	at org.openqa.selenium.devtools.Connection.handle(Connection.java:260)
	... 5 more
авг. 16, 2023 4:22:01 PM org.openqa.selenium.devtools.Connection$Listener lambda$onText$0
WARNING: Unable to process: {"method":"Fetch.requestPaused","params":{"requestId":"interception-job-255.0","request":{"url":"http://localhost:8080/static/media/icon_close_s_white.cd06f8fb.svg","method":"GET","headers":{"Accept":"image/avif,image/webp,image/apng,image/svg+xml,image/*,*/*;q=0.8","Referer":"http://localhost:8080/static/css/2.7d875902.chunk.css","User-Agent":"Mozilla/5.0 (Windows NT 10.0; Win64; x64) AppleWebKit/537.36 (KHTML, like Gecko) Chrome/116.0.0.0 Safari/537.36","sec-ch-ua":"\"Chromium\";v=\"116\", \"Not)A;Brand\";v=\"24\", \"Google Chrome\";v=\"116\"","sec-ch-ua-mobile":"?0","sec-ch-ua-platform":"\"Windows\""},"initialPriority":"Low","referrerPolicy":"unsafe-url"},"frameId":"D165F02B89151667DFD1BF49856829E7","resourceType":"Image","responseStatusCode":200,"responseStatusText":"","responseHeaders":[{"name":"Vary","value":"Origin"},{"name":"Vary","value":"Access-Control-Request-Method"},{"name":"Vary","value":"Access-Control-Request-Headers"},{"name":"Last-Modified","value":"Thu, 03 Aug 2023 10:18:16 GMT"},{"name":"Accept-Ranges","value":"bytes"},{"name":"Content-Type","value":"image/svg+xml"},{"name":"Content-Length","value":"247"},{"name":"Date","value":"Wed, 16 Aug 2023 13:20:24 GMT"}]},"sessionId":"69DE6D1A85B5D627489871F60443E14A"}
org.openqa.selenium.devtools.DevToolsException: {"id":1560,"error":{"code":-32602,"message":"Invalid InterceptionId."},"sessionId":"69DE6D1A85B5D627489871F60443E14A"}
Build info: version: '4.11.0', revision: '040bc5406b'
System info: os.name: 'Windows 10', os.arch: 'amd64', os.version: '10.0', java.version: '11.0.18'
Driver info: driver.version: unknown
	at org.openqa.selenium.devtools.Connection.sendAndWait(Connection.java:181)
	at org.openqa.selenium.devtools.DevTools.send(DevTools.java:81)
	at org.openqa.selenium.devtools.idealized.Network.lambda$prepareToInterceptTraffic$4(Network.java:194)
	at org.openqa.selenium.devtools.Connection.lambda$handle$4(Connection.java:321)
	at java.base/java.util.stream.ForEachOps$ForEachOp$OfRef.accept(ForEachOps.java:183)
	at java.base/java.util.stream.ReferencePipeline$2$1.accept(ReferencePipeline.java:177)
	at java.base/java.util.stream.ReferencePipeline$11$1.accept(ReferencePipeline.java:442)
	at java.base/java.util.HashMap$KeySpliterator.forEachRemaining(HashMap.java:1621)
	at java.base/java.util.stream.AbstractPipeline.copyInto(AbstractPipeline.java:484)
	at java.base/java.util.stream.AbstractPipeline.wrapAndCopyInto(AbstractPipeline.java:474)
	at java.base/java.util.stream.ForEachOps$ForEachOp.evaluateSequential(ForEachOps.java:150)
	at java.base/java.util.stream.ForEachOps$ForEachOp$OfRef.evaluateSequential(ForEachOps.java:173)
	at java.base/java.util.stream.AbstractPipeline.evaluate(AbstractPipeline.java:234)
	at java.base/java.util.stream.ReferencePipeline.forEach(ReferencePipeline.java:497)
	at org.openqa.selenium.devtools.Connection.handle(Connection.java:287)
	at org.openqa.selenium.devtools.Connection.access$200(Connection.java:57)
	at org.openqa.selenium.devtools.Connection$Listener.lambda$onText$0(Connection.java:224)
	at java.base/java.util.concurrent.ThreadPoolExecutor.runWorker(ThreadPoolExecutor.java:1128)
	at java.base/java.util.concurrent.ThreadPoolExecutor$Worker.run(ThreadPoolExecutor.java:628)
	at java.base/java.lang.Thread.run(Thread.java:829)
Caused by: org.openqa.selenium.WebDriverException: {"id":1560,"error":{"code":-32602,"message":"Invalid InterceptionId."},"sessionId":"69DE6D1A85B5D627489871F60443E14A"}
Build info: version: '4.11.0', revision: '040bc5406b'
System info: os.name: 'Windows 10', os.arch: 'amd64', os.version: '10.0', java.version: '11.0.18'
Driver info: driver.version: unknown
	at org.openqa.selenium.devtools.Connection.handle(Connection.java:260)
	... 5 more

Exception in thread "CDP Connection" org.openqa.selenium.devtools.DevToolsException: {"id":1560,"error":{"code":-32602,"message":"Invalid InterceptionId."},"sessionId":"69DE6D1A85B5D627489871F60443E14A"}
Build info: version: '4.11.0', revision: '040bc5406b'
System info: os.name: 'Windows 10', os.arch: 'amd64', os.version: '10.0', java.version: '11.0.18'
Driver info: driver.version: unknown
	at org.openqa.selenium.devtools.Connection$Listener.lambda$onText$0(Connection.java:227)
	at java.base/java.util.concurrent.ThreadPoolExecutor.runWorker(ThreadPoolExecutor.java:1128)
	at java.base/java.util.concurrent.ThreadPoolExecutor$Worker.run(ThreadPoolExecutor.java:628)
	at java.base/java.lang.Thread.run(Thread.java:829)
Caused by: org.openqa.selenium.devtools.DevToolsException: {"id":1560,"error":{"code":-32602,"message":"Invalid InterceptionId."},"sessionId":"69DE6D1A85B5D627489871F60443E14A"}
Build info: version: '4.11.0', revision: '040bc5406b'
System info: os.name: 'Windows 10', os.arch: 'amd64', os.version: '10.0', java.version: '11.0.18'
Driver info: driver.version: unknown
	at org.openqa.selenium.devtools.Connection.sendAndWait(Connection.java:181)
	at org.openqa.selenium.devtools.DevTools.send(DevTools.java:81)
	at org.openqa.selenium.devtools.idealized.Network.lambda$prepareToInterceptTraffic$4(Network.java:194)
	at org.openqa.selenium.devtools.Connection.lambda$handle$4(Connection.java:321)
	at java.base/java.util.stream.ForEachOps$ForEachOp$OfRef.accept(ForEachOps.java:183)
	at java.base/java.util.stream.ReferencePipeline$2$1.accept(ReferencePipeline.java:177)
	at java.base/java.util.stream.ReferencePipeline$11$1.accept(ReferencePipeline.java:442)
	at java.base/java.util.HashMap$KeySpliterator.forEachRemaining(HashMap.java:1621)
	at java.base/java.util.stream.AbstractPipeline.copyInto(AbstractPipeline.java:484)
	at java.base/java.util.stream.AbstractPipeline.wrapAndCopyInto(AbstractPipeline.java:474)
	at java.base/java.util.stream.ForEachOps$ForEachOp.evaluateSequential(ForEachOps.java:150)
	at java.base/java.util.stream.ForEachOps$ForEachOp$OfRef.evaluateSequential(ForEachOps.java:173)
	at java.base/java.util.stream.AbstractPipeline.evaluate(AbstractPipeline.java:234)
	at java.base/java.util.stream.ReferencePipeline.forEach(ReferencePipeline.java:497)
	at org.openqa.selenium.devtools.Connection.handle(Connection.java:287)
	at org.openqa.selenium.devtools.Connection.access$200(Connection.java:57)
	at org.openqa.selenium.devtools.Connection$Listener.lambda$onText$0(Connection.java:224)
	... 3 more
Caused by: org.openqa.selenium.WebDriverException: {"id":1560,"error":{"code":-32602,"message":"Invalid InterceptionId."},"sessionId":"69DE6D1A85B5D627489871F60443E14A"}
Build info: version: '4.11.0', revision: '040bc5406b'
System info: os.name: 'Windows 10', os.arch: 'amd64', os.version: '10.0', java.version: '11.0.18'
Driver info: driver.version: unknown
	at org.openqa.selenium.devtools.Connection.handle(Connection.java:260)
	... 5 more
авг. 16, 2023 4:22:01 PM org.openqa.selenium.devtools.Connection$Listener lambda$onText$0
WARNING: Unable to process: {"method":"Fetch.requestPaused","params":{"requestId":"interception-job-255.0","request":{"url":"http://localhost:8080/static/media/icon_close_s_white.cd06f8fb.svg","method":"GET","headers":{"Accept":"image/avif,image/webp,image/apng,image/svg+xml,image/*,*/*;q=0.8","Referer":"http://localhost:8080/static/css/2.7d875902.chunk.css","User-Agent":"Mozilla/5.0 (Windows NT 10.0; Win64; x64) AppleWebKit/537.36 (KHTML, like Gecko) Chrome/116.0.0.0 Safari/537.36","sec-ch-ua":"\"Chromium\";v=\"116\", \"Not)A;Brand\";v=\"24\", \"Google Chrome\";v=\"116\"","sec-ch-ua-mobile":"?0","sec-ch-ua-platform":"\"Windows\""},"initialPriority":"Low","referrerPolicy":"strict-origin-when-cross-origin"},"frameId":"D165F02B89151667DFD1BF49856829E7","resourceType":"Image"},"sessionId":"69DE6D1A85B5D627489871F60443E14A"}
org.openqa.selenium.devtools.DevToolsException: {"id":1562,"error":{"code":-32602,"message":"Invalid InterceptionId."},"sessionId":"69DE6D1A85B5D627489871F60443E14A"}
Build info: version: '4.11.0', revision: '040bc5406b'
System info: os.name: 'Windows 10', os.arch: 'amd64', os.version: '10.0', java.version: '11.0.18'
Driver info: driver.version: unknown
	at org.openqa.selenium.devtools.Connection.sendAndWait(Connection.java:181)
	at org.openqa.selenium.devtools.DevTools.send(DevTools.java:81)
	at org.openqa.selenium.devtools.idealized.Network.lambda$prepareToInterceptTraffic$3(Network.java:211)
	at org.openqa.selenium.remote.http.Filter.lambda$andFinally$1(Filter.java:55)
	at org.openqa.selenium.devtools.idealized.Network.lambda$prepareToInterceptTraffic$4(Network.java:226)
	at org.openqa.selenium.devtools.Connection.lambda$handle$4(Connection.java:321)
	at java.base/java.util.stream.ForEachOps$ForEachOp$OfRef.accept(ForEachOps.java:183)
	at java.base/java.util.stream.ReferencePipeline$2$1.accept(ReferencePipeline.java:177)
	at java.base/java.util.stream.ReferencePipeline$11$1.accept(ReferencePipeline.java:442)
	at java.base/java.util.HashMap$KeySpliterator.forEachRemaining(HashMap.java:1621)
	at java.base/java.util.stream.AbstractPipeline.copyInto(AbstractPipeline.java:484)
	at java.base/java.util.stream.AbstractPipeline.wrapAndCopyInto(AbstractPipeline.java:474)
	at java.base/java.util.stream.ForEachOps$ForEachOp.evaluateSequential(ForEachOps.java:150)
	at java.base/java.util.stream.ForEachOps$ForEachOp$OfRef.evaluateSequential(ForEachOps.java:173)
	at java.base/java.util.stream.AbstractPipeline.evaluate(AbstractPipeline.java:234)
	at java.base/java.util.stream.ReferencePipeline.forEach(ReferencePipeline.java:497)
	at org.openqa.selenium.devtools.Connection.handle(Connection.java:287)
	at org.openqa.selenium.devtools.Connection.access$200(Connection.java:57)
	at org.openqa.selenium.devtools.Connection$Listener.lambda$onText$0(Connection.java:224)
	at java.base/java.util.concurrent.ThreadPoolExecutor.runWorker(ThreadPoolExecutor.java:1128)
	at java.base/java.util.concurrent.ThreadPoolExecutor$Worker.run(ThreadPoolExecutor.java:628)
	at java.base/java.lang.Thread.run(Thread.java:829)
Caused by: org.openqa.selenium.WebDriverException: {"id":1562,"error":{"code":-32602,"message":"Invalid InterceptionId."},"sessionId":"69DE6D1A85B5D627489871F60443E14A"}
Build info: version: '4.11.0', revision: '040bc5406b'
System info: os.name: 'Windows 10', os.arch: 'amd64', os.version: '10.0', java.version: '11.0.18'
Driver info: driver.version: unknown
	at org.openqa.selenium.devtools.Connection.handle(Connection.java:260)
	... 5 more

Exception in thread "CDP Connection" org.openqa.selenium.devtools.DevToolsException: {"id":1562,"error":{"code":-32602,"message":"Invalid InterceptionId."},"sessionId":"69DE6D1A85B5D627489871F60443E14A"}
Build info: version: '4.11.0', revision: '040bc5406b'
System info: os.name: 'Windows 10', os.arch: 'amd64', os.version: '10.0', java.version: '11.0.18'
Driver info: driver.version: unknown
	at org.openqa.selenium.devtools.Connection$Listener.lambda$onText$0(Connection.java:227)
	at java.base/java.util.concurrent.ThreadPoolExecutor.runWorker(ThreadPoolExecutor.java:1128)
	at java.base/java.util.concurrent.ThreadPoolExecutor$Worker.run(ThreadPoolExecutor.java:628)
	at java.base/java.lang.Thread.run(Thread.java:829)
Caused by: org.openqa.selenium.devtools.DevToolsException: {"id":1562,"error":{"code":-32602,"message":"Invalid InterceptionId."},"sessionId":"69DE6D1A85B5D627489871F60443E14A"}
Build info: version: '4.11.0', revision: '040bc5406b'
System info: os.name: 'Windows 10', os.arch: 'amd64', os.version: '10.0', java.version: '11.0.18'
Driver info: driver.version: unknown
	at org.openqa.selenium.devtools.Connection.sendAndWait(Connection.java:181)
	at org.openqa.selenium.devtools.DevTools.send(DevTools.java:81)
	at org.openqa.selenium.devtools.idealized.Network.lambda$prepareToInterceptTraffic$3(Network.java:211)
	at org.openqa.selenium.remote.http.Filter.lambda$andFinally$1(Filter.java:55)
	at org.openqa.selenium.devtools.idealized.Network.lambda$prepareToInterceptTraffic$4(Network.java:226)
	at org.openqa.selenium.devtools.Connection.lambda$handle$4(Connection.java:321)
	at java.base/java.util.stream.ForEachOps$ForEachOp$OfRef.accept(ForEachOps.java:183)
	at java.base/java.util.stream.ReferencePipeline$2$1.accept(ReferencePipeline.java:177)
	at java.base/java.util.stream.ReferencePipeline$11$1.accept(ReferencePipeline.java:442)
	at java.base/java.util.HashMap$KeySpliterator.forEachRemaining(HashMap.java:1621)
	at java.base/java.util.stream.AbstractPipeline.copyInto(AbstractPipeline.java:484)
	at java.base/java.util.stream.AbstractPipeline.wrapAndCopyInto(AbstractPipeline.java:474)
	at java.base/java.util.stream.ForEachOps$ForEachOp.evaluateSequential(ForEachOps.java:150)
	at java.base/java.util.stream.ForEachOps$ForEachOp$OfRef.evaluateSequential(ForEachOps.java:173)
	at java.base/java.util.stream.AbstractPipeline.evaluate(AbstractPipeline.java:234)
	at java.base/java.util.stream.ReferencePipeline.forEach(ReferencePipeline.java:497)
	at org.openqa.selenium.devtools.Connection.handle(Connection.java:287)
	at org.openqa.selenium.devtools.Connection.access$200(Connection.java:57)
	at org.openqa.selenium.devtools.Connection$Listener.lambda$onText$0(Connection.java:224)
	... 3 more
Caused by: org.openqa.selenium.WebDriverException: {"id":1562,"error":{"code":-32602,"message":"Invalid InterceptionId."},"sessionId":"69DE6D1A85B5D627489871F60443E14A"}
Build info: version: '4.11.0', revision: '040bc5406b'
System info: os.name: 'Windows 10', os.arch: 'amd64', os.version: '10.0', java.version: '11.0.18'
Driver info: driver.version: unknown
	at org.openqa.selenium.devtools.Connection.handle(Connection.java:260)
	... 5 more
авг. 16, 2023 4:22:01 PM org.openqa.selenium.devtools.Connection$Listener lambda$onText$0
WARNING: Unable to process: {"method":"Fetch.requestPaused","params":{"requestId":"interception-job-254.0","request":{"url":"http://localhost:8080/static/media/icon_ok_m_white.5987da79.svg","method":"GET","headers":{"Accept":"image/avif,image/webp,image/apng,image/svg+xml,image/*,*/*;q=0.8","Referer":"http://localhost:8080/static/css/2.7d875902.chunk.css","User-Agent":"Mozilla/5.0 (Windows NT 10.0; Win64; x64) AppleWebKit/537.36 (KHTML, like Gecko) Chrome/116.0.0.0 Safari/537.36","sec-ch-ua":"\"Chromium\";v=\"116\", \"Not)A;Brand\";v=\"24\", \"Google Chrome\";v=\"116\"","sec-ch-ua-mobile":"?0","sec-ch-ua-platform":"\"Windows\""},"initialPriority":"Low","referrerPolicy":"strict-origin-when-cross-origin"},"frameId":"D165F02B89151667DFD1BF49856829E7","resourceType":"Image"},"sessionId":"69DE6D1A85B5D627489871F60443E14A"}
org.openqa.selenium.devtools.DevToolsException: {"id":1561,"error":{"code":-32602,"message":"Invalid InterceptionId."},"sessionId":"69DE6D1A85B5D627489871F60443E14A"}
Build info: version: '4.11.0', revision: '040bc5406b'
System info: os.name: 'Windows 10', os.arch: 'amd64', os.version: '10.0', java.version: '11.0.18'
Driver info: driver.version: unknown
	at org.openqa.selenium.devtools.Connection.sendAndWait(Connection.java:181)
	at org.openqa.selenium.devtools.DevTools.send(DevTools.java:81)
	at org.openqa.selenium.devtools.idealized.Network.lambda$prepareToInterceptTraffic$3(Network.java:211)
	at org.openqa.selenium.remote.http.Filter.lambda$andFinally$1(Filter.java:55)
	at org.openqa.selenium.devtools.idealized.Network.lambda$prepareToInterceptTraffic$4(Network.java:226)
	at org.openqa.selenium.devtools.Connection.lambda$handle$4(Connection.java:321)
	at java.base/java.util.stream.ForEachOps$ForEachOp$OfRef.accept(ForEachOps.java:183)
	at java.base/java.util.stream.ReferencePipeline$2$1.accept(ReferencePipeline.java:177)
	at java.base/java.util.stream.ReferencePipeline$11$1.accept(ReferencePipeline.java:442)
	at java.base/java.util.HashMap$KeySpliterator.forEachRemaining(HashMap.java:1621)
	at java.base/java.util.stream.AbstractPipeline.copyInto(AbstractPipeline.java:484)
	at java.base/java.util.stream.AbstractPipeline.wrapAndCopyInto(AbstractPipeline.java:474)
	at java.base/java.util.stream.ForEachOps$ForEachOp.evaluateSequential(ForEachOps.java:150)
	at java.base/java.util.stream.ForEachOps$ForEachOp$OfRef.evaluateSequential(ForEachOps.java:173)
	at java.base/java.util.stream.AbstractPipeline.evaluate(AbstractPipeline.java:234)
	at java.base/java.util.stream.ReferencePipeline.forEach(ReferencePipeline.java:497)
	at org.openqa.selenium.devtools.Connection.handle(Connection.java:287)
	at org.openqa.selenium.devtools.Connection.access$200(Connection.java:57)
	at org.openqa.selenium.devtools.Connection$Listener.lambda$onText$0(Connection.java:224)
	at java.base/java.util.concurrent.ThreadPoolExecutor.runWorker(ThreadPoolExecutor.java:1128)
	at java.base/java.util.concurrent.ThreadPoolExecutor$Worker.run(ThreadPoolExecutor.java:628)
	at java.base/java.lang.Thread.run(Thread.java:829)
Caused by: org.openqa.selenium.WebDriverException: {"id":1561,"error":{"code":-32602,"message":"Invalid InterceptionId."},"sessionId":"69DE6D1A85B5D627489871F60443E14A"}
Build info: version: '4.11.0', revision: '040bc5406b'
System info: os.name: 'Windows 10', os.arch: 'amd64', os.version: '10.0', java.version: '11.0.18'
Driver info: driver.version: unknown
	at org.openqa.selenium.devtools.Connection.handle(Connection.java:260)
	... 5 more

Exception in thread "CDP Connection" org.openqa.selenium.devtools.DevToolsException: {"id":1561,"error":{"code":-32602,"message":"Invalid InterceptionId."},"sessionId":"69DE6D1A85B5D627489871F60443E14A"}
Build info: version: '4.11.0', revision: '040bc5406b'
System info: os.name: 'Windows 10', os.arch: 'amd64', os.version: '10.0', java.version: '11.0.18'
Driver info: driver.version: unknown
	at org.openqa.selenium.devtools.Connection$Listener.lambda$onText$0(Connection.java:227)
	at java.base/java.util.concurrent.ThreadPoolExecutor.runWorker(ThreadPoolExecutor.java:1128)
	at java.base/java.util.concurrent.ThreadPoolExecutor$Worker.run(ThreadPoolExecutor.java:628)
	at java.base/java.lang.Thread.run(Thread.java:829)
Caused by: org.openqa.selenium.devtools.DevToolsException: {"id":1561,"error":{"code":-32602,"message":"Invalid InterceptionId."},"sessionId":"69DE6D1A85B5D627489871F60443E14A"}
Build info: version: '4.11.0', revision: '040bc5406b'
System info: os.name: 'Windows 10', os.arch: 'amd64', os.version: '10.0', java.version: '11.0.18'
Driver info: driver.version: unknown
	at org.openqa.selenium.devtools.Connection.sendAndWait(Connection.java:181)
	at org.openqa.selenium.devtools.DevTools.send(DevTools.java:81)
	at org.openqa.selenium.devtools.idealized.Network.lambda$prepareToInterceptTraffic$3(Network.java:211)
	at org.openqa.selenium.remote.http.Filter.lambda$andFinally$1(Filter.java:55)
	at org.openqa.selenium.devtools.idealized.Network.lambda$prepareToInterceptTraffic$4(Network.java:226)
	at org.openqa.selenium.devtools.Connection.lambda$handle$4(Connection.java:321)
	at java.base/java.util.stream.ForEachOps$ForEachOp$OfRef.accept(ForEachOps.java:183)
	at java.base/java.util.stream.ReferencePipeline$2$1.accept(ReferencePipeline.java:177)
	at java.base/java.util.stream.ReferencePipeline$11$1.accept(ReferencePipeline.java:442)
	at java.base/java.util.HashMap$KeySpliterator.forEachRemaining(HashMap.java:1621)
	at java.base/java.util.stream.AbstractPipeline.copyInto(AbstractPipeline.java:484)
	at java.base/java.util.stream.AbstractPipeline.wrapAndCopyInto(AbstractPipeline.java:474)
	at java.base/java.util.stream.ForEachOps$ForEachOp.evaluateSequential(ForEachOps.java:150)
	at java.base/java.util.stream.ForEachOps$ForEachOp$OfRef.evaluateSequential(ForEachOps.java:173)
	at java.base/java.util.stream.AbstractPipeline.evaluate(AbstractPipeline.java:234)
	at java.base/java.util.stream.ReferencePipeline.forEach(ReferencePipeline.java:497)
	at org.openqa.selenium.devtools.Connection.handle(Connection.java:287)
	at org.openqa.selenium.devtools.Connection.access$200(Connection.java:57)
	at org.openqa.selenium.devtools.Connection$Listener.lambda$onText$0(Connection.java:224)
	... 3 more
Caused by: org.openqa.selenium.WebDriverException: {"id":1561,"error":{"code":-32602,"message":"Invalid InterceptionId."},"sessionId":"69DE6D1A85B5D627489871F60443E14A"}
Build info: version: '4.11.0', revision: '040bc5406b'
System info: os.name: 'Windows 10', os.arch: 'amd64', os.version: '10.0', java.version: '11.0.18'
Driver info: driver.version: unknown
	at org.openqa.selenium.devtools.Connection.handle(Connection.java:260)
	... 5 more
авг. 16, 2023 4:22:01 PM org.openqa.selenium.devtools.Connection$Listener lambda$onText$0
WARNING: Unable to process: {"method":"Fetch.requestPaused","params":{"requestId":"interception-job-256.0","request":{"url":"http://localhost:8080/static/media/icon_error_m_white.143ec85a.svg","method":"GET","headers":{"Accept":"image/avif,image/webp,image/apng,image/svg+xml,image/*,*/*;q=0.8","Referer":"http://localhost:8080/static/css/2.7d875902.chunk.css","User-Agent":"Mozilla/5.0 (Windows NT 10.0; Win64; x64) AppleWebKit/537.36 (KHTML, like Gecko) Chrome/116.0.0.0 Safari/537.36","sec-ch-ua":"\"Chromium\";v=\"116\", \"Not)A;Brand\";v=\"24\", \"Google Chrome\";v=\"116\"","sec-ch-ua-mobile":"?0","sec-ch-ua-platform":"\"Windows\""},"initialPriority":"Low","referrerPolicy":"unsafe-url"},"frameId":"D165F02B89151667DFD1BF49856829E7","resourceType":"Image","responseStatusCode":200,"responseStatusText":"","responseHeaders":[{"name":"Vary","value":"Origin"},{"name":"Vary","value":"Access-Control-Request-Method"},{"name":"Vary","value":"Access-Control-Request-Headers"},{"name":"Last-Modified","value":"Thu, 03 Aug 2023 10:18:16 GMT"},{"name":"Accept-Ranges","value":"bytes"},{"name":"Content-Type","value":"image/svg+xml"},{"name":"Content-Length","value":"380"},{"name":"Date","value":"Wed, 16 Aug 2023 13:20:24 GMT"}]},"sessionId":"69DE6D1A85B5D627489871F60443E14A"}
org.openqa.selenium.devtools.DevToolsException: {"id":1566,"error":{"code":-32602,"message":"Invalid InterceptionId."},"sessionId":"69DE6D1A85B5D627489871F60443E14A"}
Build info: version: '4.11.0', revision: '040bc5406b'
System info: os.name: 'Windows 10', os.arch: 'amd64', os.version: '10.0', java.version: '11.0.18'
Driver info: driver.version: unknown
	at org.openqa.selenium.devtools.Connection.sendAndWait(Connection.java:181)
	at org.openqa.selenium.devtools.DevTools.send(DevTools.java:81)
	at org.openqa.selenium.devtools.idealized.Network.lambda$prepareToInterceptTraffic$4(Network.java:194)
	at org.openqa.selenium.devtools.Connection.lambda$handle$4(Connection.java:321)
	at java.base/java.util.stream.ForEachOps$ForEachOp$OfRef.accept(ForEachOps.java:183)
	at java.base/java.util.stream.ReferencePipeline$2$1.accept(ReferencePipeline.java:177)
	at java.base/java.util.stream.ReferencePipeline$11$1.accept(ReferencePipeline.java:442)
	at java.base/java.util.HashMap$KeySpliterator.forEachRemaining(HashMap.java:1621)
	at java.base/java.util.stream.AbstractPipeline.copyInto(AbstractPipeline.java:484)
	at java.base/java.util.stream.AbstractPipeline.wrapAndCopyInto(AbstractPipeline.java:474)
	at java.base/java.util.stream.ForEachOps$ForEachOp.evaluateSequential(ForEachOps.java:150)
	at java.base/java.util.stream.ForEachOps$ForEachOp$OfRef.evaluateSequential(ForEachOps.java:173)
	at java.base/java.util.stream.AbstractPipeline.evaluate(AbstractPipeline.java:234)
	at java.base/java.util.stream.ReferencePipeline.forEach(ReferencePipeline.java:497)
	at org.openqa.selenium.devtools.Connection.handle(Connection.java:287)
	at org.openqa.selenium.devtools.Connection.access$200(Connection.java:57)
	at org.openqa.selenium.devtools.Connection$Listener.lambda$onText$0(Connection.java:224)
	at java.base/java.util.concurrent.ThreadPoolExecutor.runWorker(ThreadPoolExecutor.java:1128)
	at java.base/java.util.concurrent.ThreadPoolExecutor$Worker.run(ThreadPoolExecutor.java:628)
	at java.base/java.lang.Thread.run(Thread.java:829)
Caused by: org.openqa.selenium.WebDriverException: {"id":1566,"error":{"code":-32602,"message":"Invalid InterceptionId."},"sessionId":"69DE6D1A85B5D627489871F60443E14A"}
Build info: version: '4.11.0', revision: '040bc5406b'
System info: os.name: 'Windows 10', os.arch: 'amd64', os.version: '10.0', java.version: '11.0.18'
Driver info: driver.version: unknown
	at org.openqa.selenium.devtools.Connection.handle(Connection.java:260)
	... 5 more

Exception in thread "CDP Connection" org.openqa.selenium.devtools.DevToolsException: {"id":1566,"error":{"code":-32602,"message":"Invalid InterceptionId."},"sessionId":"69DE6D1A85B5D627489871F60443E14A"}
Build info: version: '4.11.0', revision: '040bc5406b'
System info: os.name: 'Windows 10', os.arch: 'amd64', os.version: '10.0', java.version: '11.0.18'
Driver info: driver.version: unknown
	at org.openqa.selenium.devtools.Connection$Listener.lambda$onText$0(Connection.java:227)
	at java.base/java.util.concurrent.ThreadPoolExecutor.runWorker(ThreadPoolExecutor.java:1128)
	at java.base/java.util.concurrent.ThreadPoolExecutor$Worker.run(ThreadPoolExecutor.java:628)
	at java.base/java.lang.Thread.run(Thread.java:829)
Caused by: org.openqa.selenium.devtools.DevToolsException: {"id":1566,"error":{"code":-32602,"message":"Invalid InterceptionId."},"sessionId":"69DE6D1A85B5D627489871F60443E14A"}
Build info: version: '4.11.0', revision: '040bc5406b'
System info: os.name: 'Windows 10', os.arch: 'amd64', os.version: '10.0', java.version: '11.0.18'
Driver info: driver.version: unknown
	at org.openqa.selenium.devtools.Connection.sendAndWait(Connection.java:181)
	at org.openqa.selenium.devtools.DevTools.send(DevTools.java:81)
	at org.openqa.selenium.devtools.idealized.Network.lambda$prepareToInterceptTraffic$4(Network.java:194)
	at org.openqa.selenium.devtools.Connection.lambda$handle$4(Connection.java:321)
	at java.base/java.util.stream.ForEachOps$ForEachOp$OfRef.accept(ForEachOps.java:183)
	at java.base/java.util.stream.ReferencePipeline$2$1.accept(ReferencePipeline.java:177)
	at java.base/java.util.stream.ReferencePipeline$11$1.accept(ReferencePipeline.java:442)
	at java.base/java.util.HashMap$KeySpliterator.forEachRemaining(HashMap.java:1621)
	at java.base/java.util.stream.AbstractPipeline.copyInto(AbstractPipeline.java:484)
	at java.base/java.util.stream.AbstractPipeline.wrapAndCopyInto(AbstractPipeline.java:474)
	at java.base/java.util.stream.ForEachOps$ForEachOp.evaluateSequential(ForEachOps.java:150)
	at java.base/java.util.stream.ForEachOps$ForEachOp$OfRef.evaluateSequential(ForEachOps.java:173)
	at java.base/java.util.stream.AbstractPipeline.evaluate(AbstractPipeline.java:234)
	at java.base/java.util.stream.ReferencePipeline.forEach(ReferencePipeline.java:497)
	at org.openqa.selenium.devtools.Connection.handle(Connection.java:287)
	at org.openqa.selenium.devtools.Connection.access$200(Connection.java:57)
	at org.openqa.selenium.devtools.Connection$Listener.lambda$onText$0(Connection.java:224)
	... 3 more
Caused by: org.openqa.selenium.WebDriverException: {"id":1566,"error":{"code":-32602,"message":"Invalid InterceptionId."},"sessionId":"69DE6D1A85B5D627489871F60443E14A"}
Build info: version: '4.11.0', revision: '040bc5406b'
System info: os.name: 'Windows 10', os.arch: 'amd64', os.version: '10.0', java.version: '11.0.18'
Driver info: driver.version: unknown
	at org.openqa.selenium.devtools.Connection.handle(Connection.java:260)
	... 5 more
авг. 16, 2023 4:22:01 PM org.openqa.selenium.devtools.Connection$Listener lambda$onText$0
WARNING: Unable to process: {"method":"Fetch.requestPaused","params":{"requestId":"interception-job-256.0","request":{"url":"http://localhost:8080/static/media/icon_error_m_white.143ec85a.svg","method":"GET","headers":{"Accept":"image/avif,image/webp,image/apng,image/svg+xml,image/*,*/*;q=0.8","Referer":"http://localhost:8080/static/css/2.7d875902.chunk.css","User-Agent":"Mozilla/5.0 (Windows NT 10.0; Win64; x64) AppleWebKit/537.36 (KHTML, like Gecko) Chrome/116.0.0.0 Safari/537.36","sec-ch-ua":"\"Chromium\";v=\"116\", \"Not)A;Brand\";v=\"24\", \"Google Chrome\";v=\"116\"","sec-ch-ua-mobile":"?0","sec-ch-ua-platform":"\"Windows\""},"initialPriority":"Low","referrerPolicy":"strict-origin-when-cross-origin"},"frameId":"D165F02B89151667DFD1BF49856829E7","resourceType":"Image"},"sessionId":"69DE6D1A85B5D627489871F60443E14A"}
org.openqa.selenium.devtools.DevToolsException: {"id":1567,"error":{"code":-32602,"message":"Invalid InterceptionId."},"sessionId":"69DE6D1A85B5D627489871F60443E14A"}
Build info: version: '4.11.0', revision: '040bc5406b'
System info: os.name: 'Windows 10', os.arch: 'amd64', os.version: '10.0', java.version: '11.0.18'
Driver info: driver.version: unknown
	at org.openqa.selenium.devtools.Connection.sendAndWait(Connection.java:181)
	at org.openqa.selenium.devtools.DevTools.send(DevTools.java:81)
	at org.openqa.selenium.devtools.idealized.Network.lambda$prepareToInterceptTraffic$3(Network.java:211)
	at org.openqa.selenium.remote.http.Filter.lambda$andFinally$1(Filter.java:55)
	at org.openqa.selenium.devtools.idealized.Network.lambda$prepareToInterceptTraffic$4(Network.java:226)
	at org.openqa.selenium.devtools.Connection.lambda$handle$4(Connection.java:321)
	at java.base/java.util.stream.ForEachOps$ForEachOp$OfRef.accept(ForEachOps.java:183)
	at java.base/java.util.stream.ReferencePipeline$2$1.accept(ReferencePipeline.java:177)
	at java.base/java.util.stream.ReferencePipeline$11$1.accept(ReferencePipeline.java:442)
	at java.base/java.util.HashMap$KeySpliterator.forEachRemaining(HashMap.java:1621)
	at java.base/java.util.stream.AbstractPipeline.copyInto(AbstractPipeline.java:484)
	at java.base/java.util.stream.AbstractPipeline.wrapAndCopyInto(AbstractPipeline.java:474)
	at java.base/java.util.stream.ForEachOps$ForEachOp.evaluateSequential(ForEachOps.java:150)
	at java.base/java.util.stream.ForEachOps$ForEachOp$OfRef.evaluateSequential(ForEachOps.java:173)
	at java.base/java.util.stream.AbstractPipeline.evaluate(AbstractPipeline.java:234)
	at java.base/java.util.stream.ReferencePipeline.forEach(ReferencePipeline.java:497)
	at org.openqa.selenium.devtools.Connection.handle(Connection.java:287)
	at org.openqa.selenium.devtools.Connection.access$200(Connection.java:57)
	at org.openqa.selenium.devtools.Connection$Listener.lambda$onText$0(Connection.java:224)
	at java.base/java.util.concurrent.ThreadPoolExecutor.runWorker(ThreadPoolExecutor.java:1128)
	at java.base/java.util.concurrent.ThreadPoolExecutor$Worker.run(ThreadPoolExecutor.java:628)
	at java.base/java.lang.Thread.run(Thread.java:829)
Caused by: org.openqa.selenium.WebDriverException: {"id":1567,"error":{"code":-32602,"message":"Invalid InterceptionId."},"sessionId":"69DE6D1A85B5D627489871F60443E14A"}
Build info: version: '4.11.0', revision: '040bc5406b'
System info: os.name: 'Windows 10', os.arch: 'amd64', os.version: '10.0', java.version: '11.0.18'
Driver info: driver.version: unknown
	at org.openqa.selenium.devtools.Connection.handle(Connection.java:260)
	... 5 more

Exception in thread "CDP Connection" org.openqa.selenium.devtools.DevToolsException: {"id":1567,"error":{"code":-32602,"message":"Invalid InterceptionId."},"sessionId":"69DE6D1A85B5D627489871F60443E14A"}
Build info: version: '4.11.0', revision: '040bc5406b'
System info: os.name: 'Windows 10', os.arch: 'amd64', os.version: '10.0', java.version: '11.0.18'
Driver info: driver.version: unknown
	at org.openqa.selenium.devtools.Connection$Listener.lambda$onText$0(Connection.java:227)
	at java.base/java.util.concurrent.ThreadPoolExecutor.runWorker(ThreadPoolExecutor.java:1128)
	at java.base/java.util.concurrent.ThreadPoolExecutor$Worker.run(ThreadPoolExecutor.java:628)
	at java.base/java.lang.Thread.run(Thread.java:829)
Caused by: org.openqa.selenium.devtools.DevToolsException: {"id":1567,"error":{"code":-32602,"message":"Invalid InterceptionId."},"sessionId":"69DE6D1A85B5D627489871F60443E14A"}
Build info: version: '4.11.0', revision: '040bc5406b'
System info: os.name: 'Windows 10', os.arch: 'amd64', os.version: '10.0', java.version: '11.0.18'
Driver info: driver.version: unknown
	at org.openqa.selenium.devtools.Connection.sendAndWait(Connection.java:181)
	at org.openqa.selenium.devtools.DevTools.send(DevTools.java:81)
	at org.openqa.selenium.devtools.idealized.Network.lambda$prepareToInterceptTraffic$3(Network.java:211)
	at org.openqa.selenium.remote.http.Filter.lambda$andFinally$1(Filter.java:55)
	at org.openqa.selenium.devtools.idealized.Network.lambda$prepareToInterceptTraffic$4(Network.java:226)
	at org.openqa.selenium.devtools.Connection.lambda$handle$4(Connection.java:321)
	at java.base/java.util.stream.ForEachOps$ForEachOp$OfRef.accept(ForEachOps.java:183)
	at java.base/java.util.stream.ReferencePipeline$2$1.accept(ReferencePipeline.java:177)
	at java.base/java.util.stream.ReferencePipeline$11$1.accept(ReferencePipeline.java:442)
	at java.base/java.util.HashMap$KeySpliterator.forEachRemaining(HashMap.java:1621)
	at java.base/java.util.stream.AbstractPipeline.copyInto(AbstractPipeline.java:484)
	at java.base/java.util.stream.AbstractPipeline.wrapAndCopyInto(AbstractPipeline.java:474)
	at java.base/java.util.stream.ForEachOps$ForEachOp.evaluateSequential(ForEachOps.java:150)
	at java.base/java.util.stream.ForEachOps$ForEachOp$OfRef.evaluateSequential(ForEachOps.java:173)
	at java.base/java.util.stream.AbstractPipeline.evaluate(AbstractPipeline.java:234)
	at java.base/java.util.stream.ReferencePipeline.forEach(ReferencePipeline.java:497)
	at org.openqa.selenium.devtools.Connection.handle(Connection.java:287)
	at org.openqa.selenium.devtools.Connection.access$200(Connection.java:57)
	at org.openqa.selenium.devtools.Connection$Listener.lambda$onText$0(Connection.java:224)
	... 3 more
Caused by: org.openqa.selenium.WebDriverException: {"id":1567,"error":{"code":-32602,"message":"Invalid InterceptionId."},"sessionId":"69DE6D1A85B5D627489871F60443E14A"}
Build info: version: '4.11.0', revision: '040bc5406b'
System info: os.name: 'Windows 10', os.arch: 'amd64', os.version: '10.0', java.version: '11.0.18'
Driver info: driver.version: unknown
	at org.openqa.selenium.devtools.Connection.handle(Connection.java:260)
	... 5 more
авг. 16, 2023 4:22:07 PM org.openqa.selenium.devtools.Connection$Listener lambda$onText$0
WARNING: Unable to process: {"method":"Fetch.requestPaused","params":{"requestId":"interception-job-257.0","request":{"url":"http://localhost:8080/","method":"GET","headers":{"Accept":"text/html,application/xhtml+xml,application/xml;q=0.9,image/avif,image/webp,image/apng,*/*;q=0.8,application/signed-exchange;v=b3;q=0.7","Upgrade-Insecure-Requests":"1","User-Agent":"Mozilla/5.0 (Windows NT 10.0; Win64; x64) AppleWebKit/537.36 (KHTML, like Gecko) Chrome/116.0.0.0 Safari/537.36","sec-ch-ua":"\"Chromium\";v=\"116\", \"Not)A;Brand\";v=\"24\", \"Google Chrome\";v=\"116\"","sec-ch-ua-mobile":"?0","sec-ch-ua-platform":"\"Windows\""},"initialPriority":"VeryHigh","referrerPolicy":"strict-origin-when-cross-origin"},"frameId":"D165F02B89151667DFD1BF49856829E7","resourceType":"Document","responseStatusCode":200,"responseStatusText":"","responseHeaders":[{"name":"Vary","value":"Origin"},{"name":"Vary","value":"Access-Control-Request-Method"},{"name":"Vary","value":"Access-Control-Request-Headers"},{"name":"Last-Modified","value":"Thu, 03 Aug 2023 10:18:16 GMT"},{"name":"Date","value":"Wed, 16 Aug 2023 13:22:07 GMT"},{"name":"Accept-Ranges","value":"bytes"},{"name":"Content-Type","value":"text/html"},{"name":"Content-Language","value":"ru-RU"},{"name":"Content-Length","value":"2308"}]},"sessionId":"69DE6D1A85B5D627489871F60443E14A"}
org.openqa.selenium.devtools.DevToolsException: {"id":1574,"error":{"code":-32602,"message":"Invalid InterceptionId."},"sessionId":"69DE6D1A85B5D627489871F60443E14A"}
Build info: version: '4.11.0', revision: '040bc5406b'
System info: os.name: 'Windows 10', os.arch: 'amd64', os.version: '10.0', java.version: '11.0.18'
Driver info: driver.version: unknown
	at org.openqa.selenium.devtools.Connection.sendAndWait(Connection.java:181)
	at org.openqa.selenium.devtools.DevTools.send(DevTools.java:81)
	at org.openqa.selenium.devtools.idealized.Network.lambda$prepareToInterceptTraffic$4(Network.java:194)
	at org.openqa.selenium.devtools.Connection.lambda$handle$4(Connection.java:321)
	at java.base/java.util.stream.ForEachOps$ForEachOp$OfRef.accept(ForEachOps.java:183)
	at java.base/java.util.stream.ReferencePipeline$2$1.accept(ReferencePipeline.java:177)
	at java.base/java.util.stream.ReferencePipeline$11$1.accept(ReferencePipeline.java:442)
	at java.base/java.util.HashMap$KeySpliterator.forEachRemaining(HashMap.java:1621)
	at java.base/java.util.stream.AbstractPipeline.copyInto(AbstractPipeline.java:484)
	at java.base/java.util.stream.AbstractPipeline.wrapAndCopyInto(AbstractPipeline.java:474)
	at java.base/java.util.stream.ForEachOps$ForEachOp.evaluateSequential(ForEachOps.java:150)
	at java.base/java.util.stream.ForEachOps$ForEachOp$OfRef.evaluateSequential(ForEachOps.java:173)
	at java.base/java.util.stream.AbstractPipeline.evaluate(AbstractPipeline.java:234)
	at java.base/java.util.stream.ReferencePipeline.forEach(ReferencePipeline.java:497)
	at org.openqa.selenium.devtools.Connection.handle(Connection.java:287)
	at org.openqa.selenium.devtools.Connection.access$200(Connection.java:57)
	at org.openqa.selenium.devtools.Connection$Listener.lambda$onText$0(Connection.java:224)
	at java.base/java.util.concurrent.ThreadPoolExecutor.runWorker(ThreadPoolExecutor.java:1128)
	at java.base/java.util.concurrent.ThreadPoolExecutor$Worker.run(ThreadPoolExecutor.java:628)
	at java.base/java.lang.Thread.run(Thread.java:829)
Caused by: org.openqa.selenium.WebDriverException: {"id":1574,"error":{"code":-32602,"message":"Invalid InterceptionId."},"sessionId":"69DE6D1A85B5D627489871F60443E14A"}
Build info: version: '4.11.0', revision: '040bc5406b'
System info: os.name: 'Windows 10', os.arch: 'amd64', os.version: '10.0', java.version: '11.0.18'
Driver info: driver.version: unknown
	at org.openqa.selenium.devtools.Connection.handle(Connection.java:260)
	... 5 more

Exception in thread "CDP Connection" org.openqa.selenium.devtools.DevToolsException: {"id":1574,"error":{"code":-32602,"message":"Invalid InterceptionId."},"sessionId":"69DE6D1A85B5D627489871F60443E14A"}
Build info: version: '4.11.0', revision: '040bc5406b'
System info: os.name: 'Windows 10', os.arch: 'amd64', os.version: '10.0', java.version: '11.0.18'
Driver info: driver.version: unknown
	at org.openqa.selenium.devtools.Connection$Listener.lambda$onText$0(Connection.java:227)
	at java.base/java.util.concurrent.ThreadPoolExecutor.runWorker(ThreadPoolExecutor.java:1128)
	at java.base/java.util.concurrent.ThreadPoolExecutor$Worker.run(ThreadPoolExecutor.java:628)
	at java.base/java.lang.Thread.run(Thread.java:829)
Caused by: org.openqa.selenium.devtools.DevToolsException: {"id":1574,"error":{"code":-32602,"message":"Invalid InterceptionId."},"sessionId":"69DE6D1A85B5D627489871F60443E14A"}
Build info: version: '4.11.0', revision: '040bc5406b'
System info: os.name: 'Windows 10', os.arch: 'amd64', os.version: '10.0', java.version: '11.0.18'
Driver info: driver.version: unknown
	at org.openqa.selenium.devtools.Connection.sendAndWait(Connection.java:181)
	at org.openqa.selenium.devtools.DevTools.send(DevTools.java:81)
	at org.openqa.selenium.devtools.idealized.Network.lambda$prepareToInterceptTraffic$4(Network.java:194)
	at org.openqa.selenium.devtools.Connection.lambda$handle$4(Connection.java:321)
	at java.base/java.util.stream.ForEachOps$ForEachOp$OfRef.accept(ForEachOps.java:183)
	at java.base/java.util.stream.ReferencePipeline$2$1.accept(ReferencePipeline.java:177)
	at java.base/java.util.stream.ReferencePipeline$11$1.accept(ReferencePipeline.java:442)
	at java.base/java.util.HashMap$KeySpliterator.forEachRemaining(HashMap.java:1621)
	at java.base/java.util.stream.AbstractPipeline.copyInto(AbstractPipeline.java:484)
	at java.base/java.util.stream.AbstractPipeline.wrapAndCopyInto(AbstractPipeline.java:474)
	at java.base/java.util.stream.ForEachOps$ForEachOp.evaluateSequential(ForEachOps.java:150)
	at java.base/java.util.stream.ForEachOps$ForEachOp$OfRef.evaluateSequential(ForEachOps.java:173)
	at java.base/java.util.stream.AbstractPipeline.evaluate(AbstractPipeline.java:234)
	at java.base/java.util.stream.ReferencePipeline.forEach(ReferencePipeline.java:497)
	at org.openqa.selenium.devtools.Connection.handle(Connection.java:287)
	at org.openqa.selenium.devtools.Connection.access$200(Connection.java:57)
	at org.openqa.selenium.devtools.Connection$Listener.lambda$onText$0(Connection.java:224)
	... 3 more
Caused by: org.openqa.selenium.WebDriverException: {"id":1574,"error":{"code":-32602,"message":"Invalid InterceptionId."},"sessionId":"69DE6D1A85B5D627489871F60443E14A"}
Build info: version: '4.11.0', revision: '040bc5406b'
System info: os.name: 'Windows 10', os.arch: 'amd64', os.version: '10.0', java.version: '11.0.18'
Driver info: driver.version: unknown
	at org.openqa.selenium.devtools.Connection.handle(Connection.java:260)
	... 5 more
авг. 16, 2023 4:22:07 PM org.openqa.selenium.devtools.Connection$Listener lambda$onText$0
WARNING: Unable to process: {"method":"Fetch.requestPaused","params":{"requestId":"interception-job-257.0","request":{"url":"http://localhost:8080/","method":"GET","headers":{"Accept":"text/html,application/xhtml+xml,application/xml;q=0.9,image/avif,image/webp,image/apng,*/*;q=0.8,application/signed-exchange;v=b3;q=0.7","Upgrade-Insecure-Requests":"1","User-Agent":"Mozilla/5.0 (Windows NT 10.0; Win64; x64) AppleWebKit/537.36 (KHTML, like Gecko) Chrome/116.0.0.0 Safari/537.36","sec-ch-ua":"\"Chromium\";v=\"116\", \"Not)A;Brand\";v=\"24\", \"Google Chrome\";v=\"116\"","sec-ch-ua-mobile":"?0","sec-ch-ua-platform":"\"Windows\""},"initialPriority":"VeryHigh","referrerPolicy":"strict-origin-when-cross-origin"},"frameId":"D165F02B89151667DFD1BF49856829E7","resourceType":"Document"},"sessionId":"69DE6D1A85B5D627489871F60443E14A"}
org.openqa.selenium.devtools.DevToolsException: {"id":1575,"error":{"code":-32602,"message":"Invalid InterceptionId."},"sessionId":"69DE6D1A85B5D627489871F60443E14A"}
Build info: version: '4.11.0', revision: '040bc5406b'
System info: os.name: 'Windows 10', os.arch: 'amd64', os.version: '10.0', java.version: '11.0.18'
Driver info: driver.version: unknown
	at org.openqa.selenium.devtools.Connection.sendAndWait(Connection.java:181)
	at org.openqa.selenium.devtools.DevTools.send(DevTools.java:81)
	at org.openqa.selenium.devtools.idealized.Network.lambda$prepareToInterceptTraffic$3(Network.java:211)
	at org.openqa.selenium.remote.http.Filter.lambda$andFinally$1(Filter.java:55)
	at org.openqa.selenium.devtools.idealized.Network.lambda$prepareToInterceptTraffic$4(Network.java:226)
	at org.openqa.selenium.devtools.Connection.lambda$handle$4(Connection.java:321)
	at java.base/java.util.stream.ForEachOps$ForEachOp$OfRef.accept(ForEachOps.java:183)
	at java.base/java.util.stream.ReferencePipeline$2$1.accept(ReferencePipeline.java:177)
	at java.base/java.util.stream.ReferencePipeline$11$1.accept(ReferencePipeline.java:442)
	at java.base/java.util.HashMap$KeySpliterator.forEachRemaining(HashMap.java:1621)
	at java.base/java.util.stream.AbstractPipeline.copyInto(AbstractPipeline.java:484)
	at java.base/java.util.stream.AbstractPipeline.wrapAndCopyInto(AbstractPipeline.java:474)
	at java.base/java.util.stream.ForEachOps$ForEachOp.evaluateSequential(ForEachOps.java:150)
	at java.base/java.util.stream.ForEachOps$ForEachOp$OfRef.evaluateSequential(ForEachOps.java:173)
	at java.base/java.util.stream.AbstractPipeline.evaluate(AbstractPipeline.java:234)
	at java.base/java.util.stream.ReferencePipeline.forEach(ReferencePipeline.java:497)
	at org.openqa.selenium.devtools.Connection.handle(Connection.java:287)
	at org.openqa.selenium.devtools.Connection.access$200(Connection.java:57)
	at org.openqa.selenium.devtools.Connection$Listener.lambda$onText$0(Connection.java:224)
	at java.base/java.util.concurrent.ThreadPoolExecutor.runWorker(ThreadPoolExecutor.java:1128)
	at java.base/java.util.concurrent.ThreadPoolExecutor$Worker.run(ThreadPoolExecutor.java:628)
	at java.base/java.lang.Thread.run(Thread.java:829)
Caused by: org.openqa.selenium.WebDriverException: {"id":1575,"error":{"code":-32602,"message":"Invalid InterceptionId."},"sessionId":"69DE6D1A85B5D627489871F60443E14A"}
Build info: version: '4.11.0', revision: '040bc5406b'
System info: os.name: 'Windows 10', os.arch: 'amd64', os.version: '10.0', java.version: '11.0.18'
Driver info: driver.version: unknown
	at org.openqa.selenium.devtools.Connection.handle(Connection.java:260)
	... 5 more

Exception in thread "CDP Connection" org.openqa.selenium.devtools.DevToolsException: {"id":1575,"error":{"code":-32602,"message":"Invalid InterceptionId."},"sessionId":"69DE6D1A85B5D627489871F60443E14A"}
Build info: version: '4.11.0', revision: '040bc5406b'
System info: os.name: 'Windows 10', os.arch: 'amd64', os.version: '10.0', java.version: '11.0.18'
Driver info: driver.version: unknown
	at org.openqa.selenium.devtools.Connection$Listener.lambda$onText$0(Connection.java:227)
	at java.base/java.util.concurrent.ThreadPoolExecutor.runWorker(ThreadPoolExecutor.java:1128)
	at java.base/java.util.concurrent.ThreadPoolExecutor$Worker.run(ThreadPoolExecutor.java:628)
	at java.base/java.lang.Thread.run(Thread.java:829)
Caused by: org.openqa.selenium.devtools.DevToolsException: {"id":1575,"error":{"code":-32602,"message":"Invalid InterceptionId."},"sessionId":"69DE6D1A85B5D627489871F60443E14A"}
Build info: version: '4.11.0', revision: '040bc5406b'
System info: os.name: 'Windows 10', os.arch: 'amd64', os.version: '10.0', java.version: '11.0.18'
Driver info: driver.version: unknown
	at org.openqa.selenium.devtools.Connection.sendAndWait(Connection.java:181)
	at org.openqa.selenium.devtools.DevTools.send(DevTools.java:81)
	at org.openqa.selenium.devtools.idealized.Network.lambda$prepareToInterceptTraffic$3(Network.java:211)
	at org.openqa.selenium.remote.http.Filter.lambda$andFinally$1(Filter.java:55)
	at org.openqa.selenium.devtools.idealized.Network.lambda$prepareToInterceptTraffic$4(Network.java:226)
	at org.openqa.selenium.devtools.Connection.lambda$handle$4(Connection.java:321)
	at java.base/java.util.stream.ForEachOps$ForEachOp$OfRef.accept(ForEachOps.java:183)
	at java.base/java.util.stream.ReferencePipeline$2$1.accept(ReferencePipeline.java:177)
	at java.base/java.util.stream.ReferencePipeline$11$1.accept(ReferencePipeline.java:442)
	at java.base/java.util.HashMap$KeySpliterator.forEachRemaining(HashMap.java:1621)
	at java.base/java.util.stream.AbstractPipeline.copyInto(AbstractPipeline.java:484)
	at java.base/java.util.stream.AbstractPipeline.wrapAndCopyInto(AbstractPipeline.java:474)
	at java.base/java.util.stream.ForEachOps$ForEachOp.evaluateSequential(ForEachOps.java:150)
	at java.base/java.util.stream.ForEachOps$ForEachOp$OfRef.evaluateSequential(ForEachOps.java:173)
	at java.base/java.util.stream.AbstractPipeline.evaluate(AbstractPipeline.java:234)
	at java.base/java.util.stream.ReferencePipeline.forEach(ReferencePipeline.java:497)
	at org.openqa.selenium.devtools.Connection.handle(Connection.java:287)
	at org.openqa.selenium.devtools.Connection.access$200(Connection.java:57)
	at org.openqa.selenium.devtools.Connection$Listener.lambda$onText$0(Connection.java:224)
	... 3 more
Caused by: org.openqa.selenium.WebDriverException: {"id":1575,"error":{"code":-32602,"message":"Invalid InterceptionId."},"sessionId":"69DE6D1A85B5D627489871F60443E14A"}
Build info: version: '4.11.0', revision: '040bc5406b'
System info: os.name: 'Windows 10', os.arch: 'amd64', os.version: '10.0', java.version: '11.0.18'
Driver info: driver.version: unknown
	at org.openqa.selenium.devtools.Connection.handle(Connection.java:260)
	... 5 more
авг. 16, 2023 4:22:07 PM org.openqa.selenium.devtools.Connection$Listener lambda$onText$0
WARNING: Unable to process: {"method":"Fetch.requestPaused","params":{"requestId":"interception-job-259.0","request":{"url":"http://localhost:8080/static/css/main.8978894b.chunk.css","method":"GET","headers":{"Accept":"text/css,*/*;q=0.1","Referer":"http://localhost:8080/","User-Agent":"Mozilla/5.0 (Windows NT 10.0; Win64; x64) AppleWebKit/537.36 (KHTML, like Gecko) Chrome/116.0.0.0 Safari/537.36","sec-ch-ua":"\"Chromium\";v=\"116\", \"Not)A;Brand\";v=\"24\", \"Google Chrome\";v=\"116\"","sec-ch-ua-mobile":"?0","sec-ch-ua-platform":"\"Windows\""},"initialPriority":"VeryHigh","referrerPolicy":"strict-origin-when-cross-origin"},"frameId":"D165F02B89151667DFD1BF49856829E7","resourceType":"Stylesheet"},"sessionId":"69DE6D1A85B5D627489871F60443E14A"}
org.openqa.selenium.devtools.DevToolsException: {"id":1587,"error":{"code":-32602,"message":"Invalid InterceptionId."},"sessionId":"69DE6D1A85B5D627489871F60443E14A"}
Build info: version: '4.11.0', revision: '040bc5406b'
System info: os.name: 'Windows 10', os.arch: 'amd64', os.version: '10.0', java.version: '11.0.18'
Driver info: driver.version: unknown
	at org.openqa.selenium.devtools.Connection.sendAndWait(Connection.java:181)
	at org.openqa.selenium.devtools.DevTools.send(DevTools.java:81)
	at org.openqa.selenium.devtools.idealized.Network.lambda$prepareToInterceptTraffic$3(Network.java:211)
	at org.openqa.selenium.remote.http.Filter.lambda$andFinally$1(Filter.java:55)
	at org.openqa.selenium.devtools.idealized.Network.lambda$prepareToInterceptTraffic$4(Network.java:226)
	at org.openqa.selenium.devtools.Connection.lambda$handle$4(Connection.java:321)
	at java.base/java.util.stream.ForEachOps$ForEachOp$OfRef.accept(ForEachOps.java:183)
	at java.base/java.util.stream.ReferencePipeline$2$1.accept(ReferencePipeline.java:177)
	at java.base/java.util.stream.ReferencePipeline$11$1.accept(ReferencePipeline.java:442)
	at java.base/java.util.HashMap$KeySpliterator.forEachRemaining(HashMap.java:1621)
	at java.base/java.util.stream.AbstractPipeline.copyInto(AbstractPipeline.java:484)
	at java.base/java.util.stream.AbstractPipeline.wrapAndCopyInto(AbstractPipeline.java:474)
	at java.base/java.util.stream.ForEachOps$ForEachOp.evaluateSequential(ForEachOps.java:150)
	at java.base/java.util.stream.ForEachOps$ForEachOp$OfRef.evaluateSequential(ForEachOps.java:173)
	at java.base/java.util.stream.AbstractPipeline.evaluate(AbstractPipeline.java:234)
	at java.base/java.util.stream.ReferencePipeline.forEach(ReferencePipeline.java:497)
	at org.openqa.selenium.devtools.Connection.handle(Connection.java:287)
	at org.openqa.selenium.devtools.Connection.access$200(Connection.java:57)
	at org.openqa.selenium.devtools.Connection$Listener.lambda$onText$0(Connection.java:224)
	at java.base/java.util.concurrent.ThreadPoolExecutor.runWorker(ThreadPoolExecutor.java:1128)
	at java.base/java.util.concurrent.ThreadPoolExecutor$Worker.run(ThreadPoolExecutor.java:628)
	at java.base/java.lang.Thread.run(Thread.java:829)
Caused by: org.openqa.selenium.WebDriverException: {"id":1587,"error":{"code":-32602,"message":"Invalid InterceptionId."},"sessionId":"69DE6D1A85B5D627489871F60443E14A"}
Build info: version: '4.11.0', revision: '040bc5406b'
System info: os.name: 'Windows 10', os.arch: 'amd64', os.version: '10.0', java.version: '11.0.18'
Driver info: driver.version: unknown
	at org.openqa.selenium.devtools.Connection.handle(Connection.java:260)
	... 5 more

Exception in thread "CDP Connection" org.openqa.selenium.devtools.DevToolsException: {"id":1587,"error":{"code":-32602,"message":"Invalid InterceptionId."},"sessionId":"69DE6D1A85B5D627489871F60443E14A"}
Build info: version: '4.11.0', revision: '040bc5406b'
System info: os.name: 'Windows 10', os.arch: 'amd64', os.version: '10.0', java.version: '11.0.18'
Driver info: driver.version: unknown
	at org.openqa.selenium.devtools.Connection$Listener.lambda$onText$0(Connection.java:227)
	at java.base/java.util.concurrent.ThreadPoolExecutor.runWorker(ThreadPoolExecutor.java:1128)
	at java.base/java.util.concurrent.ThreadPoolExecutor$Worker.run(ThreadPoolExecutor.java:628)
	at java.base/java.lang.Thread.run(Thread.java:829)
Caused by: org.openqa.selenium.devtools.DevToolsException: {"id":1587,"error":{"code":-32602,"message":"Invalid InterceptionId."},"sessionId":"69DE6D1A85B5D627489871F60443E14A"}
Build info: version: '4.11.0', revision: '040bc5406b'
System info: os.name: 'Windows 10', os.arch: 'amd64', os.version: '10.0', java.version: '11.0.18'
Driver info: driver.version: unknown
	at org.openqa.selenium.devtools.Connection.sendAndWait(Connection.java:181)
	at org.openqa.selenium.devtools.DevTools.send(DevTools.java:81)
	at org.openqa.selenium.devtools.idealized.Network.lambda$prepareToInterceptTraffic$3(Network.java:211)
	at org.openqa.selenium.remote.http.Filter.lambda$andFinally$1(Filter.java:55)
	at org.openqa.selenium.devtools.idealized.Network.lambda$prepareToInterceptTraffic$4(Network.java:226)
	at org.openqa.selenium.devtools.Connection.lambda$handle$4(Connection.java:321)
	at java.base/java.util.stream.ForEachOps$ForEachOp$OfRef.accept(ForEachOps.java:183)
	at java.base/java.util.stream.ReferencePipeline$2$1.accept(ReferencePipeline.java:177)
	at java.base/java.util.stream.ReferencePipeline$11$1.accept(ReferencePipeline.java:442)
	at java.base/java.util.HashMap$KeySpliterator.forEachRemaining(HashMap.java:1621)
	at java.base/java.util.stream.AbstractPipeline.copyInto(AbstractPipeline.java:484)
	at java.base/java.util.stream.AbstractPipeline.wrapAndCopyInto(AbstractPipeline.java:474)
	at java.base/java.util.stream.ForEachOps$ForEachOp.evaluateSequential(ForEachOps.java:150)
	at java.base/java.util.stream.ForEachOps$ForEachOp$OfRef.evaluateSequential(ForEachOps.java:173)
	at java.base/java.util.stream.AbstractPipeline.evaluate(AbstractPipeline.java:234)
	at java.base/java.util.stream.ReferencePipeline.forEach(ReferencePipeline.java:497)
	at org.openqa.selenium.devtools.Connection.handle(Connection.java:287)
	at org.openqa.selenium.devtools.Connection.access$200(Connection.java:57)
	at org.openqa.selenium.devtools.Connection$Listener.lambda$onText$0(Connection.java:224)
	... 3 more
Caused by: org.openqa.selenium.WebDriverException: {"id":1587,"error":{"code":-32602,"message":"Invalid InterceptionId."},"sessionId":"69DE6D1A85B5D627489871F60443E14A"}
Build info: version: '4.11.0', revision: '040bc5406b'
System info: os.name: 'Windows 10', os.arch: 'amd64', os.version: '10.0', java.version: '11.0.18'
Driver info: driver.version: unknown
	at org.openqa.selenium.devtools.Connection.handle(Connection.java:260)
	... 5 more
авг. 16, 2023 4:22:07 PM org.openqa.selenium.devtools.Connection$Listener lambda$onText$0
WARNING: Unable to process: {"method":"Fetch.requestPaused","params":{"requestId":"interception-job-259.0","request":{"url":"http://localhost:8080/static/css/main.8978894b.chunk.css","method":"GET","headers":{"Accept":"text/css,*/*;q=0.1","Referer":"http://localhost:8080/","User-Agent":"Mozilla/5.0 (Windows NT 10.0; Win64; x64) AppleWebKit/537.36 (KHTML, like Gecko) Chrome/116.0.0.0 Safari/537.36","sec-ch-ua":"\"Chromium\";v=\"116\", \"Not)A;Brand\";v=\"24\", \"Google Chrome\";v=\"116\"","sec-ch-ua-mobile":"?0","sec-ch-ua-platform":"\"Windows\""},"initialPriority":"VeryHigh","referrerPolicy":"unsafe-url"},"frameId":"D165F02B89151667DFD1BF49856829E7","resourceType":"Stylesheet","responseStatusCode":200,"responseStatusText":"","responseHeaders":[{"name":"Vary","value":"Origin"},{"name":"Vary","value":"Access-Control-Request-Method"},{"name":"Vary","value":"Access-Control-Request-Headers"},{"name":"Last-Modified","value":"Thu, 03 Aug 2023 10:18:16 GMT"},{"name":"Accept-Ranges","value":"bytes"},{"name":"Content-Type","value":"text/css"},{"name":"Content-Length","value":"700"},{"name":"Date","value":"Wed, 16 Aug 2023 13:20:22 GMT"}]},"sessionId":"69DE6D1A85B5D627489871F60443E14A"}
org.openqa.selenium.devtools.DevToolsException: {"id":1586,"error":{"code":-32602,"message":"Invalid InterceptionId."},"sessionId":"69DE6D1A85B5D627489871F60443E14A"}
Build info: version: '4.11.0', revision: '040bc5406b'
System info: os.name: 'Windows 10', os.arch: 'amd64', os.version: '10.0', java.version: '11.0.18'
Driver info: driver.version: unknown
	at org.openqa.selenium.devtools.Connection.sendAndWait(Connection.java:181)
	at org.openqa.selenium.devtools.DevTools.send(DevTools.java:81)
	at org.openqa.selenium.devtools.idealized.Network.lambda$prepareToInterceptTraffic$4(Network.java:194)
	at org.openqa.selenium.devtools.Connection.lambda$handle$4(Connection.java:321)
	at java.base/java.util.stream.ForEachOps$ForEachOp$OfRef.accept(ForEachOps.java:183)
	at java.base/java.util.stream.ReferencePipeline$2$1.accept(ReferencePipeline.java:177)
	at java.base/java.util.stream.ReferencePipeline$11$1.accept(ReferencePipeline.java:442)
	at java.base/java.util.HashMap$KeySpliterator.forEachRemaining(HashMap.java:1621)
	at java.base/java.util.stream.AbstractPipeline.copyInto(AbstractPipeline.java:484)
	at java.base/java.util.stream.AbstractPipeline.wrapAndCopyInto(AbstractPipeline.java:474)
	at java.base/java.util.stream.ForEachOps$ForEachOp.evaluateSequential(ForEachOps.java:150)
	at java.base/java.util.stream.ForEachOps$ForEachOp$OfRef.evaluateSequential(ForEachOps.java:173)
	at java.base/java.util.stream.AbstractPipeline.evaluate(AbstractPipeline.java:234)
	at java.base/java.util.stream.ReferencePipeline.forEach(ReferencePipeline.java:497)
	at org.openqa.selenium.devtools.Connection.handle(Connection.java:287)
	at org.openqa.selenium.devtools.Connection.access$200(Connection.java:57)
	at org.openqa.selenium.devtools.Connection$Listener.lambda$onText$0(Connection.java:224)
	at java.base/java.util.concurrent.ThreadPoolExecutor.runWorker(ThreadPoolExecutor.java:1128)
	at java.base/java.util.concurrent.ThreadPoolExecutor$Worker.run(ThreadPoolExecutor.java:628)
	at java.base/java.lang.Thread.run(Thread.java:829)
Caused by: org.openqa.selenium.WebDriverException: {"id":1586,"error":{"code":-32602,"message":"Invalid InterceptionId."},"sessionId":"69DE6D1A85B5D627489871F60443E14A"}
Build info: version: '4.11.0', revision: '040bc5406b'
System info: os.name: 'Windows 10', os.arch: 'amd64', os.version: '10.0', java.version: '11.0.18'
Driver info: driver.version: unknown
	at org.openqa.selenium.devtools.Connection.handle(Connection.java:260)
	... 5 more

Exception in thread "CDP Connection" org.openqa.selenium.devtools.DevToolsException: {"id":1586,"error":{"code":-32602,"message":"Invalid InterceptionId."},"sessionId":"69DE6D1A85B5D627489871F60443E14A"}
Build info: version: '4.11.0', revision: '040bc5406b'
System info: os.name: 'Windows 10', os.arch: 'amd64', os.version: '10.0', java.version: '11.0.18'
Driver info: driver.version: unknown
	at org.openqa.selenium.devtools.Connection$Listener.lambda$onText$0(Connection.java:227)
	at java.base/java.util.concurrent.ThreadPoolExecutor.runWorker(ThreadPoolExecutor.java:1128)
	at java.base/java.util.concurrent.ThreadPoolExecutor$Worker.run(ThreadPoolExecutor.java:628)
	at java.base/java.lang.Thread.run(Thread.java:829)
Caused by: org.openqa.selenium.devtools.DevToolsException: {"id":1586,"error":{"code":-32602,"message":"Invalid InterceptionId."},"sessionId":"69DE6D1A85B5D627489871F60443E14A"}
Build info: version: '4.11.0', revision: '040bc5406b'
System info: os.name: 'Windows 10', os.arch: 'amd64', os.version: '10.0', java.version: '11.0.18'
Driver info: driver.version: unknown
	at org.openqa.selenium.devtools.Connection.sendAndWait(Connection.java:181)
	at org.openqa.selenium.devtools.DevTools.send(DevTools.java:81)
	at org.openqa.selenium.devtools.idealized.Network.lambda$prepareToInterceptTraffic$4(Network.java:194)
	at org.openqa.selenium.devtools.Connection.lambda$handle$4(Connection.java:321)
	at java.base/java.util.stream.ForEachOps$ForEachOp$OfRef.accept(ForEachOps.java:183)
	at java.base/java.util.stream.ReferencePipeline$2$1.accept(ReferencePipeline.java:177)
	at java.base/java.util.stream.ReferencePipeline$11$1.accept(ReferencePipeline.java:442)
	at java.base/java.util.HashMap$KeySpliterator.forEachRemaining(HashMap.java:1621)
	at java.base/java.util.stream.AbstractPipeline.copyInto(AbstractPipeline.java:484)
	at java.base/java.util.stream.AbstractPipeline.wrapAndCopyInto(AbstractPipeline.java:474)
	at java.base/java.util.stream.ForEachOps$ForEachOp.evaluateSequential(ForEachOps.java:150)
	at java.base/java.util.stream.ForEachOps$ForEachOp$OfRef.evaluateSequential(ForEachOps.java:173)
	at java.base/java.util.stream.AbstractPipeline.evaluate(AbstractPipeline.java:234)
	at java.base/java.util.stream.ReferencePipeline.forEach(ReferencePipeline.java:497)
	at org.openqa.selenium.devtools.Connection.handle(Connection.java:287)
	at org.openqa.selenium.devtools.Connection.access$200(Connection.java:57)
	at org.openqa.selenium.devtools.Connection$Listener.lambda$onText$0(Connection.java:224)
	... 3 more
Caused by: org.openqa.selenium.WebDriverException: {"id":1586,"error":{"code":-32602,"message":"Invalid InterceptionId."},"sessionId":"69DE6D1A85B5D627489871F60443E14A"}
Build info: version: '4.11.0', revision: '040bc5406b'
System info: os.name: 'Windows 10', os.arch: 'amd64', os.version: '10.0', java.version: '11.0.18'
Driver info: driver.version: unknown
	at org.openqa.selenium.devtools.Connection.handle(Connection.java:260)
	... 5 more
авг. 16, 2023 4:22:07 PM org.openqa.selenium.devtools.Connection$Listener lambda$onText$0
WARNING: Unable to process: {"method":"Fetch.requestPaused","params":{"requestId":"interception-job-258.0","request":{"url":"http://localhost:8080/static/css/2.7d875902.chunk.css","method":"GET","headers":{"Accept":"text/css,*/*;q=0.1","Referer":"http://localhost:8080/","User-Agent":"Mozilla/5.0 (Windows NT 10.0; Win64; x64) AppleWebKit/537.36 (KHTML, like Gecko) Chrome/116.0.0.0 Safari/537.36","sec-ch-ua":"\"Chromium\";v=\"116\", \"Not)A;Brand\";v=\"24\", \"Google Chrome\";v=\"116\"","sec-ch-ua-mobile":"?0","sec-ch-ua-platform":"\"Windows\""},"initialPriority":"VeryHigh","referrerPolicy":"unsafe-url"},"frameId":"D165F02B89151667DFD1BF49856829E7","resourceType":"Stylesheet","responseStatusCode":200,"responseStatusText":"","responseHeaders":[{"name":"Vary","value":"Origin"},{"name":"Vary","value":"Access-Control-Request-Method"},{"name":"Vary","value":"Access-Control-Request-Headers"},{"name":"Last-Modified","value":"Thu, 03 Aug 2023 10:18:16 GMT"},{"name":"Accept-Ranges","value":"bytes"},{"name":"Content-Type","value":"text/css"},{"name":"Content-Length","value":"87563"},{"name":"Date","value":"Wed, 16 Aug 2023 13:20:22 GMT"}]},"sessionId":"69DE6D1A85B5D627489871F60443E14A"}
org.openqa.selenium.devtools.DevToolsException: {"id":1590,"error":{"code":-32602,"message":"Invalid InterceptionId."},"sessionId":"69DE6D1A85B5D627489871F60443E14A"}
Build info: version: '4.11.0', revision: '040bc5406b'
System info: os.name: 'Windows 10', os.arch: 'amd64', os.version: '10.0', java.version: '11.0.18'
Driver info: driver.version: unknown
	at org.openqa.selenium.devtools.Connection.sendAndWait(Connection.java:181)
	at org.openqa.selenium.devtools.DevTools.send(DevTools.java:81)
	at org.openqa.selenium.devtools.idealized.Network.lambda$prepareToInterceptTraffic$4(Network.java:194)
	at org.openqa.selenium.devtools.Connection.lambda$handle$4(Connection.java:321)
	at java.base/java.util.stream.ForEachOps$ForEachOp$OfRef.accept(ForEachOps.java:183)
	at java.base/java.util.stream.ReferencePipeline$2$1.accept(ReferencePipeline.java:177)
	at java.base/java.util.stream.ReferencePipeline$11$1.accept(ReferencePipeline.java:442)
	at java.base/java.util.HashMap$KeySpliterator.forEachRemaining(HashMap.java:1621)
	at java.base/java.util.stream.AbstractPipeline.copyInto(AbstractPipeline.java:484)
	at java.base/java.util.stream.AbstractPipeline.wrapAndCopyInto(AbstractPipeline.java:474)
	at java.base/java.util.stream.ForEachOps$ForEachOp.evaluateSequential(ForEachOps.java:150)
	at java.base/java.util.stream.ForEachOps$ForEachOp$OfRef.evaluateSequential(ForEachOps.java:173)
	at java.base/java.util.stream.AbstractPipeline.evaluate(AbstractPipeline.java:234)
	at java.base/java.util.stream.ReferencePipeline.forEach(ReferencePipeline.java:497)
	at org.openqa.selenium.devtools.Connection.handle(Connection.java:287)
	at org.openqa.selenium.devtools.Connection.access$200(Connection.java:57)
	at org.openqa.selenium.devtools.Connection$Listener.lambda$onText$0(Connection.java:224)
	at java.base/java.util.concurrent.ThreadPoolExecutor.runWorker(ThreadPoolExecutor.java:1128)
	at java.base/java.util.concurrent.ThreadPoolExecutor$Worker.run(ThreadPoolExecutor.java:628)
	at java.base/java.lang.Thread.run(Thread.java:829)
Caused by: org.openqa.selenium.WebDriverException: {"id":1590,"error":{"code":-32602,"message":"Invalid InterceptionId."},"sessionId":"69DE6D1A85B5D627489871F60443E14A"}
Build info: version: '4.11.0', revision: '040bc5406b'
System info: os.name: 'Windows 10', os.arch: 'amd64', os.version: '10.0', java.version: '11.0.18'
Driver info: driver.version: unknown
	at org.openqa.selenium.devtools.Connection.handle(Connection.java:260)
	... 5 more

Exception in thread "CDP Connection" org.openqa.selenium.devtools.DevToolsException: {"id":1590,"error":{"code":-32602,"message":"Invalid InterceptionId."},"sessionId":"69DE6D1A85B5D627489871F60443E14A"}
Build info: version: '4.11.0', revision: '040bc5406b'
System info: os.name: 'Windows 10', os.arch: 'amd64', os.version: '10.0', java.version: '11.0.18'
Driver info: driver.version: unknown
	at org.openqa.selenium.devtools.Connection$Listener.lambda$onText$0(Connection.java:227)
	at java.base/java.util.concurrent.ThreadPoolExecutor.runWorker(ThreadPoolExecutor.java:1128)
	at java.base/java.util.concurrent.ThreadPoolExecutor$Worker.run(ThreadPoolExecutor.java:628)
	at java.base/java.lang.Thread.run(Thread.java:829)
Caused by: org.openqa.selenium.devtools.DevToolsException: {"id":1590,"error":{"code":-32602,"message":"Invalid InterceptionId."},"sessionId":"69DE6D1A85B5D627489871F60443E14A"}
Build info: version: '4.11.0', revision: '040bc5406b'
System info: os.name: 'Windows 10', os.arch: 'amd64', os.version: '10.0', java.version: '11.0.18'
Driver info: driver.version: unknown
	at org.openqa.selenium.devtools.Connection.sendAndWait(Connection.java:181)
	at org.openqa.selenium.devtools.DevTools.send(DevTools.java:81)
	at org.openqa.selenium.devtools.idealized.Network.lambda$prepareToInterceptTraffic$4(Network.java:194)
	at org.openqa.selenium.devtools.Connection.lambda$handle$4(Connection.java:321)
	at java.base/java.util.stream.ForEachOps$ForEachOp$OfRef.accept(ForEachOps.java:183)
	at java.base/java.util.stream.ReferencePipeline$2$1.accept(ReferencePipeline.java:177)
	at java.base/java.util.stream.ReferencePipeline$11$1.accept(ReferencePipeline.java:442)
	at java.base/java.util.HashMap$KeySpliterator.forEachRemaining(HashMap.java:1621)
	at java.base/java.util.stream.AbstractPipeline.copyInto(AbstractPipeline.java:484)
	at java.base/java.util.stream.AbstractPipeline.wrapAndCopyInto(AbstractPipeline.java:474)
	at java.base/java.util.stream.ForEachOps$ForEachOp.evaluateSequential(ForEachOps.java:150)
	at java.base/java.util.stream.ForEachOps$ForEachOp$OfRef.evaluateSequential(ForEachOps.java:173)
	at java.base/java.util.stream.AbstractPipeline.evaluate(AbstractPipeline.java:234)
	at java.base/java.util.stream.ReferencePipeline.forEach(ReferencePipeline.java:497)
	at org.openqa.selenium.devtools.Connection.handle(Connection.java:287)
	at org.openqa.selenium.devtools.Connection.access$200(Connection.java:57)
	at org.openqa.selenium.devtools.Connection$Listener.lambda$onText$0(Connection.java:224)
	... 3 more
авг. 16, 2023 4:22:07 PM org.openqa.selenium.devtools.Connection$Listener lambda$onText$0
WARNING: Unable to process: {"method":"Fetch.requestPaused","params":{"requestId":"interception-job-258.0","request":{"url":"http://localhost:8080/static/css/2.7d875902.chunk.css","method":"GET","headers":{"Accept":"text/css,*/*;q=0.1","Referer":"http://localhost:8080/","User-Agent":"Mozilla/5.0 (Windows NT 10.0; Win64; x64) AppleWebKit/537.36 (KHTML, like Gecko) Chrome/116.0.0.0 Safari/537.36","sec-ch-ua":"\"Chromium\";v=\"116\", \"Not)A;Brand\";v=\"24\", \"Google Chrome\";v=\"116\"","sec-ch-ua-mobile":"?0","sec-ch-ua-platform":"\"Windows\""},"initialPriority":"VeryHigh","referrerPolicy":"strict-origin-when-cross-origin"},"frameId":"D165F02B89151667DFD1BF49856829E7","resourceType":"Stylesheet"},"sessionId":"69DE6D1A85B5D627489871F60443E14A"}
org.openqa.selenium.devtools.DevToolsException: {"id":1591,"error":{"code":-32602,"message":"Invalid InterceptionId."},"sessionId":"69DE6D1A85B5D627489871F60443E14A"}
Build info: version: '4.11.0', revision: '040bc5406b'
System info: os.name: 'Windows 10', os.arch: 'amd64', os.version: '10.0', java.version: '11.0.18'
Driver info: driver.version: unknown
	at org.openqa.selenium.devtools.Connection.sendAndWait(Connection.java:181)
	at org.openqa.selenium.devtools.DevTools.send(DevTools.java:81)
	at org.openqa.selenium.devtools.idealized.Network.lambda$prepareToInterceptTraffic$3(Network.java:211)
	at org.openqa.selenium.remote.http.Filter.lambda$andFinally$1(Filter.java:55)
	at org.openqa.selenium.devtools.idealized.Network.lambda$prepareToInterceptTraffic$4(Network.java:226)
	at org.openqa.selenium.devtools.Connection.lambda$handle$4(Connection.java:321)
	at java.base/java.util.stream.ForEachOps$ForEachOp$OfRef.accept(ForEachOps.java:183)
	at java.base/java.util.stream.ReferencePipeline$2$1.accept(ReferencePipeline.java:177)
	at java.base/java.util.stream.ReferencePipeline$11$1.accept(ReferencePipeline.java:442)
	at java.base/java.util.HashMap$KeySpliterator.forEachRemaining(HashMap.java:1621)
	at java.base/java.util.stream.AbstractPipeline.copyInto(AbstractPipeline.java:484)
	at java.base/java.util.stream.AbstractPipeline.wrapAndCopyInto(AbstractPipeline.java:474)
	at java.base/java.util.stream.ForEachOps$ForEachOp.evaluateSequential(ForEachOps.java:150)
	at java.base/java.util.stream.ForEachOps$ForEachOp$OfRef.evaluateSequential(ForEachOps.java:173)
	at java.base/java.util.stream.AbstractPipeline.evaluate(AbstractPipeline.java:234)
	at java.base/java.util.stream.ReferencePipeline.forEach(ReferencePipeline.java:497)
	at org.openqa.selenium.devtools.Connection.handle(Connection.java:287)
	at org.openqa.selenium.devtools.Connection.access$200(Connection.java:57)
	at org.openqa.selenium.devtools.Connection$Listener.lambda$onText$0(Connection.java:224)
	at java.base/java.util.concurrent.ThreadPoolExecutor.runWorker(ThreadPoolExecutor.java:1128)
	at java.base/java.util.concurrent.ThreadPoolExecutor$Worker.run(ThreadPoolExecutor.java:628)
	at java.base/java.lang.Thread.run(Thread.java:829)
Caused by: org.openqa.selenium.WebDriverException: {"id":1591,"error":{"code":-32602,"message":"Invalid InterceptionId."},"sessionId":"69DE6D1A85B5D627489871F60443E14A"}
Build info: version: '4.11.0', revision: '040bc5406b'
System info: os.name: 'Windows 10', os.arch: 'amd64', os.version: '10.0', java.version: '11.0.18'
Driver info: driver.version: unknown
	at org.openqa.selenium.devtools.Connection.handle(Connection.java:260)
	... 5 more

Caused by: org.openqa.selenium.WebDriverException: {"id":1590,"error":{"code":-32602,"message":"Invalid InterceptionId."},"sessionId":"69DE6D1A85B5D627489871F60443E14A"}
Build info: version: '4.11.0', revision: '040bc5406b'
System info: os.name: 'Windows 10', os.arch: 'amd64', os.version: '10.0', java.version: '11.0.18'
Driver info: driver.version: unknown
	at org.openqa.selenium.devtools.Connection.handle(Connection.java:260)
	... 5 more
Exception in thread "CDP Connection" org.openqa.selenium.devtools.DevToolsException: {"id":1591,"error":{"code":-32602,"message":"Invalid InterceptionId."},"sessionId":"69DE6D1A85B5D627489871F60443E14A"}
Build info: version: '4.11.0', revision: '040bc5406b'
System info: os.name: 'Windows 10', os.arch: 'amd64', os.version: '10.0', java.version: '11.0.18'
Driver info: driver.version: unknown
	at org.openqa.selenium.devtools.Connection$Listener.lambda$onText$0(Connection.java:227)
	at java.base/java.util.concurrent.ThreadPoolExecutor.runWorker(ThreadPoolExecutor.java:1128)
	at java.base/java.util.concurrent.ThreadPoolExecutor$Worker.run(ThreadPoolExecutor.java:628)
	at java.base/java.lang.Thread.run(Thread.java:829)
Caused by: org.openqa.selenium.devtools.DevToolsException: {"id":1591,"error":{"code":-32602,"message":"Invalid InterceptionId."},"sessionId":"69DE6D1A85B5D627489871F60443E14A"}
Build info: version: '4.11.0', revision: '040bc5406b'
System info: os.name: 'Windows 10', os.arch: 'amd64', os.version: '10.0', java.version: '11.0.18'
Driver info: driver.version: unknown
	at org.openqa.selenium.devtools.Connection.sendAndWait(Connection.java:181)
	at org.openqa.selenium.devtools.DevTools.send(DevTools.java:81)
	at org.openqa.selenium.devtools.idealized.Network.lambda$prepareToInterceptTraffic$3(Network.java:211)
	at org.openqa.selenium.remote.http.Filter.lambda$andFinally$1(Filter.java:55)
	at org.openqa.selenium.devtools.idealized.Network.lambda$prepareToInterceptTraffic$4(Network.java:226)
	at org.openqa.selenium.devtools.Connection.lambda$handle$4(Connection.java:321)
	at java.base/java.util.stream.ForEachOps$ForEachOp$OfRef.accept(ForEachOps.java:183)
	at java.base/java.util.stream.ReferencePipeline$2$1.accept(ReferencePipeline.java:177)
	at java.base/java.util.stream.ReferencePipeline$11$1.accept(ReferencePipeline.java:442)
	at java.base/java.util.HashMap$KeySpliterator.forEachRemaining(HashMap.java:1621)
	at java.base/java.util.stream.AbstractPipeline.copyInto(AbstractPipeline.java:484)
	at java.base/java.util.stream.AbstractPipeline.wrapAndCopyInto(AbstractPipeline.java:474)
	at java.base/java.util.stream.ForEachOps$ForEachOp.evaluateSequential(ForEachOps.java:150)
	at java.base/java.util.stream.ForEachOps$ForEachOp$OfRef.evaluateSequential(ForEachOps.java:173)
	at java.base/java.util.stream.AbstractPipeline.evaluate(AbstractPipeline.java:234)
	at java.base/java.util.stream.ReferencePipeline.forEach(ReferencePipeline.java:497)
	at org.openqa.selenium.devtools.Connection.handle(Connection.java:287)
	at org.openqa.selenium.devtools.Connection.access$200(Connection.java:57)
	at org.openqa.selenium.devtools.Connection$Listener.lambda$onText$0(Connection.java:224)
	... 3 more
Caused by: org.openqa.selenium.WebDriverException: {"id":1591,"error":{"code":-32602,"message":"Invalid InterceptionId."},"sessionId":"69DE6D1A85B5D627489871F60443E14A"}
Build info: version: '4.11.0', revision: '040bc5406b'
System info: os.name: 'Windows 10', os.arch: 'amd64', os.version: '10.0', java.version: '11.0.18'
Driver info: driver.version: unknown
	at org.openqa.selenium.devtools.Connection.handle(Connection.java:260)
	... 5 more
авг. 16, 2023 4:22:08 PM org.openqa.selenium.devtools.Connection$Listener lambda$onText$0
WARNING: Unable to process: {"method":"Fetch.requestPaused","params":{"requestId":"interception-job-261.0","request":{"url":"http://localhost:8080/static/js/main.aab190f3.chunk.js","method":"GET","headers":{"Accept":"*/*","Referer":"http://localhost:8080/","User-Agent":"Mozilla/5.0 (Windows NT 10.0; Win64; x64) AppleWebKit/537.36 (KHTML, like Gecko) Chrome/116.0.0.0 Safari/537.36","sec-ch-ua":"\"Chromium\";v=\"116\", \"Not)A;Brand\";v=\"24\", \"Google Chrome\";v=\"116\"","sec-ch-ua-mobile":"?0","sec-ch-ua-platform":"\"Windows\""},"initialPriority":"High","referrerPolicy":"strict-origin-when-cross-origin"},"frameId":"D165F02B89151667DFD1BF49856829E7","resourceType":"Script"},"sessionId":"69DE6D1A85B5D627489871F60443E14A"}
org.openqa.selenium.devtools.DevToolsException: {"id":1597,"error":{"code":-32602,"message":"Invalid InterceptionId."},"sessionId":"69DE6D1A85B5D627489871F60443E14A"}
Build info: version: '4.11.0', revision: '040bc5406b'
System info: os.name: 'Windows 10', os.arch: 'amd64', os.version: '10.0', java.version: '11.0.18'
Driver info: driver.version: unknown
	at org.openqa.selenium.devtools.Connection.sendAndWait(Connection.java:181)
	at org.openqa.selenium.devtools.DevTools.send(DevTools.java:81)
	at org.openqa.selenium.devtools.idealized.Network.lambda$prepareToInterceptTraffic$3(Network.java:211)
	at org.openqa.selenium.remote.http.Filter.lambda$andFinally$1(Filter.java:55)
	at org.openqa.selenium.devtools.idealized.Network.lambda$prepareToInterceptTraffic$4(Network.java:226)
	at org.openqa.selenium.devtools.Connection.lambda$handle$4(Connection.java:321)
	at java.base/java.util.stream.ForEachOps$ForEachOp$OfRef.accept(ForEachOps.java:183)
	at java.base/java.util.stream.ReferencePipeline$2$1.accept(ReferencePipeline.java:177)
	at java.base/java.util.stream.ReferencePipeline$11$1.accept(ReferencePipeline.java:442)
	at java.base/java.util.HashMap$KeySpliterator.forEachRemaining(HashMap.java:1621)
	at java.base/java.util.stream.AbstractPipeline.copyInto(AbstractPipeline.java:484)
	at java.base/java.util.stream.AbstractPipeline.wrapAndCopyInto(AbstractPipeline.java:474)
	at java.base/java.util.stream.ForEachOps$ForEachOp.evaluateSequential(ForEachOps.java:150)
	at java.base/java.util.stream.ForEachOps$ForEachOp$OfRef.evaluateSequential(ForEachOps.java:173)
	at java.base/java.util.stream.AbstractPipeline.evaluate(AbstractPipeline.java:234)
	at java.base/java.util.stream.ReferencePipeline.forEach(ReferencePipeline.java:497)
	at org.openqa.selenium.devtools.Connection.handle(Connection.java:287)
	at org.openqa.selenium.devtools.Connection.access$200(Connection.java:57)
	at org.openqa.selenium.devtools.Connection$Listener.lambda$onText$0(Connection.java:224)
	at java.base/java.util.concurrent.ThreadPoolExecutor.runWorker(ThreadPoolExecutor.java:1128)
	at java.base/java.util.concurrent.ThreadPoolExecutor$Worker.run(ThreadPoolExecutor.java:628)
	at java.base/java.lang.Thread.run(Thread.java:829)
Caused by: org.openqa.selenium.WebDriverException: {"id":1597,"error":{"code":-32602,"message":"Invalid InterceptionId."},"sessionId":"69DE6D1A85B5D627489871F60443E14A"}
Build info: version: '4.11.0', revision: '040bc5406b'
System info: os.name: 'Windows 10', os.arch: 'amd64', os.version: '10.0', java.version: '11.0.18'
Driver info: driver.version: unknown
	at org.openqa.selenium.devtools.Connection.handle(Connection.java:260)
	... 5 more

Exception in thread "CDP Connection" org.openqa.selenium.devtools.DevToolsException: {"id":1597,"error":{"code":-32602,"message":"Invalid InterceptionId."},"sessionId":"69DE6D1A85B5D627489871F60443E14A"}
Build info: version: '4.11.0', revision: '040bc5406b'
System info: os.name: 'Windows 10', os.arch: 'amd64', os.version: '10.0', java.version: '11.0.18'
Driver info: driver.version: unknown
	at org.openqa.selenium.devtools.Connection$Listener.lambda$onText$0(Connection.java:227)
	at java.base/java.util.concurrent.ThreadPoolExecutor.runWorker(ThreadPoolExecutor.java:1128)
	at java.base/java.util.concurrent.ThreadPoolExecutor$Worker.run(ThreadPoolExecutor.java:628)
	at java.base/java.lang.Thread.run(Thread.java:829)
Caused by: org.openqa.selenium.devtools.DevToolsException: {"id":1597,"error":{"code":-32602,"message":"Invalid InterceptionId."},"sessionId":"69DE6D1A85B5D627489871F60443E14A"}
Build info: version: '4.11.0', revision: '040bc5406b'
System info: os.name: 'Windows 10', os.arch: 'amd64', os.version: '10.0', java.version: '11.0.18'
Driver info: driver.version: unknown
	at org.openqa.selenium.devtools.Connection.sendAndWait(Connection.java:181)
	at org.openqa.selenium.devtools.DevTools.send(DevTools.java:81)
	at org.openqa.selenium.devtools.idealized.Network.lambda$prepareToInterceptTraffic$3(Network.java:211)
	at org.openqa.selenium.remote.http.Filter.lambda$andFinally$1(Filter.java:55)
	at org.openqa.selenium.devtools.idealized.Network.lambda$prepareToInterceptTraffic$4(Network.java:226)
	at org.openqa.selenium.devtools.Connection.lambda$handle$4(Connection.java:321)
	at java.base/java.util.stream.ForEachOps$ForEachOp$OfRef.accept(ForEachOps.java:183)
	at java.base/java.util.stream.ReferencePipeline$2$1.accept(ReferencePipeline.java:177)
	at java.base/java.util.stream.ReferencePipeline$11$1.accept(ReferencePipeline.java:442)
	at java.base/java.util.HashMap$KeySpliterator.forEachRemaining(HashMap.java:1621)
	at java.base/java.util.stream.AbstractPipeline.copyInto(AbstractPipeline.java:484)
	at java.base/java.util.stream.AbstractPipeline.wrapAndCopyInto(AbstractPipeline.java:474)
	at java.base/java.util.stream.ForEachOps$ForEachOp.evaluateSequential(ForEachOps.java:150)
	at java.base/java.util.stream.ForEachOps$ForEachOp$OfRef.evaluateSequential(ForEachOps.java:173)
	at java.base/java.util.stream.AbstractPipeline.evaluate(AbstractPipeline.java:234)
	at java.base/java.util.stream.ReferencePipeline.forEach(ReferencePipeline.java:497)
	at org.openqa.selenium.devtools.Connection.handle(Connection.java:287)
	at org.openqa.selenium.devtools.Connection.access$200(Connection.java:57)
	at org.openqa.selenium.devtools.Connection$Listener.lambda$onText$0(Connection.java:224)
	... 3 more
Caused by: org.openqa.selenium.WebDriverException: {"id":1597,"error":{"code":-32602,"message":"Invalid InterceptionId."},"sessionId":"69DE6D1A85B5D627489871F60443E14A"}
Build info: version: '4.11.0', revision: '040bc5406b'
System info: os.name: 'Windows 10', os.arch: 'amd64', os.version: '10.0', java.version: '11.0.18'
Driver info: driver.version: unknown
	at org.openqa.selenium.devtools.Connection.handle(Connection.java:260)
	... 5 more
авг. 16, 2023 4:22:08 PM org.openqa.selenium.devtools.Connection$Listener lambda$onText$0
WARNING: Unable to process: {"method":"Fetch.requestPaused","params":{"requestId":"interception-job-260.0","request":{"url":"http://localhost:8080/static/js/2.0716afe8.chunk.js","method":"GET","headers":{"Accept":"*/*","Referer":"http://localhost:8080/","User-Agent":"Mozilla/5.0 (Windows NT 10.0; Win64; x64) AppleWebKit/537.36 (KHTML, like Gecko) Chrome/116.0.0.0 Safari/537.36","sec-ch-ua":"\"Chromium\";v=\"116\", \"Not)A;Brand\";v=\"24\", \"Google Chrome\";v=\"116\"","sec-ch-ua-mobile":"?0","sec-ch-ua-platform":"\"Windows\""},"initialPriority":"High","referrerPolicy":"strict-origin-when-cross-origin"},"frameId":"D165F02B89151667DFD1BF49856829E7","resourceType":"Script"},"sessionId":"69DE6D1A85B5D627489871F60443E14A"}
org.openqa.selenium.devtools.DevToolsException: {"id":1598,"error":{"code":-32602,"message":"Invalid InterceptionId."},"sessionId":"69DE6D1A85B5D627489871F60443E14A"}
Build info: version: '4.11.0', revision: '040bc5406b'
System info: os.name: 'Windows 10', os.arch: 'amd64', os.version: '10.0', java.version: '11.0.18'
Driver info: driver.version: unknown
	at org.openqa.selenium.devtools.Connection.sendAndWait(Connection.java:181)
	at org.openqa.selenium.devtools.DevTools.send(DevTools.java:81)
	at org.openqa.selenium.devtools.idealized.Network.lambda$prepareToInterceptTraffic$3(Network.java:211)
	at org.openqa.selenium.remote.http.Filter.lambda$andFinally$1(Filter.java:55)
	at org.openqa.selenium.devtools.idealized.Network.lambda$prepareToInterceptTraffic$4(Network.java:226)
	at org.openqa.selenium.devtools.Connection.lambda$handle$4(Connection.java:321)
	at java.base/java.util.stream.ForEachOps$ForEachOp$OfRef.accept(ForEachOps.java:183)
	at java.base/java.util.stream.ReferencePipeline$2$1.accept(ReferencePipeline.java:177)
	at java.base/java.util.stream.ReferencePipeline$11$1.accept(ReferencePipeline.java:442)
	at java.base/java.util.HashMap$KeySpliterator.forEachRemaining(HashMap.java:1621)
	at java.base/java.util.stream.AbstractPipeline.copyInto(AbstractPipeline.java:484)
	at java.base/java.util.stream.AbstractPipeline.wrapAndCopyInto(AbstractPipeline.java:474)
	at java.base/java.util.stream.ForEachOps$ForEachOp.evaluateSequential(ForEachOps.java:150)
	at java.base/java.util.stream.ForEachOps$ForEachOp$OfRef.evaluateSequential(ForEachOps.java:173)
	at java.base/java.util.stream.AbstractPipeline.evaluate(AbstractPipeline.java:234)
	at java.base/java.util.stream.ReferencePipeline.forEach(ReferencePipeline.java:497)
	at org.openqa.selenium.devtools.Connection.handle(Connection.java:287)
	at org.openqa.selenium.devtools.Connection.access$200(Connection.java:57)
	at org.openqa.selenium.devtools.Connection$Listener.lambda$onText$0(Connection.java:224)
	at java.base/java.util.concurrent.ThreadPoolExecutor.runWorker(ThreadPoolExecutor.java:1128)
	at java.base/java.util.concurrent.ThreadPoolExecutor$Worker.run(ThreadPoolExecutor.java:628)
	at java.base/java.lang.Thread.run(Thread.java:829)
Caused by: org.openqa.selenium.WebDriverException: {"id":1598,"error":{"code":-32602,"message":"Invalid InterceptionId."},"sessionId":"69DE6D1A85B5D627489871F60443E14A"}
Build info: version: '4.11.0', revision: '040bc5406b'
System info: os.name: 'Windows 10', os.arch: 'amd64', os.version: '10.0', java.version: '11.0.18'
Driver info: driver.version: unknown
	at org.openqa.selenium.devtools.Connection.handle(Connection.java:260)
	... 5 more

Exception in thread "CDP Connection" org.openqa.selenium.devtools.DevToolsException: {"id":1598,"error":{"code":-32602,"message":"Invalid InterceptionId."},"sessionId":"69DE6D1A85B5D627489871F60443E14A"}
Build info: version: '4.11.0', revision: '040bc5406b'
System info: os.name: 'Windows 10', os.arch: 'amd64', os.version: '10.0', java.version: '11.0.18'
Driver info: driver.version: unknown
	at org.openqa.selenium.devtools.Connection$Listener.lambda$onText$0(Connection.java:227)
	at java.base/java.util.concurrent.ThreadPoolExecutor.runWorker(ThreadPoolExecutor.java:1128)
	at java.base/java.util.concurrent.ThreadPoolExecutor$Worker.run(ThreadPoolExecutor.java:628)
	at java.base/java.lang.Thread.run(Thread.java:829)
Caused by: org.openqa.selenium.devtools.DevToolsException: {"id":1598,"error":{"code":-32602,"message":"Invalid InterceptionId."},"sessionId":"69DE6D1A85B5D627489871F60443E14A"}
Build info: version: '4.11.0', revision: '040bc5406b'
System info: os.name: 'Windows 10', os.arch: 'amd64', os.version: '10.0', java.version: '11.0.18'
Driver info: driver.version: unknown
	at org.openqa.selenium.devtools.Connection.sendAndWait(Connection.java:181)
	at org.openqa.selenium.devtools.DevTools.send(DevTools.java:81)
	at org.openqa.selenium.devtools.idealized.Network.lambda$prepareToInterceptTraffic$3(Network.java:211)
	at org.openqa.selenium.remote.http.Filter.lambda$andFinally$1(Filter.java:55)
	at org.openqa.selenium.devtools.idealized.Network.lambda$prepareToInterceptTraffic$4(Network.java:226)
	at org.openqa.selenium.devtools.Connection.lambda$handle$4(Connection.java:321)
	at java.base/java.util.stream.ForEachOps$ForEachOp$OfRef.accept(ForEachOps.java:183)
	at java.base/java.util.stream.ReferencePipeline$2$1.accept(ReferencePipeline.java:177)
	at java.base/java.util.stream.ReferencePipeline$11$1.accept(ReferencePipeline.java:442)
	at java.base/java.util.HashMap$KeySpliterator.forEachRemaining(HashMap.java:1621)
	at java.base/java.util.stream.AbstractPipeline.copyInto(AbstractPipeline.java:484)
	at java.base/java.util.stream.AbstractPipeline.wrapAndCopyInto(AbstractPipeline.java:474)
	at java.base/java.util.stream.ForEachOps$ForEachOp.evaluateSequential(ForEachOps.java:150)
	at java.base/java.util.stream.ForEachOps$ForEachOp$OfRef.evaluateSequential(ForEachOps.java:173)
	at java.base/java.util.stream.AbstractPipeline.evaluate(AbstractPipeline.java:234)
	at java.base/java.util.stream.ReferencePipeline.forEach(ReferencePipeline.java:497)
	at org.openqa.selenium.devtools.Connection.handle(Connection.java:287)
	at org.openqa.selenium.devtools.Connection.access$200(Connection.java:57)
	at org.openqa.selenium.devtools.Connection$Listener.lambda$onText$0(Connection.java:224)
	... 3 more
Caused by: org.openqa.selenium.WebDriverException: {"id":1598,"error":{"code":-32602,"message":"Invalid InterceptionId."},"sessionId":"69DE6D1A85B5D627489871F60443E14A"}
Build info: version: '4.11.0', revision: '040bc5406b'
System info: os.name: 'Windows 10', os.arch: 'amd64', os.version: '10.0', java.version: '11.0.18'
Driver info: driver.version: unknown
	at org.openqa.selenium.devtools.Connection.handle(Connection.java:260)
	... 5 more
авг. 16, 2023 4:22:08 PM org.openqa.selenium.devtools.Connection$Listener lambda$onText$0
WARNING: Unable to process: {"method":"Fetch.requestPaused","params":{"requestId":"interception-job-261.0","request":{"url":"http://localhost:8080/static/js/main.aab190f3.chunk.js","method":"GET","headers":{"Accept":"*/*","Referer":"http://localhost:8080/","User-Agent":"Mozilla/5.0 (Windows NT 10.0; Win64; x64) AppleWebKit/537.36 (KHTML, like Gecko) Chrome/116.0.0.0 Safari/537.36","sec-ch-ua":"\"Chromium\";v=\"116\", \"Not)A;Brand\";v=\"24\", \"Google Chrome\";v=\"116\"","sec-ch-ua-mobile":"?0","sec-ch-ua-platform":"\"Windows\""},"initialPriority":"High","referrerPolicy":"unsafe-url"},"frameId":"D165F02B89151667DFD1BF49856829E7","resourceType":"Script","responseStatusCode":200,"responseStatusText":"","responseHeaders":[{"name":"Vary","value":"Origin"},{"name":"Vary","value":"Access-Control-Request-Method"},{"name":"Vary","value":"Access-Control-Request-Headers"},{"name":"Last-Modified","value":"Thu, 03 Aug 2023 10:18:16 GMT"},{"name":"Accept-Ranges","value":"bytes"},{"name":"Content-Type","value":"application/javascript"},{"name":"Content-Length","value":"9137"},{"name":"Date","value":"Wed, 16 Aug 2023 13:20:22 GMT"}]},"sessionId":"69DE6D1A85B5D627489871F60443E14A"}
org.openqa.selenium.devtools.DevToolsException: {"id":1596,"error":{"code":-32602,"message":"Invalid InterceptionId."},"sessionId":"69DE6D1A85B5D627489871F60443E14A"}
Build info: version: '4.11.0', revision: '040bc5406b'
System info: os.name: 'Windows 10', os.arch: 'amd64', os.version: '10.0', java.version: '11.0.18'
Driver info: driver.version: unknown
	at org.openqa.selenium.devtools.Connection.sendAndWait(Connection.java:181)
	at org.openqa.selenium.devtools.DevTools.send(DevTools.java:81)
	at org.openqa.selenium.devtools.idealized.Network.lambda$prepareToInterceptTraffic$4(Network.java:194)
	at org.openqa.selenium.devtools.Connection.lambda$handle$4(Connection.java:321)
	at java.base/java.util.stream.ForEachOps$ForEachOp$OfRef.accept(ForEachOps.java:183)
	at java.base/java.util.stream.ReferencePipeline$2$1.accept(ReferencePipeline.java:177)
	at java.base/java.util.stream.ReferencePipeline$11$1.accept(ReferencePipeline.java:442)
	at java.base/java.util.HashMap$KeySpliterator.forEachRemaining(HashMap.java:1621)
	at java.base/java.util.stream.AbstractPipeline.copyInto(AbstractPipeline.java:484)
	at java.base/java.util.stream.AbstractPipeline.wrapAndCopyInto(AbstractPipeline.java:474)
	at java.base/java.util.stream.ForEachOps$ForEachOp.evaluateSequential(ForEachOps.java:150)
	at java.base/java.util.stream.ForEachOps$ForEachOp$OfRef.evaluateSequential(ForEachOps.java:173)
	at java.base/java.util.stream.AbstractPipeline.evaluate(AbstractPipeline.java:234)
	at java.base/java.util.stream.ReferencePipeline.forEach(ReferencePipeline.java:497)
	at org.openqa.selenium.devtools.Connection.handle(Connection.java:287)
	at org.openqa.selenium.devtools.Connection.access$200(Connection.java:57)
	at org.openqa.selenium.devtools.Connection$Listener.lambda$onText$0(Connection.java:224)
	at java.base/java.util.concurrent.ThreadPoolExecutor.runWorker(ThreadPoolExecutor.java:1128)
	at java.base/java.util.concurrent.ThreadPoolExecutor$Worker.run(ThreadPoolExecutor.java:628)
	at java.base/java.lang.Thread.run(Thread.java:829)
Caused by: org.openqa.selenium.WebDriverException: {"id":1596,"error":{"code":-32602,"message":"Invalid InterceptionId."},"sessionId":"69DE6D1A85B5D627489871F60443E14A"}
Build info: version: '4.11.0', revision: '040bc5406b'
System info: os.name: 'Windows 10', os.arch: 'amd64', os.version: '10.0', java.version: '11.0.18'
Driver info: driver.version: unknown
	at org.openqa.selenium.devtools.Connection.handle(Connection.java:260)
	... 5 more

Exception in thread "CDP Connection" org.openqa.selenium.devtools.DevToolsException: {"id":1596,"error":{"code":-32602,"message":"Invalid InterceptionId."},"sessionId":"69DE6D1A85B5D627489871F60443E14A"}
Build info: version: '4.11.0', revision: '040bc5406b'
System info: os.name: 'Windows 10', os.arch: 'amd64', os.version: '10.0', java.version: '11.0.18'
Driver info: driver.version: unknown
	at org.openqa.selenium.devtools.Connection$Listener.lambda$onText$0(Connection.java:227)
	at java.base/java.util.concurrent.ThreadPoolExecutor.runWorker(ThreadPoolExecutor.java:1128)
	at java.base/java.util.concurrent.ThreadPoolExecutor$Worker.run(ThreadPoolExecutor.java:628)
	at java.base/java.lang.Thread.run(Thread.java:829)
Caused by: org.openqa.selenium.devtools.DevToolsException: {"id":1596,"error":{"code":-32602,"message":"Invalid InterceptionId."},"sessionId":"69DE6D1A85B5D627489871F60443E14A"}
Build info: version: '4.11.0', revision: '040bc5406b'
System info: os.name: 'Windows 10', os.arch: 'amd64', os.version: '10.0', java.version: '11.0.18'
Driver info: driver.version: unknown
	at org.openqa.selenium.devtools.Connection.sendAndWait(Connection.java:181)
	at org.openqa.selenium.devtools.DevTools.send(DevTools.java:81)
	at org.openqa.selenium.devtools.idealized.Network.lambda$prepareToInterceptTraffic$4(Network.java:194)
	at org.openqa.selenium.devtools.Connection.lambda$handle$4(Connection.java:321)
	at java.base/java.util.stream.ForEachOps$ForEachOp$OfRef.accept(ForEachOps.java:183)
	at java.base/java.util.stream.ReferencePipeline$2$1.accept(ReferencePipeline.java:177)
	at java.base/java.util.stream.ReferencePipeline$11$1.accept(ReferencePipeline.java:442)
	at java.base/java.util.HashMap$KeySpliterator.forEachRemaining(HashMap.java:1621)
	at java.base/java.util.stream.AbstractPipeline.copyInto(AbstractPipeline.java:484)
	at java.base/java.util.stream.AbstractPipeline.wrapAndCopyInto(AbstractPipeline.java:474)
	at java.base/java.util.stream.ForEachOps$ForEachOp.evaluateSequential(ForEachOps.java:150)
	at java.base/java.util.stream.ForEachOps$ForEachOp$OfRef.evaluateSequential(ForEachOps.java:173)
	at java.base/java.util.stream.AbstractPipeline.evaluate(AbstractPipeline.java:234)
	at java.base/java.util.stream.ReferencePipeline.forEach(ReferencePipeline.java:497)
	at org.openqa.selenium.devtools.Connection.handle(Connection.java:287)
	at org.openqa.selenium.devtools.Connection.access$200(Connection.java:57)
	at org.openqa.selenium.devtools.Connection$Listener.lambda$onText$0(Connection.java:224)
	... 3 more
Caused by: org.openqa.selenium.WebDriverException: {"id":1596,"error":{"code":-32602,"message":"Invalid InterceptionId."},"sessionId":"69DE6D1A85B5D627489871F60443E14A"}
Build info: version: '4.11.0', revision: '040bc5406b'
System info: os.name: 'Windows 10', os.arch: 'amd64', os.version: '10.0', java.version: '11.0.18'
Driver info: driver.version: unknown
	at org.openqa.selenium.devtools.Connection.handle(Connection.java:260)
	... 5 more
авг. 16, 2023 4:22:08 PM org.openqa.selenium.devtools.Connection$Listener lambda$onText$0
WARNING: Unable to process: {"method":"Fetch.requestPaused","params":{"requestId":"interception-job-260.0","request":{"url":"http://localhost:8080/static/js/2.0716afe8.chunk.js","method":"GET","headers":{"Accept":"*/*","Referer":"http://localhost:8080/","User-Agent":"Mozilla/5.0 (Windows NT 10.0; Win64; x64) AppleWebKit/537.36 (KHTML, like Gecko) Chrome/116.0.0.0 Safari/537.36","sec-ch-ua":"\"Chromium\";v=\"116\", \"Not)A;Brand\";v=\"24\", \"Google Chrome\";v=\"116\"","sec-ch-ua-mobile":"?0","sec-ch-ua-platform":"\"Windows\""},"initialPriority":"High","referrerPolicy":"unsafe-url"},"frameId":"D165F02B89151667DFD1BF49856829E7","resourceType":"Script","responseStatusCode":200,"responseStatusText":"","responseHeaders":[{"name":"Vary","value":"Origin"},{"name":"Vary","value":"Access-Control-Request-Method"},{"name":"Vary","value":"Access-Control-Request-Headers"},{"name":"Last-Modified","value":"Thu, 03 Aug 2023 10:18:16 GMT"},{"name":"Accept-Ranges","value":"bytes"},{"name":"Content-Type","value":"application/javascript"},{"name":"Content-Length","value":"228167"},{"name":"Date","value":"Wed, 16 Aug 2023 13:20:22 GMT"}]},"sessionId":"69DE6D1A85B5D627489871F60443E14A"}
org.openqa.selenium.devtools.DevToolsException: {"id":1600,"error":{"code":-32602,"message":"Invalid InterceptionId."},"sessionId":"69DE6D1A85B5D627489871F60443E14A"}
Build info: version: '4.11.0', revision: '040bc5406b'
System info: os.name: 'Windows 10', os.arch: 'amd64', os.version: '10.0', java.version: '11.0.18'
Driver info: driver.version: unknown
	at org.openqa.selenium.devtools.Connection.sendAndWait(Connection.java:181)
	at org.openqa.selenium.devtools.DevTools.send(DevTools.java:81)
	at org.openqa.selenium.devtools.idealized.Network.lambda$prepareToInterceptTraffic$4(Network.java:194)
	at org.openqa.selenium.devtools.Connection.lambda$handle$4(Connection.java:321)
	at java.base/java.util.stream.ForEachOps$ForEachOp$OfRef.accept(ForEachOps.java:183)
	at java.base/java.util.stream.ReferencePipeline$2$1.accept(ReferencePipeline.java:177)
	at java.base/java.util.stream.ReferencePipeline$11$1.accept(ReferencePipeline.java:442)
	at java.base/java.util.HashMap$KeySpliterator.forEachRemaining(HashMap.java:1621)
	at java.base/java.util.stream.AbstractPipeline.copyInto(AbstractPipeline.java:484)
	at java.base/java.util.stream.AbstractPipeline.wrapAndCopyInto(AbstractPipeline.java:474)
	at java.base/java.util.stream.ForEachOps$ForEachOp.evaluateSequential(ForEachOps.java:150)
	at java.base/java.util.stream.ForEachOps$ForEachOp$OfRef.evaluateSequential(ForEachOps.java:173)
	at java.base/java.util.stream.AbstractPipeline.evaluate(AbstractPipeline.java:234)
	at java.base/java.util.stream.ReferencePipeline.forEach(ReferencePipeline.java:497)
	at org.openqa.selenium.devtools.Connection.handle(Connection.java:287)
	at org.openqa.selenium.devtools.Connection.access$200(Connection.java:57)
	at org.openqa.selenium.devtools.Connection$Listener.lambda$onText$0(Connection.java:224)
	at java.base/java.util.concurrent.ThreadPoolExecutor.runWorker(ThreadPoolExecutor.java:1128)
	at java.base/java.util.concurrent.ThreadPoolExecutor$Worker.run(ThreadPoolExecutor.java:628)
	at java.base/java.lang.Thread.run(Thread.java:829)
Caused by: org.openqa.selenium.WebDriverException: {"id":1600,"error":{"code":-32602,"message":"Invalid InterceptionId."},"sessionId":"69DE6D1A85B5D627489871F60443E14A"}
Build info: version: '4.11.0', revision: '040bc5406b'
System info: os.name: 'Windows 10', os.arch: 'amd64', os.version: '10.0', java.version: '11.0.18'
Driver info: driver.version: unknown
	at org.openqa.selenium.devtools.Connection.handle(Connection.java:260)
	... 5 more

Exception in thread "CDP Connection" org.openqa.selenium.devtools.DevToolsException: {"id":1600,"error":{"code":-32602,"message":"Invalid InterceptionId."},"sessionId":"69DE6D1A85B5D627489871F60443E14A"}
Build info: version: '4.11.0', revision: '040bc5406b'
System info: os.name: 'Windows 10', os.arch: 'amd64', os.version: '10.0', java.version: '11.0.18'
Driver info: driver.version: unknown
	at org.openqa.selenium.devtools.Connection$Listener.lambda$onText$0(Connection.java:227)
	at java.base/java.util.concurrent.ThreadPoolExecutor.runWorker(ThreadPoolExecutor.java:1128)
	at java.base/java.util.concurrent.ThreadPoolExecutor$Worker.run(ThreadPoolExecutor.java:628)
	at java.base/java.lang.Thread.run(Thread.java:829)
Caused by: org.openqa.selenium.devtools.DevToolsException: {"id":1600,"error":{"code":-32602,"message":"Invalid InterceptionId."},"sessionId":"69DE6D1A85B5D627489871F60443E14A"}
Build info: version: '4.11.0', revision: '040bc5406b'
System info: os.name: 'Windows 10', os.arch: 'amd64', os.version: '10.0', java.version: '11.0.18'
Driver info: driver.version: unknown
	at org.openqa.selenium.devtools.Connection.sendAndWait(Connection.java:181)
	at org.openqa.selenium.devtools.DevTools.send(DevTools.java:81)
	at org.openqa.selenium.devtools.idealized.Network.lambda$prepareToInterceptTraffic$4(Network.java:194)
	at org.openqa.selenium.devtools.Connection.lambda$handle$4(Connection.java:321)
	at java.base/java.util.stream.ForEachOps$ForEachOp$OfRef.accept(ForEachOps.java:183)
	at java.base/java.util.stream.ReferencePipeline$2$1.accept(ReferencePipeline.java:177)
	at java.base/java.util.stream.ReferencePipeline$11$1.accept(ReferencePipeline.java:442)
	at java.base/java.util.HashMap$KeySpliterator.forEachRemaining(HashMap.java:1621)
	at java.base/java.util.stream.AbstractPipeline.copyInto(AbstractPipeline.java:484)
	at java.base/java.util.stream.AbstractPipeline.wrapAndCopyInto(AbstractPipeline.java:474)
	at java.base/java.util.stream.ForEachOps$ForEachOp.evaluateSequential(ForEachOps.java:150)
	at java.base/java.util.stream.ForEachOps$ForEachOp$OfRef.evaluateSequential(ForEachOps.java:173)
	at java.base/java.util.stream.AbstractPipeline.evaluate(AbstractPipeline.java:234)
	at java.base/java.util.stream.ReferencePipeline.forEach(ReferencePipeline.java:497)
	at org.openqa.selenium.devtools.Connection.handle(Connection.java:287)
	at org.openqa.selenium.devtools.Connection.access$200(Connection.java:57)
	at org.openqa.selenium.devtools.Connection$Listener.lambda$onText$0(Connection.java:224)
	... 3 more
Caused by: org.openqa.selenium.WebDriverException: {"id":1600,"error":{"code":-32602,"message":"Invalid InterceptionId."},"sessionId":"69DE6D1A85B5D627489871F60443E14A"}
Build info: version: '4.11.0', revision: '040bc5406b'
System info: os.name: 'Windows 10', os.arch: 'amd64', os.version: '10.0', java.version: '11.0.18'
Driver info: driver.version: unknown
	at org.openqa.selenium.devtools.Connection.handle(Connection.java:260)
	... 5 more
авг. 16, 2023 4:22:08 PM org.openqa.selenium.devtools.Connection$Listener lambda$onText$0
WARNING: Unable to process: {"method":"Fetch.requestPaused","params":{"requestId":"interception-job-262.0","request":{"url":"http://localhost:8080/static/media/marrakech.869b2a02.jpg","method":"GET","headers":{"Accept":"image/avif,image/webp,image/apng,image/svg+xml,image/*,*/*;q=0.8","Referer":"http://localhost:8080/","User-Agent":"Mozilla/5.0 (Windows NT 10.0; Win64; x64) AppleWebKit/537.36 (KHTML, like Gecko) Chrome/116.0.0.0 Safari/537.36","sec-ch-ua":"\"Chromium\";v=\"116\", \"Not)A;Brand\";v=\"24\", \"Google Chrome\";v=\"116\"","sec-ch-ua-mobile":"?0","sec-ch-ua-platform":"\"Windows\""},"initialPriority":"Low","referrerPolicy":"unsafe-url"},"frameId":"D165F02B89151667DFD1BF49856829E7","resourceType":"Image","responseStatusCode":200,"responseStatusText":"","responseHeaders":[{"name":"Vary","value":"Origin"},{"name":"Vary","value":"Access-Control-Request-Method"},{"name":"Vary","value":"Access-Control-Request-Headers"},{"name":"Last-Modified","value":"Thu, 03 Aug 2023 10:18:16 GMT"},{"name":"Accept-Ranges","value":"bytes"},{"name":"Content-Type","value":"image/jpeg"},{"name":"Content-Length","value":"85240"},{"name":"Date","value":"Wed, 16 Aug 2023 13:20:22 GMT"}]},"sessionId":"69DE6D1A85B5D627489871F60443E14A"}
org.openqa.selenium.devtools.DevToolsException: {"id":1605,"error":{"code":-32602,"message":"Invalid InterceptionId."},"sessionId":"69DE6D1A85B5D627489871F60443E14A"}
Build info: version: '4.11.0', revision: '040bc5406b'
System info: os.name: 'Windows 10', os.arch: 'amd64', os.version: '10.0', java.version: '11.0.18'
Driver info: driver.version: unknown
	at org.openqa.selenium.devtools.Connection.sendAndWait(Connection.java:181)
	at org.openqa.selenium.devtools.DevTools.send(DevTools.java:81)
	at org.openqa.selenium.devtools.idealized.Network.lambda$prepareToInterceptTraffic$4(Network.java:194)
	at org.openqa.selenium.devtools.Connection.lambda$handle$4(Connection.java:321)
	at java.base/java.util.stream.ForEachOps$ForEachOp$OfRef.accept(ForEachOps.java:183)
	at java.base/java.util.stream.ReferencePipeline$2$1.accept(ReferencePipeline.java:177)
	at java.base/java.util.stream.ReferencePipeline$11$1.accept(ReferencePipeline.java:442)
	at java.base/java.util.HashMap$KeySpliterator.forEachRemaining(HashMap.java:1621)
	at java.base/java.util.stream.AbstractPipeline.copyInto(AbstractPipeline.java:484)
	at java.base/java.util.stream.AbstractPipeline.wrapAndCopyInto(AbstractPipeline.java:474)
	at java.base/java.util.stream.ForEachOps$ForEachOp.evaluateSequential(ForEachOps.java:150)
	at java.base/java.util.stream.ForEachOps$ForEachOp$OfRef.evaluateSequential(ForEachOps.java:173)
	at java.base/java.util.stream.AbstractPipeline.evaluate(AbstractPipeline.java:234)
	at java.base/java.util.stream.ReferencePipeline.forEach(ReferencePipeline.java:497)
	at org.openqa.selenium.devtools.Connection.handle(Connection.java:287)
	at org.openqa.selenium.devtools.Connection.access$200(Connection.java:57)
	at org.openqa.selenium.devtools.Connection$Listener.lambda$onText$0(Connection.java:224)
	at java.base/java.util.concurrent.ThreadPoolExecutor.runWorker(ThreadPoolExecutor.java:1128)
	at java.base/java.util.concurrent.ThreadPoolExecutor$Worker.run(ThreadPoolExecutor.java:628)
	at java.base/java.lang.Thread.run(Thread.java:829)
Caused by: org.openqa.selenium.WebDriverException: {"id":1605,"error":{"code":-32602,"message":"Invalid InterceptionId."},"sessionId":"69DE6D1A85B5D627489871F60443E14A"}
Build info: version: '4.11.0', revision: '040bc5406b'
System info: os.name: 'Windows 10', os.arch: 'amd64', os.version: '10.0', java.version: '11.0.18'
Driver info: driver.version: unknown
	at org.openqa.selenium.devtools.Connection.handle(Connection.java:260)
	... 5 more

Exception in thread "CDP Connection" org.openqa.selenium.devtools.DevToolsException: {"id":1605,"error":{"code":-32602,"message":"Invalid InterceptionId."},"sessionId":"69DE6D1A85B5D627489871F60443E14A"}
Build info: version: '4.11.0', revision: '040bc5406b'
System info: os.name: 'Windows 10', os.arch: 'amd64', os.version: '10.0', java.version: '11.0.18'
Driver info: driver.version: unknown
	at org.openqa.selenium.devtools.Connection$Listener.lambda$onText$0(Connection.java:227)
	at java.base/java.util.concurrent.ThreadPoolExecutor.runWorker(ThreadPoolExecutor.java:1128)
	at java.base/java.util.concurrent.ThreadPoolExecutor$Worker.run(ThreadPoolExecutor.java:628)
	at java.base/java.lang.Thread.run(Thread.java:829)
Caused by: org.openqa.selenium.devtools.DevToolsException: {"id":1605,"error":{"code":-32602,"message":"Invalid InterceptionId."},"sessionId":"69DE6D1A85B5D627489871F60443E14A"}
Build info: version: '4.11.0', revision: '040bc5406b'
System info: os.name: 'Windows 10', os.arch: 'amd64', os.version: '10.0', java.version: '11.0.18'
Driver info: driver.version: unknown
	at org.openqa.selenium.devtools.Connection.sendAndWait(Connection.java:181)
	at org.openqa.selenium.devtools.DevTools.send(DevTools.java:81)
	at org.openqa.selenium.devtools.idealized.Network.lambda$prepareToInterceptTraffic$4(Network.java:194)
	at org.openqa.selenium.devtools.Connection.lambda$handle$4(Connection.java:321)
	at java.base/java.util.stream.ForEachOps$ForEachOp$OfRef.accept(ForEachOps.java:183)
	at java.base/java.util.stream.ReferencePipeline$2$1.accept(ReferencePipeline.java:177)
	at java.base/java.util.stream.ReferencePipeline$11$1.accept(ReferencePipeline.java:442)
	at java.base/java.util.HashMap$KeySpliterator.forEachRemaining(HashMap.java:1621)
	at java.base/java.util.stream.AbstractPipeline.copyInto(AbstractPipeline.java:484)
	at java.base/java.util.stream.AbstractPipeline.wrapAndCopyInto(AbstractPipeline.java:474)
	at java.base/java.util.stream.ForEachOps$ForEachOp.evaluateSequential(ForEachOps.java:150)
	at java.base/java.util.stream.ForEachOps$ForEachOp$OfRef.evaluateSequential(ForEachOps.java:173)
	at java.base/java.util.stream.AbstractPipeline.evaluate(AbstractPipeline.java:234)
	at java.base/java.util.stream.ReferencePipeline.forEach(ReferencePipeline.java:497)
	at org.openqa.selenium.devtools.Connection.handle(Connection.java:287)
	at org.openqa.selenium.devtools.Connection.access$200(Connection.java:57)
	at org.openqa.selenium.devtools.Connection$Listener.lambda$onText$0(Connection.java:224)
	... 3 more
Caused by: org.openqa.selenium.WebDriverException: {"id":1605,"error":{"code":-32602,"message":"Invalid InterceptionId."},"sessionId":"69DE6D1A85B5D627489871F60443E14A"}
Build info: version: '4.11.0', revision: '040bc5406b'
System info: os.name: 'Windows 10', os.arch: 'amd64', os.version: '10.0', java.version: '11.0.18'
Driver info: driver.version: unknown
	at org.openqa.selenium.devtools.Connection.handle(Connection.java:260)
	... 5 more
авг. 16, 2023 4:22:08 PM org.openqa.selenium.devtools.Connection$Listener lambda$onText$0
WARNING: Unable to process: {"method":"Fetch.requestPaused","params":{"requestId":"interception-job-262.0","request":{"url":"http://localhost:8080/static/media/marrakech.869b2a02.jpg","method":"GET","headers":{"Accept":"image/avif,image/webp,image/apng,image/svg+xml,image/*,*/*;q=0.8","Referer":"http://localhost:8080/","User-Agent":"Mozilla/5.0 (Windows NT 10.0; Win64; x64) AppleWebKit/537.36 (KHTML, like Gecko) Chrome/116.0.0.0 Safari/537.36","sec-ch-ua":"\"Chromium\";v=\"116\", \"Not)A;Brand\";v=\"24\", \"Google Chrome\";v=\"116\"","sec-ch-ua-mobile":"?0","sec-ch-ua-platform":"\"Windows\""},"initialPriority":"Low","referrerPolicy":"strict-origin-when-cross-origin"},"frameId":"D165F02B89151667DFD1BF49856829E7","resourceType":"Image"},"sessionId":"69DE6D1A85B5D627489871F60443E14A"}
org.openqa.selenium.devtools.DevToolsException: {"id":1606,"error":{"code":-32602,"message":"Invalid InterceptionId."},"sessionId":"69DE6D1A85B5D627489871F60443E14A"}
Build info: version: '4.11.0', revision: '040bc5406b'
System info: os.name: 'Windows 10', os.arch: 'amd64', os.version: '10.0', java.version: '11.0.18'
Driver info: driver.version: unknown
	at org.openqa.selenium.devtools.Connection.sendAndWait(Connection.java:181)
	at org.openqa.selenium.devtools.DevTools.send(DevTools.java:81)
	at org.openqa.selenium.devtools.idealized.Network.lambda$prepareToInterceptTraffic$3(Network.java:211)
	at org.openqa.selenium.remote.http.Filter.lambda$andFinally$1(Filter.java:55)
	at org.openqa.selenium.devtools.idealized.Network.lambda$prepareToInterceptTraffic$4(Network.java:226)
	at org.openqa.selenium.devtools.Connection.lambda$handle$4(Connection.java:321)
	at java.base/java.util.stream.ForEachOps$ForEachOp$OfRef.accept(ForEachOps.java:183)
	at java.base/java.util.stream.ReferencePipeline$2$1.accept(ReferencePipeline.java:177)
	at java.base/java.util.stream.ReferencePipeline$11$1.accept(ReferencePipeline.java:442)
	at java.base/java.util.HashMap$KeySpliterator.forEachRemaining(HashMap.java:1621)
	at java.base/java.util.stream.AbstractPipeline.copyInto(AbstractPipeline.java:484)
	at java.base/java.util.stream.AbstractPipeline.wrapAndCopyInto(AbstractPipeline.java:474)
	at java.base/java.util.stream.ForEachOps$ForEachOp.evaluateSequential(ForEachOps.java:150)
	at java.base/java.util.stream.ForEachOps$ForEachOp$OfRef.evaluateSequential(ForEachOps.java:173)
	at java.base/java.util.stream.AbstractPipeline.evaluate(AbstractPipeline.java:234)
	at java.base/java.util.stream.ReferencePipeline.forEach(ReferencePipeline.java:497)
	at org.openqa.selenium.devtools.Connection.handle(Connection.java:287)
	at org.openqa.selenium.devtools.Connection.access$200(Connection.java:57)
	at org.openqa.selenium.devtools.Connection$Listener.lambda$onText$0(Connection.java:224)
	at java.base/java.util.concurrent.ThreadPoolExecutor.runWorker(ThreadPoolExecutor.java:1128)
	at java.base/java.util.concurrent.ThreadPoolExecutor$Worker.run(ThreadPoolExecutor.java:628)
	at java.base/java.lang.Thread.run(Thread.java:829)
Caused by: org.openqa.selenium.WebDriverException: {"id":1606,"error":{"code":-32602,"message":"Invalid InterceptionId."},"sessionId":"69DE6D1A85B5D627489871F60443E14A"}
Build info: version: '4.11.0', revision: '040bc5406b'
System info: os.name: 'Windows 10', os.arch: 'amd64', os.version: '10.0', java.version: '11.0.18'
Driver info: driver.version: unknown
	at org.openqa.selenium.devtools.Connection.handle(Connection.java:260)
	... 5 more

Exception in thread "CDP Connection" org.openqa.selenium.devtools.DevToolsException: {"id":1606,"error":{"code":-32602,"message":"Invalid InterceptionId."},"sessionId":"69DE6D1A85B5D627489871F60443E14A"}
Build info: version: '4.11.0', revision: '040bc5406b'
System info: os.name: 'Windows 10', os.arch: 'amd64', os.version: '10.0', java.version: '11.0.18'
Driver info: driver.version: unknown
	at org.openqa.selenium.devtools.Connection$Listener.lambda$onText$0(Connection.java:227)
	at java.base/java.util.concurrent.ThreadPoolExecutor.runWorker(ThreadPoolExecutor.java:1128)
	at java.base/java.util.concurrent.ThreadPoolExecutor$Worker.run(ThreadPoolExecutor.java:628)
	at java.base/java.lang.Thread.run(Thread.java:829)
Caused by: org.openqa.selenium.devtools.DevToolsException: {"id":1606,"error":{"code":-32602,"message":"Invalid InterceptionId."},"sessionId":"69DE6D1A85B5D627489871F60443E14A"}
Build info: version: '4.11.0', revision: '040bc5406b'
System info: os.name: 'Windows 10', os.arch: 'amd64', os.version: '10.0', java.version: '11.0.18'
Driver info: driver.version: unknown
	at org.openqa.selenium.devtools.Connection.sendAndWait(Connection.java:181)
	at org.openqa.selenium.devtools.DevTools.send(DevTools.java:81)
	at org.openqa.selenium.devtools.idealized.Network.lambda$prepareToInterceptTraffic$3(Network.java:211)
	at org.openqa.selenium.remote.http.Filter.lambda$andFinally$1(Filter.java:55)
	at org.openqa.selenium.devtools.idealized.Network.lambda$prepareToInterceptTraffic$4(Network.java:226)
	at org.openqa.selenium.devtools.Connection.lambda$handle$4(Connection.java:321)
	at java.base/java.util.stream.ForEachOps$ForEachOp$OfRef.accept(ForEachOps.java:183)
	at java.base/java.util.stream.ReferencePipeline$2$1.accept(ReferencePipeline.java:177)
	at java.base/java.util.stream.ReferencePipeline$11$1.accept(ReferencePipeline.java:442)
	at java.base/java.util.HashMap$KeySpliterator.forEachRemaining(HashMap.java:1621)
	at java.base/java.util.stream.AbstractPipeline.copyInto(AbstractPipeline.java:484)
	at java.base/java.util.stream.AbstractPipeline.wrapAndCopyInto(AbstractPipeline.java:474)
	at java.base/java.util.stream.ForEachOps$ForEachOp.evaluateSequential(ForEachOps.java:150)
	at java.base/java.util.stream.ForEachOps$ForEachOp$OfRef.evaluateSequential(ForEachOps.java:173)
	at java.base/java.util.stream.AbstractPipeline.evaluate(AbstractPipeline.java:234)
	at java.base/java.util.stream.ReferencePipeline.forEach(ReferencePipeline.java:497)
	at org.openqa.selenium.devtools.Connection.handle(Connection.java:287)
	at org.openqa.selenium.devtools.Connection.access$200(Connection.java:57)
	at org.openqa.selenium.devtools.Connection$Listener.lambda$onText$0(Connection.java:224)
	... 3 more
Caused by: org.openqa.selenium.WebDriverException: {"id":1606,"error":{"code":-32602,"message":"Invalid InterceptionId."},"sessionId":"69DE6D1A85B5D627489871F60443E14A"}
Build info: version: '4.11.0', revision: '040bc5406b'
System info: os.name: 'Windows 10', os.arch: 'amd64', os.version: '10.0', java.version: '11.0.18'
Driver info: driver.version: unknown
	at org.openqa.selenium.devtools.Connection.handle(Connection.java:260)
	... 5 more
авг. 16, 2023 4:22:08 PM org.openqa.selenium.devtools.Connection$Listener lambda$onText$0
WARNING: Unable to process: {"method":"Fetch.requestPaused","params":{"requestId":"interception-job-264.0","request":{"url":"http://localhost:8080/favicon.ico","method":"GET","headers":{"Accept":"image/avif,image/webp,image/apng,image/svg+xml,image/*,*/*;q=0.8","Referer":"http://localhost:8080/","User-Agent":"Mozilla/5.0 (Windows NT 10.0; Win64; x64) AppleWebKit/537.36 (KHTML, like Gecko) Chrome/116.0.0.0 Safari/537.36","sec-ch-ua":"\"Chromium\";v=\"116\", \"Not)A;Brand\";v=\"24\", \"Google Chrome\";v=\"116\"","sec-ch-ua-mobile":"?0","sec-ch-ua-platform":"\"Windows\""},"initialPriority":"High","referrerPolicy":"unsafe-url"},"frameId":"D165F02B89151667DFD1BF49856829E7","resourceType":"Other","responseStatusCode":200,"responseStatusText":"","responseHeaders":[{"name":"Vary","value":"Origin"},{"name":"Vary","value":"Access-Control-Request-Method"},{"name":"Vary","value":"Access-Control-Request-Headers"},{"name":"Last-Modified","value":"Thu, 03 Aug 2023 10:18:16 GMT"},{"name":"Accept-Ranges","value":"bytes"},{"name":"Content-Type","value":"image/x-icon"},{"name":"Content-Length","value":"4286"},{"name":"Date","value":"Wed, 16 Aug 2023 13:20:23 GMT"}]},"sessionId":"69DE6D1A85B5D627489871F60443E14A"}
org.openqa.selenium.devtools.DevToolsException: {"id":1615,"error":{"code":-32602,"message":"Invalid InterceptionId."},"sessionId":"69DE6D1A85B5D627489871F60443E14A"}
Build info: version: '4.11.0', revision: '040bc5406b'
System info: os.name: 'Windows 10', os.arch: 'amd64', os.version: '10.0', java.version: '11.0.18'
Driver info: driver.version: unknown
	at org.openqa.selenium.devtools.Connection.sendAndWait(Connection.java:181)
	at org.openqa.selenium.devtools.DevTools.send(DevTools.java:81)
	at org.openqa.selenium.devtools.idealized.Network.lambda$prepareToInterceptTraffic$4(Network.java:194)
	at org.openqa.selenium.devtools.Connection.lambda$handle$4(Connection.java:321)
	at java.base/java.util.stream.ForEachOps$ForEachOp$OfRef.accept(ForEachOps.java:183)
	at java.base/java.util.stream.ReferencePipeline$2$1.accept(ReferencePipeline.java:177)
	at java.base/java.util.stream.ReferencePipeline$11$1.accept(ReferencePipeline.java:442)
	at java.base/java.util.HashMap$KeySpliterator.forEachRemaining(HashMap.java:1621)
	at java.base/java.util.stream.AbstractPipeline.copyInto(AbstractPipeline.java:484)
	at java.base/java.util.stream.AbstractPipeline.wrapAndCopyInto(AbstractPipeline.java:474)
	at java.base/java.util.stream.ForEachOps$ForEachOp.evaluateSequential(ForEachOps.java:150)
	at java.base/java.util.stream.ForEachOps$ForEachOp$OfRef.evaluateSequential(ForEachOps.java:173)
	at java.base/java.util.stream.AbstractPipeline.evaluate(AbstractPipeline.java:234)
	at java.base/java.util.stream.ReferencePipeline.forEach(ReferencePipeline.java:497)
	at org.openqa.selenium.devtools.Connection.handle(Connection.java:287)
	at org.openqa.selenium.devtools.Connection.access$200(Connection.java:57)
	at org.openqa.selenium.devtools.Connection$Listener.lambda$onText$0(Connection.java:224)
	at java.base/java.util.concurrent.ThreadPoolExecutor.runWorker(ThreadPoolExecutor.java:1128)
	at java.base/java.util.concurrent.ThreadPoolExecutor$Worker.run(ThreadPoolExecutor.java:628)
	at java.base/java.lang.Thread.run(Thread.java:829)
Caused by: org.openqa.selenium.WebDriverException: {"id":1615,"error":{"code":-32602,"message":"Invalid InterceptionId."},"sessionId":"69DE6D1A85B5D627489871F60443E14A"}
Build info: version: '4.11.0', revision: '040bc5406b'
System info: os.name: 'Windows 10', os.arch: 'amd64', os.version: '10.0', java.version: '11.0.18'
Driver info: driver.version: unknown
	at org.openqa.selenium.devtools.Connection.handle(Connection.java:260)
	... 5 more

Exception in thread "CDP Connection" org.openqa.selenium.devtools.DevToolsException: {"id":1615,"error":{"code":-32602,"message":"Invalid InterceptionId."},"sessionId":"69DE6D1A85B5D627489871F60443E14A"}
Build info: version: '4.11.0', revision: '040bc5406b'
System info: os.name: 'Windows 10', os.arch: 'amd64', os.version: '10.0', java.version: '11.0.18'
Driver info: driver.version: unknown
	at org.openqa.selenium.devtools.Connection$Listener.lambda$onText$0(Connection.java:227)
	at java.base/java.util.concurrent.ThreadPoolExecutor.runWorker(ThreadPoolExecutor.java:1128)
	at java.base/java.util.concurrent.ThreadPoolExecutor$Worker.run(ThreadPoolExecutor.java:628)
	at java.base/java.lang.Thread.run(Thread.java:829)
Caused by: org.openqa.selenium.devtools.DevToolsException: {"id":1615,"error":{"code":-32602,"message":"Invalid InterceptionId."},"sessionId":"69DE6D1A85B5D627489871F60443E14A"}
Build info: version: '4.11.0', revision: '040bc5406b'
System info: os.name: 'Windows 10', os.arch: 'amd64', os.version: '10.0', java.version: '11.0.18'
Driver info: driver.version: unknown
	at org.openqa.selenium.devtools.Connection.sendAndWait(Connection.java:181)
	at org.openqa.selenium.devtools.DevTools.send(DevTools.java:81)
	at org.openqa.selenium.devtools.idealized.Network.lambda$prepareToInterceptTraffic$4(Network.java:194)
	at org.openqa.selenium.devtools.Connection.lambda$handle$4(Connection.java:321)
	at java.base/java.util.stream.ForEachOps$ForEachOp$OfRef.accept(ForEachOps.java:183)
	at java.base/java.util.stream.ReferencePipeline$2$1.accept(ReferencePipeline.java:177)
	at java.base/java.util.stream.ReferencePipeline$11$1.accept(ReferencePipeline.java:442)
	at java.base/java.util.HashMap$KeySpliterator.forEachRemaining(HashMap.java:1621)
	at java.base/java.util.stream.AbstractPipeline.copyInto(AbstractPipeline.java:484)
	at java.base/java.util.stream.AbstractPipeline.wrapAndCopyInto(AbstractPipeline.java:474)
	at java.base/java.util.stream.ForEachOps$ForEachOp.evaluateSequential(ForEachOps.java:150)
	at java.base/java.util.stream.ForEachOps$ForEachOp$OfRef.evaluateSequential(ForEachOps.java:173)
	at java.base/java.util.stream.AbstractPipeline.evaluate(AbstractPipeline.java:234)
	at java.base/java.util.stream.ReferencePipeline.forEach(ReferencePipeline.java:497)
	at org.openqa.selenium.devtools.Connection.handle(Connection.java:287)
	at org.openqa.selenium.devtools.Connection.access$200(Connection.java:57)
	at org.openqa.selenium.devtools.Connection$Listener.lambda$onText$0(Connection.java:224)
	... 3 more
Caused by: org.openqa.selenium.WebDriverException: {"id":1615,"error":{"code":-32602,"message":"Invalid InterceptionId."},"sessionId":"69DE6D1A85B5D627489871F60443E14A"}
Build info: version: '4.11.0', revision: '040bc5406b'
System info: os.name: 'Windows 10', os.arch: 'amd64', os.version: '10.0', java.version: '11.0.18'
Driver info: driver.version: unknown
	at org.openqa.selenium.devtools.Connection.handle(Connection.java:260)
	... 5 more
авг. 16, 2023 4:22:08 PM org.openqa.selenium.devtools.Connection$Listener lambda$onText$0
WARNING: Unable to process: {"method":"Fetch.requestPaused","params":{"requestId":"interception-job-263.0","request":{"url":"http://localhost:8080/manifest.json","method":"GET","headers":{"Accept":"*/*","Referer":"http://localhost:8080/","User-Agent":"Mozilla/5.0 (Windows NT 10.0; Win64; x64) AppleWebKit/537.36 (KHTML, like Gecko) Chrome/116.0.0.0 Safari/537.36","sec-ch-ua":"\"Chromium\";v=\"116\", \"Not)A;Brand\";v=\"24\", \"Google Chrome\";v=\"116\"","sec-ch-ua-mobile":"?0","sec-ch-ua-platform":"\"Windows\""},"initialPriority":"Medium","referrerPolicy":"unsafe-url"},"frameId":"D165F02B89151667DFD1BF49856829E7","resourceType":"Other","responseStatusCode":200,"responseStatusText":"","responseHeaders":[{"name":"Vary","value":"Origin"},{"name":"Vary","value":"Access-Control-Request-Method"},{"name":"Vary","value":"Access-Control-Request-Headers"},{"name":"Last-Modified","value":"Thu, 03 Aug 2023 10:18:16 GMT"},{"name":"Accept-Ranges","value":"bytes"},{"name":"Content-Type","value":"application/json"},{"name":"Content-Length","value":"492"},{"name":"Date","value":"Wed, 16 Aug 2023 13:20:22 GMT"}]},"sessionId":"69DE6D1A85B5D627489871F60443E14A"}
org.openqa.selenium.devtools.DevToolsException: {"id":1617,"error":{"code":-32602,"message":"Invalid InterceptionId."},"sessionId":"69DE6D1A85B5D627489871F60443E14A"}
Build info: version: '4.11.0', revision: '040bc5406b'
System info: os.name: 'Windows 10', os.arch: 'amd64', os.version: '10.0', java.version: '11.0.18'
Driver info: driver.version: unknown
	at org.openqa.selenium.devtools.Connection.sendAndWait(Connection.java:181)
	at org.openqa.selenium.devtools.DevTools.send(DevTools.java:81)
	at org.openqa.selenium.devtools.idealized.Network.lambda$prepareToInterceptTraffic$4(Network.java:194)
	at org.openqa.selenium.devtools.Connection.lambda$handle$4(Connection.java:321)
	at java.base/java.util.stream.ForEachOps$ForEachOp$OfRef.accept(ForEachOps.java:183)
	at java.base/java.util.stream.ReferencePipeline$2$1.accept(ReferencePipeline.java:177)
	at java.base/java.util.stream.ReferencePipeline$11$1.accept(ReferencePipeline.java:442)
	at java.base/java.util.HashMap$KeySpliterator.forEachRemaining(HashMap.java:1621)
	at java.base/java.util.stream.AbstractPipeline.copyInto(AbstractPipeline.java:484)
	at java.base/java.util.stream.AbstractPipeline.wrapAndCopyInto(AbstractPipeline.java:474)
	at java.base/java.util.stream.ForEachOps$ForEachOp.evaluateSequential(ForEachOps.java:150)
	at java.base/java.util.stream.ForEachOps$ForEachOp$OfRef.evaluateSequential(ForEachOps.java:173)
	at java.base/java.util.stream.AbstractPipeline.evaluate(AbstractPipeline.java:234)
	at java.base/java.util.stream.ReferencePipeline.forEach(ReferencePipeline.java:497)
	at org.openqa.selenium.devtools.Connection.handle(Connection.java:287)
	at org.openqa.selenium.devtools.Connection.access$200(Connection.java:57)
	at org.openqa.selenium.devtools.Connection$Listener.lambda$onText$0(Connection.java:224)
	at java.base/java.util.concurrent.ThreadPoolExecutor.runWorker(ThreadPoolExecutor.java:1128)
	at java.base/java.util.concurrent.ThreadPoolExecutor$Worker.run(ThreadPoolExecutor.java:628)
	at java.base/java.lang.Thread.run(Thread.java:829)
Caused by: org.openqa.selenium.WebDriverException: {"id":1617,"error":{"code":-32602,"message":"Invalid InterceptionId."},"sessionId":"69DE6D1A85B5D627489871F60443E14A"}
Build info: version: '4.11.0', revision: '040bc5406b'
System info: os.name: 'Windows 10', os.arch: 'amd64', os.version: '10.0', java.version: '11.0.18'
Driver info: driver.version: unknown
	at org.openqa.selenium.devtools.Connection.handle(Connection.java:260)
	... 5 more

Exception in thread "CDP Connection" org.openqa.selenium.devtools.DevToolsException: {"id":1617,"error":{"code":-32602,"message":"Invalid InterceptionId."},"sessionId":"69DE6D1A85B5D627489871F60443E14A"}
Build info: version: '4.11.0', revision: '040bc5406b'
System info: os.name: 'Windows 10', os.arch: 'amd64', os.version: '10.0', java.version: '11.0.18'
Driver info: driver.version: unknown
	at org.openqa.selenium.devtools.Connection$Listener.lambda$onText$0(Connection.java:227)
	at java.base/java.util.concurrent.ThreadPoolExecutor.runWorker(ThreadPoolExecutor.java:1128)
	at java.base/java.util.concurrent.ThreadPoolExecutor$Worker.run(ThreadPoolExecutor.java:628)
	at java.base/java.lang.Thread.run(Thread.java:829)
Caused by: org.openqa.selenium.devtools.DevToolsException: {"id":1617,"error":{"code":-32602,"message":"Invalid InterceptionId."},"sessionId":"69DE6D1A85B5D627489871F60443E14A"}
Build info: version: '4.11.0', revision: '040bc5406b'
System info: os.name: 'Windows 10', os.arch: 'amd64', os.version: '10.0', java.version: '11.0.18'
Driver info: driver.version: unknown
	at org.openqa.selenium.devtools.Connection.sendAndWait(Connection.java:181)
	at org.openqa.selenium.devtools.DevTools.send(DevTools.java:81)
	at org.openqa.selenium.devtools.idealized.Network.lambda$prepareToInterceptTraffic$4(Network.java:194)
	at org.openqa.selenium.devtools.Connection.lambda$handle$4(Connection.java:321)
	at java.base/java.util.stream.ForEachOps$ForEachOp$OfRef.accept(ForEachOps.java:183)
	at java.base/java.util.stream.ReferencePipeline$2$1.accept(ReferencePipeline.java:177)
	at java.base/java.util.stream.ReferencePipeline$11$1.accept(ReferencePipeline.java:442)
	at java.base/java.util.HashMap$KeySpliterator.forEachRemaining(HashMap.java:1621)
	at java.base/java.util.stream.AbstractPipeline.copyInto(AbstractPipeline.java:484)
	at java.base/java.util.stream.AbstractPipeline.wrapAndCopyInto(AbstractPipeline.java:474)
	at java.base/java.util.stream.ForEachOps$ForEachOp.evaluateSequential(ForEachOps.java:150)
	at java.base/java.util.stream.ForEachOps$ForEachOp$OfRef.evaluateSequential(ForEachOps.java:173)
	at java.base/java.util.stream.AbstractPipeline.evaluate(AbstractPipeline.java:234)
	at java.base/java.util.stream.ReferencePipeline.forEach(ReferencePipeline.java:497)
	at org.openqa.selenium.devtools.Connection.handle(Connection.java:287)
	at org.openqa.selenium.devtools.Connection.access$200(Connection.java:57)
	at org.openqa.selenium.devtools.Connection$Listener.lambda$onText$0(Connection.java:224)
	... 3 more
Caused by: org.openqa.selenium.WebDriverException: {"id":1617,"error":{"code":-32602,"message":"Invalid InterceptionId."},"sessionId":"69DE6D1A85B5D627489871F60443E14A"}
Build info: version: '4.11.0', revision: '040bc5406b'
System info: os.name: 'Windows 10', os.arch: 'amd64', os.version: '10.0', java.version: '11.0.18'
Driver info: driver.version: unknown
	at org.openqa.selenium.devtools.Connection.handle(Connection.java:260)
	... 5 more
авг. 16, 2023 4:22:08 PM org.openqa.selenium.devtools.Connection$Listener lambda$onText$0
WARNING: Unable to process: {"method":"Fetch.requestPaused","params":{"requestId":"interception-job-264.0","request":{"url":"http://localhost:8080/favicon.ico","method":"GET","headers":{"Accept":"image/avif,image/webp,image/apng,image/svg+xml,image/*,*/*;q=0.8","Referer":"http://localhost:8080/","User-Agent":"Mozilla/5.0 (Windows NT 10.0; Win64; x64) AppleWebKit/537.36 (KHTML, like Gecko) Chrome/116.0.0.0 Safari/537.36","sec-ch-ua":"\"Chromium\";v=\"116\", \"Not)A;Brand\";v=\"24\", \"Google Chrome\";v=\"116\"","sec-ch-ua-mobile":"?0","sec-ch-ua-platform":"\"Windows\""},"initialPriority":"High","referrerPolicy":"strict-origin-when-cross-origin"},"frameId":"D165F02B89151667DFD1BF49856829E7","resourceType":"Other"},"sessionId":"69DE6D1A85B5D627489871F60443E14A"}
org.openqa.selenium.devtools.DevToolsException: {"id":1616,"error":{"code":-32602,"message":"Invalid InterceptionId."},"sessionId":"69DE6D1A85B5D627489871F60443E14A"}
Build info: version: '4.11.0', revision: '040bc5406b'
System info: os.name: 'Windows 10', os.arch: 'amd64', os.version: '10.0', java.version: '11.0.18'
Driver info: driver.version: unknown
	at org.openqa.selenium.devtools.Connection.sendAndWait(Connection.java:181)
	at org.openqa.selenium.devtools.DevTools.send(DevTools.java:81)
	at org.openqa.selenium.devtools.idealized.Network.lambda$prepareToInterceptTraffic$3(Network.java:211)
	at org.openqa.selenium.remote.http.Filter.lambda$andFinally$1(Filter.java:55)
	at org.openqa.selenium.devtools.idealized.Network.lambda$prepareToInterceptTraffic$4(Network.java:226)
	at org.openqa.selenium.devtools.Connection.lambda$handle$4(Connection.java:321)
	at java.base/java.util.stream.ForEachOps$ForEachOp$OfRef.accept(ForEachOps.java:183)
	at java.base/java.util.stream.ReferencePipeline$2$1.accept(ReferencePipeline.java:177)
	at java.base/java.util.stream.ReferencePipeline$11$1.accept(ReferencePipeline.java:442)
	at java.base/java.util.HashMap$KeySpliterator.forEachRemaining(HashMap.java:1621)
	at java.base/java.util.stream.AbstractPipeline.copyInto(AbstractPipeline.java:484)
	at java.base/java.util.stream.AbstractPipeline.wrapAndCopyInto(AbstractPipeline.java:474)
	at java.base/java.util.stream.ForEachOps$ForEachOp.evaluateSequential(ForEachOps.java:150)
	at java.base/java.util.stream.ForEachOps$ForEachOp$OfRef.evaluateSequential(ForEachOps.java:173)
	at java.base/java.util.stream.AbstractPipeline.evaluate(AbstractPipeline.java:234)
	at java.base/java.util.stream.ReferencePipeline.forEach(ReferencePipeline.java:497)
	at org.openqa.selenium.devtools.Connection.handle(Connection.java:287)
	at org.openqa.selenium.devtools.Connection.access$200(Connection.java:57)
	at org.openqa.selenium.devtools.Connection$Listener.lambda$onText$0(Connection.java:224)
	at java.base/java.util.concurrent.ThreadPoolExecutor.runWorker(ThreadPoolExecutor.java:1128)
	at java.base/java.util.concurrent.ThreadPoolExecutor$Worker.run(ThreadPoolExecutor.java:628)
	at java.base/java.lang.Thread.run(Thread.java:829)
Caused by: org.openqa.selenium.WebDriverException: {"id":1616,"error":{"code":-32602,"message":"Invalid InterceptionId."},"sessionId":"69DE6D1A85B5D627489871F60443E14A"}
Build info: version: '4.11.0', revision: '040bc5406b'
System info: os.name: 'Windows 10', os.arch: 'amd64', os.version: '10.0', java.version: '11.0.18'
Driver info: driver.version: unknown
	at org.openqa.selenium.devtools.Connection.handle(Connection.java:260)
	... 5 more

Exception in thread "CDP Connection" org.openqa.selenium.devtools.DevToolsException: {"id":1616,"error":{"code":-32602,"message":"Invalid InterceptionId."},"sessionId":"69DE6D1A85B5D627489871F60443E14A"}
Build info: version: '4.11.0', revision: '040bc5406b'
System info: os.name: 'Windows 10', os.arch: 'amd64', os.version: '10.0', java.version: '11.0.18'
Driver info: driver.version: unknown
	at org.openqa.selenium.devtools.Connection$Listener.lambda$onText$0(Connection.java:227)
	at java.base/java.util.concurrent.ThreadPoolExecutor.runWorker(ThreadPoolExecutor.java:1128)
	at java.base/java.util.concurrent.ThreadPoolExecutor$Worker.run(ThreadPoolExecutor.java:628)
	at java.base/java.lang.Thread.run(Thread.java:829)
Caused by: org.openqa.selenium.devtools.DevToolsException: {"id":1616,"error":{"code":-32602,"message":"Invalid InterceptionId."},"sessionId":"69DE6D1A85B5D627489871F60443E14A"}
Build info: version: '4.11.0', revision: '040bc5406b'
System info: os.name: 'Windows 10', os.arch: 'amd64', os.version: '10.0', java.version: '11.0.18'
Driver info: driver.version: unknown
	at org.openqa.selenium.devtools.Connection.sendAndWait(Connection.java:181)
	at org.openqa.selenium.devtools.DevTools.send(DevTools.java:81)
	at org.openqa.selenium.devtools.idealized.Network.lambda$prepareToInterceptTraffic$3(Network.java:211)
	at org.openqa.selenium.remote.http.Filter.lambda$andFinally$1(Filter.java:55)
	at org.openqa.selenium.devtools.idealized.Network.lambda$prepareToInterceptTraffic$4(Network.java:226)
	at org.openqa.selenium.devtools.Connection.lambda$handle$4(Connection.java:321)
	at java.base/java.util.stream.ForEachOps$ForEachOp$OfRef.accept(ForEachOps.java:183)
	at java.base/java.util.stream.ReferencePipeline$2$1.accept(ReferencePipeline.java:177)
	at java.base/java.util.stream.ReferencePipeline$11$1.accept(ReferencePipeline.java:442)
	at java.base/java.util.HashMap$KeySpliterator.forEachRemaining(HashMap.java:1621)
	at java.base/java.util.stream.AbstractPipeline.copyInto(AbstractPipeline.java:484)
	at java.base/java.util.stream.AbstractPipeline.wrapAndCopyInto(AbstractPipeline.java:474)
	at java.base/java.util.stream.ForEachOps$ForEachOp.evaluateSequential(ForEachOps.java:150)
	at java.base/java.util.stream.ForEachOps$ForEachOp$OfRef.evaluateSequential(ForEachOps.java:173)
	at java.base/java.util.stream.AbstractPipeline.evaluate(AbstractPipeline.java:234)
	at java.base/java.util.stream.ReferencePipeline.forEach(ReferencePipeline.java:497)
	at org.openqa.selenium.devtools.Connection.handle(Connection.java:287)
	at org.openqa.selenium.devtools.Connection.access$200(Connection.java:57)
	at org.openqa.selenium.devtools.Connection$Listener.lambda$onText$0(Connection.java:224)
	... 3 more
Caused by: org.openqa.selenium.WebDriverException: {"id":1616,"error":{"code":-32602,"message":"Invalid InterceptionId."},"sessionId":"69DE6D1A85B5D627489871F60443E14A"}
Build info: version: '4.11.0', revision: '040bc5406b'
System info: os.name: 'Windows 10', os.arch: 'amd64', os.version: '10.0', java.version: '11.0.18'
Driver info: driver.version: unknown
	at org.openqa.selenium.devtools.Connection.handle(Connection.java:260)
	... 5 more
авг. 16, 2023 4:22:08 PM org.openqa.selenium.devtools.Connection$Listener lambda$onText$0
WARNING: Unable to process: {"method":"Fetch.requestPaused","params":{"requestId":"interception-job-263.0","request":{"url":"http://localhost:8080/manifest.json","method":"GET","headers":{"Accept":"*/*","Referer":"http://localhost:8080/","User-Agent":"Mozilla/5.0 (Windows NT 10.0; Win64; x64) AppleWebKit/537.36 (KHTML, like Gecko) Chrome/116.0.0.0 Safari/537.36","sec-ch-ua":"\"Chromium\";v=\"116\", \"Not)A;Brand\";v=\"24\", \"Google Chrome\";v=\"116\"","sec-ch-ua-mobile":"?0","sec-ch-ua-platform":"\"Windows\""},"initialPriority":"Medium","referrerPolicy":"strict-origin-when-cross-origin"},"frameId":"D165F02B89151667DFD1BF49856829E7","resourceType":"Other"},"sessionId":"69DE6D1A85B5D627489871F60443E14A"}
org.openqa.selenium.devtools.DevToolsException: {"id":1618,"error":{"code":-32602,"message":"Invalid InterceptionId."},"sessionId":"69DE6D1A85B5D627489871F60443E14A"}
Build info: version: '4.11.0', revision: '040bc5406b'
System info: os.name: 'Windows 10', os.arch: 'amd64', os.version: '10.0', java.version: '11.0.18'
Driver info: driver.version: unknown
	at org.openqa.selenium.devtools.Connection.sendAndWait(Connection.java:181)
	at org.openqa.selenium.devtools.DevTools.send(DevTools.java:81)
	at org.openqa.selenium.devtools.idealized.Network.lambda$prepareToInterceptTraffic$3(Network.java:211)
	at org.openqa.selenium.remote.http.Filter.lambda$andFinally$1(Filter.java:55)
	at org.openqa.selenium.devtools.idealized.Network.lambda$prepareToInterceptTraffic$4(Network.java:226)
	at org.openqa.selenium.devtools.Connection.lambda$handle$4(Connection.java:321)
	at java.base/java.util.stream.ForEachOps$ForEachOp$OfRef.accept(ForEachOps.java:183)
	at java.base/java.util.stream.ReferencePipeline$2$1.accept(ReferencePipeline.java:177)
	at java.base/java.util.stream.ReferencePipeline$11$1.accept(ReferencePipeline.java:442)
	at java.base/java.util.HashMap$KeySpliterator.forEachRemaining(HashMap.java:1621)
	at java.base/java.util.stream.AbstractPipeline.copyInto(AbstractPipeline.java:484)
	at java.base/java.util.stream.AbstractPipeline.wrapAndCopyInto(AbstractPipeline.java:474)
	at java.base/java.util.stream.ForEachOps$ForEachOp.evaluateSequential(ForEachOps.java:150)
	at java.base/java.util.stream.ForEachOps$ForEachOp$OfRef.evaluateSequential(ForEachOps.java:173)
	at java.base/java.util.stream.AbstractPipeline.evaluate(AbstractPipeline.java:234)
	at java.base/java.util.stream.ReferencePipeline.forEach(ReferencePipeline.java:497)
	at org.openqa.selenium.devtools.Connection.handle(Connection.java:287)
	at org.openqa.selenium.devtools.Connection.access$200(Connection.java:57)
	at org.openqa.selenium.devtools.Connection$Listener.lambda$onText$0(Connection.java:224)
	at java.base/java.util.concurrent.ThreadPoolExecutor.runWorker(ThreadPoolExecutor.java:1128)
	at java.base/java.util.concurrent.ThreadPoolExecutor$Worker.run(ThreadPoolExecutor.java:628)
	at java.base/java.lang.Thread.run(Thread.java:829)
Caused by: org.openqa.selenium.WebDriverException: {"id":1618,"error":{"code":-32602,"message":"Invalid InterceptionId."},"sessionId":"69DE6D1A85B5D627489871F60443E14A"}
Build info: version: '4.11.0', revision: '040bc5406b'
System info: os.name: 'Windows 10', os.arch: 'amd64', os.version: '10.0', java.version: '11.0.18'
Driver info: driver.version: unknown
	at org.openqa.selenium.devtools.Connection.handle(Connection.java:260)
	... 5 more

Exception in thread "CDP Connection" org.openqa.selenium.devtools.DevToolsException: {"id":1618,"error":{"code":-32602,"message":"Invalid InterceptionId."},"sessionId":"69DE6D1A85B5D627489871F60443E14A"}
Build info: version: '4.11.0', revision: '040bc5406b'
System info: os.name: 'Windows 10', os.arch: 'amd64', os.version: '10.0', java.version: '11.0.18'
Driver info: driver.version: unknown
	at org.openqa.selenium.devtools.Connection$Listener.lambda$onText$0(Connection.java:227)
	at java.base/java.util.concurrent.ThreadPoolExecutor.runWorker(ThreadPoolExecutor.java:1128)
	at java.base/java.util.concurrent.ThreadPoolExecutor$Worker.run(ThreadPoolExecutor.java:628)
	at java.base/java.lang.Thread.run(Thread.java:829)
Caused by: org.openqa.selenium.devtools.DevToolsException: {"id":1618,"error":{"code":-32602,"message":"Invalid InterceptionId."},"sessionId":"69DE6D1A85B5D627489871F60443E14A"}
Build info: version: '4.11.0', revision: '040bc5406b'
System info: os.name: 'Windows 10', os.arch: 'amd64', os.version: '10.0', java.version: '11.0.18'
Driver info: driver.version: unknown
	at org.openqa.selenium.devtools.Connection.sendAndWait(Connection.java:181)
	at org.openqa.selenium.devtools.DevTools.send(DevTools.java:81)
	at org.openqa.selenium.devtools.idealized.Network.lambda$prepareToInterceptTraffic$3(Network.java:211)
	at org.openqa.selenium.remote.http.Filter.lambda$andFinally$1(Filter.java:55)
	at org.openqa.selenium.devtools.idealized.Network.lambda$prepareToInterceptTraffic$4(Network.java:226)
	at org.openqa.selenium.devtools.Connection.lambda$handle$4(Connection.java:321)
	at java.base/java.util.stream.ForEachOps$ForEachOp$OfRef.accept(ForEachOps.java:183)
	at java.base/java.util.stream.ReferencePipeline$2$1.accept(ReferencePipeline.java:177)
	at java.base/java.util.stream.ReferencePipeline$11$1.accept(ReferencePipeline.java:442)
	at java.base/java.util.HashMap$KeySpliterator.forEachRemaining(HashMap.java:1621)
	at java.base/java.util.stream.AbstractPipeline.copyInto(AbstractPipeline.java:484)
	at java.base/java.util.stream.AbstractPipeline.wrapAndCopyInto(AbstractPipeline.java:474)
	at java.base/java.util.stream.ForEachOps$ForEachOp.evaluateSequential(ForEachOps.java:150)
	at java.base/java.util.stream.ForEachOps$ForEachOp$OfRef.evaluateSequential(ForEachOps.java:173)
	at java.base/java.util.stream.AbstractPipeline.evaluate(AbstractPipeline.java:234)
	at java.base/java.util.stream.ReferencePipeline.forEach(ReferencePipeline.java:497)
	at org.openqa.selenium.devtools.Connection.handle(Connection.java:287)
	at org.openqa.selenium.devtools.Connection.access$200(Connection.java:57)
	at org.openqa.selenium.devtools.Connection$Listener.lambda$onText$0(Connection.java:224)
	... 3 more
Caused by: org.openqa.selenium.WebDriverException: {"id":1618,"error":{"code":-32602,"message":"Invalid InterceptionId."},"sessionId":"69DE6D1A85B5D627489871F60443E14A"}
Build info: version: '4.11.0', revision: '040bc5406b'
System info: os.name: 'Windows 10', os.arch: 'amd64', os.version: '10.0', java.version: '11.0.18'
Driver info: driver.version: unknown
	at org.openqa.selenium.devtools.Connection.handle(Connection.java:260)
	... 5 more
авг. 16, 2023 4:22:08 PM org.openqa.selenium.devtools.Connection$Listener lambda$onText$0
WARNING: Unable to process: {"method":"Fetch.requestPaused","params":{"requestId":"interception-job-265.0","request":{"url":"http://localhost:8080/logo192.png","method":"GET","headers":{"Accept":"image/avif,image/webp,image/apng,image/svg+xml,image/*,*/*;q=0.8","Referer":"http://localhost:8080/","User-Agent":"Mozilla/5.0 (Windows NT 10.0; Win64; x64) AppleWebKit/537.36 (KHTML, like Gecko) Chrome/116.0.0.0 Safari/537.36","sec-ch-ua":"\"Chromium\";v=\"116\", \"Not)A;Brand\";v=\"24\", \"Google Chrome\";v=\"116\"","sec-ch-ua-mobile":"?0","sec-ch-ua-platform":"\"Windows\""},"initialPriority":"High","referrerPolicy":"unsafe-url"},"frameId":"D165F02B89151667DFD1BF49856829E7","resourceType":"Image","responseStatusCode":200,"responseStatusText":"","responseHeaders":[{"name":"Vary","value":"Origin"},{"name":"Vary","value":"Access-Control-Request-Method"},{"name":"Vary","value":"Access-Control-Request-Headers"},{"name":"Last-Modified","value":"Thu, 03 Aug 2023 10:18:16 GMT"},{"name":"Accept-Ranges","value":"bytes"},{"name":"Content-Type","value":"image/png"},{"name":"Content-Length","value":"8581"},{"name":"Date","value":"Wed, 16 Aug 2023 13:20:23 GMT"}]},"sessionId":"69DE6D1A85B5D627489871F60443E14A"}
org.openqa.selenium.devtools.DevToolsException: {"id":1623,"error":{"code":-32602,"message":"Invalid InterceptionId."},"sessionId":"69DE6D1A85B5D627489871F60443E14A"}
Build info: version: '4.11.0', revision: '040bc5406b'
System info: os.name: 'Windows 10', os.arch: 'amd64', os.version: '10.0', java.version: '11.0.18'
Driver info: driver.version: unknown
	at org.openqa.selenium.devtools.Connection.sendAndWait(Connection.java:181)
	at org.openqa.selenium.devtools.DevTools.send(DevTools.java:81)
	at org.openqa.selenium.devtools.idealized.Network.lambda$prepareToInterceptTraffic$4(Network.java:194)
	at org.openqa.selenium.devtools.Connection.lambda$handle$4(Connection.java:321)
	at java.base/java.util.stream.ForEachOps$ForEachOp$OfRef.accept(ForEachOps.java:183)
	at java.base/java.util.stream.ReferencePipeline$2$1.accept(ReferencePipeline.java:177)
	at java.base/java.util.stream.ReferencePipeline$11$1.accept(ReferencePipeline.java:442)
	at java.base/java.util.HashMap$KeySpliterator.forEachRemaining(HashMap.java:1621)
	at java.base/java.util.stream.AbstractPipeline.copyInto(AbstractPipeline.java:484)
	at java.base/java.util.stream.AbstractPipeline.wrapAndCopyInto(AbstractPipeline.java:474)
	at java.base/java.util.stream.ForEachOps$ForEachOp.evaluateSequential(ForEachOps.java:150)
	at java.base/java.util.stream.ForEachOps$ForEachOp$OfRef.evaluateSequential(ForEachOps.java:173)
	at java.base/java.util.stream.AbstractPipeline.evaluate(AbstractPipeline.java:234)
	at java.base/java.util.stream.ReferencePipeline.forEach(ReferencePipeline.java:497)
	at org.openqa.selenium.devtools.Connection.handle(Connection.java:287)
	at org.openqa.selenium.devtools.Connection.access$200(Connection.java:57)
	at org.openqa.selenium.devtools.Connection$Listener.lambda$onText$0(Connection.java:224)
	at java.base/java.util.concurrent.ThreadPoolExecutor.runWorker(ThreadPoolExecutor.java:1128)
	at java.base/java.util.concurrent.ThreadPoolExecutor$Worker.run(ThreadPoolExecutor.java:628)
	at java.base/java.lang.Thread.run(Thread.java:829)
Caused by: org.openqa.selenium.WebDriverException: {"id":1623,"error":{"code":-32602,"message":"Invalid InterceptionId."},"sessionId":"69DE6D1A85B5D627489871F60443E14A"}
Build info: version: '4.11.0', revision: '040bc5406b'
System info: os.name: 'Windows 10', os.arch: 'amd64', os.version: '10.0', java.version: '11.0.18'
Driver info: driver.version: unknown
	at org.openqa.selenium.devtools.Connection.handle(Connection.java:260)
	... 5 more

Exception in thread "CDP Connection" org.openqa.selenium.devtools.DevToolsException: {"id":1623,"error":{"code":-32602,"message":"Invalid InterceptionId."},"sessionId":"69DE6D1A85B5D627489871F60443E14A"}
Build info: version: '4.11.0', revision: '040bc5406b'
System info: os.name: 'Windows 10', os.arch: 'amd64', os.version: '10.0', java.version: '11.0.18'
Driver info: driver.version: unknown
	at org.openqa.selenium.devtools.Connection$Listener.lambda$onText$0(Connection.java:227)
	at java.base/java.util.concurrent.ThreadPoolExecutor.runWorker(ThreadPoolExecutor.java:1128)
	at java.base/java.util.concurrent.ThreadPoolExecutor$Worker.run(ThreadPoolExecutor.java:628)
	at java.base/java.lang.Thread.run(Thread.java:829)
Caused by: org.openqa.selenium.devtools.DevToolsException: {"id":1623,"error":{"code":-32602,"message":"Invalid InterceptionId."},"sessionId":"69DE6D1A85B5D627489871F60443E14A"}
Build info: version: '4.11.0', revision: '040bc5406b'
System info: os.name: 'Windows 10', os.arch: 'amd64', os.version: '10.0', java.version: '11.0.18'
Driver info: driver.version: unknown
	at org.openqa.selenium.devtools.Connection.sendAndWait(Connection.java:181)
	at org.openqa.selenium.devtools.DevTools.send(DevTools.java:81)
	at org.openqa.selenium.devtools.idealized.Network.lambda$prepareToInterceptTraffic$4(Network.java:194)
	at org.openqa.selenium.devtools.Connection.lambda$handle$4(Connection.java:321)
	at java.base/java.util.stream.ForEachOps$ForEachOp$OfRef.accept(ForEachOps.java:183)
	at java.base/java.util.stream.ReferencePipeline$2$1.accept(ReferencePipeline.java:177)
	at java.base/java.util.stream.ReferencePipeline$11$1.accept(ReferencePipeline.java:442)
	at java.base/java.util.HashMap$KeySpliterator.forEachRemaining(HashMap.java:1621)
	at java.base/java.util.stream.AbstractPipeline.copyInto(AbstractPipeline.java:484)
	at java.base/java.util.stream.AbstractPipeline.wrapAndCopyInto(AbstractPipeline.java:474)
	at java.base/java.util.stream.ForEachOps$ForEachOp.evaluateSequential(ForEachOps.java:150)
	at java.base/java.util.stream.ForEachOps$ForEachOp$OfRef.evaluateSequential(ForEachOps.java:173)
	at java.base/java.util.stream.AbstractPipeline.evaluate(AbstractPipeline.java:234)
	at java.base/java.util.stream.ReferencePipeline.forEach(ReferencePipeline.java:497)
	at org.openqa.selenium.devtools.Connection.handle(Connection.java:287)
	at org.openqa.selenium.devtools.Connection.access$200(Connection.java:57)
	at org.openqa.selenium.devtools.Connection$Listener.lambda$onText$0(Connection.java:224)
	... 3 more
Caused by: org.openqa.selenium.WebDriverException: {"id":1623,"error":{"code":-32602,"message":"Invalid InterceptionId."},"sessionId":"69DE6D1A85B5D627489871F60443E14A"}
Build info: version: '4.11.0', revision: '040bc5406b'
System info: os.name: 'Windows 10', os.arch: 'amd64', os.version: '10.0', java.version: '11.0.18'
Driver info: driver.version: unknown
	at org.openqa.selenium.devtools.Connection.handle(Connection.java:260)
	... 5 more
авг. 16, 2023 4:22:08 PM org.openqa.selenium.devtools.Connection$Listener lambda$onText$0
WARNING: Unable to process: {"method":"Fetch.requestPaused","params":{"requestId":"interception-job-265.0","request":{"url":"http://localhost:8080/logo192.png","method":"GET","headers":{"Accept":"image/avif,image/webp,image/apng,image/svg+xml,image/*,*/*;q=0.8","Referer":"http://localhost:8080/","User-Agent":"Mozilla/5.0 (Windows NT 10.0; Win64; x64) AppleWebKit/537.36 (KHTML, like Gecko) Chrome/116.0.0.0 Safari/537.36","sec-ch-ua":"\"Chromium\";v=\"116\", \"Not)A;Brand\";v=\"24\", \"Google Chrome\";v=\"116\"","sec-ch-ua-mobile":"?0","sec-ch-ua-platform":"\"Windows\""},"initialPriority":"High","referrerPolicy":"strict-origin-when-cross-origin"},"frameId":"D165F02B89151667DFD1BF49856829E7","resourceType":"Image"},"sessionId":"69DE6D1A85B5D627489871F60443E14A"}
org.openqa.selenium.devtools.DevToolsException: {"id":1624,"error":{"code":-32602,"message":"Invalid InterceptionId."},"sessionId":"69DE6D1A85B5D627489871F60443E14A"}
Build info: version: '4.11.0', revision: '040bc5406b'
System info: os.name: 'Windows 10', os.arch: 'amd64', os.version: '10.0', java.version: '11.0.18'
Driver info: driver.version: unknown
	at org.openqa.selenium.devtools.Connection.sendAndWait(Connection.java:181)
	at org.openqa.selenium.devtools.DevTools.send(DevTools.java:81)
	at org.openqa.selenium.devtools.idealized.Network.lambda$prepareToInterceptTraffic$3(Network.java:211)
	at org.openqa.selenium.remote.http.Filter.lambda$andFinally$1(Filter.java:55)
	at org.openqa.selenium.devtools.idealized.Network.lambda$prepareToInterceptTraffic$4(Network.java:226)
	at org.openqa.selenium.devtools.Connection.lambda$handle$4(Connection.java:321)
	at java.base/java.util.stream.ForEachOps$ForEachOp$OfRef.accept(ForEachOps.java:183)
	at java.base/java.util.stream.ReferencePipeline$2$1.accept(ReferencePipeline.java:177)
	at java.base/java.util.stream.ReferencePipeline$11$1.accept(ReferencePipeline.java:442)
	at java.base/java.util.HashMap$KeySpliterator.forEachRemaining(HashMap.java:1621)
	at java.base/java.util.stream.AbstractPipeline.copyInto(AbstractPipeline.java:484)
	at java.base/java.util.stream.AbstractPipeline.wrapAndCopyInto(AbstractPipeline.java:474)
	at java.base/java.util.stream.ForEachOps$ForEachOp.evaluateSequential(ForEachOps.java:150)
	at java.base/java.util.stream.ForEachOps$ForEachOp$OfRef.evaluateSequential(ForEachOps.java:173)
	at java.base/java.util.stream.AbstractPipeline.evaluate(AbstractPipeline.java:234)
	at java.base/java.util.stream.ReferencePipeline.forEach(ReferencePipeline.java:497)
	at org.openqa.selenium.devtools.Connection.handle(Connection.java:287)
	at org.openqa.selenium.devtools.Connection.access$200(Connection.java:57)
	at org.openqa.selenium.devtools.Connection$Listener.lambda$onText$0(Connection.java:224)
	at java.base/java.util.concurrent.ThreadPoolExecutor.runWorker(ThreadPoolExecutor.java:1128)
	at java.base/java.util.concurrent.ThreadPoolExecutor$Worker.run(ThreadPoolExecutor.java:628)
	at java.base/java.lang.Thread.run(Thread.java:829)
Caused by: org.openqa.selenium.WebDriverException: {"id":1624,"error":{"code":-32602,"message":"Invalid InterceptionId."},"sessionId":"69DE6D1A85B5D627489871F60443E14A"}
Build info: version: '4.11.0', revision: '040bc5406b'
System info: os.name: 'Windows 10', os.arch: 'amd64', os.version: '10.0', java.version: '11.0.18'
Driver info: driver.version: unknown
	at org.openqa.selenium.devtools.Connection.handle(Connection.java:260)
	... 5 more

Exception in thread "CDP Connection" org.openqa.selenium.devtools.DevToolsException: {"id":1624,"error":{"code":-32602,"message":"Invalid InterceptionId."},"sessionId":"69DE6D1A85B5D627489871F60443E14A"}
Build info: version: '4.11.0', revision: '040bc5406b'
System info: os.name: 'Windows 10', os.arch: 'amd64', os.version: '10.0', java.version: '11.0.18'
Driver info: driver.version: unknown
	at org.openqa.selenium.devtools.Connection$Listener.lambda$onText$0(Connection.java:227)
	at java.base/java.util.concurrent.ThreadPoolExecutor.runWorker(ThreadPoolExecutor.java:1128)
	at java.base/java.util.concurrent.ThreadPoolExecutor$Worker.run(ThreadPoolExecutor.java:628)
	at java.base/java.lang.Thread.run(Thread.java:829)
Caused by: org.openqa.selenium.devtools.DevToolsException: {"id":1624,"error":{"code":-32602,"message":"Invalid InterceptionId."},"sessionId":"69DE6D1A85B5D627489871F60443E14A"}
Build info: version: '4.11.0', revision: '040bc5406b'
System info: os.name: 'Windows 10', os.arch: 'amd64', os.version: '10.0', java.version: '11.0.18'
Driver info: driver.version: unknown
	at org.openqa.selenium.devtools.Connection.sendAndWait(Connection.java:181)
	at org.openqa.selenium.devtools.DevTools.send(DevTools.java:81)
	at org.openqa.selenium.devtools.idealized.Network.lambda$prepareToInterceptTraffic$3(Network.java:211)
	at org.openqa.selenium.remote.http.Filter.lambda$andFinally$1(Filter.java:55)
	at org.openqa.selenium.devtools.idealized.Network.lambda$prepareToInterceptTraffic$4(Network.java:226)
	at org.openqa.selenium.devtools.Connection.lambda$handle$4(Connection.java:321)
	at java.base/java.util.stream.ForEachOps$ForEachOp$OfRef.accept(ForEachOps.java:183)
	at java.base/java.util.stream.ReferencePipeline$2$1.accept(ReferencePipeline.java:177)
	at java.base/java.util.stream.ReferencePipeline$11$1.accept(ReferencePipeline.java:442)
	at java.base/java.util.HashMap$KeySpliterator.forEachRemaining(HashMap.java:1621)
	at java.base/java.util.stream.AbstractPipeline.copyInto(AbstractPipeline.java:484)
	at java.base/java.util.stream.AbstractPipeline.wrapAndCopyInto(AbstractPipeline.java:474)
	at java.base/java.util.stream.ForEachOps$ForEachOp.evaluateSequential(ForEachOps.java:150)
	at java.base/java.util.stream.ForEachOps$ForEachOp$OfRef.evaluateSequential(ForEachOps.java:173)
	at java.base/java.util.stream.AbstractPipeline.evaluate(AbstractPipeline.java:234)
	at java.base/java.util.stream.ReferencePipeline.forEach(ReferencePipeline.java:497)
	at org.openqa.selenium.devtools.Connection.handle(Connection.java:287)
	at org.openqa.selenium.devtools.Connection.access$200(Connection.java:57)
	at org.openqa.selenium.devtools.Connection$Listener.lambda$onText$0(Connection.java:224)
	... 3 more
Caused by: org.openqa.selenium.WebDriverException: {"id":1624,"error":{"code":-32602,"message":"Invalid InterceptionId."},"sessionId":"69DE6D1A85B5D627489871F60443E14A"}
Build info: version: '4.11.0', revision: '040bc5406b'
System info: os.name: 'Windows 10', os.arch: 'amd64', os.version: '10.0', java.version: '11.0.18'
Driver info: driver.version: unknown
	at org.openqa.selenium.devtools.Connection.handle(Connection.java:260)
	... 5 more
авг. 16, 2023 4:22:08 PM org.openqa.selenium.devtools.Connection$Listener lambda$onText$0
WARNING: Unable to process: {"method":"Fetch.requestPaused","params":{"requestId":"interception-job-266.0","request":{"url":"http://localhost:8080/static/media/icon_ok_m_white.5987da79.svg","method":"GET","headers":{"Accept":"image/avif,image/webp,image/apng,image/svg+xml,image/*,*/*;q=0.8","Referer":"http://localhost:8080/static/css/2.7d875902.chunk.css","User-Agent":"Mozilla/5.0 (Windows NT 10.0; Win64; x64) AppleWebKit/537.36 (KHTML, like Gecko) Chrome/116.0.0.0 Safari/537.36","sec-ch-ua":"\"Chromium\";v=\"116\", \"Not)A;Brand\";v=\"24\", \"Google Chrome\";v=\"116\"","sec-ch-ua-mobile":"?0","sec-ch-ua-platform":"\"Windows\""},"initialPriority":"Low","referrerPolicy":"unsafe-url"},"frameId":"D165F02B89151667DFD1BF49856829E7","resourceType":"Image","responseStatusCode":200,"responseStatusText":"","responseHeaders":[{"name":"Vary","value":"Origin"},{"name":"Vary","value":"Access-Control-Request-Method"},{"name":"Vary","value":"Access-Control-Request-Headers"},{"name":"Last-Modified","value":"Thu, 03 Aug 2023 10:18:16 GMT"},{"name":"Accept-Ranges","value":"bytes"},{"name":"Content-Type","value":"image/svg+xml"},{"name":"Content-Length","value":"687"},{"name":"Date","value":"Wed, 16 Aug 2023 13:20:24 GMT"}]},"sessionId":"69DE6D1A85B5D627489871F60443E14A"}
org.openqa.selenium.devtools.DevToolsException: {"id":1635,"error":{"code":-32602,"message":"Invalid InterceptionId."},"sessionId":"69DE6D1A85B5D627489871F60443E14A"}
Build info: version: '4.11.0', revision: '040bc5406b'
System info: os.name: 'Windows 10', os.arch: 'amd64', os.version: '10.0', java.version: '11.0.18'
Driver info: driver.version: unknown
	at org.openqa.selenium.devtools.Connection.sendAndWait(Connection.java:181)
	at org.openqa.selenium.devtools.DevTools.send(DevTools.java:81)
	at org.openqa.selenium.devtools.idealized.Network.lambda$prepareToInterceptTraffic$4(Network.java:194)
	at org.openqa.selenium.devtools.Connection.lambda$handle$4(Connection.java:321)
	at java.base/java.util.stream.ForEachOps$ForEachOp$OfRef.accept(ForEachOps.java:183)
	at java.base/java.util.stream.ReferencePipeline$2$1.accept(ReferencePipeline.java:177)
	at java.base/java.util.stream.ReferencePipeline$11$1.accept(ReferencePipeline.java:442)
	at java.base/java.util.HashMap$KeySpliterator.forEachRemaining(HashMap.java:1621)
	at java.base/java.util.stream.AbstractPipeline.copyInto(AbstractPipeline.java:484)
	at java.base/java.util.stream.AbstractPipeline.wrapAndCopyInto(AbstractPipeline.java:474)
	at java.base/java.util.stream.ForEachOps$ForEachOp.evaluateSequential(ForEachOps.java:150)
	at java.base/java.util.stream.ForEachOps$ForEachOp$OfRef.evaluateSequential(ForEachOps.java:173)
	at java.base/java.util.stream.AbstractPipeline.evaluate(AbstractPipeline.java:234)
	at java.base/java.util.stream.ReferencePipeline.forEach(ReferencePipeline.java:497)
	at org.openqa.selenium.devtools.Connection.handle(Connection.java:287)
	at org.openqa.selenium.devtools.Connection.access$200(Connection.java:57)
	at org.openqa.selenium.devtools.Connection$Listener.lambda$onText$0(Connection.java:224)
	at java.base/java.util.concurrent.ThreadPoolExecutor.runWorker(ThreadPoolExecutor.java:1128)
	at java.base/java.util.concurrent.ThreadPoolExecutor$Worker.run(ThreadPoolExecutor.java:628)
	at java.base/java.lang.Thread.run(Thread.java:829)
Caused by: org.openqa.selenium.WebDriverException: {"id":1635,"error":{"code":-32602,"message":"Invalid InterceptionId."},"sessionId":"69DE6D1A85B5D627489871F60443E14A"}
Build info: version: '4.11.0', revision: '040bc5406b'
System info: os.name: 'Windows 10', os.arch: 'amd64', os.version: '10.0', java.version: '11.0.18'
Driver info: driver.version: unknown
	at org.openqa.selenium.devtools.Connection.handle(Connection.java:260)
	... 5 more

Exception in thread "CDP Connection" org.openqa.selenium.devtools.DevToolsException: {"id":1635,"error":{"code":-32602,"message":"Invalid InterceptionId."},"sessionId":"69DE6D1A85B5D627489871F60443E14A"}
Build info: version: '4.11.0', revision: '040bc5406b'
System info: os.name: 'Windows 10', os.arch: 'amd64', os.version: '10.0', java.version: '11.0.18'
Driver info: driver.version: unknown
	at org.openqa.selenium.devtools.Connection$Listener.lambda$onText$0(Connection.java:227)
	at java.base/java.util.concurrent.ThreadPoolExecutor.runWorker(ThreadPoolExecutor.java:1128)
	at java.base/java.util.concurrent.ThreadPoolExecutor$Worker.run(ThreadPoolExecutor.java:628)
	at java.base/java.lang.Thread.run(Thread.java:829)
Caused by: org.openqa.selenium.devtools.DevToolsException: {"id":1635,"error":{"code":-32602,"message":"Invalid InterceptionId."},"sessionId":"69DE6D1A85B5D627489871F60443E14A"}
Build info: version: '4.11.0', revision: '040bc5406b'
System info: os.name: 'Windows 10', os.arch: 'amd64', os.version: '10.0', java.version: '11.0.18'
Driver info: driver.version: unknown
	at org.openqa.selenium.devtools.Connection.sendAndWait(Connection.java:181)
	at org.openqa.selenium.devtools.DevTools.send(DevTools.java:81)
	at org.openqa.selenium.devtools.idealized.Network.lambda$prepareToInterceptTraffic$4(Network.java:194)
	at org.openqa.selenium.devtools.Connection.lambda$handle$4(Connection.java:321)
	at java.base/java.util.stream.ForEachOps$ForEachOp$OfRef.accept(ForEachOps.java:183)
	at java.base/java.util.stream.ReferencePipeline$2$1.accept(ReferencePipeline.java:177)
	at java.base/java.util.stream.ReferencePipeline$11$1.accept(ReferencePipeline.java:442)
	at java.base/java.util.HashMap$KeySpliterator.forEachRemaining(HashMap.java:1621)
	at java.base/java.util.stream.AbstractPipeline.copyInto(AbstractPipeline.java:484)
	at java.base/java.util.stream.AbstractPipeline.wrapAndCopyInto(AbstractPipeline.java:474)
	at java.base/java.util.stream.ForEachOps$ForEachOp.evaluateSequential(ForEachOps.java:150)
	at java.base/java.util.stream.ForEachOps$ForEachOp$OfRef.evaluateSequential(ForEachOps.java:173)
	at java.base/java.util.stream.AbstractPipeline.evaluate(AbstractPipeline.java:234)
	at java.base/java.util.stream.ReferencePipeline.forEach(ReferencePipeline.java:497)
	at org.openqa.selenium.devtools.Connection.handle(Connection.java:287)
	at org.openqa.selenium.devtools.Connection.access$200(Connection.java:57)
	at org.openqa.selenium.devtools.Connection$Listener.lambda$onText$0(Connection.java:224)
	... 3 more
Caused by: org.openqa.selenium.WebDriverException: {"id":1635,"error":{"code":-32602,"message":"Invalid InterceptionId."},"sessionId":"69DE6D1A85B5D627489871F60443E14A"}
Build info: version: '4.11.0', revision: '040bc5406b'
System info: os.name: 'Windows 10', os.arch: 'amd64', os.version: '10.0', java.version: '11.0.18'
Driver info: driver.version: unknown
	at org.openqa.selenium.devtools.Connection.handle(Connection.java:260)
	... 5 more
авг. 16, 2023 4:22:08 PM org.openqa.selenium.devtools.Connection$Listener lambda$onText$0
WARNING: Unable to process: {"method":"Fetch.requestPaused","params":{"requestId":"interception-job-267.0","request":{"url":"http://localhost:8080/static/media/icon_close_s_white.cd06f8fb.svg","method":"GET","headers":{"Accept":"image/avif,image/webp,image/apng,image/svg+xml,image/*,*/*;q=0.8","Referer":"http://localhost:8080/static/css/2.7d875902.chunk.css","User-Agent":"Mozilla/5.0 (Windows NT 10.0; Win64; x64) AppleWebKit/537.36 (KHTML, like Gecko) Chrome/116.0.0.0 Safari/537.36","sec-ch-ua":"\"Chromium\";v=\"116\", \"Not)A;Brand\";v=\"24\", \"Google Chrome\";v=\"116\"","sec-ch-ua-mobile":"?0","sec-ch-ua-platform":"\"Windows\""},"initialPriority":"Low","referrerPolicy":"unsafe-url"},"frameId":"D165F02B89151667DFD1BF49856829E7","resourceType":"Image","responseStatusCode":200,"responseStatusText":"","responseHeaders":[{"name":"Vary","value":"Origin"},{"name":"Vary","value":"Access-Control-Request-Method"},{"name":"Vary","value":"Access-Control-Request-Headers"},{"name":"Last-Modified","value":"Thu, 03 Aug 2023 10:18:16 GMT"},{"name":"Accept-Ranges","value":"bytes"},{"name":"Content-Type","value":"image/svg+xml"},{"name":"Content-Length","value":"247"},{"name":"Date","value":"Wed, 16 Aug 2023 13:20:24 GMT"}]},"sessionId":"69DE6D1A85B5D627489871F60443E14A"}
org.openqa.selenium.devtools.DevToolsException: {"id":1637,"error":{"code":-32602,"message":"Invalid InterceptionId."},"sessionId":"69DE6D1A85B5D627489871F60443E14A"}
Build info: version: '4.11.0', revision: '040bc5406b'
System info: os.name: 'Windows 10', os.arch: 'amd64', os.version: '10.0', java.version: '11.0.18'
Driver info: driver.version: unknown
	at org.openqa.selenium.devtools.Connection.sendAndWait(Connection.java:181)
	at org.openqa.selenium.devtools.DevTools.send(DevTools.java:81)
	at org.openqa.selenium.devtools.idealized.Network.lambda$prepareToInterceptTraffic$4(Network.java:194)
	at org.openqa.selenium.devtools.Connection.lambda$handle$4(Connection.java:321)
	at java.base/java.util.stream.ForEachOps$ForEachOp$OfRef.accept(ForEachOps.java:183)
	at java.base/java.util.stream.ReferencePipeline$2$1.accept(ReferencePipeline.java:177)
	at java.base/java.util.stream.ReferencePipeline$11$1.accept(ReferencePipeline.java:442)
	at java.base/java.util.HashMap$KeySpliterator.forEachRemaining(HashMap.java:1621)
	at java.base/java.util.stream.AbstractPipeline.copyInto(AbstractPipeline.java:484)
	at java.base/java.util.stream.AbstractPipeline.wrapAndCopyInto(AbstractPipeline.java:474)
	at java.base/java.util.stream.ForEachOps$ForEachOp.evaluateSequential(ForEachOps.java:150)
	at java.base/java.util.stream.ForEachOps$ForEachOp$OfRef.evaluateSequential(ForEachOps.java:173)
	at java.base/java.util.stream.AbstractPipeline.evaluate(AbstractPipeline.java:234)
	at java.base/java.util.stream.ReferencePipeline.forEach(ReferencePipeline.java:497)
	at org.openqa.selenium.devtools.Connection.handle(Connection.java:287)
	at org.openqa.selenium.devtools.Connection.access$200(Connection.java:57)
	at org.openqa.selenium.devtools.Connection$Listener.lambda$onText$0(Connection.java:224)
	at java.base/java.util.concurrent.ThreadPoolExecutor.runWorker(ThreadPoolExecutor.java:1128)
	at java.base/java.util.concurrent.ThreadPoolExecutor$Worker.run(ThreadPoolExecutor.java:628)
	at java.base/java.lang.Thread.run(Thread.java:829)
Caused by: org.openqa.selenium.WebDriverException: {"id":1637,"error":{"code":-32602,"message":"Invalid InterceptionId."},"sessionId":"69DE6D1A85B5D627489871F60443E14A"}
Build info: version: '4.11.0', revision: '040bc5406b'
System info: os.name: 'Windows 10', os.arch: 'amd64', os.version: '10.0', java.version: '11.0.18'
Driver info: driver.version: unknown
	at org.openqa.selenium.devtools.Connection.handle(Connection.java:260)
	... 5 more

Exception in thread "CDP Connection" org.openqa.selenium.devtools.DevToolsException: {"id":1637,"error":{"code":-32602,"message":"Invalid InterceptionId."},"sessionId":"69DE6D1A85B5D627489871F60443E14A"}
Build info: version: '4.11.0', revision: '040bc5406b'
System info: os.name: 'Windows 10', os.arch: 'amd64', os.version: '10.0', java.version: '11.0.18'
Driver info: driver.version: unknown
	at org.openqa.selenium.devtools.Connection$Listener.lambda$onText$0(Connection.java:227)
	at java.base/java.util.concurrent.ThreadPoolExecutor.runWorker(ThreadPoolExecutor.java:1128)
	at java.base/java.util.concurrent.ThreadPoolExecutor$Worker.run(ThreadPoolExecutor.java:628)
	at java.base/java.lang.Thread.run(Thread.java:829)
Caused by: org.openqa.selenium.devtools.DevToolsException: {"id":1637,"error":{"code":-32602,"message":"Invalid InterceptionId."},"sessionId":"69DE6D1A85B5D627489871F60443E14A"}
Build info: version: '4.11.0', revision: '040bc5406b'
System info: os.name: 'Windows 10', os.arch: 'amd64', os.version: '10.0', java.version: '11.0.18'
Driver info: driver.version: unknown
	at org.openqa.selenium.devtools.Connection.sendAndWait(Connection.java:181)
	at org.openqa.selenium.devtools.DevTools.send(DevTools.java:81)
	at org.openqa.selenium.devtools.idealized.Network.lambda$prepareToInterceptTraffic$4(Network.java:194)
	at org.openqa.selenium.devtools.Connection.lambda$handle$4(Connection.java:321)
	at java.base/java.util.stream.ForEachOps$ForEachOp$OfRef.accept(ForEachOps.java:183)
	at java.base/java.util.stream.ReferencePipeline$2$1.accept(ReferencePipeline.java:177)
	at java.base/java.util.stream.ReferencePipeline$11$1.accept(ReferencePipeline.java:442)
	at java.base/java.util.HashMap$KeySpliterator.forEachRemaining(HashMap.java:1621)
	at java.base/java.util.stream.AbstractPipeline.copyInto(AbstractPipeline.java:484)
	at java.base/java.util.stream.AbstractPipeline.wrapAndCopyInto(AbstractPipeline.java:474)
	at java.base/java.util.stream.ForEachOps$ForEachOp.evaluateSequential(ForEachOps.java:150)
	at java.base/java.util.stream.ForEachOps$ForEachOp$OfRef.evaluateSequential(ForEachOps.java:173)
	at java.base/java.util.stream.AbstractPipeline.evaluate(AbstractPipeline.java:234)
	at java.base/java.util.stream.ReferencePipeline.forEach(ReferencePipeline.java:497)
	at org.openqa.selenium.devtools.Connection.handle(Connection.java:287)
	at org.openqa.selenium.devtools.Connection.access$200(Connection.java:57)
	at org.openqa.selenium.devtools.Connection$Listener.lambda$onText$0(Connection.java:224)
	... 3 more
Caused by: org.openqa.selenium.WebDriverException: {"id":1637,"error":{"code":-32602,"message":"Invalid InterceptionId."},"sessionId":"69DE6D1A85B5D627489871F60443E14A"}
Build info: version: '4.11.0', revision: '040bc5406b'
System info: os.name: 'Windows 10', os.arch: 'amd64', os.version: '10.0', java.version: '11.0.18'
Driver info: driver.version: unknown
	at org.openqa.selenium.devtools.Connection.handle(Connection.java:260)
	... 5 more
авг. 16, 2023 4:22:08 PM org.openqa.selenium.devtools.Connection$Listener lambda$onText$0
WARNING: Unable to process: {"method":"Fetch.requestPaused","params":{"requestId":"interception-job-266.0","request":{"url":"http://localhost:8080/static/media/icon_ok_m_white.5987da79.svg","method":"GET","headers":{"Accept":"image/avif,image/webp,image/apng,image/svg+xml,image/*,*/*;q=0.8","Referer":"http://localhost:8080/static/css/2.7d875902.chunk.css","User-Agent":"Mozilla/5.0 (Windows NT 10.0; Win64; x64) AppleWebKit/537.36 (KHTML, like Gecko) Chrome/116.0.0.0 Safari/537.36","sec-ch-ua":"\"Chromium\";v=\"116\", \"Not)A;Brand\";v=\"24\", \"Google Chrome\";v=\"116\"","sec-ch-ua-mobile":"?0","sec-ch-ua-platform":"\"Windows\""},"initialPriority":"Low","referrerPolicy":"strict-origin-when-cross-origin"},"frameId":"D165F02B89151667DFD1BF49856829E7","resourceType":"Image"},"sessionId":"69DE6D1A85B5D627489871F60443E14A"}
org.openqa.selenium.devtools.DevToolsException: {"id":1639,"error":{"code":-32602,"message":"Invalid InterceptionId."},"sessionId":"69DE6D1A85B5D627489871F60443E14A"}
Build info: version: '4.11.0', revision: '040bc5406b'
System info: os.name: 'Windows 10', os.arch: 'amd64', os.version: '10.0', java.version: '11.0.18'
Driver info: driver.version: unknown
	at org.openqa.selenium.devtools.Connection.sendAndWait(Connection.java:181)
	at org.openqa.selenium.devtools.DevTools.send(DevTools.java:81)
	at org.openqa.selenium.devtools.idealized.Network.lambda$prepareToInterceptTraffic$3(Network.java:211)
	at org.openqa.selenium.remote.http.Filter.lambda$andFinally$1(Filter.java:55)
	at org.openqa.selenium.devtools.idealized.Network.lambda$prepareToInterceptTraffic$4(Network.java:226)
	at org.openqa.selenium.devtools.Connection.lambda$handle$4(Connection.java:321)
	at java.base/java.util.stream.ForEachOps$ForEachOp$OfRef.accept(ForEachOps.java:183)
	at java.base/java.util.stream.ReferencePipeline$2$1.accept(ReferencePipeline.java:177)
	at java.base/java.util.stream.ReferencePipeline$11$1.accept(ReferencePipeline.java:442)
	at java.base/java.util.HashMap$KeySpliterator.forEachRemaining(HashMap.java:1621)
	at java.base/java.util.stream.AbstractPipeline.copyInto(AbstractPipeline.java:484)
	at java.base/java.util.stream.AbstractPipeline.wrapAndCopyInto(AbstractPipeline.java:474)
	at java.base/java.util.stream.ForEachOps$ForEachOp.evaluateSequential(ForEachOps.java:150)
	at java.base/java.util.stream.ForEachOps$ForEachOp$OfRef.evaluateSequential(ForEachOps.java:173)
	at java.base/java.util.stream.AbstractPipeline.evaluate(AbstractPipeline.java:234)
	at java.base/java.util.stream.ReferencePipeline.forEach(ReferencePipeline.java:497)
	at org.openqa.selenium.devtools.Connection.handle(Connection.java:287)
	at org.openqa.selenium.devtools.Connection.access$200(Connection.java:57)
	at org.openqa.selenium.devtools.Connection$Listener.lambda$onText$0(Connection.java:224)
	at java.base/java.util.concurrent.ThreadPoolExecutor.runWorker(ThreadPoolExecutor.java:1128)
	at java.base/java.util.concurrent.ThreadPoolExecutor$Worker.run(ThreadPoolExecutor.java:628)
	at java.base/java.lang.Thread.run(Thread.java:829)
Caused by: org.openqa.selenium.WebDriverException: {"id":1639,"error":{"code":-32602,"message":"Invalid InterceptionId."},"sessionId":"69DE6D1A85B5D627489871F60443E14A"}
Build info: version: '4.11.0', revision: '040bc5406b'
System info: os.name: 'Windows 10', os.arch: 'amd64', os.version: '10.0', java.version: '11.0.18'
Driver info: driver.version: unknown
	at org.openqa.selenium.devtools.Connection.handle(Connection.java:260)
	... 5 more

Exception in thread "CDP Connection" org.openqa.selenium.devtools.DevToolsException: {"id":1639,"error":{"code":-32602,"message":"Invalid InterceptionId."},"sessionId":"69DE6D1A85B5D627489871F60443E14A"}
Build info: version: '4.11.0', revision: '040bc5406b'
System info: os.name: 'Windows 10', os.arch: 'amd64', os.version: '10.0', java.version: '11.0.18'
Driver info: driver.version: unknown
	at org.openqa.selenium.devtools.Connection$Listener.lambda$onText$0(Connection.java:227)
	at java.base/java.util.concurrent.ThreadPoolExecutor.runWorker(ThreadPoolExecutor.java:1128)
	at java.base/java.util.concurrent.ThreadPoolExecutor$Worker.run(ThreadPoolExecutor.java:628)
	at java.base/java.lang.Thread.run(Thread.java:829)
Caused by: org.openqa.selenium.devtools.DevToolsException: {"id":1639,"error":{"code":-32602,"message":"Invalid InterceptionId."},"sessionId":"69DE6D1A85B5D627489871F60443E14A"}
Build info: version: '4.11.0', revision: '040bc5406b'
System info: os.name: 'Windows 10', os.arch: 'amd64', os.version: '10.0', java.version: '11.0.18'
Driver info: driver.version: unknown
	at org.openqa.selenium.devtools.Connection.sendAndWait(Connection.java:181)
	at org.openqa.selenium.devtools.DevTools.send(DevTools.java:81)
	at org.openqa.selenium.devtools.idealized.Network.lambda$prepareToInterceptTraffic$3(Network.java:211)
	at org.openqa.selenium.remote.http.Filter.lambda$andFinally$1(Filter.java:55)
	at org.openqa.selenium.devtools.idealized.Network.lambda$prepareToInterceptTraffic$4(Network.java:226)
	at org.openqa.selenium.devtools.Connection.lambda$handle$4(Connection.java:321)
	at java.base/java.util.stream.ForEachOps$ForEachOp$OfRef.accept(ForEachOps.java:183)
	at java.base/java.util.stream.ReferencePipeline$2$1.accept(ReferencePipeline.java:177)
	at java.base/java.util.stream.ReferencePipeline$11$1.accept(ReferencePipeline.java:442)
	at java.base/java.util.HashMap$KeySpliterator.forEachRemaining(HashMap.java:1621)
	at java.base/java.util.stream.AbstractPipeline.copyInto(AbstractPipeline.java:484)
	at java.base/java.util.stream.AbstractPipeline.wrapAndCopyInto(AbstractPipeline.java:474)
	at java.base/java.util.stream.ForEachOps$ForEachOp.evaluateSequential(ForEachOps.java:150)
	at java.base/java.util.stream.ForEachOps$ForEachOp$OfRef.evaluateSequential(ForEachOps.java:173)
	at java.base/java.util.stream.AbstractPipeline.evaluate(AbstractPipeline.java:234)
	at java.base/java.util.stream.ReferencePipeline.forEach(ReferencePipeline.java:497)
	at org.openqa.selenium.devtools.Connection.handle(Connection.java:287)
	at org.openqa.selenium.devtools.Connection.access$200(Connection.java:57)
	at org.openqa.selenium.devtools.Connection$Listener.lambda$onText$0(Connection.java:224)
	... 3 more
Caused by: org.openqa.selenium.WebDriverException: {"id":1639,"error":{"code":-32602,"message":"Invalid InterceptionId."},"sessionId":"69DE6D1A85B5D627489871F60443E14A"}
Build info: version: '4.11.0', revision: '040bc5406b'
System info: os.name: 'Windows 10', os.arch: 'amd64', os.version: '10.0', java.version: '11.0.18'
Driver info: driver.version: unknown
	at org.openqa.selenium.devtools.Connection.handle(Connection.java:260)
	... 5 more
авг. 16, 2023 4:22:08 PM org.openqa.selenium.devtools.Connection$Listener lambda$onText$0
WARNING: Unable to process: {"method":"Fetch.requestPaused","params":{"requestId":"interception-job-267.0","request":{"url":"http://localhost:8080/static/media/icon_close_s_white.cd06f8fb.svg","method":"GET","headers":{"Accept":"image/avif,image/webp,image/apng,image/svg+xml,image/*,*/*;q=0.8","Referer":"http://localhost:8080/static/css/2.7d875902.chunk.css","User-Agent":"Mozilla/5.0 (Windows NT 10.0; Win64; x64) AppleWebKit/537.36 (KHTML, like Gecko) Chrome/116.0.0.0 Safari/537.36","sec-ch-ua":"\"Chromium\";v=\"116\", \"Not)A;Brand\";v=\"24\", \"Google Chrome\";v=\"116\"","sec-ch-ua-mobile":"?0","sec-ch-ua-platform":"\"Windows\""},"initialPriority":"Low","referrerPolicy":"strict-origin-when-cross-origin"},"frameId":"D165F02B89151667DFD1BF49856829E7","resourceType":"Image"},"sessionId":"69DE6D1A85B5D627489871F60443E14A"}
org.openqa.selenium.devtools.DevToolsException: {"id":1640,"error":{"code":-32602,"message":"Invalid InterceptionId."},"sessionId":"69DE6D1A85B5D627489871F60443E14A"}
Build info: version: '4.11.0', revision: '040bc5406b'
System info: os.name: 'Windows 10', os.arch: 'amd64', os.version: '10.0', java.version: '11.0.18'
Driver info: driver.version: unknown
	at org.openqa.selenium.devtools.Connection.sendAndWait(Connection.java:181)
	at org.openqa.selenium.devtools.DevTools.send(DevTools.java:81)
	at org.openqa.selenium.devtools.idealized.Network.lambda$prepareToInterceptTraffic$3(Network.java:211)
	at org.openqa.selenium.remote.http.Filter.lambda$andFinally$1(Filter.java:55)
	at org.openqa.selenium.devtools.idealized.Network.lambda$prepareToInterceptTraffic$4(Network.java:226)
	at org.openqa.selenium.devtools.Connection.lambda$handle$4(Connection.java:321)
	at java.base/java.util.stream.ForEachOps$ForEachOp$OfRef.accept(ForEachOps.java:183)
	at java.base/java.util.stream.ReferencePipeline$2$1.accept(ReferencePipeline.java:177)
	at java.base/java.util.stream.ReferencePipeline$11$1.accept(ReferencePipeline.java:442)
	at java.base/java.util.HashMap$KeySpliterator.forEachRemaining(HashMap.java:1621)
	at java.base/java.util.stream.AbstractPipeline.copyInto(AbstractPipeline.java:484)
	at java.base/java.util.stream.AbstractPipeline.wrapAndCopyInto(AbstractPipeline.java:474)
	at java.base/java.util.stream.ForEachOps$ForEachOp.evaluateSequential(ForEachOps.java:150)
	at java.base/java.util.stream.ForEachOps$ForEachOp$OfRef.evaluateSequential(ForEachOps.java:173)
	at java.base/java.util.stream.AbstractPipeline.evaluate(AbstractPipeline.java:234)
	at java.base/java.util.stream.ReferencePipeline.forEach(ReferencePipeline.java:497)
	at org.openqa.selenium.devtools.Connection.handle(Connection.java:287)
	at org.openqa.selenium.devtools.Connection.access$200(Connection.java:57)
	at org.openqa.selenium.devtools.Connection$Listener.lambda$onText$0(Connection.java:224)
	at java.base/java.util.concurrent.ThreadPoolExecutor.runWorker(ThreadPoolExecutor.java:1128)
	at java.base/java.util.concurrent.ThreadPoolExecutor$Worker.run(ThreadPoolExecutor.java:628)
	at java.base/java.lang.Thread.run(Thread.java:829)
Caused by: org.openqa.selenium.WebDriverException: {"id":1640,"error":{"code":-32602,"message":"Invalid InterceptionId."},"sessionId":"69DE6D1A85B5D627489871F60443E14A"}
Build info: version: '4.11.0', revision: '040bc5406b'
System info: os.name: 'Windows 10', os.arch: 'amd64', os.version: '10.0', java.version: '11.0.18'
Driver info: driver.version: unknown
	at org.openqa.selenium.devtools.Connection.handle(Connection.java:260)
	... 5 more

Exception in thread "CDP Connection" org.openqa.selenium.devtools.DevToolsException: {"id":1640,"error":{"code":-32602,"message":"Invalid InterceptionId."},"sessionId":"69DE6D1A85B5D627489871F60443E14A"}
Build info: version: '4.11.0', revision: '040bc5406b'
System info: os.name: 'Windows 10', os.arch: 'amd64', os.version: '10.0', java.version: '11.0.18'
Driver info: driver.version: unknown
	at org.openqa.selenium.devtools.Connection$Listener.lambda$onText$0(Connection.java:227)
	at java.base/java.util.concurrent.ThreadPoolExecutor.runWorker(ThreadPoolExecutor.java:1128)
	at java.base/java.util.concurrent.ThreadPoolExecutor$Worker.run(ThreadPoolExecutor.java:628)
	at java.base/java.lang.Thread.run(Thread.java:829)
Caused by: org.openqa.selenium.devtools.DevToolsException: {"id":1640,"error":{"code":-32602,"message":"Invalid InterceptionId."},"sessionId":"69DE6D1A85B5D627489871F60443E14A"}
Build info: version: '4.11.0', revision: '040bc5406b'
System info: os.name: 'Windows 10', os.arch: 'amd64', os.version: '10.0', java.version: '11.0.18'
Driver info: driver.version: unknown
	at org.openqa.selenium.devtools.Connection.sendAndWait(Connection.java:181)
	at org.openqa.selenium.devtools.DevTools.send(DevTools.java:81)
	at org.openqa.selenium.devtools.idealized.Network.lambda$prepareToInterceptTraffic$3(Network.java:211)
	at org.openqa.selenium.remote.http.Filter.lambda$andFinally$1(Filter.java:55)
	at org.openqa.selenium.devtools.idealized.Network.lambda$prepareToInterceptTraffic$4(Network.java:226)
	at org.openqa.selenium.devtools.Connection.lambda$handle$4(Connection.java:321)
	at java.base/java.util.stream.ForEachOps$ForEachOp$OfRef.accept(ForEachOps.java:183)
	at java.base/java.util.stream.ReferencePipeline$2$1.accept(ReferencePipeline.java:177)
	at java.base/java.util.stream.ReferencePipeline$11$1.accept(ReferencePipeline.java:442)
	at java.base/java.util.HashMap$KeySpliterator.forEachRemaining(HashMap.java:1621)
	at java.base/java.util.stream.AbstractPipeline.copyInto(AbstractPipeline.java:484)
	at java.base/java.util.stream.AbstractPipeline.wrapAndCopyInto(AbstractPipeline.java:474)
	at java.base/java.util.stream.ForEachOps$ForEachOp.evaluateSequential(ForEachOps.java:150)
	at java.base/java.util.stream.ForEachOps$ForEachOp$OfRef.evaluateSequential(ForEachOps.java:173)
	at java.base/java.util.stream.AbstractPipeline.evaluate(AbstractPipeline.java:234)
	at java.base/java.util.stream.ReferencePipeline.forEach(ReferencePipeline.java:497)
	at org.openqa.selenium.devtools.Connection.handle(Connection.java:287)
	at org.openqa.selenium.devtools.Connection.access$200(Connection.java:57)
	at org.openqa.selenium.devtools.Connection$Listener.lambda$onText$0(Connection.java:224)
	... 3 more
Caused by: org.openqa.selenium.WebDriverException: {"id":1640,"error":{"code":-32602,"message":"Invalid InterceptionId."},"sessionId":"69DE6D1A85B5D627489871F60443E14A"}
Build info: version: '4.11.0', revision: '040bc5406b'
System info: os.name: 'Windows 10', os.arch: 'amd64', os.version: '10.0', java.version: '11.0.18'
Driver info: driver.version: unknown
	at org.openqa.selenium.devtools.Connection.handle(Connection.java:260)
	... 5 more
авг. 16, 2023 4:22:08 PM org.openqa.selenium.devtools.Connection$Listener lambda$onText$0
WARNING: Unable to process: {"method":"Fetch.requestPaused","params":{"requestId":"interception-job-268.0","request":{"url":"http://localhost:8080/static/media/icon_error_m_white.143ec85a.svg","method":"GET","headers":{"Accept":"image/avif,image/webp,image/apng,image/svg+xml,image/*,*/*;q=0.8","Referer":"http://localhost:8080/static/css/2.7d875902.chunk.css","User-Agent":"Mozilla/5.0 (Windows NT 10.0; Win64; x64) AppleWebKit/537.36 (KHTML, like Gecko) Chrome/116.0.0.0 Safari/537.36","sec-ch-ua":"\"Chromium\";v=\"116\", \"Not)A;Brand\";v=\"24\", \"Google Chrome\";v=\"116\"","sec-ch-ua-mobile":"?0","sec-ch-ua-platform":"\"Windows\""},"initialPriority":"Low","referrerPolicy":"unsafe-url"},"frameId":"D165F02B89151667DFD1BF49856829E7","resourceType":"Image","responseStatusCode":200,"responseStatusText":"","responseHeaders":[{"name":"Vary","value":"Origin"},{"name":"Vary","value":"Access-Control-Request-Method"},{"name":"Vary","value":"Access-Control-Request-Headers"},{"name":"Last-Modified","value":"Thu, 03 Aug 2023 10:18:16 GMT"},{"name":"Accept-Ranges","value":"bytes"},{"name":"Content-Type","value":"image/svg+xml"},{"name":"Content-Length","value":"380"},{"name":"Date","value":"Wed, 16 Aug 2023 13:20:24 GMT"}]},"sessionId":"69DE6D1A85B5D627489871F60443E14A"}
org.openqa.selenium.devtools.DevToolsException: {"id":1641,"error":{"code":-32602,"message":"Invalid InterceptionId."},"sessionId":"69DE6D1A85B5D627489871F60443E14A"}
Build info: version: '4.11.0', revision: '040bc5406b'
System info: os.name: 'Windows 10', os.arch: 'amd64', os.version: '10.0', java.version: '11.0.18'
Driver info: driver.version: unknown
	at org.openqa.selenium.devtools.Connection.sendAndWait(Connection.java:181)
	at org.openqa.selenium.devtools.DevTools.send(DevTools.java:81)
	at org.openqa.selenium.devtools.idealized.Network.lambda$prepareToInterceptTraffic$4(Network.java:194)
	at org.openqa.selenium.devtools.Connection.lambda$handle$4(Connection.java:321)
	at java.base/java.util.stream.ForEachOps$ForEachOp$OfRef.accept(ForEachOps.java:183)
	at java.base/java.util.stream.ReferencePipeline$2$1.accept(ReferencePipeline.java:177)
	at java.base/java.util.stream.ReferencePipeline$11$1.accept(ReferencePipeline.java:442)
	at java.base/java.util.HashMap$KeySpliterator.forEachRemaining(HashMap.java:1621)
	at java.base/java.util.stream.AbstractPipeline.copyInto(AbstractPipeline.java:484)
	at java.base/java.util.stream.AbstractPipeline.wrapAndCopyInto(AbstractPipeline.java:474)
	at java.base/java.util.stream.ForEachOps$ForEachOp.evaluateSequential(ForEachOps.java:150)
	at java.base/java.util.stream.ForEachOps$ForEachOp$OfRef.evaluateSequential(ForEachOps.java:173)
	at java.base/java.util.stream.AbstractPipeline.evaluate(AbstractPipeline.java:234)
	at java.base/java.util.stream.ReferencePipeline.forEach(ReferencePipeline.java:497)
	at org.openqa.selenium.devtools.Connection.handle(Connection.java:287)
	at org.openqa.selenium.devtools.Connection.access$200(Connection.java:57)
	at org.openqa.selenium.devtools.Connection$Listener.lambda$onText$0(Connection.java:224)
	at java.base/java.util.concurrent.ThreadPoolExecutor.runWorker(ThreadPoolExecutor.java:1128)
	at java.base/java.util.concurrent.ThreadPoolExecutor$Worker.run(ThreadPoolExecutor.java:628)
	at java.base/java.lang.Thread.run(Thread.java:829)
Caused by: org.openqa.selenium.WebDriverException: {"id":1641,"error":{"code":-32602,"message":"Invalid InterceptionId."},"sessionId":"69DE6D1A85B5D627489871F60443E14A"}
Build info: version: '4.11.0', revision: '040bc5406b'
System info: os.name: 'Windows 10', os.arch: 'amd64', os.version: '10.0', java.version: '11.0.18'
Driver info: driver.version: unknown
	at org.openqa.selenium.devtools.Connection.handle(Connection.java:260)
	... 5 more

Exception in thread "CDP Connection" org.openqa.selenium.devtools.DevToolsException: {"id":1641,"error":{"code":-32602,"message":"Invalid InterceptionId."},"sessionId":"69DE6D1A85B5D627489871F60443E14A"}
Build info: version: '4.11.0', revision: '040bc5406b'
System info: os.name: 'Windows 10', os.arch: 'amd64', os.version: '10.0', java.version: '11.0.18'
Driver info: driver.version: unknown
	at org.openqa.selenium.devtools.Connection$Listener.lambda$onText$0(Connection.java:227)
	at java.base/java.util.concurrent.ThreadPoolExecutor.runWorker(ThreadPoolExecutor.java:1128)
	at java.base/java.util.concurrent.ThreadPoolExecutor$Worker.run(ThreadPoolExecutor.java:628)
	at java.base/java.lang.Thread.run(Thread.java:829)
Caused by: org.openqa.selenium.devtools.DevToolsException: {"id":1641,"error":{"code":-32602,"message":"Invalid InterceptionId."},"sessionId":"69DE6D1A85B5D627489871F60443E14A"}
Build info: version: '4.11.0', revision: '040bc5406b'
System info: os.name: 'Windows 10', os.arch: 'amd64', os.version: '10.0', java.version: '11.0.18'
Driver info: driver.version: unknown
	at org.openqa.selenium.devtools.Connection.sendAndWait(Connection.java:181)
	at org.openqa.selenium.devtools.DevTools.send(DevTools.java:81)
	at org.openqa.selenium.devtools.idealized.Network.lambda$prepareToInterceptTraffic$4(Network.java:194)
	at org.openqa.selenium.devtools.Connection.lambda$handle$4(Connection.java:321)
	at java.base/java.util.stream.ForEachOps$ForEachOp$OfRef.accept(ForEachOps.java:183)
	at java.base/java.util.stream.ReferencePipeline$2$1.accept(ReferencePipeline.java:177)
	at java.base/java.util.stream.ReferencePipeline$11$1.accept(ReferencePipeline.java:442)
	at java.base/java.util.HashMap$KeySpliterator.forEachRemaining(HashMap.java:1621)
	at java.base/java.util.stream.AbstractPipeline.copyInto(AbstractPipeline.java:484)
	at java.base/java.util.stream.AbstractPipeline.wrapAndCopyInto(AbstractPipeline.java:474)
	at java.base/java.util.stream.ForEachOps$ForEachOp.evaluateSequential(ForEachOps.java:150)
	at java.base/java.util.stream.ForEachOps$ForEachOp$OfRef.evaluateSequential(ForEachOps.java:173)
	at java.base/java.util.stream.AbstractPipeline.evaluate(AbstractPipeline.java:234)
	at java.base/java.util.stream.ReferencePipeline.forEach(ReferencePipeline.java:497)
	at org.openqa.selenium.devtools.Connection.handle(Connection.java:287)
	at org.openqa.selenium.devtools.Connection.access$200(Connection.java:57)
	at org.openqa.selenium.devtools.Connection$Listener.lambda$onText$0(Connection.java:224)
	... 3 more
Caused by: org.openqa.selenium.WebDriverException: {"id":1641,"error":{"code":-32602,"message":"Invalid InterceptionId."},"sessionId":"69DE6D1A85B5D627489871F60443E14A"}
Build info: version: '4.11.0', revision: '040bc5406b'
System info: os.name: 'Windows 10', os.arch: 'amd64', os.version: '10.0', java.version: '11.0.18'
Driver info: driver.version: unknown
	at org.openqa.selenium.devtools.Connection.handle(Connection.java:260)
	... 5 more
авг. 16, 2023 4:22:08 PM org.openqa.selenium.devtools.Connection$Listener lambda$onText$0
WARNING: Unable to process: {"method":"Fetch.requestPaused","params":{"requestId":"interception-job-268.0","request":{"url":"http://localhost:8080/static/media/icon_error_m_white.143ec85a.svg","method":"GET","headers":{"Accept":"image/avif,image/webp,image/apng,image/svg+xml,image/*,*/*;q=0.8","Referer":"http://localhost:8080/static/css/2.7d875902.chunk.css","User-Agent":"Mozilla/5.0 (Windows NT 10.0; Win64; x64) AppleWebKit/537.36 (KHTML, like Gecko) Chrome/116.0.0.0 Safari/537.36","sec-ch-ua":"\"Chromium\";v=\"116\", \"Not)A;Brand\";v=\"24\", \"Google Chrome\";v=\"116\"","sec-ch-ua-mobile":"?0","sec-ch-ua-platform":"\"Windows\""},"initialPriority":"Low","referrerPolicy":"strict-origin-when-cross-origin"},"frameId":"D165F02B89151667DFD1BF49856829E7","resourceType":"Image"},"sessionId":"69DE6D1A85B5D627489871F60443E14A"}
org.openqa.selenium.devtools.DevToolsException: {"id":1642,"error":{"code":-32602,"message":"Invalid InterceptionId."},"sessionId":"69DE6D1A85B5D627489871F60443E14A"}
Build info: version: '4.11.0', revision: '040bc5406b'
System info: os.name: 'Windows 10', os.arch: 'amd64', os.version: '10.0', java.version: '11.0.18'
Driver info: driver.version: unknown
	at org.openqa.selenium.devtools.Connection.sendAndWait(Connection.java:181)
	at org.openqa.selenium.devtools.DevTools.send(DevTools.java:81)
	at org.openqa.selenium.devtools.idealized.Network.lambda$prepareToInterceptTraffic$3(Network.java:211)
	at org.openqa.selenium.remote.http.Filter.lambda$andFinally$1(Filter.java:55)
	at org.openqa.selenium.devtools.idealized.Network.lambda$prepareToInterceptTraffic$4(Network.java:226)
	at org.openqa.selenium.devtools.Connection.lambda$handle$4(Connection.java:321)
	at java.base/java.util.stream.ForEachOps$ForEachOp$OfRef.accept(ForEachOps.java:183)
	at java.base/java.util.stream.ReferencePipeline$2$1.accept(ReferencePipeline.java:177)
	at java.base/java.util.stream.ReferencePipeline$11$1.accept(ReferencePipeline.java:442)
	at java.base/java.util.HashMap$KeySpliterator.forEachRemaining(HashMap.java:1621)
	at java.base/java.util.stream.AbstractPipeline.copyInto(AbstractPipeline.java:484)
	at java.base/java.util.stream.AbstractPipeline.wrapAndCopyInto(AbstractPipeline.java:474)
	at java.base/java.util.stream.ForEachOps$ForEachOp.evaluateSequential(ForEachOps.java:150)
	at java.base/java.util.stream.ForEachOps$ForEachOp$OfRef.evaluateSequential(ForEachOps.java:173)
	at java.base/java.util.stream.AbstractPipeline.evaluate(AbstractPipeline.java:234)
	at java.base/java.util.stream.ReferencePipeline.forEach(ReferencePipeline.java:497)
	at org.openqa.selenium.devtools.Connection.handle(Connection.java:287)
	at org.openqa.selenium.devtools.Connection.access$200(Connection.java:57)
	at org.openqa.selenium.devtools.Connection$Listener.lambda$onText$0(Connection.java:224)
	at java.base/java.util.concurrent.ThreadPoolExecutor.runWorker(ThreadPoolExecutor.java:1128)
	at java.base/java.util.concurrent.ThreadPoolExecutor$Worker.run(ThreadPoolExecutor.java:628)
	at java.base/java.lang.Thread.run(Thread.java:829)
Caused by: org.openqa.selenium.WebDriverException: {"id":1642,"error":{"code":-32602,"message":"Invalid InterceptionId."},"sessionId":"69DE6D1A85B5D627489871F60443E14A"}
Build info: version: '4.11.0', revision: '040bc5406b'
System info: os.name: 'Windows 10', os.arch: 'amd64', os.version: '10.0', java.version: '11.0.18'
Driver info: driver.version: unknown
	at org.openqa.selenium.devtools.Connection.handle(Connection.java:260)
	... 5 more

Exception in thread "CDP Connection" org.openqa.selenium.devtools.DevToolsException: {"id":1642,"error":{"code":-32602,"message":"Invalid InterceptionId."},"sessionId":"69DE6D1A85B5D627489871F60443E14A"}
Build info: version: '4.11.0', revision: '040bc5406b'
System info: os.name: 'Windows 10', os.arch: 'amd64', os.version: '10.0', java.version: '11.0.18'
Driver info: driver.version: unknown
	at org.openqa.selenium.devtools.Connection$Listener.lambda$onText$0(Connection.java:227)
	at java.base/java.util.concurrent.ThreadPoolExecutor.runWorker(ThreadPoolExecutor.java:1128)
	at java.base/java.util.concurrent.ThreadPoolExecutor$Worker.run(ThreadPoolExecutor.java:628)
	at java.base/java.lang.Thread.run(Thread.java:829)
Caused by: org.openqa.selenium.devtools.DevToolsException: {"id":1642,"error":{"code":-32602,"message":"Invalid InterceptionId."},"sessionId":"69DE6D1A85B5D627489871F60443E14A"}
Build info: version: '4.11.0', revision: '040bc5406b'
System info: os.name: 'Windows 10', os.arch: 'amd64', os.version: '10.0', java.version: '11.0.18'
Driver info: driver.version: unknown
	at org.openqa.selenium.devtools.Connection.sendAndWait(Connection.java:181)
	at org.openqa.selenium.devtools.DevTools.send(DevTools.java:81)
	at org.openqa.selenium.devtools.idealized.Network.lambda$prepareToInterceptTraffic$3(Network.java:211)
	at org.openqa.selenium.remote.http.Filter.lambda$andFinally$1(Filter.java:55)
	at org.openqa.selenium.devtools.idealized.Network.lambda$prepareToInterceptTraffic$4(Network.java:226)
	at org.openqa.selenium.devtools.Connection.lambda$handle$4(Connection.java:321)
	at java.base/java.util.stream.ForEachOps$ForEachOp$OfRef.accept(ForEachOps.java:183)
	at java.base/java.util.stream.ReferencePipeline$2$1.accept(ReferencePipeline.java:177)
	at java.base/java.util.stream.ReferencePipeline$11$1.accept(ReferencePipeline.java:442)
	at java.base/java.util.HashMap$KeySpliterator.forEachRemaining(HashMap.java:1621)
	at java.base/java.util.stream.AbstractPipeline.copyInto(AbstractPipeline.java:484)
	at java.base/java.util.stream.AbstractPipeline.wrapAndCopyInto(AbstractPipeline.java:474)
	at java.base/java.util.stream.ForEachOps$ForEachOp.evaluateSequential(ForEachOps.java:150)
	at java.base/java.util.stream.ForEachOps$ForEachOp$OfRef.evaluateSequential(ForEachOps.java:173)
	at java.base/java.util.stream.AbstractPipeline.evaluate(AbstractPipeline.java:234)
	at java.base/java.util.stream.ReferencePipeline.forEach(ReferencePipeline.java:497)
	at org.openqa.selenium.devtools.Connection.handle(Connection.java:287)
	at org.openqa.selenium.devtools.Connection.access$200(Connection.java:57)
	at org.openqa.selenium.devtools.Connection$Listener.lambda$onText$0(Connection.java:224)
	... 3 more
Caused by: org.openqa.selenium.WebDriverException: {"id":1642,"error":{"code":-32602,"message":"Invalid InterceptionId."},"sessionId":"69DE6D1A85B5D627489871F60443E14A"}
Build info: version: '4.11.0', revision: '040bc5406b'
System info: os.name: 'Windows 10', os.arch: 'amd64', os.version: '10.0', java.version: '11.0.18'
Driver info: driver.version: unknown
	at org.openqa.selenium.devtools.Connection.handle(Connection.java:260)
	... 5 more
авг. 16, 2023 4:22:14 PM org.openqa.selenium.devtools.Connection$Listener lambda$onText$0
WARNING: Unable to process: {"method":"Fetch.requestPaused","params":{"requestId":"interception-job-269.0","request":{"url":"http://localhost:8080/","method":"GET","headers":{"Accept":"text/html,application/xhtml+xml,application/xml;q=0.9,image/avif,image/webp,image/apng,*/*;q=0.8,application/signed-exchange;v=b3;q=0.7","Upgrade-Insecure-Requests":"1","User-Agent":"Mozilla/5.0 (Windows NT 10.0; Win64; x64) AppleWebKit/537.36 (KHTML, like Gecko) Chrome/116.0.0.0 Safari/537.36","sec-ch-ua":"\"Chromium\";v=\"116\", \"Not)A;Brand\";v=\"24\", \"Google Chrome\";v=\"116\"","sec-ch-ua-mobile":"?0","sec-ch-ua-platform":"\"Windows\""},"initialPriority":"VeryHigh","referrerPolicy":"strict-origin-when-cross-origin"},"frameId":"D165F02B89151667DFD1BF49856829E7","resourceType":"Document","responseStatusCode":200,"responseStatusText":"","responseHeaders":[{"name":"Vary","value":"Origin"},{"name":"Vary","value":"Access-Control-Request-Method"},{"name":"Vary","value":"Access-Control-Request-Headers"},{"name":"Last-Modified","value":"Thu, 03 Aug 2023 10:18:16 GMT"},{"name":"Date","value":"Wed, 16 Aug 2023 13:22:14 GMT"},{"name":"Accept-Ranges","value":"bytes"},{"name":"Content-Type","value":"text/html"},{"name":"Content-Language","value":"ru-RU"},{"name":"Content-Length","value":"2308"}]},"sessionId":"69DE6D1A85B5D627489871F60443E14A"}
org.openqa.selenium.devtools.DevToolsException: {"id":1649,"error":{"code":-32602,"message":"Invalid InterceptionId."},"sessionId":"69DE6D1A85B5D627489871F60443E14A"}
Build info: version: '4.11.0', revision: '040bc5406b'
System info: os.name: 'Windows 10', os.arch: 'amd64', os.version: '10.0', java.version: '11.0.18'
Driver info: driver.version: unknown
	at org.openqa.selenium.devtools.Connection.sendAndWait(Connection.java:181)
	at org.openqa.selenium.devtools.DevTools.send(DevTools.java:81)
	at org.openqa.selenium.devtools.idealized.Network.lambda$prepareToInterceptTraffic$4(Network.java:194)
	at org.openqa.selenium.devtools.Connection.lambda$handle$4(Connection.java:321)
	at java.base/java.util.stream.ForEachOps$ForEachOp$OfRef.accept(ForEachOps.java:183)
	at java.base/java.util.stream.ReferencePipeline$2$1.accept(ReferencePipeline.java:177)
	at java.base/java.util.stream.ReferencePipeline$11$1.accept(ReferencePipeline.java:442)
	at java.base/java.util.HashMap$KeySpliterator.forEachRemaining(HashMap.java:1621)
	at java.base/java.util.stream.AbstractPipeline.copyInto(AbstractPipeline.java:484)
	at java.base/java.util.stream.AbstractPipeline.wrapAndCopyInto(AbstractPipeline.java:474)
	at java.base/java.util.stream.ForEachOps$ForEachOp.evaluateSequential(ForEachOps.java:150)
	at java.base/java.util.stream.ForEachOps$ForEachOp$OfRef.evaluateSequential(ForEachOps.java:173)
	at java.base/java.util.stream.AbstractPipeline.evaluate(AbstractPipeline.java:234)
	at java.base/java.util.stream.ReferencePipeline.forEach(ReferencePipeline.java:497)
	at org.openqa.selenium.devtools.Connection.handle(Connection.java:287)
	at org.openqa.selenium.devtools.Connection.access$200(Connection.java:57)
	at org.openqa.selenium.devtools.Connection$Listener.lambda$onText$0(Connection.java:224)
	at java.base/java.util.concurrent.ThreadPoolExecutor.runWorker(ThreadPoolExecutor.java:1128)
	at java.base/java.util.concurrent.ThreadPoolExecutor$Worker.run(ThreadPoolExecutor.java:628)
	at java.base/java.lang.Thread.run(Thread.java:829)
Caused by: org.openqa.selenium.WebDriverException: {"id":1649,"error":{"code":-32602,"message":"Invalid InterceptionId."},"sessionId":"69DE6D1A85B5D627489871F60443E14A"}
Build info: version: '4.11.0', revision: '040bc5406b'
System info: os.name: 'Windows 10', os.arch: 'amd64', os.version: '10.0', java.version: '11.0.18'
Driver info: driver.version: unknown
	at org.openqa.selenium.devtools.Connection.handle(Connection.java:260)
	... 5 more

Exception in thread "CDP Connection" org.openqa.selenium.devtools.DevToolsException: {"id":1649,"error":{"code":-32602,"message":"Invalid InterceptionId."},"sessionId":"69DE6D1A85B5D627489871F60443E14A"}
Build info: version: '4.11.0', revision: '040bc5406b'
System info: os.name: 'Windows 10', os.arch: 'amd64', os.version: '10.0', java.version: '11.0.18'
Driver info: driver.version: unknown
	at org.openqa.selenium.devtools.Connection$Listener.lambda$onText$0(Connection.java:227)
	at java.base/java.util.concurrent.ThreadPoolExecutor.runWorker(ThreadPoolExecutor.java:1128)
	at java.base/java.util.concurrent.ThreadPoolExecutor$Worker.run(ThreadPoolExecutor.java:628)
	at java.base/java.lang.Thread.run(Thread.java:829)
Caused by: org.openqa.selenium.devtools.DevToolsException: {"id":1649,"error":{"code":-32602,"message":"Invalid InterceptionId."},"sessionId":"69DE6D1A85B5D627489871F60443E14A"}
Build info: version: '4.11.0', revision: '040bc5406b'
System info: os.name: 'Windows 10', os.arch: 'amd64', os.version: '10.0', java.version: '11.0.18'
Driver info: driver.version: unknown
	at org.openqa.selenium.devtools.Connection.sendAndWait(Connection.java:181)
	at org.openqa.selenium.devtools.DevTools.send(DevTools.java:81)
	at org.openqa.selenium.devtools.idealized.Network.lambda$prepareToInterceptTraffic$4(Network.java:194)
	at org.openqa.selenium.devtools.Connection.lambda$handle$4(Connection.java:321)
	at java.base/java.util.stream.ForEachOps$ForEachOp$OfRef.accept(ForEachOps.java:183)
	at java.base/java.util.stream.ReferencePipeline$2$1.accept(ReferencePipeline.java:177)
	at java.base/java.util.stream.ReferencePipeline$11$1.accept(ReferencePipeline.java:442)
	at java.base/java.util.HashMap$KeySpliterator.forEachRemaining(HashMap.java:1621)
	at java.base/java.util.stream.AbstractPipeline.copyInto(AbstractPipeline.java:484)
	at java.base/java.util.stream.AbstractPipeline.wrapAndCopyInto(AbstractPipeline.java:474)
	at java.base/java.util.stream.ForEachOps$ForEachOp.evaluateSequential(ForEachOps.java:150)
	at java.base/java.util.stream.ForEachOps$ForEachOp$OfRef.evaluateSequential(ForEachOps.java:173)
	at java.base/java.util.stream.AbstractPipeline.evaluate(AbstractPipeline.java:234)
	at java.base/java.util.stream.ReferencePipeline.forEach(ReferencePipeline.java:497)
	at org.openqa.selenium.devtools.Connection.handle(Connection.java:287)
	at org.openqa.selenium.devtools.Connection.access$200(Connection.java:57)
	at org.openqa.selenium.devtools.Connection$Listener.lambda$onText$0(Connection.java:224)
	... 3 more
Caused by: org.openqa.selenium.WebDriverException: {"id":1649,"error":{"code":-32602,"message":"Invalid InterceptionId."},"sessionId":"69DE6D1A85B5D627489871F60443E14A"}
Build info: version: '4.11.0', revision: '040bc5406b'
System info: os.name: 'Windows 10', os.arch: 'amd64', os.version: '10.0', java.version: '11.0.18'
Driver info: driver.version: unknown
	at org.openqa.selenium.devtools.Connection.handle(Connection.java:260)
	... 5 more
авг. 16, 2023 4:22:14 PM org.openqa.selenium.devtools.Connection$Listener lambda$onText$0
WARNING: Unable to process: {"method":"Fetch.requestPaused","params":{"requestId":"interception-job-269.0","request":{"url":"http://localhost:8080/","method":"GET","headers":{"Accept":"text/html,application/xhtml+xml,application/xml;q=0.9,image/avif,image/webp,image/apng,*/*;q=0.8,application/signed-exchange;v=b3;q=0.7","Upgrade-Insecure-Requests":"1","User-Agent":"Mozilla/5.0 (Windows NT 10.0; Win64; x64) AppleWebKit/537.36 (KHTML, like Gecko) Chrome/116.0.0.0 Safari/537.36","sec-ch-ua":"\"Chromium\";v=\"116\", \"Not)A;Brand\";v=\"24\", \"Google Chrome\";v=\"116\"","sec-ch-ua-mobile":"?0","sec-ch-ua-platform":"\"Windows\""},"initialPriority":"VeryHigh","referrerPolicy":"strict-origin-when-cross-origin"},"frameId":"D165F02B89151667DFD1BF49856829E7","resourceType":"Document"},"sessionId":"69DE6D1A85B5D627489871F60443E14A"}
org.openqa.selenium.devtools.DevToolsException: {"id":1650,"error":{"code":-32602,"message":"Invalid InterceptionId."},"sessionId":"69DE6D1A85B5D627489871F60443E14A"}
Build info: version: '4.11.0', revision: '040bc5406b'
System info: os.name: 'Windows 10', os.arch: 'amd64', os.version: '10.0', java.version: '11.0.18'
Driver info: driver.version: unknown
	at org.openqa.selenium.devtools.Connection.sendAndWait(Connection.java:181)
	at org.openqa.selenium.devtools.DevTools.send(DevTools.java:81)
	at org.openqa.selenium.devtools.idealized.Network.lambda$prepareToInterceptTraffic$3(Network.java:211)
	at org.openqa.selenium.remote.http.Filter.lambda$andFinally$1(Filter.java:55)
	at org.openqa.selenium.devtools.idealized.Network.lambda$prepareToInterceptTraffic$4(Network.java:226)
	at org.openqa.selenium.devtools.Connection.lambda$handle$4(Connection.java:321)
	at java.base/java.util.stream.ForEachOps$ForEachOp$OfRef.accept(ForEachOps.java:183)
	at java.base/java.util.stream.ReferencePipeline$2$1.accept(ReferencePipeline.java:177)
	at java.base/java.util.stream.ReferencePipeline$11$1.accept(ReferencePipeline.java:442)
	at java.base/java.util.HashMap$KeySpliterator.forEachRemaining(HashMap.java:1621)
	at java.base/java.util.stream.AbstractPipeline.copyInto(AbstractPipeline.java:484)
	at java.base/java.util.stream.AbstractPipeline.wrapAndCopyInto(AbstractPipeline.java:474)
	at java.base/java.util.stream.ForEachOps$ForEachOp.evaluateSequential(ForEachOps.java:150)
	at java.base/java.util.stream.ForEachOps$ForEachOp$OfRef.evaluateSequential(ForEachOps.java:173)
	at java.base/java.util.stream.AbstractPipeline.evaluate(AbstractPipeline.java:234)
	at java.base/java.util.stream.ReferencePipeline.forEach(ReferencePipeline.java:497)
	at org.openqa.selenium.devtools.Connection.handle(Connection.java:287)
	at org.openqa.selenium.devtools.Connection.access$200(Connection.java:57)
	at org.openqa.selenium.devtools.Connection$Listener.lambda$onText$0(Connection.java:224)
	at java.base/java.util.concurrent.ThreadPoolExecutor.runWorker(ThreadPoolExecutor.java:1128)
	at java.base/java.util.concurrent.ThreadPoolExecutor$Worker.run(ThreadPoolExecutor.java:628)
	at java.base/java.lang.Thread.run(Thread.java:829)
Caused by: org.openqa.selenium.WebDriverException: {"id":1650,"error":{"code":-32602,"message":"Invalid InterceptionId."},"sessionId":"69DE6D1A85B5D627489871F60443E14A"}
Build info: version: '4.11.0', revision: '040bc5406b'
System info: os.name: 'Windows 10', os.arch: 'amd64', os.version: '10.0', java.version: '11.0.18'
Driver info: driver.version: unknown
	at org.openqa.selenium.devtools.Connection.handle(Connection.java:260)
	... 5 more

Exception in thread "CDP Connection" org.openqa.selenium.devtools.DevToolsException: {"id":1650,"error":{"code":-32602,"message":"Invalid InterceptionId."},"sessionId":"69DE6D1A85B5D627489871F60443E14A"}
Build info: version: '4.11.0', revision: '040bc5406b'
System info: os.name: 'Windows 10', os.arch: 'amd64', os.version: '10.0', java.version: '11.0.18'
Driver info: driver.version: unknown
	at org.openqa.selenium.devtools.Connection$Listener.lambda$onText$0(Connection.java:227)
	at java.base/java.util.concurrent.ThreadPoolExecutor.runWorker(ThreadPoolExecutor.java:1128)
	at java.base/java.util.concurrent.ThreadPoolExecutor$Worker.run(ThreadPoolExecutor.java:628)
	at java.base/java.lang.Thread.run(Thread.java:829)
Caused by: org.openqa.selenium.devtools.DevToolsException: {"id":1650,"error":{"code":-32602,"message":"Invalid InterceptionId."},"sessionId":"69DE6D1A85B5D627489871F60443E14A"}
Build info: version: '4.11.0', revision: '040bc5406b'
System info: os.name: 'Windows 10', os.arch: 'amd64', os.version: '10.0', java.version: '11.0.18'
Driver info: driver.version: unknown
	at org.openqa.selenium.devtools.Connection.sendAndWait(Connection.java:181)
	at org.openqa.selenium.devtools.DevTools.send(DevTools.java:81)
	at org.openqa.selenium.devtools.idealized.Network.lambda$prepareToInterceptTraffic$3(Network.java:211)
	at org.openqa.selenium.remote.http.Filter.lambda$andFinally$1(Filter.java:55)
	at org.openqa.selenium.devtools.idealized.Network.lambda$prepareToInterceptTraffic$4(Network.java:226)
	at org.openqa.selenium.devtools.Connection.lambda$handle$4(Connection.java:321)
	at java.base/java.util.stream.ForEachOps$ForEachOp$OfRef.accept(ForEachOps.java:183)
	at java.base/java.util.stream.ReferencePipeline$2$1.accept(ReferencePipeline.java:177)
	at java.base/java.util.stream.ReferencePipeline$11$1.accept(ReferencePipeline.java:442)
	at java.base/java.util.HashMap$KeySpliterator.forEachRemaining(HashMap.java:1621)
	at java.base/java.util.stream.AbstractPipeline.copyInto(AbstractPipeline.java:484)
	at java.base/java.util.stream.AbstractPipeline.wrapAndCopyInto(AbstractPipeline.java:474)
	at java.base/java.util.stream.ForEachOps$ForEachOp.evaluateSequential(ForEachOps.java:150)
	at java.base/java.util.stream.ForEachOps$ForEachOp$OfRef.evaluateSequential(ForEachOps.java:173)
	at java.base/java.util.stream.AbstractPipeline.evaluate(AbstractPipeline.java:234)
	at java.base/java.util.stream.ReferencePipeline.forEach(ReferencePipeline.java:497)
	at org.openqa.selenium.devtools.Connection.handle(Connection.java:287)
	at org.openqa.selenium.devtools.Connection.access$200(Connection.java:57)
	at org.openqa.selenium.devtools.Connection$Listener.lambda$onText$0(Connection.java:224)
	... 3 more
Caused by: org.openqa.selenium.WebDriverException: {"id":1650,"error":{"code":-32602,"message":"Invalid InterceptionId."},"sessionId":"69DE6D1A85B5D627489871F60443E14A"}
Build info: version: '4.11.0', revision: '040bc5406b'
System info: os.name: 'Windows 10', os.arch: 'amd64', os.version: '10.0', java.version: '11.0.18'
Driver info: driver.version: unknown
	at org.openqa.selenium.devtools.Connection.handle(Connection.java:260)
	... 5 more
авг. 16, 2023 4:22:14 PM org.openqa.selenium.devtools.Connection$Listener lambda$onText$0
WARNING: Unable to process: {"method":"Fetch.requestPaused","params":{"requestId":"interception-job-271.0","request":{"url":"http://localhost:8080/static/css/main.8978894b.chunk.css","method":"GET","headers":{"Accept":"text/css,*/*;q=0.1","Referer":"http://localhost:8080/","User-Agent":"Mozilla/5.0 (Windows NT 10.0; Win64; x64) AppleWebKit/537.36 (KHTML, like Gecko) Chrome/116.0.0.0 Safari/537.36","sec-ch-ua":"\"Chromium\";v=\"116\", \"Not)A;Brand\";v=\"24\", \"Google Chrome\";v=\"116\"","sec-ch-ua-mobile":"?0","sec-ch-ua-platform":"\"Windows\""},"initialPriority":"VeryHigh","referrerPolicy":"unsafe-url"},"frameId":"D165F02B89151667DFD1BF49856829E7","resourceType":"Stylesheet","responseStatusCode":200,"responseStatusText":"","responseHeaders":[{"name":"Vary","value":"Origin"},{"name":"Vary","value":"Access-Control-Request-Method"},{"name":"Vary","value":"Access-Control-Request-Headers"},{"name":"Last-Modified","value":"Thu, 03 Aug 2023 10:18:16 GMT"},{"name":"Accept-Ranges","value":"bytes"},{"name":"Content-Type","value":"text/css"},{"name":"Content-Length","value":"700"},{"name":"Date","value":"Wed, 16 Aug 2023 13:20:22 GMT"}]},"sessionId":"69DE6D1A85B5D627489871F60443E14A"}
org.openqa.selenium.devtools.DevToolsException: {"id":1661,"error":{"code":-32602,"message":"Invalid InterceptionId."},"sessionId":"69DE6D1A85B5D627489871F60443E14A"}
Build info: version: '4.11.0', revision: '040bc5406b'
System info: os.name: 'Windows 10', os.arch: 'amd64', os.version: '10.0', java.version: '11.0.18'
Driver info: driver.version: unknown
	at org.openqa.selenium.devtools.Connection.sendAndWait(Connection.java:181)
	at org.openqa.selenium.devtools.DevTools.send(DevTools.java:81)
	at org.openqa.selenium.devtools.idealized.Network.lambda$prepareToInterceptTraffic$4(Network.java:194)
	at org.openqa.selenium.devtools.Connection.lambda$handle$4(Connection.java:321)
	at java.base/java.util.stream.ForEachOps$ForEachOp$OfRef.accept(ForEachOps.java:183)
	at java.base/java.util.stream.ReferencePipeline$2$1.accept(ReferencePipeline.java:177)
	at java.base/java.util.stream.ReferencePipeline$11$1.accept(ReferencePipeline.java:442)
	at java.base/java.util.HashMap$KeySpliterator.forEachRemaining(HashMap.java:1621)
	at java.base/java.util.stream.AbstractPipeline.copyInto(AbstractPipeline.java:484)
	at java.base/java.util.stream.AbstractPipeline.wrapAndCopyInto(AbstractPipeline.java:474)
	at java.base/java.util.stream.ForEachOps$ForEachOp.evaluateSequential(ForEachOps.java:150)
	at java.base/java.util.stream.ForEachOps$ForEachOp$OfRef.evaluateSequential(ForEachOps.java:173)
	at java.base/java.util.stream.AbstractPipeline.evaluate(AbstractPipeline.java:234)
	at java.base/java.util.stream.ReferencePipeline.forEach(ReferencePipeline.java:497)
	at org.openqa.selenium.devtools.Connection.handle(Connection.java:287)
	at org.openqa.selenium.devtools.Connection.access$200(Connection.java:57)
	at org.openqa.selenium.devtools.Connection$Listener.lambda$onText$0(Connection.java:224)
	at java.base/java.util.concurrent.ThreadPoolExecutor.runWorker(ThreadPoolExecutor.java:1128)
	at java.base/java.util.concurrent.ThreadPoolExecutor$Worker.run(ThreadPoolExecutor.java:628)
	at java.base/java.lang.Thread.run(Thread.java:829)
Caused by: org.openqa.selenium.WebDriverException: {"id":1661,"error":{"code":-32602,"message":"Invalid InterceptionId."},"sessionId":"69DE6D1A85B5D627489871F60443E14A"}
Build info: version: '4.11.0', revision: '040bc5406b'
System info: os.name: 'Windows 10', os.arch: 'amd64', os.version: '10.0', java.version: '11.0.18'
Driver info: driver.version: unknown
	at org.openqa.selenium.devtools.Connection.handle(Connection.java:260)
	... 5 more

Exception in thread "CDP Connection" org.openqa.selenium.devtools.DevToolsException: {"id":1661,"error":{"code":-32602,"message":"Invalid InterceptionId."},"sessionId":"69DE6D1A85B5D627489871F60443E14A"}
Build info: version: '4.11.0', revision: '040bc5406b'
System info: os.name: 'Windows 10', os.arch: 'amd64', os.version: '10.0', java.version: '11.0.18'
Driver info: driver.version: unknown
	at org.openqa.selenium.devtools.Connection$Listener.lambda$onText$0(Connection.java:227)
	at java.base/java.util.concurrent.ThreadPoolExecutor.runWorker(ThreadPoolExecutor.java:1128)
	at java.base/java.util.concurrent.ThreadPoolExecutor$Worker.run(ThreadPoolExecutor.java:628)
	at java.base/java.lang.Thread.run(Thread.java:829)
Caused by: org.openqa.selenium.devtools.DevToolsException: {"id":1661,"error":{"code":-32602,"message":"Invalid InterceptionId."},"sessionId":"69DE6D1A85B5D627489871F60443E14A"}
Build info: version: '4.11.0', revision: '040bc5406b'
System info: os.name: 'Windows 10', os.arch: 'amd64', os.version: '10.0', java.version: '11.0.18'
Driver info: driver.version: unknown
	at org.openqa.selenium.devtools.Connection.sendAndWait(Connection.java:181)
	at org.openqa.selenium.devtools.DevTools.send(DevTools.java:81)
	at org.openqa.selenium.devtools.idealized.Network.lambda$prepareToInterceptTraffic$4(Network.java:194)
	at org.openqa.selenium.devtools.Connection.lambda$handle$4(Connection.java:321)
	at java.base/java.util.stream.ForEachOps$ForEachOp$OfRef.accept(ForEachOps.java:183)
	at java.base/java.util.stream.ReferencePipeline$2$1.accept(ReferencePipeline.java:177)
	at java.base/java.util.stream.ReferencePipeline$11$1.accept(ReferencePipeline.java:442)
	at java.base/java.util.HashMap$KeySpliterator.forEachRemaining(HashMap.java:1621)
	at java.base/java.util.stream.AbstractPipeline.copyInto(AbstractPipeline.java:484)
	at java.base/java.util.stream.AbstractPipeline.wrapAndCopyInto(AbstractPipeline.java:474)
	at java.base/java.util.stream.ForEachOps$ForEachOp.evaluateSequential(ForEachOps.java:150)
	at java.base/java.util.stream.ForEachOps$ForEachOp$OfRef.evaluateSequential(ForEachOps.java:173)
	at java.base/java.util.stream.AbstractPipeline.evaluate(AbstractPipeline.java:234)
	at java.base/java.util.stream.ReferencePipeline.forEach(ReferencePipeline.java:497)
	at org.openqa.selenium.devtools.Connection.handle(Connection.java:287)
	at org.openqa.selenium.devtools.Connection.access$200(Connection.java:57)
	at org.openqa.selenium.devtools.Connection$Listener.lambda$onText$0(Connection.java:224)
	... 3 more
Caused by: org.openqa.selenium.WebDriverException: {"id":1661,"error":{"code":-32602,"message":"Invalid InterceptionId."},"sessionId":"69DE6D1A85B5D627489871F60443E14A"}
Build info: version: '4.11.0', revision: '040bc5406b'
System info: os.name: 'Windows 10', os.arch: 'amd64', os.version: '10.0', java.version: '11.0.18'
Driver info: driver.version: unknown
	at org.openqa.selenium.devtools.Connection.handle(Connection.java:260)
	... 5 more
авг. 16, 2023 4:22:14 PM org.openqa.selenium.devtools.Connection$Listener lambda$onText$0
WARNING: Unable to process: {"method":"Fetch.requestPaused","params":{"requestId":"interception-job-271.0","request":{"url":"http://localhost:8080/static/css/main.8978894b.chunk.css","method":"GET","headers":{"Accept":"text/css,*/*;q=0.1","Referer":"http://localhost:8080/","User-Agent":"Mozilla/5.0 (Windows NT 10.0; Win64; x64) AppleWebKit/537.36 (KHTML, like Gecko) Chrome/116.0.0.0 Safari/537.36","sec-ch-ua":"\"Chromium\";v=\"116\", \"Not)A;Brand\";v=\"24\", \"Google Chrome\";v=\"116\"","sec-ch-ua-mobile":"?0","sec-ch-ua-platform":"\"Windows\""},"initialPriority":"VeryHigh","referrerPolicy":"strict-origin-when-cross-origin"},"frameId":"D165F02B89151667DFD1BF49856829E7","resourceType":"Stylesheet"},"sessionId":"69DE6D1A85B5D627489871F60443E14A"}
org.openqa.selenium.devtools.DevToolsException: {"id":1662,"error":{"code":-32602,"message":"Invalid InterceptionId."},"sessionId":"69DE6D1A85B5D627489871F60443E14A"}
Build info: version: '4.11.0', revision: '040bc5406b'
System info: os.name: 'Windows 10', os.arch: 'amd64', os.version: '10.0', java.version: '11.0.18'
Driver info: driver.version: unknown
	at org.openqa.selenium.devtools.Connection.sendAndWait(Connection.java:181)
	at org.openqa.selenium.devtools.DevTools.send(DevTools.java:81)
	at org.openqa.selenium.devtools.idealized.Network.lambda$prepareToInterceptTraffic$3(Network.java:211)
	at org.openqa.selenium.remote.http.Filter.lambda$andFinally$1(Filter.java:55)
	at org.openqa.selenium.devtools.idealized.Network.lambda$prepareToInterceptTraffic$4(Network.java:226)
	at org.openqa.selenium.devtools.Connection.lambda$handle$4(Connection.java:321)
	at java.base/java.util.stream.ForEachOps$ForEachOp$OfRef.accept(ForEachOps.java:183)
	at java.base/java.util.stream.ReferencePipeline$2$1.accept(ReferencePipeline.java:177)
	at java.base/java.util.stream.ReferencePipeline$11$1.accept(ReferencePipeline.java:442)
	at java.base/java.util.HashMap$KeySpliterator.forEachRemaining(HashMap.java:1621)
	at java.base/java.util.stream.AbstractPipeline.copyInto(AbstractPipeline.java:484)
	at java.base/java.util.stream.AbstractPipeline.wrapAndCopyInto(AbstractPipeline.java:474)
	at java.base/java.util.stream.ForEachOps$ForEachOp.evaluateSequential(ForEachOps.java:150)
	at java.base/java.util.stream.ForEachOps$ForEachOp$OfRef.evaluateSequential(ForEachOps.java:173)
	at java.base/java.util.stream.AbstractPipeline.evaluate(AbstractPipeline.java:234)
	at java.base/java.util.stream.ReferencePipeline.forEach(ReferencePipeline.java:497)
	at org.openqa.selenium.devtools.Connection.handle(Connection.java:287)
	at org.openqa.selenium.devtools.Connection.access$200(Connection.java:57)
	at org.openqa.selenium.devtools.Connection$Listener.lambda$onText$0(Connection.java:224)
	at java.base/java.util.concurrent.ThreadPoolExecutor.runWorker(ThreadPoolExecutor.java:1128)
	at java.base/java.util.concurrent.ThreadPoolExecutor$Worker.run(ThreadPoolExecutor.java:628)
	at java.base/java.lang.Thread.run(Thread.java:829)
Caused by: org.openqa.selenium.WebDriverException: {"id":1662,"error":{"code":-32602,"message":"Invalid InterceptionId."},"sessionId":"69DE6D1A85B5D627489871F60443E14A"}
Build info: version: '4.11.0', revision: '040bc5406b'
System info: os.name: 'Windows 10', os.arch: 'amd64', os.version: '10.0', java.version: '11.0.18'
Driver info: driver.version: unknown
	at org.openqa.selenium.devtools.Connection.handle(Connection.java:260)
	... 5 more

Exception in thread "CDP Connection" org.openqa.selenium.devtools.DevToolsException: {"id":1662,"error":{"code":-32602,"message":"Invalid InterceptionId."},"sessionId":"69DE6D1A85B5D627489871F60443E14A"}
Build info: version: '4.11.0', revision: '040bc5406b'
System info: os.name: 'Windows 10', os.arch: 'amd64', os.version: '10.0', java.version: '11.0.18'
Driver info: driver.version: unknown
	at org.openqa.selenium.devtools.Connection$Listener.lambda$onText$0(Connection.java:227)
	at java.base/java.util.concurrent.ThreadPoolExecutor.runWorker(ThreadPoolExecutor.java:1128)
	at java.base/java.util.concurrent.ThreadPoolExecutor$Worker.run(ThreadPoolExecutor.java:628)
	at java.base/java.lang.Thread.run(Thread.java:829)
Caused by: org.openqa.selenium.devtools.DevToolsException: {"id":1662,"error":{"code":-32602,"message":"Invalid InterceptionId."},"sessionId":"69DE6D1A85B5D627489871F60443E14A"}
Build info: version: '4.11.0', revision: '040bc5406b'
System info: os.name: 'Windows 10', os.arch: 'amd64', os.version: '10.0', java.version: '11.0.18'
Driver info: driver.version: unknown
	at org.openqa.selenium.devtools.Connection.sendAndWait(Connection.java:181)
	at org.openqa.selenium.devtools.DevTools.send(DevTools.java:81)
	at org.openqa.selenium.devtools.idealized.Network.lambda$prepareToInterceptTraffic$3(Network.java:211)
	at org.openqa.selenium.remote.http.Filter.lambda$andFinally$1(Filter.java:55)
	at org.openqa.selenium.devtools.idealized.Network.lambda$prepareToInterceptTraffic$4(Network.java:226)
	at org.openqa.selenium.devtools.Connection.lambda$handle$4(Connection.java:321)
	at java.base/java.util.stream.ForEachOps$ForEachOp$OfRef.accept(ForEachOps.java:183)
	at java.base/java.util.stream.ReferencePipeline$2$1.accept(ReferencePipeline.java:177)
	at java.base/java.util.stream.ReferencePipeline$11$1.accept(ReferencePipeline.java:442)
	at java.base/java.util.HashMap$KeySpliterator.forEachRemaining(HashMap.java:1621)
	at java.base/java.util.stream.AbstractPipeline.copyInto(AbstractPipeline.java:484)
	at java.base/java.util.stream.AbstractPipeline.wrapAndCopyInto(AbstractPipeline.java:474)
	at java.base/java.util.stream.ForEachOps$ForEachOp.evaluateSequential(ForEachOps.java:150)
	at java.base/java.util.stream.ForEachOps$ForEachOp$OfRef.evaluateSequential(ForEachOps.java:173)
	at java.base/java.util.stream.AbstractPipeline.evaluate(AbstractPipeline.java:234)
	at java.base/java.util.stream.ReferencePipeline.forEach(ReferencePipeline.java:497)
	at org.openqa.selenium.devtools.Connection.handle(Connection.java:287)
	at org.openqa.selenium.devtools.Connection.access$200(Connection.java:57)
	at org.openqa.selenium.devtools.Connection$Listener.lambda$onText$0(Connection.java:224)
	... 3 more
Caused by: org.openqa.selenium.WebDriverException: {"id":1662,"error":{"code":-32602,"message":"Invalid InterceptionId."},"sessionId":"69DE6D1A85B5D627489871F60443E14A"}
Build info: version: '4.11.0', revision: '040bc5406b'
System info: os.name: 'Windows 10', os.arch: 'amd64', os.version: '10.0', java.version: '11.0.18'
Driver info: driver.version: unknown
	at org.openqa.selenium.devtools.Connection.handle(Connection.java:260)
	... 5 more
авг. 16, 2023 4:22:14 PM org.openqa.selenium.devtools.Connection$Listener lambda$onText$0
WARNING: Unable to process: {"method":"Fetch.requestPaused","params":{"requestId":"interception-job-270.0","request":{"url":"http://localhost:8080/static/css/2.7d875902.chunk.css","method":"GET","headers":{"Accept":"text/css,*/*;q=0.1","Referer":"http://localhost:8080/","User-Agent":"Mozilla/5.0 (Windows NT 10.0; Win64; x64) AppleWebKit/537.36 (KHTML, like Gecko) Chrome/116.0.0.0 Safari/537.36","sec-ch-ua":"\"Chromium\";v=\"116\", \"Not)A;Brand\";v=\"24\", \"Google Chrome\";v=\"116\"","sec-ch-ua-mobile":"?0","sec-ch-ua-platform":"\"Windows\""},"initialPriority":"VeryHigh","referrerPolicy":"unsafe-url"},"frameId":"D165F02B89151667DFD1BF49856829E7","resourceType":"Stylesheet","responseStatusCode":200,"responseStatusText":"","responseHeaders":[{"name":"Vary","value":"Origin"},{"name":"Vary","value":"Access-Control-Request-Method"},{"name":"Vary","value":"Access-Control-Request-Headers"},{"name":"Last-Modified","value":"Thu, 03 Aug 2023 10:18:16 GMT"},{"name":"Accept-Ranges","value":"bytes"},{"name":"Content-Type","value":"text/css"},{"name":"Content-Length","value":"87563"},{"name":"Date","value":"Wed, 16 Aug 2023 13:20:22 GMT"}]},"sessionId":"69DE6D1A85B5D627489871F60443E14A"}
org.openqa.selenium.devtools.DevToolsException: {"id":1669,"error":{"code":-32602,"message":"Invalid InterceptionId."},"sessionId":"69DE6D1A85B5D627489871F60443E14A"}
Build info: version: '4.11.0', revision: '040bc5406b'
System info: os.name: 'Windows 10', os.arch: 'amd64', os.version: '10.0', java.version: '11.0.18'
Driver info: driver.version: unknown
	at org.openqa.selenium.devtools.Connection.sendAndWait(Connection.java:181)
	at org.openqa.selenium.devtools.DevTools.send(DevTools.java:81)
	at org.openqa.selenium.devtools.idealized.Network.lambda$prepareToInterceptTraffic$4(Network.java:194)
	at org.openqa.selenium.devtools.Connection.lambda$handle$4(Connection.java:321)
	at java.base/java.util.stream.ForEachOps$ForEachOp$OfRef.accept(ForEachOps.java:183)
	at java.base/java.util.stream.ReferencePipeline$2$1.accept(ReferencePipeline.java:177)
	at java.base/java.util.stream.ReferencePipeline$11$1.accept(ReferencePipeline.java:442)
	at java.base/java.util.HashMap$KeySpliterator.forEachRemaining(HashMap.java:1621)
	at java.base/java.util.stream.AbstractPipeline.copyInto(AbstractPipeline.java:484)
	at java.base/java.util.stream.AbstractPipeline.wrapAndCopyInto(AbstractPipeline.java:474)
	at java.base/java.util.stream.ForEachOps$ForEachOp.evaluateSequential(ForEachOps.java:150)
	at java.base/java.util.stream.ForEachOps$ForEachOp$OfRef.evaluateSequential(ForEachOps.java:173)
	at java.base/java.util.stream.AbstractPipeline.evaluate(AbstractPipeline.java:234)
	at java.base/java.util.stream.ReferencePipeline.forEach(ReferencePipeline.java:497)
	at org.openqa.selenium.devtools.Connection.handle(Connection.java:287)
	at org.openqa.selenium.devtools.Connection.access$200(Connection.java:57)
	at org.openqa.selenium.devtools.Connection$Listener.lambda$onText$0(Connection.java:224)
	at java.base/java.util.concurrent.ThreadPoolExecutor.runWorker(ThreadPoolExecutor.java:1128)
	at java.base/java.util.concurrent.ThreadPoolExecutor$Worker.run(ThreadPoolExecutor.java:628)
	at java.base/java.lang.Thread.run(Thread.java:829)
Caused by: org.openqa.selenium.WebDriverException: {"id":1669,"error":{"code":-32602,"message":"Invalid InterceptionId."},"sessionId":"69DE6D1A85B5D627489871F60443E14A"}
Build info: version: '4.11.0', revision: '040bc5406b'
System info: os.name: 'Windows 10', os.arch: 'amd64', os.version: '10.0', java.version: '11.0.18'
Driver info: driver.version: unknown
	at org.openqa.selenium.devtools.Connection.handle(Connection.java:260)
	... 5 more

Exception in thread "CDP Connection" org.openqa.selenium.devtools.DevToolsException: {"id":1669,"error":{"code":-32602,"message":"Invalid InterceptionId."},"sessionId":"69DE6D1A85B5D627489871F60443E14A"}
Build info: version: '4.11.0', revision: '040bc5406b'
System info: os.name: 'Windows 10', os.arch: 'amd64', os.version: '10.0', java.version: '11.0.18'
Driver info: driver.version: unknown
	at org.openqa.selenium.devtools.Connection$Listener.lambda$onText$0(Connection.java:227)
	at java.base/java.util.concurrent.ThreadPoolExecutor.runWorker(ThreadPoolExecutor.java:1128)
	at java.base/java.util.concurrent.ThreadPoolExecutor$Worker.run(ThreadPoolExecutor.java:628)
	at java.base/java.lang.Thread.run(Thread.java:829)
Caused by: org.openqa.selenium.devtools.DevToolsException: {"id":1669,"error":{"code":-32602,"message":"Invalid InterceptionId."},"sessionId":"69DE6D1A85B5D627489871F60443E14A"}
Build info: version: '4.11.0', revision: '040bc5406b'
System info: os.name: 'Windows 10', os.arch: 'amd64', os.version: '10.0', java.version: '11.0.18'
Driver info: driver.version: unknown
	at org.openqa.selenium.devtools.Connection.sendAndWait(Connection.java:181)
	at org.openqa.selenium.devtools.DevTools.send(DevTools.java:81)
	at org.openqa.selenium.devtools.idealized.Network.lambda$prepareToInterceptTraffic$4(Network.java:194)
	at org.openqa.selenium.devtools.Connection.lambda$handle$4(Connection.java:321)
	at java.base/java.util.stream.ForEachOps$ForEachOp$OfRef.accept(ForEachOps.java:183)
	at java.base/java.util.stream.ReferencePipeline$2$1.accept(ReferencePipeline.java:177)
	at java.base/java.util.stream.ReferencePipeline$11$1.accept(ReferencePipeline.java:442)
	at java.base/java.util.HashMap$KeySpliterator.forEachRemaining(HashMap.java:1621)
	at java.base/java.util.stream.AbstractPipeline.copyInto(AbstractPipeline.java:484)
	at java.base/java.util.stream.AbstractPipeline.wrapAndCopyInto(AbstractPipeline.java:474)
	at java.base/java.util.stream.ForEachOps$ForEachOp.evaluateSequential(ForEachOps.java:150)
	at java.base/java.util.stream.ForEachOps$ForEachOp$OfRef.evaluateSequential(ForEachOps.java:173)
	at java.base/java.util.stream.AbstractPipeline.evaluate(AbstractPipeline.java:234)
	at java.base/java.util.stream.ReferencePipeline.forEach(ReferencePipeline.java:497)
	at org.openqa.selenium.devtools.Connection.handle(Connection.java:287)
	at org.openqa.selenium.devtools.Connection.access$200(Connection.java:57)
	at org.openqa.selenium.devtools.Connection$Listener.lambda$onText$0(Connection.java:224)
	... 3 more
Caused by: org.openqa.selenium.WebDriverException: {"id":1669,"error":{"code":-32602,"message":"Invalid InterceptionId."},"sessionId":"69DE6D1A85B5D627489871F60443E14A"}
Build info: version: '4.11.0', revision: '040bc5406b'
System info: os.name: 'Windows 10', os.arch: 'amd64', os.version: '10.0', java.version: '11.0.18'
Driver info: driver.version: unknown
	at org.openqa.selenium.devtools.Connection.handle(Connection.java:260)
	... 5 more
авг. 16, 2023 4:22:14 PM org.openqa.selenium.devtools.Connection$Listener lambda$onText$0
WARNING: Unable to process: {"method":"Fetch.requestPaused","params":{"requestId":"interception-job-273.0","request":{"url":"http://localhost:8080/static/js/main.aab190f3.chunk.js","method":"GET","headers":{"Accept":"*/*","Referer":"http://localhost:8080/","User-Agent":"Mozilla/5.0 (Windows NT 10.0; Win64; x64) AppleWebKit/537.36 (KHTML, like Gecko) Chrome/116.0.0.0 Safari/537.36","sec-ch-ua":"\"Chromium\";v=\"116\", \"Not)A;Brand\";v=\"24\", \"Google Chrome\";v=\"116\"","sec-ch-ua-mobile":"?0","sec-ch-ua-platform":"\"Windows\""},"initialPriority":"High","referrerPolicy":"strict-origin-when-cross-origin"},"frameId":"D165F02B89151667DFD1BF49856829E7","resourceType":"Script"},"sessionId":"69DE6D1A85B5D627489871F60443E14A"}
org.openqa.selenium.devtools.DevToolsException: {"id":1667,"error":{"code":-32602,"message":"Invalid InterceptionId."},"sessionId":"69DE6D1A85B5D627489871F60443E14A"}
Build info: version: '4.11.0', revision: '040bc5406b'
System info: os.name: 'Windows 10', os.arch: 'amd64', os.version: '10.0', java.version: '11.0.18'
Driver info: driver.version: unknown
	at org.openqa.selenium.devtools.Connection.sendAndWait(Connection.java:181)
	at org.openqa.selenium.devtools.DevTools.send(DevTools.java:81)
	at org.openqa.selenium.devtools.idealized.Network.lambda$prepareToInterceptTraffic$3(Network.java:211)
	at org.openqa.selenium.remote.http.Filter.lambda$andFinally$1(Filter.java:55)
	at org.openqa.selenium.devtools.idealized.Network.lambda$prepareToInterceptTraffic$4(Network.java:226)
	at org.openqa.selenium.devtools.Connection.lambda$handle$4(Connection.java:321)
	at java.base/java.util.stream.ForEachOps$ForEachOp$OfRef.accept(ForEachOps.java:183)
	at java.base/java.util.stream.ReferencePipeline$2$1.accept(ReferencePipeline.java:177)
	at java.base/java.util.stream.ReferencePipeline$11$1.accept(ReferencePipeline.java:442)
	at java.base/java.util.HashMap$KeySpliterator.forEachRemaining(HashMap.java:1621)
	at java.base/java.util.stream.AbstractPipeline.copyInto(AbstractPipeline.java:484)
	at java.base/java.util.stream.AbstractPipeline.wrapAndCopyInto(AbstractPipeline.java:474)
	at java.base/java.util.stream.ForEachOps$ForEachOp.evaluateSequential(ForEachOps.java:150)
	at java.base/java.util.stream.ForEachOps$ForEachOp$OfRef.evaluateSequential(ForEachOps.java:173)
	at java.base/java.util.stream.AbstractPipeline.evaluate(AbstractPipeline.java:234)
	at java.base/java.util.stream.ReferencePipeline.forEach(ReferencePipeline.java:497)
	at org.openqa.selenium.devtools.Connection.handle(Connection.java:287)
	at org.openqa.selenium.devtools.Connection.access$200(Connection.java:57)
	at org.openqa.selenium.devtools.Connection$Listener.lambda$onText$0(Connection.java:224)
	at java.base/java.util.concurrent.ThreadPoolExecutor.runWorker(ThreadPoolExecutor.java:1128)
	at java.base/java.util.concurrent.ThreadPoolExecutor$Worker.run(ThreadPoolExecutor.java:628)
	at java.base/java.lang.Thread.run(Thread.java:829)
Caused by: org.openqa.selenium.WebDriverException: {"id":1667,"error":{"code":-32602,"message":"Invalid InterceptionId."},"sessionId":"69DE6D1A85B5D627489871F60443E14A"}
Build info: version: '4.11.0', revision: '040bc5406b'
System info: os.name: 'Windows 10', os.arch: 'amd64', os.version: '10.0', java.version: '11.0.18'
Driver info: driver.version: unknown
	at org.openqa.selenium.devtools.Connection.handle(Connection.java:260)
	... 5 more

Exception in thread "CDP Connection" org.openqa.selenium.devtools.DevToolsException: {"id":1667,"error":{"code":-32602,"message":"Invalid InterceptionId."},"sessionId":"69DE6D1A85B5D627489871F60443E14A"}
Build info: version: '4.11.0', revision: '040bc5406b'
System info: os.name: 'Windows 10', os.arch: 'amd64', os.version: '10.0', java.version: '11.0.18'
Driver info: driver.version: unknown
	at org.openqa.selenium.devtools.Connection$Listener.lambda$onText$0(Connection.java:227)
	at java.base/java.util.concurrent.ThreadPoolExecutor.runWorker(ThreadPoolExecutor.java:1128)
	at java.base/java.util.concurrent.ThreadPoolExecutor$Worker.run(ThreadPoolExecutor.java:628)
	at java.base/java.lang.Thread.run(Thread.java:829)
Caused by: org.openqa.selenium.devtools.DevToolsException: {"id":1667,"error":{"code":-32602,"message":"Invalid InterceptionId."},"sessionId":"69DE6D1A85B5D627489871F60443E14A"}
Build info: version: '4.11.0', revision: '040bc5406b'
System info: os.name: 'Windows 10', os.arch: 'amd64', os.version: '10.0', java.version: '11.0.18'
Driver info: driver.version: unknown
	at org.openqa.selenium.devtools.Connection.sendAndWait(Connection.java:181)
	at org.openqa.selenium.devtools.DevTools.send(DevTools.java:81)
	at org.openqa.selenium.devtools.idealized.Network.lambda$prepareToInterceptTraffic$3(Network.java:211)
	at org.openqa.selenium.remote.http.Filter.lambda$andFinally$1(Filter.java:55)
	at org.openqa.selenium.devtools.idealized.Network.lambda$prepareToInterceptTraffic$4(Network.java:226)
	at org.openqa.selenium.devtools.Connection.lambda$handle$4(Connection.java:321)
	at java.base/java.util.stream.ForEachOps$ForEachOp$OfRef.accept(ForEachOps.java:183)
	at java.base/java.util.stream.ReferencePipeline$2$1.accept(ReferencePipeline.java:177)
	at java.base/java.util.stream.ReferencePipeline$11$1.accept(ReferencePipeline.java:442)
	at java.base/java.util.HashMap$KeySpliterator.forEachRemaining(HashMap.java:1621)
	at java.base/java.util.stream.AbstractPipeline.copyInto(AbstractPipeline.java:484)
	at java.base/java.util.stream.AbstractPipeline.wrapAndCopyInto(AbstractPipeline.java:474)
	at java.base/java.util.stream.ForEachOps$ForEachOp.evaluateSequential(ForEachOps.java:150)
	at java.base/java.util.stream.ForEachOps$ForEachOp$OfRef.evaluateSequential(ForEachOps.java:173)
	at java.base/java.util.stream.AbstractPipeline.evaluate(AbstractPipeline.java:234)
	at java.base/java.util.stream.ReferencePipeline.forEach(ReferencePipeline.java:497)
	at org.openqa.selenium.devtools.Connection.handle(Connection.java:287)
	at org.openqa.selenium.devtools.Connection.access$200(Connection.java:57)
	at org.openqa.selenium.devtools.Connection$Listener.lambda$onText$0(Connection.java:224)
	... 3 more
Caused by: org.openqa.selenium.WebDriverException: {"id":1667,"error":{"code":-32602,"message":"Invalid InterceptionId."},"sessionId":"69DE6D1A85B5D627489871F60443E14A"}
Build info: version: '4.11.0', revision: '040bc5406b'
System info: os.name: 'Windows 10', os.arch: 'amd64', os.version: '10.0', java.version: '11.0.18'
Driver info: driver.version: unknown
	at org.openqa.selenium.devtools.Connection.handle(Connection.java:260)
	... 5 more
авг. 16, 2023 4:22:14 PM org.openqa.selenium.devtools.Connection$Listener lambda$onText$0
WARNING: Unable to process: {"method":"Fetch.requestPaused","params":{"requestId":"interception-job-270.0","request":{"url":"http://localhost:8080/static/css/2.7d875902.chunk.css","method":"GET","headers":{"Accept":"text/css,*/*;q=0.1","Referer":"http://localhost:8080/","User-Agent":"Mozilla/5.0 (Windows NT 10.0; Win64; x64) AppleWebKit/537.36 (KHTML, like Gecko) Chrome/116.0.0.0 Safari/537.36","sec-ch-ua":"\"Chromium\";v=\"116\", \"Not)A;Brand\";v=\"24\", \"Google Chrome\";v=\"116\"","sec-ch-ua-mobile":"?0","sec-ch-ua-platform":"\"Windows\""},"initialPriority":"VeryHigh","referrerPolicy":"strict-origin-when-cross-origin"},"frameId":"D165F02B89151667DFD1BF49856829E7","resourceType":"Stylesheet"},"sessionId":"69DE6D1A85B5D627489871F60443E14A"}
org.openqa.selenium.devtools.DevToolsException: {"id":1670,"error":{"code":-32602,"message":"Invalid InterceptionId."},"sessionId":"69DE6D1A85B5D627489871F60443E14A"}
Build info: version: '4.11.0', revision: '040bc5406b'
System info: os.name: 'Windows 10', os.arch: 'amd64', os.version: '10.0', java.version: '11.0.18'
Driver info: driver.version: unknown
	at org.openqa.selenium.devtools.Connection.sendAndWait(Connection.java:181)
	at org.openqa.selenium.devtools.DevTools.send(DevTools.java:81)
	at org.openqa.selenium.devtools.idealized.Network.lambda$prepareToInterceptTraffic$3(Network.java:211)
	at org.openqa.selenium.remote.http.Filter.lambda$andFinally$1(Filter.java:55)
	at org.openqa.selenium.devtools.idealized.Network.lambda$prepareToInterceptTraffic$4(Network.java:226)
	at org.openqa.selenium.devtools.Connection.lambda$handle$4(Connection.java:321)
	at java.base/java.util.stream.ForEachOps$ForEachOp$OfRef.accept(ForEachOps.java:183)
	at java.base/java.util.stream.ReferencePipeline$2$1.accept(ReferencePipeline.java:177)
	at java.base/java.util.stream.ReferencePipeline$11$1.accept(ReferencePipeline.java:442)
	at java.base/java.util.HashMap$KeySpliterator.forEachRemaining(HashMap.java:1621)
	at java.base/java.util.stream.AbstractPipeline.copyInto(AbstractPipeline.java:484)
	at java.base/java.util.stream.AbstractPipeline.wrapAndCopyInto(AbstractPipeline.java:474)
	at java.base/java.util.stream.ForEachOps$ForEachOp.evaluateSequential(ForEachOps.java:150)
	at java.base/java.util.stream.ForEachOps$ForEachOp$OfRef.evaluateSequential(ForEachOps.java:173)
	at java.base/java.util.stream.AbstractPipeline.evaluate(AbstractPipeline.java:234)
	at java.base/java.util.stream.ReferencePipeline.forEach(ReferencePipeline.java:497)
	at org.openqa.selenium.devtools.Connection.handle(Connection.java:287)
	at org.openqa.selenium.devtools.Connection.access$200(Connection.java:57)
	at org.openqa.selenium.devtools.Connection$Listener.lambda$onText$0(Connection.java:224)
	at java.base/java.util.concurrent.ThreadPoolExecutor.runWorker(ThreadPoolExecutor.java:1128)
	at java.base/java.util.concurrent.ThreadPoolExecutor$Worker.run(ThreadPoolExecutor.java:628)
	at java.base/java.lang.Thread.run(Thread.java:829)
Caused by: org.openqa.selenium.WebDriverException: {"id":1670,"error":{"code":-32602,"message":"Invalid InterceptionId."},"sessionId":"69DE6D1A85B5D627489871F60443E14A"}
Build info: version: '4.11.0', revision: '040bc5406b'
System info: os.name: 'Windows 10', os.arch: 'amd64', os.version: '10.0', java.version: '11.0.18'
Driver info: driver.version: unknown
	at org.openqa.selenium.devtools.Connection.handle(Connection.java:260)
	... 5 more

Exception in thread "CDP Connection" org.openqa.selenium.devtools.DevToolsException: {"id":1670,"error":{"code":-32602,"message":"Invalid InterceptionId."},"sessionId":"69DE6D1A85B5D627489871F60443E14A"}
Build info: version: '4.11.0', revision: '040bc5406b'
System info: os.name: 'Windows 10', os.arch: 'amd64', os.version: '10.0', java.version: '11.0.18'
Driver info: driver.version: unknown
	at org.openqa.selenium.devtools.Connection$Listener.lambda$onText$0(Connection.java:227)
	at java.base/java.util.concurrent.ThreadPoolExecutor.runWorker(ThreadPoolExecutor.java:1128)
	at java.base/java.util.concurrent.ThreadPoolExecutor$Worker.run(ThreadPoolExecutor.java:628)
	at java.base/java.lang.Thread.run(Thread.java:829)
Caused by: org.openqa.selenium.devtools.DevToolsException: {"id":1670,"error":{"code":-32602,"message":"Invalid InterceptionId."},"sessionId":"69DE6D1A85B5D627489871F60443E14A"}
Build info: version: '4.11.0', revision: '040bc5406b'
System info: os.name: 'Windows 10', os.arch: 'amd64', os.version: '10.0', java.version: '11.0.18'
Driver info: driver.version: unknown
	at org.openqa.selenium.devtools.Connection.sendAndWait(Connection.java:181)
	at org.openqa.selenium.devtools.DevTools.send(DevTools.java:81)
	at org.openqa.selenium.devtools.idealized.Network.lambda$prepareToInterceptTraffic$3(Network.java:211)
	at org.openqa.selenium.remote.http.Filter.lambda$andFinally$1(Filter.java:55)
	at org.openqa.selenium.devtools.idealized.Network.lambda$prepareToInterceptTraffic$4(Network.java:226)
	at org.openqa.selenium.devtools.Connection.lambda$handle$4(Connection.java:321)
	at java.base/java.util.stream.ForEachOps$ForEachOp$OfRef.accept(ForEachOps.java:183)
	at java.base/java.util.stream.ReferencePipeline$2$1.accept(ReferencePipeline.java:177)
	at java.base/java.util.stream.ReferencePipeline$11$1.accept(ReferencePipeline.java:442)
	at java.base/java.util.HashMap$KeySpliterator.forEachRemaining(HashMap.java:1621)
	at java.base/java.util.stream.AbstractPipeline.copyInto(AbstractPipeline.java:484)
	at java.base/java.util.stream.AbstractPipeline.wrapAndCopyInto(AbstractPipeline.java:474)
	at java.base/java.util.stream.ForEachOps$ForEachOp.evaluateSequential(ForEachOps.java:150)
	at java.base/java.util.stream.ForEachOps$ForEachOp$OfRef.evaluateSequential(ForEachOps.java:173)
	at java.base/java.util.stream.AbstractPipeline.evaluate(AbstractPipeline.java:234)
	at java.base/java.util.stream.ReferencePipeline.forEach(ReferencePipeline.java:497)
	at org.openqa.selenium.devtools.Connection.handle(Connection.java:287)
	at org.openqa.selenium.devtools.Connection.access$200(Connection.java:57)
	at org.openqa.selenium.devtools.Connection$Listener.lambda$onText$0(Connection.java:224)
	... 3 more
Caused by: org.openqa.selenium.WebDriverException: {"id":1670,"error":{"code":-32602,"message":"Invalid InterceptionId."},"sessionId":"69DE6D1A85B5D627489871F60443E14A"}
Build info: version: '4.11.0', revision: '040bc5406b'
System info: os.name: 'Windows 10', os.arch: 'amd64', os.version: '10.0', java.version: '11.0.18'
Driver info: driver.version: unknown
	at org.openqa.selenium.devtools.Connection.handle(Connection.java:260)
	... 5 more
авг. 16, 2023 4:22:14 PM org.openqa.selenium.devtools.Connection$Listener lambda$onText$0
WARNING: Unable to process: {"method":"Fetch.requestPaused","params":{"requestId":"interception-job-273.0","request":{"url":"http://localhost:8080/static/js/main.aab190f3.chunk.js","method":"GET","headers":{"Accept":"*/*","Referer":"http://localhost:8080/","User-Agent":"Mozilla/5.0 (Windows NT 10.0; Win64; x64) AppleWebKit/537.36 (KHTML, like Gecko) Chrome/116.0.0.0 Safari/537.36","sec-ch-ua":"\"Chromium\";v=\"116\", \"Not)A;Brand\";v=\"24\", \"Google Chrome\";v=\"116\"","sec-ch-ua-mobile":"?0","sec-ch-ua-platform":"\"Windows\""},"initialPriority":"High","referrerPolicy":"unsafe-url"},"frameId":"D165F02B89151667DFD1BF49856829E7","resourceType":"Script","responseStatusCode":200,"responseStatusText":"","responseHeaders":[{"name":"Vary","value":"Origin"},{"name":"Vary","value":"Access-Control-Request-Method"},{"name":"Vary","value":"Access-Control-Request-Headers"},{"name":"Last-Modified","value":"Thu, 03 Aug 2023 10:18:16 GMT"},{"name":"Accept-Ranges","value":"bytes"},{"name":"Content-Type","value":"application/javascript"},{"name":"Content-Length","value":"9137"},{"name":"Date","value":"Wed, 16 Aug 2023 13:20:22 GMT"}]},"sessionId":"69DE6D1A85B5D627489871F60443E14A"}
org.openqa.selenium.devtools.DevToolsException: {"id":1671,"error":{"code":-32602,"message":"Invalid InterceptionId."},"sessionId":"69DE6D1A85B5D627489871F60443E14A"}
Build info: version: '4.11.0', revision: '040bc5406b'
System info: os.name: 'Windows 10', os.arch: 'amd64', os.version: '10.0', java.version: '11.0.18'
Driver info: driver.version: unknown
	at org.openqa.selenium.devtools.Connection.sendAndWait(Connection.java:181)
	at org.openqa.selenium.devtools.DevTools.send(DevTools.java:81)
	at org.openqa.selenium.devtools.idealized.Network.lambda$prepareToInterceptTraffic$4(Network.java:194)
	at org.openqa.selenium.devtools.Connection.lambda$handle$4(Connection.java:321)
	at java.base/java.util.stream.ForEachOps$ForEachOp$OfRef.accept(ForEachOps.java:183)
	at java.base/java.util.stream.ReferencePipeline$2$1.accept(ReferencePipeline.java:177)
	at java.base/java.util.stream.ReferencePipeline$11$1.accept(ReferencePipeline.java:442)
	at java.base/java.util.HashMap$KeySpliterator.forEachRemaining(HashMap.java:1621)
	at java.base/java.util.stream.AbstractPipeline.copyInto(AbstractPipeline.java:484)
	at java.base/java.util.stream.AbstractPipeline.wrapAndCopyInto(AbstractPipeline.java:474)
	at java.base/java.util.stream.ForEachOps$ForEachOp.evaluateSequential(ForEachOps.java:150)
	at java.base/java.util.stream.ForEachOps$ForEachOp$OfRef.evaluateSequential(ForEachOps.java:173)
	at java.base/java.util.stream.AbstractPipeline.evaluate(AbstractPipeline.java:234)
	at java.base/java.util.stream.ReferencePipeline.forEach(ReferencePipeline.java:497)
	at org.openqa.selenium.devtools.Connection.handle(Connection.java:287)
	at org.openqa.selenium.devtools.Connection.access$200(Connection.java:57)
	at org.openqa.selenium.devtools.Connection$Listener.lambda$onText$0(Connection.java:224)
	at java.base/java.util.concurrent.ThreadPoolExecutor.runWorker(ThreadPoolExecutor.java:1128)
	at java.base/java.util.concurrent.ThreadPoolExecutor$Worker.run(ThreadPoolExecutor.java:628)
	at java.base/java.lang.Thread.run(Thread.java:829)
Caused by: org.openqa.selenium.WebDriverException: {"id":1671,"error":{"code":-32602,"message":"Invalid InterceptionId."},"sessionId":"69DE6D1A85B5D627489871F60443E14A"}
Build info: version: '4.11.0', revision: '040bc5406b'
System info: os.name: 'Windows 10', os.arch: 'amd64', os.version: '10.0', java.version: '11.0.18'
Driver info: driver.version: unknown
	at org.openqa.selenium.devtools.Connection.handle(Connection.java:260)
	... 5 more

Exception in thread "CDP Connection" org.openqa.selenium.devtools.DevToolsException: {"id":1671,"error":{"code":-32602,"message":"Invalid InterceptionId."},"sessionId":"69DE6D1A85B5D627489871F60443E14A"}
Build info: version: '4.11.0', revision: '040bc5406b'
System info: os.name: 'Windows 10', os.arch: 'amd64', os.version: '10.0', java.version: '11.0.18'
Driver info: driver.version: unknown
	at org.openqa.selenium.devtools.Connection$Listener.lambda$onText$0(Connection.java:227)
	at java.base/java.util.concurrent.ThreadPoolExecutor.runWorker(ThreadPoolExecutor.java:1128)
	at java.base/java.util.concurrent.ThreadPoolExecutor$Worker.run(ThreadPoolExecutor.java:628)
	at java.base/java.lang.Thread.run(Thread.java:829)
Caused by: org.openqa.selenium.devtools.DevToolsException: {"id":1671,"error":{"code":-32602,"message":"Invalid InterceptionId."},"sessionId":"69DE6D1A85B5D627489871F60443E14A"}
Build info: version: '4.11.0', revision: '040bc5406b'
System info: os.name: 'Windows 10', os.arch: 'amd64', os.version: '10.0', java.version: '11.0.18'
Driver info: driver.version: unknown
	at org.openqa.selenium.devtools.Connection.sendAndWait(Connection.java:181)
	at org.openqa.selenium.devtools.DevTools.send(DevTools.java:81)
	at org.openqa.selenium.devtools.idealized.Network.lambda$prepareToInterceptTraffic$4(Network.java:194)
	at org.openqa.selenium.devtools.Connection.lambda$handle$4(Connection.java:321)
	at java.base/java.util.stream.ForEachOps$ForEachOp$OfRef.accept(ForEachOps.java:183)
	at java.base/java.util.stream.ReferencePipeline$2$1.accept(ReferencePipeline.java:177)
	at java.base/java.util.stream.ReferencePipeline$11$1.accept(ReferencePipeline.java:442)
	at java.base/java.util.HashMap$KeySpliterator.forEachRemaining(HashMap.java:1621)
	at java.base/java.util.stream.AbstractPipeline.copyInto(AbstractPipeline.java:484)
	at java.base/java.util.stream.AbstractPipeline.wrapAndCopyInto(AbstractPipeline.java:474)
	at java.base/java.util.stream.ForEachOps$ForEachOp.evaluateSequential(ForEachOps.java:150)
	at java.base/java.util.stream.ForEachOps$ForEachOp$OfRef.evaluateSequential(ForEachOps.java:173)
	at java.base/java.util.stream.AbstractPipeline.evaluate(AbstractPipeline.java:234)
	at java.base/java.util.stream.ReferencePipeline.forEach(ReferencePipeline.java:497)
	at org.openqa.selenium.devtools.Connection.handle(Connection.java:287)
	at org.openqa.selenium.devtools.Connection.access$200(Connection.java:57)
	at org.openqa.selenium.devtools.Connection$Listener.lambda$onText$0(Connection.java:224)
	... 3 more
Caused by: org.openqa.selenium.WebDriverException: {"id":1671,"error":{"code":-32602,"message":"Invalid InterceptionId."},"sessionId":"69DE6D1A85B5D627489871F60443E14A"}
Build info: version: '4.11.0', revision: '040bc5406b'
System info: os.name: 'Windows 10', os.arch: 'amd64', os.version: '10.0', java.version: '11.0.18'
Driver info: driver.version: unknown
	at org.openqa.selenium.devtools.Connection.handle(Connection.java:260)
	... 5 more
авг. 16, 2023 4:22:14 PM org.openqa.selenium.devtools.Connection$Listener lambda$onText$0
WARNING: Unable to process: {"method":"Fetch.requestPaused","params":{"requestId":"interception-job-272.0","request":{"url":"http://localhost:8080/static/js/2.0716afe8.chunk.js","method":"GET","headers":{"Accept":"*/*","Referer":"http://localhost:8080/","User-Agent":"Mozilla/5.0 (Windows NT 10.0; Win64; x64) AppleWebKit/537.36 (KHTML, like Gecko) Chrome/116.0.0.0 Safari/537.36","sec-ch-ua":"\"Chromium\";v=\"116\", \"Not)A;Brand\";v=\"24\", \"Google Chrome\";v=\"116\"","sec-ch-ua-mobile":"?0","sec-ch-ua-platform":"\"Windows\""},"initialPriority":"High","referrerPolicy":"unsafe-url"},"frameId":"D165F02B89151667DFD1BF49856829E7","resourceType":"Script","responseStatusCode":200,"responseStatusText":"","responseHeaders":[{"name":"Vary","value":"Origin"},{"name":"Vary","value":"Access-Control-Request-Method"},{"name":"Vary","value":"Access-Control-Request-Headers"},{"name":"Last-Modified","value":"Thu, 03 Aug 2023 10:18:16 GMT"},{"name":"Accept-Ranges","value":"bytes"},{"name":"Content-Type","value":"application/javascript"},{"name":"Content-Length","value":"228167"},{"name":"Date","value":"Wed, 16 Aug 2023 13:20:22 GMT"}]},"sessionId":"69DE6D1A85B5D627489871F60443E14A"}
org.openqa.selenium.devtools.DevToolsException: {"id":1674,"error":{"code":-32602,"message":"Invalid InterceptionId."},"sessionId":"69DE6D1A85B5D627489871F60443E14A"}
Build info: version: '4.11.0', revision: '040bc5406b'
System info: os.name: 'Windows 10', os.arch: 'amd64', os.version: '10.0', java.version: '11.0.18'
Driver info: driver.version: unknown
	at org.openqa.selenium.devtools.Connection.sendAndWait(Connection.java:181)
	at org.openqa.selenium.devtools.DevTools.send(DevTools.java:81)
	at org.openqa.selenium.devtools.idealized.Network.lambda$prepareToInterceptTraffic$4(Network.java:194)
	at org.openqa.selenium.devtools.Connection.lambda$handle$4(Connection.java:321)
	at java.base/java.util.stream.ForEachOps$ForEachOp$OfRef.accept(ForEachOps.java:183)
	at java.base/java.util.stream.ReferencePipeline$2$1.accept(ReferencePipeline.java:177)
	at java.base/java.util.stream.ReferencePipeline$11$1.accept(ReferencePipeline.java:442)
	at java.base/java.util.HashMap$KeySpliterator.forEachRemaining(HashMap.java:1621)
	at java.base/java.util.stream.AbstractPipeline.copyInto(AbstractPipeline.java:484)
	at java.base/java.util.stream.AbstractPipeline.wrapAndCopyInto(AbstractPipeline.java:474)
	at java.base/java.util.stream.ForEachOps$ForEachOp.evaluateSequential(ForEachOps.java:150)
	at java.base/java.util.stream.ForEachOps$ForEachOp$OfRef.evaluateSequential(ForEachOps.java:173)
	at java.base/java.util.stream.AbstractPipeline.evaluate(AbstractPipeline.java:234)
	at java.base/java.util.stream.ReferencePipeline.forEach(ReferencePipeline.java:497)
	at org.openqa.selenium.devtools.Connection.handle(Connection.java:287)
	at org.openqa.selenium.devtools.Connection.access$200(Connection.java:57)
	at org.openqa.selenium.devtools.Connection$Listener.lambda$onText$0(Connection.java:224)
	at java.base/java.util.concurrent.ThreadPoolExecutor.runWorker(ThreadPoolExecutor.java:1128)
	at java.base/java.util.concurrent.ThreadPoolExecutor$Worker.run(ThreadPoolExecutor.java:628)
	at java.base/java.lang.Thread.run(Thread.java:829)
Caused by: org.openqa.selenium.WebDriverException: {"id":1674,"error":{"code":-32602,"message":"Invalid InterceptionId."},"sessionId":"69DE6D1A85B5D627489871F60443E14A"}
Build info: version: '4.11.0', revision: '040bc5406b'
System info: os.name: 'Windows 10', os.arch: 'amd64', os.version: '10.0', java.version: '11.0.18'
Driver info: driver.version: unknown
	at org.openqa.selenium.devtools.Connection.handle(Connection.java:260)
	... 5 more

Exception in thread "CDP Connection" org.openqa.selenium.devtools.DevToolsException: {"id":1674,"error":{"code":-32602,"message":"Invalid InterceptionId."},"sessionId":"69DE6D1A85B5D627489871F60443E14A"}
Build info: version: '4.11.0', revision: '040bc5406b'
System info: os.name: 'Windows 10', os.arch: 'amd64', os.version: '10.0', java.version: '11.0.18'
Driver info: driver.version: unknown
	at org.openqa.selenium.devtools.Connection$Listener.lambda$onText$0(Connection.java:227)
	at java.base/java.util.concurrent.ThreadPoolExecutor.runWorker(ThreadPoolExecutor.java:1128)
	at java.base/java.util.concurrent.ThreadPoolExecutor$Worker.run(ThreadPoolExecutor.java:628)
	at java.base/java.lang.Thread.run(Thread.java:829)
Caused by: org.openqa.selenium.devtools.DevToolsException: {"id":1674,"error":{"code":-32602,"message":"Invalid InterceptionId."},"sessionId":"69DE6D1A85B5D627489871F60443E14A"}
Build info: version: '4.11.0', revision: '040bc5406b'
System info: os.name: 'Windows 10', os.arch: 'amd64', os.version: '10.0', java.version: '11.0.18'
Driver info: driver.version: unknown
	at org.openqa.selenium.devtools.Connection.sendAndWait(Connection.java:181)
	at org.openqa.selenium.devtools.DevTools.send(DevTools.java:81)
	at org.openqa.selenium.devtools.idealized.Network.lambda$prepareToInterceptTraffic$4(Network.java:194)
	at org.openqa.selenium.devtools.Connection.lambda$handle$4(Connection.java:321)
	at java.base/java.util.stream.ForEachOps$ForEachOp$OfRef.accept(ForEachOps.java:183)
	at java.base/java.util.stream.ReferencePipeline$2$1.accept(ReferencePipeline.java:177)
	at java.base/java.util.stream.ReferencePipeline$11$1.accept(ReferencePipeline.java:442)
	at java.base/java.util.HashMap$KeySpliterator.forEachRemaining(HashMap.java:1621)
	at java.base/java.util.stream.AbstractPipeline.copyInto(AbstractPipeline.java:484)
	at java.base/java.util.stream.AbstractPipeline.wrapAndCopyInto(AbstractPipeline.java:474)
	at java.base/java.util.stream.ForEachOps$ForEachOp.evaluateSequential(ForEachOps.java:150)
	at java.base/java.util.stream.ForEachOps$ForEachOp$OfRef.evaluateSequential(ForEachOps.java:173)
	at java.base/java.util.stream.AbstractPipeline.evaluate(AbstractPipeline.java:234)
	at java.base/java.util.stream.ReferencePipeline.forEach(ReferencePipeline.java:497)
	at org.openqa.selenium.devtools.Connection.handle(Connection.java:287)
	at org.openqa.selenium.devtools.Connection.access$200(Connection.java:57)
	at org.openqa.selenium.devtools.Connection$Listener.lambda$onText$0(Connection.java:224)
	... 3 more
Caused by: org.openqa.selenium.WebDriverException: {"id":1674,"error":{"code":-32602,"message":"Invalid InterceptionId."},"sessionId":"69DE6D1A85B5D627489871F60443E14A"}
Build info: version: '4.11.0', revision: '040bc5406b'
System info: os.name: 'Windows 10', os.arch: 'amd64', os.version: '10.0', java.version: '11.0.18'
Driver info: driver.version: unknown
	at org.openqa.selenium.devtools.Connection.handle(Connection.java:260)
	... 5 more
авг. 16, 2023 4:22:14 PM org.openqa.selenium.devtools.Connection$Listener lambda$onText$0
WARNING: Unable to process: {"method":"Fetch.requestPaused","params":{"requestId":"interception-job-272.0","request":{"url":"http://localhost:8080/static/js/2.0716afe8.chunk.js","method":"GET","headers":{"Accept":"*/*","Referer":"http://localhost:8080/","User-Agent":"Mozilla/5.0 (Windows NT 10.0; Win64; x64) AppleWebKit/537.36 (KHTML, like Gecko) Chrome/116.0.0.0 Safari/537.36","sec-ch-ua":"\"Chromium\";v=\"116\", \"Not)A;Brand\";v=\"24\", \"Google Chrome\";v=\"116\"","sec-ch-ua-mobile":"?0","sec-ch-ua-platform":"\"Windows\""},"initialPriority":"High","referrerPolicy":"strict-origin-when-cross-origin"},"frameId":"D165F02B89151667DFD1BF49856829E7","resourceType":"Script"},"sessionId":"69DE6D1A85B5D627489871F60443E14A"}
org.openqa.selenium.devtools.DevToolsException: {"id":1675,"error":{"code":-32602,"message":"Invalid InterceptionId."},"sessionId":"69DE6D1A85B5D627489871F60443E14A"}
Build info: version: '4.11.0', revision: '040bc5406b'
System info: os.name: 'Windows 10', os.arch: 'amd64', os.version: '10.0', java.version: '11.0.18'
Driver info: driver.version: unknown
	at org.openqa.selenium.devtools.Connection.sendAndWait(Connection.java:181)
	at org.openqa.selenium.devtools.DevTools.send(DevTools.java:81)
	at org.openqa.selenium.devtools.idealized.Network.lambda$prepareToInterceptTraffic$3(Network.java:211)
	at org.openqa.selenium.remote.http.Filter.lambda$andFinally$1(Filter.java:55)
	at org.openqa.selenium.devtools.idealized.Network.lambda$prepareToInterceptTraffic$4(Network.java:226)
	at org.openqa.selenium.devtools.Connection.lambda$handle$4(Connection.java:321)
	at java.base/java.util.stream.ForEachOps$ForEachOp$OfRef.accept(ForEachOps.java:183)
	at java.base/java.util.stream.ReferencePipeline$2$1.accept(ReferencePipeline.java:177)
	at java.base/java.util.stream.ReferencePipeline$11$1.accept(ReferencePipeline.java:442)
	at java.base/java.util.HashMap$KeySpliterator.forEachRemaining(HashMap.java:1621)
	at java.base/java.util.stream.AbstractPipeline.copyInto(AbstractPipeline.java:484)
	at java.base/java.util.stream.AbstractPipeline.wrapAndCopyInto(AbstractPipeline.java:474)
	at java.base/java.util.stream.ForEachOps$ForEachOp.evaluateSequential(ForEachOps.java:150)
	at java.base/java.util.stream.ForEachOps$ForEachOp$OfRef.evaluateSequential(ForEachOps.java:173)
	at java.base/java.util.stream.AbstractPipeline.evaluate(AbstractPipeline.java:234)
	at java.base/java.util.stream.ReferencePipeline.forEach(ReferencePipeline.java:497)
	at org.openqa.selenium.devtools.Connection.handle(Connection.java:287)
	at org.openqa.selenium.devtools.Connection.access$200(Connection.java:57)
	at org.openqa.selenium.devtools.Connection$Listener.lambda$onText$0(Connection.java:224)
	at java.base/java.util.concurrent.ThreadPoolExecutor.runWorker(ThreadPoolExecutor.java:1128)
	at java.base/java.util.concurrent.ThreadPoolExecutor$Worker.run(ThreadPoolExecutor.java:628)
	at java.base/java.lang.Thread.run(Thread.java:829)
Caused by: org.openqa.selenium.WebDriverException: {"id":1675,"error":{"code":-32602,"message":"Invalid InterceptionId."},"sessionId":"69DE6D1A85B5D627489871F60443E14A"}
Build info: version: '4.11.0', revision: '040bc5406b'
System info: os.name: 'Windows 10', os.arch: 'amd64', os.version: '10.0', java.version: '11.0.18'
Driver info: driver.version: unknown
	at org.openqa.selenium.devtools.Connection.handle(Connection.java:260)
	... 5 more

Exception in thread "CDP Connection" org.openqa.selenium.devtools.DevToolsException: {"id":1675,"error":{"code":-32602,"message":"Invalid InterceptionId."},"sessionId":"69DE6D1A85B5D627489871F60443E14A"}
Build info: version: '4.11.0', revision: '040bc5406b'
System info: os.name: 'Windows 10', os.arch: 'amd64', os.version: '10.0', java.version: '11.0.18'
Driver info: driver.version: unknown
	at org.openqa.selenium.devtools.Connection$Listener.lambda$onText$0(Connection.java:227)
	at java.base/java.util.concurrent.ThreadPoolExecutor.runWorker(ThreadPoolExecutor.java:1128)
	at java.base/java.util.concurrent.ThreadPoolExecutor$Worker.run(ThreadPoolExecutor.java:628)
	at java.base/java.lang.Thread.run(Thread.java:829)
Caused by: org.openqa.selenium.devtools.DevToolsException: {"id":1675,"error":{"code":-32602,"message":"Invalid InterceptionId."},"sessionId":"69DE6D1A85B5D627489871F60443E14A"}
Build info: version: '4.11.0', revision: '040bc5406b'
System info: os.name: 'Windows 10', os.arch: 'amd64', os.version: '10.0', java.version: '11.0.18'
Driver info: driver.version: unknown
	at org.openqa.selenium.devtools.Connection.sendAndWait(Connection.java:181)
	at org.openqa.selenium.devtools.DevTools.send(DevTools.java:81)
	at org.openqa.selenium.devtools.idealized.Network.lambda$prepareToInterceptTraffic$3(Network.java:211)
	at org.openqa.selenium.remote.http.Filter.lambda$andFinally$1(Filter.java:55)
	at org.openqa.selenium.devtools.idealized.Network.lambda$prepareToInterceptTraffic$4(Network.java:226)
	at org.openqa.selenium.devtools.Connection.lambda$handle$4(Connection.java:321)
	at java.base/java.util.stream.ForEachOps$ForEachOp$OfRef.accept(ForEachOps.java:183)
	at java.base/java.util.stream.ReferencePipeline$2$1.accept(ReferencePipeline.java:177)
	at java.base/java.util.stream.ReferencePipeline$11$1.accept(ReferencePipeline.java:442)
	at java.base/java.util.HashMap$KeySpliterator.forEachRemaining(HashMap.java:1621)
	at java.base/java.util.stream.AbstractPipeline.copyInto(AbstractPipeline.java:484)
	at java.base/java.util.stream.AbstractPipeline.wrapAndCopyInto(AbstractPipeline.java:474)
	at java.base/java.util.stream.ForEachOps$ForEachOp.evaluateSequential(ForEachOps.java:150)
	at java.base/java.util.stream.ForEachOps$ForEachOp$OfRef.evaluateSequential(ForEachOps.java:173)
	at java.base/java.util.stream.AbstractPipeline.evaluate(AbstractPipeline.java:234)
	at java.base/java.util.stream.ReferencePipeline.forEach(ReferencePipeline.java:497)
	at org.openqa.selenium.devtools.Connection.handle(Connection.java:287)
	at org.openqa.selenium.devtools.Connection.access$200(Connection.java:57)
	at org.openqa.selenium.devtools.Connection$Listener.lambda$onText$0(Connection.java:224)
	... 3 more
Caused by: org.openqa.selenium.WebDriverException: {"id":1675,"error":{"code":-32602,"message":"Invalid InterceptionId."},"sessionId":"69DE6D1A85B5D627489871F60443E14A"}
Build info: version: '4.11.0', revision: '040bc5406b'
System info: os.name: 'Windows 10', os.arch: 'amd64', os.version: '10.0', java.version: '11.0.18'
Driver info: driver.version: unknown
	at org.openqa.selenium.devtools.Connection.handle(Connection.java:260)
	... 5 more
авг. 16, 2023 4:22:14 PM org.openqa.selenium.devtools.Connection$Listener lambda$onText$0
WARNING: Unable to process: {"method":"Fetch.requestPaused","params":{"requestId":"interception-job-274.0","request":{"url":"http://localhost:8080/static/media/marrakech.869b2a02.jpg","method":"GET","headers":{"Accept":"image/avif,image/webp,image/apng,image/svg+xml,image/*,*/*;q=0.8","Referer":"http://localhost:8080/","User-Agent":"Mozilla/5.0 (Windows NT 10.0; Win64; x64) AppleWebKit/537.36 (KHTML, like Gecko) Chrome/116.0.0.0 Safari/537.36","sec-ch-ua":"\"Chromium\";v=\"116\", \"Not)A;Brand\";v=\"24\", \"Google Chrome\";v=\"116\"","sec-ch-ua-mobile":"?0","sec-ch-ua-platform":"\"Windows\""},"initialPriority":"Low","referrerPolicy":"unsafe-url"},"frameId":"D165F02B89151667DFD1BF49856829E7","resourceType":"Image","responseStatusCode":200,"responseStatusText":"","responseHeaders":[{"name":"Vary","value":"Origin"},{"name":"Vary","value":"Access-Control-Request-Method"},{"name":"Vary","value":"Access-Control-Request-Headers"},{"name":"Last-Modified","value":"Thu, 03 Aug 2023 10:18:16 GMT"},{"name":"Accept-Ranges","value":"bytes"},{"name":"Content-Type","value":"image/jpeg"},{"name":"Content-Length","value":"85240"},{"name":"Date","value":"Wed, 16 Aug 2023 13:20:22 GMT"}]},"sessionId":"69DE6D1A85B5D627489871F60443E14A"}
org.openqa.selenium.devtools.DevToolsException: {"id":1680,"error":{"code":-32602,"message":"Invalid InterceptionId."},"sessionId":"69DE6D1A85B5D627489871F60443E14A"}
Build info: version: '4.11.0', revision: '040bc5406b'
System info: os.name: 'Windows 10', os.arch: 'amd64', os.version: '10.0', java.version: '11.0.18'
Driver info: driver.version: unknown
	at org.openqa.selenium.devtools.Connection.sendAndWait(Connection.java:181)
	at org.openqa.selenium.devtools.DevTools.send(DevTools.java:81)
	at org.openqa.selenium.devtools.idealized.Network.lambda$prepareToInterceptTraffic$4(Network.java:194)
	at org.openqa.selenium.devtools.Connection.lambda$handle$4(Connection.java:321)
	at java.base/java.util.stream.ForEachOps$ForEachOp$OfRef.accept(ForEachOps.java:183)
	at java.base/java.util.stream.ReferencePipeline$2$1.accept(ReferencePipeline.java:177)
	at java.base/java.util.stream.ReferencePipeline$11$1.accept(ReferencePipeline.java:442)
	at java.base/java.util.HashMap$KeySpliterator.forEachRemaining(HashMap.java:1621)
	at java.base/java.util.stream.AbstractPipeline.copyInto(AbstractPipeline.java:484)
	at java.base/java.util.stream.AbstractPipeline.wrapAndCopyInto(AbstractPipeline.java:474)
	at java.base/java.util.stream.ForEachOps$ForEachOp.evaluateSequential(ForEachOps.java:150)
	at java.base/java.util.stream.ForEachOps$ForEachOp$OfRef.evaluateSequential(ForEachOps.java:173)
	at java.base/java.util.stream.AbstractPipeline.evaluate(AbstractPipeline.java:234)
	at java.base/java.util.stream.ReferencePipeline.forEach(ReferencePipeline.java:497)
	at org.openqa.selenium.devtools.Connection.handle(Connection.java:287)
	at org.openqa.selenium.devtools.Connection.access$200(Connection.java:57)
	at org.openqa.selenium.devtools.Connection$Listener.lambda$onText$0(Connection.java:224)
	at java.base/java.util.concurrent.ThreadPoolExecutor.runWorker(ThreadPoolExecutor.java:1128)
	at java.base/java.util.concurrent.ThreadPoolExecutor$Worker.run(ThreadPoolExecutor.java:628)
	at java.base/java.lang.Thread.run(Thread.java:829)
Caused by: org.openqa.selenium.WebDriverException: {"id":1680,"error":{"code":-32602,"message":"Invalid InterceptionId."},"sessionId":"69DE6D1A85B5D627489871F60443E14A"}
Build info: version: '4.11.0', revision: '040bc5406b'
System info: os.name: 'Windows 10', os.arch: 'amd64', os.version: '10.0', java.version: '11.0.18'
Driver info: driver.version: unknown
	at org.openqa.selenium.devtools.Connection.handle(Connection.java:260)
	... 5 more

Exception in thread "CDP Connection" org.openqa.selenium.devtools.DevToolsException: {"id":1680,"error":{"code":-32602,"message":"Invalid InterceptionId."},"sessionId":"69DE6D1A85B5D627489871F60443E14A"}
Build info: version: '4.11.0', revision: '040bc5406b'
System info: os.name: 'Windows 10', os.arch: 'amd64', os.version: '10.0', java.version: '11.0.18'
Driver info: driver.version: unknown
	at org.openqa.selenium.devtools.Connection$Listener.lambda$onText$0(Connection.java:227)
	at java.base/java.util.concurrent.ThreadPoolExecutor.runWorker(ThreadPoolExecutor.java:1128)
	at java.base/java.util.concurrent.ThreadPoolExecutor$Worker.run(ThreadPoolExecutor.java:628)
	at java.base/java.lang.Thread.run(Thread.java:829)
Caused by: org.openqa.selenium.devtools.DevToolsException: {"id":1680,"error":{"code":-32602,"message":"Invalid InterceptionId."},"sessionId":"69DE6D1A85B5D627489871F60443E14A"}
Build info: version: '4.11.0', revision: '040bc5406b'
System info: os.name: 'Windows 10', os.arch: 'amd64', os.version: '10.0', java.version: '11.0.18'
Driver info: driver.version: unknown
	at org.openqa.selenium.devtools.Connection.sendAndWait(Connection.java:181)
	at org.openqa.selenium.devtools.DevTools.send(DevTools.java:81)
	at org.openqa.selenium.devtools.idealized.Network.lambda$prepareToInterceptTraffic$4(Network.java:194)
	at org.openqa.selenium.devtools.Connection.lambda$handle$4(Connection.java:321)
	at java.base/java.util.stream.ForEachOps$ForEachOp$OfRef.accept(ForEachOps.java:183)
	at java.base/java.util.stream.ReferencePipeline$2$1.accept(ReferencePipeline.java:177)
	at java.base/java.util.stream.ReferencePipeline$11$1.accept(ReferencePipeline.java:442)
	at java.base/java.util.HashMap$KeySpliterator.forEachRemaining(HashMap.java:1621)
	at java.base/java.util.stream.AbstractPipeline.copyInto(AbstractPipeline.java:484)
	at java.base/java.util.stream.AbstractPipeline.wrapAndCopyInto(AbstractPipeline.java:474)
	at java.base/java.util.stream.ForEachOps$ForEachOp.evaluateSequential(ForEachOps.java:150)
	at java.base/java.util.stream.ForEachOps$ForEachOp$OfRef.evaluateSequential(ForEachOps.java:173)
	at java.base/java.util.stream.AbstractPipeline.evaluate(AbstractPipeline.java:234)
	at java.base/java.util.stream.ReferencePipeline.forEach(ReferencePipeline.java:497)
	at org.openqa.selenium.devtools.Connection.handle(Connection.java:287)
	at org.openqa.selenium.devtools.Connection.access$200(Connection.java:57)
	at org.openqa.selenium.devtools.Connection$Listener.lambda$onText$0(Connection.java:224)
	... 3 more
Caused by: org.openqa.selenium.WebDriverException: {"id":1680,"error":{"code":-32602,"message":"Invalid InterceptionId."},"sessionId":"69DE6D1A85B5D627489871F60443E14A"}
Build info: version: '4.11.0', revision: '040bc5406b'
System info: os.name: 'Windows 10', os.arch: 'amd64', os.version: '10.0', java.version: '11.0.18'
Driver info: driver.version: unknown
	at org.openqa.selenium.devtools.Connection.handle(Connection.java:260)
	... 5 more
авг. 16, 2023 4:22:14 PM org.openqa.selenium.devtools.Connection$Listener lambda$onText$0
WARNING: Unable to process: {"method":"Fetch.requestPaused","params":{"requestId":"interception-job-274.0","request":{"url":"http://localhost:8080/static/media/marrakech.869b2a02.jpg","method":"GET","headers":{"Accept":"image/avif,image/webp,image/apng,image/svg+xml,image/*,*/*;q=0.8","Referer":"http://localhost:8080/","User-Agent":"Mozilla/5.0 (Windows NT 10.0; Win64; x64) AppleWebKit/537.36 (KHTML, like Gecko) Chrome/116.0.0.0 Safari/537.36","sec-ch-ua":"\"Chromium\";v=\"116\", \"Not)A;Brand\";v=\"24\", \"Google Chrome\";v=\"116\"","sec-ch-ua-mobile":"?0","sec-ch-ua-platform":"\"Windows\""},"initialPriority":"Low","referrerPolicy":"strict-origin-when-cross-origin"},"frameId":"D165F02B89151667DFD1BF49856829E7","resourceType":"Image"},"sessionId":"69DE6D1A85B5D627489871F60443E14A"}
org.openqa.selenium.devtools.DevToolsException: {"id":1681,"error":{"code":-32602,"message":"Invalid InterceptionId."},"sessionId":"69DE6D1A85B5D627489871F60443E14A"}
Build info: version: '4.11.0', revision: '040bc5406b'
System info: os.name: 'Windows 10', os.arch: 'amd64', os.version: '10.0', java.version: '11.0.18'
Driver info: driver.version: unknown
	at org.openqa.selenium.devtools.Connection.sendAndWait(Connection.java:181)
	at org.openqa.selenium.devtools.DevTools.send(DevTools.java:81)
	at org.openqa.selenium.devtools.idealized.Network.lambda$prepareToInterceptTraffic$3(Network.java:211)
	at org.openqa.selenium.remote.http.Filter.lambda$andFinally$1(Filter.java:55)
	at org.openqa.selenium.devtools.idealized.Network.lambda$prepareToInterceptTraffic$4(Network.java:226)
	at org.openqa.selenium.devtools.Connection.lambda$handle$4(Connection.java:321)
	at java.base/java.util.stream.ForEachOps$ForEachOp$OfRef.accept(ForEachOps.java:183)
	at java.base/java.util.stream.ReferencePipeline$2$1.accept(ReferencePipeline.java:177)
	at java.base/java.util.stream.ReferencePipeline$11$1.accept(ReferencePipeline.java:442)
	at java.base/java.util.HashMap$KeySpliterator.forEachRemaining(HashMap.java:1621)
	at java.base/java.util.stream.AbstractPipeline.copyInto(AbstractPipeline.java:484)
	at java.base/java.util.stream.AbstractPipeline.wrapAndCopyInto(AbstractPipeline.java:474)
	at java.base/java.util.stream.ForEachOps$ForEachOp.evaluateSequential(ForEachOps.java:150)
	at java.base/java.util.stream.ForEachOps$ForEachOp$OfRef.evaluateSequential(ForEachOps.java:173)
	at java.base/java.util.stream.AbstractPipeline.evaluate(AbstractPipeline.java:234)
	at java.base/java.util.stream.ReferencePipeline.forEach(ReferencePipeline.java:497)
	at org.openqa.selenium.devtools.Connection.handle(Connection.java:287)
	at org.openqa.selenium.devtools.Connection.access$200(Connection.java:57)
	at org.openqa.selenium.devtools.Connection$Listener.lambda$onText$0(Connection.java:224)
	at java.base/java.util.concurrent.ThreadPoolExecutor.runWorker(ThreadPoolExecutor.java:1128)
	at java.base/java.util.concurrent.ThreadPoolExecutor$Worker.run(ThreadPoolExecutor.java:628)
	at java.base/java.lang.Thread.run(Thread.java:829)
Caused by: org.openqa.selenium.WebDriverException: {"id":1681,"error":{"code":-32602,"message":"Invalid InterceptionId."},"sessionId":"69DE6D1A85B5D627489871F60443E14A"}
Build info: version: '4.11.0', revision: '040bc5406b'
System info: os.name: 'Windows 10', os.arch: 'amd64', os.version: '10.0', java.version: '11.0.18'
Driver info: driver.version: unknown
	at org.openqa.selenium.devtools.Connection.handle(Connection.java:260)
	... 5 more

Exception in thread "CDP Connection" org.openqa.selenium.devtools.DevToolsException: {"id":1681,"error":{"code":-32602,"message":"Invalid InterceptionId."},"sessionId":"69DE6D1A85B5D627489871F60443E14A"}
Build info: version: '4.11.0', revision: '040bc5406b'
System info: os.name: 'Windows 10', os.arch: 'amd64', os.version: '10.0', java.version: '11.0.18'
Driver info: driver.version: unknown
	at org.openqa.selenium.devtools.Connection$Listener.lambda$onText$0(Connection.java:227)
	at java.base/java.util.concurrent.ThreadPoolExecutor.runWorker(ThreadPoolExecutor.java:1128)
	at java.base/java.util.concurrent.ThreadPoolExecutor$Worker.run(ThreadPoolExecutor.java:628)
	at java.base/java.lang.Thread.run(Thread.java:829)
Caused by: org.openqa.selenium.devtools.DevToolsException: {"id":1681,"error":{"code":-32602,"message":"Invalid InterceptionId."},"sessionId":"69DE6D1A85B5D627489871F60443E14A"}
Build info: version: '4.11.0', revision: '040bc5406b'
System info: os.name: 'Windows 10', os.arch: 'amd64', os.version: '10.0', java.version: '11.0.18'
Driver info: driver.version: unknown
	at org.openqa.selenium.devtools.Connection.sendAndWait(Connection.java:181)
	at org.openqa.selenium.devtools.DevTools.send(DevTools.java:81)
	at org.openqa.selenium.devtools.idealized.Network.lambda$prepareToInterceptTraffic$3(Network.java:211)
	at org.openqa.selenium.remote.http.Filter.lambda$andFinally$1(Filter.java:55)
	at org.openqa.selenium.devtools.idealized.Network.lambda$prepareToInterceptTraffic$4(Network.java:226)
	at org.openqa.selenium.devtools.Connection.lambda$handle$4(Connection.java:321)
	at java.base/java.util.stream.ForEachOps$ForEachOp$OfRef.accept(ForEachOps.java:183)
	at java.base/java.util.stream.ReferencePipeline$2$1.accept(ReferencePipeline.java:177)
	at java.base/java.util.stream.ReferencePipeline$11$1.accept(ReferencePipeline.java:442)
	at java.base/java.util.HashMap$KeySpliterator.forEachRemaining(HashMap.java:1621)
	at java.base/java.util.stream.AbstractPipeline.copyInto(AbstractPipeline.java:484)
	at java.base/java.util.stream.AbstractPipeline.wrapAndCopyInto(AbstractPipeline.java:474)
	at java.base/java.util.stream.ForEachOps$ForEachOp.evaluateSequential(ForEachOps.java:150)
	at java.base/java.util.stream.ForEachOps$ForEachOp$OfRef.evaluateSequential(ForEachOps.java:173)
	at java.base/java.util.stream.AbstractPipeline.evaluate(AbstractPipeline.java:234)
	at java.base/java.util.stream.ReferencePipeline.forEach(ReferencePipeline.java:497)
	at org.openqa.selenium.devtools.Connection.handle(Connection.java:287)
	at org.openqa.selenium.devtools.Connection.access$200(Connection.java:57)
	at org.openqa.selenium.devtools.Connection$Listener.lambda$onText$0(Connection.java:224)
	... 3 more
Caused by: org.openqa.selenium.WebDriverException: {"id":1681,"error":{"code":-32602,"message":"Invalid InterceptionId."},"sessionId":"69DE6D1A85B5D627489871F60443E14A"}
Build info: version: '4.11.0', revision: '040bc5406b'
System info: os.name: 'Windows 10', os.arch: 'amd64', os.version: '10.0', java.version: '11.0.18'
Driver info: driver.version: unknown
	at org.openqa.selenium.devtools.Connection.handle(Connection.java:260)
	... 5 more
авг. 16, 2023 4:22:14 PM org.openqa.selenium.devtools.Connection$Listener lambda$onText$0
WARNING: Unable to process: {"method":"Fetch.requestPaused","params":{"requestId":"interception-job-275.0","request":{"url":"http://localhost:8080/favicon.ico","method":"GET","headers":{"Accept":"image/avif,image/webp,image/apng,image/svg+xml,image/*,*/*;q=0.8","Referer":"http://localhost:8080/","User-Agent":"Mozilla/5.0 (Windows NT 10.0; Win64; x64) AppleWebKit/537.36 (KHTML, like Gecko) Chrome/116.0.0.0 Safari/537.36","sec-ch-ua":"\"Chromium\";v=\"116\", \"Not)A;Brand\";v=\"24\", \"Google Chrome\";v=\"116\"","sec-ch-ua-mobile":"?0","sec-ch-ua-platform":"\"Windows\""},"initialPriority":"High","referrerPolicy":"unsafe-url"},"frameId":"D165F02B89151667DFD1BF49856829E7","resourceType":"Other","responseStatusCode":200,"responseStatusText":"","responseHeaders":[{"name":"Vary","value":"Origin"},{"name":"Vary","value":"Access-Control-Request-Method"},{"name":"Vary","value":"Access-Control-Request-Headers"},{"name":"Last-Modified","value":"Thu, 03 Aug 2023 10:18:16 GMT"},{"name":"Accept-Ranges","value":"bytes"},{"name":"Content-Type","value":"image/x-icon"},{"name":"Content-Length","value":"4286"},{"name":"Date","value":"Wed, 16 Aug 2023 13:20:23 GMT"}]},"sessionId":"69DE6D1A85B5D627489871F60443E14A"}
org.openqa.selenium.devtools.DevToolsException: {"id":1691,"error":{"code":-32602,"message":"Invalid InterceptionId."},"sessionId":"69DE6D1A85B5D627489871F60443E14A"}
Build info: version: '4.11.0', revision: '040bc5406b'
System info: os.name: 'Windows 10', os.arch: 'amd64', os.version: '10.0', java.version: '11.0.18'
Driver info: driver.version: unknown
	at org.openqa.selenium.devtools.Connection.sendAndWait(Connection.java:181)
	at org.openqa.selenium.devtools.DevTools.send(DevTools.java:81)
	at org.openqa.selenium.devtools.idealized.Network.lambda$prepareToInterceptTraffic$4(Network.java:194)
	at org.openqa.selenium.devtools.Connection.lambda$handle$4(Connection.java:321)
	at java.base/java.util.stream.ForEachOps$ForEachOp$OfRef.accept(ForEachOps.java:183)
	at java.base/java.util.stream.ReferencePipeline$2$1.accept(ReferencePipeline.java:177)
	at java.base/java.util.stream.ReferencePipeline$11$1.accept(ReferencePipeline.java:442)
	at java.base/java.util.HashMap$KeySpliterator.forEachRemaining(HashMap.java:1621)
	at java.base/java.util.stream.AbstractPipeline.copyInto(AbstractPipeline.java:484)
	at java.base/java.util.stream.AbstractPipeline.wrapAndCopyInto(AbstractPipeline.java:474)
	at java.base/java.util.stream.ForEachOps$ForEachOp.evaluateSequential(ForEachOps.java:150)
	at java.base/java.util.stream.ForEachOps$ForEachOp$OfRef.evaluateSequential(ForEachOps.java:173)
	at java.base/java.util.stream.AbstractPipeline.evaluate(AbstractPipeline.java:234)
	at java.base/java.util.stream.ReferencePipeline.forEach(ReferencePipeline.java:497)
	at org.openqa.selenium.devtools.Connection.handle(Connection.java:287)
	at org.openqa.selenium.devtools.Connection.access$200(Connection.java:57)
	at org.openqa.selenium.devtools.Connection$Listener.lambda$onText$0(Connection.java:224)
	at java.base/java.util.concurrent.ThreadPoolExecutor.runWorker(ThreadPoolExecutor.java:1128)
	at java.base/java.util.concurrent.ThreadPoolExecutor$Worker.run(ThreadPoolExecutor.java:628)
	at java.base/java.lang.Thread.run(Thread.java:829)
Caused by: org.openqa.selenium.WebDriverException: {"id":1691,"error":{"code":-32602,"message":"Invalid InterceptionId."},"sessionId":"69DE6D1A85B5D627489871F60443E14A"}
Build info: version: '4.11.0', revision: '040bc5406b'
System info: os.name: 'Windows 10', os.arch: 'amd64', os.version: '10.0', java.version: '11.0.18'
Driver info: driver.version: unknown
	at org.openqa.selenium.devtools.Connection.handle(Connection.java:260)
	... 5 more

Exception in thread "CDP Connection" org.openqa.selenium.devtools.DevToolsException: {"id":1691,"error":{"code":-32602,"message":"Invalid InterceptionId."},"sessionId":"69DE6D1A85B5D627489871F60443E14A"}
Build info: version: '4.11.0', revision: '040bc5406b'
System info: os.name: 'Windows 10', os.arch: 'amd64', os.version: '10.0', java.version: '11.0.18'
Driver info: driver.version: unknown
	at org.openqa.selenium.devtools.Connection$Listener.lambda$onText$0(Connection.java:227)
	at java.base/java.util.concurrent.ThreadPoolExecutor.runWorker(ThreadPoolExecutor.java:1128)
	at java.base/java.util.concurrent.ThreadPoolExecutor$Worker.run(ThreadPoolExecutor.java:628)
	at java.base/java.lang.Thread.run(Thread.java:829)
Caused by: org.openqa.selenium.devtools.DevToolsException: {"id":1691,"error":{"code":-32602,"message":"Invalid InterceptionId."},"sessionId":"69DE6D1A85B5D627489871F60443E14A"}
Build info: version: '4.11.0', revision: '040bc5406b'
System info: os.name: 'Windows 10', os.arch: 'amd64', os.version: '10.0', java.version: '11.0.18'
Driver info: driver.version: unknown
	at org.openqa.selenium.devtools.Connection.sendAndWait(Connection.java:181)
	at org.openqa.selenium.devtools.DevTools.send(DevTools.java:81)
	at org.openqa.selenium.devtools.idealized.Network.lambda$prepareToInterceptTraffic$4(Network.java:194)
	at org.openqa.selenium.devtools.Connection.lambda$handle$4(Connection.java:321)
	at java.base/java.util.stream.ForEachOps$ForEachOp$OfRef.accept(ForEachOps.java:183)
	at java.base/java.util.stream.ReferencePipeline$2$1.accept(ReferencePipeline.java:177)
	at java.base/java.util.stream.ReferencePipeline$11$1.accept(ReferencePipeline.java:442)
	at java.base/java.util.HashMap$KeySpliterator.forEachRemaining(HashMap.java:1621)
	at java.base/java.util.stream.AbstractPipeline.copyInto(AbstractPipeline.java:484)
	at java.base/java.util.stream.AbstractPipeline.wrapAndCopyInto(AbstractPipeline.java:474)
	at java.base/java.util.stream.ForEachOps$ForEachOp.evaluateSequential(ForEachOps.java:150)
	at java.base/java.util.stream.ForEachOps$ForEachOp$OfRef.evaluateSequential(ForEachOps.java:173)
	at java.base/java.util.stream.AbstractPipeline.evaluate(AbstractPipeline.java:234)
	at java.base/java.util.stream.ReferencePipeline.forEach(ReferencePipeline.java:497)
	at org.openqa.selenium.devtools.Connection.handle(Connection.java:287)
	at org.openqa.selenium.devtools.Connection.access$200(Connection.java:57)
	at org.openqa.selenium.devtools.Connection$Listener.lambda$onText$0(Connection.java:224)
	... 3 more
Caused by: org.openqa.selenium.WebDriverException: {"id":1691,"error":{"code":-32602,"message":"Invalid InterceptionId."},"sessionId":"69DE6D1A85B5D627489871F60443E14A"}
Build info: version: '4.11.0', revision: '040bc5406b'
System info: os.name: 'Windows 10', os.arch: 'amd64', os.version: '10.0', java.version: '11.0.18'
Driver info: driver.version: unknown
	at org.openqa.selenium.devtools.Connection.handle(Connection.java:260)
	... 5 more
авг. 16, 2023 4:22:14 PM org.openqa.selenium.devtools.Connection$Listener lambda$onText$0
WARNING: Unable to process: {"method":"Fetch.requestPaused","params":{"requestId":"interception-job-276.0","request":{"url":"http://localhost:8080/manifest.json","method":"GET","headers":{"Accept":"*/*","Referer":"http://localhost:8080/","User-Agent":"Mozilla/5.0 (Windows NT 10.0; Win64; x64) AppleWebKit/537.36 (KHTML, like Gecko) Chrome/116.0.0.0 Safari/537.36","sec-ch-ua":"\"Chromium\";v=\"116\", \"Not)A;Brand\";v=\"24\", \"Google Chrome\";v=\"116\"","sec-ch-ua-mobile":"?0","sec-ch-ua-platform":"\"Windows\""},"initialPriority":"Medium","referrerPolicy":"unsafe-url"},"frameId":"D165F02B89151667DFD1BF49856829E7","resourceType":"Other","responseStatusCode":200,"responseStatusText":"","responseHeaders":[{"name":"Vary","value":"Origin"},{"name":"Vary","value":"Access-Control-Request-Method"},{"name":"Vary","value":"Access-Control-Request-Headers"},{"name":"Last-Modified","value":"Thu, 03 Aug 2023 10:18:16 GMT"},{"name":"Accept-Ranges","value":"bytes"},{"name":"Content-Type","value":"application/json"},{"name":"Content-Length","value":"492"},{"name":"Date","value":"Wed, 16 Aug 2023 13:20:22 GMT"}]},"sessionId":"69DE6D1A85B5D627489871F60443E14A"}
org.openqa.selenium.devtools.DevToolsException: {"id":1690,"error":{"code":-32602,"message":"Invalid InterceptionId."},"sessionId":"69DE6D1A85B5D627489871F60443E14A"}
Build info: version: '4.11.0', revision: '040bc5406b'
System info: os.name: 'Windows 10', os.arch: 'amd64', os.version: '10.0', java.version: '11.0.18'
Driver info: driver.version: unknown
	at org.openqa.selenium.devtools.Connection.sendAndWait(Connection.java:181)
	at org.openqa.selenium.devtools.DevTools.send(DevTools.java:81)
	at org.openqa.selenium.devtools.idealized.Network.lambda$prepareToInterceptTraffic$4(Network.java:194)
	at org.openqa.selenium.devtools.Connection.lambda$handle$4(Connection.java:321)
	at java.base/java.util.stream.ForEachOps$ForEachOp$OfRef.accept(ForEachOps.java:183)
	at java.base/java.util.stream.ReferencePipeline$2$1.accept(ReferencePipeline.java:177)
	at java.base/java.util.stream.ReferencePipeline$11$1.accept(ReferencePipeline.java:442)
	at java.base/java.util.HashMap$KeySpliterator.forEachRemaining(HashMap.java:1621)
	at java.base/java.util.stream.AbstractPipeline.copyInto(AbstractPipeline.java:484)
	at java.base/java.util.stream.AbstractPipeline.wrapAndCopyInto(AbstractPipeline.java:474)
	at java.base/java.util.stream.ForEachOps$ForEachOp.evaluateSequential(ForEachOps.java:150)
	at java.base/java.util.stream.ForEachOps$ForEachOp$OfRef.evaluateSequential(ForEachOps.java:173)
	at java.base/java.util.stream.AbstractPipeline.evaluate(AbstractPipeline.java:234)
	at java.base/java.util.stream.ReferencePipeline.forEach(ReferencePipeline.java:497)
	at org.openqa.selenium.devtools.Connection.handle(Connection.java:287)
	at org.openqa.selenium.devtools.Connection.access$200(Connection.java:57)
	at org.openqa.selenium.devtools.Connection$Listener.lambda$onText$0(Connection.java:224)
	at java.base/java.util.concurrent.ThreadPoolExecutor.runWorker(ThreadPoolExecutor.java:1128)
	at java.base/java.util.concurrent.ThreadPoolExecutor$Worker.run(ThreadPoolExecutor.java:628)
	at java.base/java.lang.Thread.run(Thread.java:829)
Caused by: org.openqa.selenium.WebDriverException: {"id":1690,"error":{"code":-32602,"message":"Invalid InterceptionId."},"sessionId":"69DE6D1A85B5D627489871F60443E14A"}
Build info: version: '4.11.0', revision: '040bc5406b'
System info: os.name: 'Windows 10', os.arch: 'amd64', os.version: '10.0', java.version: '11.0.18'
Driver info: driver.version: unknown
	at org.openqa.selenium.devtools.Connection.handle(Connection.java:260)
	... 5 more

Exception in thread "CDP Connection" org.openqa.selenium.devtools.DevToolsException: {"id":1690,"error":{"code":-32602,"message":"Invalid InterceptionId."},"sessionId":"69DE6D1A85B5D627489871F60443E14A"}
Build info: version: '4.11.0', revision: '040bc5406b'
System info: os.name: 'Windows 10', os.arch: 'amd64', os.version: '10.0', java.version: '11.0.18'
Driver info: driver.version: unknown
	at org.openqa.selenium.devtools.Connection$Listener.lambda$onText$0(Connection.java:227)
	at java.base/java.util.concurrent.ThreadPoolExecutor.runWorker(ThreadPoolExecutor.java:1128)
	at java.base/java.util.concurrent.ThreadPoolExecutor$Worker.run(ThreadPoolExecutor.java:628)
	at java.base/java.lang.Thread.run(Thread.java:829)
Caused by: org.openqa.selenium.devtools.DevToolsException: {"id":1690,"error":{"code":-32602,"message":"Invalid InterceptionId."},"sessionId":"69DE6D1A85B5D627489871F60443E14A"}
Build info: version: '4.11.0', revision: '040bc5406b'
System info: os.name: 'Windows 10', os.arch: 'amd64', os.version: '10.0', java.version: '11.0.18'
Driver info: driver.version: unknown
	at org.openqa.selenium.devtools.Connection.sendAndWait(Connection.java:181)
	at org.openqa.selenium.devtools.DevTools.send(DevTools.java:81)
	at org.openqa.selenium.devtools.idealized.Network.lambda$prepareToInterceptTraffic$4(Network.java:194)
	at org.openqa.selenium.devtools.Connection.lambda$handle$4(Connection.java:321)
	at java.base/java.util.stream.ForEachOps$ForEachOp$OfRef.accept(ForEachOps.java:183)
	at java.base/java.util.stream.ReferencePipeline$2$1.accept(ReferencePipeline.java:177)
	at java.base/java.util.stream.ReferencePipeline$11$1.accept(ReferencePipeline.java:442)
	at java.base/java.util.HashMap$KeySpliterator.forEachRemaining(HashMap.java:1621)
	at java.base/java.util.stream.AbstractPipeline.copyInto(AbstractPipeline.java:484)
	at java.base/java.util.stream.AbstractPipeline.wrapAndCopyInto(AbstractPipeline.java:474)
	at java.base/java.util.stream.ForEachOps$ForEachOp.evaluateSequential(ForEachOps.java:150)
	at java.base/java.util.stream.ForEachOps$ForEachOp$OfRef.evaluateSequential(ForEachOps.java:173)
	at java.base/java.util.stream.AbstractPipeline.evaluate(AbstractPipeline.java:234)
	at java.base/java.util.stream.ReferencePipeline.forEach(ReferencePipeline.java:497)
	at org.openqa.selenium.devtools.Connection.handle(Connection.java:287)
	at org.openqa.selenium.devtools.Connection.access$200(Connection.java:57)
	at org.openqa.selenium.devtools.Connection$Listener.lambda$onText$0(Connection.java:224)
	... 3 more
Caused by: org.openqa.selenium.WebDriverException: {"id":1690,"error":{"code":-32602,"message":"Invalid InterceptionId."},"sessionId":"69DE6D1A85B5D627489871F60443E14A"}
Build info: version: '4.11.0', revision: '040bc5406b'
System info: os.name: 'Windows 10', os.arch: 'amd64', os.version: '10.0', java.version: '11.0.18'
Driver info: driver.version: unknown
	at org.openqa.selenium.devtools.Connection.handle(Connection.java:260)
	... 5 more
авг. 16, 2023 4:22:14 PM org.openqa.selenium.devtools.Connection$Listener lambda$onText$0
WARNING: Unable to process: {"method":"Fetch.requestPaused","params":{"requestId":"interception-job-275.0","request":{"url":"http://localhost:8080/favicon.ico","method":"GET","headers":{"Accept":"image/avif,image/webp,image/apng,image/svg+xml,image/*,*/*;q=0.8","Referer":"http://localhost:8080/","User-Agent":"Mozilla/5.0 (Windows NT 10.0; Win64; x64) AppleWebKit/537.36 (KHTML, like Gecko) Chrome/116.0.0.0 Safari/537.36","sec-ch-ua":"\"Chromium\";v=\"116\", \"Not)A;Brand\";v=\"24\", \"Google Chrome\";v=\"116\"","sec-ch-ua-mobile":"?0","sec-ch-ua-platform":"\"Windows\""},"initialPriority":"High","referrerPolicy":"strict-origin-when-cross-origin"},"frameId":"D165F02B89151667DFD1BF49856829E7","resourceType":"Other"},"sessionId":"69DE6D1A85B5D627489871F60443E14A"}
org.openqa.selenium.devtools.DevToolsException: {"id":1693,"error":{"code":-32602,"message":"Invalid InterceptionId."},"sessionId":"69DE6D1A85B5D627489871F60443E14A"}
Build info: version: '4.11.0', revision: '040bc5406b'
System info: os.name: 'Windows 10', os.arch: 'amd64', os.version: '10.0', java.version: '11.0.18'
Driver info: driver.version: unknown
	at org.openqa.selenium.devtools.Connection.sendAndWait(Connection.java:181)
	at org.openqa.selenium.devtools.DevTools.send(DevTools.java:81)
	at org.openqa.selenium.devtools.idealized.Network.lambda$prepareToInterceptTraffic$3(Network.java:211)
	at org.openqa.selenium.remote.http.Filter.lambda$andFinally$1(Filter.java:55)
	at org.openqa.selenium.devtools.idealized.Network.lambda$prepareToInterceptTraffic$4(Network.java:226)
	at org.openqa.selenium.devtools.Connection.lambda$handle$4(Connection.java:321)
	at java.base/java.util.stream.ForEachOps$ForEachOp$OfRef.accept(ForEachOps.java:183)
	at java.base/java.util.stream.ReferencePipeline$2$1.accept(ReferencePipeline.java:177)
	at java.base/java.util.stream.ReferencePipeline$11$1.accept(ReferencePipeline.java:442)
	at java.base/java.util.HashMap$KeySpliterator.forEachRemaining(HashMap.java:1621)
	at java.base/java.util.stream.AbstractPipeline.copyInto(AbstractPipeline.java:484)
	at java.base/java.util.stream.AbstractPipeline.wrapAndCopyInto(AbstractPipeline.java:474)
	at java.base/java.util.stream.ForEachOps$ForEachOp.evaluateSequential(ForEachOps.java:150)
	at java.base/java.util.stream.ForEachOps$ForEachOp$OfRef.evaluateSequential(ForEachOps.java:173)
	at java.base/java.util.stream.AbstractPipeline.evaluate(AbstractPipeline.java:234)
	at java.base/java.util.stream.ReferencePipeline.forEach(ReferencePipeline.java:497)
	at org.openqa.selenium.devtools.Connection.handle(Connection.java:287)
	at org.openqa.selenium.devtools.Connection.access$200(Connection.java:57)
	at org.openqa.selenium.devtools.Connection$Listener.lambda$onText$0(Connection.java:224)
	at java.base/java.util.concurrent.ThreadPoolExecutor.runWorker(ThreadPoolExecutor.java:1128)
	at java.base/java.util.concurrent.ThreadPoolExecutor$Worker.run(ThreadPoolExecutor.java:628)
	at java.base/java.lang.Thread.run(Thread.java:829)
Caused by: org.openqa.selenium.WebDriverException: {"id":1693,"error":{"code":-32602,"message":"Invalid InterceptionId."},"sessionId":"69DE6D1A85B5D627489871F60443E14A"}
Build info: version: '4.11.0', revision: '040bc5406b'
System info: os.name: 'Windows 10', os.arch: 'amd64', os.version: '10.0', java.version: '11.0.18'
Driver info: driver.version: unknown
	at org.openqa.selenium.devtools.Connection.handle(Connection.java:260)
	... 5 more

Exception in thread "CDP Connection" org.openqa.selenium.devtools.DevToolsException: {"id":1693,"error":{"code":-32602,"message":"Invalid InterceptionId."},"sessionId":"69DE6D1A85B5D627489871F60443E14A"}
Build info: version: '4.11.0', revision: '040bc5406b'
System info: os.name: 'Windows 10', os.arch: 'amd64', os.version: '10.0', java.version: '11.0.18'
Driver info: driver.version: unknown
	at org.openqa.selenium.devtools.Connection$Listener.lambda$onText$0(Connection.java:227)
	at java.base/java.util.concurrent.ThreadPoolExecutor.runWorker(ThreadPoolExecutor.java:1128)
	at java.base/java.util.concurrent.ThreadPoolExecutor$Worker.run(ThreadPoolExecutor.java:628)
	at java.base/java.lang.Thread.run(Thread.java:829)
Caused by: org.openqa.selenium.devtools.DevToolsException: {"id":1693,"error":{"code":-32602,"message":"Invalid InterceptionId."},"sessionId":"69DE6D1A85B5D627489871F60443E14A"}
Build info: version: '4.11.0', revision: '040bc5406b'
System info: os.name: 'Windows 10', os.arch: 'amd64', os.version: '10.0', java.version: '11.0.18'
Driver info: driver.version: unknown
	at org.openqa.selenium.devtools.Connection.sendAndWait(Connection.java:181)
	at org.openqa.selenium.devtools.DevTools.send(DevTools.java:81)
	at org.openqa.selenium.devtools.idealized.Network.lambda$prepareToInterceptTraffic$3(Network.java:211)
	at org.openqa.selenium.remote.http.Filter.lambda$andFinally$1(Filter.java:55)
	at org.openqa.selenium.devtools.idealized.Network.lambda$prepareToInterceptTraffic$4(Network.java:226)
	at org.openqa.selenium.devtools.Connection.lambda$handle$4(Connection.java:321)
	at java.base/java.util.stream.ForEachOps$ForEachOp$OfRef.accept(ForEachOps.java:183)
	at java.base/java.util.stream.ReferencePipeline$2$1.accept(ReferencePipeline.java:177)
	at java.base/java.util.stream.ReferencePipeline$11$1.accept(ReferencePipeline.java:442)
	at java.base/java.util.HashMap$KeySpliterator.forEachRemaining(HashMap.java:1621)
	at java.base/java.util.stream.AbstractPipeline.copyInto(AbstractPipeline.java:484)
	at java.base/java.util.stream.AbstractPipeline.wrapAndCopyInto(AbstractPipeline.java:474)
	at java.base/java.util.stream.ForEachOps$ForEachOp.evaluateSequential(ForEachOps.java:150)
	at java.base/java.util.stream.ForEachOps$ForEachOp$OfRef.evaluateSequential(ForEachOps.java:173)
	at java.base/java.util.stream.AbstractPipeline.evaluate(AbstractPipeline.java:234)
	at java.base/java.util.stream.ReferencePipeline.forEach(ReferencePipeline.java:497)
	at org.openqa.selenium.devtools.Connection.handle(Connection.java:287)
	at org.openqa.selenium.devtools.Connection.access$200(Connection.java:57)
	at org.openqa.selenium.devtools.Connection$Listener.lambda$onText$0(Connection.java:224)
	... 3 more
Caused by: org.openqa.selenium.WebDriverException: {"id":1693,"error":{"code":-32602,"message":"Invalid InterceptionId."},"sessionId":"69DE6D1A85B5D627489871F60443E14A"}
Build info: version: '4.11.0', revision: '040bc5406b'
System info: os.name: 'Windows 10', os.arch: 'amd64', os.version: '10.0', java.version: '11.0.18'
Driver info: driver.version: unknown
	at org.openqa.selenium.devtools.Connection.handle(Connection.java:260)
	... 5 more
авг. 16, 2023 4:22:14 PM org.openqa.selenium.devtools.Connection$Listener lambda$onText$0
WARNING: Unable to process: {"method":"Fetch.requestPaused","params":{"requestId":"interception-job-276.0","request":{"url":"http://localhost:8080/manifest.json","method":"GET","headers":{"Accept":"*/*","Referer":"http://localhost:8080/","User-Agent":"Mozilla/5.0 (Windows NT 10.0; Win64; x64) AppleWebKit/537.36 (KHTML, like Gecko) Chrome/116.0.0.0 Safari/537.36","sec-ch-ua":"\"Chromium\";v=\"116\", \"Not)A;Brand\";v=\"24\", \"Google Chrome\";v=\"116\"","sec-ch-ua-mobile":"?0","sec-ch-ua-platform":"\"Windows\""},"initialPriority":"Medium","referrerPolicy":"strict-origin-when-cross-origin"},"frameId":"D165F02B89151667DFD1BF49856829E7","resourceType":"Other"},"sessionId":"69DE6D1A85B5D627489871F60443E14A"}
org.openqa.selenium.devtools.DevToolsException: {"id":1692,"error":{"code":-32602,"message":"Invalid InterceptionId."},"sessionId":"69DE6D1A85B5D627489871F60443E14A"}
Build info: version: '4.11.0', revision: '040bc5406b'
System info: os.name: 'Windows 10', os.arch: 'amd64', os.version: '10.0', java.version: '11.0.18'
Driver info: driver.version: unknown
	at org.openqa.selenium.devtools.Connection.sendAndWait(Connection.java:181)
	at org.openqa.selenium.devtools.DevTools.send(DevTools.java:81)
	at org.openqa.selenium.devtools.idealized.Network.lambda$prepareToInterceptTraffic$3(Network.java:211)
	at org.openqa.selenium.remote.http.Filter.lambda$andFinally$1(Filter.java:55)
	at org.openqa.selenium.devtools.idealized.Network.lambda$prepareToInterceptTraffic$4(Network.java:226)
	at org.openqa.selenium.devtools.Connection.lambda$handle$4(Connection.java:321)
	at java.base/java.util.stream.ForEachOps$ForEachOp$OfRef.accept(ForEachOps.java:183)
	at java.base/java.util.stream.ReferencePipeline$2$1.accept(ReferencePipeline.java:177)
	at java.base/java.util.stream.ReferencePipeline$11$1.accept(ReferencePipeline.java:442)
	at java.base/java.util.HashMap$KeySpliterator.forEachRemaining(HashMap.java:1621)
	at java.base/java.util.stream.AbstractPipeline.copyInto(AbstractPipeline.java:484)
	at java.base/java.util.stream.AbstractPipeline.wrapAndCopyInto(AbstractPipeline.java:474)
	at java.base/java.util.stream.ForEachOps$ForEachOp.evaluateSequential(ForEachOps.java:150)
	at java.base/java.util.stream.ForEachOps$ForEachOp$OfRef.evaluateSequential(ForEachOps.java:173)
	at java.base/java.util.stream.AbstractPipeline.evaluate(AbstractPipeline.java:234)
	at java.base/java.util.stream.ReferencePipeline.forEach(ReferencePipeline.java:497)
	at org.openqa.selenium.devtools.Connection.handle(Connection.java:287)
	at org.openqa.selenium.devtools.Connection.access$200(Connection.java:57)
	at org.openqa.selenium.devtools.Connection$Listener.lambda$onText$0(Connection.java:224)
	at java.base/java.util.concurrent.ThreadPoolExecutor.runWorker(ThreadPoolExecutor.java:1128)
	at java.base/java.util.concurrent.ThreadPoolExecutor$Worker.run(ThreadPoolExecutor.java:628)
	at java.base/java.lang.Thread.run(Thread.java:829)
Caused by: org.openqa.selenium.WebDriverException: {"id":1692,"error":{"code":-32602,"message":"Invalid InterceptionId."},"sessionId":"69DE6D1A85B5D627489871F60443E14A"}
Build info: version: '4.11.0', revision: '040bc5406b'
System info: os.name: 'Windows 10', os.arch: 'amd64', os.version: '10.0', java.version: '11.0.18'
Driver info: driver.version: unknown
	at org.openqa.selenium.devtools.Connection.handle(Connection.java:260)
	... 5 more

Exception in thread "CDP Connection" org.openqa.selenium.devtools.DevToolsException: {"id":1692,"error":{"code":-32602,"message":"Invalid InterceptionId."},"sessionId":"69DE6D1A85B5D627489871F60443E14A"}
Build info: version: '4.11.0', revision: '040bc5406b'
System info: os.name: 'Windows 10', os.arch: 'amd64', os.version: '10.0', java.version: '11.0.18'
Driver info: driver.version: unknown
	at org.openqa.selenium.devtools.Connection$Listener.lambda$onText$0(Connection.java:227)
	at java.base/java.util.concurrent.ThreadPoolExecutor.runWorker(ThreadPoolExecutor.java:1128)
	at java.base/java.util.concurrent.ThreadPoolExecutor$Worker.run(ThreadPoolExecutor.java:628)
	at java.base/java.lang.Thread.run(Thread.java:829)
Caused by: org.openqa.selenium.devtools.DevToolsException: {"id":1692,"error":{"code":-32602,"message":"Invalid InterceptionId."},"sessionId":"69DE6D1A85B5D627489871F60443E14A"}
Build info: version: '4.11.0', revision: '040bc5406b'
System info: os.name: 'Windows 10', os.arch: 'amd64', os.version: '10.0', java.version: '11.0.18'
Driver info: driver.version: unknown
	at org.openqa.selenium.devtools.Connection.sendAndWait(Connection.java:181)
	at org.openqa.selenium.devtools.DevTools.send(DevTools.java:81)
	at org.openqa.selenium.devtools.idealized.Network.lambda$prepareToInterceptTraffic$3(Network.java:211)
	at org.openqa.selenium.remote.http.Filter.lambda$andFinally$1(Filter.java:55)
	at org.openqa.selenium.devtools.idealized.Network.lambda$prepareToInterceptTraffic$4(Network.java:226)
	at org.openqa.selenium.devtools.Connection.lambda$handle$4(Connection.java:321)
	at java.base/java.util.stream.ForEachOps$ForEachOp$OfRef.accept(ForEachOps.java:183)
	at java.base/java.util.stream.ReferencePipeline$2$1.accept(ReferencePipeline.java:177)
	at java.base/java.util.stream.ReferencePipeline$11$1.accept(ReferencePipeline.java:442)
	at java.base/java.util.HashMap$KeySpliterator.forEachRemaining(HashMap.java:1621)
	at java.base/java.util.stream.AbstractPipeline.copyInto(AbstractPipeline.java:484)
	at java.base/java.util.stream.AbstractPipeline.wrapAndCopyInto(AbstractPipeline.java:474)
	at java.base/java.util.stream.ForEachOps$ForEachOp.evaluateSequential(ForEachOps.java:150)
	at java.base/java.util.stream.ForEachOps$ForEachOp$OfRef.evaluateSequential(ForEachOps.java:173)
	at java.base/java.util.stream.AbstractPipeline.evaluate(AbstractPipeline.java:234)
	at java.base/java.util.stream.ReferencePipeline.forEach(ReferencePipeline.java:497)
	at org.openqa.selenium.devtools.Connection.handle(Connection.java:287)
	at org.openqa.selenium.devtools.Connection.access$200(Connection.java:57)
	at org.openqa.selenium.devtools.Connection$Listener.lambda$onText$0(Connection.java:224)
	... 3 more
Caused by: org.openqa.selenium.WebDriverException: {"id":1692,"error":{"code":-32602,"message":"Invalid InterceptionId."},"sessionId":"69DE6D1A85B5D627489871F60443E14A"}
Build info: version: '4.11.0', revision: '040bc5406b'
System info: os.name: 'Windows 10', os.arch: 'amd64', os.version: '10.0', java.version: '11.0.18'
Driver info: driver.version: unknown
	at org.openqa.selenium.devtools.Connection.handle(Connection.java:260)
	... 5 more
авг. 16, 2023 4:22:14 PM org.openqa.selenium.devtools.Connection$Listener lambda$onText$0
WARNING: Unable to process: {"method":"Fetch.requestPaused","params":{"requestId":"interception-job-277.0","request":{"url":"http://localhost:8080/logo192.png","method":"GET","headers":{"Accept":"image/avif,image/webp,image/apng,image/svg+xml,image/*,*/*;q=0.8","Referer":"http://localhost:8080/","User-Agent":"Mozilla/5.0 (Windows NT 10.0; Win64; x64) AppleWebKit/537.36 (KHTML, like Gecko) Chrome/116.0.0.0 Safari/537.36","sec-ch-ua":"\"Chromium\";v=\"116\", \"Not)A;Brand\";v=\"24\", \"Google Chrome\";v=\"116\"","sec-ch-ua-mobile":"?0","sec-ch-ua-platform":"\"Windows\""},"initialPriority":"High","referrerPolicy":"unsafe-url"},"frameId":"D165F02B89151667DFD1BF49856829E7","resourceType":"Image","responseStatusCode":200,"responseStatusText":"","responseHeaders":[{"name":"Vary","value":"Origin"},{"name":"Vary","value":"Access-Control-Request-Method"},{"name":"Vary","value":"Access-Control-Request-Headers"},{"name":"Last-Modified","value":"Thu, 03 Aug 2023 10:18:16 GMT"},{"name":"Accept-Ranges","value":"bytes"},{"name":"Content-Type","value":"image/png"},{"name":"Content-Length","value":"8581"},{"name":"Date","value":"Wed, 16 Aug 2023 13:20:23 GMT"}]},"sessionId":"69DE6D1A85B5D627489871F60443E14A"}
org.openqa.selenium.devtools.DevToolsException: {"id":1698,"error":{"code":-32602,"message":"Invalid InterceptionId."},"sessionId":"69DE6D1A85B5D627489871F60443E14A"}
Build info: version: '4.11.0', revision: '040bc5406b'
System info: os.name: 'Windows 10', os.arch: 'amd64', os.version: '10.0', java.version: '11.0.18'
Driver info: driver.version: unknown
	at org.openqa.selenium.devtools.Connection.sendAndWait(Connection.java:181)
	at org.openqa.selenium.devtools.DevTools.send(DevTools.java:81)
	at org.openqa.selenium.devtools.idealized.Network.lambda$prepareToInterceptTraffic$4(Network.java:194)
	at org.openqa.selenium.devtools.Connection.lambda$handle$4(Connection.java:321)
	at java.base/java.util.stream.ForEachOps$ForEachOp$OfRef.accept(ForEachOps.java:183)
	at java.base/java.util.stream.ReferencePipeline$2$1.accept(ReferencePipeline.java:177)
	at java.base/java.util.stream.ReferencePipeline$11$1.accept(ReferencePipeline.java:442)
	at java.base/java.util.HashMap$KeySpliterator.forEachRemaining(HashMap.java:1621)
	at java.base/java.util.stream.AbstractPipeline.copyInto(AbstractPipeline.java:484)
	at java.base/java.util.stream.AbstractPipeline.wrapAndCopyInto(AbstractPipeline.java:474)
	at java.base/java.util.stream.ForEachOps$ForEachOp.evaluateSequential(ForEachOps.java:150)
	at java.base/java.util.stream.ForEachOps$ForEachOp$OfRef.evaluateSequential(ForEachOps.java:173)
	at java.base/java.util.stream.AbstractPipeline.evaluate(AbstractPipeline.java:234)
	at java.base/java.util.stream.ReferencePipeline.forEach(ReferencePipeline.java:497)
	at org.openqa.selenium.devtools.Connection.handle(Connection.java:287)
	at org.openqa.selenium.devtools.Connection.access$200(Connection.java:57)
	at org.openqa.selenium.devtools.Connection$Listener.lambda$onText$0(Connection.java:224)
	at java.base/java.util.concurrent.ThreadPoolExecutor.runWorker(ThreadPoolExecutor.java:1128)
	at java.base/java.util.concurrent.ThreadPoolExecutor$Worker.run(ThreadPoolExecutor.java:628)
	at java.base/java.lang.Thread.run(Thread.java:829)
Caused by: org.openqa.selenium.WebDriverException: {"id":1698,"error":{"code":-32602,"message":"Invalid InterceptionId."},"sessionId":"69DE6D1A85B5D627489871F60443E14A"}
Build info: version: '4.11.0', revision: '040bc5406b'
System info: os.name: 'Windows 10', os.arch: 'amd64', os.version: '10.0', java.version: '11.0.18'
Driver info: driver.version: unknown
	at org.openqa.selenium.devtools.Connection.handle(Connection.java:260)
	... 5 more

Exception in thread "CDP Connection" org.openqa.selenium.devtools.DevToolsException: {"id":1698,"error":{"code":-32602,"message":"Invalid InterceptionId."},"sessionId":"69DE6D1A85B5D627489871F60443E14A"}
Build info: version: '4.11.0', revision: '040bc5406b'
System info: os.name: 'Windows 10', os.arch: 'amd64', os.version: '10.0', java.version: '11.0.18'
Driver info: driver.version: unknown
	at org.openqa.selenium.devtools.Connection$Listener.lambda$onText$0(Connection.java:227)
	at java.base/java.util.concurrent.ThreadPoolExecutor.runWorker(ThreadPoolExecutor.java:1128)
	at java.base/java.util.concurrent.ThreadPoolExecutor$Worker.run(ThreadPoolExecutor.java:628)
	at java.base/java.lang.Thread.run(Thread.java:829)
Caused by: org.openqa.selenium.devtools.DevToolsException: {"id":1698,"error":{"code":-32602,"message":"Invalid InterceptionId."},"sessionId":"69DE6D1A85B5D627489871F60443E14A"}
Build info: version: '4.11.0', revision: '040bc5406b'
System info: os.name: 'Windows 10', os.arch: 'amd64', os.version: '10.0', java.version: '11.0.18'
Driver info: driver.version: unknown
	at org.openqa.selenium.devtools.Connection.sendAndWait(Connection.java:181)
	at org.openqa.selenium.devtools.DevTools.send(DevTools.java:81)
	at org.openqa.selenium.devtools.idealized.Network.lambda$prepareToInterceptTraffic$4(Network.java:194)
	at org.openqa.selenium.devtools.Connection.lambda$handle$4(Connection.java:321)
	at java.base/java.util.stream.ForEachOps$ForEachOp$OfRef.accept(ForEachOps.java:183)
	at java.base/java.util.stream.ReferencePipeline$2$1.accept(ReferencePipeline.java:177)
	at java.base/java.util.stream.ReferencePipeline$11$1.accept(ReferencePipeline.java:442)
	at java.base/java.util.HashMap$KeySpliterator.forEachRemaining(HashMap.java:1621)
	at java.base/java.util.stream.AbstractPipeline.copyInto(AbstractPipeline.java:484)
	at java.base/java.util.stream.AbstractPipeline.wrapAndCopyInto(AbstractPipeline.java:474)
	at java.base/java.util.stream.ForEachOps$ForEachOp.evaluateSequential(ForEachOps.java:150)
	at java.base/java.util.stream.ForEachOps$ForEachOp$OfRef.evaluateSequential(ForEachOps.java:173)
	at java.base/java.util.stream.AbstractPipeline.evaluate(AbstractPipeline.java:234)
	at java.base/java.util.stream.ReferencePipeline.forEach(ReferencePipeline.java:497)
	at org.openqa.selenium.devtools.Connection.handle(Connection.java:287)
	at org.openqa.selenium.devtools.Connection.access$200(Connection.java:57)
	at org.openqa.selenium.devtools.Connection$Listener.lambda$onText$0(Connection.java:224)
	... 3 more
Caused by: org.openqa.selenium.WebDriverException: {"id":1698,"error":{"code":-32602,"message":"Invalid InterceptionId."},"sessionId":"69DE6D1A85B5D627489871F60443E14A"}
Build info: version: '4.11.0', revision: '040bc5406b'
System info: os.name: 'Windows 10', os.arch: 'amd64', os.version: '10.0', java.version: '11.0.18'
Driver info: driver.version: unknown
	at org.openqa.selenium.devtools.Connection.handle(Connection.java:260)
	... 5 more
авг. 16, 2023 4:22:14 PM org.openqa.selenium.devtools.Connection$Listener lambda$onText$0
WARNING: Unable to process: {"method":"Fetch.requestPaused","params":{"requestId":"interception-job-277.0","request":{"url":"http://localhost:8080/logo192.png","method":"GET","headers":{"Accept":"image/avif,image/webp,image/apng,image/svg+xml,image/*,*/*;q=0.8","Referer":"http://localhost:8080/","User-Agent":"Mozilla/5.0 (Windows NT 10.0; Win64; x64) AppleWebKit/537.36 (KHTML, like Gecko) Chrome/116.0.0.0 Safari/537.36","sec-ch-ua":"\"Chromium\";v=\"116\", \"Not)A;Brand\";v=\"24\", \"Google Chrome\";v=\"116\"","sec-ch-ua-mobile":"?0","sec-ch-ua-platform":"\"Windows\""},"initialPriority":"High","referrerPolicy":"strict-origin-when-cross-origin"},"frameId":"D165F02B89151667DFD1BF49856829E7","resourceType":"Image"},"sessionId":"69DE6D1A85B5D627489871F60443E14A"}
org.openqa.selenium.devtools.DevToolsException: {"id":1699,"error":{"code":-32602,"message":"Invalid InterceptionId."},"sessionId":"69DE6D1A85B5D627489871F60443E14A"}
Build info: version: '4.11.0', revision: '040bc5406b'
System info: os.name: 'Windows 10', os.arch: 'amd64', os.version: '10.0', java.version: '11.0.18'
Driver info: driver.version: unknown
	at org.openqa.selenium.devtools.Connection.sendAndWait(Connection.java:181)
	at org.openqa.selenium.devtools.DevTools.send(DevTools.java:81)
	at org.openqa.selenium.devtools.idealized.Network.lambda$prepareToInterceptTraffic$3(Network.java:211)
	at org.openqa.selenium.remote.http.Filter.lambda$andFinally$1(Filter.java:55)
	at org.openqa.selenium.devtools.idealized.Network.lambda$prepareToInterceptTraffic$4(Network.java:226)
	at org.openqa.selenium.devtools.Connection.lambda$handle$4(Connection.java:321)
	at java.base/java.util.stream.ForEachOps$ForEachOp$OfRef.accept(ForEachOps.java:183)
	at java.base/java.util.stream.ReferencePipeline$2$1.accept(ReferencePipeline.java:177)
	at java.base/java.util.stream.ReferencePipeline$11$1.accept(ReferencePipeline.java:442)
	at java.base/java.util.HashMap$KeySpliterator.forEachRemaining(HashMap.java:1621)
	at java.base/java.util.stream.AbstractPipeline.copyInto(AbstractPipeline.java:484)
	at java.base/java.util.stream.AbstractPipeline.wrapAndCopyInto(AbstractPipeline.java:474)
	at java.base/java.util.stream.ForEachOps$ForEachOp.evaluateSequential(ForEachOps.java:150)
	at java.base/java.util.stream.ForEachOps$ForEachOp$OfRef.evaluateSequential(ForEachOps.java:173)
	at java.base/java.util.stream.AbstractPipeline.evaluate(AbstractPipeline.java:234)
	at java.base/java.util.stream.ReferencePipeline.forEach(ReferencePipeline.java:497)
	at org.openqa.selenium.devtools.Connection.handle(Connection.java:287)
	at org.openqa.selenium.devtools.Connection.access$200(Connection.java:57)
	at org.openqa.selenium.devtools.Connection$Listener.lambda$onText$0(Connection.java:224)
	at java.base/java.util.concurrent.ThreadPoolExecutor.runWorker(ThreadPoolExecutor.java:1128)
	at java.base/java.util.concurrent.ThreadPoolExecutor$Worker.run(ThreadPoolExecutor.java:628)
	at java.base/java.lang.Thread.run(Thread.java:829)
Caused by: org.openqa.selenium.WebDriverException: {"id":1699,"error":{"code":-32602,"message":"Invalid InterceptionId."},"sessionId":"69DE6D1A85B5D627489871F60443E14A"}
Build info: version: '4.11.0', revision: '040bc5406b'
System info: os.name: 'Windows 10', os.arch: 'amd64', os.version: '10.0', java.version: '11.0.18'
Driver info: driver.version: unknown
	at org.openqa.selenium.devtools.Connection.handle(Connection.java:260)
	... 5 more

Exception in thread "CDP Connection" org.openqa.selenium.devtools.DevToolsException: {"id":1699,"error":{"code":-32602,"message":"Invalid InterceptionId."},"sessionId":"69DE6D1A85B5D627489871F60443E14A"}
Build info: version: '4.11.0', revision: '040bc5406b'
System info: os.name: 'Windows 10', os.arch: 'amd64', os.version: '10.0', java.version: '11.0.18'
Driver info: driver.version: unknown
	at org.openqa.selenium.devtools.Connection$Listener.lambda$onText$0(Connection.java:227)
	at java.base/java.util.concurrent.ThreadPoolExecutor.runWorker(ThreadPoolExecutor.java:1128)
	at java.base/java.util.concurrent.ThreadPoolExecutor$Worker.run(ThreadPoolExecutor.java:628)
	at java.base/java.lang.Thread.run(Thread.java:829)
Caused by: org.openqa.selenium.devtools.DevToolsException: {"id":1699,"error":{"code":-32602,"message":"Invalid InterceptionId."},"sessionId":"69DE6D1A85B5D627489871F60443E14A"}
Build info: version: '4.11.0', revision: '040bc5406b'
System info: os.name: 'Windows 10', os.arch: 'amd64', os.version: '10.0', java.version: '11.0.18'
Driver info: driver.version: unknown
	at org.openqa.selenium.devtools.Connection.sendAndWait(Connection.java:181)
	at org.openqa.selenium.devtools.DevTools.send(DevTools.java:81)
	at org.openqa.selenium.devtools.idealized.Network.lambda$prepareToInterceptTraffic$3(Network.java:211)
	at org.openqa.selenium.remote.http.Filter.lambda$andFinally$1(Filter.java:55)
	at org.openqa.selenium.devtools.idealized.Network.lambda$prepareToInterceptTraffic$4(Network.java:226)
	at org.openqa.selenium.devtools.Connection.lambda$handle$4(Connection.java:321)
	at java.base/java.util.stream.ForEachOps$ForEachOp$OfRef.accept(ForEachOps.java:183)
	at java.base/java.util.stream.ReferencePipeline$2$1.accept(ReferencePipeline.java:177)
	at java.base/java.util.stream.ReferencePipeline$11$1.accept(ReferencePipeline.java:442)
	at java.base/java.util.HashMap$KeySpliterator.forEachRemaining(HashMap.java:1621)
	at java.base/java.util.stream.AbstractPipeline.copyInto(AbstractPipeline.java:484)
	at java.base/java.util.stream.AbstractPipeline.wrapAndCopyInto(AbstractPipeline.java:474)
	at java.base/java.util.stream.ForEachOps$ForEachOp.evaluateSequential(ForEachOps.java:150)
	at java.base/java.util.stream.ForEachOps$ForEachOp$OfRef.evaluateSequential(ForEachOps.java:173)
	at java.base/java.util.stream.AbstractPipeline.evaluate(AbstractPipeline.java:234)
	at java.base/java.util.stream.ReferencePipeline.forEach(ReferencePipeline.java:497)
	at org.openqa.selenium.devtools.Connection.handle(Connection.java:287)
	at org.openqa.selenium.devtools.Connection.access$200(Connection.java:57)
	at org.openqa.selenium.devtools.Connection$Listener.lambda$onText$0(Connection.java:224)
	... 3 more
Caused by: org.openqa.selenium.WebDriverException: {"id":1699,"error":{"code":-32602,"message":"Invalid InterceptionId."},"sessionId":"69DE6D1A85B5D627489871F60443E14A"}
Build info: version: '4.11.0', revision: '040bc5406b'
System info: os.name: 'Windows 10', os.arch: 'amd64', os.version: '10.0', java.version: '11.0.18'
Driver info: driver.version: unknown
	at org.openqa.selenium.devtools.Connection.handle(Connection.java:260)
	... 5 more
авг. 16, 2023 4:22:14 PM org.openqa.selenium.devtools.Connection$Listener lambda$onText$0
WARNING: Unable to process: {"method":"Fetch.requestPaused","params":{"requestId":"interception-job-278.0","request":{"url":"http://localhost:8080/static/media/icon_ok_m_white.5987da79.svg","method":"GET","headers":{"Accept":"image/avif,image/webp,image/apng,image/svg+xml,image/*,*/*;q=0.8","Referer":"http://localhost:8080/static/css/2.7d875902.chunk.css","User-Agent":"Mozilla/5.0 (Windows NT 10.0; Win64; x64) AppleWebKit/537.36 (KHTML, like Gecko) Chrome/116.0.0.0 Safari/537.36","sec-ch-ua":"\"Chromium\";v=\"116\", \"Not)A;Brand\";v=\"24\", \"Google Chrome\";v=\"116\"","sec-ch-ua-mobile":"?0","sec-ch-ua-platform":"\"Windows\""},"initialPriority":"Low","referrerPolicy":"unsafe-url"},"frameId":"D165F02B89151667DFD1BF49856829E7","resourceType":"Image","responseStatusCode":200,"responseStatusText":"","responseHeaders":[{"name":"Vary","value":"Origin"},{"name":"Vary","value":"Access-Control-Request-Method"},{"name":"Vary","value":"Access-Control-Request-Headers"},{"name":"Last-Modified","value":"Thu, 03 Aug 2023 10:18:16 GMT"},{"name":"Accept-Ranges","value":"bytes"},{"name":"Content-Type","value":"image/svg+xml"},{"name":"Content-Length","value":"687"},{"name":"Date","value":"Wed, 16 Aug 2023 13:20:24 GMT"}]},"sessionId":"69DE6D1A85B5D627489871F60443E14A"}
org.openqa.selenium.devtools.DevToolsException: {"id":1708,"error":{"code":-32602,"message":"Invalid InterceptionId."},"sessionId":"69DE6D1A85B5D627489871F60443E14A"}
Build info: version: '4.11.0', revision: '040bc5406b'
System info: os.name: 'Windows 10', os.arch: 'amd64', os.version: '10.0', java.version: '11.0.18'
Driver info: driver.version: unknown
	at org.openqa.selenium.devtools.Connection.sendAndWait(Connection.java:181)
	at org.openqa.selenium.devtools.DevTools.send(DevTools.java:81)
	at org.openqa.selenium.devtools.idealized.Network.lambda$prepareToInterceptTraffic$4(Network.java:194)
	at org.openqa.selenium.devtools.Connection.lambda$handle$4(Connection.java:321)
	at java.base/java.util.stream.ForEachOps$ForEachOp$OfRef.accept(ForEachOps.java:183)
	at java.base/java.util.stream.ReferencePipeline$2$1.accept(ReferencePipeline.java:177)
	at java.base/java.util.stream.ReferencePipeline$11$1.accept(ReferencePipeline.java:442)
	at java.base/java.util.HashMap$KeySpliterator.forEachRemaining(HashMap.java:1621)
	at java.base/java.util.stream.AbstractPipeline.copyInto(AbstractPipeline.java:484)
	at java.base/java.util.stream.AbstractPipeline.wrapAndCopyInto(AbstractPipeline.java:474)
	at java.base/java.util.stream.ForEachOps$ForEachOp.evaluateSequential(ForEachOps.java:150)
	at java.base/java.util.stream.ForEachOps$ForEachOp$OfRef.evaluateSequential(ForEachOps.java:173)
	at java.base/java.util.stream.AbstractPipeline.evaluate(AbstractPipeline.java:234)
	at java.base/java.util.stream.ReferencePipeline.forEach(ReferencePipeline.java:497)
	at org.openqa.selenium.devtools.Connection.handle(Connection.java:287)
	at org.openqa.selenium.devtools.Connection.access$200(Connection.java:57)
	at org.openqa.selenium.devtools.Connection$Listener.lambda$onText$0(Connection.java:224)
	at java.base/java.util.concurrent.ThreadPoolExecutor.runWorker(ThreadPoolExecutor.java:1128)
	at java.base/java.util.concurrent.ThreadPoolExecutor$Worker.run(ThreadPoolExecutor.java:628)
	at java.base/java.lang.Thread.run(Thread.java:829)
Caused by: org.openqa.selenium.WebDriverException: {"id":1708,"error":{"code":-32602,"message":"Invalid InterceptionId."},"sessionId":"69DE6D1A85B5D627489871F60443E14A"}
Build info: version: '4.11.0', revision: '040bc5406b'
System info: os.name: 'Windows 10', os.arch: 'amd64', os.version: '10.0', java.version: '11.0.18'
Driver info: driver.version: unknown
	at org.openqa.selenium.devtools.Connection.handle(Connection.java:260)
	... 5 more

Exception in thread "CDP Connection" org.openqa.selenium.devtools.DevToolsException: {"id":1708,"error":{"code":-32602,"message":"Invalid InterceptionId."},"sessionId":"69DE6D1A85B5D627489871F60443E14A"}
Build info: version: '4.11.0', revision: '040bc5406b'
System info: os.name: 'Windows 10', os.arch: 'amd64', os.version: '10.0', java.version: '11.0.18'
Driver info: driver.version: unknown
	at org.openqa.selenium.devtools.Connection$Listener.lambda$onText$0(Connection.java:227)
	at java.base/java.util.concurrent.ThreadPoolExecutor.runWorker(ThreadPoolExecutor.java:1128)
	at java.base/java.util.concurrent.ThreadPoolExecutor$Worker.run(ThreadPoolExecutor.java:628)
	at java.base/java.lang.Thread.run(Thread.java:829)
Caused by: org.openqa.selenium.devtools.DevToolsException: {"id":1708,"error":{"code":-32602,"message":"Invalid InterceptionId."},"sessionId":"69DE6D1A85B5D627489871F60443E14A"}
Build info: version: '4.11.0', revision: '040bc5406b'
System info: os.name: 'Windows 10', os.arch: 'amd64', os.version: '10.0', java.version: '11.0.18'
Driver info: driver.version: unknown
	at org.openqa.selenium.devtools.Connection.sendAndWait(Connection.java:181)
	at org.openqa.selenium.devtools.DevTools.send(DevTools.java:81)
	at org.openqa.selenium.devtools.idealized.Network.lambda$prepareToInterceptTraffic$4(Network.java:194)
	at org.openqa.selenium.devtools.Connection.lambda$handle$4(Connection.java:321)
	at java.base/java.util.stream.ForEachOps$ForEachOp$OfRef.accept(ForEachOps.java:183)
	at java.base/java.util.stream.ReferencePipeline$2$1.accept(ReferencePipeline.java:177)
	at java.base/java.util.stream.ReferencePipeline$11$1.accept(ReferencePipeline.java:442)
	at java.base/java.util.HashMap$KeySpliterator.forEachRemaining(HashMap.java:1621)
	at java.base/java.util.stream.AbstractPipeline.copyInto(AbstractPipeline.java:484)
	at java.base/java.util.stream.AbstractPipeline.wrapAndCopyInto(AbstractPipeline.java:474)
	at java.base/java.util.stream.ForEachOps$ForEachOp.evaluateSequential(ForEachOps.java:150)
	at java.base/java.util.stream.ForEachOps$ForEachOp$OfRef.evaluateSequential(ForEachOps.java:173)
	at java.base/java.util.stream.AbstractPipeline.evaluate(AbstractPipeline.java:234)
	at java.base/java.util.stream.ReferencePipeline.forEach(ReferencePipeline.java:497)
	at org.openqa.selenium.devtools.Connection.handle(Connection.java:287)
	at org.openqa.selenium.devtools.Connection.access$200(Connection.java:57)
	at org.openqa.selenium.devtools.Connection$Listener.lambda$onText$0(Connection.java:224)
	... 3 more
Caused by: org.openqa.selenium.WebDriverException: {"id":1708,"error":{"code":-32602,"message":"Invalid InterceptionId."},"sessionId":"69DE6D1A85B5D627489871F60443E14A"}
Build info: version: '4.11.0', revision: '040bc5406b'
System info: os.name: 'Windows 10', os.arch: 'amd64', os.version: '10.0', java.version: '11.0.18'
Driver info: driver.version: unknown
	at org.openqa.selenium.devtools.Connection.handle(Connection.java:260)
	... 5 more
авг. 16, 2023 4:22:14 PM org.openqa.selenium.devtools.Connection$Listener lambda$onText$0
WARNING: Unable to process: {"method":"Fetch.requestPaused","params":{"requestId":"interception-job-278.0","request":{"url":"http://localhost:8080/static/media/icon_ok_m_white.5987da79.svg","method":"GET","headers":{"Accept":"image/avif,image/webp,image/apng,image/svg+xml,image/*,*/*;q=0.8","Referer":"http://localhost:8080/static/css/2.7d875902.chunk.css","User-Agent":"Mozilla/5.0 (Windows NT 10.0; Win64; x64) AppleWebKit/537.36 (KHTML, like Gecko) Chrome/116.0.0.0 Safari/537.36","sec-ch-ua":"\"Chromium\";v=\"116\", \"Not)A;Brand\";v=\"24\", \"Google Chrome\";v=\"116\"","sec-ch-ua-mobile":"?0","sec-ch-ua-platform":"\"Windows\""},"initialPriority":"Low","referrerPolicy":"strict-origin-when-cross-origin"},"frameId":"D165F02B89151667DFD1BF49856829E7","resourceType":"Image"},"sessionId":"69DE6D1A85B5D627489871F60443E14A"}
org.openqa.selenium.devtools.DevToolsException: {"id":1710,"error":{"code":-32602,"message":"Invalid InterceptionId."},"sessionId":"69DE6D1A85B5D627489871F60443E14A"}
Build info: version: '4.11.0', revision: '040bc5406b'
System info: os.name: 'Windows 10', os.arch: 'amd64', os.version: '10.0', java.version: '11.0.18'
Driver info: driver.version: unknown
	at org.openqa.selenium.devtools.Connection.sendAndWait(Connection.java:181)
	at org.openqa.selenium.devtools.DevTools.send(DevTools.java:81)
	at org.openqa.selenium.devtools.idealized.Network.lambda$prepareToInterceptTraffic$3(Network.java:211)
	at org.openqa.selenium.remote.http.Filter.lambda$andFinally$1(Filter.java:55)
	at org.openqa.selenium.devtools.idealized.Network.lambda$prepareToInterceptTraffic$4(Network.java:226)
	at org.openqa.selenium.devtools.Connection.lambda$handle$4(Connection.java:321)
	at java.base/java.util.stream.ForEachOps$ForEachOp$OfRef.accept(ForEachOps.java:183)
	at java.base/java.util.stream.ReferencePipeline$2$1.accept(ReferencePipeline.java:177)
	at java.base/java.util.stream.ReferencePipeline$11$1.accept(ReferencePipeline.java:442)
	at java.base/java.util.HashMap$KeySpliterator.forEachRemaining(HashMap.java:1621)
	at java.base/java.util.stream.AbstractPipeline.copyInto(AbstractPipeline.java:484)
	at java.base/java.util.stream.AbstractPipeline.wrapAndCopyInto(AbstractPipeline.java:474)
	at java.base/java.util.stream.ForEachOps$ForEachOp.evaluateSequential(ForEachOps.java:150)
	at java.base/java.util.stream.ForEachOps$ForEachOp$OfRef.evaluateSequential(ForEachOps.java:173)
	at java.base/java.util.stream.AbstractPipeline.evaluate(AbstractPipeline.java:234)
	at java.base/java.util.stream.ReferencePipeline.forEach(ReferencePipeline.java:497)
	at org.openqa.selenium.devtools.Connection.handle(Connection.java:287)
	at org.openqa.selenium.devtools.Connection.access$200(Connection.java:57)
	at org.openqa.selenium.devtools.Connection$Listener.lambda$onText$0(Connection.java:224)
	at java.base/java.util.concurrent.ThreadPoolExecutor.runWorker(ThreadPoolExecutor.java:1128)
	at java.base/java.util.concurrent.ThreadPoolExecutor$Worker.run(ThreadPoolExecutor.java:628)
	at java.base/java.lang.Thread.run(Thread.java:829)
Caused by: org.openqa.selenium.WebDriverException: {"id":1710,"error":{"code":-32602,"message":"Invalid InterceptionId."},"sessionId":"69DE6D1A85B5D627489871F60443E14A"}
Build info: version: '4.11.0', revision: '040bc5406b'
System info: os.name: 'Windows 10', os.arch: 'amd64', os.version: '10.0', java.version: '11.0.18'
Driver info: driver.version: unknown
	at org.openqa.selenium.devtools.Connection.handle(Connection.java:260)
	... 5 more

Exception in thread "CDP Connection" org.openqa.selenium.devtools.DevToolsException: {"id":1710,"error":{"code":-32602,"message":"Invalid InterceptionId."},"sessionId":"69DE6D1A85B5D627489871F60443E14A"}
Build info: version: '4.11.0', revision: '040bc5406b'
System info: os.name: 'Windows 10', os.arch: 'amd64', os.version: '10.0', java.version: '11.0.18'
Driver info: driver.version: unknown
	at org.openqa.selenium.devtools.Connection$Listener.lambda$onText$0(Connection.java:227)
	at java.base/java.util.concurrent.ThreadPoolExecutor.runWorker(ThreadPoolExecutor.java:1128)
	at java.base/java.util.concurrent.ThreadPoolExecutor$Worker.run(ThreadPoolExecutor.java:628)
	at java.base/java.lang.Thread.run(Thread.java:829)
Caused by: org.openqa.selenium.devtools.DevToolsException: {"id":1710,"error":{"code":-32602,"message":"Invalid InterceptionId."},"sessionId":"69DE6D1A85B5D627489871F60443E14A"}
Build info: version: '4.11.0', revision: '040bc5406b'
System info: os.name: 'Windows 10', os.arch: 'amd64', os.version: '10.0', java.version: '11.0.18'
Driver info: driver.version: unknown
	at org.openqa.selenium.devtools.Connection.sendAndWait(Connection.java:181)
	at org.openqa.selenium.devtools.DevTools.send(DevTools.java:81)
	at org.openqa.selenium.devtools.idealized.Network.lambda$prepareToInterceptTraffic$3(Network.java:211)
	at org.openqa.selenium.remote.http.Filter.lambda$andFinally$1(Filter.java:55)
	at org.openqa.selenium.devtools.idealized.Network.lambda$prepareToInterceptTraffic$4(Network.java:226)
	at org.openqa.selenium.devtools.Connection.lambda$handle$4(Connection.java:321)
	at java.base/java.util.stream.ForEachOps$ForEachOp$OfRef.accept(ForEachOps.java:183)
	at java.base/java.util.stream.ReferencePipeline$2$1.accept(ReferencePipeline.java:177)
	at java.base/java.util.stream.ReferencePipeline$11$1.accept(ReferencePipeline.java:442)
	at java.base/java.util.HashMap$KeySpliterator.forEachRemaining(HashMap.java:1621)
	at java.base/java.util.stream.AbstractPipeline.copyInto(AbstractPipeline.java:484)
	at java.base/java.util.stream.AbstractPipeline.wrapAndCopyInto(AbstractPipeline.java:474)
	at java.base/java.util.stream.ForEachOps$ForEachOp.evaluateSequential(ForEachOps.java:150)
	at java.base/java.util.stream.ForEachOps$ForEachOp$OfRef.evaluateSequential(ForEachOps.java:173)
	at java.base/java.util.stream.AbstractPipeline.evaluate(AbstractPipeline.java:234)
	at java.base/java.util.stream.ReferencePipeline.forEach(ReferencePipeline.java:497)
	at org.openqa.selenium.devtools.Connection.handle(Connection.java:287)
	at org.openqa.selenium.devtools.Connection.access$200(Connection.java:57)
	at org.openqa.selenium.devtools.Connection$Listener.lambda$onText$0(Connection.java:224)
	... 3 more
Caused by: org.openqa.selenium.WebDriverException: {"id":1710,"error":{"code":-32602,"message":"Invalid InterceptionId."},"sessionId":"69DE6D1A85B5D627489871F60443E14A"}
Build info: version: '4.11.0', revision: '040bc5406b'
System info: os.name: 'Windows 10', os.arch: 'amd64', os.version: '10.0', java.version: '11.0.18'
Driver info: driver.version: unknown
	at org.openqa.selenium.devtools.Connection.handle(Connection.java:260)
	... 5 more
авг. 16, 2023 4:22:14 PM org.openqa.selenium.devtools.Connection$Listener lambda$onText$0
WARNING: Unable to process: {"method":"Fetch.requestPaused","params":{"requestId":"interception-job-279.0","request":{"url":"http://localhost:8080/static/media/icon_close_s_white.cd06f8fb.svg","method":"GET","headers":{"Accept":"image/avif,image/webp,image/apng,image/svg+xml,image/*,*/*;q=0.8","Referer":"http://localhost:8080/static/css/2.7d875902.chunk.css","User-Agent":"Mozilla/5.0 (Windows NT 10.0; Win64; x64) AppleWebKit/537.36 (KHTML, like Gecko) Chrome/116.0.0.0 Safari/537.36","sec-ch-ua":"\"Chromium\";v=\"116\", \"Not)A;Brand\";v=\"24\", \"Google Chrome\";v=\"116\"","sec-ch-ua-mobile":"?0","sec-ch-ua-platform":"\"Windows\""},"initialPriority":"Low","referrerPolicy":"unsafe-url"},"frameId":"D165F02B89151667DFD1BF49856829E7","resourceType":"Image","responseStatusCode":200,"responseStatusText":"","responseHeaders":[{"name":"Vary","value":"Origin"},{"name":"Vary","value":"Access-Control-Request-Method"},{"name":"Vary","value":"Access-Control-Request-Headers"},{"name":"Last-Modified","value":"Thu, 03 Aug 2023 10:18:16 GMT"},{"name":"Accept-Ranges","value":"bytes"},{"name":"Content-Type","value":"image/svg+xml"},{"name":"Content-Length","value":"247"},{"name":"Date","value":"Wed, 16 Aug 2023 13:20:24 GMT"}]},"sessionId":"69DE6D1A85B5D627489871F60443E14A"}
org.openqa.selenium.devtools.DevToolsException: {"id":1712,"error":{"code":-32602,"message":"Invalid InterceptionId."},"sessionId":"69DE6D1A85B5D627489871F60443E14A"}
Build info: version: '4.11.0', revision: '040bc5406b'
System info: os.name: 'Windows 10', os.arch: 'amd64', os.version: '10.0', java.version: '11.0.18'
Driver info: driver.version: unknown
	at org.openqa.selenium.devtools.Connection.sendAndWait(Connection.java:181)
	at org.openqa.selenium.devtools.DevTools.send(DevTools.java:81)
	at org.openqa.selenium.devtools.idealized.Network.lambda$prepareToInterceptTraffic$4(Network.java:194)
	at org.openqa.selenium.devtools.Connection.lambda$handle$4(Connection.java:321)
	at java.base/java.util.stream.ForEachOps$ForEachOp$OfRef.accept(ForEachOps.java:183)
	at java.base/java.util.stream.ReferencePipeline$2$1.accept(ReferencePipeline.java:177)
	at java.base/java.util.stream.ReferencePipeline$11$1.accept(ReferencePipeline.java:442)
	at java.base/java.util.HashMap$KeySpliterator.forEachRemaining(HashMap.java:1621)
	at java.base/java.util.stream.AbstractPipeline.copyInto(AbstractPipeline.java:484)
	at java.base/java.util.stream.AbstractPipeline.wrapAndCopyInto(AbstractPipeline.java:474)
	at java.base/java.util.stream.ForEachOps$ForEachOp.evaluateSequential(ForEachOps.java:150)
	at java.base/java.util.stream.ForEachOps$ForEachOp$OfRef.evaluateSequential(ForEachOps.java:173)
	at java.base/java.util.stream.AbstractPipeline.evaluate(AbstractPipeline.java:234)
	at java.base/java.util.stream.ReferencePipeline.forEach(ReferencePipeline.java:497)
	at org.openqa.selenium.devtools.Connection.handle(Connection.java:287)
	at org.openqa.selenium.devtools.Connection.access$200(Connection.java:57)
	at org.openqa.selenium.devtools.Connection$Listener.lambda$onText$0(Connection.java:224)
	at java.base/java.util.concurrent.ThreadPoolExecutor.runWorker(ThreadPoolExecutor.java:1128)
	at java.base/java.util.concurrent.ThreadPoolExecutor$Worker.run(ThreadPoolExecutor.java:628)
	at java.base/java.lang.Thread.run(Thread.java:829)
Caused by: org.openqa.selenium.WebDriverException: {"id":1712,"error":{"code":-32602,"message":"Invalid InterceptionId."},"sessionId":"69DE6D1A85B5D627489871F60443E14A"}
Build info: version: '4.11.0', revision: '040bc5406b'
System info: os.name: 'Windows 10', os.arch: 'amd64', os.version: '10.0', java.version: '11.0.18'
Driver info: driver.version: unknown
	at org.openqa.selenium.devtools.Connection.handle(Connection.java:260)
	... 5 more

Exception in thread "CDP Connection" org.openqa.selenium.devtools.DevToolsException: {"id":1712,"error":{"code":-32602,"message":"Invalid InterceptionId."},"sessionId":"69DE6D1A85B5D627489871F60443E14A"}
Build info: version: '4.11.0', revision: '040bc5406b'
System info: os.name: 'Windows 10', os.arch: 'amd64', os.version: '10.0', java.version: '11.0.18'
Driver info: driver.version: unknown
	at org.openqa.selenium.devtools.Connection$Listener.lambda$onText$0(Connection.java:227)
	at java.base/java.util.concurrent.ThreadPoolExecutor.runWorker(ThreadPoolExecutor.java:1128)
	at java.base/java.util.concurrent.ThreadPoolExecutor$Worker.run(ThreadPoolExecutor.java:628)
	at java.base/java.lang.Thread.run(Thread.java:829)
Caused by: org.openqa.selenium.devtools.DevToolsException: {"id":1712,"error":{"code":-32602,"message":"Invalid InterceptionId."},"sessionId":"69DE6D1A85B5D627489871F60443E14A"}
Build info: version: '4.11.0', revision: '040bc5406b'
System info: os.name: 'Windows 10', os.arch: 'amd64', os.version: '10.0', java.version: '11.0.18'
Driver info: driver.version: unknown
	at org.openqa.selenium.devtools.Connection.sendAndWait(Connection.java:181)
	at org.openqa.selenium.devtools.DevTools.send(DevTools.java:81)
	at org.openqa.selenium.devtools.idealized.Network.lambda$prepareToInterceptTraffic$4(Network.java:194)
	at org.openqa.selenium.devtools.Connection.lambda$handle$4(Connection.java:321)
	at java.base/java.util.stream.ForEachOps$ForEachOp$OfRef.accept(ForEachOps.java:183)
	at java.base/java.util.stream.ReferencePipeline$2$1.accept(ReferencePipeline.java:177)
	at java.base/java.util.stream.ReferencePipeline$11$1.accept(ReferencePipeline.java:442)
	at java.base/java.util.HashMap$KeySpliterator.forEachRemaining(HashMap.java:1621)
	at java.base/java.util.stream.AbstractPipeline.copyInto(AbstractPipeline.java:484)
	at java.base/java.util.stream.AbstractPipeline.wrapAndCopyInto(AbstractPipeline.java:474)
	at java.base/java.util.stream.ForEachOps$ForEachOp.evaluateSequential(ForEachOps.java:150)
	at java.base/java.util.stream.ForEachOps$ForEachOp$OfRef.evaluateSequential(ForEachOps.java:173)
	at java.base/java.util.stream.AbstractPipeline.evaluate(AbstractPipeline.java:234)
	at java.base/java.util.stream.ReferencePipeline.forEach(ReferencePipeline.java:497)
	at org.openqa.selenium.devtools.Connection.handle(Connection.java:287)
	at org.openqa.selenium.devtools.Connection.access$200(Connection.java:57)
	at org.openqa.selenium.devtools.Connection$Listener.lambda$onText$0(Connection.java:224)
	... 3 more
Caused by: org.openqa.selenium.WebDriverException: {"id":1712,"error":{"code":-32602,"message":"Invalid InterceptionId."},"sessionId":"69DE6D1A85B5D627489871F60443E14A"}
Build info: version: '4.11.0', revision: '040bc5406b'
System info: os.name: 'Windows 10', os.arch: 'amd64', os.version: '10.0', java.version: '11.0.18'
Driver info: driver.version: unknown
авг. 16, 2023 4:22:14 PM org.openqa.selenium.devtools.Connection$Listener lambda$onText$0
WARNING: Unable to process: {"method":"Fetch.requestPaused","params":{"requestId":"interception-job-279.0","request":{"url":"http://localhost:8080/static/media/icon_close_s_white.cd06f8fb.svg","method":"GET","headers":{"Accept":"image/avif,image/webp,image/apng,image/svg+xml,image/*,*/*;q=0.8","Referer":"http://localhost:8080/static/css/2.7d875902.chunk.css","User-Agent":"Mozilla/5.0 (Windows NT 10.0; Win64; x64) AppleWebKit/537.36 (KHTML, like Gecko) Chrome/116.0.0.0 Safari/537.36","sec-ch-ua":"\"Chromium\";v=\"116\", \"Not)A;Brand\";v=\"24\", \"Google Chrome\";v=\"116\"","sec-ch-ua-mobile":"?0","sec-ch-ua-platform":"\"Windows\""},"initialPriority":"Low","referrerPolicy":"strict-origin-when-cross-origin"},"frameId":"D165F02B89151667DFD1BF49856829E7","resourceType":"Image"},"sessionId":"69DE6D1A85B5D627489871F60443E14A"}
org.openqa.selenium.devtools.DevToolsException: {"id":1713,"error":{"code":-32602,"message":"Invalid InterceptionId."},"sessionId":"69DE6D1A85B5D627489871F60443E14A"}
Build info: version: '4.11.0', revision: '040bc5406b'
System info: os.name: 'Windows 10', os.arch: 'amd64', os.version: '10.0', java.version: '11.0.18'
Driver info: driver.version: unknown
	at org.openqa.selenium.devtools.Connection.sendAndWait(Connection.java:181)
	at org.openqa.selenium.devtools.DevTools.send(DevTools.java:81)
	at org.openqa.selenium.devtools.idealized.Network.lambda$prepareToInterceptTraffic$3(Network.java:211)
	at org.openqa.selenium.remote.http.Filter.lambda$andFinally$1(Filter.java:55)
	at org.openqa.selenium.devtools.idealized.Network.lambda$prepareToInterceptTraffic$4(Network.java:226)
	at org.openqa.selenium.devtools.Connection.lambda$handle$4(Connection.java:321)
	at java.base/java.util.stream.ForEachOps$ForEachOp$OfRef.accept(ForEachOps.java:183)
	at java.base/java.util.stream.ReferencePipeline$2$1.accept(ReferencePipeline.java:177)
	at java.base/java.util.stream.ReferencePipeline$11$1.accept(ReferencePipeline.java:442)
	at java.base/java.util.HashMap$KeySpliterator.forEachRemaining(HashMap.java:1621)
	at java.base/java.util.stream.AbstractPipeline.copyInto(AbstractPipeline.java:484)
	at java.base/java.util.stream.AbstractPipeline.wrapAndCopyInto(AbstractPipeline.java:474)
	at java.base/java.util.stream.ForEachOps$ForEachOp.evaluateSequential(ForEachOps.java:150)
	at java.base/java.util.stream.ForEachOps$ForEachOp$OfRef.evaluateSequential(ForEachOps.java:173)
	at java.base/java.util.stream.AbstractPipeline.evaluate(AbstractPipeline.java:234)
	at java.base/java.util.stream.ReferencePipeline.forEach(ReferencePipeline.java:497)
	at org.openqa.selenium.devtools.Connection.handle(Connection.java:287)
	at org.openqa.selenium.devtools.Connection.access$200(Connection.java:57)
	at org.openqa.selenium.devtools.Connection$Listener.lambda$onText$0(Connection.java:224)
	at java.base/java.util.concurrent.ThreadPoolExecutor.runWorker(ThreadPoolExecutor.java:1128)
	at java.base/java.util.concurrent.ThreadPoolExecutor$Worker.run(ThreadPoolExecutor.java:628)
	at java.base/java.lang.Thread.run(Thread.java:829)
Caused by: org.openqa.selenium.WebDriverException: {"id":1713,"error":{"code":-32602,"message":"Invalid InterceptionId."},"sessionId":"69DE6D1A85B5D627489871F60443E14A"}
	at org.openqa.selenium.devtools.Connection.handle(Connection.java:260)
	... 5 more
Build info: version: '4.11.0', revision: '040bc5406b'
System info: os.name: 'Windows 10', os.arch: 'amd64', os.version: '10.0', java.version: '11.0.18'
Driver info: driver.version: unknown
	at org.openqa.selenium.devtools.Connection.handle(Connection.java:260)
	... 5 more

Exception in thread "CDP Connection" org.openqa.selenium.devtools.DevToolsException: {"id":1713,"error":{"code":-32602,"message":"Invalid InterceptionId."},"sessionId":"69DE6D1A85B5D627489871F60443E14A"}
Build info: version: '4.11.0', revision: '040bc5406b'
System info: os.name: 'Windows 10', os.arch: 'amd64', os.version: '10.0', java.version: '11.0.18'
Driver info: driver.version: unknown
	at org.openqa.selenium.devtools.Connection$Listener.lambda$onText$0(Connection.java:227)
	at java.base/java.util.concurrent.ThreadPoolExecutor.runWorker(ThreadPoolExecutor.java:1128)
	at java.base/java.util.concurrent.ThreadPoolExecutor$Worker.run(ThreadPoolExecutor.java:628)
	at java.base/java.lang.Thread.run(Thread.java:829)
Caused by: org.openqa.selenium.devtools.DevToolsException: {"id":1713,"error":{"code":-32602,"message":"Invalid InterceptionId."},"sessionId":"69DE6D1A85B5D627489871F60443E14A"}
Build info: version: '4.11.0', revision: '040bc5406b'
System info: os.name: 'Windows 10', os.arch: 'amd64', os.version: '10.0', java.version: '11.0.18'
Driver info: driver.version: unknown
	at org.openqa.selenium.devtools.Connection.sendAndWait(Connection.java:181)
	at org.openqa.selenium.devtools.DevTools.send(DevTools.java:81)
	at org.openqa.selenium.devtools.idealized.Network.lambda$prepareToInterceptTraffic$3(Network.java:211)
	at org.openqa.selenium.remote.http.Filter.lambda$andFinally$1(Filter.java:55)
	at org.openqa.selenium.devtools.idealized.Network.lambda$prepareToInterceptTraffic$4(Network.java:226)
	at org.openqa.selenium.devtools.Connection.lambda$handle$4(Connection.java:321)
	at java.base/java.util.stream.ForEachOps$ForEachOp$OfRef.accept(ForEachOps.java:183)
	at java.base/java.util.stream.ReferencePipeline$2$1.accept(ReferencePipeline.java:177)
	at java.base/java.util.stream.ReferencePipeline$11$1.accept(ReferencePipeline.java:442)
	at java.base/java.util.HashMap$KeySpliterator.forEachRemaining(HashMap.java:1621)
	at java.base/java.util.stream.AbstractPipeline.copyInto(AbstractPipeline.java:484)
	at java.base/java.util.stream.AbstractPipeline.wrapAndCopyInto(AbstractPipeline.java:474)
	at java.base/java.util.stream.ForEachOps$ForEachOp.evaluateSequential(ForEachOps.java:150)
	at java.base/java.util.stream.ForEachOps$ForEachOp$OfRef.evaluateSequential(ForEachOps.java:173)
	at java.base/java.util.stream.AbstractPipeline.evaluate(AbstractPipeline.java:234)
	at java.base/java.util.stream.ReferencePipeline.forEach(ReferencePipeline.java:497)
	at org.openqa.selenium.devtools.Connection.handle(Connection.java:287)
	at org.openqa.selenium.devtools.Connection.access$200(Connection.java:57)
	at org.openqa.selenium.devtools.Connection$Listener.lambda$onText$0(Connection.java:224)
	... 3 more
Caused by: org.openqa.selenium.WebDriverException: {"id":1713,"error":{"code":-32602,"message":"Invalid InterceptionId."},"sessionId":"69DE6D1A85B5D627489871F60443E14A"}
Build info: version: '4.11.0', revision: '040bc5406b'
System info: os.name: 'Windows 10', os.arch: 'amd64', os.version: '10.0', java.version: '11.0.18'
Driver info: driver.version: unknown
	at org.openqa.selenium.devtools.Connection.handle(Connection.java:260)
	... 5 more
авг. 16, 2023 4:22:14 PM org.openqa.selenium.devtools.Connection$Listener lambda$onText$0
WARNING: Unable to process: {"method":"Fetch.requestPaused","params":{"requestId":"interception-job-280.0","request":{"url":"http://localhost:8080/static/media/icon_error_m_white.143ec85a.svg","method":"GET","headers":{"Accept":"image/avif,image/webp,image/apng,image/svg+xml,image/*,*/*;q=0.8","Referer":"http://localhost:8080/static/css/2.7d875902.chunk.css","User-Agent":"Mozilla/5.0 (Windows NT 10.0; Win64; x64) AppleWebKit/537.36 (KHTML, like Gecko) Chrome/116.0.0.0 Safari/537.36","sec-ch-ua":"\"Chromium\";v=\"116\", \"Not)A;Brand\";v=\"24\", \"Google Chrome\";v=\"116\"","sec-ch-ua-mobile":"?0","sec-ch-ua-platform":"\"Windows\""},"initialPriority":"Low","referrerPolicy":"unsafe-url"},"frameId":"D165F02B89151667DFD1BF49856829E7","resourceType":"Image","responseStatusCode":200,"responseStatusText":"","responseHeaders":[{"name":"Vary","value":"Origin"},{"name":"Vary","value":"Access-Control-Request-Method"},{"name":"Vary","value":"Access-Control-Request-Headers"},{"name":"Last-Modified","value":"Thu, 03 Aug 2023 10:18:16 GMT"},{"name":"Accept-Ranges","value":"bytes"},{"name":"Content-Type","value":"image/svg+xml"},{"name":"Content-Length","value":"380"},{"name":"Date","value":"Wed, 16 Aug 2023 13:20:24 GMT"}]},"sessionId":"69DE6D1A85B5D627489871F60443E14A"}
org.openqa.selenium.devtools.DevToolsException: {"id":1716,"error":{"code":-32602,"message":"Invalid InterceptionId."},"sessionId":"69DE6D1A85B5D627489871F60443E14A"}
Build info: version: '4.11.0', revision: '040bc5406b'
System info: os.name: 'Windows 10', os.arch: 'amd64', os.version: '10.0', java.version: '11.0.18'
Driver info: driver.version: unknown
	at org.openqa.selenium.devtools.Connection.sendAndWait(Connection.java:181)
	at org.openqa.selenium.devtools.DevTools.send(DevTools.java:81)
	at org.openqa.selenium.devtools.idealized.Network.lambda$prepareToInterceptTraffic$4(Network.java:194)
	at org.openqa.selenium.devtools.Connection.lambda$handle$4(Connection.java:321)
	at java.base/java.util.stream.ForEachOps$ForEachOp$OfRef.accept(ForEachOps.java:183)
	at java.base/java.util.stream.ReferencePipeline$2$1.accept(ReferencePipeline.java:177)
	at java.base/java.util.stream.ReferencePipeline$11$1.accept(ReferencePipeline.java:442)
	at java.base/java.util.HashMap$KeySpliterator.forEachRemaining(HashMap.java:1621)
	at java.base/java.util.stream.AbstractPipeline.copyInto(AbstractPipeline.java:484)
	at java.base/java.util.stream.AbstractPipeline.wrapAndCopyInto(AbstractPipeline.java:474)
	at java.base/java.util.stream.ForEachOps$ForEachOp.evaluateSequential(ForEachOps.java:150)
	at java.base/java.util.stream.ForEachOps$ForEachOp$OfRef.evaluateSequential(ForEachOps.java:173)
	at java.base/java.util.stream.AbstractPipeline.evaluate(AbstractPipeline.java:234)
	at java.base/java.util.stream.ReferencePipeline.forEach(ReferencePipeline.java:497)
	at org.openqa.selenium.devtools.Connection.handle(Connection.java:287)
	at org.openqa.selenium.devtools.Connection.access$200(Connection.java:57)
	at org.openqa.selenium.devtools.Connection$Listener.lambda$onText$0(Connection.java:224)
	at java.base/java.util.concurrent.ThreadPoolExecutor.runWorker(ThreadPoolExecutor.java:1128)
	at java.base/java.util.concurrent.ThreadPoolExecutor$Worker.run(ThreadPoolExecutor.java:628)
	at java.base/java.lang.Thread.run(Thread.java:829)
Caused by: org.openqa.selenium.WebDriverException: {"id":1716,"error":{"code":-32602,"message":"Invalid InterceptionId."},"sessionId":"69DE6D1A85B5D627489871F60443E14A"}
Build info: version: '4.11.0', revision: '040bc5406b'
System info: os.name: 'Windows 10', os.arch: 'amd64', os.version: '10.0', java.version: '11.0.18'
Driver info: driver.version: unknown
	at org.openqa.selenium.devtools.Connection.handle(Connection.java:260)
	... 5 more

Exception in thread "CDP Connection" org.openqa.selenium.devtools.DevToolsException: {"id":1716,"error":{"code":-32602,"message":"Invalid InterceptionId."},"sessionId":"69DE6D1A85B5D627489871F60443E14A"}
Build info: version: '4.11.0', revision: '040bc5406b'
System info: os.name: 'Windows 10', os.arch: 'amd64', os.version: '10.0', java.version: '11.0.18'
Driver info: driver.version: unknown
	at org.openqa.selenium.devtools.Connection$Listener.lambda$onText$0(Connection.java:227)
	at java.base/java.util.concurrent.ThreadPoolExecutor.runWorker(ThreadPoolExecutor.java:1128)
	at java.base/java.util.concurrent.ThreadPoolExecutor$Worker.run(ThreadPoolExecutor.java:628)
	at java.base/java.lang.Thread.run(Thread.java:829)
Caused by: org.openqa.selenium.devtools.DevToolsException: {"id":1716,"error":{"code":-32602,"message":"Invalid InterceptionId."},"sessionId":"69DE6D1A85B5D627489871F60443E14A"}
Build info: version: '4.11.0', revision: '040bc5406b'
System info: os.name: 'Windows 10', os.arch: 'amd64', os.version: '10.0', java.version: '11.0.18'
Driver info: driver.version: unknown
	at org.openqa.selenium.devtools.Connection.sendAndWait(Connection.java:181)
	at org.openqa.selenium.devtools.DevTools.send(DevTools.java:81)
	at org.openqa.selenium.devtools.idealized.Network.lambda$prepareToInterceptTraffic$4(Network.java:194)
	at org.openqa.selenium.devtools.Connection.lambda$handle$4(Connection.java:321)
	at java.base/java.util.stream.ForEachOps$ForEachOp$OfRef.accept(ForEachOps.java:183)
	at java.base/java.util.stream.ReferencePipeline$2$1.accept(ReferencePipeline.java:177)
	at java.base/java.util.stream.ReferencePipeline$11$1.accept(ReferencePipeline.java:442)
	at java.base/java.util.HashMap$KeySpliterator.forEachRemaining(HashMap.java:1621)
	at java.base/java.util.stream.AbstractPipeline.copyInto(AbstractPipeline.java:484)
	at java.base/java.util.stream.AbstractPipeline.wrapAndCopyInto(AbstractPipeline.java:474)
	at java.base/java.util.stream.ForEachOps$ForEachOp.evaluateSequential(ForEachOps.java:150)
	at java.base/java.util.stream.ForEachOps$ForEachOp$OfRef.evaluateSequential(ForEachOps.java:173)
	at java.base/java.util.stream.AbstractPipeline.evaluate(AbstractPipeline.java:234)
	at java.base/java.util.stream.ReferencePipeline.forEach(ReferencePipeline.java:497)
	at org.openqa.selenium.devtools.Connection.handle(Connection.java:287)
	at org.openqa.selenium.devtools.Connection.access$200(Connection.java:57)
	at org.openqa.selenium.devtools.Connection$Listener.lambda$onText$0(Connection.java:224)
	... 3 more
Caused by: org.openqa.selenium.WebDriverException: {"id":1716,"error":{"code":-32602,"message":"Invalid InterceptionId."},"sessionId":"69DE6D1A85B5D627489871F60443E14A"}
Build info: version: '4.11.0', revision: '040bc5406b'
System info: os.name: 'Windows 10', os.arch: 'amd64', os.version: '10.0', java.version: '11.0.18'
Driver info: driver.version: unknown
	at org.openqa.selenium.devtools.Connection.handle(Connection.java:260)
	... 5 more
авг. 16, 2023 4:22:14 PM org.openqa.selenium.devtools.Connection$Listener lambda$onText$0
WARNING: Unable to process: {"method":"Fetch.requestPaused","params":{"requestId":"interception-job-280.0","request":{"url":"http://localhost:8080/static/media/icon_error_m_white.143ec85a.svg","method":"GET","headers":{"Accept":"image/avif,image/webp,image/apng,image/svg+xml,image/*,*/*;q=0.8","Referer":"http://localhost:8080/static/css/2.7d875902.chunk.css","User-Agent":"Mozilla/5.0 (Windows NT 10.0; Win64; x64) AppleWebKit/537.36 (KHTML, like Gecko) Chrome/116.0.0.0 Safari/537.36","sec-ch-ua":"\"Chromium\";v=\"116\", \"Not)A;Brand\";v=\"24\", \"Google Chrome\";v=\"116\"","sec-ch-ua-mobile":"?0","sec-ch-ua-platform":"\"Windows\""},"initialPriority":"Low","referrerPolicy":"strict-origin-when-cross-origin"},"frameId":"D165F02B89151667DFD1BF49856829E7","resourceType":"Image"},"sessionId":"69DE6D1A85B5D627489871F60443E14A"}
org.openqa.selenium.devtools.DevToolsException: {"id":1717,"error":{"code":-32602,"message":"Invalid InterceptionId."},"sessionId":"69DE6D1A85B5D627489871F60443E14A"}
Build info: version: '4.11.0', revision: '040bc5406b'
System info: os.name: 'Windows 10', os.arch: 'amd64', os.version: '10.0', java.version: '11.0.18'
Driver info: driver.version: unknown
	at org.openqa.selenium.devtools.Connection.sendAndWait(Connection.java:181)
	at org.openqa.selenium.devtools.DevTools.send(DevTools.java:81)
	at org.openqa.selenium.devtools.idealized.Network.lambda$prepareToInterceptTraffic$3(Network.java:211)
	at org.openqa.selenium.remote.http.Filter.lambda$andFinally$1(Filter.java:55)
	at org.openqa.selenium.devtools.idealized.Network.lambda$prepareToInterceptTraffic$4(Network.java:226)
	at org.openqa.selenium.devtools.Connection.lambda$handle$4(Connection.java:321)
	at java.base/java.util.stream.ForEachOps$ForEachOp$OfRef.accept(ForEachOps.java:183)
	at java.base/java.util.stream.ReferencePipeline$2$1.accept(ReferencePipeline.java:177)
	at java.base/java.util.stream.ReferencePipeline$11$1.accept(ReferencePipeline.java:442)
	at java.base/java.util.HashMap$KeySpliterator.forEachRemaining(HashMap.java:1621)
	at java.base/java.util.stream.AbstractPipeline.copyInto(AbstractPipeline.java:484)
	at java.base/java.util.stream.AbstractPipeline.wrapAndCopyInto(AbstractPipeline.java:474)
	at java.base/java.util.stream.ForEachOps$ForEachOp.evaluateSequential(ForEachOps.java:150)
	at java.base/java.util.stream.ForEachOps$ForEachOp$OfRef.evaluateSequential(ForEachOps.java:173)
	at java.base/java.util.stream.AbstractPipeline.evaluate(AbstractPipeline.java:234)
	at java.base/java.util.stream.ReferencePipeline.forEach(ReferencePipeline.java:497)
	at org.openqa.selenium.devtools.Connection.handle(Connection.java:287)
	at org.openqa.selenium.devtools.Connection.access$200(Connection.java:57)
	at org.openqa.selenium.devtools.Connection$Listener.lambda$onText$0(Connection.java:224)
	at java.base/java.util.concurrent.ThreadPoolExecutor.runWorker(ThreadPoolExecutor.java:1128)
	at java.base/java.util.concurrent.ThreadPoolExecutor$Worker.run(ThreadPoolExecutor.java:628)
	at java.base/java.lang.Thread.run(Thread.java:829)
Caused by: org.openqa.selenium.WebDriverException: {"id":1717,"error":{"code":-32602,"message":"Invalid InterceptionId."},"sessionId":"69DE6D1A85B5D627489871F60443E14A"}
Build info: version: '4.11.0', revision: '040bc5406b'
System info: os.name: 'Windows 10', os.arch: 'amd64', os.version: '10.0', java.version: '11.0.18'
Driver info: driver.version: unknown
	at org.openqa.selenium.devtools.Connection.handle(Connection.java:260)
	... 5 more

Exception in thread "CDP Connection" org.openqa.selenium.devtools.DevToolsException: {"id":1717,"error":{"code":-32602,"message":"Invalid InterceptionId."},"sessionId":"69DE6D1A85B5D627489871F60443E14A"}
Build info: version: '4.11.0', revision: '040bc5406b'
System info: os.name: 'Windows 10', os.arch: 'amd64', os.version: '10.0', java.version: '11.0.18'
Driver info: driver.version: unknown
	at org.openqa.selenium.devtools.Connection$Listener.lambda$onText$0(Connection.java:227)
	at java.base/java.util.concurrent.ThreadPoolExecutor.runWorker(ThreadPoolExecutor.java:1128)
	at java.base/java.util.concurrent.ThreadPoolExecutor$Worker.run(ThreadPoolExecutor.java:628)
	at java.base/java.lang.Thread.run(Thread.java:829)
Caused by: org.openqa.selenium.devtools.DevToolsException: {"id":1717,"error":{"code":-32602,"message":"Invalid InterceptionId."},"sessionId":"69DE6D1A85B5D627489871F60443E14A"}
Build info: version: '4.11.0', revision: '040bc5406b'
System info: os.name: 'Windows 10', os.arch: 'amd64', os.version: '10.0', java.version: '11.0.18'
Driver info: driver.version: unknown
	at org.openqa.selenium.devtools.Connection.sendAndWait(Connection.java:181)
	at org.openqa.selenium.devtools.DevTools.send(DevTools.java:81)
	at org.openqa.selenium.devtools.idealized.Network.lambda$prepareToInterceptTraffic$3(Network.java:211)
	at org.openqa.selenium.remote.http.Filter.lambda$andFinally$1(Filter.java:55)
	at org.openqa.selenium.devtools.idealized.Network.lambda$prepareToInterceptTraffic$4(Network.java:226)
	at org.openqa.selenium.devtools.Connection.lambda$handle$4(Connection.java:321)
	at java.base/java.util.stream.ForEachOps$ForEachOp$OfRef.accept(ForEachOps.java:183)
	at java.base/java.util.stream.ReferencePipeline$2$1.accept(ReferencePipeline.java:177)
	at java.base/java.util.stream.ReferencePipeline$11$1.accept(ReferencePipeline.java:442)
	at java.base/java.util.HashMap$KeySpliterator.forEachRemaining(HashMap.java:1621)
	at java.base/java.util.stream.AbstractPipeline.copyInto(AbstractPipeline.java:484)
	at java.base/java.util.stream.AbstractPipeline.wrapAndCopyInto(AbstractPipeline.java:474)
	at java.base/java.util.stream.ForEachOps$ForEachOp.evaluateSequential(ForEachOps.java:150)
	at java.base/java.util.stream.ForEachOps$ForEachOp$OfRef.evaluateSequential(ForEachOps.java:173)
	at java.base/java.util.stream.AbstractPipeline.evaluate(AbstractPipeline.java:234)
	at java.base/java.util.stream.ReferencePipeline.forEach(ReferencePipeline.java:497)
	at org.openqa.selenium.devtools.Connection.handle(Connection.java:287)
	at org.openqa.selenium.devtools.Connection.access$200(Connection.java:57)
	at org.openqa.selenium.devtools.Connection$Listener.lambda$onText$0(Connection.java:224)
	... 3 more
Caused by: org.openqa.selenium.WebDriverException: {"id":1717,"error":{"code":-32602,"message":"Invalid InterceptionId."},"sessionId":"69DE6D1A85B5D627489871F60443E14A"}
Build info: version: '4.11.0', revision: '040bc5406b'
System info: os.name: 'Windows 10', os.arch: 'amd64', os.version: '10.0', java.version: '11.0.18'
Driver info: driver.version: unknown
	at org.openqa.selenium.devtools.Connection.handle(Connection.java:260)
	... 5 more
авг. 16, 2023 4:22:18 PM org.openqa.selenium.devtools.Connection$Listener lambda$onText$0
WARNING: Unable to process: {"method":"Fetch.requestPaused","params":{"requestId":"interception-job-281.0","request":{"url":"http://localhost:8080/","method":"GET","headers":{"Accept":"text/html,application/xhtml+xml,application/xml;q=0.9,image/avif,image/webp,image/apng,*/*;q=0.8,application/signed-exchange;v=b3;q=0.7","Upgrade-Insecure-Requests":"1","User-Agent":"Mozilla/5.0 (Windows NT 10.0; Win64; x64) AppleWebKit/537.36 (KHTML, like Gecko) Chrome/116.0.0.0 Safari/537.36","sec-ch-ua":"\"Chromium\";v=\"116\", \"Not)A;Brand\";v=\"24\", \"Google Chrome\";v=\"116\"","sec-ch-ua-mobile":"?0","sec-ch-ua-platform":"\"Windows\""},"initialPriority":"VeryHigh","referrerPolicy":"strict-origin-when-cross-origin"},"frameId":"D165F02B89151667DFD1BF49856829E7","resourceType":"Document","responseStatusCode":200,"responseStatusText":"","responseHeaders":[{"name":"Vary","value":"Origin"},{"name":"Vary","value":"Access-Control-Request-Method"},{"name":"Vary","value":"Access-Control-Request-Headers"},{"name":"Last-Modified","value":"Thu, 03 Aug 2023 10:18:16 GMT"},{"name":"Date","value":"Wed, 16 Aug 2023 13:22:18 GMT"},{"name":"Accept-Ranges","value":"bytes"},{"name":"Content-Type","value":"text/html"},{"name":"Content-Language","value":"ru-RU"},{"name":"Content-Length","value":"2308"}]},"sessionId":"69DE6D1A85B5D627489871F60443E14A"}
org.openqa.selenium.devtools.DevToolsException: {"id":1724,"error":{"code":-32602,"message":"Invalid InterceptionId."},"sessionId":"69DE6D1A85B5D627489871F60443E14A"}
Build info: version: '4.11.0', revision: '040bc5406b'
System info: os.name: 'Windows 10', os.arch: 'amd64', os.version: '10.0', java.version: '11.0.18'
Driver info: driver.version: unknown
	at org.openqa.selenium.devtools.Connection.sendAndWait(Connection.java:181)
	at org.openqa.selenium.devtools.DevTools.send(DevTools.java:81)
	at org.openqa.selenium.devtools.idealized.Network.lambda$prepareToInterceptTraffic$4(Network.java:194)
	at org.openqa.selenium.devtools.Connection.lambda$handle$4(Connection.java:321)
	at java.base/java.util.stream.ForEachOps$ForEachOp$OfRef.accept(ForEachOps.java:183)
	at java.base/java.util.stream.ReferencePipeline$2$1.accept(ReferencePipeline.java:177)
	at java.base/java.util.stream.ReferencePipeline$11$1.accept(ReferencePipeline.java:442)
	at java.base/java.util.HashMap$KeySpliterator.forEachRemaining(HashMap.java:1621)
	at java.base/java.util.stream.AbstractPipeline.copyInto(AbstractPipeline.java:484)
	at java.base/java.util.stream.AbstractPipeline.wrapAndCopyInto(AbstractPipeline.java:474)
	at java.base/java.util.stream.ForEachOps$ForEachOp.evaluateSequential(ForEachOps.java:150)
	at java.base/java.util.stream.ForEachOps$ForEachOp$OfRef.evaluateSequential(ForEachOps.java:173)
	at java.base/java.util.stream.AbstractPipeline.evaluate(AbstractPipeline.java:234)
	at java.base/java.util.stream.ReferencePipeline.forEach(ReferencePipeline.java:497)
	at org.openqa.selenium.devtools.Connection.handle(Connection.java:287)
	at org.openqa.selenium.devtools.Connection.access$200(Connection.java:57)
	at org.openqa.selenium.devtools.Connection$Listener.lambda$onText$0(Connection.java:224)
	at java.base/java.util.concurrent.ThreadPoolExecutor.runWorker(ThreadPoolExecutor.java:1128)
	at java.base/java.util.concurrent.ThreadPoolExecutor$Worker.run(ThreadPoolExecutor.java:628)
	at java.base/java.lang.Thread.run(Thread.java:829)
Caused by: org.openqa.selenium.WebDriverException: {"id":1724,"error":{"code":-32602,"message":"Invalid InterceptionId."},"sessionId":"69DE6D1A85B5D627489871F60443E14A"}
Build info: version: '4.11.0', revision: '040bc5406b'
System info: os.name: 'Windows 10', os.arch: 'amd64', os.version: '10.0', java.version: '11.0.18'
Driver info: driver.version: unknown
	at org.openqa.selenium.devtools.Connection.handle(Connection.java:260)
	... 5 more

Exception in thread "CDP Connection" org.openqa.selenium.devtools.DevToolsException: {"id":1724,"error":{"code":-32602,"message":"Invalid InterceptionId."},"sessionId":"69DE6D1A85B5D627489871F60443E14A"}
Build info: version: '4.11.0', revision: '040bc5406b'
System info: os.name: 'Windows 10', os.arch: 'amd64', os.version: '10.0', java.version: '11.0.18'
Driver info: driver.version: unknown
	at org.openqa.selenium.devtools.Connection$Listener.lambda$onText$0(Connection.java:227)
	at java.base/java.util.concurrent.ThreadPoolExecutor.runWorker(ThreadPoolExecutor.java:1128)
	at java.base/java.util.concurrent.ThreadPoolExecutor$Worker.run(ThreadPoolExecutor.java:628)
	at java.base/java.lang.Thread.run(Thread.java:829)
Caused by: org.openqa.selenium.devtools.DevToolsException: {"id":1724,"error":{"code":-32602,"message":"Invalid InterceptionId."},"sessionId":"69DE6D1A85B5D627489871F60443E14A"}
Build info: version: '4.11.0', revision: '040bc5406b'
System info: os.name: 'Windows 10', os.arch: 'amd64', os.version: '10.0', java.version: '11.0.18'
Driver info: driver.version: unknown
	at org.openqa.selenium.devtools.Connection.sendAndWait(Connection.java:181)
	at org.openqa.selenium.devtools.DevTools.send(DevTools.java:81)
	at org.openqa.selenium.devtools.idealized.Network.lambda$prepareToInterceptTraffic$4(Network.java:194)
	at org.openqa.selenium.devtools.Connection.lambda$handle$4(Connection.java:321)
	at java.base/java.util.stream.ForEachOps$ForEachOp$OfRef.accept(ForEachOps.java:183)
	at java.base/java.util.stream.ReferencePipeline$2$1.accept(ReferencePipeline.java:177)
	at java.base/java.util.stream.ReferencePipeline$11$1.accept(ReferencePipeline.java:442)
	at java.base/java.util.HashMap$KeySpliterator.forEachRemaining(HashMap.java:1621)
	at java.base/java.util.stream.AbstractPipeline.copyInto(AbstractPipeline.java:484)
	at java.base/java.util.stream.AbstractPipeline.wrapAndCopyInto(AbstractPipeline.java:474)
	at java.base/java.util.stream.ForEachOps$ForEachOp.evaluateSequential(ForEachOps.java:150)
	at java.base/java.util.stream.ForEachOps$ForEachOp$OfRef.evaluateSequential(ForEachOps.java:173)
	at java.base/java.util.stream.AbstractPipeline.evaluate(AbstractPipeline.java:234)
	at java.base/java.util.stream.ReferencePipeline.forEach(ReferencePipeline.java:497)
	at org.openqa.selenium.devtools.Connection.handle(Connection.java:287)
	at org.openqa.selenium.devtools.Connection.access$200(Connection.java:57)
	at org.openqa.selenium.devtools.Connection$Listener.lambda$onText$0(Connection.java:224)
	... 3 more
Caused by: org.openqa.selenium.WebDriverException: {"id":1724,"error":{"code":-32602,"message":"Invalid InterceptionId."},"sessionId":"69DE6D1A85B5D627489871F60443E14A"}
Build info: version: '4.11.0', revision: '040bc5406b'
System info: os.name: 'Windows 10', os.arch: 'amd64', os.version: '10.0', java.version: '11.0.18'
Driver info: driver.version: unknown
	at org.openqa.selenium.devtools.Connection.handle(Connection.java:260)
	... 5 more
авг. 16, 2023 4:22:18 PM org.openqa.selenium.devtools.Connection$Listener lambda$onText$0
WARNING: Unable to process: {"method":"Fetch.requestPaused","params":{"requestId":"interception-job-281.0","request":{"url":"http://localhost:8080/","method":"GET","headers":{"Accept":"text/html,application/xhtml+xml,application/xml;q=0.9,image/avif,image/webp,image/apng,*/*;q=0.8,application/signed-exchange;v=b3;q=0.7","Upgrade-Insecure-Requests":"1","User-Agent":"Mozilla/5.0 (Windows NT 10.0; Win64; x64) AppleWebKit/537.36 (KHTML, like Gecko) Chrome/116.0.0.0 Safari/537.36","sec-ch-ua":"\"Chromium\";v=\"116\", \"Not)A;Brand\";v=\"24\", \"Google Chrome\";v=\"116\"","sec-ch-ua-mobile":"?0","sec-ch-ua-platform":"\"Windows\""},"initialPriority":"VeryHigh","referrerPolicy":"strict-origin-when-cross-origin"},"frameId":"D165F02B89151667DFD1BF49856829E7","resourceType":"Document"},"sessionId":"69DE6D1A85B5D627489871F60443E14A"}
org.openqa.selenium.devtools.DevToolsException: {"id":1725,"error":{"code":-32602,"message":"Invalid InterceptionId."},"sessionId":"69DE6D1A85B5D627489871F60443E14A"}
Build info: version: '4.11.0', revision: '040bc5406b'
System info: os.name: 'Windows 10', os.arch: 'amd64', os.version: '10.0', java.version: '11.0.18'
Driver info: driver.version: unknown
	at org.openqa.selenium.devtools.Connection.sendAndWait(Connection.java:181)
	at org.openqa.selenium.devtools.DevTools.send(DevTools.java:81)
	at org.openqa.selenium.devtools.idealized.Network.lambda$prepareToInterceptTraffic$3(Network.java:211)
	at org.openqa.selenium.remote.http.Filter.lambda$andFinally$1(Filter.java:55)
	at org.openqa.selenium.devtools.idealized.Network.lambda$prepareToInterceptTraffic$4(Network.java:226)
	at org.openqa.selenium.devtools.Connection.lambda$handle$4(Connection.java:321)
	at java.base/java.util.stream.ForEachOps$ForEachOp$OfRef.accept(ForEachOps.java:183)
	at java.base/java.util.stream.ReferencePipeline$2$1.accept(ReferencePipeline.java:177)
	at java.base/java.util.stream.ReferencePipeline$11$1.accept(ReferencePipeline.java:442)
	at java.base/java.util.HashMap$KeySpliterator.forEachRemaining(HashMap.java:1621)
	at java.base/java.util.stream.AbstractPipeline.copyInto(AbstractPipeline.java:484)
	at java.base/java.util.stream.AbstractPipeline.wrapAndCopyInto(AbstractPipeline.java:474)
	at java.base/java.util.stream.ForEachOps$ForEachOp.evaluateSequential(ForEachOps.java:150)
	at java.base/java.util.stream.ForEachOps$ForEachOp$OfRef.evaluateSequential(ForEachOps.java:173)
	at java.base/java.util.stream.AbstractPipeline.evaluate(AbstractPipeline.java:234)
	at java.base/java.util.stream.ReferencePipeline.forEach(ReferencePipeline.java:497)
	at org.openqa.selenium.devtools.Connection.handle(Connection.java:287)
	at org.openqa.selenium.devtools.Connection.access$200(Connection.java:57)
	at org.openqa.selenium.devtools.Connection$Listener.lambda$onText$0(Connection.java:224)
	at java.base/java.util.concurrent.ThreadPoolExecutor.runWorker(ThreadPoolExecutor.java:1128)
	at java.base/java.util.concurrent.ThreadPoolExecutor$Worker.run(ThreadPoolExecutor.java:628)
	at java.base/java.lang.Thread.run(Thread.java:829)
Caused by: org.openqa.selenium.WebDriverException: {"id":1725,"error":{"code":-32602,"message":"Invalid InterceptionId."},"sessionId":"69DE6D1A85B5D627489871F60443E14A"}
Build info: version: '4.11.0', revision: '040bc5406b'
System info: os.name: 'Windows 10', os.arch: 'amd64', os.version: '10.0', java.version: '11.0.18'
Driver info: driver.version: unknown
	at org.openqa.selenium.devtools.Connection.handle(Connection.java:260)
	... 5 more

Exception in thread "CDP Connection" org.openqa.selenium.devtools.DevToolsException: {"id":1725,"error":{"code":-32602,"message":"Invalid InterceptionId."},"sessionId":"69DE6D1A85B5D627489871F60443E14A"}
Build info: version: '4.11.0', revision: '040bc5406b'
System info: os.name: 'Windows 10', os.arch: 'amd64', os.version: '10.0', java.version: '11.0.18'
Driver info: driver.version: unknown
	at org.openqa.selenium.devtools.Connection$Listener.lambda$onText$0(Connection.java:227)
	at java.base/java.util.concurrent.ThreadPoolExecutor.runWorker(ThreadPoolExecutor.java:1128)
	at java.base/java.util.concurrent.ThreadPoolExecutor$Worker.run(ThreadPoolExecutor.java:628)
	at java.base/java.lang.Thread.run(Thread.java:829)
Caused by: org.openqa.selenium.devtools.DevToolsException: {"id":1725,"error":{"code":-32602,"message":"Invalid InterceptionId."},"sessionId":"69DE6D1A85B5D627489871F60443E14A"}
Build info: version: '4.11.0', revision: '040bc5406b'
System info: os.name: 'Windows 10', os.arch: 'amd64', os.version: '10.0', java.version: '11.0.18'
Driver info: driver.version: unknown
	at org.openqa.selenium.devtools.Connection.sendAndWait(Connection.java:181)
	at org.openqa.selenium.devtools.DevTools.send(DevTools.java:81)
	at org.openqa.selenium.devtools.idealized.Network.lambda$prepareToInterceptTraffic$3(Network.java:211)
	at org.openqa.selenium.remote.http.Filter.lambda$andFinally$1(Filter.java:55)
	at org.openqa.selenium.devtools.idealized.Network.lambda$prepareToInterceptTraffic$4(Network.java:226)
	at org.openqa.selenium.devtools.Connection.lambda$handle$4(Connection.java:321)
	at java.base/java.util.stream.ForEachOps$ForEachOp$OfRef.accept(ForEachOps.java:183)
	at java.base/java.util.stream.ReferencePipeline$2$1.accept(ReferencePipeline.java:177)
	at java.base/java.util.stream.ReferencePipeline$11$1.accept(ReferencePipeline.java:442)
	at java.base/java.util.HashMap$KeySpliterator.forEachRemaining(HashMap.java:1621)
	at java.base/java.util.stream.AbstractPipeline.copyInto(AbstractPipeline.java:484)
	at java.base/java.util.stream.AbstractPipeline.wrapAndCopyInto(AbstractPipeline.java:474)
	at java.base/java.util.stream.ForEachOps$ForEachOp.evaluateSequential(ForEachOps.java:150)
	at java.base/java.util.stream.ForEachOps$ForEachOp$OfRef.evaluateSequential(ForEachOps.java:173)
	at java.base/java.util.stream.AbstractPipeline.evaluate(AbstractPipeline.java:234)
	at java.base/java.util.stream.ReferencePipeline.forEach(ReferencePipeline.java:497)
	at org.openqa.selenium.devtools.Connection.handle(Connection.java:287)
	at org.openqa.selenium.devtools.Connection.access$200(Connection.java:57)
	at org.openqa.selenium.devtools.Connection$Listener.lambda$onText$0(Connection.java:224)
	... 3 more
Caused by: org.openqa.selenium.WebDriverException: {"id":1725,"error":{"code":-32602,"message":"Invalid InterceptionId."},"sessionId":"69DE6D1A85B5D627489871F60443E14A"}
Build info: version: '4.11.0', revision: '040bc5406b'
System info: os.name: 'Windows 10', os.arch: 'amd64', os.version: '10.0', java.version: '11.0.18'
Driver info: driver.version: unknown
	at org.openqa.selenium.devtools.Connection.handle(Connection.java:260)
	... 5 more
авг. 16, 2023 4:22:18 PM org.openqa.selenium.devtools.Connection$Listener lambda$onText$0
WARNING: Unable to process: {"method":"Fetch.requestPaused","params":{"requestId":"interception-job-283.0","request":{"url":"http://localhost:8080/static/css/main.8978894b.chunk.css","method":"GET","headers":{"Accept":"text/css,*/*;q=0.1","Referer":"http://localhost:8080/","User-Agent":"Mozilla/5.0 (Windows NT 10.0; Win64; x64) AppleWebKit/537.36 (KHTML, like Gecko) Chrome/116.0.0.0 Safari/537.36","sec-ch-ua":"\"Chromium\";v=\"116\", \"Not)A;Brand\";v=\"24\", \"Google Chrome\";v=\"116\"","sec-ch-ua-mobile":"?0","sec-ch-ua-platform":"\"Windows\""},"initialPriority":"VeryHigh","referrerPolicy":"unsafe-url"},"frameId":"D165F02B89151667DFD1BF49856829E7","resourceType":"Stylesheet","responseStatusCode":200,"responseStatusText":"","responseHeaders":[{"name":"Vary","value":"Origin"},{"name":"Vary","value":"Access-Control-Request-Method"},{"name":"Vary","value":"Access-Control-Request-Headers"},{"name":"Last-Modified","value":"Thu, 03 Aug 2023 10:18:16 GMT"},{"name":"Accept-Ranges","value":"bytes"},{"name":"Content-Type","value":"text/css"},{"name":"Content-Length","value":"700"},{"name":"Date","value":"Wed, 16 Aug 2023 13:20:22 GMT"}]},"sessionId":"69DE6D1A85B5D627489871F60443E14A"}
org.openqa.selenium.devtools.DevToolsException: {"id":1738,"error":{"code":-32602,"message":"Invalid InterceptionId."},"sessionId":"69DE6D1A85B5D627489871F60443E14A"}
Build info: version: '4.11.0', revision: '040bc5406b'
System info: os.name: 'Windows 10', os.arch: 'amd64', os.version: '10.0', java.version: '11.0.18'
Driver info: driver.version: unknown
	at org.openqa.selenium.devtools.Connection.sendAndWait(Connection.java:181)
	at org.openqa.selenium.devtools.DevTools.send(DevTools.java:81)
	at org.openqa.selenium.devtools.idealized.Network.lambda$prepareToInterceptTraffic$4(Network.java:194)
	at org.openqa.selenium.devtools.Connection.lambda$handle$4(Connection.java:321)
	at java.base/java.util.stream.ForEachOps$ForEachOp$OfRef.accept(ForEachOps.java:183)
	at java.base/java.util.stream.ReferencePipeline$2$1.accept(ReferencePipeline.java:177)
	at java.base/java.util.stream.ReferencePipeline$11$1.accept(ReferencePipeline.java:442)
	at java.base/java.util.HashMap$KeySpliterator.forEachRemaining(HashMap.java:1621)
	at java.base/java.util.stream.AbstractPipeline.copyInto(AbstractPipeline.java:484)
	at java.base/java.util.stream.AbstractPipeline.wrapAndCopyInto(AbstractPipeline.java:474)
	at java.base/java.util.stream.ForEachOps$ForEachOp.evaluateSequential(ForEachOps.java:150)
	at java.base/java.util.stream.ForEachOps$ForEachOp$OfRef.evaluateSequential(ForEachOps.java:173)
	at java.base/java.util.stream.AbstractPipeline.evaluate(AbstractPipeline.java:234)
	at java.base/java.util.stream.ReferencePipeline.forEach(ReferencePipeline.java:497)
	at org.openqa.selenium.devtools.Connection.handle(Connection.java:287)
	at org.openqa.selenium.devtools.Connection.access$200(Connection.java:57)
	at org.openqa.selenium.devtools.Connection$Listener.lambda$onText$0(Connection.java:224)
	at java.base/java.util.concurrent.ThreadPoolExecutor.runWorker(ThreadPoolExecutor.java:1128)
	at java.base/java.util.concurrent.ThreadPoolExecutor$Worker.run(ThreadPoolExecutor.java:628)
	at java.base/java.lang.Thread.run(Thread.java:829)
Caused by: org.openqa.selenium.WebDriverException: {"id":1738,"error":{"code":-32602,"message":"Invalid InterceptionId."},"sessionId":"69DE6D1A85B5D627489871F60443E14A"}
Build info: version: '4.11.0', revision: '040bc5406b'
System info: os.name: 'Windows 10', os.arch: 'amd64', os.version: '10.0', java.version: '11.0.18'
Driver info: driver.version: unknown
	at org.openqa.selenium.devtools.Connection.handle(Connection.java:260)
	... 5 more

Exception in thread "CDP Connection" org.openqa.selenium.devtools.DevToolsException: {"id":1738,"error":{"code":-32602,"message":"Invalid InterceptionId."},"sessionId":"69DE6D1A85B5D627489871F60443E14A"}
Build info: version: '4.11.0', revision: '040bc5406b'
System info: os.name: 'Windows 10', os.arch: 'amd64', os.version: '10.0', java.version: '11.0.18'
Driver info: driver.version: unknown
	at org.openqa.selenium.devtools.Connection$Listener.lambda$onText$0(Connection.java:227)
	at java.base/java.util.concurrent.ThreadPoolExecutor.runWorker(ThreadPoolExecutor.java:1128)
	at java.base/java.util.concurrent.ThreadPoolExecutor$Worker.run(ThreadPoolExecutor.java:628)
	at java.base/java.lang.Thread.run(Thread.java:829)
Caused by: org.openqa.selenium.devtools.DevToolsException: {"id":1738,"error":{"code":-32602,"message":"Invalid InterceptionId."},"sessionId":"69DE6D1A85B5D627489871F60443E14A"}
Build info: version: '4.11.0', revision: '040bc5406b'
System info: os.name: 'Windows 10', os.arch: 'amd64', os.version: '10.0', java.version: '11.0.18'
Driver info: driver.version: unknown
	at org.openqa.selenium.devtools.Connection.sendAndWait(Connection.java:181)
	at org.openqa.selenium.devtools.DevTools.send(DevTools.java:81)
	at org.openqa.selenium.devtools.idealized.Network.lambda$prepareToInterceptTraffic$4(Network.java:194)
	at org.openqa.selenium.devtools.Connection.lambda$handle$4(Connection.java:321)
	at java.base/java.util.stream.ForEachOps$ForEachOp$OfRef.accept(ForEachOps.java:183)
	at java.base/java.util.stream.ReferencePipeline$2$1.accept(ReferencePipeline.java:177)
	at java.base/java.util.stream.ReferencePipeline$11$1.accept(ReferencePipeline.java:442)
	at java.base/java.util.HashMap$KeySpliterator.forEachRemaining(HashMap.java:1621)
	at java.base/java.util.stream.AbstractPipeline.copyInto(AbstractPipeline.java:484)
	at java.base/java.util.stream.AbstractPipeline.wrapAndCopyInto(AbstractPipeline.java:474)
	at java.base/java.util.stream.ForEachOps$ForEachOp.evaluateSequential(ForEachOps.java:150)
	at java.base/java.util.stream.ForEachOps$ForEachOp$OfRef.evaluateSequential(ForEachOps.java:173)
	at java.base/java.util.stream.AbstractPipeline.evaluate(AbstractPipeline.java:234)
	at java.base/java.util.stream.ReferencePipeline.forEach(ReferencePipeline.java:497)
	at org.openqa.selenium.devtools.Connection.handle(Connection.java:287)
	at org.openqa.selenium.devtools.Connection.access$200(Connection.java:57)
	at org.openqa.selenium.devtools.Connection$Listener.lambda$onText$0(Connection.java:224)
	... 3 more
Caused by: org.openqa.selenium.WebDriverException: {"id":1738,"error":{"code":-32602,"message":"Invalid InterceptionId."},"sessionId":"69DE6D1A85B5D627489871F60443E14A"}
Build info: version: '4.11.0', revision: '040bc5406b'
System info: os.name: 'Windows 10', os.arch: 'amd64', os.version: '10.0', java.version: '11.0.18'
Driver info: driver.version: unknown
	at org.openqa.selenium.devtools.Connection.handle(Connection.java:260)
	... 5 more
авг. 16, 2023 4:22:18 PM org.openqa.selenium.devtools.Connection$Listener lambda$onText$0
WARNING: Unable to process: {"method":"Fetch.requestPaused","params":{"requestId":"interception-job-285.0","request":{"url":"http://localhost:8080/static/js/main.aab190f3.chunk.js","method":"GET","headers":{"Accept":"*/*","Referer":"http://localhost:8080/","User-Agent":"Mozilla/5.0 (Windows NT 10.0; Win64; x64) AppleWebKit/537.36 (KHTML, like Gecko) Chrome/116.0.0.0 Safari/537.36","sec-ch-ua":"\"Chromium\";v=\"116\", \"Not)A;Brand\";v=\"24\", \"Google Chrome\";v=\"116\"","sec-ch-ua-mobile":"?0","sec-ch-ua-platform":"\"Windows\""},"initialPriority":"High","referrerPolicy":"unsafe-url"},"frameId":"D165F02B89151667DFD1BF49856829E7","resourceType":"Script","responseStatusCode":200,"responseStatusText":"","responseHeaders":[{"name":"Vary","value":"Origin"},{"name":"Vary","value":"Access-Control-Request-Method"},{"name":"Vary","value":"Access-Control-Request-Headers"},{"name":"Last-Modified","value":"Thu, 03 Aug 2023 10:18:16 GMT"},{"name":"Accept-Ranges","value":"bytes"},{"name":"Content-Type","value":"application/javascript"},{"name":"Content-Length","value":"9137"},{"name":"Date","value":"Wed, 16 Aug 2023 13:20:22 GMT"}]},"sessionId":"69DE6D1A85B5D627489871F60443E14A"}
org.openqa.selenium.devtools.DevToolsException: {"id":1739,"error":{"code":-32602,"message":"Invalid InterceptionId."},"sessionId":"69DE6D1A85B5D627489871F60443E14A"}
Build info: version: '4.11.0', revision: '040bc5406b'
System info: os.name: 'Windows 10', os.arch: 'amd64', os.version: '10.0', java.version: '11.0.18'
Driver info: driver.version: unknown
	at org.openqa.selenium.devtools.Connection.sendAndWait(Connection.java:181)
	at org.openqa.selenium.devtools.DevTools.send(DevTools.java:81)
	at org.openqa.selenium.devtools.idealized.Network.lambda$prepareToInterceptTraffic$4(Network.java:194)
	at org.openqa.selenium.devtools.Connection.lambda$handle$4(Connection.java:321)
	at java.base/java.util.stream.ForEachOps$ForEachOp$OfRef.accept(ForEachOps.java:183)
	at java.base/java.util.stream.ReferencePipeline$2$1.accept(ReferencePipeline.java:177)
	at java.base/java.util.stream.ReferencePipeline$11$1.accept(ReferencePipeline.java:442)
	at java.base/java.util.HashMap$KeySpliterator.forEachRemaining(HashMap.java:1621)
	at java.base/java.util.stream.AbstractPipeline.copyInto(AbstractPipeline.java:484)
	at java.base/java.util.stream.AbstractPipeline.wrapAndCopyInto(AbstractPipeline.java:474)
	at java.base/java.util.stream.ForEachOps$ForEachOp.evaluateSequential(ForEachOps.java:150)
	at java.base/java.util.stream.ForEachOps$ForEachOp$OfRef.evaluateSequential(ForEachOps.java:173)
	at java.base/java.util.stream.AbstractPipeline.evaluate(AbstractPipeline.java:234)
	at java.base/java.util.stream.ReferencePipeline.forEach(ReferencePipeline.java:497)
	at org.openqa.selenium.devtools.Connection.handle(Connection.java:287)
	at org.openqa.selenium.devtools.Connection.access$200(Connection.java:57)
	at org.openqa.selenium.devtools.Connection$Listener.lambda$onText$0(Connection.java:224)
	at java.base/java.util.concurrent.ThreadPoolExecutor.runWorker(ThreadPoolExecutor.java:1128)
	at java.base/java.util.concurrent.ThreadPoolExecutor$Worker.run(ThreadPoolExecutor.java:628)
	at java.base/java.lang.Thread.run(Thread.java:829)
Caused by: org.openqa.selenium.WebDriverException: {"id":1739,"error":{"code":-32602,"message":"Invalid InterceptionId."},"sessionId":"69DE6D1A85B5D627489871F60443E14A"}
Build info: version: '4.11.0', revision: '040bc5406b'
System info: os.name: 'Windows 10', os.arch: 'amd64', os.version: '10.0', java.version: '11.0.18'
Driver info: driver.version: unknown
	at org.openqa.selenium.devtools.Connection.handle(Connection.java:260)
	... 5 more

Exception in thread "CDP Connection" org.openqa.selenium.devtools.DevToolsException: {"id":1739,"error":{"code":-32602,"message":"Invalid InterceptionId."},"sessionId":"69DE6D1A85B5D627489871F60443E14A"}
Build info: version: '4.11.0', revision: '040bc5406b'
System info: os.name: 'Windows 10', os.arch: 'amd64', os.version: '10.0', java.version: '11.0.18'
Driver info: driver.version: unknown
	at org.openqa.selenium.devtools.Connection$Listener.lambda$onText$0(Connection.java:227)
	at java.base/java.util.concurrent.ThreadPoolExecutor.runWorker(ThreadPoolExecutor.java:1128)
	at java.base/java.util.concurrent.ThreadPoolExecutor$Worker.run(ThreadPoolExecutor.java:628)
	at java.base/java.lang.Thread.run(Thread.java:829)
Caused by: org.openqa.selenium.devtools.DevToolsException: {"id":1739,"error":{"code":-32602,"message":"Invalid InterceptionId."},"sessionId":"69DE6D1A85B5D627489871F60443E14A"}
Build info: version: '4.11.0', revision: '040bc5406b'
System info: os.name: 'Windows 10', os.arch: 'amd64', os.version: '10.0', java.version: '11.0.18'
Driver info: driver.version: unknown
	at org.openqa.selenium.devtools.Connection.sendAndWait(Connection.java:181)
	at org.openqa.selenium.devtools.DevTools.send(DevTools.java:81)
	at org.openqa.selenium.devtools.idealized.Network.lambda$prepareToInterceptTraffic$4(Network.java:194)
	at org.openqa.selenium.devtools.Connection.lambda$handle$4(Connection.java:321)
	at java.base/java.util.stream.ForEachOps$ForEachOp$OfRef.accept(ForEachOps.java:183)
	at java.base/java.util.stream.ReferencePipeline$2$1.accept(ReferencePipeline.java:177)
	at java.base/java.util.stream.ReferencePipeline$11$1.accept(ReferencePipeline.java:442)
	at java.base/java.util.HashMap$KeySpliterator.forEachRemaining(HashMap.java:1621)
	at java.base/java.util.stream.AbstractPipeline.copyInto(AbstractPipeline.java:484)
	at java.base/java.util.stream.AbstractPipeline.wrapAndCopyInto(AbstractPipeline.java:474)
	at java.base/java.util.stream.ForEachOps$ForEachOp.evaluateSequential(ForEachOps.java:150)
	at java.base/java.util.stream.ForEachOps$ForEachOp$OfRef.evaluateSequential(ForEachOps.java:173)
	at java.base/java.util.stream.AbstractPipeline.evaluate(AbstractPipeline.java:234)
	at java.base/java.util.stream.ReferencePipeline.forEach(ReferencePipeline.java:497)
	at org.openqa.selenium.devtools.Connection.handle(Connection.java:287)
	at org.openqa.selenium.devtools.Connection.access$200(Connection.java:57)
	at org.openqa.selenium.devtools.Connection$Listener.lambda$onText$0(Connection.java:224)
	... 3 more
Caused by: org.openqa.selenium.WebDriverException: {"id":1739,"error":{"code":-32602,"message":"Invalid InterceptionId."},"sessionId":"69DE6D1A85B5D627489871F60443E14A"}
Build info: version: '4.11.0', revision: '040bc5406b'
System info: os.name: 'Windows 10', os.arch: 'amd64', os.version: '10.0', java.version: '11.0.18'
Driver info: driver.version: unknown
	at org.openqa.selenium.devtools.Connection.handle(Connection.java:260)
	... 5 more
авг. 16, 2023 4:22:18 PM org.openqa.selenium.devtools.Connection$Listener lambda$onText$0
WARNING: Unable to process: {"method":"Fetch.requestPaused","params":{"requestId":"interception-job-285.0","request":{"url":"http://localhost:8080/static/js/main.aab190f3.chunk.js","method":"GET","headers":{"Accept":"*/*","Referer":"http://localhost:8080/","User-Agent":"Mozilla/5.0 (Windows NT 10.0; Win64; x64) AppleWebKit/537.36 (KHTML, like Gecko) Chrome/116.0.0.0 Safari/537.36","sec-ch-ua":"\"Chromium\";v=\"116\", \"Not)A;Brand\";v=\"24\", \"Google Chrome\";v=\"116\"","sec-ch-ua-mobile":"?0","sec-ch-ua-platform":"\"Windows\""},"initialPriority":"High","referrerPolicy":"strict-origin-when-cross-origin"},"frameId":"D165F02B89151667DFD1BF49856829E7","resourceType":"Script"},"sessionId":"69DE6D1A85B5D627489871F60443E14A"}
org.openqa.selenium.devtools.DevToolsException: {"id":1740,"error":{"code":-32602,"message":"Invalid InterceptionId."},"sessionId":"69DE6D1A85B5D627489871F60443E14A"}
Build info: version: '4.11.0', revision: '040bc5406b'
System info: os.name: 'Windows 10', os.arch: 'amd64', os.version: '10.0', java.version: '11.0.18'
Driver info: driver.version: unknown
	at org.openqa.selenium.devtools.Connection.sendAndWait(Connection.java:181)
	at org.openqa.selenium.devtools.DevTools.send(DevTools.java:81)
	at org.openqa.selenium.devtools.idealized.Network.lambda$prepareToInterceptTraffic$3(Network.java:211)
	at org.openqa.selenium.remote.http.Filter.lambda$andFinally$1(Filter.java:55)
	at org.openqa.selenium.devtools.idealized.Network.lambda$prepareToInterceptTraffic$4(Network.java:226)
	at org.openqa.selenium.devtools.Connection.lambda$handle$4(Connection.java:321)
	at java.base/java.util.stream.ForEachOps$ForEachOp$OfRef.accept(ForEachOps.java:183)
	at java.base/java.util.stream.ReferencePipeline$2$1.accept(ReferencePipeline.java:177)
	at java.base/java.util.stream.ReferencePipeline$11$1.accept(ReferencePipeline.java:442)
	at java.base/java.util.HashMap$KeySpliterator.forEachRemaining(HashMap.java:1621)
	at java.base/java.util.stream.AbstractPipeline.copyInto(AbstractPipeline.java:484)
	at java.base/java.util.stream.AbstractPipeline.wrapAndCopyInto(AbstractPipeline.java:474)
	at java.base/java.util.stream.ForEachOps$ForEachOp.evaluateSequential(ForEachOps.java:150)
	at java.base/java.util.stream.ForEachOps$ForEachOp$OfRef.evaluateSequential(ForEachOps.java:173)
	at java.base/java.util.stream.AbstractPipeline.evaluate(AbstractPipeline.java:234)
	at java.base/java.util.stream.ReferencePipeline.forEach(ReferencePipeline.java:497)
	at org.openqa.selenium.devtools.Connection.handle(Connection.java:287)
	at org.openqa.selenium.devtools.Connection.access$200(Connection.java:57)
	at org.openqa.selenium.devtools.Connection$Listener.lambda$onText$0(Connection.java:224)
	at java.base/java.util.concurrent.ThreadPoolExecutor.runWorker(ThreadPoolExecutor.java:1128)
	at java.base/java.util.concurrent.ThreadPoolExecutor$Worker.run(ThreadPoolExecutor.java:628)
	at java.base/java.lang.Thread.run(Thread.java:829)
Caused by: org.openqa.selenium.WebDriverException: {"id":1740,"error":{"code":-32602,"message":"Invalid InterceptionId."},"sessionId":"69DE6D1A85B5D627489871F60443E14A"}
Build info: version: '4.11.0', revision: '040bc5406b'
System info: os.name: 'Windows 10', os.arch: 'amd64', os.version: '10.0', java.version: '11.0.18'
Driver info: driver.version: unknown
	at org.openqa.selenium.devtools.Connection.handle(Connection.java:260)
	... 5 more

авг. 16, 2023 4:22:18 PM org.openqa.selenium.devtools.Connection$Listener lambda$onText$0
WARNING: Unable to process: {"method":"Fetch.requestPaused","params":{"requestId":"interception-job-283.0","request":{"url":"http://localhost:8080/static/css/main.8978894b.chunk.css","method":"GET","headers":{"Accept":"text/css,*/*;q=0.1","Referer":"http://localhost:8080/","User-Agent":"Mozilla/5.0 (Windows NT 10.0; Win64; x64) AppleWebKit/537.36 (KHTML, like Gecko) Chrome/116.0.0.0 Safari/537.36","sec-ch-ua":"\"Chromium\";v=\"116\", \"Not)A;Brand\";v=\"24\", \"Google Chrome\";v=\"116\"","sec-ch-ua-mobile":"?0","sec-ch-ua-platform":"\"Windows\""},"initialPriority":"VeryHigh","referrerPolicy":"strict-origin-when-cross-origin"},"frameId":"D165F02B89151667DFD1BF49856829E7","resourceType":"Stylesheet"},"sessionId":"69DE6D1A85B5D627489871F60443E14A"}
org.openqa.selenium.devtools.DevToolsException: {"id":1741,"error":{"code":-32602,"message":"Invalid InterceptionId."},"sessionId":"69DE6D1A85B5D627489871F60443E14A"}
Build info: version: '4.11.0', revision: '040bc5406b'
System info: os.name: 'Windows 10', os.arch: 'amd64', os.version: '10.0', java.version: '11.0.18'
Driver info: driver.version: unknown
	at org.openqa.selenium.devtools.Connection.sendAndWait(Connection.java:181)
	at org.openqa.selenium.devtools.DevTools.send(DevTools.java:81)
	at org.openqa.selenium.devtools.idealized.Network.lambda$prepareToInterceptTraffic$3(Network.java:211)
	at org.openqa.selenium.remote.http.Filter.lambda$andFinally$1(Filter.java:55)
	at org.openqa.selenium.devtools.idealized.Network.lambda$prepareToInterceptTraffic$4(Network.java:226)
	at org.openqa.selenium.devtools.Connection.lambda$handle$4(Connection.java:321)
	at java.base/java.util.stream.ForEachOps$ForEachOp$OfRef.accept(ForEachOps.java:183)
	at java.base/java.util.stream.ReferencePipeline$2$1.accept(ReferencePipeline.java:177)
	at java.base/java.util.stream.ReferencePipeline$11$1.accept(ReferencePipeline.java:442)
	at java.base/java.util.HashMap$KeySpliterator.forEachRemaining(HashMap.java:1621)
	at java.base/java.util.stream.AbstractPipeline.copyInto(AbstractPipeline.java:484)
	at java.base/java.util.stream.AbstractPipeline.wrapAndCopyInto(AbstractPipeline.java:474)
	at java.base/java.util.stream.ForEachOps$ForEachOp.evaluateSequential(ForEachOps.java:150)
	at java.base/java.util.stream.ForEachOps$ForEachOp$OfRef.evaluateSequential(ForEachOps.java:173)
	at java.base/java.util.stream.AbstractPipeline.evaluate(AbstractPipeline.java:234)
	at java.base/java.util.stream.ReferencePipeline.forEach(ReferencePipeline.java:497)
	at org.openqa.selenium.devtools.Connection.handle(Connection.java:287)
	at org.openqa.selenium.devtools.Connection.access$200(Connection.java:57)
	at org.openqa.selenium.devtools.Connection$Listener.lambda$onText$0(Connection.java:224)
	at java.base/java.util.concurrent.ThreadPoolExecutor.runWorker(ThreadPoolExecutor.java:1128)
	at java.base/java.util.concurrent.ThreadPoolExecutor$Worker.run(ThreadPoolExecutor.java:628)
	at java.base/java.lang.Thread.run(Thread.java:829)
Caused by: org.openqa.selenium.WebDriverException: {"id":1741,"error":{"code":-32602,"message":"Invalid InterceptionId."},"sessionId":"69DE6D1A85B5D627489871F60443E14A"}
Build info: version: '4.11.0', revision: '040bc5406b'
System info: os.name: 'Windows 10', os.arch: 'amd64', os.version: '10.0', java.version: '11.0.18'
Driver info: driver.version: unknown
	at org.openqa.selenium.devtools.Connection.handle(Connection.java:260)
	... 5 more

Exception in thread "CDP Connection" org.openqa.selenium.devtools.DevToolsException: {"id":1741,"error":{"code":-32602,"message":"Invalid InterceptionId."},"sessionId":"69DE6D1A85B5D627489871F60443E14A"}
Build info: version: '4.11.0', revision: '040bc5406b'
System info: os.name: 'Windows 10', os.arch: 'amd64', os.version: '10.0', java.version: '11.0.18'
Driver info: driver.version: unknown
	at org.openqa.selenium.devtools.Connection$Listener.lambda$onText$0(Connection.java:227)
	at java.base/java.util.concurrent.ThreadPoolExecutor.runWorker(ThreadPoolExecutor.java:1128)
	at java.base/java.util.concurrent.ThreadPoolExecutor$Worker.run(ThreadPoolExecutor.java:628)
	at java.base/java.lang.Thread.run(Thread.java:829)
Caused by: org.openqa.selenium.devtools.DevToolsException: {"id":1741,"error":{"code":-32602,"message":"Invalid InterceptionId."},"sessionId":"69DE6D1A85B5D627489871F60443E14A"}
Build info: version: '4.11.0', revision: '040bc5406b'
System info: os.name: 'Windows 10', os.arch: 'amd64', os.version: '10.0', java.version: '11.0.18'
Driver info: driver.version: unknown
	at org.openqa.selenium.devtools.Connection.sendAndWait(Connection.java:181)
	at org.openqa.selenium.devtools.DevTools.send(DevTools.java:81)
	at org.openqa.selenium.devtools.idealized.Network.lambda$prepareToInterceptTraffic$3(Network.java:211)
	at org.openqa.selenium.remote.http.Filter.lambda$andFinally$1(Filter.java:55)
	at org.openqa.selenium.devtools.idealized.Network.lambda$prepareToInterceptTraffic$4(Network.java:226)
	at org.openqa.selenium.devtools.Connection.lambda$handle$4(Connection.java:321)
	at java.base/java.util.stream.ForEachOps$ForEachOp$OfRef.accept(ForEachOps.java:183)
	at java.base/java.util.stream.ReferencePipeline$2$1.accept(ReferencePipeline.java:177)
	at java.base/java.util.stream.ReferencePipeline$11$1.accept(ReferencePipeline.java:442)
	at java.base/java.util.HashMap$KeySpliterator.forEachRemaining(HashMap.java:1621)
	at java.base/java.util.stream.AbstractPipeline.copyInto(AbstractPipeline.java:484)
	at java.base/java.util.stream.AbstractPipeline.wrapAndCopyInto(AbstractPipeline.java:474)
	at java.base/java.util.stream.ForEachOps$ForEachOp.evaluateSequential(ForEachOps.java:150)
	at java.base/java.util.stream.ForEachOps$ForEachOp$OfRef.evaluateSequential(ForEachOps.java:173)
	at java.base/java.util.stream.AbstractPipeline.evaluate(AbstractPipeline.java:234)
	at java.base/java.util.stream.ReferencePipeline.forEach(ReferencePipeline.java:497)
	at org.openqa.selenium.devtools.Connection.handle(Connection.java:287)
	at org.openqa.selenium.devtools.Connection.access$200(Connection.java:57)
	at org.openqa.selenium.devtools.Connection$Listener.lambda$onText$0(Connection.java:224)
	... 3 more
Caused by: org.openqa.selenium.WebDriverException: {"id":1741,"error":{"code":-32602,"message":"Invalid InterceptionId."},"sessionId":"69DE6D1A85B5D627489871F60443E14A"}
Build info: version: '4.11.0', revision: '040bc5406b'
System info: os.name: 'Windows 10', os.arch: 'amd64', os.version: '10.0', java.version: '11.0.18'
Driver info: driver.version: unknown
	at org.openqa.selenium.devtools.Connection.handle(Connection.java:260)
	... 5 more
авг. 16, 2023 4:22:18 PM org.openqa.selenium.devtools.Connection$Listener lambda$onText$0
WARNING: Unable to process: {"method":"Fetch.requestPaused","params":{"requestId":"interception-job-282.0","request":{"url":"http://localhost:8080/static/css/2.7d875902.chunk.css","method":"GET","headers":{"Accept":"text/css,*/*;q=0.1","Referer":"http://localhost:8080/","User-Agent":"Mozilla/5.0 (Windows NT 10.0; Win64; x64) AppleWebKit/537.36 (KHTML, like Gecko) Chrome/116.0.0.0 Safari/537.36","sec-ch-ua":"\"Chromium\";v=\"116\", \"Not)A;Brand\";v=\"24\", \"Google Chrome\";v=\"116\"","sec-ch-ua-mobile":"?0","sec-ch-ua-platform":"\"Windows\""},"initialPriority":"VeryHigh","referrerPolicy":"unsafe-url"},"frameId":"D165F02B89151667DFD1BF49856829E7","resourceType":"Stylesheet","responseStatusCode":200,"responseStatusText":"","responseHeaders":[{"name":"Vary","value":"Origin"},{"name":"Vary","value":"Access-Control-Request-Method"},{"name":"Vary","value":"Access-Control-Request-Headers"},{"name":"Last-Modified","value":"Thu, 03 Aug 2023 10:18:16 GMT"},{"name":"Accept-Ranges","value":"bytes"},{"name":"Content-Type","value":"text/css"},{"name":"Content-Length","value":"87563"},{"name":"Date","value":"Wed, 16 Aug 2023 13:20:22 GMT"}]},"sessionId":"69DE6D1A85B5D627489871F60443E14A"}
org.openqa.selenium.devtools.DevToolsException: {"id":1744,"error":{"code":-32602,"message":"Invalid InterceptionId."},"sessionId":"69DE6D1A85B5D627489871F60443E14A"}
Build info: version: '4.11.0', revision: '040bc5406b'
System info: os.name: 'Windows 10', os.arch: 'amd64', os.version: '10.0', java.version: '11.0.18'
Driver info: driver.version: unknown
	at org.openqa.selenium.devtools.Connection.sendAndWait(Connection.java:181)
	at org.openqa.selenium.devtools.DevTools.send(DevTools.java:81)
	at org.openqa.selenium.devtools.idealized.Network.lambda$prepareToInterceptTraffic$4(Network.java:194)
	at org.openqa.selenium.devtools.Connection.lambda$handle$4(Connection.java:321)
	at java.base/java.util.stream.ForEachOps$ForEachOp$OfRef.accept(ForEachOps.java:183)
	at java.base/java.util.stream.ReferencePipeline$2$1.accept(ReferencePipeline.java:177)
	at java.base/java.util.stream.ReferencePipeline$11$1.accept(ReferencePipeline.java:442)
	at java.base/java.util.HashMap$KeySpliterator.forEachRemaining(HashMap.java:1621)
	at java.base/java.util.stream.AbstractPipeline.copyInto(AbstractPipeline.java:484)
	at java.base/java.util.stream.AbstractPipeline.wrapAndCopyInto(AbstractPipeline.java:474)
	at java.base/java.util.stream.ForEachOps$ForEachOp.evaluateSequential(ForEachOps.java:150)
	at java.base/java.util.stream.ForEachOps$ForEachOp$OfRef.evaluateSequential(ForEachOps.java:173)
	at java.base/java.util.stream.AbstractPipeline.evaluate(AbstractPipeline.java:234)
	at java.base/java.util.stream.ReferencePipeline.forEach(ReferencePipeline.java:497)
	at org.openqa.selenium.devtools.Connection.handle(Connection.java:287)
	at org.openqa.selenium.devtools.Connection.access$200(Connection.java:57)
	at org.openqa.selenium.devtools.Connection$Listener.lambda$onText$0(Connection.java:224)
	at java.base/java.util.concurrent.ThreadPoolExecutor.runWorker(ThreadPoolExecutor.java:1128)
	at java.base/java.util.concurrent.ThreadPoolExecutor$Worker.run(ThreadPoolExecutor.java:628)
	at java.base/java.lang.Thread.run(Thread.java:829)
Caused by: org.openqa.selenium.WebDriverException: {"id":1744,"error":{"code":-32602,"message":"Invalid InterceptionId."},"sessionId":"69DE6D1A85B5D627489871F60443E14A"}
Build info: version: '4.11.0', revision: '040bc5406b'
System info: os.name: 'Windows 10', os.arch: 'amd64', os.version: '10.0', java.version: '11.0.18'
Driver info: driver.version: unknown
	at org.openqa.selenium.devtools.Connection.handle(Connection.java:260)
	... 5 more

Exception in thread "CDP Connection" org.openqa.selenium.devtools.DevToolsException: {"id":1744,"error":{"code":-32602,"message":"Invalid InterceptionId."},"sessionId":"69DE6D1A85B5D627489871F60443E14A"}
Build info: version: '4.11.0', revision: '040bc5406b'
System info: os.name: 'Windows 10', os.arch: 'amd64', os.version: '10.0', java.version: '11.0.18'
Driver info: driver.version: unknown
	at org.openqa.selenium.devtools.Connection$Listener.lambda$onText$0(Connection.java:227)
	at java.base/java.util.concurrent.ThreadPoolExecutor.runWorker(ThreadPoolExecutor.java:1128)
	at java.base/java.util.concurrent.ThreadPoolExecutor$Worker.run(ThreadPoolExecutor.java:628)
	at java.base/java.lang.Thread.run(Thread.java:829)
Caused by: org.openqa.selenium.devtools.DevToolsException: {"id":1744,"error":{"code":-32602,"message":"Invalid InterceptionId."},"sessionId":"69DE6D1A85B5D627489871F60443E14A"}
Build info: version: '4.11.0', revision: '040bc5406b'
System info: os.name: 'Windows 10', os.arch: 'amd64', os.version: '10.0', java.version: '11.0.18'
Driver info: driver.version: unknown
	at org.openqa.selenium.devtools.Connection.sendAndWait(Connection.java:181)
	at org.openqa.selenium.devtools.DevTools.send(DevTools.java:81)
	at org.openqa.selenium.devtools.idealized.Network.lambda$prepareToInterceptTraffic$4(Network.java:194)
	at org.openqa.selenium.devtools.Connection.lambda$handle$4(Connection.java:321)
	at java.base/java.util.stream.ForEachOps$ForEachOp$OfRef.accept(ForEachOps.java:183)
	at java.base/java.util.stream.ReferencePipeline$2$1.accept(ReferencePipeline.java:177)
	at java.base/java.util.stream.ReferencePipeline$11$1.accept(ReferencePipeline.java:442)
	at java.base/java.util.HashMap$KeySpliterator.forEachRemaining(HashMap.java:1621)
	at java.base/java.util.stream.AbstractPipeline.copyInto(AbstractPipeline.java:484)
	at java.base/java.util.stream.AbstractPipeline.wrapAndCopyInto(AbstractPipeline.java:474)
	at java.base/java.util.stream.ForEachOps$ForEachOp.evaluateSequential(ForEachOps.java:150)
	at java.base/java.util.stream.ForEachOps$ForEachOp$OfRef.evaluateSequential(ForEachOps.java:173)
	at java.base/java.util.stream.AbstractPipeline.evaluate(AbstractPipeline.java:234)
	at java.base/java.util.stream.ReferencePipeline.forEach(ReferencePipeline.java:497)
	at org.openqa.selenium.devtools.Connection.handle(Connection.java:287)
	at org.openqa.selenium.devtools.Connection.access$200(Connection.java:57)
	at org.openqa.selenium.devtools.Connection$Listener.lambda$onText$0(Connection.java:224)
	... 3 more
Caused by: org.openqa.selenium.WebDriverException: {"id":1744,"error":{"code":-32602,"message":"Invalid InterceptionId."},"sessionId":"69DE6D1A85B5D627489871F60443E14A"}
Build info: version: '4.11.0', revision: '040bc5406b'
System info: os.name: 'Windows 10', os.arch: 'amd64', os.version: '10.0', java.version: '11.0.18'
Driver info: driver.version: unknown
	at org.openqa.selenium.devtools.Connection.handle(Connection.java:260)
	... 5 more
авг. 16, 2023 4:22:18 PM org.openqa.selenium.devtools.Connection$Listener lambda$onText$0
WARNING: Unable to process: {"method":"Fetch.requestPaused","params":{"requestId":"interception-job-282.0","request":{"url":"http://localhost:8080/static/css/2.7d875902.chunk.css","method":"GET","headers":{"Accept":"text/css,*/*;q=0.1","Referer":"http://localhost:8080/","User-Agent":"Mozilla/5.0 (Windows NT 10.0; Win64; x64) AppleWebKit/537.36 (KHTML, like Gecko) Chrome/116.0.0.0 Safari/537.36","sec-ch-ua":"\"Chromium\";v=\"116\", \"Not)A;Brand\";v=\"24\", \"Google Chrome\";v=\"116\"","sec-ch-ua-mobile":"?0","sec-ch-ua-platform":"\"Windows\""},"initialPriority":"VeryHigh","referrerPolicy":"strict-origin-when-cross-origin"},"frameId":"D165F02B89151667DFD1BF49856829E7","resourceType":"Stylesheet"},"sessionId":"69DE6D1A85B5D627489871F60443E14A"}
org.openqa.selenium.devtools.DevToolsException: {"id":1745,"error":{"code":-32602,"message":"Invalid InterceptionId."},"sessionId":"69DE6D1A85B5D627489871F60443E14A"}
Build info: version: '4.11.0', revision: '040bc5406b'
System info: os.name: 'Windows 10', os.arch: 'amd64', os.version: '10.0', java.version: '11.0.18'
Driver info: driver.version: unknown
	at org.openqa.selenium.devtools.Connection.sendAndWait(Connection.java:181)
	at org.openqa.selenium.devtools.DevTools.send(DevTools.java:81)
	at org.openqa.selenium.devtools.idealized.Network.lambda$prepareToInterceptTraffic$3(Network.java:211)
	at org.openqa.selenium.remote.http.Filter.lambda$andFinally$1(Filter.java:55)
	at org.openqa.selenium.devtools.idealized.Network.lambda$prepareToInterceptTraffic$4(Network.java:226)
	at org.openqa.selenium.devtools.Connection.lambda$handle$4(Connection.java:321)
	at java.base/java.util.stream.ForEachOps$ForEachOp$OfRef.accept(ForEachOps.java:183)
	at java.base/java.util.stream.ReferencePipeline$2$1.accept(ReferencePipeline.java:177)
	at java.base/java.util.stream.ReferencePipeline$11$1.accept(ReferencePipeline.java:442)
	at java.base/java.util.HashMap$KeySpliterator.forEachRemaining(HashMap.java:1621)
	at java.base/java.util.stream.AbstractPipeline.copyInto(AbstractPipeline.java:484)
	at java.base/java.util.stream.AbstractPipeline.wrapAndCopyInto(AbstractPipeline.java:474)
	at java.base/java.util.stream.ForEachOps$ForEachOp.evaluateSequential(ForEachOps.java:150)
	at java.base/java.util.stream.ForEachOps$ForEachOp$OfRef.evaluateSequential(ForEachOps.java:173)
	at java.base/java.util.stream.AbstractPipeline.evaluate(AbstractPipeline.java:234)
	at java.base/java.util.stream.ReferencePipeline.forEach(ReferencePipeline.java:497)
	at org.openqa.selenium.devtools.Connection.handle(Connection.java:287)
	at org.openqa.selenium.devtools.Connection.access$200(Connection.java:57)
	at org.openqa.selenium.devtools.Connection$Listener.lambda$onText$0(Connection.java:224)
	at java.base/java.util.concurrent.ThreadPoolExecutor.runWorker(ThreadPoolExecutor.java:1128)
	at java.base/java.util.concurrent.ThreadPoolExecutor$Worker.run(ThreadPoolExecutor.java:628)
	at java.base/java.lang.Thread.run(Thread.java:829)
Caused by: org.openqa.selenium.WebDriverException: {"id":1745,"error":{"code":-32602,"message":"Invalid InterceptionId."},"sessionId":"69DE6D1A85B5D627489871F60443E14A"}
Build info: version: '4.11.0', revision: '040bc5406b'
System info: os.name: 'Windows 10', os.arch: 'amd64', os.version: '10.0', java.version: '11.0.18'
Driver info: driver.version: unknown
	at org.openqa.selenium.devtools.Connection.handle(Connection.java:260)
	... 5 more

Exception in thread "CDP Connection" org.openqa.selenium.devtools.DevToolsException: {"id":1745,"error":{"code":-32602,"message":"Invalid InterceptionId."},"sessionId":"69DE6D1A85B5D627489871F60443E14A"}
Build info: version: '4.11.0', revision: '040bc5406b'
System info: os.name: 'Windows 10', os.arch: 'amd64', os.version: '10.0', java.version: '11.0.18'
Driver info: driver.version: unknown
	at org.openqa.selenium.devtools.Connection$Listener.lambda$onText$0(Connection.java:227)
	at java.base/java.util.concurrent.ThreadPoolExecutor.runWorker(ThreadPoolExecutor.java:1128)
	at java.base/java.util.concurrent.ThreadPoolExecutor$Worker.run(ThreadPoolExecutor.java:628)
	at java.base/java.lang.Thread.run(Thread.java:829)
Caused by: org.openqa.selenium.devtools.DevToolsException: {"id":1745,"error":{"code":-32602,"message":"Invalid InterceptionId."},"sessionId":"69DE6D1A85B5D627489871F60443E14A"}
Build info: version: '4.11.0', revision: '040bc5406b'
System info: os.name: 'Windows 10', os.arch: 'amd64', os.version: '10.0', java.version: '11.0.18'
Driver info: driver.version: unknown
	at org.openqa.selenium.devtools.Connection.sendAndWait(Connection.java:181)
	at org.openqa.selenium.devtools.DevTools.send(DevTools.java:81)
	at org.openqa.selenium.devtools.idealized.Network.lambda$prepareToInterceptTraffic$3(Network.java:211)
	at org.openqa.selenium.remote.http.Filter.lambda$andFinally$1(Filter.java:55)
	at org.openqa.selenium.devtools.idealized.Network.lambda$prepareToInterceptTraffic$4(Network.java:226)
	at org.openqa.selenium.devtools.Connection.lambda$handle$4(Connection.java:321)
	at java.base/java.util.stream.ForEachOps$ForEachOp$OfRef.accept(ForEachOps.java:183)
	at java.base/java.util.stream.ReferencePipeline$2$1.accept(ReferencePipeline.java:177)
	at java.base/java.util.stream.ReferencePipeline$11$1.accept(ReferencePipeline.java:442)
	at java.base/java.util.HashMap$KeySpliterator.forEachRemaining(HashMap.java:1621)
	at java.base/java.util.stream.AbstractPipeline.copyInto(AbstractPipeline.java:484)
	at java.base/java.util.stream.AbstractPipeline.wrapAndCopyInto(AbstractPipeline.java:474)
	at java.base/java.util.stream.ForEachOps$ForEachOp.evaluateSequential(ForEachOps.java:150)
	at java.base/java.util.stream.ForEachOps$ForEachOp$OfRef.evaluateSequential(ForEachOps.java:173)
	at java.base/java.util.stream.AbstractPipeline.evaluate(AbstractPipeline.java:234)
	at java.base/java.util.stream.ReferencePipeline.forEach(ReferencePipeline.java:497)
	at org.openqa.selenium.devtools.Connection.handle(Connection.java:287)
	at org.openqa.selenium.devtools.Connection.access$200(Connection.java:57)
	at org.openqa.selenium.devtools.Connection$Listener.lambda$onText$0(Connection.java:224)
	... 3 more
Caused by: org.openqa.selenium.WebDriverException: {"id":1745,"error":{"code":-32602,"message":"Invalid InterceptionId."},"sessionId":"69DE6D1A85B5D627489871F60443E14A"}
Build info: version: '4.11.0', revision: '040bc5406b'
System info: os.name: 'Windows 10', os.arch: 'amd64', os.version: '10.0', java.version: '11.0.18'
Driver info: driver.version: unknown
	at org.openqa.selenium.devtools.Connection.handle(Connection.java:260)
	... 5 more
Exception in thread "CDP Connection" org.openqa.selenium.devtools.DevToolsException: {"id":1740,"error":{"code":-32602,"message":"Invalid InterceptionId."},"sessionId":"69DE6D1A85B5D627489871F60443E14A"}
Build info: version: '4.11.0', revision: '040bc5406b'
System info: os.name: 'Windows 10', os.arch: 'amd64', os.version: '10.0', java.version: '11.0.18'
Driver info: driver.version: unknown
	at org.openqa.selenium.devtools.Connection$Listener.lambda$onText$0(Connection.java:227)
	at java.base/java.util.concurrent.ThreadPoolExecutor.runWorker(ThreadPoolExecutor.java:1128)
	at java.base/java.util.concurrent.ThreadPoolExecutor$Worker.run(ThreadPoolExecutor.java:628)
	at java.base/java.lang.Thread.run(Thread.java:829)
Caused by: org.openqa.selenium.devtools.DevToolsException: {"id":1740,"error":{"code":-32602,"message":"Invalid InterceptionId."},"sessionId":"69DE6D1A85B5D627489871F60443E14A"}
Build info: version: '4.11.0', revision: '040bc5406b'
System info: os.name: 'Windows 10', os.arch: 'amd64', os.version: '10.0', java.version: '11.0.18'
Driver info: driver.version: unknown
	at org.openqa.selenium.devtools.Connection.sendAndWait(Connection.java:181)
	at org.openqa.selenium.devtools.DevTools.send(DevTools.java:81)
	at org.openqa.selenium.devtools.idealized.Network.lambda$prepareToInterceptTraffic$3(Network.java:211)
	at org.openqa.selenium.remote.http.Filter.lambda$andFinally$1(Filter.java:55)
	at org.openqa.selenium.devtools.idealized.Network.lambda$prepareToInterceptTraffic$4(Network.java:226)
	at org.openqa.selenium.devtools.Connection.lambda$handle$4(Connection.java:321)
	at java.base/java.util.stream.ForEachOps$ForEachOp$OfRef.accept(ForEachOps.java:183)
	at java.base/java.util.stream.ReferencePipeline$2$1.accept(ReferencePipeline.java:177)
	at java.base/java.util.stream.ReferencePipeline$11$1.accept(ReferencePipeline.java:442)
	at java.base/java.util.HashMap$KeySpliterator.forEachRemaining(HashMap.java:1621)
	at java.base/java.util.stream.AbstractPipeline.copyInto(AbstractPipeline.java:484)
	at java.base/java.util.stream.AbstractPipeline.wrapAndCopyInto(AbstractPipeline.java:474)
	at java.base/java.util.stream.ForEachOps$ForEachOp.evaluateSequential(ForEachOps.java:150)
	at java.base/java.util.stream.ForEachOps$ForEachOp$OfRef.evaluateSequential(ForEachOps.java:173)
	at java.base/java.util.stream.AbstractPipeline.evaluate(AbstractPipeline.java:234)
	at java.base/java.util.stream.ReferencePipeline.forEach(ReferencePipeline.java:497)
	at org.openqa.selenium.devtools.Connection.handle(Connection.java:287)
	at org.openqa.selenium.devtools.Connection.access$200(Connection.java:57)
	at org.openqa.selenium.devtools.Connection$Listener.lambda$onText$0(Connection.java:224)
	... 3 more
Caused by: org.openqa.selenium.WebDriverException: {"id":1740,"error":{"code":-32602,"message":"Invalid InterceptionId."},"sessionId":"69DE6D1A85B5D627489871F60443E14A"}
Build info: version: '4.11.0', revision: '040bc5406b'
System info: os.name: 'Windows 10', os.arch: 'amd64', os.version: '10.0', java.version: '11.0.18'
Driver info: driver.version: unknown
	at org.openqa.selenium.devtools.Connection.handle(Connection.java:260)
	... 5 more
авг. 16, 2023 4:22:18 PM org.openqa.selenium.devtools.Connection$Listener lambda$onText$0
WARNING: Unable to process: {"method":"Fetch.requestPaused","params":{"requestId":"interception-job-284.0","request":{"url":"http://localhost:8080/static/js/2.0716afe8.chunk.js","method":"GET","headers":{"Accept":"*/*","Referer":"http://localhost:8080/","User-Agent":"Mozilla/5.0 (Windows NT 10.0; Win64; x64) AppleWebKit/537.36 (KHTML, like Gecko) Chrome/116.0.0.0 Safari/537.36","sec-ch-ua":"\"Chromium\";v=\"116\", \"Not)A;Brand\";v=\"24\", \"Google Chrome\";v=\"116\"","sec-ch-ua-mobile":"?0","sec-ch-ua-platform":"\"Windows\""},"initialPriority":"High","referrerPolicy":"unsafe-url"},"frameId":"D165F02B89151667DFD1BF49856829E7","resourceType":"Script","responseStatusCode":200,"responseStatusText":"","responseHeaders":[{"name":"Vary","value":"Origin"},{"name":"Vary","value":"Access-Control-Request-Method"},{"name":"Vary","value":"Access-Control-Request-Headers"},{"name":"Last-Modified","value":"Thu, 03 Aug 2023 10:18:16 GMT"},{"name":"Accept-Ranges","value":"bytes"},{"name":"Content-Type","value":"application/javascript"},{"name":"Content-Length","value":"228167"},{"name":"Date","value":"Wed, 16 Aug 2023 13:20:22 GMT"}]},"sessionId":"69DE6D1A85B5D627489871F60443E14A"}
org.openqa.selenium.devtools.DevToolsException: {"id":1748,"error":{"code":-32602,"message":"Invalid InterceptionId."},"sessionId":"69DE6D1A85B5D627489871F60443E14A"}
Build info: version: '4.11.0', revision: '040bc5406b'
System info: os.name: 'Windows 10', os.arch: 'amd64', os.version: '10.0', java.version: '11.0.18'
Driver info: driver.version: unknown
	at org.openqa.selenium.devtools.Connection.sendAndWait(Connection.java:181)
	at org.openqa.selenium.devtools.DevTools.send(DevTools.java:81)
	at org.openqa.selenium.devtools.idealized.Network.lambda$prepareToInterceptTraffic$4(Network.java:194)
	at org.openqa.selenium.devtools.Connection.lambda$handle$4(Connection.java:321)
	at java.base/java.util.stream.ForEachOps$ForEachOp$OfRef.accept(ForEachOps.java:183)
	at java.base/java.util.stream.ReferencePipeline$2$1.accept(ReferencePipeline.java:177)
	at java.base/java.util.stream.ReferencePipeline$11$1.accept(ReferencePipeline.java:442)
	at java.base/java.util.HashMap$KeySpliterator.forEachRemaining(HashMap.java:1621)
	at java.base/java.util.stream.AbstractPipeline.copyInto(AbstractPipeline.java:484)
	at java.base/java.util.stream.AbstractPipeline.wrapAndCopyInto(AbstractPipeline.java:474)
	at java.base/java.util.stream.ForEachOps$ForEachOp.evaluateSequential(ForEachOps.java:150)
	at java.base/java.util.stream.ForEachOps$ForEachOp$OfRef.evaluateSequential(ForEachOps.java:173)
	at java.base/java.util.stream.AbstractPipeline.evaluate(AbstractPipeline.java:234)
	at java.base/java.util.stream.ReferencePipeline.forEach(ReferencePipeline.java:497)
	at org.openqa.selenium.devtools.Connection.handle(Connection.java:287)
	at org.openqa.selenium.devtools.Connection.access$200(Connection.java:57)
	at org.openqa.selenium.devtools.Connection$Listener.lambda$onText$0(Connection.java:224)
	at java.base/java.util.concurrent.ThreadPoolExecutor.runWorker(ThreadPoolExecutor.java:1128)
	at java.base/java.util.concurrent.ThreadPoolExecutor$Worker.run(ThreadPoolExecutor.java:628)
	at java.base/java.lang.Thread.run(Thread.java:829)
Caused by: org.openqa.selenium.WebDriverException: {"id":1748,"error":{"code":-32602,"message":"Invalid InterceptionId."},"sessionId":"69DE6D1A85B5D627489871F60443E14A"}
Build info: version: '4.11.0', revision: '040bc5406b'
System info: os.name: 'Windows 10', os.arch: 'amd64', os.version: '10.0', java.version: '11.0.18'
Driver info: driver.version: unknown
	at org.openqa.selenium.devtools.Connection.handle(Connection.java:260)
	... 5 more

Exception in thread "CDP Connection" org.openqa.selenium.devtools.DevToolsException: {"id":1748,"error":{"code":-32602,"message":"Invalid InterceptionId."},"sessionId":"69DE6D1A85B5D627489871F60443E14A"}
Build info: version: '4.11.0', revision: '040bc5406b'
System info: os.name: 'Windows 10', os.arch: 'amd64', os.version: '10.0', java.version: '11.0.18'
Driver info: driver.version: unknown
	at org.openqa.selenium.devtools.Connection$Listener.lambda$onText$0(Connection.java:227)
	at java.base/java.util.concurrent.ThreadPoolExecutor.runWorker(ThreadPoolExecutor.java:1128)
	at java.base/java.util.concurrent.ThreadPoolExecutor$Worker.run(ThreadPoolExecutor.java:628)
	at java.base/java.lang.Thread.run(Thread.java:829)
Caused by: org.openqa.selenium.devtools.DevToolsException: {"id":1748,"error":{"code":-32602,"message":"Invalid InterceptionId."},"sessionId":"69DE6D1A85B5D627489871F60443E14A"}
Build info: version: '4.11.0', revision: '040bc5406b'
System info: os.name: 'Windows 10', os.arch: 'amd64', os.version: '10.0', java.version: '11.0.18'
Driver info: driver.version: unknown
	at org.openqa.selenium.devtools.Connection.sendAndWait(Connection.java:181)
	at org.openqa.selenium.devtools.DevTools.send(DevTools.java:81)
	at org.openqa.selenium.devtools.idealized.Network.lambda$prepareToInterceptTraffic$4(Network.java:194)
	at org.openqa.selenium.devtools.Connection.lambda$handle$4(Connection.java:321)
	at java.base/java.util.stream.ForEachOps$ForEachOp$OfRef.accept(ForEachOps.java:183)
	at java.base/java.util.stream.ReferencePipeline$2$1.accept(ReferencePipeline.java:177)
	at java.base/java.util.stream.ReferencePipeline$11$1.accept(ReferencePipeline.java:442)
	at java.base/java.util.HashMap$KeySpliterator.forEachRemaining(HashMap.java:1621)
	at java.base/java.util.stream.AbstractPipeline.copyInto(AbstractPipeline.java:484)
	at java.base/java.util.stream.AbstractPipeline.wrapAndCopyInto(AbstractPipeline.java:474)
	at java.base/java.util.stream.ForEachOps$ForEachOp.evaluateSequential(ForEachOps.java:150)
	at java.base/java.util.stream.ForEachOps$ForEachOp$OfRef.evaluateSequential(ForEachOps.java:173)
	at java.base/java.util.stream.AbstractPipeline.evaluate(AbstractPipeline.java:234)
	at java.base/java.util.stream.ReferencePipeline.forEach(ReferencePipeline.java:497)
	at org.openqa.selenium.devtools.Connection.handle(Connection.java:287)
	at org.openqa.selenium.devtools.Connection.access$200(Connection.java:57)
	at org.openqa.selenium.devtools.Connection$Listener.lambda$onText$0(Connection.java:224)
	... 3 more
Caused by: org.openqa.selenium.WebDriverException: {"id":1748,"error":{"code":-32602,"message":"Invalid InterceptionId."},"sessionId":"69DE6D1A85B5D627489871F60443E14A"}
Build info: version: '4.11.0', revision: '040bc5406b'
System info: os.name: 'Windows 10', os.arch: 'amd64', os.version: '10.0', java.version: '11.0.18'
Driver info: driver.version: unknown
	at org.openqa.selenium.devtools.Connection.handle(Connection.java:260)
	... 5 more
авг. 16, 2023 4:22:18 PM org.openqa.selenium.devtools.Connection$Listener lambda$onText$0
WARNING: Unable to process: {"method":"Fetch.requestPaused","params":{"requestId":"interception-job-284.0","request":{"url":"http://localhost:8080/static/js/2.0716afe8.chunk.js","method":"GET","headers":{"Accept":"*/*","Referer":"http://localhost:8080/","User-Agent":"Mozilla/5.0 (Windows NT 10.0; Win64; x64) AppleWebKit/537.36 (KHTML, like Gecko) Chrome/116.0.0.0 Safari/537.36","sec-ch-ua":"\"Chromium\";v=\"116\", \"Not)A;Brand\";v=\"24\", \"Google Chrome\";v=\"116\"","sec-ch-ua-mobile":"?0","sec-ch-ua-platform":"\"Windows\""},"initialPriority":"High","referrerPolicy":"strict-origin-when-cross-origin"},"frameId":"D165F02B89151667DFD1BF49856829E7","resourceType":"Script"},"sessionId":"69DE6D1A85B5D627489871F60443E14A"}
org.openqa.selenium.devtools.DevToolsException: {"id":1749,"error":{"code":-32602,"message":"Invalid InterceptionId."},"sessionId":"69DE6D1A85B5D627489871F60443E14A"}
Build info: version: '4.11.0', revision: '040bc5406b'
System info: os.name: 'Windows 10', os.arch: 'amd64', os.version: '10.0', java.version: '11.0.18'
Driver info: driver.version: unknown
	at org.openqa.selenium.devtools.Connection.sendAndWait(Connection.java:181)
	at org.openqa.selenium.devtools.DevTools.send(DevTools.java:81)
	at org.openqa.selenium.devtools.idealized.Network.lambda$prepareToInterceptTraffic$3(Network.java:211)
	at org.openqa.selenium.remote.http.Filter.lambda$andFinally$1(Filter.java:55)
	at org.openqa.selenium.devtools.idealized.Network.lambda$prepareToInterceptTraffic$4(Network.java:226)
	at org.openqa.selenium.devtools.Connection.lambda$handle$4(Connection.java:321)
	at java.base/java.util.stream.ForEachOps$ForEachOp$OfRef.accept(ForEachOps.java:183)
	at java.base/java.util.stream.ReferencePipeline$2$1.accept(ReferencePipeline.java:177)
	at java.base/java.util.stream.ReferencePipeline$11$1.accept(ReferencePipeline.java:442)
	at java.base/java.util.HashMap$KeySpliterator.forEachRemaining(HashMap.java:1621)
	at java.base/java.util.stream.AbstractPipeline.copyInto(AbstractPipeline.java:484)
	at java.base/java.util.stream.AbstractPipeline.wrapAndCopyInto(AbstractPipeline.java:474)
	at java.base/java.util.stream.ForEachOps$ForEachOp.evaluateSequential(ForEachOps.java:150)
	at java.base/java.util.stream.ForEachOps$ForEachOp$OfRef.evaluateSequential(ForEachOps.java:173)
	at java.base/java.util.stream.AbstractPipeline.evaluate(AbstractPipeline.java:234)
	at java.base/java.util.stream.ReferencePipeline.forEach(ReferencePipeline.java:497)
	at org.openqa.selenium.devtools.Connection.handle(Connection.java:287)
	at org.openqa.selenium.devtools.Connection.access$200(Connection.java:57)
	at org.openqa.selenium.devtools.Connection$Listener.lambda$onText$0(Connection.java:224)
	at java.base/java.util.concurrent.ThreadPoolExecutor.runWorker(ThreadPoolExecutor.java:1128)
	at java.base/java.util.concurrent.ThreadPoolExecutor$Worker.run(ThreadPoolExecutor.java:628)
	at java.base/java.lang.Thread.run(Thread.java:829)
Caused by: org.openqa.selenium.WebDriverException: {"id":1749,"error":{"code":-32602,"message":"Invalid InterceptionId."},"sessionId":"69DE6D1A85B5D627489871F60443E14A"}
Build info: version: '4.11.0', revision: '040bc5406b'
System info: os.name: 'Windows 10', os.arch: 'amd64', os.version: '10.0', java.version: '11.0.18'
Driver info: driver.version: unknown
	at org.openqa.selenium.devtools.Connection.handle(Connection.java:260)
	... 5 more

Exception in thread "CDP Connection" org.openqa.selenium.devtools.DevToolsException: {"id":1749,"error":{"code":-32602,"message":"Invalid InterceptionId."},"sessionId":"69DE6D1A85B5D627489871F60443E14A"}
Build info: version: '4.11.0', revision: '040bc5406b'
System info: os.name: 'Windows 10', os.arch: 'amd64', os.version: '10.0', java.version: '11.0.18'
Driver info: driver.version: unknown
	at org.openqa.selenium.devtools.Connection$Listener.lambda$onText$0(Connection.java:227)
	at java.base/java.util.concurrent.ThreadPoolExecutor.runWorker(ThreadPoolExecutor.java:1128)
	at java.base/java.util.concurrent.ThreadPoolExecutor$Worker.run(ThreadPoolExecutor.java:628)
	at java.base/java.lang.Thread.run(Thread.java:829)
Caused by: org.openqa.selenium.devtools.DevToolsException: {"id":1749,"error":{"code":-32602,"message":"Invalid InterceptionId."},"sessionId":"69DE6D1A85B5D627489871F60443E14A"}
Build info: version: '4.11.0', revision: '040bc5406b'
System info: os.name: 'Windows 10', os.arch: 'amd64', os.version: '10.0', java.version: '11.0.18'
Driver info: driver.version: unknown
	at org.openqa.selenium.devtools.Connection.sendAndWait(Connection.java:181)
	at org.openqa.selenium.devtools.DevTools.send(DevTools.java:81)
	at org.openqa.selenium.devtools.idealized.Network.lambda$prepareToInterceptTraffic$3(Network.java:211)
	at org.openqa.selenium.remote.http.Filter.lambda$andFinally$1(Filter.java:55)
	at org.openqa.selenium.devtools.idealized.Network.lambda$prepareToInterceptTraffic$4(Network.java:226)
	at org.openqa.selenium.devtools.Connection.lambda$handle$4(Connection.java:321)
	at java.base/java.util.stream.ForEachOps$ForEachOp$OfRef.accept(ForEachOps.java:183)
	at java.base/java.util.stream.ReferencePipeline$2$1.accept(ReferencePipeline.java:177)
	at java.base/java.util.stream.ReferencePipeline$11$1.accept(ReferencePipeline.java:442)
	at java.base/java.util.HashMap$KeySpliterator.forEachRemaining(HashMap.java:1621)
	at java.base/java.util.stream.AbstractPipeline.copyInto(AbstractPipeline.java:484)
	at java.base/java.util.stream.AbstractPipeline.wrapAndCopyInto(AbstractPipeline.java:474)
	at java.base/java.util.stream.ForEachOps$ForEachOp.evaluateSequential(ForEachOps.java:150)
	at java.base/java.util.stream.ForEachOps$ForEachOp$OfRef.evaluateSequential(ForEachOps.java:173)
	at java.base/java.util.stream.AbstractPipeline.evaluate(AbstractPipeline.java:234)
	at java.base/java.util.stream.ReferencePipeline.forEach(ReferencePipeline.java:497)
	at org.openqa.selenium.devtools.Connection.handle(Connection.java:287)
	at org.openqa.selenium.devtools.Connection.access$200(Connection.java:57)
	at org.openqa.selenium.devtools.Connection$Listener.lambda$onText$0(Connection.java:224)
	... 3 more
Caused by: org.openqa.selenium.WebDriverException: {"id":1749,"error":{"code":-32602,"message":"Invalid InterceptionId."},"sessionId":"69DE6D1A85B5D627489871F60443E14A"}
Build info: version: '4.11.0', revision: '040bc5406b'
System info: os.name: 'Windows 10', os.arch: 'amd64', os.version: '10.0', java.version: '11.0.18'
Driver info: driver.version: unknown
	at org.openqa.selenium.devtools.Connection.handle(Connection.java:260)
	... 5 more
авг. 16, 2023 4:22:18 PM org.openqa.selenium.devtools.Connection$Listener lambda$onText$0
WARNING: Unable to process: {"method":"Fetch.requestPaused","params":{"requestId":"interception-job-286.0","request":{"url":"http://localhost:8080/static/media/marrakech.869b2a02.jpg","method":"GET","headers":{"Accept":"image/avif,image/webp,image/apng,image/svg+xml,image/*,*/*;q=0.8","Referer":"http://localhost:8080/","User-Agent":"Mozilla/5.0 (Windows NT 10.0; Win64; x64) AppleWebKit/537.36 (KHTML, like Gecko) Chrome/116.0.0.0 Safari/537.36","sec-ch-ua":"\"Chromium\";v=\"116\", \"Not)A;Brand\";v=\"24\", \"Google Chrome\";v=\"116\"","sec-ch-ua-mobile":"?0","sec-ch-ua-platform":"\"Windows\""},"initialPriority":"Low","referrerPolicy":"unsafe-url"},"frameId":"D165F02B89151667DFD1BF49856829E7","resourceType":"Image","responseStatusCode":200,"responseStatusText":"","responseHeaders":[{"name":"Vary","value":"Origin"},{"name":"Vary","value":"Access-Control-Request-Method"},{"name":"Vary","value":"Access-Control-Request-Headers"},{"name":"Last-Modified","value":"Thu, 03 Aug 2023 10:18:16 GMT"},{"name":"Accept-Ranges","value":"bytes"},{"name":"Content-Type","value":"image/jpeg"},{"name":"Content-Length","value":"85240"},{"name":"Date","value":"Wed, 16 Aug 2023 13:20:22 GMT"}]},"sessionId":"69DE6D1A85B5D627489871F60443E14A"}
org.openqa.selenium.devtools.DevToolsException: {"id":1754,"error":{"code":-32602,"message":"Invalid InterceptionId."},"sessionId":"69DE6D1A85B5D627489871F60443E14A"}
Build info: version: '4.11.0', revision: '040bc5406b'
System info: os.name: 'Windows 10', os.arch: 'amd64', os.version: '10.0', java.version: '11.0.18'
Driver info: driver.version: unknown
	at org.openqa.selenium.devtools.Connection.sendAndWait(Connection.java:181)
	at org.openqa.selenium.devtools.DevTools.send(DevTools.java:81)
	at org.openqa.selenium.devtools.idealized.Network.lambda$prepareToInterceptTraffic$4(Network.java:194)
	at org.openqa.selenium.devtools.Connection.lambda$handle$4(Connection.java:321)
	at java.base/java.util.stream.ForEachOps$ForEachOp$OfRef.accept(ForEachOps.java:183)
	at java.base/java.util.stream.ReferencePipeline$2$1.accept(ReferencePipeline.java:177)
	at java.base/java.util.stream.ReferencePipeline$11$1.accept(ReferencePipeline.java:442)
	at java.base/java.util.HashMap$KeySpliterator.forEachRemaining(HashMap.java:1621)
	at java.base/java.util.stream.AbstractPipeline.copyInto(AbstractPipeline.java:484)
	at java.base/java.util.stream.AbstractPipeline.wrapAndCopyInto(AbstractPipeline.java:474)
	at java.base/java.util.stream.ForEachOps$ForEachOp.evaluateSequential(ForEachOps.java:150)
	at java.base/java.util.stream.ForEachOps$ForEachOp$OfRef.evaluateSequential(ForEachOps.java:173)
	at java.base/java.util.stream.AbstractPipeline.evaluate(AbstractPipeline.java:234)
	at java.base/java.util.stream.ReferencePipeline.forEach(ReferencePipeline.java:497)
	at org.openqa.selenium.devtools.Connection.handle(Connection.java:287)
	at org.openqa.selenium.devtools.Connection.access$200(Connection.java:57)
	at org.openqa.selenium.devtools.Connection$Listener.lambda$onText$0(Connection.java:224)
	at java.base/java.util.concurrent.ThreadPoolExecutor.runWorker(ThreadPoolExecutor.java:1128)
	at java.base/java.util.concurrent.ThreadPoolExecutor$Worker.run(ThreadPoolExecutor.java:628)
	at java.base/java.lang.Thread.run(Thread.java:829)
Caused by: org.openqa.selenium.WebDriverException: {"id":1754,"error":{"code":-32602,"message":"Invalid InterceptionId."},"sessionId":"69DE6D1A85B5D627489871F60443E14A"}
Build info: version: '4.11.0', revision: '040bc5406b'
System info: os.name: 'Windows 10', os.arch: 'amd64', os.version: '10.0', java.version: '11.0.18'
Driver info: driver.version: unknown
	at org.openqa.selenium.devtools.Connection.handle(Connection.java:260)
	... 5 more

Exception in thread "CDP Connection" org.openqa.selenium.devtools.DevToolsException: {"id":1754,"error":{"code":-32602,"message":"Invalid InterceptionId."},"sessionId":"69DE6D1A85B5D627489871F60443E14A"}
Build info: version: '4.11.0', revision: '040bc5406b'
System info: os.name: 'Windows 10', os.arch: 'amd64', os.version: '10.0', java.version: '11.0.18'
Driver info: driver.version: unknown
	at org.openqa.selenium.devtools.Connection$Listener.lambda$onText$0(Connection.java:227)
	at java.base/java.util.concurrent.ThreadPoolExecutor.runWorker(ThreadPoolExecutor.java:1128)
	at java.base/java.util.concurrent.ThreadPoolExecutor$Worker.run(ThreadPoolExecutor.java:628)
	at java.base/java.lang.Thread.run(Thread.java:829)
Caused by: org.openqa.selenium.devtools.DevToolsException: {"id":1754,"error":{"code":-32602,"message":"Invalid InterceptionId."},"sessionId":"69DE6D1A85B5D627489871F60443E14A"}
Build info: version: '4.11.0', revision: '040bc5406b'
System info: os.name: 'Windows 10', os.arch: 'amd64', os.version: '10.0', java.version: '11.0.18'
Driver info: driver.version: unknown
	at org.openqa.selenium.devtools.Connection.sendAndWait(Connection.java:181)
	at org.openqa.selenium.devtools.DevTools.send(DevTools.java:81)
	at org.openqa.selenium.devtools.idealized.Network.lambda$prepareToInterceptTraffic$4(Network.java:194)
	at org.openqa.selenium.devtools.Connection.lambda$handle$4(Connection.java:321)
	at java.base/java.util.stream.ForEachOps$ForEachOp$OfRef.accept(ForEachOps.java:183)
	at java.base/java.util.stream.ReferencePipeline$2$1.accept(ReferencePipeline.java:177)
	at java.base/java.util.stream.ReferencePipeline$11$1.accept(ReferencePipeline.java:442)
	at java.base/java.util.HashMap$KeySpliterator.forEachRemaining(HashMap.java:1621)
	at java.base/java.util.stream.AbstractPipeline.copyInto(AbstractPipeline.java:484)
	at java.base/java.util.stream.AbstractPipeline.wrapAndCopyInto(AbstractPipeline.java:474)
	at java.base/java.util.stream.ForEachOps$ForEachOp.evaluateSequential(ForEachOps.java:150)
	at java.base/java.util.stream.ForEachOps$ForEachOp$OfRef.evaluateSequential(ForEachOps.java:173)
	at java.base/java.util.stream.AbstractPipeline.evaluate(AbstractPipeline.java:234)
	at java.base/java.util.stream.ReferencePipeline.forEach(ReferencePipeline.java:497)
	at org.openqa.selenium.devtools.Connection.handle(Connection.java:287)
	at org.openqa.selenium.devtools.Connection.access$200(Connection.java:57)
	at org.openqa.selenium.devtools.Connection$Listener.lambda$onText$0(Connection.java:224)
	... 3 more
Caused by: org.openqa.selenium.WebDriverException: {"id":1754,"error":{"code":-32602,"message":"Invalid InterceptionId."},"sessionId":"69DE6D1A85B5D627489871F60443E14A"}
Build info: version: '4.11.0', revision: '040bc5406b'
System info: os.name: 'Windows 10', os.arch: 'amd64', os.version: '10.0', java.version: '11.0.18'
Driver info: driver.version: unknown
	at org.openqa.selenium.devtools.Connection.handle(Connection.java:260)
	... 5 more
авг. 16, 2023 4:22:18 PM org.openqa.selenium.devtools.Connection$Listener lambda$onText$0
WARNING: Unable to process: {"method":"Fetch.requestPaused","params":{"requestId":"interception-job-286.0","request":{"url":"http://localhost:8080/static/media/marrakech.869b2a02.jpg","method":"GET","headers":{"Accept":"image/avif,image/webp,image/apng,image/svg+xml,image/*,*/*;q=0.8","Referer":"http://localhost:8080/","User-Agent":"Mozilla/5.0 (Windows NT 10.0; Win64; x64) AppleWebKit/537.36 (KHTML, like Gecko) Chrome/116.0.0.0 Safari/537.36","sec-ch-ua":"\"Chromium\";v=\"116\", \"Not)A;Brand\";v=\"24\", \"Google Chrome\";v=\"116\"","sec-ch-ua-mobile":"?0","sec-ch-ua-platform":"\"Windows\""},"initialPriority":"Low","referrerPolicy":"strict-origin-when-cross-origin"},"frameId":"D165F02B89151667DFD1BF49856829E7","resourceType":"Image"},"sessionId":"69DE6D1A85B5D627489871F60443E14A"}
org.openqa.selenium.devtools.DevToolsException: {"id":1755,"error":{"code":-32602,"message":"Invalid InterceptionId."},"sessionId":"69DE6D1A85B5D627489871F60443E14A"}
Build info: version: '4.11.0', revision: '040bc5406b'
System info: os.name: 'Windows 10', os.arch: 'amd64', os.version: '10.0', java.version: '11.0.18'
Driver info: driver.version: unknown
	at org.openqa.selenium.devtools.Connection.sendAndWait(Connection.java:181)
	at org.openqa.selenium.devtools.DevTools.send(DevTools.java:81)
	at org.openqa.selenium.devtools.idealized.Network.lambda$prepareToInterceptTraffic$3(Network.java:211)
	at org.openqa.selenium.remote.http.Filter.lambda$andFinally$1(Filter.java:55)
	at org.openqa.selenium.devtools.idealized.Network.lambda$prepareToInterceptTraffic$4(Network.java:226)
	at org.openqa.selenium.devtools.Connection.lambda$handle$4(Connection.java:321)
	at java.base/java.util.stream.ForEachOps$ForEachOp$OfRef.accept(ForEachOps.java:183)
	at java.base/java.util.stream.ReferencePipeline$2$1.accept(ReferencePipeline.java:177)
	at java.base/java.util.stream.ReferencePipeline$11$1.accept(ReferencePipeline.java:442)
	at java.base/java.util.HashMap$KeySpliterator.forEachRemaining(HashMap.java:1621)
	at java.base/java.util.stream.AbstractPipeline.copyInto(AbstractPipeline.java:484)
	at java.base/java.util.stream.AbstractPipeline.wrapAndCopyInto(AbstractPipeline.java:474)
	at java.base/java.util.stream.ForEachOps$ForEachOp.evaluateSequential(ForEachOps.java:150)
	at java.base/java.util.stream.ForEachOps$ForEachOp$OfRef.evaluateSequential(ForEachOps.java:173)
	at java.base/java.util.stream.AbstractPipeline.evaluate(AbstractPipeline.java:234)
	at java.base/java.util.stream.ReferencePipeline.forEach(ReferencePipeline.java:497)
	at org.openqa.selenium.devtools.Connection.handle(Connection.java:287)
	at org.openqa.selenium.devtools.Connection.access$200(Connection.java:57)
	at org.openqa.selenium.devtools.Connection$Listener.lambda$onText$0(Connection.java:224)
	at java.base/java.util.concurrent.ThreadPoolExecutor.runWorker(ThreadPoolExecutor.java:1128)
	at java.base/java.util.concurrent.ThreadPoolExecutor$Worker.run(ThreadPoolExecutor.java:628)
	at java.base/java.lang.Thread.run(Thread.java:829)
Caused by: org.openqa.selenium.WebDriverException: {"id":1755,"error":{"code":-32602,"message":"Invalid InterceptionId."},"sessionId":"69DE6D1A85B5D627489871F60443E14A"}
Build info: version: '4.11.0', revision: '040bc5406b'
System info: os.name: 'Windows 10', os.arch: 'amd64', os.version: '10.0', java.version: '11.0.18'
Driver info: driver.version: unknown
	at org.openqa.selenium.devtools.Connection.handle(Connection.java:260)
	... 5 more

Exception in thread "CDP Connection" org.openqa.selenium.devtools.DevToolsException: {"id":1755,"error":{"code":-32602,"message":"Invalid InterceptionId."},"sessionId":"69DE6D1A85B5D627489871F60443E14A"}
Build info: version: '4.11.0', revision: '040bc5406b'
System info: os.name: 'Windows 10', os.arch: 'amd64', os.version: '10.0', java.version: '11.0.18'
Driver info: driver.version: unknown
	at org.openqa.selenium.devtools.Connection$Listener.lambda$onText$0(Connection.java:227)
	at java.base/java.util.concurrent.ThreadPoolExecutor.runWorker(ThreadPoolExecutor.java:1128)
	at java.base/java.util.concurrent.ThreadPoolExecutor$Worker.run(ThreadPoolExecutor.java:628)
	at java.base/java.lang.Thread.run(Thread.java:829)
Caused by: org.openqa.selenium.devtools.DevToolsException: {"id":1755,"error":{"code":-32602,"message":"Invalid InterceptionId."},"sessionId":"69DE6D1A85B5D627489871F60443E14A"}
Build info: version: '4.11.0', revision: '040bc5406b'
System info: os.name: 'Windows 10', os.arch: 'amd64', os.version: '10.0', java.version: '11.0.18'
Driver info: driver.version: unknown
	at org.openqa.selenium.devtools.Connection.sendAndWait(Connection.java:181)
	at org.openqa.selenium.devtools.DevTools.send(DevTools.java:81)
	at org.openqa.selenium.devtools.idealized.Network.lambda$prepareToInterceptTraffic$3(Network.java:211)
	at org.openqa.selenium.remote.http.Filter.lambda$andFinally$1(Filter.java:55)
	at org.openqa.selenium.devtools.idealized.Network.lambda$prepareToInterceptTraffic$4(Network.java:226)
	at org.openqa.selenium.devtools.Connection.lambda$handle$4(Connection.java:321)
	at java.base/java.util.stream.ForEachOps$ForEachOp$OfRef.accept(ForEachOps.java:183)
	at java.base/java.util.stream.ReferencePipeline$2$1.accept(ReferencePipeline.java:177)
	at java.base/java.util.stream.ReferencePipeline$11$1.accept(ReferencePipeline.java:442)
	at java.base/java.util.HashMap$KeySpliterator.forEachRemaining(HashMap.java:1621)
	at java.base/java.util.stream.AbstractPipeline.copyInto(AbstractPipeline.java:484)
	at java.base/java.util.stream.AbstractPipeline.wrapAndCopyInto(AbstractPipeline.java:474)
	at java.base/java.util.stream.ForEachOps$ForEachOp.evaluateSequential(ForEachOps.java:150)
	at java.base/java.util.stream.ForEachOps$ForEachOp$OfRef.evaluateSequential(ForEachOps.java:173)
	at java.base/java.util.stream.AbstractPipeline.evaluate(AbstractPipeline.java:234)
	at java.base/java.util.stream.ReferencePipeline.forEach(ReferencePipeline.java:497)
	at org.openqa.selenium.devtools.Connection.handle(Connection.java:287)
	at org.openqa.selenium.devtools.Connection.access$200(Connection.java:57)
	at org.openqa.selenium.devtools.Connection$Listener.lambda$onText$0(Connection.java:224)
	... 3 more
Caused by: org.openqa.selenium.WebDriverException: {"id":1755,"error":{"code":-32602,"message":"Invalid InterceptionId."},"sessionId":"69DE6D1A85B5D627489871F60443E14A"}
Build info: version: '4.11.0', revision: '040bc5406b'
System info: os.name: 'Windows 10', os.arch: 'amd64', os.version: '10.0', java.version: '11.0.18'
Driver info: driver.version: unknown
	at org.openqa.selenium.devtools.Connection.handle(Connection.java:260)
	... 5 more
авг. 16, 2023 4:22:18 PM org.openqa.selenium.devtools.Connection$Listener lambda$onText$0
WARNING: Unable to process: {"method":"Fetch.requestPaused","params":{"requestId":"interception-job-288.0","request":{"url":"http://localhost:8080/manifest.json","method":"GET","headers":{"Accept":"*/*","Referer":"http://localhost:8080/","User-Agent":"Mozilla/5.0 (Windows NT 10.0; Win64; x64) AppleWebKit/537.36 (KHTML, like Gecko) Chrome/116.0.0.0 Safari/537.36","sec-ch-ua":"\"Chromium\";v=\"116\", \"Not)A;Brand\";v=\"24\", \"Google Chrome\";v=\"116\"","sec-ch-ua-mobile":"?0","sec-ch-ua-platform":"\"Windows\""},"initialPriority":"Medium","referrerPolicy":"strict-origin-when-cross-origin"},"frameId":"D165F02B89151667DFD1BF49856829E7","resourceType":"Other"},"sessionId":"69DE6D1A85B5D627489871F60443E14A"}
org.openqa.selenium.devtools.DevToolsException: {"id":1761,"error":{"code":-32602,"message":"Invalid InterceptionId."},"sessionId":"69DE6D1A85B5D627489871F60443E14A"}
Build info: version: '4.11.0', revision: '040bc5406b'
System info: os.name: 'Windows 10', os.arch: 'amd64', os.version: '10.0', java.version: '11.0.18'
Driver info: driver.version: unknown
	at org.openqa.selenium.devtools.Connection.sendAndWait(Connection.java:181)
	at org.openqa.selenium.devtools.DevTools.send(DevTools.java:81)
	at org.openqa.selenium.devtools.idealized.Network.lambda$prepareToInterceptTraffic$4(Network.java:233)
	at org.openqa.selenium.devtools.Connection.lambda$handle$4(Connection.java:321)
	at java.base/java.util.stream.ForEachOps$ForEachOp$OfRef.accept(ForEachOps.java:183)
	at java.base/java.util.stream.ReferencePipeline$2$1.accept(ReferencePipeline.java:177)
	at java.base/java.util.stream.ReferencePipeline$11$1.accept(ReferencePipeline.java:442)
	at java.base/java.util.HashMap$KeySpliterator.forEachRemaining(HashMap.java:1621)
	at java.base/java.util.stream.AbstractPipeline.copyInto(AbstractPipeline.java:484)
	at java.base/java.util.stream.AbstractPipeline.wrapAndCopyInto(AbstractPipeline.java:474)
	at java.base/java.util.stream.ForEachOps$ForEachOp.evaluateSequential(ForEachOps.java:150)
	at java.base/java.util.stream.ForEachOps$ForEachOp$OfRef.evaluateSequential(ForEachOps.java:173)
	at java.base/java.util.stream.AbstractPipeline.evaluate(AbstractPipeline.java:234)
	at java.base/java.util.stream.ReferencePipeline.forEach(ReferencePipeline.java:497)
	at org.openqa.selenium.devtools.Connection.handle(Connection.java:287)
	at org.openqa.selenium.devtools.Connection.access$200(Connection.java:57)
	at org.openqa.selenium.devtools.Connection$Listener.lambda$onText$0(Connection.java:224)
	at java.base/java.util.concurrent.ThreadPoolExecutor.runWorker(ThreadPoolExecutor.java:1128)
	at java.base/java.util.concurrent.ThreadPoolExecutor$Worker.run(ThreadPoolExecutor.java:628)
	at java.base/java.lang.Thread.run(Thread.java:829)
Caused by: org.openqa.selenium.WebDriverException: {"id":1761,"error":{"code":-32602,"message":"Invalid InterceptionId."},"sessionId":"69DE6D1A85B5D627489871F60443E14A"}
Build info: version: '4.11.0', revision: '040bc5406b'
System info: os.name: 'Windows 10', os.arch: 'amd64', os.version: '10.0', java.version: '11.0.18'
Driver info: driver.version: unknown
	at org.openqa.selenium.devtools.Connection.handle(Connection.java:260)
	... 5 more

Exception in thread "CDP Connection" org.openqa.selenium.devtools.DevToolsException: {"id":1761,"error":{"code":-32602,"message":"Invalid InterceptionId."},"sessionId":"69DE6D1A85B5D627489871F60443E14A"}
Build info: version: '4.11.0', revision: '040bc5406b'
System info: os.name: 'Windows 10', os.arch: 'amd64', os.version: '10.0', java.version: '11.0.18'
Driver info: driver.version: unknown
	at org.openqa.selenium.devtools.Connection$Listener.lambda$onText$0(Connection.java:227)
	at java.base/java.util.concurrent.ThreadPoolExecutor.runWorker(ThreadPoolExecutor.java:1128)
	at java.base/java.util.concurrent.ThreadPoolExecutor$Worker.run(ThreadPoolExecutor.java:628)
	at java.base/java.lang.Thread.run(Thread.java:829)
Caused by: org.openqa.selenium.devtools.DevToolsException: {"id":1761,"error":{"code":-32602,"message":"Invalid InterceptionId."},"sessionId":"69DE6D1A85B5D627489871F60443E14A"}
Build info: version: '4.11.0', revision: '040bc5406b'
System info: os.name: 'Windows 10', os.arch: 'amd64', os.version: '10.0', java.version: '11.0.18'
Driver info: driver.version: unknown
	at org.openqa.selenium.devtools.Connection.sendAndWait(Connection.java:181)
	at org.openqa.selenium.devtools.DevTools.send(DevTools.java:81)
	at org.openqa.selenium.devtools.idealized.Network.lambda$prepareToInterceptTraffic$4(Network.java:233)
	at org.openqa.selenium.devtools.Connection.lambda$handle$4(Connection.java:321)
	at java.base/java.util.stream.ForEachOps$ForEachOp$OfRef.accept(ForEachOps.java:183)
	at java.base/java.util.stream.ReferencePipeline$2$1.accept(ReferencePipeline.java:177)
	at java.base/java.util.stream.ReferencePipeline$11$1.accept(ReferencePipeline.java:442)
	at java.base/java.util.HashMap$KeySpliterator.forEachRemaining(HashMap.java:1621)
	at java.base/java.util.stream.AbstractPipeline.copyInto(AbstractPipeline.java:484)
	at java.base/java.util.stream.AbstractPipeline.wrapAndCopyInto(AbstractPipeline.java:474)
	at java.base/java.util.stream.ForEachOps$ForEachOp.evaluateSequential(ForEachOps.java:150)
	at java.base/java.util.stream.ForEachOps$ForEachOp$OfRef.evaluateSequential(ForEachOps.java:173)
	at java.base/java.util.stream.AbstractPipeline.evaluate(AbstractPipeline.java:234)
	at java.base/java.util.stream.ReferencePipeline.forEach(ReferencePipeline.java:497)
	at org.openqa.selenium.devtools.Connection.handle(Connection.java:287)
	at org.openqa.selenium.devtools.Connection.access$200(Connection.java:57)
	at org.openqa.selenium.devtools.Connection$Listener.lambda$onText$0(Connection.java:224)
	... 3 more
Caused by: org.openqa.selenium.WebDriverException: {"id":1761,"error":{"code":-32602,"message":"Invalid InterceptionId."},"sessionId":"69DE6D1A85B5D627489871F60443E14A"}
Build info: version: '4.11.0', revision: '040bc5406b'
System info: os.name: 'Windows 10', os.arch: 'amd64', os.version: '10.0', java.version: '11.0.18'
Driver info: driver.version: unknown
	at org.openqa.selenium.devtools.Connection.handle(Connection.java:260)
	... 5 more
авг. 16, 2023 4:22:18 PM org.openqa.selenium.devtools.Connection$Listener lambda$onText$0
WARNING: Unable to process: {"method":"Fetch.requestPaused","params":{"requestId":"interception-job-288.0","request":{"url":"http://localhost:8080/manifest.json","method":"GET","headers":{"Accept":"*/*","Referer":"http://localhost:8080/","User-Agent":"Mozilla/5.0 (Windows NT 10.0; Win64; x64) AppleWebKit/537.36 (KHTML, like Gecko) Chrome/116.0.0.0 Safari/537.36","sec-ch-ua":"\"Chromium\";v=\"116\", \"Not)A;Brand\";v=\"24\", \"Google Chrome\";v=\"116\"","sec-ch-ua-mobile":"?0","sec-ch-ua-platform":"\"Windows\""},"initialPriority":"Medium","referrerPolicy":"unsafe-url"},"frameId":"D165F02B89151667DFD1BF49856829E7","resourceType":"Other","responseStatusCode":200,"responseStatusText":"","responseHeaders":[{"name":"Vary","value":"Origin"},{"name":"Vary","value":"Access-Control-Request-Method"},{"name":"Vary","value":"Access-Control-Request-Headers"},{"name":"Last-Modified","value":"Thu, 03 Aug 2023 10:18:16 GMT"},{"name":"Accept-Ranges","value":"bytes"},{"name":"Content-Type","value":"application/json"},{"name":"Content-Length","value":"492"},{"name":"Date","value":"Wed, 16 Aug 2023 13:20:22 GMT"}]},"sessionId":"69DE6D1A85B5D627489871F60443E14A"}
org.openqa.selenium.devtools.DevToolsException: {"id":1767,"error":{"code":-32602,"message":"Invalid InterceptionId."},"sessionId":"69DE6D1A85B5D627489871F60443E14A"}
Build info: version: '4.11.0', revision: '040bc5406b'
System info: os.name: 'Windows 10', os.arch: 'amd64', os.version: '10.0', java.version: '11.0.18'
Driver info: driver.version: unknown
	at org.openqa.selenium.devtools.Connection.sendAndWait(Connection.java:181)
	at org.openqa.selenium.devtools.DevTools.send(DevTools.java:81)
	at org.openqa.selenium.devtools.idealized.Network.lambda$prepareToInterceptTraffic$4(Network.java:194)
	at org.openqa.selenium.devtools.Connection.lambda$handle$4(Connection.java:321)
	at java.base/java.util.stream.ForEachOps$ForEachOp$OfRef.accept(ForEachOps.java:183)
	at java.base/java.util.stream.ReferencePipeline$2$1.accept(ReferencePipeline.java:177)
	at java.base/java.util.stream.ReferencePipeline$11$1.accept(ReferencePipeline.java:442)
	at java.base/java.util.HashMap$KeySpliterator.forEachRemaining(HashMap.java:1621)
	at java.base/java.util.stream.AbstractPipeline.copyInto(AbstractPipeline.java:484)
	at java.base/java.util.stream.AbstractPipeline.wrapAndCopyInto(AbstractPipeline.java:474)
	at java.base/java.util.stream.ForEachOps$ForEachOp.evaluateSequential(ForEachOps.java:150)
	at java.base/java.util.stream.ForEachOps$ForEachOp$OfRef.evaluateSequential(ForEachOps.java:173)
	at java.base/java.util.stream.AbstractPipeline.evaluate(AbstractPipeline.java:234)
	at java.base/java.util.stream.ReferencePipeline.forEach(ReferencePipeline.java:497)
	at org.openqa.selenium.devtools.Connection.handle(Connection.java:287)
	at org.openqa.selenium.devtools.Connection.access$200(Connection.java:57)
	at org.openqa.selenium.devtools.Connection$Listener.lambda$onText$0(Connection.java:224)
	at java.base/java.util.concurrent.ThreadPoolExecutor.runWorker(ThreadPoolExecutor.java:1128)
	at java.base/java.util.concurrent.ThreadPoolExecutor$Worker.run(ThreadPoolExecutor.java:628)
	at java.base/java.lang.Thread.run(Thread.java:829)
Caused by: org.openqa.selenium.WebDriverException: {"id":1767,"error":{"code":-32602,"message":"Invalid InterceptionId."},"sessionId":"69DE6D1A85B5D627489871F60443E14A"}
Build info: version: '4.11.0', revision: '040bc5406b'
System info: os.name: 'Windows 10', os.arch: 'amd64', os.version: '10.0', java.version: '11.0.18'
Driver info: driver.version: unknown
	at org.openqa.selenium.devtools.Connection.handle(Connection.java:260)
	... 5 more

Exception in thread "CDP Connection" org.openqa.selenium.devtools.DevToolsException: {"id":1767,"error":{"code":-32602,"message":"Invalid InterceptionId."},"sessionId":"69DE6D1A85B5D627489871F60443E14A"}
Build info: version: '4.11.0', revision: '040bc5406b'
System info: os.name: 'Windows 10', os.arch: 'amd64', os.version: '10.0', java.version: '11.0.18'
Driver info: driver.version: unknown
	at org.openqa.selenium.devtools.Connection$Listener.lambda$onText$0(Connection.java:227)
	at java.base/java.util.concurrent.ThreadPoolExecutor.runWorker(ThreadPoolExecutor.java:1128)
	at java.base/java.util.concurrent.ThreadPoolExecutor$Worker.run(ThreadPoolExecutor.java:628)
	at java.base/java.lang.Thread.run(Thread.java:829)
Caused by: org.openqa.selenium.devtools.DevToolsException: {"id":1767,"error":{"code":-32602,"message":"Invalid InterceptionId."},"sessionId":"69DE6D1A85B5D627489871F60443E14A"}
Build info: version: '4.11.0', revision: '040bc5406b'
System info: os.name: 'Windows 10', os.arch: 'amd64', os.version: '10.0', java.version: '11.0.18'
Driver info: driver.version: unknown
	at org.openqa.selenium.devtools.Connection.sendAndWait(Connection.java:181)
	at org.openqa.selenium.devtools.DevTools.send(DevTools.java:81)
	at org.openqa.selenium.devtools.idealized.Network.lambda$prepareToInterceptTraffic$4(Network.java:194)
	at org.openqa.selenium.devtools.Connection.lambda$handle$4(Connection.java:321)
	at java.base/java.util.stream.ForEachOps$ForEachOp$OfRef.accept(ForEachOps.java:183)
	at java.base/java.util.stream.ReferencePipeline$2$1.accept(ReferencePipeline.java:177)
	at java.base/java.util.stream.ReferencePipeline$11$1.accept(ReferencePipeline.java:442)
	at java.base/java.util.HashMap$KeySpliterator.forEachRemaining(HashMap.java:1621)
	at java.base/java.util.stream.AbstractPipeline.copyInto(AbstractPipeline.java:484)
	at java.base/java.util.stream.AbstractPipeline.wrapAndCopyInto(AbstractPipeline.java:474)
	at java.base/java.util.stream.ForEachOps$ForEachOp.evaluateSequential(ForEachOps.java:150)
	at java.base/java.util.stream.ForEachOps$ForEachOp$OfRef.evaluateSequential(ForEachOps.java:173)
	at java.base/java.util.stream.AbstractPipeline.evaluate(AbstractPipeline.java:234)
	at java.base/java.util.stream.ReferencePipeline.forEach(ReferencePipeline.java:497)
	at org.openqa.selenium.devtools.Connection.handle(Connection.java:287)
	at org.openqa.selenium.devtools.Connection.access$200(Connection.java:57)
	at org.openqa.selenium.devtools.Connection$Listener.lambda$onText$0(Connection.java:224)
	... 3 more
Caused by: org.openqa.selenium.WebDriverException: {"id":1767,"error":{"code":-32602,"message":"Invalid InterceptionId."},"sessionId":"69DE6D1A85B5D627489871F60443E14A"}
Build info: version: '4.11.0', revision: '040bc5406b'
System info: os.name: 'Windows 10', os.arch: 'amd64', os.version: '10.0', java.version: '11.0.18'
Driver info: driver.version: unknown
	at org.openqa.selenium.devtools.Connection.handle(Connection.java:260)
	... 5 more
авг. 16, 2023 4:22:18 PM org.openqa.selenium.devtools.Connection$Listener lambda$onText$0
WARNING: Unable to process: {"method":"Fetch.requestPaused","params":{"requestId":"interception-job-287.0","request":{"url":"http://localhost:8080/favicon.ico","method":"GET","headers":{"Accept":"image/avif,image/webp,image/apng,image/svg+xml,image/*,*/*;q=0.8","Referer":"http://localhost:8080/","User-Agent":"Mozilla/5.0 (Windows NT 10.0; Win64; x64) AppleWebKit/537.36 (KHTML, like Gecko) Chrome/116.0.0.0 Safari/537.36","sec-ch-ua":"\"Chromium\";v=\"116\", \"Not)A;Brand\";v=\"24\", \"Google Chrome\";v=\"116\"","sec-ch-ua-mobile":"?0","sec-ch-ua-platform":"\"Windows\""},"initialPriority":"High","referrerPolicy":"unsafe-url"},"frameId":"D165F02B89151667DFD1BF49856829E7","resourceType":"Other","responseStatusCode":200,"responseStatusText":"","responseHeaders":[{"name":"Vary","value":"Origin"},{"name":"Vary","value":"Access-Control-Request-Method"},{"name":"Vary","value":"Access-Control-Request-Headers"},{"name":"Last-Modified","value":"Thu, 03 Aug 2023 10:18:16 GMT"},{"name":"Accept-Ranges","value":"bytes"},{"name":"Content-Type","value":"image/x-icon"},{"name":"Content-Length","value":"4286"},{"name":"Date","value":"Wed, 16 Aug 2023 13:20:23 GMT"}]},"sessionId":"69DE6D1A85B5D627489871F60443E14A"}
org.openqa.selenium.devtools.DevToolsException: {"id":1768,"error":{"code":-32602,"message":"Invalid InterceptionId."},"sessionId":"69DE6D1A85B5D627489871F60443E14A"}
Build info: version: '4.11.0', revision: '040bc5406b'
System info: os.name: 'Windows 10', os.arch: 'amd64', os.version: '10.0', java.version: '11.0.18'
Driver info: driver.version: unknown
	at org.openqa.selenium.devtools.Connection.sendAndWait(Connection.java:181)
	at org.openqa.selenium.devtools.DevTools.send(DevTools.java:81)
	at org.openqa.selenium.devtools.idealized.Network.lambda$prepareToInterceptTraffic$4(Network.java:194)
	at org.openqa.selenium.devtools.Connection.lambda$handle$4(Connection.java:321)
	at java.base/java.util.stream.ForEachOps$ForEachOp$OfRef.accept(ForEachOps.java:183)
	at java.base/java.util.stream.ReferencePipeline$2$1.accept(ReferencePipeline.java:177)
	at java.base/java.util.stream.ReferencePipeline$11$1.accept(ReferencePipeline.java:442)
	at java.base/java.util.HashMap$KeySpliterator.forEachRemaining(HashMap.java:1621)
	at java.base/java.util.stream.AbstractPipeline.copyInto(AbstractPipeline.java:484)
	at java.base/java.util.stream.AbstractPipeline.wrapAndCopyInto(AbstractPipeline.java:474)
	at java.base/java.util.stream.ForEachOps$ForEachOp.evaluateSequential(ForEachOps.java:150)
	at java.base/java.util.stream.ForEachOps$ForEachOp$OfRef.evaluateSequential(ForEachOps.java:173)
	at java.base/java.util.stream.AbstractPipeline.evaluate(AbstractPipeline.java:234)
	at java.base/java.util.stream.ReferencePipeline.forEach(ReferencePipeline.java:497)
	at org.openqa.selenium.devtools.Connection.handle(Connection.java:287)
	at org.openqa.selenium.devtools.Connection.access$200(Connection.java:57)
	at org.openqa.selenium.devtools.Connection$Listener.lambda$onText$0(Connection.java:224)
	at java.base/java.util.concurrent.ThreadPoolExecutor.runWorker(ThreadPoolExecutor.java:1128)
	at java.base/java.util.concurrent.ThreadPoolExecutor$Worker.run(ThreadPoolExecutor.java:628)
	at java.base/java.lang.Thread.run(Thread.java:829)
Caused by: org.openqa.selenium.WebDriverException: {"id":1768,"error":{"code":-32602,"message":"Invalid InterceptionId."},"sessionId":"69DE6D1A85B5D627489871F60443E14A"}
Build info: version: '4.11.0', revision: '040bc5406b'
System info: os.name: 'Windows 10', os.arch: 'amd64', os.version: '10.0', java.version: '11.0.18'
Driver info: driver.version: unknown
	at org.openqa.selenium.devtools.Connection.handle(Connection.java:260)
	... 5 more

Exception in thread "CDP Connection" org.openqa.selenium.devtools.DevToolsException: {"id":1768,"error":{"code":-32602,"message":"Invalid InterceptionId."},"sessionId":"69DE6D1A85B5D627489871F60443E14A"}
Build info: version: '4.11.0', revision: '040bc5406b'
System info: os.name: 'Windows 10', os.arch: 'amd64', os.version: '10.0', java.version: '11.0.18'
Driver info: driver.version: unknown
	at org.openqa.selenium.devtools.Connection$Listener.lambda$onText$0(Connection.java:227)
	at java.base/java.util.concurrent.ThreadPoolExecutor.runWorker(ThreadPoolExecutor.java:1128)
	at java.base/java.util.concurrent.ThreadPoolExecutor$Worker.run(ThreadPoolExecutor.java:628)
	at java.base/java.lang.Thread.run(Thread.java:829)
Caused by: org.openqa.selenium.devtools.DevToolsException: {"id":1768,"error":{"code":-32602,"message":"Invalid InterceptionId."},"sessionId":"69DE6D1A85B5D627489871F60443E14A"}
Build info: version: '4.11.0', revision: '040bc5406b'
System info: os.name: 'Windows 10', os.arch: 'amd64', os.version: '10.0', java.version: '11.0.18'
Driver info: driver.version: unknown
	at org.openqa.selenium.devtools.Connection.sendAndWait(Connection.java:181)
	at org.openqa.selenium.devtools.DevTools.send(DevTools.java:81)
	at org.openqa.selenium.devtools.idealized.Network.lambda$prepareToInterceptTraffic$4(Network.java:194)
	at org.openqa.selenium.devtools.Connection.lambda$handle$4(Connection.java:321)
	at java.base/java.util.stream.ForEachOps$ForEachOp$OfRef.accept(ForEachOps.java:183)
	at java.base/java.util.stream.ReferencePipeline$2$1.accept(ReferencePipeline.java:177)
	at java.base/java.util.stream.ReferencePipeline$11$1.accept(ReferencePipeline.java:442)
	at java.base/java.util.HashMap$KeySpliterator.forEachRemaining(HashMap.java:1621)
	at java.base/java.util.stream.AbstractPipeline.copyInto(AbstractPipeline.java:484)
	at java.base/java.util.stream.AbstractPipeline.wrapAndCopyInto(AbstractPipeline.java:474)
	at java.base/java.util.stream.ForEachOps$ForEachOp.evaluateSequential(ForEachOps.java:150)
	at java.base/java.util.stream.ForEachOps$ForEachOp$OfRef.evaluateSequential(ForEachOps.java:173)
	at java.base/java.util.stream.AbstractPipeline.evaluate(AbstractPipeline.java:234)
	at java.base/java.util.stream.ReferencePipeline.forEach(ReferencePipeline.java:497)
	at org.openqa.selenium.devtools.Connection.handle(Connection.java:287)
	at org.openqa.selenium.devtools.Connection.access$200(Connection.java:57)
	at org.openqa.selenium.devtools.Connection$Listener.lambda$onText$0(Connection.java:224)
	... 3 more
Caused by: org.openqa.selenium.WebDriverException: {"id":1768,"error":{"code":-32602,"message":"Invalid InterceptionId."},"sessionId":"69DE6D1A85B5D627489871F60443E14A"}
Build info: version: '4.11.0', revision: '040bc5406b'
System info: os.name: 'Windows 10', os.arch: 'amd64', os.version: '10.0', java.version: '11.0.18'
Driver info: driver.version: unknown
	at org.openqa.selenium.devtools.Connection.handle(Connection.java:260)
	... 5 more
авг. 16, 2023 4:22:18 PM org.openqa.selenium.devtools.Connection$Listener lambda$onText$0
WARNING: Unable to process: {"method":"Fetch.requestPaused","params":{"requestId":"interception-job-287.0","request":{"url":"http://localhost:8080/favicon.ico","method":"GET","headers":{"Accept":"image/avif,image/webp,image/apng,image/svg+xml,image/*,*/*;q=0.8","Referer":"http://localhost:8080/","User-Agent":"Mozilla/5.0 (Windows NT 10.0; Win64; x64) AppleWebKit/537.36 (KHTML, like Gecko) Chrome/116.0.0.0 Safari/537.36","sec-ch-ua":"\"Chromium\";v=\"116\", \"Not)A;Brand\";v=\"24\", \"Google Chrome\";v=\"116\"","sec-ch-ua-mobile":"?0","sec-ch-ua-platform":"\"Windows\""},"initialPriority":"High","referrerPolicy":"strict-origin-when-cross-origin"},"frameId":"D165F02B89151667DFD1BF49856829E7","resourceType":"Other"},"sessionId":"69DE6D1A85B5D627489871F60443E14A"}
org.openqa.selenium.devtools.DevToolsException: {"id":1769,"error":{"code":-32602,"message":"Invalid InterceptionId."},"sessionId":"69DE6D1A85B5D627489871F60443E14A"}
Build info: version: '4.11.0', revision: '040bc5406b'
System info: os.name: 'Windows 10', os.arch: 'amd64', os.version: '10.0', java.version: '11.0.18'
Driver info: driver.version: unknown
	at org.openqa.selenium.devtools.Connection.sendAndWait(Connection.java:181)
	at org.openqa.selenium.devtools.DevTools.send(DevTools.java:81)
	at org.openqa.selenium.devtools.idealized.Network.lambda$prepareToInterceptTraffic$3(Network.java:211)
	at org.openqa.selenium.remote.http.Filter.lambda$andFinally$1(Filter.java:55)
	at org.openqa.selenium.devtools.idealized.Network.lambda$prepareToInterceptTraffic$4(Network.java:226)
	at org.openqa.selenium.devtools.Connection.lambda$handle$4(Connection.java:321)
	at java.base/java.util.stream.ForEachOps$ForEachOp$OfRef.accept(ForEachOps.java:183)
	at java.base/java.util.stream.ReferencePipeline$2$1.accept(ReferencePipeline.java:177)
	at java.base/java.util.stream.ReferencePipeline$11$1.accept(ReferencePipeline.java:442)
	at java.base/java.util.HashMap$KeySpliterator.forEachRemaining(HashMap.java:1621)
	at java.base/java.util.stream.AbstractPipeline.copyInto(AbstractPipeline.java:484)
	at java.base/java.util.stream.AbstractPipeline.wrapAndCopyInto(AbstractPipeline.java:474)
	at java.base/java.util.stream.ForEachOps$ForEachOp.evaluateSequential(ForEachOps.java:150)
	at java.base/java.util.stream.ForEachOps$ForEachOp$OfRef.evaluateSequential(ForEachOps.java:173)
	at java.base/java.util.stream.AbstractPipeline.evaluate(AbstractPipeline.java:234)
	at java.base/java.util.stream.ReferencePipeline.forEach(ReferencePipeline.java:497)
	at org.openqa.selenium.devtools.Connection.handle(Connection.java:287)
	at org.openqa.selenium.devtools.Connection.access$200(Connection.java:57)
	at org.openqa.selenium.devtools.Connection$Listener.lambda$onText$0(Connection.java:224)
	at java.base/java.util.concurrent.ThreadPoolExecutor.runWorker(ThreadPoolExecutor.java:1128)
	at java.base/java.util.concurrent.ThreadPoolExecutor$Worker.run(ThreadPoolExecutor.java:628)
	at java.base/java.lang.Thread.run(Thread.java:829)
Caused by: org.openqa.selenium.WebDriverException: {"id":1769,"error":{"code":-32602,"message":"Invalid InterceptionId."},"sessionId":"69DE6D1A85B5D627489871F60443E14A"}
Build info: version: '4.11.0', revision: '040bc5406b'
System info: os.name: 'Windows 10', os.arch: 'amd64', os.version: '10.0', java.version: '11.0.18'
Driver info: driver.version: unknown
	at org.openqa.selenium.devtools.Connection.handle(Connection.java:260)
	... 5 more

Exception in thread "CDP Connection" org.openqa.selenium.devtools.DevToolsException: {"id":1769,"error":{"code":-32602,"message":"Invalid InterceptionId."},"sessionId":"69DE6D1A85B5D627489871F60443E14A"}
Build info: version: '4.11.0', revision: '040bc5406b'
System info: os.name: 'Windows 10', os.arch: 'amd64', os.version: '10.0', java.version: '11.0.18'
Driver info: driver.version: unknown
	at org.openqa.selenium.devtools.Connection$Listener.lambda$onText$0(Connection.java:227)
	at java.base/java.util.concurrent.ThreadPoolExecutor.runWorker(ThreadPoolExecutor.java:1128)
	at java.base/java.util.concurrent.ThreadPoolExecutor$Worker.run(ThreadPoolExecutor.java:628)
	at java.base/java.lang.Thread.run(Thread.java:829)
Caused by: org.openqa.selenium.devtools.DevToolsException: {"id":1769,"error":{"code":-32602,"message":"Invalid InterceptionId."},"sessionId":"69DE6D1A85B5D627489871F60443E14A"}
Build info: version: '4.11.0', revision: '040bc5406b'
System info: os.name: 'Windows 10', os.arch: 'amd64', os.version: '10.0', java.version: '11.0.18'
Driver info: driver.version: unknown
	at org.openqa.selenium.devtools.Connection.sendAndWait(Connection.java:181)
	at org.openqa.selenium.devtools.DevTools.send(DevTools.java:81)
	at org.openqa.selenium.devtools.idealized.Network.lambda$prepareToInterceptTraffic$3(Network.java:211)
	at org.openqa.selenium.remote.http.Filter.lambda$andFinally$1(Filter.java:55)
	at org.openqa.selenium.devtools.idealized.Network.lambda$prepareToInterceptTraffic$4(Network.java:226)
	at org.openqa.selenium.devtools.Connection.lambda$handle$4(Connection.java:321)
	at java.base/java.util.stream.ForEachOps$ForEachOp$OfRef.accept(ForEachOps.java:183)
	at java.base/java.util.stream.ReferencePipeline$2$1.accept(ReferencePipeline.java:177)
	at java.base/java.util.stream.ReferencePipeline$11$1.accept(ReferencePipeline.java:442)
	at java.base/java.util.HashMap$KeySpliterator.forEachRemaining(HashMap.java:1621)
	at java.base/java.util.stream.AbstractPipeline.copyInto(AbstractPipeline.java:484)
	at java.base/java.util.stream.AbstractPipeline.wrapAndCopyInto(AbstractPipeline.java:474)
	at java.base/java.util.stream.ForEachOps$ForEachOp.evaluateSequential(ForEachOps.java:150)
	at java.base/java.util.stream.ForEachOps$ForEachOp$OfRef.evaluateSequential(ForEachOps.java:173)
	at java.base/java.util.stream.AbstractPipeline.evaluate(AbstractPipeline.java:234)
	at java.base/java.util.stream.ReferencePipeline.forEach(ReferencePipeline.java:497)
	at org.openqa.selenium.devtools.Connection.handle(Connection.java:287)
	at org.openqa.selenium.devtools.Connection.access$200(Connection.java:57)
	at org.openqa.selenium.devtools.Connection$Listener.lambda$onText$0(Connection.java:224)
	... 3 more
Caused by: org.openqa.selenium.WebDriverException: {"id":1769,"error":{"code":-32602,"message":"Invalid InterceptionId."},"sessionId":"69DE6D1A85B5D627489871F60443E14A"}
Build info: version: '4.11.0', revision: '040bc5406b'
System info: os.name: 'Windows 10', os.arch: 'amd64', os.version: '10.0', java.version: '11.0.18'
Driver info: driver.version: unknown
	at org.openqa.selenium.devtools.Connection.handle(Connection.java:260)
	... 5 more
авг. 16, 2023 4:22:18 PM org.openqa.selenium.devtools.Connection$Listener lambda$onText$0
WARNING: Unable to process: {"method":"Fetch.requestPaused","params":{"requestId":"interception-job-289.0","request":{"url":"http://localhost:8080/logo192.png","method":"GET","headers":{"Accept":"image/avif,image/webp,image/apng,image/svg+xml,image/*,*/*;q=0.8","Referer":"http://localhost:8080/","User-Agent":"Mozilla/5.0 (Windows NT 10.0; Win64; x64) AppleWebKit/537.36 (KHTML, like Gecko) Chrome/116.0.0.0 Safari/537.36","sec-ch-ua":"\"Chromium\";v=\"116\", \"Not)A;Brand\";v=\"24\", \"Google Chrome\";v=\"116\"","sec-ch-ua-mobile":"?0","sec-ch-ua-platform":"\"Windows\""},"initialPriority":"High","referrerPolicy":"unsafe-url"},"frameId":"D165F02B89151667DFD1BF49856829E7","resourceType":"Image","responseStatusCode":200,"responseStatusText":"","responseHeaders":[{"name":"Vary","value":"Origin"},{"name":"Vary","value":"Access-Control-Request-Method"},{"name":"Vary","value":"Access-Control-Request-Headers"},{"name":"Last-Modified","value":"Thu, 03 Aug 2023 10:18:16 GMT"},{"name":"Accept-Ranges","value":"bytes"},{"name":"Content-Type","value":"image/png"},{"name":"Content-Length","value":"8581"},{"name":"Date","value":"Wed, 16 Aug 2023 13:20:23 GMT"}]},"sessionId":"69DE6D1A85B5D627489871F60443E14A"}
org.openqa.selenium.devtools.DevToolsException: {"id":1773,"error":{"code":-32602,"message":"Invalid InterceptionId."},"sessionId":"69DE6D1A85B5D627489871F60443E14A"}
Build info: version: '4.11.0', revision: '040bc5406b'
System info: os.name: 'Windows 10', os.arch: 'amd64', os.version: '10.0', java.version: '11.0.18'
Driver info: driver.version: unknown
	at org.openqa.selenium.devtools.Connection.sendAndWait(Connection.java:181)
	at org.openqa.selenium.devtools.DevTools.send(DevTools.java:81)
	at org.openqa.selenium.devtools.idealized.Network.lambda$prepareToInterceptTraffic$4(Network.java:194)
	at org.openqa.selenium.devtools.Connection.lambda$handle$4(Connection.java:321)
	at java.base/java.util.stream.ForEachOps$ForEachOp$OfRef.accept(ForEachOps.java:183)
	at java.base/java.util.stream.ReferencePipeline$2$1.accept(ReferencePipeline.java:177)
	at java.base/java.util.stream.ReferencePipeline$11$1.accept(ReferencePipeline.java:442)
	at java.base/java.util.HashMap$KeySpliterator.forEachRemaining(HashMap.java:1621)
	at java.base/java.util.stream.AbstractPipeline.copyInto(AbstractPipeline.java:484)
	at java.base/java.util.stream.AbstractPipeline.wrapAndCopyInto(AbstractPipeline.java:474)
	at java.base/java.util.stream.ForEachOps$ForEachOp.evaluateSequential(ForEachOps.java:150)
	at java.base/java.util.stream.ForEachOps$ForEachOp$OfRef.evaluateSequential(ForEachOps.java:173)
	at java.base/java.util.stream.AbstractPipeline.evaluate(AbstractPipeline.java:234)
	at java.base/java.util.stream.ReferencePipeline.forEach(ReferencePipeline.java:497)
	at org.openqa.selenium.devtools.Connection.handle(Connection.java:287)
	at org.openqa.selenium.devtools.Connection.access$200(Connection.java:57)
	at org.openqa.selenium.devtools.Connection$Listener.lambda$onText$0(Connection.java:224)
	at java.base/java.util.concurrent.ThreadPoolExecutor.runWorker(ThreadPoolExecutor.java:1128)
	at java.base/java.util.concurrent.ThreadPoolExecutor$Worker.run(ThreadPoolExecutor.java:628)
	at java.base/java.lang.Thread.run(Thread.java:829)
Caused by: org.openqa.selenium.WebDriverException: {"id":1773,"error":{"code":-32602,"message":"Invalid InterceptionId."},"sessionId":"69DE6D1A85B5D627489871F60443E14A"}
Build info: version: '4.11.0', revision: '040bc5406b'
System info: os.name: 'Windows 10', os.arch: 'amd64', os.version: '10.0', java.version: '11.0.18'
Driver info: driver.version: unknown
	at org.openqa.selenium.devtools.Connection.handle(Connection.java:260)
	... 5 more

Exception in thread "CDP Connection" org.openqa.selenium.devtools.DevToolsException: {"id":1773,"error":{"code":-32602,"message":"Invalid InterceptionId."},"sessionId":"69DE6D1A85B5D627489871F60443E14A"}
Build info: version: '4.11.0', revision: '040bc5406b'
System info: os.name: 'Windows 10', os.arch: 'amd64', os.version: '10.0', java.version: '11.0.18'
Driver info: driver.version: unknown
	at org.openqa.selenium.devtools.Connection$Listener.lambda$onText$0(Connection.java:227)
	at java.base/java.util.concurrent.ThreadPoolExecutor.runWorker(ThreadPoolExecutor.java:1128)
	at java.base/java.util.concurrent.ThreadPoolExecutor$Worker.run(ThreadPoolExecutor.java:628)
	at java.base/java.lang.Thread.run(Thread.java:829)
Caused by: org.openqa.selenium.devtools.DevToolsException: {"id":1773,"error":{"code":-32602,"message":"Invalid InterceptionId."},"sessionId":"69DE6D1A85B5D627489871F60443E14A"}
Build info: version: '4.11.0', revision: '040bc5406b'
System info: os.name: 'Windows 10', os.arch: 'amd64', os.version: '10.0', java.version: '11.0.18'
Driver info: driver.version: unknown
	at org.openqa.selenium.devtools.Connection.sendAndWait(Connection.java:181)
	at org.openqa.selenium.devtools.DevTools.send(DevTools.java:81)
	at org.openqa.selenium.devtools.idealized.Network.lambda$prepareToInterceptTraffic$4(Network.java:194)
	at org.openqa.selenium.devtools.Connection.lambda$handle$4(Connection.java:321)
	at java.base/java.util.stream.ForEachOps$ForEachOp$OfRef.accept(ForEachOps.java:183)
	at java.base/java.util.stream.ReferencePipeline$2$1.accept(ReferencePipeline.java:177)
	at java.base/java.util.stream.ReferencePipeline$11$1.accept(ReferencePipeline.java:442)
	at java.base/java.util.HashMap$KeySpliterator.forEachRemaining(HashMap.java:1621)
	at java.base/java.util.stream.AbstractPipeline.copyInto(AbstractPipeline.java:484)
	at java.base/java.util.stream.AbstractPipeline.wrapAndCopyInto(AbstractPipeline.java:474)
	at java.base/java.util.stream.ForEachOps$ForEachOp.evaluateSequential(ForEachOps.java:150)
	at java.base/java.util.stream.ForEachOps$ForEachOp$OfRef.evaluateSequential(ForEachOps.java:173)
	at java.base/java.util.stream.AbstractPipeline.evaluate(AbstractPipeline.java:234)
	at java.base/java.util.stream.ReferencePipeline.forEach(ReferencePipeline.java:497)
	at org.openqa.selenium.devtools.Connection.handle(Connection.java:287)
	at org.openqa.selenium.devtools.Connection.access$200(Connection.java:57)
	at org.openqa.selenium.devtools.Connection$Listener.lambda$onText$0(Connection.java:224)
	... 3 more
Caused by: org.openqa.selenium.WebDriverException: {"id":1773,"error":{"code":-32602,"message":"Invalid InterceptionId."},"sessionId":"69DE6D1A85B5D627489871F60443E14A"}
Build info: version: '4.11.0', revision: '040bc5406b'
System info: os.name: 'Windows 10', os.arch: 'amd64', os.version: '10.0', java.version: '11.0.18'
Driver info: driver.version: unknown
	at org.openqa.selenium.devtools.Connection.handle(Connection.java:260)
	... 5 more
авг. 16, 2023 4:22:18 PM org.openqa.selenium.devtools.Connection$Listener lambda$onText$0
WARNING: Unable to process: {"method":"Fetch.requestPaused","params":{"requestId":"interception-job-289.0","request":{"url":"http://localhost:8080/logo192.png","method":"GET","headers":{"Accept":"image/avif,image/webp,image/apng,image/svg+xml,image/*,*/*;q=0.8","Referer":"http://localhost:8080/","User-Agent":"Mozilla/5.0 (Windows NT 10.0; Win64; x64) AppleWebKit/537.36 (KHTML, like Gecko) Chrome/116.0.0.0 Safari/537.36","sec-ch-ua":"\"Chromium\";v=\"116\", \"Not)A;Brand\";v=\"24\", \"Google Chrome\";v=\"116\"","sec-ch-ua-mobile":"?0","sec-ch-ua-platform":"\"Windows\""},"initialPriority":"High","referrerPolicy":"strict-origin-when-cross-origin"},"frameId":"D165F02B89151667DFD1BF49856829E7","resourceType":"Image"},"sessionId":"69DE6D1A85B5D627489871F60443E14A"}
org.openqa.selenium.devtools.DevToolsException: {"id":1774,"error":{"code":-32602,"message":"Invalid InterceptionId."},"sessionId":"69DE6D1A85B5D627489871F60443E14A"}
Build info: version: '4.11.0', revision: '040bc5406b'
System info: os.name: 'Windows 10', os.arch: 'amd64', os.version: '10.0', java.version: '11.0.18'
Driver info: driver.version: unknown
	at org.openqa.selenium.devtools.Connection.sendAndWait(Connection.java:181)
	at org.openqa.selenium.devtools.DevTools.send(DevTools.java:81)
	at org.openqa.selenium.devtools.idealized.Network.lambda$prepareToInterceptTraffic$3(Network.java:211)
	at org.openqa.selenium.remote.http.Filter.lambda$andFinally$1(Filter.java:55)
	at org.openqa.selenium.devtools.idealized.Network.lambda$prepareToInterceptTraffic$4(Network.java:226)
	at org.openqa.selenium.devtools.Connection.lambda$handle$4(Connection.java:321)
	at java.base/java.util.stream.ForEachOps$ForEachOp$OfRef.accept(ForEachOps.java:183)
	at java.base/java.util.stream.ReferencePipeline$2$1.accept(ReferencePipeline.java:177)
	at java.base/java.util.stream.ReferencePipeline$11$1.accept(ReferencePipeline.java:442)
	at java.base/java.util.HashMap$KeySpliterator.forEachRemaining(HashMap.java:1621)
	at java.base/java.util.stream.AbstractPipeline.copyInto(AbstractPipeline.java:484)
	at java.base/java.util.stream.AbstractPipeline.wrapAndCopyInto(AbstractPipeline.java:474)
	at java.base/java.util.stream.ForEachOps$ForEachOp.evaluateSequential(ForEachOps.java:150)
	at java.base/java.util.stream.ForEachOps$ForEachOp$OfRef.evaluateSequential(ForEachOps.java:173)
	at java.base/java.util.stream.AbstractPipeline.evaluate(AbstractPipeline.java:234)
	at java.base/java.util.stream.ReferencePipeline.forEach(ReferencePipeline.java:497)
	at org.openqa.selenium.devtools.Connection.handle(Connection.java:287)
	at org.openqa.selenium.devtools.Connection.access$200(Connection.java:57)
	at org.openqa.selenium.devtools.Connection$Listener.lambda$onText$0(Connection.java:224)
	at java.base/java.util.concurrent.ThreadPoolExecutor.runWorker(ThreadPoolExecutor.java:1128)
	at java.base/java.util.concurrent.ThreadPoolExecutor$Worker.run(ThreadPoolExecutor.java:628)
	at java.base/java.lang.Thread.run(Thread.java:829)
Caused by: org.openqa.selenium.WebDriverException: {"id":1774,"error":{"code":-32602,"message":"Invalid InterceptionId."},"sessionId":"69DE6D1A85B5D627489871F60443E14A"}
Build info: version: '4.11.0', revision: '040bc5406b'
System info: os.name: 'Windows 10', os.arch: 'amd64', os.version: '10.0', java.version: '11.0.18'
Driver info: driver.version: unknown
	at org.openqa.selenium.devtools.Connection.handle(Connection.java:260)
	... 5 more

Exception in thread "CDP Connection" org.openqa.selenium.devtools.DevToolsException: {"id":1774,"error":{"code":-32602,"message":"Invalid InterceptionId."},"sessionId":"69DE6D1A85B5D627489871F60443E14A"}
Build info: version: '4.11.0', revision: '040bc5406b'
System info: os.name: 'Windows 10', os.arch: 'amd64', os.version: '10.0', java.version: '11.0.18'
Driver info: driver.version: unknown
	at org.openqa.selenium.devtools.Connection$Listener.lambda$onText$0(Connection.java:227)
	at java.base/java.util.concurrent.ThreadPoolExecutor.runWorker(ThreadPoolExecutor.java:1128)
	at java.base/java.util.concurrent.ThreadPoolExecutor$Worker.run(ThreadPoolExecutor.java:628)
	at java.base/java.lang.Thread.run(Thread.java:829)
Caused by: org.openqa.selenium.devtools.DevToolsException: {"id":1774,"error":{"code":-32602,"message":"Invalid InterceptionId."},"sessionId":"69DE6D1A85B5D627489871F60443E14A"}
Build info: version: '4.11.0', revision: '040bc5406b'
System info: os.name: 'Windows 10', os.arch: 'amd64', os.version: '10.0', java.version: '11.0.18'
Driver info: driver.version: unknown
	at org.openqa.selenium.devtools.Connection.sendAndWait(Connection.java:181)
	at org.openqa.selenium.devtools.DevTools.send(DevTools.java:81)
	at org.openqa.selenium.devtools.idealized.Network.lambda$prepareToInterceptTraffic$3(Network.java:211)
	at org.openqa.selenium.remote.http.Filter.lambda$andFinally$1(Filter.java:55)
	at org.openqa.selenium.devtools.idealized.Network.lambda$prepareToInterceptTraffic$4(Network.java:226)
	at org.openqa.selenium.devtools.Connection.lambda$handle$4(Connection.java:321)
	at java.base/java.util.stream.ForEachOps$ForEachOp$OfRef.accept(ForEachOps.java:183)
	at java.base/java.util.stream.ReferencePipeline$2$1.accept(ReferencePipeline.java:177)
	at java.base/java.util.stream.ReferencePipeline$11$1.accept(ReferencePipeline.java:442)
	at java.base/java.util.HashMap$KeySpliterator.forEachRemaining(HashMap.java:1621)
	at java.base/java.util.stream.AbstractPipeline.copyInto(AbstractPipeline.java:484)
	at java.base/java.util.stream.AbstractPipeline.wrapAndCopyInto(AbstractPipeline.java:474)
	at java.base/java.util.stream.ForEachOps$ForEachOp.evaluateSequential(ForEachOps.java:150)
	at java.base/java.util.stream.ForEachOps$ForEachOp$OfRef.evaluateSequential(ForEachOps.java:173)
	at java.base/java.util.stream.AbstractPipeline.evaluate(AbstractPipeline.java:234)
	at java.base/java.util.stream.ReferencePipeline.forEach(ReferencePipeline.java:497)
	at org.openqa.selenium.devtools.Connection.handle(Connection.java:287)
	at org.openqa.selenium.devtools.Connection.access$200(Connection.java:57)
	at org.openqa.selenium.devtools.Connection$Listener.lambda$onText$0(Connection.java:224)
	... 3 more
Caused by: org.openqa.selenium.WebDriverException: {"id":1774,"error":{"code":-32602,"message":"Invalid InterceptionId."},"sessionId":"69DE6D1A85B5D627489871F60443E14A"}
Build info: version: '4.11.0', revision: '040bc5406b'
System info: os.name: 'Windows 10', os.arch: 'amd64', os.version: '10.0', java.version: '11.0.18'
Driver info: driver.version: unknown
	at org.openqa.selenium.devtools.Connection.handle(Connection.java:260)
	... 5 more
авг. 16, 2023 4:22:18 PM org.openqa.selenium.devtools.Connection$Listener lambda$onText$0
WARNING: Unable to process: {"method":"Fetch.requestPaused","params":{"requestId":"interception-job-290.0","request":{"url":"http://localhost:8080/static/media/icon_ok_m_white.5987da79.svg","method":"GET","headers":{"Accept":"image/avif,image/webp,image/apng,image/svg+xml,image/*,*/*;q=0.8","Referer":"http://localhost:8080/static/css/2.7d875902.chunk.css","User-Agent":"Mozilla/5.0 (Windows NT 10.0; Win64; x64) AppleWebKit/537.36 (KHTML, like Gecko) Chrome/116.0.0.0 Safari/537.36","sec-ch-ua":"\"Chromium\";v=\"116\", \"Not)A;Brand\";v=\"24\", \"Google Chrome\";v=\"116\"","sec-ch-ua-mobile":"?0","sec-ch-ua-platform":"\"Windows\""},"initialPriority":"Low","referrerPolicy":"unsafe-url"},"frameId":"D165F02B89151667DFD1BF49856829E7","resourceType":"Image","responseStatusCode":200,"responseStatusText":"","responseHeaders":[{"name":"Vary","value":"Origin"},{"name":"Vary","value":"Access-Control-Request-Method"},{"name":"Vary","value":"Access-Control-Request-Headers"},{"name":"Last-Modified","value":"Thu, 03 Aug 2023 10:18:16 GMT"},{"name":"Accept-Ranges","value":"bytes"},{"name":"Content-Type","value":"image/svg+xml"},{"name":"Content-Length","value":"687"},{"name":"Date","value":"Wed, 16 Aug 2023 13:20:24 GMT"}]},"sessionId":"69DE6D1A85B5D627489871F60443E14A"}
org.openqa.selenium.devtools.DevToolsException: {"id":1783,"error":{"code":-32602,"message":"Invalid InterceptionId."},"sessionId":"69DE6D1A85B5D627489871F60443E14A"}
Build info: version: '4.11.0', revision: '040bc5406b'
System info: os.name: 'Windows 10', os.arch: 'amd64', os.version: '10.0', java.version: '11.0.18'
Driver info: driver.version: unknown
	at org.openqa.selenium.devtools.Connection.sendAndWait(Connection.java:181)
	at org.openqa.selenium.devtools.DevTools.send(DevTools.java:81)
	at org.openqa.selenium.devtools.idealized.Network.lambda$prepareToInterceptTraffic$4(Network.java:194)
	at org.openqa.selenium.devtools.Connection.lambda$handle$4(Connection.java:321)
	at java.base/java.util.stream.ForEachOps$ForEachOp$OfRef.accept(ForEachOps.java:183)
	at java.base/java.util.stream.ReferencePipeline$2$1.accept(ReferencePipeline.java:177)
	at java.base/java.util.stream.ReferencePipeline$11$1.accept(ReferencePipeline.java:442)
	at java.base/java.util.HashMap$KeySpliterator.forEachRemaining(HashMap.java:1621)
	at java.base/java.util.stream.AbstractPipeline.copyInto(AbstractPipeline.java:484)
	at java.base/java.util.stream.AbstractPipeline.wrapAndCopyInto(AbstractPipeline.java:474)
	at java.base/java.util.stream.ForEachOps$ForEachOp.evaluateSequential(ForEachOps.java:150)
	at java.base/java.util.stream.ForEachOps$ForEachOp$OfRef.evaluateSequential(ForEachOps.java:173)
	at java.base/java.util.stream.AbstractPipeline.evaluate(AbstractPipeline.java:234)
	at java.base/java.util.stream.ReferencePipeline.forEach(ReferencePipeline.java:497)
	at org.openqa.selenium.devtools.Connection.handle(Connection.java:287)
	at org.openqa.selenium.devtools.Connection.access$200(Connection.java:57)
	at org.openqa.selenium.devtools.Connection$Listener.lambda$onText$0(Connection.java:224)
	at java.base/java.util.concurrent.ThreadPoolExecutor.runWorker(ThreadPoolExecutor.java:1128)
	at java.base/java.util.concurrent.ThreadPoolExecutor$Worker.run(ThreadPoolExecutor.java:628)
	at java.base/java.lang.Thread.run(Thread.java:829)
Caused by: org.openqa.selenium.WebDriverException: {"id":1783,"error":{"code":-32602,"message":"Invalid InterceptionId."},"sessionId":"69DE6D1A85B5D627489871F60443E14A"}
Build info: version: '4.11.0', revision: '040bc5406b'
System info: os.name: 'Windows 10', os.arch: 'amd64', os.version: '10.0', java.version: '11.0.18'
Driver info: driver.version: unknown
	at org.openqa.selenium.devtools.Connection.handle(Connection.java:260)
	... 5 more

Exception in thread "CDP Connection" org.openqa.selenium.devtools.DevToolsException: {"id":1783,"error":{"code":-32602,"message":"Invalid InterceptionId."},"sessionId":"69DE6D1A85B5D627489871F60443E14A"}
Build info: version: '4.11.0', revision: '040bc5406b'
System info: os.name: 'Windows 10', os.arch: 'amd64', os.version: '10.0', java.version: '11.0.18'
Driver info: driver.version: unknown
авг. 16, 2023 4:22:18 PM org.openqa.selenium.devtools.Connection$Listener lambda$onText$0
	at org.openqa.selenium.devtools.Connection$Listener.lambda$onText$0(Connection.java:227)
	at java.base/java.util.concurrent.ThreadPoolExecutor.runWorker(ThreadPoolExecutor.java:1128)
	at java.base/java.util.concurrent.ThreadPoolExecutor$Worker.run(ThreadPoolExecutor.java:628)
WARNING: Unable to process: {"method":"Fetch.requestPaused","params":{"requestId":"interception-job-290.0","request":{"url":"http://localhost:8080/static/media/icon_ok_m_white.5987da79.svg","method":"GET","headers":{"Accept":"image/avif,image/webp,image/apng,image/svg+xml,image/*,*/*;q=0.8","Referer":"http://localhost:8080/static/css/2.7d875902.chunk.css","User-Agent":"Mozilla/5.0 (Windows NT 10.0; Win64; x64) AppleWebKit/537.36 (KHTML, like Gecko) Chrome/116.0.0.0 Safari/537.36","sec-ch-ua":"\"Chromium\";v=\"116\", \"Not)A;Brand\";v=\"24\", \"Google Chrome\";v=\"116\"","sec-ch-ua-mobile":"?0","sec-ch-ua-platform":"\"Windows\""},"initialPriority":"Low","referrerPolicy":"strict-origin-when-cross-origin"},"frameId":"D165F02B89151667DFD1BF49856829E7","resourceType":"Image"},"sessionId":"69DE6D1A85B5D627489871F60443E14A"}
org.openqa.selenium.devtools.DevToolsException: {"id":1784,"error":{"code":-32602,"message":"Invalid InterceptionId."},"sessionId":"69DE6D1A85B5D627489871F60443E14A"}
	at java.base/java.lang.Thread.run(Thread.java:829)
Build info: version: '4.11.0', revision: '040bc5406b'
System info: os.name: 'Windows 10', os.arch: 'amd64', os.version: '10.0', java.version: '11.0.18'
Driver info: driver.version: unknown
	at org.openqa.selenium.devtools.Connection.sendAndWait(Connection.java:181)
	at org.openqa.selenium.devtools.DevTools.send(DevTools.java:81)
	at org.openqa.selenium.devtools.idealized.Network.lambda$prepareToInterceptTraffic$3(Network.java:211)
	at org.openqa.selenium.remote.http.Filter.lambda$andFinally$1(Filter.java:55)
	at org.openqa.selenium.devtools.idealized.Network.lambda$prepareToInterceptTraffic$4(Network.java:226)
Caused by: org.openqa.selenium.devtools.DevToolsException: {"id":1783,"error":{"code":-32602,"message":"Invalid InterceptionId."},"sessionId":"69DE6D1A85B5D627489871F60443E14A"}
	at org.openqa.selenium.devtools.Connection.lambda$handle$4(Connection.java:321)
Build info: version: '4.11.0', revision: '040bc5406b'
	at java.base/java.util.stream.ForEachOps$ForEachOp$OfRef.accept(ForEachOps.java:183)
System info: os.name: 'Windows 10', os.arch: 'amd64', os.version: '10.0', java.version: '11.0.18'
	at java.base/java.util.stream.ReferencePipeline$2$1.accept(ReferencePipeline.java:177)
Driver info: driver.version: unknown
	at java.base/java.util.stream.ReferencePipeline$11$1.accept(ReferencePipeline.java:442)
	at java.base/java.util.HashMap$KeySpliterator.forEachRemaining(HashMap.java:1621)
	at java.base/java.util.stream.AbstractPipeline.copyInto(AbstractPipeline.java:484)
	at java.base/java.util.stream.AbstractPipeline.wrapAndCopyInto(AbstractPipeline.java:474)
	at org.openqa.selenium.devtools.Connection.sendAndWait(Connection.java:181)
	at java.base/java.util.stream.ForEachOps$ForEachOp.evaluateSequential(ForEachOps.java:150)
	at java.base/java.util.stream.ForEachOps$ForEachOp$OfRef.evaluateSequential(ForEachOps.java:173)
	at java.base/java.util.stream.AbstractPipeline.evaluate(AbstractPipeline.java:234)
	at java.base/java.util.stream.ReferencePipeline.forEach(ReferencePipeline.java:497)
	at org.openqa.selenium.devtools.Connection.handle(Connection.java:287)
	at org.openqa.selenium.devtools.Connection.access$200(Connection.java:57)
	at org.openqa.selenium.devtools.Connection$Listener.lambda$onText$0(Connection.java:224)
	at java.base/java.util.concurrent.ThreadPoolExecutor.runWorker(ThreadPoolExecutor.java:1128)
	at java.base/java.util.concurrent.ThreadPoolExecutor$Worker.run(ThreadPoolExecutor.java:628)
	at java.base/java.lang.Thread.run(Thread.java:829)
Caused by: org.openqa.selenium.WebDriverException: {"id":1784,"error":{"code":-32602,"message":"Invalid InterceptionId."},"sessionId":"69DE6D1A85B5D627489871F60443E14A"}
Build info: version: '4.11.0', revision: '040bc5406b'
System info: os.name: 'Windows 10', os.arch: 'amd64', os.version: '10.0', java.version: '11.0.18'
Driver info: driver.version: unknown
	at org.openqa.selenium.devtools.Connection.handle(Connection.java:260)
	... 5 more

	at org.openqa.selenium.devtools.DevTools.send(DevTools.java:81)
	at org.openqa.selenium.devtools.idealized.Network.lambda$prepareToInterceptTraffic$4(Network.java:194)
	at org.openqa.selenium.devtools.Connection.lambda$handle$4(Connection.java:321)
	at java.base/java.util.stream.ForEachOps$ForEachOp$OfRef.accept(ForEachOps.java:183)
	at java.base/java.util.stream.ReferencePipeline$2$1.accept(ReferencePipeline.java:177)
	at java.base/java.util.stream.ReferencePipeline$11$1.accept(ReferencePipeline.java:442)
	at java.base/java.util.HashMap$KeySpliterator.forEachRemaining(HashMap.java:1621)
	at java.base/java.util.stream.AbstractPipeline.copyInto(AbstractPipeline.java:484)
	at java.base/java.util.stream.AbstractPipeline.wrapAndCopyInto(AbstractPipeline.java:474)
	at java.base/java.util.stream.ForEachOps$ForEachOp.evaluateSequential(ForEachOps.java:150)
	at java.base/java.util.stream.ForEachOps$ForEachOp$OfRef.evaluateSequential(ForEachOps.java:173)
	at java.base/java.util.stream.AbstractPipeline.evaluate(AbstractPipeline.java:234)
	at java.base/java.util.stream.ReferencePipeline.forEach(ReferencePipeline.java:497)
	at org.openqa.selenium.devtools.Connection.handle(Connection.java:287)
	at org.openqa.selenium.devtools.Connection.access$200(Connection.java:57)
	at org.openqa.selenium.devtools.Connection$Listener.lambda$onText$0(Connection.java:224)
	... 3 more
Caused by: org.openqa.selenium.WebDriverException: {"id":1783,"error":{"code":-32602,"message":"Invalid InterceptionId."},"sessionId":"69DE6D1A85B5D627489871F60443E14A"}
Build info: version: '4.11.0', revision: '040bc5406b'
System info: os.name: 'Windows 10', os.arch: 'amd64', os.version: '10.0', java.version: '11.0.18'
Driver info: driver.version: unknown
	at org.openqa.selenium.devtools.Connection.handle(Connection.java:260)
	... 5 more
Exception in thread "CDP Connection" org.openqa.selenium.devtools.DevToolsException: {"id":1784,"error":{"code":-32602,"message":"Invalid InterceptionId."},"sessionId":"69DE6D1A85B5D627489871F60443E14A"}
Build info: version: '4.11.0', revision: '040bc5406b'
System info: os.name: 'Windows 10', os.arch: 'amd64', os.version: '10.0', java.version: '11.0.18'
Driver info: driver.version: unknown
	at org.openqa.selenium.devtools.Connection$Listener.lambda$onText$0(Connection.java:227)
	at java.base/java.util.concurrent.ThreadPoolExecutor.runWorker(ThreadPoolExecutor.java:1128)
	at java.base/java.util.concurrent.ThreadPoolExecutor$Worker.run(ThreadPoolExecutor.java:628)
	at java.base/java.lang.Thread.run(Thread.java:829)
Caused by: org.openqa.selenium.devtools.DevToolsException: {"id":1784,"error":{"code":-32602,"message":"Invalid InterceptionId."},"sessionId":"69DE6D1A85B5D627489871F60443E14A"}
Build info: version: '4.11.0', revision: '040bc5406b'
System info: os.name: 'Windows 10', os.arch: 'amd64', os.version: '10.0', java.version: '11.0.18'
Driver info: driver.version: unknown
	at org.openqa.selenium.devtools.Connection.sendAndWait(Connection.java:181)
	at org.openqa.selenium.devtools.DevTools.send(DevTools.java:81)
	at org.openqa.selenium.devtools.idealized.Network.lambda$prepareToInterceptTraffic$3(Network.java:211)
	at org.openqa.selenium.remote.http.Filter.lambda$andFinally$1(Filter.java:55)
	at org.openqa.selenium.devtools.idealized.Network.lambda$prepareToInterceptTraffic$4(Network.java:226)
	at org.openqa.selenium.devtools.Connection.lambda$handle$4(Connection.java:321)
	at java.base/java.util.stream.ForEachOps$ForEachOp$OfRef.accept(ForEachOps.java:183)
	at java.base/java.util.stream.ReferencePipeline$2$1.accept(ReferencePipeline.java:177)
	at java.base/java.util.stream.ReferencePipeline$11$1.accept(ReferencePipeline.java:442)
	at java.base/java.util.HashMap$KeySpliterator.forEachRemaining(HashMap.java:1621)
	at java.base/java.util.stream.AbstractPipeline.copyInto(AbstractPipeline.java:484)
	at java.base/java.util.stream.AbstractPipeline.wrapAndCopyInto(AbstractPipeline.java:474)
	at java.base/java.util.stream.ForEachOps$ForEachOp.evaluateSequential(ForEachOps.java:150)
	at java.base/java.util.stream.ForEachOps$ForEachOp$OfRef.evaluateSequential(ForEachOps.java:173)
	at java.base/java.util.stream.AbstractPipeline.evaluate(AbstractPipeline.java:234)
	at java.base/java.util.stream.ReferencePipeline.forEach(ReferencePipeline.java:497)
	at org.openqa.selenium.devtools.Connection.handle(Connection.java:287)
	at org.openqa.selenium.devtools.Connection.access$200(Connection.java:57)
	at org.openqa.selenium.devtools.Connection$Listener.lambda$onText$0(Connection.java:224)
	... 3 more
Caused by: org.openqa.selenium.WebDriverException: {"id":1784,"error":{"code":-32602,"message":"Invalid InterceptionId."},"sessionId":"69DE6D1A85B5D627489871F60443E14A"}
Build info: version: '4.11.0', revision: '040bc5406b'
System info: os.name: 'Windows 10', os.arch: 'amd64', os.version: '10.0', java.version: '11.0.18'
Driver info: driver.version: unknown
	at org.openqa.selenium.devtools.Connection.handle(Connection.java:260)
	... 5 more
авг. 16, 2023 4:22:18 PM org.openqa.selenium.devtools.Connection$Listener lambda$onText$0
WARNING: Unable to process: {"method":"Fetch.requestPaused","params":{"requestId":"interception-job-292.0","request":{"url":"http://localhost:8080/static/media/icon_error_m_white.143ec85a.svg","method":"GET","headers":{"Accept":"image/avif,image/webp,image/apng,image/svg+xml,image/*,*/*;q=0.8","Referer":"http://localhost:8080/static/css/2.7d875902.chunk.css","User-Agent":"Mozilla/5.0 (Windows NT 10.0; Win64; x64) AppleWebKit/537.36 (KHTML, like Gecko) Chrome/116.0.0.0 Safari/537.36","sec-ch-ua":"\"Chromium\";v=\"116\", \"Not)A;Brand\";v=\"24\", \"Google Chrome\";v=\"116\"","sec-ch-ua-mobile":"?0","sec-ch-ua-platform":"\"Windows\""},"initialPriority":"Low","referrerPolicy":"strict-origin-when-cross-origin"},"frameId":"D165F02B89151667DFD1BF49856829E7","resourceType":"Image"},"sessionId":"69DE6D1A85B5D627489871F60443E14A"}
org.openqa.selenium.devtools.DevToolsException: {"id":1788,"error":{"code":-32602,"message":"Invalid InterceptionId."},"sessionId":"69DE6D1A85B5D627489871F60443E14A"}
Build info: version: '4.11.0', revision: '040bc5406b'
System info: os.name: 'Windows 10', os.arch: 'amd64', os.version: '10.0', java.version: '11.0.18'
Driver info: driver.version: unknown
	at org.openqa.selenium.devtools.Connection.sendAndWait(Connection.java:181)
	at org.openqa.selenium.devtools.DevTools.send(DevTools.java:81)
	at org.openqa.selenium.devtools.idealized.Network.lambda$prepareToInterceptTraffic$4(Network.java:233)
	at org.openqa.selenium.devtools.Connection.lambda$handle$4(Connection.java:321)
	at java.base/java.util.stream.ForEachOps$ForEachOp$OfRef.accept(ForEachOps.java:183)
	at java.base/java.util.stream.ReferencePipeline$2$1.accept(ReferencePipeline.java:177)
	at java.base/java.util.stream.ReferencePipeline$11$1.accept(ReferencePipeline.java:442)
	at java.base/java.util.HashMap$KeySpliterator.forEachRemaining(HashMap.java:1621)
	at java.base/java.util.stream.AbstractPipeline.copyInto(AbstractPipeline.java:484)
	at java.base/java.util.stream.AbstractPipeline.wrapAndCopyInto(AbstractPipeline.java:474)
	at java.base/java.util.stream.ForEachOps$ForEachOp.evaluateSequential(ForEachOps.java:150)
	at java.base/java.util.stream.ForEachOps$ForEachOp$OfRef.evaluateSequential(ForEachOps.java:173)
	at java.base/java.util.stream.AbstractPipeline.evaluate(AbstractPipeline.java:234)
	at java.base/java.util.stream.ReferencePipeline.forEach(ReferencePipeline.java:497)
	at org.openqa.selenium.devtools.Connection.handle(Connection.java:287)
	at org.openqa.selenium.devtools.Connection.access$200(Connection.java:57)
	at org.openqa.selenium.devtools.Connection$Listener.lambda$onText$0(Connection.java:224)
	at java.base/java.util.concurrent.ThreadPoolExecutor.runWorker(ThreadPoolExecutor.java:1128)
	at java.base/java.util.concurrent.ThreadPoolExecutor$Worker.run(ThreadPoolExecutor.java:628)
	at java.base/java.lang.Thread.run(Thread.java:829)
Caused by: org.openqa.selenium.WebDriverException: {"id":1788,"error":{"code":-32602,"message":"Invalid InterceptionId."},"sessionId":"69DE6D1A85B5D627489871F60443E14A"}
Build info: version: '4.11.0', revision: '040bc5406b'
System info: os.name: 'Windows 10', os.arch: 'amd64', os.version: '10.0', java.version: '11.0.18'
Driver info: driver.version: unknown
	at org.openqa.selenium.devtools.Connection.handle(Connection.java:260)
	... 5 more

авг. 16, 2023 4:22:18 PM org.openqa.selenium.devtools.Connection$Listener lambda$onText$0
WARNING: Unable to process: {"method":"Fetch.requestPaused","params":{"requestId":"interception-job-291.0","request":{"url":"http://localhost:8080/static/media/icon_close_s_white.cd06f8fb.svg","method":"GET","headers":{"Accept":"image/avif,image/webp,image/apng,image/svg+xml,image/*,*/*;q=0.8","Referer":"http://localhost:8080/static/css/2.7d875902.chunk.css","User-Agent":"Mozilla/5.0 (Windows NT 10.0; Win64; x64) AppleWebKit/537.36 (KHTML, like Gecko) Chrome/116.0.0.0 Safari/537.36","sec-ch-ua":"\"Chromium\";v=\"116\", \"Not)A;Brand\";v=\"24\", \"Google Chrome\";v=\"116\"","sec-ch-ua-mobile":"?0","sec-ch-ua-platform":"\"Windows\""},"initialPriority":"Low","referrerPolicy":"strict-origin-when-cross-origin"},"frameId":"D165F02B89151667DFD1BF49856829E7","resourceType":"Image"},"sessionId":"69DE6D1A85B5D627489871F60443E14A"}
org.openqa.selenium.devtools.DevToolsException: {"id":1791,"error":{"code":-32602,"message":"Invalid InterceptionId."},"sessionId":"69DE6D1A85B5D627489871F60443E14A"}
Build info: version: '4.11.0', revision: '040bc5406b'
System info: os.name: 'Windows 10', os.arch: 'amd64', os.version: '10.0', java.version: '11.0.18'
Driver info: driver.version: unknown
	at org.openqa.selenium.devtools.Connection.sendAndWait(Connection.java:181)
	at org.openqa.selenium.devtools.DevTools.send(DevTools.java:81)
	at org.openqa.selenium.devtools.idealized.Network.lambda$prepareToInterceptTraffic$3(Network.java:211)
	at org.openqa.selenium.remote.http.Filter.lambda$andFinally$1(Filter.java:55)
	at org.openqa.selenium.devtools.idealized.Network.lambda$prepareToInterceptTraffic$4(Network.java:226)
	at org.openqa.selenium.devtools.Connection.lambda$handle$4(Connection.java:321)
	at java.base/java.util.stream.ForEachOps$ForEachOp$OfRef.accept(ForEachOps.java:183)
	at java.base/java.util.stream.ReferencePipeline$2$1.accept(ReferencePipeline.java:177)
	at java.base/java.util.stream.ReferencePipeline$11$1.accept(ReferencePipeline.java:442)
	at java.base/java.util.HashMap$KeySpliterator.forEachRemaining(HashMap.java:1621)
	at java.base/java.util.stream.AbstractPipeline.copyInto(AbstractPipeline.java:484)
	at java.base/java.util.stream.AbstractPipeline.wrapAndCopyInto(AbstractPipeline.java:474)
	at java.base/java.util.stream.ForEachOps$ForEachOp.evaluateSequential(ForEachOps.java:150)
	at java.base/java.util.stream.ForEachOps$ForEachOp$OfRef.evaluateSequential(ForEachOps.java:173)
	at java.base/java.util.stream.AbstractPipeline.evaluate(AbstractPipeline.java:234)
	at java.base/java.util.stream.ReferencePipeline.forEach(ReferencePipeline.java:497)
	at org.openqa.selenium.devtools.Connection.handle(Connection.java:287)
	at org.openqa.selenium.devtools.Connection.access$200(Connection.java:57)
	at org.openqa.selenium.devtools.Connection$Listener.lambda$onText$0(Connection.java:224)
	at java.base/java.util.concurrent.ThreadPoolExecutor.runWorker(ThreadPoolExecutor.java:1128)
	at java.base/java.util.concurrent.ThreadPoolExecutor$Worker.run(ThreadPoolExecutor.java:628)
	at java.base/java.lang.Thread.run(Thread.java:829)
Caused by: org.openqa.selenium.WebDriverException: {"id":1791,"error":{"code":-32602,"message":"Invalid InterceptionId."},"sessionId":"69DE6D1A85B5D627489871F60443E14A"}
Build info: version: '4.11.0', revision: '040bc5406b'
System info: os.name: 'Windows 10', os.arch: 'amd64', os.version: '10.0', java.version: '11.0.18'
Driver info: driver.version: unknown
	at org.openqa.selenium.devtools.Connection.handle(Connection.java:260)
	... 5 more

Exception in thread "CDP Connection" org.openqa.selenium.devtools.DevToolsException: {"id":1791,"error":{"code":-32602,"message":"Invalid InterceptionId."},"sessionId":"69DE6D1A85B5D627489871F60443E14A"}
Build info: version: '4.11.0', revision: '040bc5406b'
System info: os.name: 'Windows 10', os.arch: 'amd64', os.version: '10.0', java.version: '11.0.18'
Driver info: driver.version: unknown
	at org.openqa.selenium.devtools.Connection$Listener.lambda$onText$0(Connection.java:227)
	at java.base/java.util.concurrent.ThreadPoolExecutor.runWorker(ThreadPoolExecutor.java:1128)
	at java.base/java.util.concurrent.ThreadPoolExecutor$Worker.run(ThreadPoolExecutor.java:628)
	at java.base/java.lang.Thread.run(Thread.java:829)
Caused by: org.openqa.selenium.devtools.DevToolsException: {"id":1791,"error":{"code":-32602,"message":"Invalid InterceptionId."},"sessionId":"69DE6D1A85B5D627489871F60443E14A"}
Build info: version: '4.11.0', revision: '040bc5406b'
System info: os.name: 'Windows 10', os.arch: 'amd64', os.version: '10.0', java.version: '11.0.18'
Driver info: driver.version: unknown
	at org.openqa.selenium.devtools.Connection.sendAndWait(Connection.java:181)
	at org.openqa.selenium.devtools.DevTools.send(DevTools.java:81)
	at org.openqa.selenium.devtools.idealized.Network.lambda$prepareToInterceptTraffic$3(Network.java:211)
	at org.openqa.selenium.remote.http.Filter.lambda$andFinally$1(Filter.java:55)
	at org.openqa.selenium.devtools.idealized.Network.lambda$prepareToInterceptTraffic$4(Network.java:226)
	at org.openqa.selenium.devtools.Connection.lambda$handle$4(Connection.java:321)
	at java.base/java.util.stream.ForEachOps$ForEachOp$OfRef.accept(ForEachOps.java:183)
	at java.base/java.util.stream.ReferencePipeline$2$1.accept(ReferencePipeline.java:177)
	at java.base/java.util.stream.ReferencePipeline$11$1.accept(ReferencePipeline.java:442)
	at java.base/java.util.HashMap$KeySpliterator.forEachRemaining(HashMap.java:1621)
	at java.base/java.util.stream.AbstractPipeline.copyInto(AbstractPipeline.java:484)
	at java.base/java.util.stream.AbstractPipeline.wrapAndCopyInto(AbstractPipeline.java:474)
	at java.base/java.util.stream.ForEachOps$ForEachOp.evaluateSequential(ForEachOps.java:150)
	at java.base/java.util.stream.ForEachOps$ForEachOp$OfRef.evaluateSequential(ForEachOps.java:173)
	at java.base/java.util.stream.AbstractPipeline.evaluate(AbstractPipeline.java:234)
	at java.base/java.util.stream.ReferencePipeline.forEach(ReferencePipeline.java:497)
	at org.openqa.selenium.devtools.Connection.handle(Connection.java:287)
	at org.openqa.selenium.devtools.Connection.access$200(Connection.java:57)
	at org.openqa.selenium.devtools.Connection$Listener.lambda$onText$0(Connection.java:224)
	... 3 more
Caused by: org.openqa.selenium.WebDriverException: {"id":1791,"error":{"code":-32602,"message":"Invalid InterceptionId."},"sessionId":"69DE6D1A85B5D627489871F60443E14A"}
Build info: version: '4.11.0', revision: '040bc5406b'
System info: os.name: 'Windows 10', os.arch: 'amd64', os.version: '10.0', java.version: '11.0.18'
Driver info: driver.version: unknown
	at org.openqa.selenium.devtools.Connection.handle(Connection.java:260)
	... 5 more
Exception in thread "CDP Connection" org.openqa.selenium.devtools.DevToolsException: {"id":1788,"error":{"code":-32602,"message":"Invalid InterceptionId."},"sessionId":"69DE6D1A85B5D627489871F60443E14A"}
Build info: version: '4.11.0', revision: '040bc5406b'
System info: os.name: 'Windows 10', os.arch: 'amd64', os.version: '10.0', java.version: '11.0.18'
Driver info: driver.version: unknown
	at org.openqa.selenium.devtools.Connection$Listener.lambda$onText$0(Connection.java:227)
	at java.base/java.util.concurrent.ThreadPoolExecutor.runWorker(ThreadPoolExecutor.java:1128)
	at java.base/java.util.concurrent.ThreadPoolExecutor$Worker.run(ThreadPoolExecutor.java:628)
	at java.base/java.lang.Thread.run(Thread.java:829)
Caused by: org.openqa.selenium.devtools.DevToolsException: {"id":1788,"error":{"code":-32602,"message":"Invalid InterceptionId."},"sessionId":"69DE6D1A85B5D627489871F60443E14A"}
Build info: version: '4.11.0', revision: '040bc5406b'
System info: os.name: 'Windows 10', os.arch: 'amd64', os.version: '10.0', java.version: '11.0.18'
Driver info: driver.version: unknown
	at org.openqa.selenium.devtools.Connection.sendAndWait(Connection.java:181)
	at org.openqa.selenium.devtools.DevTools.send(DevTools.java:81)
	at org.openqa.selenium.devtools.idealized.Network.lambda$prepareToInterceptTraffic$4(Network.java:233)
	at org.openqa.selenium.devtools.Connection.lambda$handle$4(Connection.java:321)
	at java.base/java.util.stream.ForEachOps$ForEachOp$OfRef.accept(ForEachOps.java:183)
	at java.base/java.util.stream.ReferencePipeline$2$1.accept(ReferencePipeline.java:177)
	at java.base/java.util.stream.ReferencePipeline$11$1.accept(ReferencePipeline.java:442)
	at java.base/java.util.HashMap$KeySpliterator.forEachRemaining(HashMap.java:1621)
	at java.base/java.util.stream.AbstractPipeline.copyInto(AbstractPipeline.java:484)
	at java.base/java.util.stream.AbstractPipeline.wrapAndCopyInto(AbstractPipeline.java:474)
	at java.base/java.util.stream.ForEachOps$ForEachOp.evaluateSequential(ForEachOps.java:150)
	at java.base/java.util.stream.ForEachOps$ForEachOp$OfRef.evaluateSequential(ForEachOps.java:173)
	at java.base/java.util.stream.AbstractPipeline.evaluate(AbstractPipeline.java:234)
	at java.base/java.util.stream.ReferencePipeline.forEach(ReferencePipeline.java:497)
	at org.openqa.selenium.devtools.Connection.handle(Connection.java:287)
	at org.openqa.selenium.devtools.Connection.access$200(Connection.java:57)
	at org.openqa.selenium.devtools.Connection$Listener.lambda$onText$0(Connection.java:224)
	... 3 more
Caused by: org.openqa.selenium.WebDriverException: {"id":1788,"error":{"code":-32602,"message":"Invalid InterceptionId."},"sessionId":"69DE6D1A85B5D627489871F60443E14A"}
Build info: version: '4.11.0', revision: '040bc5406b'
System info: os.name: 'Windows 10', os.arch: 'amd64', os.version: '10.0', java.version: '11.0.18'
Driver info: driver.version: unknown
	at org.openqa.selenium.devtools.Connection.handle(Connection.java:260)
	... 5 more
авг. 16, 2023 4:22:18 PM org.openqa.selenium.devtools.Connection$Listener lambda$onText$0
WARNING: Unable to process: {"method":"Fetch.requestPaused","params":{"requestId":"interception-job-292.0","request":{"url":"http://localhost:8080/static/media/icon_error_m_white.143ec85a.svg","method":"GET","headers":{"Accept":"image/avif,image/webp,image/apng,image/svg+xml,image/*,*/*;q=0.8","Referer":"http://localhost:8080/static/css/2.7d875902.chunk.css","User-Agent":"Mozilla/5.0 (Windows NT 10.0; Win64; x64) AppleWebKit/537.36 (KHTML, like Gecko) Chrome/116.0.0.0 Safari/537.36","sec-ch-ua":"\"Chromium\";v=\"116\", \"Not)A;Brand\";v=\"24\", \"Google Chrome\";v=\"116\"","sec-ch-ua-mobile":"?0","sec-ch-ua-platform":"\"Windows\""},"initialPriority":"Low","referrerPolicy":"unsafe-url"},"frameId":"D165F02B89151667DFD1BF49856829E7","resourceType":"Image","responseStatusCode":200,"responseStatusText":"","responseHeaders":[{"name":"Vary","value":"Origin"},{"name":"Vary","value":"Access-Control-Request-Method"},{"name":"Vary","value":"Access-Control-Request-Headers"},{"name":"Last-Modified","value":"Thu, 03 Aug 2023 10:18:16 GMT"},{"name":"Accept-Ranges","value":"bytes"},{"name":"Content-Type","value":"image/svg+xml"},{"name":"Content-Length","value":"380"},{"name":"Date","value":"Wed, 16 Aug 2023 13:20:24 GMT"}]},"sessionId":"69DE6D1A85B5D627489871F60443E14A"}
org.openqa.selenium.devtools.DevToolsException: {"id":1793,"error":{"code":-32602,"message":"Invalid InterceptionId."},"sessionId":"69DE6D1A85B5D627489871F60443E14A"}
Build info: version: '4.11.0', revision: '040bc5406b'
System info: os.name: 'Windows 10', os.arch: 'amd64', os.version: '10.0', java.version: '11.0.18'
Driver info: driver.version: unknown
	at org.openqa.selenium.devtools.Connection.sendAndWait(Connection.java:181)
	at org.openqa.selenium.devtools.DevTools.send(DevTools.java:81)
	at org.openqa.selenium.devtools.idealized.Network.lambda$prepareToInterceptTraffic$4(Network.java:194)
	at org.openqa.selenium.devtools.Connection.lambda$handle$4(Connection.java:321)
	at java.base/java.util.stream.ForEachOps$ForEachOp$OfRef.accept(ForEachOps.java:183)
	at java.base/java.util.stream.ReferencePipeline$2$1.accept(ReferencePipeline.java:177)
	at java.base/java.util.stream.ReferencePipeline$11$1.accept(ReferencePipeline.java:442)
	at java.base/java.util.HashMap$KeySpliterator.forEachRemaining(HashMap.java:1621)
	at java.base/java.util.stream.AbstractPipeline.copyInto(AbstractPipeline.java:484)
	at java.base/java.util.stream.AbstractPipeline.wrapAndCopyInto(AbstractPipeline.java:474)
	at java.base/java.util.stream.ForEachOps$ForEachOp.evaluateSequential(ForEachOps.java:150)
	at java.base/java.util.stream.ForEachOps$ForEachOp$OfRef.evaluateSequential(ForEachOps.java:173)
	at java.base/java.util.stream.AbstractPipeline.evaluate(AbstractPipeline.java:234)
	at java.base/java.util.stream.ReferencePipeline.forEach(ReferencePipeline.java:497)
	at org.openqa.selenium.devtools.Connection.handle(Connection.java:287)
	at org.openqa.selenium.devtools.Connection.access$200(Connection.java:57)
	at org.openqa.selenium.devtools.Connection$Listener.lambda$onText$0(Connection.java:224)
	at java.base/java.util.concurrent.ThreadPoolExecutor.runWorker(ThreadPoolExecutor.java:1128)
	at java.base/java.util.concurrent.ThreadPoolExecutor$Worker.run(ThreadPoolExecutor.java:628)
	at java.base/java.lang.Thread.run(Thread.java:829)
Caused by: org.openqa.selenium.WebDriverException: {"id":1793,"error":{"code":-32602,"message":"Invalid InterceptionId."},"sessionId":"69DE6D1A85B5D627489871F60443E14A"}
Build info: version: '4.11.0', revision: '040bc5406b'
System info: os.name: 'Windows 10', os.arch: 'amd64', os.version: '10.0', java.version: '11.0.18'
Driver info: driver.version: unknown
	at org.openqa.selenium.devtools.Connection.handle(Connection.java:260)
	... 5 more

Exception in thread "CDP Connection" org.openqa.selenium.devtools.DevToolsException: {"id":1793,"error":{"code":-32602,"message":"Invalid InterceptionId."},"sessionId":"69DE6D1A85B5D627489871F60443E14A"}
Build info: version: '4.11.0', revision: '040bc5406b'
System info: os.name: 'Windows 10', os.arch: 'amd64', os.version: '10.0', java.version: '11.0.18'
Driver info: driver.version: unknown
	at org.openqa.selenium.devtools.Connection$Listener.lambda$onText$0(Connection.java:227)
	at java.base/java.util.concurrent.ThreadPoolExecutor.runWorker(ThreadPoolExecutor.java:1128)
	at java.base/java.util.concurrent.ThreadPoolExecutor$Worker.run(ThreadPoolExecutor.java:628)
	at java.base/java.lang.Thread.run(Thread.java:829)
Caused by: org.openqa.selenium.devtools.DevToolsException: {"id":1793,"error":{"code":-32602,"message":"Invalid InterceptionId."},"sessionId":"69DE6D1A85B5D627489871F60443E14A"}
Build info: version: '4.11.0', revision: '040bc5406b'
System info: os.name: 'Windows 10', os.arch: 'amd64', os.version: '10.0', java.version: '11.0.18'
Driver info: driver.version: unknown
	at org.openqa.selenium.devtools.Connection.sendAndWait(Connection.java:181)
	at org.openqa.selenium.devtools.DevTools.send(DevTools.java:81)
	at org.openqa.selenium.devtools.idealized.Network.lambda$prepareToInterceptTraffic$4(Network.java:194)
	at org.openqa.selenium.devtools.Connection.lambda$handle$4(Connection.java:321)
	at java.base/java.util.stream.ForEachOps$ForEachOp$OfRef.accept(ForEachOps.java:183)
	at java.base/java.util.stream.ReferencePipeline$2$1.accept(ReferencePipeline.java:177)
	at java.base/java.util.stream.ReferencePipeline$11$1.accept(ReferencePipeline.java:442)
	at java.base/java.util.HashMap$KeySpliterator.forEachRemaining(HashMap.java:1621)
	at java.base/java.util.stream.AbstractPipeline.copyInto(AbstractPipeline.java:484)
	at java.base/java.util.stream.AbstractPipeline.wrapAndCopyInto(AbstractPipeline.java:474)
	at java.base/java.util.stream.ForEachOps$ForEachOp.evaluateSequential(ForEachOps.java:150)
	at java.base/java.util.stream.ForEachOps$ForEachOp$OfRef.evaluateSequential(ForEachOps.java:173)
	at java.base/java.util.stream.AbstractPipeline.evaluate(AbstractPipeline.java:234)
	at java.base/java.util.stream.ReferencePipeline.forEach(ReferencePipeline.java:497)
	at org.openqa.selenium.devtools.Connection.handle(Connection.java:287)
	at org.openqa.selenium.devtools.Connection.access$200(Connection.java:57)
	at org.openqa.selenium.devtools.Connection$Listener.lambda$onText$0(Connection.java:224)
	... 3 more
авг. 16, 2023 4:22:18 PM org.openqa.selenium.devtools.Connection$Listener lambda$onText$0
WARNING: Unable to process: {"method":"Fetch.requestPaused","params":{"requestId":"interception-job-291.0","request":{"url":"http://localhost:8080/static/media/icon_close_s_white.cd06f8fb.svg","method":"GET","headers":{"Accept":"image/avif,image/webp,image/apng,image/svg+xml,image/*,*/*;q=0.8","Referer":"http://localhost:8080/static/css/2.7d875902.chunk.css","User-Agent":"Mozilla/5.0 (Windows NT 10.0; Win64; x64) AppleWebKit/537.36 (KHTML, like Gecko) Chrome/116.0.0.0 Safari/537.36","sec-ch-ua":"\"Chromium\";v=\"116\", \"Not)A;Brand\";v=\"24\", \"Google Chrome\";v=\"116\"","sec-ch-ua-mobile":"?0","sec-ch-ua-platform":"\"Windows\""},"initialPriority":"Low","referrerPolicy":"unsafe-url"},"frameId":"D165F02B89151667DFD1BF49856829E7","resourceType":"Image","responseStatusCode":200,"responseStatusText":"","responseHeaders":[{"name":"Vary","value":"Origin"},{"name":"Vary","value":"Access-Control-Request-Method"},{"name":"Vary","value":"Access-Control-Request-Headers"},{"name":"Last-Modified","value":"Thu, 03 Aug 2023 10:18:16 GMT"},{"name":"Accept-Ranges","value":"bytes"},{"name":"Content-Type","value":"image/svg+xml"},{"name":"Content-Length","value":"247"},{"name":"Date","value":"Wed, 16 Aug 2023 13:20:24 GMT"}]},"sessionId":"69DE6D1A85B5D627489871F60443E14A"}
org.openqa.selenium.devtools.DevToolsException: {"id":1790,"error":{"code":-32602,"message":"Invalid InterceptionId."},"sessionId":"69DE6D1A85B5D627489871F60443E14A"}
Build info: version: '4.11.0', revision: '040bc5406b'
System info: os.name: 'Windows 10', os.arch: 'amd64', os.version: '10.0', java.version: '11.0.18'
Driver info: driver.version: unknown
	at org.openqa.selenium.devtools.Connection.sendAndWait(Connection.java:181)
	at org.openqa.selenium.devtools.DevTools.send(DevTools.java:81)
	at org.openqa.selenium.devtools.idealized.Network.lambda$prepareToInterceptTraffic$4(Network.java:194)
	at org.openqa.selenium.devtools.Connection.lambda$handle$4(Connection.java:321)
	at java.base/java.util.stream.ForEachOps$ForEachOp$OfRef.accept(ForEachOps.java:183)
	at java.base/java.util.stream.ReferencePipeline$2$1.accept(ReferencePipeline.java:177)
	at java.base/java.util.stream.ReferencePipeline$11$1.accept(ReferencePipeline.java:442)
	at java.base/java.util.HashMap$KeySpliterator.forEachRemaining(HashMap.java:1621)
	at java.base/java.util.stream.AbstractPipeline.copyInto(AbstractPipeline.java:484)
Caused by: org.openqa.selenium.WebDriverException: {"id":1793,"error":{"code":-32602,"message":"Invalid InterceptionId."},"sessionId":"69DE6D1A85B5D627489871F60443E14A"}
Build info: version: '4.11.0', revision: '040bc5406b'
System info: os.name: 'Windows 10', os.arch: 'amd64', os.version: '10.0', java.version: '11.0.18'
Driver info: driver.version: unknown
	at org.openqa.selenium.devtools.Connection.handle(Connection.java:260)
	... 5 more
	at java.base/java.util.stream.AbstractPipeline.wrapAndCopyInto(AbstractPipeline.java:474)
	at java.base/java.util.stream.ForEachOps$ForEachOp.evaluateSequential(ForEachOps.java:150)
	at java.base/java.util.stream.ForEachOps$ForEachOp$OfRef.evaluateSequential(ForEachOps.java:173)
	at java.base/java.util.stream.AbstractPipeline.evaluate(AbstractPipeline.java:234)
	at java.base/java.util.stream.ReferencePipeline.forEach(ReferencePipeline.java:497)
	at org.openqa.selenium.devtools.Connection.handle(Connection.java:287)
	at org.openqa.selenium.devtools.Connection.access$200(Connection.java:57)
	at org.openqa.selenium.devtools.Connection$Listener.lambda$onText$0(Connection.java:224)
	at java.base/java.util.concurrent.ThreadPoolExecutor.runWorker(ThreadPoolExecutor.java:1128)
	at java.base/java.util.concurrent.ThreadPoolExecutor$Worker.run(ThreadPoolExecutor.java:628)
	at java.base/java.lang.Thread.run(Thread.java:829)
Caused by: org.openqa.selenium.WebDriverException: {"id":1790,"error":{"code":-32602,"message":"Invalid InterceptionId."},"sessionId":"69DE6D1A85B5D627489871F60443E14A"}
Build info: version: '4.11.0', revision: '040bc5406b'
System info: os.name: 'Windows 10', os.arch: 'amd64', os.version: '10.0', java.version: '11.0.18'
Driver info: driver.version: unknown
	at org.openqa.selenium.devtools.Connection.handle(Connection.java:260)
	... 5 more

Exception in thread "CDP Connection" org.openqa.selenium.devtools.DevToolsException: {"id":1790,"error":{"code":-32602,"message":"Invalid InterceptionId."},"sessionId":"69DE6D1A85B5D627489871F60443E14A"}
Build info: version: '4.11.0', revision: '040bc5406b'
System info: os.name: 'Windows 10', os.arch: 'amd64', os.version: '10.0', java.version: '11.0.18'
Driver info: driver.version: unknown
	at org.openqa.selenium.devtools.Connection$Listener.lambda$onText$0(Connection.java:227)
	at java.base/java.util.concurrent.ThreadPoolExecutor.runWorker(ThreadPoolExecutor.java:1128)
	at java.base/java.util.concurrent.ThreadPoolExecutor$Worker.run(ThreadPoolExecutor.java:628)
	at java.base/java.lang.Thread.run(Thread.java:829)
Caused by: org.openqa.selenium.devtools.DevToolsException: {"id":1790,"error":{"code":-32602,"message":"Invalid InterceptionId."},"sessionId":"69DE6D1A85B5D627489871F60443E14A"}
Build info: version: '4.11.0', revision: '040bc5406b'
System info: os.name: 'Windows 10', os.arch: 'amd64', os.version: '10.0', java.version: '11.0.18'
Driver info: driver.version: unknown
	at org.openqa.selenium.devtools.Connection.sendAndWait(Connection.java:181)
	at org.openqa.selenium.devtools.DevTools.send(DevTools.java:81)
	at org.openqa.selenium.devtools.idealized.Network.lambda$prepareToInterceptTraffic$4(Network.java:194)
	at org.openqa.selenium.devtools.Connection.lambda$handle$4(Connection.java:321)
	at java.base/java.util.stream.ForEachOps$ForEachOp$OfRef.accept(ForEachOps.java:183)
	at java.base/java.util.stream.ReferencePipeline$2$1.accept(ReferencePipeline.java:177)
	at java.base/java.util.stream.ReferencePipeline$11$1.accept(ReferencePipeline.java:442)
	at java.base/java.util.HashMap$KeySpliterator.forEachRemaining(HashMap.java:1621)
	at java.base/java.util.stream.AbstractPipeline.copyInto(AbstractPipeline.java:484)
	at java.base/java.util.stream.AbstractPipeline.wrapAndCopyInto(AbstractPipeline.java:474)
	at java.base/java.util.stream.ForEachOps$ForEachOp.evaluateSequential(ForEachOps.java:150)
	at java.base/java.util.stream.ForEachOps$ForEachOp$OfRef.evaluateSequential(ForEachOps.java:173)
	at java.base/java.util.stream.AbstractPipeline.evaluate(AbstractPipeline.java:234)
	at java.base/java.util.stream.ReferencePipeline.forEach(ReferencePipeline.java:497)
	at org.openqa.selenium.devtools.Connection.handle(Connection.java:287)
	at org.openqa.selenium.devtools.Connection.access$200(Connection.java:57)
	at org.openqa.selenium.devtools.Connection$Listener.lambda$onText$0(Connection.java:224)
	... 3 more
Caused by: org.openqa.selenium.WebDriverException: {"id":1790,"error":{"code":-32602,"message":"Invalid InterceptionId."},"sessionId":"69DE6D1A85B5D627489871F60443E14A"}
Build info: version: '4.11.0', revision: '040bc5406b'
System info: os.name: 'Windows 10', os.arch: 'amd64', os.version: '10.0', java.version: '11.0.18'
Driver info: driver.version: unknown
	at org.openqa.selenium.devtools.Connection.handle(Connection.java:260)
	... 5 more
авг. 16, 2023 4:22:25 PM org.openqa.selenium.devtools.Connection$Listener lambda$onText$0
WARNING: Unable to process: {"method":"Fetch.requestPaused","params":{"requestId":"interception-job-293.0","request":{"url":"http://localhost:8080/","method":"GET","headers":{"Accept":"text/html,application/xhtml+xml,application/xml;q=0.9,image/avif,image/webp,image/apng,*/*;q=0.8,application/signed-exchange;v=b3;q=0.7","Upgrade-Insecure-Requests":"1","User-Agent":"Mozilla/5.0 (Windows NT 10.0; Win64; x64) AppleWebKit/537.36 (KHTML, like Gecko) Chrome/116.0.0.0 Safari/537.36","sec-ch-ua":"\"Chromium\";v=\"116\", \"Not)A;Brand\";v=\"24\", \"Google Chrome\";v=\"116\"","sec-ch-ua-mobile":"?0","sec-ch-ua-platform":"\"Windows\""},"initialPriority":"VeryHigh","referrerPolicy":"strict-origin-when-cross-origin"},"frameId":"D165F02B89151667DFD1BF49856829E7","resourceType":"Document","responseStatusCode":200,"responseStatusText":"","responseHeaders":[{"name":"Vary","value":"Origin"},{"name":"Vary","value":"Access-Control-Request-Method"},{"name":"Vary","value":"Access-Control-Request-Headers"},{"name":"Last-Modified","value":"Thu, 03 Aug 2023 10:18:16 GMT"},{"name":"Date","value":"Wed, 16 Aug 2023 13:22:25 GMT"},{"name":"Accept-Ranges","value":"bytes"},{"name":"Content-Type","value":"text/html"},{"name":"Content-Language","value":"ru-RU"},{"name":"Content-Length","value":"2308"}]},"sessionId":"69DE6D1A85B5D627489871F60443E14A"}
org.openqa.selenium.devtools.DevToolsException: {"id":1800,"error":{"code":-32602,"message":"Invalid InterceptionId."},"sessionId":"69DE6D1A85B5D627489871F60443E14A"}
Build info: version: '4.11.0', revision: '040bc5406b'
System info: os.name: 'Windows 10', os.arch: 'amd64', os.version: '10.0', java.version: '11.0.18'
Driver info: driver.version: unknown
	at org.openqa.selenium.devtools.Connection.sendAndWait(Connection.java:181)
	at org.openqa.selenium.devtools.DevTools.send(DevTools.java:81)
	at org.openqa.selenium.devtools.idealized.Network.lambda$prepareToInterceptTraffic$4(Network.java:194)
	at org.openqa.selenium.devtools.Connection.lambda$handle$4(Connection.java:321)
	at java.base/java.util.stream.ForEachOps$ForEachOp$OfRef.accept(ForEachOps.java:183)
	at java.base/java.util.stream.ReferencePipeline$2$1.accept(ReferencePipeline.java:177)
	at java.base/java.util.stream.ReferencePipeline$11$1.accept(ReferencePipeline.java:442)
	at java.base/java.util.HashMap$KeySpliterator.forEachRemaining(HashMap.java:1621)
	at java.base/java.util.stream.AbstractPipeline.copyInto(AbstractPipeline.java:484)
	at java.base/java.util.stream.AbstractPipeline.wrapAndCopyInto(AbstractPipeline.java:474)
	at java.base/java.util.stream.ForEachOps$ForEachOp.evaluateSequential(ForEachOps.java:150)
	at java.base/java.util.stream.ForEachOps$ForEachOp$OfRef.evaluateSequential(ForEachOps.java:173)
	at java.base/java.util.stream.AbstractPipeline.evaluate(AbstractPipeline.java:234)
	at java.base/java.util.stream.ReferencePipeline.forEach(ReferencePipeline.java:497)
	at org.openqa.selenium.devtools.Connection.handle(Connection.java:287)
	at org.openqa.selenium.devtools.Connection.access$200(Connection.java:57)
	at org.openqa.selenium.devtools.Connection$Listener.lambda$onText$0(Connection.java:224)
	at java.base/java.util.concurrent.ThreadPoolExecutor.runWorker(ThreadPoolExecutor.java:1128)
	at java.base/java.util.concurrent.ThreadPoolExecutor$Worker.run(ThreadPoolExecutor.java:628)
	at java.base/java.lang.Thread.run(Thread.java:829)
Caused by: org.openqa.selenium.WebDriverException: {"id":1800,"error":{"code":-32602,"message":"Invalid InterceptionId."},"sessionId":"69DE6D1A85B5D627489871F60443E14A"}
Build info: version: '4.11.0', revision: '040bc5406b'
System info: os.name: 'Windows 10', os.arch: 'amd64', os.version: '10.0', java.version: '11.0.18'
Driver info: driver.version: unknown
	at org.openqa.selenium.devtools.Connection.handle(Connection.java:260)
	... 5 more

Exception in thread "CDP Connection" org.openqa.selenium.devtools.DevToolsException: {"id":1800,"error":{"code":-32602,"message":"Invalid InterceptionId."},"sessionId":"69DE6D1A85B5D627489871F60443E14A"}
Build info: version: '4.11.0', revision: '040bc5406b'
System info: os.name: 'Windows 10', os.arch: 'amd64', os.version: '10.0', java.version: '11.0.18'
Driver info: driver.version: unknown
	at org.openqa.selenium.devtools.Connection$Listener.lambda$onText$0(Connection.java:227)
	at java.base/java.util.concurrent.ThreadPoolExecutor.runWorker(ThreadPoolExecutor.java:1128)
	at java.base/java.util.concurrent.ThreadPoolExecutor$Worker.run(ThreadPoolExecutor.java:628)
	at java.base/java.lang.Thread.run(Thread.java:829)
Caused by: org.openqa.selenium.devtools.DevToolsException: {"id":1800,"error":{"code":-32602,"message":"Invalid InterceptionId."},"sessionId":"69DE6D1A85B5D627489871F60443E14A"}
Build info: version: '4.11.0', revision: '040bc5406b'
System info: os.name: 'Windows 10', os.arch: 'amd64', os.version: '10.0', java.version: '11.0.18'
Driver info: driver.version: unknown
	at org.openqa.selenium.devtools.Connection.sendAndWait(Connection.java:181)
	at org.openqa.selenium.devtools.DevTools.send(DevTools.java:81)
	at org.openqa.selenium.devtools.idealized.Network.lambda$prepareToInterceptTraffic$4(Network.java:194)
	at org.openqa.selenium.devtools.Connection.lambda$handle$4(Connection.java:321)
	at java.base/java.util.stream.ForEachOps$ForEachOp$OfRef.accept(ForEachOps.java:183)
	at java.base/java.util.stream.ReferencePipeline$2$1.accept(ReferencePipeline.java:177)
	at java.base/java.util.stream.ReferencePipeline$11$1.accept(ReferencePipeline.java:442)
	at java.base/java.util.HashMap$KeySpliterator.forEachRemaining(HashMap.java:1621)
	at java.base/java.util.stream.AbstractPipeline.copyInto(AbstractPipeline.java:484)
	at java.base/java.util.stream.AbstractPipeline.wrapAndCopyInto(AbstractPipeline.java:474)
	at java.base/java.util.stream.ForEachOps$ForEachOp.evaluateSequential(ForEachOps.java:150)
	at java.base/java.util.stream.ForEachOps$ForEachOp$OfRef.evaluateSequential(ForEachOps.java:173)
	at java.base/java.util.stream.AbstractPipeline.evaluate(AbstractPipeline.java:234)
	at java.base/java.util.stream.ReferencePipeline.forEach(ReferencePipeline.java:497)
	at org.openqa.selenium.devtools.Connection.handle(Connection.java:287)
	at org.openqa.selenium.devtools.Connection.access$200(Connection.java:57)
	at org.openqa.selenium.devtools.Connection$Listener.lambda$onText$0(Connection.java:224)
	... 3 more
Caused by: org.openqa.selenium.WebDriverException: {"id":1800,"error":{"code":-32602,"message":"Invalid InterceptionId."},"sessionId":"69DE6D1A85B5D627489871F60443E14A"}
Build info: version: '4.11.0', revision: '040bc5406b'
System info: os.name: 'Windows 10', os.arch: 'amd64', os.version: '10.0', java.version: '11.0.18'
Driver info: driver.version: unknown
	at org.openqa.selenium.devtools.Connection.handle(Connection.java:260)
	... 5 more
авг. 16, 2023 4:22:25 PM org.openqa.selenium.devtools.Connection$Listener lambda$onText$0
WARNING: Unable to process: {"method":"Fetch.requestPaused","params":{"requestId":"interception-job-293.0","request":{"url":"http://localhost:8080/","method":"GET","headers":{"Accept":"text/html,application/xhtml+xml,application/xml;q=0.9,image/avif,image/webp,image/apng,*/*;q=0.8,application/signed-exchange;v=b3;q=0.7","Upgrade-Insecure-Requests":"1","User-Agent":"Mozilla/5.0 (Windows NT 10.0; Win64; x64) AppleWebKit/537.36 (KHTML, like Gecko) Chrome/116.0.0.0 Safari/537.36","sec-ch-ua":"\"Chromium\";v=\"116\", \"Not)A;Brand\";v=\"24\", \"Google Chrome\";v=\"116\"","sec-ch-ua-mobile":"?0","sec-ch-ua-platform":"\"Windows\""},"initialPriority":"VeryHigh","referrerPolicy":"strict-origin-when-cross-origin"},"frameId":"D165F02B89151667DFD1BF49856829E7","resourceType":"Document"},"sessionId":"69DE6D1A85B5D627489871F60443E14A"}
org.openqa.selenium.devtools.DevToolsException: {"id":1801,"error":{"code":-32602,"message":"Invalid InterceptionId."},"sessionId":"69DE6D1A85B5D627489871F60443E14A"}
Build info: version: '4.11.0', revision: '040bc5406b'
System info: os.name: 'Windows 10', os.arch: 'amd64', os.version: '10.0', java.version: '11.0.18'
Driver info: driver.version: unknown
	at org.openqa.selenium.devtools.Connection.sendAndWait(Connection.java:181)
	at org.openqa.selenium.devtools.DevTools.send(DevTools.java:81)
	at org.openqa.selenium.devtools.idealized.Network.lambda$prepareToInterceptTraffic$3(Network.java:211)
	at org.openqa.selenium.remote.http.Filter.lambda$andFinally$1(Filter.java:55)
	at org.openqa.selenium.devtools.idealized.Network.lambda$prepareToInterceptTraffic$4(Network.java:226)
	at org.openqa.selenium.devtools.Connection.lambda$handle$4(Connection.java:321)
	at java.base/java.util.stream.ForEachOps$ForEachOp$OfRef.accept(ForEachOps.java:183)
	at java.base/java.util.stream.ReferencePipeline$2$1.accept(ReferencePipeline.java:177)
	at java.base/java.util.stream.ReferencePipeline$11$1.accept(ReferencePipeline.java:442)
	at java.base/java.util.HashMap$KeySpliterator.forEachRemaining(HashMap.java:1621)
	at java.base/java.util.stream.AbstractPipeline.copyInto(AbstractPipeline.java:484)
	at java.base/java.util.stream.AbstractPipeline.wrapAndCopyInto(AbstractPipeline.java:474)
	at java.base/java.util.stream.ForEachOps$ForEachOp.evaluateSequential(ForEachOps.java:150)
	at java.base/java.util.stream.ForEachOps$ForEachOp$OfRef.evaluateSequential(ForEachOps.java:173)
	at java.base/java.util.stream.AbstractPipeline.evaluate(AbstractPipeline.java:234)
	at java.base/java.util.stream.ReferencePipeline.forEach(ReferencePipeline.java:497)
	at org.openqa.selenium.devtools.Connection.handle(Connection.java:287)
	at org.openqa.selenium.devtools.Connection.access$200(Connection.java:57)
	at org.openqa.selenium.devtools.Connection$Listener.lambda$onText$0(Connection.java:224)
	at java.base/java.util.concurrent.ThreadPoolExecutor.runWorker(ThreadPoolExecutor.java:1128)
	at java.base/java.util.concurrent.ThreadPoolExecutor$Worker.run(ThreadPoolExecutor.java:628)
	at java.base/java.lang.Thread.run(Thread.java:829)
Caused by: org.openqa.selenium.WebDriverException: {"id":1801,"error":{"code":-32602,"message":"Invalid InterceptionId."},"sessionId":"69DE6D1A85B5D627489871F60443E14A"}
Build info: version: '4.11.0', revision: '040bc5406b'
System info: os.name: 'Windows 10', os.arch: 'amd64', os.version: '10.0', java.version: '11.0.18'
Driver info: driver.version: unknown
	at org.openqa.selenium.devtools.Connection.handle(Connection.java:260)
	... 5 more

Exception in thread "CDP Connection" org.openqa.selenium.devtools.DevToolsException: {"id":1801,"error":{"code":-32602,"message":"Invalid InterceptionId."},"sessionId":"69DE6D1A85B5D627489871F60443E14A"}
Build info: version: '4.11.0', revision: '040bc5406b'
System info: os.name: 'Windows 10', os.arch: 'amd64', os.version: '10.0', java.version: '11.0.18'
Driver info: driver.version: unknown
	at org.openqa.selenium.devtools.Connection$Listener.lambda$onText$0(Connection.java:227)
	at java.base/java.util.concurrent.ThreadPoolExecutor.runWorker(ThreadPoolExecutor.java:1128)
	at java.base/java.util.concurrent.ThreadPoolExecutor$Worker.run(ThreadPoolExecutor.java:628)
	at java.base/java.lang.Thread.run(Thread.java:829)
Caused by: org.openqa.selenium.devtools.DevToolsException: {"id":1801,"error":{"code":-32602,"message":"Invalid InterceptionId."},"sessionId":"69DE6D1A85B5D627489871F60443E14A"}
Build info: version: '4.11.0', revision: '040bc5406b'
System info: os.name: 'Windows 10', os.arch: 'amd64', os.version: '10.0', java.version: '11.0.18'
Driver info: driver.version: unknown
	at org.openqa.selenium.devtools.Connection.sendAndWait(Connection.java:181)
	at org.openqa.selenium.devtools.DevTools.send(DevTools.java:81)
	at org.openqa.selenium.devtools.idealized.Network.lambda$prepareToInterceptTraffic$3(Network.java:211)
	at org.openqa.selenium.remote.http.Filter.lambda$andFinally$1(Filter.java:55)
	at org.openqa.selenium.devtools.idealized.Network.lambda$prepareToInterceptTraffic$4(Network.java:226)
	at org.openqa.selenium.devtools.Connection.lambda$handle$4(Connection.java:321)
	at java.base/java.util.stream.ForEachOps$ForEachOp$OfRef.accept(ForEachOps.java:183)
	at java.base/java.util.stream.ReferencePipeline$2$1.accept(ReferencePipeline.java:177)
	at java.base/java.util.stream.ReferencePipeline$11$1.accept(ReferencePipeline.java:442)
	at java.base/java.util.HashMap$KeySpliterator.forEachRemaining(HashMap.java:1621)
	at java.base/java.util.stream.AbstractPipeline.copyInto(AbstractPipeline.java:484)
	at java.base/java.util.stream.AbstractPipeline.wrapAndCopyInto(AbstractPipeline.java:474)
	at java.base/java.util.stream.ForEachOps$ForEachOp.evaluateSequential(ForEachOps.java:150)
	at java.base/java.util.stream.ForEachOps$ForEachOp$OfRef.evaluateSequential(ForEachOps.java:173)
	at java.base/java.util.stream.AbstractPipeline.evaluate(AbstractPipeline.java:234)
	at java.base/java.util.stream.ReferencePipeline.forEach(ReferencePipeline.java:497)
	at org.openqa.selenium.devtools.Connection.handle(Connection.java:287)
	at org.openqa.selenium.devtools.Connection.access$200(Connection.java:57)
	at org.openqa.selenium.devtools.Connection$Listener.lambda$onText$0(Connection.java:224)
	... 3 more
Caused by: org.openqa.selenium.WebDriverException: {"id":1801,"error":{"code":-32602,"message":"Invalid InterceptionId."},"sessionId":"69DE6D1A85B5D627489871F60443E14A"}
Build info: version: '4.11.0', revision: '040bc5406b'
System info: os.name: 'Windows 10', os.arch: 'amd64', os.version: '10.0', java.version: '11.0.18'
Driver info: driver.version: unknown
	at org.openqa.selenium.devtools.Connection.handle(Connection.java:260)
	... 5 more
авг. 16, 2023 4:22:25 PM org.openqa.selenium.devtools.Connection$Listener lambda$onText$0
WARNING: Unable to process: {"method":"Fetch.requestPaused","params":{"requestId":"interception-job-295.0","request":{"url":"http://localhost:8080/static/css/main.8978894b.chunk.css","method":"GET","headers":{"Accept":"text/css,*/*;q=0.1","Referer":"http://localhost:8080/","User-Agent":"Mozilla/5.0 (Windows NT 10.0; Win64; x64) AppleWebKit/537.36 (KHTML, like Gecko) Chrome/116.0.0.0 Safari/537.36","sec-ch-ua":"\"Chromium\";v=\"116\", \"Not)A;Brand\";v=\"24\", \"Google Chrome\";v=\"116\"","sec-ch-ua-mobile":"?0","sec-ch-ua-platform":"\"Windows\""},"initialPriority":"VeryHigh","referrerPolicy":"unsafe-url"},"frameId":"D165F02B89151667DFD1BF49856829E7","resourceType":"Stylesheet","responseStatusCode":200,"responseStatusText":"","responseHeaders":[{"name":"Vary","value":"Origin"},{"name":"Vary","value":"Access-Control-Request-Method"},{"name":"Vary","value":"Access-Control-Request-Headers"},{"name":"Last-Modified","value":"Thu, 03 Aug 2023 10:18:16 GMT"},{"name":"Accept-Ranges","value":"bytes"},{"name":"Content-Type","value":"text/css"},{"name":"Content-Length","value":"700"},{"name":"Date","value":"Wed, 16 Aug 2023 13:20:22 GMT"}]},"sessionId":"69DE6D1A85B5D627489871F60443E14A"}
org.openqa.selenium.devtools.DevToolsException: {"id":1812,"error":{"code":-32602,"message":"Invalid InterceptionId."},"sessionId":"69DE6D1A85B5D627489871F60443E14A"}
Build info: version: '4.11.0', revision: '040bc5406b'
System info: os.name: 'Windows 10', os.arch: 'amd64', os.version: '10.0', java.version: '11.0.18'
Driver info: driver.version: unknown
	at org.openqa.selenium.devtools.Connection.sendAndWait(Connection.java:181)
	at org.openqa.selenium.devtools.DevTools.send(DevTools.java:81)
	at org.openqa.selenium.devtools.idealized.Network.lambda$prepareToInterceptTraffic$4(Network.java:194)
	at org.openqa.selenium.devtools.Connection.lambda$handle$4(Connection.java:321)
	at java.base/java.util.stream.ForEachOps$ForEachOp$OfRef.accept(ForEachOps.java:183)
	at java.base/java.util.stream.ReferencePipeline$2$1.accept(ReferencePipeline.java:177)
	at java.base/java.util.stream.ReferencePipeline$11$1.accept(ReferencePipeline.java:442)
	at java.base/java.util.HashMap$KeySpliterator.forEachRemaining(HashMap.java:1621)
	at java.base/java.util.stream.AbstractPipeline.copyInto(AbstractPipeline.java:484)
	at java.base/java.util.stream.AbstractPipeline.wrapAndCopyInto(AbstractPipeline.java:474)
	at java.base/java.util.stream.ForEachOps$ForEachOp.evaluateSequential(ForEachOps.java:150)
	at java.base/java.util.stream.ForEachOps$ForEachOp$OfRef.evaluateSequential(ForEachOps.java:173)
	at java.base/java.util.stream.AbstractPipeline.evaluate(AbstractPipeline.java:234)
	at java.base/java.util.stream.ReferencePipeline.forEach(ReferencePipeline.java:497)
	at org.openqa.selenium.devtools.Connection.handle(Connection.java:287)
	at org.openqa.selenium.devtools.Connection.access$200(Connection.java:57)
	at org.openqa.selenium.devtools.Connection$Listener.lambda$onText$0(Connection.java:224)
	at java.base/java.util.concurrent.ThreadPoolExecutor.runWorker(ThreadPoolExecutor.java:1128)
	at java.base/java.util.concurrent.ThreadPoolExecutor$Worker.run(ThreadPoolExecutor.java:628)
	at java.base/java.lang.Thread.run(Thread.java:829)
Caused by: org.openqa.selenium.WebDriverException: {"id":1812,"error":{"code":-32602,"message":"Invalid InterceptionId."},"sessionId":"69DE6D1A85B5D627489871F60443E14A"}
Build info: version: '4.11.0', revision: '040bc5406b'
System info: os.name: 'Windows 10', os.arch: 'amd64', os.version: '10.0', java.version: '11.0.18'
Driver info: driver.version: unknown
	at org.openqa.selenium.devtools.Connection.handle(Connection.java:260)
	... 5 more

Exception in thread "CDP Connection" org.openqa.selenium.devtools.DevToolsException: {"id":1812,"error":{"code":-32602,"message":"Invalid InterceptionId."},"sessionId":"69DE6D1A85B5D627489871F60443E14A"}
Build info: version: '4.11.0', revision: '040bc5406b'
System info: os.name: 'Windows 10', os.arch: 'amd64', os.version: '10.0', java.version: '11.0.18'
Driver info: driver.version: unknown
	at org.openqa.selenium.devtools.Connection$Listener.lambda$onText$0(Connection.java:227)
	at java.base/java.util.concurrent.ThreadPoolExecutor.runWorker(ThreadPoolExecutor.java:1128)
	at java.base/java.util.concurrent.ThreadPoolExecutor$Worker.run(ThreadPoolExecutor.java:628)
	at java.base/java.lang.Thread.run(Thread.java:829)
Caused by: org.openqa.selenium.devtools.DevToolsException: {"id":1812,"error":{"code":-32602,"message":"Invalid InterceptionId."},"sessionId":"69DE6D1A85B5D627489871F60443E14A"}
Build info: version: '4.11.0', revision: '040bc5406b'
System info: os.name: 'Windows 10', os.arch: 'amd64', os.version: '10.0', java.version: '11.0.18'
Driver info: driver.version: unknown
	at org.openqa.selenium.devtools.Connection.sendAndWait(Connection.java:181)
	at org.openqa.selenium.devtools.DevTools.send(DevTools.java:81)
	at org.openqa.selenium.devtools.idealized.Network.lambda$prepareToInterceptTraffic$4(Network.java:194)
	at org.openqa.selenium.devtools.Connection.lambda$handle$4(Connection.java:321)
	at java.base/java.util.stream.ForEachOps$ForEachOp$OfRef.accept(ForEachOps.java:183)
	at java.base/java.util.stream.ReferencePipeline$2$1.accept(ReferencePipeline.java:177)
	at java.base/java.util.stream.ReferencePipeline$11$1.accept(ReferencePipeline.java:442)
	at java.base/java.util.HashMap$KeySpliterator.forEachRemaining(HashMap.java:1621)
	at java.base/java.util.stream.AbstractPipeline.copyInto(AbstractPipeline.java:484)
	at java.base/java.util.stream.AbstractPipeline.wrapAndCopyInto(AbstractPipeline.java:474)
	at java.base/java.util.stream.ForEachOps$ForEachOp.evaluateSequential(ForEachOps.java:150)
	at java.base/java.util.stream.ForEachOps$ForEachOp$OfRef.evaluateSequential(ForEachOps.java:173)
	at java.base/java.util.stream.AbstractPipeline.evaluate(AbstractPipeline.java:234)
	at java.base/java.util.stream.ReferencePipeline.forEach(ReferencePipeline.java:497)
	at org.openqa.selenium.devtools.Connection.handle(Connection.java:287)
	at org.openqa.selenium.devtools.Connection.access$200(Connection.java:57)
	at org.openqa.selenium.devtools.Connection$Listener.lambda$onText$0(Connection.java:224)
	... 3 more
Caused by: org.openqa.selenium.WebDriverException: {"id":1812,"error":{"code":-32602,"message":"Invalid InterceptionId."},"sessionId":"69DE6D1A85B5D627489871F60443E14A"}
Build info: version: '4.11.0', revision: '040bc5406b'
System info: os.name: 'Windows 10', os.arch: 'amd64', os.version: '10.0', java.version: '11.0.18'
Driver info: driver.version: unknown
	at org.openqa.selenium.devtools.Connection.handle(Connection.java:260)
	... 5 more
авг. 16, 2023 4:22:25 PM org.openqa.selenium.devtools.Connection$Listener lambda$onText$0
WARNING: Unable to process: {"method":"Fetch.requestPaused","params":{"requestId":"interception-job-295.0","request":{"url":"http://localhost:8080/static/css/main.8978894b.chunk.css","method":"GET","headers":{"Accept":"text/css,*/*;q=0.1","Referer":"http://localhost:8080/","User-Agent":"Mozilla/5.0 (Windows NT 10.0; Win64; x64) AppleWebKit/537.36 (KHTML, like Gecko) Chrome/116.0.0.0 Safari/537.36","sec-ch-ua":"\"Chromium\";v=\"116\", \"Not)A;Brand\";v=\"24\", \"Google Chrome\";v=\"116\"","sec-ch-ua-mobile":"?0","sec-ch-ua-platform":"\"Windows\""},"initialPriority":"VeryHigh","referrerPolicy":"strict-origin-when-cross-origin"},"frameId":"D165F02B89151667DFD1BF49856829E7","resourceType":"Stylesheet"},"sessionId":"69DE6D1A85B5D627489871F60443E14A"}
org.openqa.selenium.devtools.DevToolsException: {"id":1815,"error":{"code":-32602,"message":"Invalid InterceptionId."},"sessionId":"69DE6D1A85B5D627489871F60443E14A"}
Build info: version: '4.11.0', revision: '040bc5406b'
System info: os.name: 'Windows 10', os.arch: 'amd64', os.version: '10.0', java.version: '11.0.18'
Driver info: driver.version: unknown
	at org.openqa.selenium.devtools.Connection.sendAndWait(Connection.java:181)
	at org.openqa.selenium.devtools.DevTools.send(DevTools.java:81)
	at org.openqa.selenium.devtools.idealized.Network.lambda$prepareToInterceptTraffic$3(Network.java:211)
	at org.openqa.selenium.remote.http.Filter.lambda$andFinally$1(Filter.java:55)
	at org.openqa.selenium.devtools.idealized.Network.lambda$prepareToInterceptTraffic$4(Network.java:226)
	at org.openqa.selenium.devtools.Connection.lambda$handle$4(Connection.java:321)
	at java.base/java.util.stream.ForEachOps$ForEachOp$OfRef.accept(ForEachOps.java:183)
	at java.base/java.util.stream.ReferencePipeline$2$1.accept(ReferencePipeline.java:177)
	at java.base/java.util.stream.ReferencePipeline$11$1.accept(ReferencePipeline.java:442)
	at java.base/java.util.HashMap$KeySpliterator.forEachRemaining(HashMap.java:1621)
	at java.base/java.util.stream.AbstractPipeline.copyInto(AbstractPipeline.java:484)
	at java.base/java.util.stream.AbstractPipeline.wrapAndCopyInto(AbstractPipeline.java:474)
	at java.base/java.util.stream.ForEachOps$ForEachOp.evaluateSequential(ForEachOps.java:150)
	at java.base/java.util.stream.ForEachOps$ForEachOp$OfRef.evaluateSequential(ForEachOps.java:173)
	at java.base/java.util.stream.AbstractPipeline.evaluate(AbstractPipeline.java:234)
	at java.base/java.util.stream.ReferencePipeline.forEach(ReferencePipeline.java:497)
	at org.openqa.selenium.devtools.Connection.handle(Connection.java:287)
	at org.openqa.selenium.devtools.Connection.access$200(Connection.java:57)
	at org.openqa.selenium.devtools.Connection$Listener.lambda$onText$0(Connection.java:224)
	at java.base/java.util.concurrent.ThreadPoolExecutor.runWorker(ThreadPoolExecutor.java:1128)
	at java.base/java.util.concurrent.ThreadPoolExecutor$Worker.run(ThreadPoolExecutor.java:628)
	at java.base/java.lang.Thread.run(Thread.java:829)
Caused by: org.openqa.selenium.WebDriverException: {"id":1815,"error":{"code":-32602,"message":"Invalid InterceptionId."},"sessionId":"69DE6D1A85B5D627489871F60443E14A"}
Build info: version: '4.11.0', revision: '040bc5406b'
System info: os.name: 'Windows 10', os.arch: 'amd64', os.version: '10.0', java.version: '11.0.18'
Driver info: driver.version: unknown
	at org.openqa.selenium.devtools.Connection.handle(Connection.java:260)
	... 5 more

Exception in thread "CDP Connection" org.openqa.selenium.devtools.DevToolsException: {"id":1815,"error":{"code":-32602,"message":"Invalid InterceptionId."},"sessionId":"69DE6D1A85B5D627489871F60443E14A"}
Build info: version: '4.11.0', revision: '040bc5406b'
System info: os.name: 'Windows 10', os.arch: 'amd64', os.version: '10.0', java.version: '11.0.18'
Driver info: driver.version: unknown
	at org.openqa.selenium.devtools.Connection$Listener.lambda$onText$0(Connection.java:227)
	at java.base/java.util.concurrent.ThreadPoolExecutor.runWorker(ThreadPoolExecutor.java:1128)
	at java.base/java.util.concurrent.ThreadPoolExecutor$Worker.run(ThreadPoolExecutor.java:628)
	at java.base/java.lang.Thread.run(Thread.java:829)
Caused by: org.openqa.selenium.devtools.DevToolsException: {"id":1815,"error":{"code":-32602,"message":"Invalid InterceptionId."},"sessionId":"69DE6D1A85B5D627489871F60443E14A"}
Build info: version: '4.11.0', revision: '040bc5406b'
System info: os.name: 'Windows 10', os.arch: 'amd64', os.version: '10.0', java.version: '11.0.18'
Driver info: driver.version: unknown
	at org.openqa.selenium.devtools.Connection.sendAndWait(Connection.java:181)
	at org.openqa.selenium.devtools.DevTools.send(DevTools.java:81)
	at org.openqa.selenium.devtools.idealized.Network.lambda$prepareToInterceptTraffic$3(Network.java:211)
	at org.openqa.selenium.remote.http.Filter.lambda$andFinally$1(Filter.java:55)
	at org.openqa.selenium.devtools.idealized.Network.lambda$prepareToInterceptTraffic$4(Network.java:226)
	at org.openqa.selenium.devtools.Connection.lambda$handle$4(Connection.java:321)
	at java.base/java.util.stream.ForEachOps$ForEachOp$OfRef.accept(ForEachOps.java:183)
	at java.base/java.util.stream.ReferencePipeline$2$1.accept(ReferencePipeline.java:177)
	at java.base/java.util.stream.ReferencePipeline$11$1.accept(ReferencePipeline.java:442)
	at java.base/java.util.HashMap$KeySpliterator.forEachRemaining(HashMap.java:1621)
	at java.base/java.util.stream.AbstractPipeline.copyInto(AbstractPipeline.java:484)
	at java.base/java.util.stream.AbstractPipeline.wrapAndCopyInto(AbstractPipeline.java:474)
	at java.base/java.util.stream.ForEachOps$ForEachOp.evaluateSequential(ForEachOps.java:150)
	at java.base/java.util.stream.ForEachOps$ForEachOp$OfRef.evaluateSequential(ForEachOps.java:173)
	at java.base/java.util.stream.AbstractPipeline.evaluate(AbstractPipeline.java:234)
	at java.base/java.util.stream.ReferencePipeline.forEach(ReferencePipeline.java:497)
	at org.openqa.selenium.devtools.Connection.handle(Connection.java:287)
	at org.openqa.selenium.devtools.Connection.access$200(Connection.java:57)
	at org.openqa.selenium.devtools.Connection$Listener.lambda$onText$0(Connection.java:224)
	... 3 more
Caused by: org.openqa.selenium.WebDriverException: {"id":1815,"error":{"code":-32602,"message":"Invalid InterceptionId."},"sessionId":"69DE6D1A85B5D627489871F60443E14A"}
Build info: version: '4.11.0', revision: '040bc5406b'
System info: os.name: 'Windows 10', os.arch: 'amd64', os.version: '10.0', java.version: '11.0.18'
Driver info: driver.version: unknown
	at org.openqa.selenium.devtools.Connection.handle(Connection.java:260)
	... 5 more
авг. 16, 2023 4:22:25 PM org.openqa.selenium.devtools.Connection$Listener lambda$onText$0
WARNING: Unable to process: {"method":"Fetch.requestPaused","params":{"requestId":"interception-job-297.0","request":{"url":"http://localhost:8080/static/js/main.aab190f3.chunk.js","method":"GET","headers":{"Accept":"*/*","Referer":"http://localhost:8080/","User-Agent":"Mozilla/5.0 (Windows NT 10.0; Win64; x64) AppleWebKit/537.36 (KHTML, like Gecko) Chrome/116.0.0.0 Safari/537.36","sec-ch-ua":"\"Chromium\";v=\"116\", \"Not)A;Brand\";v=\"24\", \"Google Chrome\";v=\"116\"","sec-ch-ua-mobile":"?0","sec-ch-ua-platform":"\"Windows\""},"initialPriority":"High","referrerPolicy":"unsafe-url"},"frameId":"D165F02B89151667DFD1BF49856829E7","resourceType":"Script","responseStatusCode":200,"responseStatusText":"","responseHeaders":[{"name":"Vary","value":"Origin"},{"name":"Vary","value":"Access-Control-Request-Method"},{"name":"Vary","value":"Access-Control-Request-Headers"},{"name":"Last-Modified","value":"Thu, 03 Aug 2023 10:18:16 GMT"},{"name":"Accept-Ranges","value":"bytes"},{"name":"Content-Type","value":"application/javascript"},{"name":"Content-Length","value":"9137"},{"name":"Date","value":"Wed, 16 Aug 2023 13:20:22 GMT"}]},"sessionId":"69DE6D1A85B5D627489871F60443E14A"}
org.openqa.selenium.devtools.DevToolsException: {"id":1816,"error":{"code":-32602,"message":"Invalid InterceptionId."},"sessionId":"69DE6D1A85B5D627489871F60443E14A"}
Build info: version: '4.11.0', revision: '040bc5406b'
System info: os.name: 'Windows 10', os.arch: 'amd64', os.version: '10.0', java.version: '11.0.18'
Driver info: driver.version: unknown
	at org.openqa.selenium.devtools.Connection.sendAndWait(Connection.java:181)
	at org.openqa.selenium.devtools.DevTools.send(DevTools.java:81)
	at org.openqa.selenium.devtools.idealized.Network.lambda$prepareToInterceptTraffic$4(Network.java:194)
	at org.openqa.selenium.devtools.Connection.lambda$handle$4(Connection.java:321)
	at java.base/java.util.stream.ForEachOps$ForEachOp$OfRef.accept(ForEachOps.java:183)
	at java.base/java.util.stream.ReferencePipeline$2$1.accept(ReferencePipeline.java:177)
	at java.base/java.util.stream.ReferencePipeline$11$1.accept(ReferencePipeline.java:442)
	at java.base/java.util.HashMap$KeySpliterator.forEachRemaining(HashMap.java:1621)
	at java.base/java.util.stream.AbstractPipeline.copyInto(AbstractPipeline.java:484)
	at java.base/java.util.stream.AbstractPipeline.wrapAndCopyInto(AbstractPipeline.java:474)
	at java.base/java.util.stream.ForEachOps$ForEachOp.evaluateSequential(ForEachOps.java:150)
	at java.base/java.util.stream.ForEachOps$ForEachOp$OfRef.evaluateSequential(ForEachOps.java:173)
	at java.base/java.util.stream.AbstractPipeline.evaluate(AbstractPipeline.java:234)
	at java.base/java.util.stream.ReferencePipeline.forEach(ReferencePipeline.java:497)
	at org.openqa.selenium.devtools.Connection.handle(Connection.java:287)
	at org.openqa.selenium.devtools.Connection.access$200(Connection.java:57)
	at org.openqa.selenium.devtools.Connection$Listener.lambda$onText$0(Connection.java:224)
	at java.base/java.util.concurrent.ThreadPoolExecutor.runWorker(ThreadPoolExecutor.java:1128)
	at java.base/java.util.concurrent.ThreadPoolExecutor$Worker.run(ThreadPoolExecutor.java:628)
	at java.base/java.lang.Thread.run(Thread.java:829)
Caused by: org.openqa.selenium.WebDriverException: {"id":1816,"error":{"code":-32602,"message":"Invalid InterceptionId."},"sessionId":"69DE6D1A85B5D627489871F60443E14A"}
Build info: version: '4.11.0', revision: '040bc5406b'
System info: os.name: 'Windows 10', os.arch: 'amd64', os.version: '10.0', java.version: '11.0.18'
Driver info: driver.version: unknown
	at org.openqa.selenium.devtools.Connection.handle(Connection.java:260)
	... 5 more

Exception in thread "CDP Connection" org.openqa.selenium.devtools.DevToolsException: {"id":1816,"error":{"code":-32602,"message":"Invalid InterceptionId."},"sessionId":"69DE6D1A85B5D627489871F60443E14A"}
Build info: version: '4.11.0', revision: '040bc5406b'
System info: os.name: 'Windows 10', os.arch: 'amd64', os.version: '10.0', java.version: '11.0.18'
Driver info: driver.version: unknown
	at org.openqa.selenium.devtools.Connection$Listener.lambda$onText$0(Connection.java:227)
	at java.base/java.util.concurrent.ThreadPoolExecutor.runWorker(ThreadPoolExecutor.java:1128)
	at java.base/java.util.concurrent.ThreadPoolExecutor$Worker.run(ThreadPoolExecutor.java:628)
	at java.base/java.lang.Thread.run(Thread.java:829)
Caused by: org.openqa.selenium.devtools.DevToolsException: {"id":1816,"error":{"code":-32602,"message":"Invalid InterceptionId."},"sessionId":"69DE6D1A85B5D627489871F60443E14A"}
Build info: version: '4.11.0', revision: '040bc5406b'
System info: os.name: 'Windows 10', os.arch: 'amd64', os.version: '10.0', java.version: '11.0.18'
Driver info: driver.version: unknown
	at org.openqa.selenium.devtools.Connection.sendAndWait(Connection.java:181)
	at org.openqa.selenium.devtools.DevTools.send(DevTools.java:81)
	at org.openqa.selenium.devtools.idealized.Network.lambda$prepareToInterceptTraffic$4(Network.java:194)
	at org.openqa.selenium.devtools.Connection.lambda$handle$4(Connection.java:321)
	at java.base/java.util.stream.ForEachOps$ForEachOp$OfRef.accept(ForEachOps.java:183)
	at java.base/java.util.stream.ReferencePipeline$2$1.accept(ReferencePipeline.java:177)
	at java.base/java.util.stream.ReferencePipeline$11$1.accept(ReferencePipeline.java:442)
	at java.base/java.util.HashMap$KeySpliterator.forEachRemaining(HashMap.java:1621)
	at java.base/java.util.stream.AbstractPipeline.copyInto(AbstractPipeline.java:484)
	at java.base/java.util.stream.AbstractPipeline.wrapAndCopyInto(AbstractPipeline.java:474)
	at java.base/java.util.stream.ForEachOps$ForEachOp.evaluateSequential(ForEachOps.java:150)
	at java.base/java.util.stream.ForEachOps$ForEachOp$OfRef.evaluateSequential(ForEachOps.java:173)
	at java.base/java.util.stream.AbstractPipeline.evaluate(AbstractPipeline.java:234)
	at java.base/java.util.stream.ReferencePipeline.forEach(ReferencePipeline.java:497)
	at org.openqa.selenium.devtools.Connection.handle(Connection.java:287)
	at org.openqa.selenium.devtools.Connection.access$200(Connection.java:57)
	at org.openqa.selenium.devtools.Connection$Listener.lambda$onText$0(Connection.java:224)
	... 3 more
Caused by: org.openqa.selenium.WebDriverException: {"id":1816,"error":{"code":-32602,"message":"Invalid InterceptionId."},"sessionId":"69DE6D1A85B5D627489871F60443E14A"}
Build info: version: '4.11.0', revision: '040bc5406b'
System info: os.name: 'Windows 10', os.arch: 'amd64', os.version: '10.0', java.version: '11.0.18'
Driver info: driver.version: unknown
	at org.openqa.selenium.devtools.Connection.handle(Connection.java:260)
	... 5 more
авг. 16, 2023 4:22:25 PM org.openqa.selenium.devtools.Connection$Listener lambda$onText$0
WARNING: Unable to process: {"method":"Fetch.requestPaused","params":{"requestId":"interception-job-297.0","request":{"url":"http://localhost:8080/static/js/main.aab190f3.chunk.js","method":"GET","headers":{"Accept":"*/*","Referer":"http://localhost:8080/","User-Agent":"Mozilla/5.0 (Windows NT 10.0; Win64; x64) AppleWebKit/537.36 (KHTML, like Gecko) Chrome/116.0.0.0 Safari/537.36","sec-ch-ua":"\"Chromium\";v=\"116\", \"Not)A;Brand\";v=\"24\", \"Google Chrome\";v=\"116\"","sec-ch-ua-mobile":"?0","sec-ch-ua-platform":"\"Windows\""},"initialPriority":"High","referrerPolicy":"strict-origin-when-cross-origin"},"frameId":"D165F02B89151667DFD1BF49856829E7","resourceType":"Script"},"sessionId":"69DE6D1A85B5D627489871F60443E14A"}
org.openqa.selenium.devtools.DevToolsException: {"id":1817,"error":{"code":-32602,"message":"Invalid InterceptionId."},"sessionId":"69DE6D1A85B5D627489871F60443E14A"}
Build info: version: '4.11.0', revision: '040bc5406b'
System info: os.name: 'Windows 10', os.arch: 'amd64', os.version: '10.0', java.version: '11.0.18'
Driver info: driver.version: unknown
	at org.openqa.selenium.devtools.Connection.sendAndWait(Connection.java:181)
	at org.openqa.selenium.devtools.DevTools.send(DevTools.java:81)
	at org.openqa.selenium.devtools.idealized.Network.lambda$prepareToInterceptTraffic$3(Network.java:211)
	at org.openqa.selenium.remote.http.Filter.lambda$andFinally$1(Filter.java:55)
	at org.openqa.selenium.devtools.idealized.Network.lambda$prepareToInterceptTraffic$4(Network.java:226)
	at org.openqa.selenium.devtools.Connection.lambda$handle$4(Connection.java:321)
	at java.base/java.util.stream.ForEachOps$ForEachOp$OfRef.accept(ForEachOps.java:183)
	at java.base/java.util.stream.ReferencePipeline$2$1.accept(ReferencePipeline.java:177)
	at java.base/java.util.stream.ReferencePipeline$11$1.accept(ReferencePipeline.java:442)
	at java.base/java.util.HashMap$KeySpliterator.forEachRemaining(HashMap.java:1621)
	at java.base/java.util.stream.AbstractPipeline.copyInto(AbstractPipeline.java:484)
	at java.base/java.util.stream.AbstractPipeline.wrapAndCopyInto(AbstractPipeline.java:474)
	at java.base/java.util.stream.ForEachOps$ForEachOp.evaluateSequential(ForEachOps.java:150)
	at java.base/java.util.stream.ForEachOps$ForEachOp$OfRef.evaluateSequential(ForEachOps.java:173)
	at java.base/java.util.stream.AbstractPipeline.evaluate(AbstractPipeline.java:234)
	at java.base/java.util.stream.ReferencePipeline.forEach(ReferencePipeline.java:497)
	at org.openqa.selenium.devtools.Connection.handle(Connection.java:287)
	at org.openqa.selenium.devtools.Connection.access$200(Connection.java:57)
	at org.openqa.selenium.devtools.Connection$Listener.lambda$onText$0(Connection.java:224)
	at java.base/java.util.concurrent.ThreadPoolExecutor.runWorker(ThreadPoolExecutor.java:1128)
	at java.base/java.util.concurrent.ThreadPoolExecutor$Worker.run(ThreadPoolExecutor.java:628)
	at java.base/java.lang.Thread.run(Thread.java:829)
Caused by: org.openqa.selenium.WebDriverException: {"id":1817,"error":{"code":-32602,"message":"Invalid InterceptionId."},"sessionId":"69DE6D1A85B5D627489871F60443E14A"}
Build info: version: '4.11.0', revision: '040bc5406b'
System info: os.name: 'Windows 10', os.arch: 'amd64', os.version: '10.0', java.version: '11.0.18'
Driver info: driver.version: unknown
	at org.openqa.selenium.devtools.Connection.handle(Connection.java:260)
	... 5 more

Exception in thread "CDP Connection" org.openqa.selenium.devtools.DevToolsException: {"id":1817,"error":{"code":-32602,"message":"Invalid InterceptionId."},"sessionId":"69DE6D1A85B5D627489871F60443E14A"}
Build info: version: '4.11.0', revision: '040bc5406b'
System info: os.name: 'Windows 10', os.arch: 'amd64', os.version: '10.0', java.version: '11.0.18'
Driver info: driver.version: unknown
	at org.openqa.selenium.devtools.Connection$Listener.lambda$onText$0(Connection.java:227)
	at java.base/java.util.concurrent.ThreadPoolExecutor.runWorker(ThreadPoolExecutor.java:1128)
	at java.base/java.util.concurrent.ThreadPoolExecutor$Worker.run(ThreadPoolExecutor.java:628)
	at java.base/java.lang.Thread.run(Thread.java:829)
Caused by: org.openqa.selenium.devtools.DevToolsException: {"id":1817,"error":{"code":-32602,"message":"Invalid InterceptionId."},"sessionId":"69DE6D1A85B5D627489871F60443E14A"}
Build info: version: '4.11.0', revision: '040bc5406b'
System info: os.name: 'Windows 10', os.arch: 'amd64', os.version: '10.0', java.version: '11.0.18'
Driver info: driver.version: unknown
	at org.openqa.selenium.devtools.Connection.sendAndWait(Connection.java:181)
	at org.openqa.selenium.devtools.DevTools.send(DevTools.java:81)
	at org.openqa.selenium.devtools.idealized.Network.lambda$prepareToInterceptTraffic$3(Network.java:211)
	at org.openqa.selenium.remote.http.Filter.lambda$andFinally$1(Filter.java:55)
	at org.openqa.selenium.devtools.idealized.Network.lambda$prepareToInterceptTraffic$4(Network.java:226)
	at org.openqa.selenium.devtools.Connection.lambda$handle$4(Connection.java:321)
	at java.base/java.util.stream.ForEachOps$ForEachOp$OfRef.accept(ForEachOps.java:183)
	at java.base/java.util.stream.ReferencePipeline$2$1.accept(ReferencePipeline.java:177)
	at java.base/java.util.stream.ReferencePipeline$11$1.accept(ReferencePipeline.java:442)
	at java.base/java.util.HashMap$KeySpliterator.forEachRemaining(HashMap.java:1621)
	at java.base/java.util.stream.AbstractPipeline.copyInto(AbstractPipeline.java:484)
	at java.base/java.util.stream.AbstractPipeline.wrapAndCopyInto(AbstractPipeline.java:474)
	at java.base/java.util.stream.ForEachOps$ForEachOp.evaluateSequential(ForEachOps.java:150)
	at java.base/java.util.stream.ForEachOps$ForEachOp$OfRef.evaluateSequential(ForEachOps.java:173)
	at java.base/java.util.stream.AbstractPipeline.evaluate(AbstractPipeline.java:234)
	at java.base/java.util.stream.ReferencePipeline.forEach(ReferencePipeline.java:497)
	at org.openqa.selenium.devtools.Connection.handle(Connection.java:287)
	at org.openqa.selenium.devtools.Connection.access$200(Connection.java:57)
	at org.openqa.selenium.devtools.Connection$Listener.lambda$onText$0(Connection.java:224)
	... 3 more
Caused by: org.openqa.selenium.WebDriverException: {"id":1817,"error":{"code":-32602,"message":"Invalid InterceptionId."},"sessionId":"69DE6D1A85B5D627489871F60443E14A"}
Build info: version: '4.11.0', revision: '040bc5406b'
System info: os.name: 'Windows 10', os.arch: 'amd64', os.version: '10.0', java.version: '11.0.18'
Driver info: driver.version: unknown
	at org.openqa.selenium.devtools.Connection.handle(Connection.java:260)
	... 5 more
авг. 16, 2023 4:22:25 PM org.openqa.selenium.devtools.Connection$Listener lambda$onText$0
WARNING: Unable to process: {"method":"Fetch.requestPaused","params":{"requestId":"interception-job-294.0","request":{"url":"http://localhost:8080/static/css/2.7d875902.chunk.css","method":"GET","headers":{"Accept":"text/css,*/*;q=0.1","Referer":"http://localhost:8080/","User-Agent":"Mozilla/5.0 (Windows NT 10.0; Win64; x64) AppleWebKit/537.36 (KHTML, like Gecko) Chrome/116.0.0.0 Safari/537.36","sec-ch-ua":"\"Chromium\";v=\"116\", \"Not)A;Brand\";v=\"24\", \"Google Chrome\";v=\"116\"","sec-ch-ua-mobile":"?0","sec-ch-ua-platform":"\"Windows\""},"initialPriority":"VeryHigh","referrerPolicy":"unsafe-url"},"frameId":"D165F02B89151667DFD1BF49856829E7","resourceType":"Stylesheet","responseStatusCode":200,"responseStatusText":"","responseHeaders":[{"name":"Vary","value":"Origin"},{"name":"Vary","value":"Access-Control-Request-Method"},{"name":"Vary","value":"Access-Control-Request-Headers"},{"name":"Last-Modified","value":"Thu, 03 Aug 2023 10:18:16 GMT"},{"name":"Accept-Ranges","value":"bytes"},{"name":"Content-Type","value":"text/css"},{"name":"Content-Length","value":"87563"},{"name":"Date","value":"Wed, 16 Aug 2023 13:20:22 GMT"}]},"sessionId":"69DE6D1A85B5D627489871F60443E14A"}
org.openqa.selenium.devtools.DevToolsException: {"id":1820,"error":{"code":-32602,"message":"Invalid InterceptionId."},"sessionId":"69DE6D1A85B5D627489871F60443E14A"}
Build info: version: '4.11.0', revision: '040bc5406b'
System info: os.name: 'Windows 10', os.arch: 'amd64', os.version: '10.0', java.version: '11.0.18'
Driver info: driver.version: unknown
	at org.openqa.selenium.devtools.Connection.sendAndWait(Connection.java:181)
	at org.openqa.selenium.devtools.DevTools.send(DevTools.java:81)
	at org.openqa.selenium.devtools.idealized.Network.lambda$prepareToInterceptTraffic$4(Network.java:194)
	at org.openqa.selenium.devtools.Connection.lambda$handle$4(Connection.java:321)
	at java.base/java.util.stream.ForEachOps$ForEachOp$OfRef.accept(ForEachOps.java:183)
	at java.base/java.util.stream.ReferencePipeline$2$1.accept(ReferencePipeline.java:177)
	at java.base/java.util.stream.ReferencePipeline$11$1.accept(ReferencePipeline.java:442)
	at java.base/java.util.HashMap$KeySpliterator.forEachRemaining(HashMap.java:1621)
	at java.base/java.util.stream.AbstractPipeline.copyInto(AbstractPipeline.java:484)
	at java.base/java.util.stream.AbstractPipeline.wrapAndCopyInto(AbstractPipeline.java:474)
	at java.base/java.util.stream.ForEachOps$ForEachOp.evaluateSequential(ForEachOps.java:150)
	at java.base/java.util.stream.ForEachOps$ForEachOp$OfRef.evaluateSequential(ForEachOps.java:173)
	at java.base/java.util.stream.AbstractPipeline.evaluate(AbstractPipeline.java:234)
	at java.base/java.util.stream.ReferencePipeline.forEach(ReferencePipeline.java:497)
	at org.openqa.selenium.devtools.Connection.handle(Connection.java:287)
	at org.openqa.selenium.devtools.Connection.access$200(Connection.java:57)
	at org.openqa.selenium.devtools.Connection$Listener.lambda$onText$0(Connection.java:224)
	at java.base/java.util.concurrent.ThreadPoolExecutor.runWorker(ThreadPoolExecutor.java:1128)
	at java.base/java.util.concurrent.ThreadPoolExecutor$Worker.run(ThreadPoolExecutor.java:628)
	at java.base/java.lang.Thread.run(Thread.java:829)
Caused by: org.openqa.selenium.WebDriverException: {"id":1820,"error":{"code":-32602,"message":"Invalid InterceptionId."},"sessionId":"69DE6D1A85B5D627489871F60443E14A"}
Build info: version: '4.11.0', revision: '040bc5406b'
System info: os.name: 'Windows 10', os.arch: 'amd64', os.version: '10.0', java.version: '11.0.18'
Driver info: driver.version: unknown
	at org.openqa.selenium.devtools.Connection.handle(Connection.java:260)
	... 5 more

Exception in thread "CDP Connection" org.openqa.selenium.devtools.DevToolsException: {"id":1820,"error":{"code":-32602,"message":"Invalid InterceptionId."},"sessionId":"69DE6D1A85B5D627489871F60443E14A"}
Build info: version: '4.11.0', revision: '040bc5406b'
System info: os.name: 'Windows 10', os.arch: 'amd64', os.version: '10.0', java.version: '11.0.18'
Driver info: driver.version: unknown
	at org.openqa.selenium.devtools.Connection$Listener.lambda$onText$0(Connection.java:227)
	at java.base/java.util.concurrent.ThreadPoolExecutor.runWorker(ThreadPoolExecutor.java:1128)
	at java.base/java.util.concurrent.ThreadPoolExecutor$Worker.run(ThreadPoolExecutor.java:628)
	at java.base/java.lang.Thread.run(Thread.java:829)
Caused by: org.openqa.selenium.devtools.DevToolsException: {"id":1820,"error":{"code":-32602,"message":"Invalid InterceptionId."},"sessionId":"69DE6D1A85B5D627489871F60443E14A"}
Build info: version: '4.11.0', revision: '040bc5406b'
System info: os.name: 'Windows 10', os.arch: 'amd64', os.version: '10.0', java.version: '11.0.18'
Driver info: driver.version: unknown
	at org.openqa.selenium.devtools.Connection.sendAndWait(Connection.java:181)
	at org.openqa.selenium.devtools.DevTools.send(DevTools.java:81)
	at org.openqa.selenium.devtools.idealized.Network.lambda$prepareToInterceptTraffic$4(Network.java:194)
	at org.openqa.selenium.devtools.Connection.lambda$handle$4(Connection.java:321)
	at java.base/java.util.stream.ForEachOps$ForEachOp$OfRef.accept(ForEachOps.java:183)
	at java.base/java.util.stream.ReferencePipeline$2$1.accept(ReferencePipeline.java:177)
	at java.base/java.util.stream.ReferencePipeline$11$1.accept(ReferencePipeline.java:442)
	at java.base/java.util.HashMap$KeySpliterator.forEachRemaining(HashMap.java:1621)
	at java.base/java.util.stream.AbstractPipeline.copyInto(AbstractPipeline.java:484)
	at java.base/java.util.stream.AbstractPipeline.wrapAndCopyInto(AbstractPipeline.java:474)
	at java.base/java.util.stream.ForEachOps$ForEachOp.evaluateSequential(ForEachOps.java:150)
	at java.base/java.util.stream.ForEachOps$ForEachOp$OfRef.evaluateSequential(ForEachOps.java:173)
	at java.base/java.util.stream.AbstractPipeline.evaluate(AbstractPipeline.java:234)
	at java.base/java.util.stream.ReferencePipeline.forEach(ReferencePipeline.java:497)
	at org.openqa.selenium.devtools.Connection.handle(Connection.java:287)
	at org.openqa.selenium.devtools.Connection.access$200(Connection.java:57)
	at org.openqa.selenium.devtools.Connection$Listener.lambda$onText$0(Connection.java:224)
	... 3 more
Caused by: org.openqa.selenium.WebDriverException: {"id":1820,"error":{"code":-32602,"message":"Invalid InterceptionId."},"sessionId":"69DE6D1A85B5D627489871F60443E14A"}
Build info: version: '4.11.0', revision: '040bc5406b'
System info: os.name: 'Windows 10', os.arch: 'amd64', os.version: '10.0', java.version: '11.0.18'
Driver info: driver.version: unknown
	at org.openqa.selenium.devtools.Connection.handle(Connection.java:260)
	... 5 more
авг. 16, 2023 4:22:25 PM org.openqa.selenium.devtools.Connection$Listener lambda$onText$0
WARNING: Unable to process: {"method":"Fetch.requestPaused","params":{"requestId":"interception-job-294.0","request":{"url":"http://localhost:8080/static/css/2.7d875902.chunk.css","method":"GET","headers":{"Accept":"text/css,*/*;q=0.1","Referer":"http://localhost:8080/","User-Agent":"Mozilla/5.0 (Windows NT 10.0; Win64; x64) AppleWebKit/537.36 (KHTML, like Gecko) Chrome/116.0.0.0 Safari/537.36","sec-ch-ua":"\"Chromium\";v=\"116\", \"Not)A;Brand\";v=\"24\", \"Google Chrome\";v=\"116\"","sec-ch-ua-mobile":"?0","sec-ch-ua-platform":"\"Windows\""},"initialPriority":"VeryHigh","referrerPolicy":"strict-origin-when-cross-origin"},"frameId":"D165F02B89151667DFD1BF49856829E7","resourceType":"Stylesheet"},"sessionId":"69DE6D1A85B5D627489871F60443E14A"}
org.openqa.selenium.devtools.DevToolsException: {"id":1822,"error":{"code":-32602,"message":"Invalid InterceptionId."},"sessionId":"69DE6D1A85B5D627489871F60443E14A"}
Build info: version: '4.11.0', revision: '040bc5406b'
System info: os.name: 'Windows 10', os.arch: 'amd64', os.version: '10.0', java.version: '11.0.18'
Driver info: driver.version: unknown
	at org.openqa.selenium.devtools.Connection.sendAndWait(Connection.java:181)
	at org.openqa.selenium.devtools.DevTools.send(DevTools.java:81)
	at org.openqa.selenium.devtools.idealized.Network.lambda$prepareToInterceptTraffic$3(Network.java:211)
	at org.openqa.selenium.remote.http.Filter.lambda$andFinally$1(Filter.java:55)
	at org.openqa.selenium.devtools.idealized.Network.lambda$prepareToInterceptTraffic$4(Network.java:226)
	at org.openqa.selenium.devtools.Connection.lambda$handle$4(Connection.java:321)
	at java.base/java.util.stream.ForEachOps$ForEachOp$OfRef.accept(ForEachOps.java:183)
	at java.base/java.util.stream.ReferencePipeline$2$1.accept(ReferencePipeline.java:177)
	at java.base/java.util.stream.ReferencePipeline$11$1.accept(ReferencePipeline.java:442)
	at java.base/java.util.HashMap$KeySpliterator.forEachRemaining(HashMap.java:1621)
	at java.base/java.util.stream.AbstractPipeline.copyInto(AbstractPipeline.java:484)
	at java.base/java.util.stream.AbstractPipeline.wrapAndCopyInto(AbstractPipeline.java:474)
	at java.base/java.util.stream.ForEachOps$ForEachOp.evaluateSequential(ForEachOps.java:150)
	at java.base/java.util.stream.ForEachOps$ForEachOp$OfRef.evaluateSequential(ForEachOps.java:173)
	at java.base/java.util.stream.AbstractPipeline.evaluate(AbstractPipeline.java:234)
	at java.base/java.util.stream.ReferencePipeline.forEach(ReferencePipeline.java:497)
	at org.openqa.selenium.devtools.Connection.handle(Connection.java:287)
	at org.openqa.selenium.devtools.Connection.access$200(Connection.java:57)
	at org.openqa.selenium.devtools.Connection$Listener.lambda$onText$0(Connection.java:224)
	at java.base/java.util.concurrent.ThreadPoolExecutor.runWorker(ThreadPoolExecutor.java:1128)
	at java.base/java.util.concurrent.ThreadPoolExecutor$Worker.run(ThreadPoolExecutor.java:628)
	at java.base/java.lang.Thread.run(Thread.java:829)
Caused by: org.openqa.selenium.WebDriverException: {"id":1822,"error":{"code":-32602,"message":"Invalid InterceptionId."},"sessionId":"69DE6D1A85B5D627489871F60443E14A"}
Build info: version: '4.11.0', revision: '040bc5406b'
System info: os.name: 'Windows 10', os.arch: 'amd64', os.version: '10.0', java.version: '11.0.18'
Driver info: driver.version: unknown
	at org.openqa.selenium.devtools.Connection.handle(Connection.java:260)
	... 5 more

Exception in thread "CDP Connection" org.openqa.selenium.devtools.DevToolsException: {"id":1822,"error":{"code":-32602,"message":"Invalid InterceptionId."},"sessionId":"69DE6D1A85B5D627489871F60443E14A"}
Build info: version: '4.11.0', revision: '040bc5406b'
System info: os.name: 'Windows 10', os.arch: 'amd64', os.version: '10.0', java.version: '11.0.18'
Driver info: driver.version: unknown
	at org.openqa.selenium.devtools.Connection$Listener.lambda$onText$0(Connection.java:227)
	at java.base/java.util.concurrent.ThreadPoolExecutor.runWorker(ThreadPoolExecutor.java:1128)
	at java.base/java.util.concurrent.ThreadPoolExecutor$Worker.run(ThreadPoolExecutor.java:628)
	at java.base/java.lang.Thread.run(Thread.java:829)
Caused by: org.openqa.selenium.devtools.DevToolsException: {"id":1822,"error":{"code":-32602,"message":"Invalid InterceptionId."},"sessionId":"69DE6D1A85B5D627489871F60443E14A"}
Build info: version: '4.11.0', revision: '040bc5406b'
System info: os.name: 'Windows 10', os.arch: 'amd64', os.version: '10.0', java.version: '11.0.18'
Driver info: driver.version: unknown
	at org.openqa.selenium.devtools.Connection.sendAndWait(Connection.java:181)
	at org.openqa.selenium.devtools.DevTools.send(DevTools.java:81)
	at org.openqa.selenium.devtools.idealized.Network.lambda$prepareToInterceptTraffic$3(Network.java:211)
	at org.openqa.selenium.remote.http.Filter.lambda$andFinally$1(Filter.java:55)
	at org.openqa.selenium.devtools.idealized.Network.lambda$prepareToInterceptTraffic$4(Network.java:226)
	at org.openqa.selenium.devtools.Connection.lambda$handle$4(Connection.java:321)
	at java.base/java.util.stream.ForEachOps$ForEachOp$OfRef.accept(ForEachOps.java:183)
	at java.base/java.util.stream.ReferencePipeline$2$1.accept(ReferencePipeline.java:177)
	at java.base/java.util.stream.ReferencePipeline$11$1.accept(ReferencePipeline.java:442)
	at java.base/java.util.HashMap$KeySpliterator.forEachRemaining(HashMap.java:1621)
	at java.base/java.util.stream.AbstractPipeline.copyInto(AbstractPipeline.java:484)
	at java.base/java.util.stream.AbstractPipeline.wrapAndCopyInto(AbstractPipeline.java:474)
	at java.base/java.util.stream.ForEachOps$ForEachOp.evaluateSequential(ForEachOps.java:150)
	at java.base/java.util.stream.ForEachOps$ForEachOp$OfRef.evaluateSequential(ForEachOps.java:173)
	at java.base/java.util.stream.AbstractPipeline.evaluate(AbstractPipeline.java:234)
	at java.base/java.util.stream.ReferencePipeline.forEach(ReferencePipeline.java:497)
	at org.openqa.selenium.devtools.Connection.handle(Connection.java:287)
	at org.openqa.selenium.devtools.Connection.access$200(Connection.java:57)
	at org.openqa.selenium.devtools.Connection$Listener.lambda$onText$0(Connection.java:224)
	... 3 more
Caused by: org.openqa.selenium.WebDriverException: {"id":1822,"error":{"code":-32602,"message":"Invalid InterceptionId."},"sessionId":"69DE6D1A85B5D627489871F60443E14A"}
Build info: version: '4.11.0', revision: '040bc5406b'
System info: os.name: 'Windows 10', os.arch: 'amd64', os.version: '10.0', java.version: '11.0.18'
Driver info: driver.version: unknown
	at org.openqa.selenium.devtools.Connection.handle(Connection.java:260)
	... 5 more
авг. 16, 2023 4:22:25 PM org.openqa.selenium.devtools.Connection$Listener lambda$onText$0
WARNING: Unable to process: {"method":"Fetch.requestPaused","params":{"requestId":"interception-job-296.0","request":{"url":"http://localhost:8080/static/js/2.0716afe8.chunk.js","method":"GET","headers":{"Accept":"*/*","Referer":"http://localhost:8080/","User-Agent":"Mozilla/5.0 (Windows NT 10.0; Win64; x64) AppleWebKit/537.36 (KHTML, like Gecko) Chrome/116.0.0.0 Safari/537.36","sec-ch-ua":"\"Chromium\";v=\"116\", \"Not)A;Brand\";v=\"24\", \"Google Chrome\";v=\"116\"","sec-ch-ua-mobile":"?0","sec-ch-ua-platform":"\"Windows\""},"initialPriority":"High","referrerPolicy":"strict-origin-when-cross-origin"},"frameId":"D165F02B89151667DFD1BF49856829E7","resourceType":"Script"},"sessionId":"69DE6D1A85B5D627489871F60443E14A"}
org.openqa.selenium.devtools.DevToolsException: {"id":1825,"error":{"code":-32602,"message":"Invalid InterceptionId."},"sessionId":"69DE6D1A85B5D627489871F60443E14A"}
Build info: version: '4.11.0', revision: '040bc5406b'
System info: os.name: 'Windows 10', os.arch: 'amd64', os.version: '10.0', java.version: '11.0.18'
Driver info: driver.version: unknown
	at org.openqa.selenium.devtools.Connection.sendAndWait(Connection.java:181)
	at org.openqa.selenium.devtools.DevTools.send(DevTools.java:81)
	at org.openqa.selenium.devtools.idealized.Network.lambda$prepareToInterceptTraffic$3(Network.java:211)
	at org.openqa.selenium.remote.http.Filter.lambda$andFinally$1(Filter.java:55)
	at org.openqa.selenium.devtools.idealized.Network.lambda$prepareToInterceptTraffic$4(Network.java:226)
	at org.openqa.selenium.devtools.Connection.lambda$handle$4(Connection.java:321)
	at java.base/java.util.stream.ForEachOps$ForEachOp$OfRef.accept(ForEachOps.java:183)
	at java.base/java.util.stream.ReferencePipeline$2$1.accept(ReferencePipeline.java:177)
	at java.base/java.util.stream.ReferencePipeline$11$1.accept(ReferencePipeline.java:442)
	at java.base/java.util.HashMap$KeySpliterator.forEachRemaining(HashMap.java:1621)
	at java.base/java.util.stream.AbstractPipeline.copyInto(AbstractPipeline.java:484)
	at java.base/java.util.stream.AbstractPipeline.wrapAndCopyInto(AbstractPipeline.java:474)
	at java.base/java.util.stream.ForEachOps$ForEachOp.evaluateSequential(ForEachOps.java:150)
	at java.base/java.util.stream.ForEachOps$ForEachOp$OfRef.evaluateSequential(ForEachOps.java:173)
	at java.base/java.util.stream.AbstractPipeline.evaluate(AbstractPipeline.java:234)
	at java.base/java.util.stream.ReferencePipeline.forEach(ReferencePipeline.java:497)
	at org.openqa.selenium.devtools.Connection.handle(Connection.java:287)
	at org.openqa.selenium.devtools.Connection.access$200(Connection.java:57)
	at org.openqa.selenium.devtools.Connection$Listener.lambda$onText$0(Connection.java:224)
	at java.base/java.util.concurrent.ThreadPoolExecutor.runWorker(ThreadPoolExecutor.java:1128)
	at java.base/java.util.concurrent.ThreadPoolExecutor$Worker.run(ThreadPoolExecutor.java:628)
	at java.base/java.lang.Thread.run(Thread.java:829)
Caused by: org.openqa.selenium.WebDriverException: {"id":1825,"error":{"code":-32602,"message":"Invalid InterceptionId."},"sessionId":"69DE6D1A85B5D627489871F60443E14A"}
Build info: version: '4.11.0', revision: '040bc5406b'
System info: os.name: 'Windows 10', os.arch: 'amd64', os.version: '10.0', java.version: '11.0.18'
Driver info: driver.version: unknown
	at org.openqa.selenium.devtools.Connection.handle(Connection.java:260)
	... 5 more

Exception in thread "CDP Connection" org.openqa.selenium.devtools.DevToolsException: {"id":1825,"error":{"code":-32602,"message":"Invalid InterceptionId."},"sessionId":"69DE6D1A85B5D627489871F60443E14A"}
Build info: version: '4.11.0', revision: '040bc5406b'
System info: os.name: 'Windows 10', os.arch: 'amd64', os.version: '10.0', java.version: '11.0.18'
Driver info: driver.version: unknown
	at org.openqa.selenium.devtools.Connection$Listener.lambda$onText$0(Connection.java:227)
	at java.base/java.util.concurrent.ThreadPoolExecutor.runWorker(ThreadPoolExecutor.java:1128)
	at java.base/java.util.concurrent.ThreadPoolExecutor$Worker.run(ThreadPoolExecutor.java:628)
	at java.base/java.lang.Thread.run(Thread.java:829)
Caused by: org.openqa.selenium.devtools.DevToolsException: {"id":1825,"error":{"code":-32602,"message":"Invalid InterceptionId."},"sessionId":"69DE6D1A85B5D627489871F60443E14A"}
Build info: version: '4.11.0', revision: '040bc5406b'
System info: os.name: 'Windows 10', os.arch: 'amd64', os.version: '10.0', java.version: '11.0.18'
Driver info: driver.version: unknown
	at org.openqa.selenium.devtools.Connection.sendAndWait(Connection.java:181)
	at org.openqa.selenium.devtools.DevTools.send(DevTools.java:81)
	at org.openqa.selenium.devtools.idealized.Network.lambda$prepareToInterceptTraffic$3(Network.java:211)
	at org.openqa.selenium.remote.http.Filter.lambda$andFinally$1(Filter.java:55)
	at org.openqa.selenium.devtools.idealized.Network.lambda$prepareToInterceptTraffic$4(Network.java:226)
	at org.openqa.selenium.devtools.Connection.lambda$handle$4(Connection.java:321)
	at java.base/java.util.stream.ForEachOps$ForEachOp$OfRef.accept(ForEachOps.java:183)
	at java.base/java.util.stream.ReferencePipeline$2$1.accept(ReferencePipeline.java:177)
	at java.base/java.util.stream.ReferencePipeline$11$1.accept(ReferencePipeline.java:442)
	at java.base/java.util.HashMap$KeySpliterator.forEachRemaining(HashMap.java:1621)
	at java.base/java.util.stream.AbstractPipeline.copyInto(AbstractPipeline.java:484)
	at java.base/java.util.stream.AbstractPipeline.wrapAndCopyInto(AbstractPipeline.java:474)
	at java.base/java.util.stream.ForEachOps$ForEachOp.evaluateSequential(ForEachOps.java:150)
	at java.base/java.util.stream.ForEachOps$ForEachOp$OfRef.evaluateSequential(ForEachOps.java:173)
	at java.base/java.util.stream.AbstractPipeline.evaluate(AbstractPipeline.java:234)
	at java.base/java.util.stream.ReferencePipeline.forEach(ReferencePipeline.java:497)
	at org.openqa.selenium.devtools.Connection.handle(Connection.java:287)
авг. 16, 2023 4:22:25 PM org.openqa.selenium.devtools.Connection$Listener lambda$onText$0
	at org.openqa.selenium.devtools.Connection.access$200(Connection.java:57)
	at org.openqa.selenium.devtools.Connection$Listener.lambda$onText$0(Connection.java:224)
	... 3 more
WARNING: Unable to process: {"method":"Fetch.requestPaused","params":{"requestId":"interception-job-296.0","request":{"url":"http://localhost:8080/static/js/2.0716afe8.chunk.js","method":"GET","headers":{"Accept":"*/*","Referer":"http://localhost:8080/","User-Agent":"Mozilla/5.0 (Windows NT 10.0; Win64; x64) AppleWebKit/537.36 (KHTML, like Gecko) Chrome/116.0.0.0 Safari/537.36","sec-ch-ua":"\"Chromium\";v=\"116\", \"Not)A;Brand\";v=\"24\", \"Google Chrome\";v=\"116\"","sec-ch-ua-mobile":"?0","sec-ch-ua-platform":"\"Windows\""},"initialPriority":"High","referrerPolicy":"unsafe-url"},"frameId":"D165F02B89151667DFD1BF49856829E7","resourceType":"Script","responseStatusCode":200,"responseStatusText":"","responseHeaders":[{"name":"Vary","value":"Origin"},{"name":"Vary","value":"Access-Control-Request-Method"},{"name":"Vary","value":"Access-Control-Request-Headers"},{"name":"Last-Modified","value":"Thu, 03 Aug 2023 10:18:16 GMT"},{"name":"Accept-Ranges","value":"bytes"},{"name":"Content-Type","value":"application/javascript"},{"name":"Content-Length","value":"228167"},{"name":"Date","value":"Wed, 16 Aug 2023 13:20:22 GMT"}]},"sessionId":"69DE6D1A85B5D627489871F60443E14A"}
org.openqa.selenium.devtools.DevToolsException: {"id":1824,"error":{"code":-32602,"message":"Invalid InterceptionId."},"sessionId":"69DE6D1A85B5D627489871F60443E14A"}
Build info: version: '4.11.0', revision: '040bc5406b'
System info: os.name: 'Windows 10', os.arch: 'amd64', os.version: '10.0', java.version: '11.0.18'
Driver info: driver.version: unknown
	at org.openqa.selenium.devtools.Connection.sendAndWait(Connection.java:181)
	at org.openqa.selenium.devtools.DevTools.send(DevTools.java:81)
	at org.openqa.selenium.devtools.idealized.Network.lambda$prepareToInterceptTraffic$4(Network.java:194)
	at org.openqa.selenium.devtools.Connection.lambda$handle$4(Connection.java:321)
	at java.base/java.util.stream.ForEachOps$ForEachOp$OfRef.accept(ForEachOps.java:183)
	at java.base/java.util.stream.ReferencePipeline$2$1.accept(ReferencePipeline.java:177)
	at java.base/java.util.stream.ReferencePipeline$11$1.accept(ReferencePipeline.java:442)
	at java.base/java.util.HashMap$KeySpliterator.forEachRemaining(HashMap.java:1621)
	at java.base/java.util.stream.AbstractPipeline.copyInto(AbstractPipeline.java:484)
	at java.base/java.util.stream.AbstractPipeline.wrapAndCopyInto(AbstractPipeline.java:474)
	at java.base/java.util.stream.ForEachOps$ForEachOp.evaluateSequential(ForEachOps.java:150)
	at java.base/java.util.stream.ForEachOps$ForEachOp$OfRef.evaluateSequential(ForEachOps.java:173)
	at java.base/java.util.stream.AbstractPipeline.evaluate(AbstractPipeline.java:234)
	at java.base/java.util.stream.ReferencePipeline.forEach(ReferencePipeline.java:497)
	at org.openqa.selenium.devtools.Connection.handle(Connection.java:287)
	at org.openqa.selenium.devtools.Connection.access$200(Connection.java:57)
	at org.openqa.selenium.devtools.Connection$Listener.lambda$onText$0(Connection.java:224)
	at java.base/java.util.concurrent.ThreadPoolExecutor.runWorker(ThreadPoolExecutor.java:1128)
	at java.base/java.util.concurrent.ThreadPoolExecutor$Worker.run(ThreadPoolExecutor.java:628)
	at java.base/java.lang.Thread.run(Thread.java:829)
Caused by: org.openqa.selenium.WebDriverException: {"id":1824,"error":{"code":-32602,"message":"Invalid InterceptionId."},"sessionId":"69DE6D1A85B5D627489871F60443E14A"}
Build info: version: '4.11.0', revision: '040bc5406b'
System info: os.name: 'Windows 10', os.arch: 'amd64', os.version: '10.0', java.version: '11.0.18'
Driver info: driver.version: unknown
	at org.openqa.selenium.devtools.Connection.handle(Connection.java:260)
	... 5 more

Caused by: org.openqa.selenium.WebDriverException: {"id":1825,"error":{"code":-32602,"message":"Invalid InterceptionId."},"sessionId":"69DE6D1A85B5D627489871F60443E14A"}
Build info: version: '4.11.0', revision: '040bc5406b'
System info: os.name: 'Windows 10', os.arch: 'amd64', os.version: '10.0', java.version: '11.0.18'
Driver info: driver.version: unknown
	at org.openqa.selenium.devtools.Connection.handle(Connection.java:260)
	... 5 more
Exception in thread "CDP Connection" org.openqa.selenium.devtools.DevToolsException: {"id":1824,"error":{"code":-32602,"message":"Invalid InterceptionId."},"sessionId":"69DE6D1A85B5D627489871F60443E14A"}
Build info: version: '4.11.0', revision: '040bc5406b'
System info: os.name: 'Windows 10', os.arch: 'amd64', os.version: '10.0', java.version: '11.0.18'
Driver info: driver.version: unknown
	at org.openqa.selenium.devtools.Connection$Listener.lambda$onText$0(Connection.java:227)
	at java.base/java.util.concurrent.ThreadPoolExecutor.runWorker(ThreadPoolExecutor.java:1128)
	at java.base/java.util.concurrent.ThreadPoolExecutor$Worker.run(ThreadPoolExecutor.java:628)
	at java.base/java.lang.Thread.run(Thread.java:829)
Caused by: org.openqa.selenium.devtools.DevToolsException: {"id":1824,"error":{"code":-32602,"message":"Invalid InterceptionId."},"sessionId":"69DE6D1A85B5D627489871F60443E14A"}
Build info: version: '4.11.0', revision: '040bc5406b'
System info: os.name: 'Windows 10', os.arch: 'amd64', os.version: '10.0', java.version: '11.0.18'
Driver info: driver.version: unknown
	at org.openqa.selenium.devtools.Connection.sendAndWait(Connection.java:181)
	at org.openqa.selenium.devtools.DevTools.send(DevTools.java:81)
	at org.openqa.selenium.devtools.idealized.Network.lambda$prepareToInterceptTraffic$4(Network.java:194)
	at org.openqa.selenium.devtools.Connection.lambda$handle$4(Connection.java:321)
	at java.base/java.util.stream.ForEachOps$ForEachOp$OfRef.accept(ForEachOps.java:183)
	at java.base/java.util.stream.ReferencePipeline$2$1.accept(ReferencePipeline.java:177)
	at java.base/java.util.stream.ReferencePipeline$11$1.accept(ReferencePipeline.java:442)
	at java.base/java.util.HashMap$KeySpliterator.forEachRemaining(HashMap.java:1621)
	at java.base/java.util.stream.AbstractPipeline.copyInto(AbstractPipeline.java:484)
	at java.base/java.util.stream.AbstractPipeline.wrapAndCopyInto(AbstractPipeline.java:474)
	at java.base/java.util.stream.ForEachOps$ForEachOp.evaluateSequential(ForEachOps.java:150)
	at java.base/java.util.stream.ForEachOps$ForEachOp$OfRef.evaluateSequential(ForEachOps.java:173)
	at java.base/java.util.stream.AbstractPipeline.evaluate(AbstractPipeline.java:234)
	at java.base/java.util.stream.ReferencePipeline.forEach(ReferencePipeline.java:497)
	at org.openqa.selenium.devtools.Connection.handle(Connection.java:287)
	at org.openqa.selenium.devtools.Connection.access$200(Connection.java:57)
	at org.openqa.selenium.devtools.Connection$Listener.lambda$onText$0(Connection.java:224)
	... 3 more
Caused by: org.openqa.selenium.WebDriverException: {"id":1824,"error":{"code":-32602,"message":"Invalid InterceptionId."},"sessionId":"69DE6D1A85B5D627489871F60443E14A"}
Build info: version: '4.11.0', revision: '040bc5406b'
System info: os.name: 'Windows 10', os.arch: 'amd64', os.version: '10.0', java.version: '11.0.18'
Driver info: driver.version: unknown
	at org.openqa.selenium.devtools.Connection.handle(Connection.java:260)
	... 5 more
авг. 16, 2023 4:22:25 PM org.openqa.selenium.devtools.Connection$Listener lambda$onText$0
WARNING: Unable to process: {"method":"Fetch.requestPaused","params":{"requestId":"interception-job-298.0","request":{"url":"http://localhost:8080/static/media/marrakech.869b2a02.jpg","method":"GET","headers":{"Accept":"image/avif,image/webp,image/apng,image/svg+xml,image/*,*/*;q=0.8","Referer":"http://localhost:8080/","User-Agent":"Mozilla/5.0 (Windows NT 10.0; Win64; x64) AppleWebKit/537.36 (KHTML, like Gecko) Chrome/116.0.0.0 Safari/537.36","sec-ch-ua":"\"Chromium\";v=\"116\", \"Not)A;Brand\";v=\"24\", \"Google Chrome\";v=\"116\"","sec-ch-ua-mobile":"?0","sec-ch-ua-platform":"\"Windows\""},"initialPriority":"Low","referrerPolicy":"unsafe-url"},"frameId":"D165F02B89151667DFD1BF49856829E7","resourceType":"Image","responseStatusCode":200,"responseStatusText":"","responseHeaders":[{"name":"Vary","value":"Origin"},{"name":"Vary","value":"Access-Control-Request-Method"},{"name":"Vary","value":"Access-Control-Request-Headers"},{"name":"Last-Modified","value":"Thu, 03 Aug 2023 10:18:16 GMT"},{"name":"Accept-Ranges","value":"bytes"},{"name":"Content-Type","value":"image/jpeg"},{"name":"Content-Length","value":"85240"},{"name":"Date","value":"Wed, 16 Aug 2023 13:20:22 GMT"}]},"sessionId":"69DE6D1A85B5D627489871F60443E14A"}
org.openqa.selenium.devtools.DevToolsException: {"id":1830,"error":{"code":-32602,"message":"Invalid InterceptionId."},"sessionId":"69DE6D1A85B5D627489871F60443E14A"}
Build info: version: '4.11.0', revision: '040bc5406b'
System info: os.name: 'Windows 10', os.arch: 'amd64', os.version: '10.0', java.version: '11.0.18'
Driver info: driver.version: unknown
	at org.openqa.selenium.devtools.Connection.sendAndWait(Connection.java:181)
	at org.openqa.selenium.devtools.DevTools.send(DevTools.java:81)
	at org.openqa.selenium.devtools.idealized.Network.lambda$prepareToInterceptTraffic$4(Network.java:194)
	at org.openqa.selenium.devtools.Connection.lambda$handle$4(Connection.java:321)
	at java.base/java.util.stream.ForEachOps$ForEachOp$OfRef.accept(ForEachOps.java:183)
	at java.base/java.util.stream.ReferencePipeline$2$1.accept(ReferencePipeline.java:177)
	at java.base/java.util.stream.ReferencePipeline$11$1.accept(ReferencePipeline.java:442)
	at java.base/java.util.HashMap$KeySpliterator.forEachRemaining(HashMap.java:1621)
	at java.base/java.util.stream.AbstractPipeline.copyInto(AbstractPipeline.java:484)
	at java.base/java.util.stream.AbstractPipeline.wrapAndCopyInto(AbstractPipeline.java:474)
	at java.base/java.util.stream.ForEachOps$ForEachOp.evaluateSequential(ForEachOps.java:150)
	at java.base/java.util.stream.ForEachOps$ForEachOp$OfRef.evaluateSequential(ForEachOps.java:173)
	at java.base/java.util.stream.AbstractPipeline.evaluate(AbstractPipeline.java:234)
	at java.base/java.util.stream.ReferencePipeline.forEach(ReferencePipeline.java:497)
	at org.openqa.selenium.devtools.Connection.handle(Connection.java:287)
	at org.openqa.selenium.devtools.Connection.access$200(Connection.java:57)
	at org.openqa.selenium.devtools.Connection$Listener.lambda$onText$0(Connection.java:224)
	at java.base/java.util.concurrent.ThreadPoolExecutor.runWorker(ThreadPoolExecutor.java:1128)
	at java.base/java.util.concurrent.ThreadPoolExecutor$Worker.run(ThreadPoolExecutor.java:628)
	at java.base/java.lang.Thread.run(Thread.java:829)
Caused by: org.openqa.selenium.WebDriverException: {"id":1830,"error":{"code":-32602,"message":"Invalid InterceptionId."},"sessionId":"69DE6D1A85B5D627489871F60443E14A"}
Build info: version: '4.11.0', revision: '040bc5406b'
System info: os.name: 'Windows 10', os.arch: 'amd64', os.version: '10.0', java.version: '11.0.18'
Driver info: driver.version: unknown
	at org.openqa.selenium.devtools.Connection.handle(Connection.java:260)
	... 5 more

Exception in thread "CDP Connection" org.openqa.selenium.devtools.DevToolsException: {"id":1830,"error":{"code":-32602,"message":"Invalid InterceptionId."},"sessionId":"69DE6D1A85B5D627489871F60443E14A"}
Build info: version: '4.11.0', revision: '040bc5406b'
System info: os.name: 'Windows 10', os.arch: 'amd64', os.version: '10.0', java.version: '11.0.18'
Driver info: driver.version: unknown
	at org.openqa.selenium.devtools.Connection$Listener.lambda$onText$0(Connection.java:227)
	at java.base/java.util.concurrent.ThreadPoolExecutor.runWorker(ThreadPoolExecutor.java:1128)
	at java.base/java.util.concurrent.ThreadPoolExecutor$Worker.run(ThreadPoolExecutor.java:628)
	at java.base/java.lang.Thread.run(Thread.java:829)
Caused by: org.openqa.selenium.devtools.DevToolsException: {"id":1830,"error":{"code":-32602,"message":"Invalid InterceptionId."},"sessionId":"69DE6D1A85B5D627489871F60443E14A"}
Build info: version: '4.11.0', revision: '040bc5406b'
System info: os.name: 'Windows 10', os.arch: 'amd64', os.version: '10.0', java.version: '11.0.18'
Driver info: driver.version: unknown
	at org.openqa.selenium.devtools.Connection.sendAndWait(Connection.java:181)
	at org.openqa.selenium.devtools.DevTools.send(DevTools.java:81)
	at org.openqa.selenium.devtools.idealized.Network.lambda$prepareToInterceptTraffic$4(Network.java:194)
	at org.openqa.selenium.devtools.Connection.lambda$handle$4(Connection.java:321)
	at java.base/java.util.stream.ForEachOps$ForEachOp$OfRef.accept(ForEachOps.java:183)
	at java.base/java.util.stream.ReferencePipeline$2$1.accept(ReferencePipeline.java:177)
	at java.base/java.util.stream.ReferencePipeline$11$1.accept(ReferencePipeline.java:442)
	at java.base/java.util.HashMap$KeySpliterator.forEachRemaining(HashMap.java:1621)
	at java.base/java.util.stream.AbstractPipeline.copyInto(AbstractPipeline.java:484)
	at java.base/java.util.stream.AbstractPipeline.wrapAndCopyInto(AbstractPipeline.java:474)
	at java.base/java.util.stream.ForEachOps$ForEachOp.evaluateSequential(ForEachOps.java:150)
	at java.base/java.util.stream.ForEachOps$ForEachOp$OfRef.evaluateSequential(ForEachOps.java:173)
	at java.base/java.util.stream.AbstractPipeline.evaluate(AbstractPipeline.java:234)
	at java.base/java.util.stream.ReferencePipeline.forEach(ReferencePipeline.java:497)
	at org.openqa.selenium.devtools.Connection.handle(Connection.java:287)
	at org.openqa.selenium.devtools.Connection.access$200(Connection.java:57)
	at org.openqa.selenium.devtools.Connection$Listener.lambda$onText$0(Connection.java:224)
	... 3 more
Caused by: org.openqa.selenium.WebDriverException: {"id":1830,"error":{"code":-32602,"message":"Invalid InterceptionId."},"sessionId":"69DE6D1A85B5D627489871F60443E14A"}
Build info: version: '4.11.0', revision: '040bc5406b'
System info: os.name: 'Windows 10', os.arch: 'amd64', os.version: '10.0', java.version: '11.0.18'
Driver info: driver.version: unknown
	at org.openqa.selenium.devtools.Connection.handle(Connection.java:260)
	... 5 more
авг. 16, 2023 4:22:25 PM org.openqa.selenium.devtools.Connection$Listener lambda$onText$0
WARNING: Unable to process: {"method":"Fetch.requestPaused","params":{"requestId":"interception-job-298.0","request":{"url":"http://localhost:8080/static/media/marrakech.869b2a02.jpg","method":"GET","headers":{"Accept":"image/avif,image/webp,image/apng,image/svg+xml,image/*,*/*;q=0.8","Referer":"http://localhost:8080/","User-Agent":"Mozilla/5.0 (Windows NT 10.0; Win64; x64) AppleWebKit/537.36 (KHTML, like Gecko) Chrome/116.0.0.0 Safari/537.36","sec-ch-ua":"\"Chromium\";v=\"116\", \"Not)A;Brand\";v=\"24\", \"Google Chrome\";v=\"116\"","sec-ch-ua-mobile":"?0","sec-ch-ua-platform":"\"Windows\""},"initialPriority":"Low","referrerPolicy":"strict-origin-when-cross-origin"},"frameId":"D165F02B89151667DFD1BF49856829E7","resourceType":"Image"},"sessionId":"69DE6D1A85B5D627489871F60443E14A"}
org.openqa.selenium.devtools.DevToolsException: {"id":1831,"error":{"code":-32602,"message":"Invalid InterceptionId."},"sessionId":"69DE6D1A85B5D627489871F60443E14A"}
Build info: version: '4.11.0', revision: '040bc5406b'
System info: os.name: 'Windows 10', os.arch: 'amd64', os.version: '10.0', java.version: '11.0.18'
Driver info: driver.version: unknown
	at org.openqa.selenium.devtools.Connection.sendAndWait(Connection.java:181)
	at org.openqa.selenium.devtools.DevTools.send(DevTools.java:81)
	at org.openqa.selenium.devtools.idealized.Network.lambda$prepareToInterceptTraffic$3(Network.java:211)
	at org.openqa.selenium.remote.http.Filter.lambda$andFinally$1(Filter.java:55)
	at org.openqa.selenium.devtools.idealized.Network.lambda$prepareToInterceptTraffic$4(Network.java:226)
	at org.openqa.selenium.devtools.Connection.lambda$handle$4(Connection.java:321)
	at java.base/java.util.stream.ForEachOps$ForEachOp$OfRef.accept(ForEachOps.java:183)
	at java.base/java.util.stream.ReferencePipeline$2$1.accept(ReferencePipeline.java:177)
	at java.base/java.util.stream.ReferencePipeline$11$1.accept(ReferencePipeline.java:442)
	at java.base/java.util.HashMap$KeySpliterator.forEachRemaining(HashMap.java:1621)
	at java.base/java.util.stream.AbstractPipeline.copyInto(AbstractPipeline.java:484)
	at java.base/java.util.stream.AbstractPipeline.wrapAndCopyInto(AbstractPipeline.java:474)
	at java.base/java.util.stream.ForEachOps$ForEachOp.evaluateSequential(ForEachOps.java:150)
	at java.base/java.util.stream.ForEachOps$ForEachOp$OfRef.evaluateSequential(ForEachOps.java:173)
	at java.base/java.util.stream.AbstractPipeline.evaluate(AbstractPipeline.java:234)
	at java.base/java.util.stream.ReferencePipeline.forEach(ReferencePipeline.java:497)
	at org.openqa.selenium.devtools.Connection.handle(Connection.java:287)
	at org.openqa.selenium.devtools.Connection.access$200(Connection.java:57)
	at org.openqa.selenium.devtools.Connection$Listener.lambda$onText$0(Connection.java:224)
	at java.base/java.util.concurrent.ThreadPoolExecutor.runWorker(ThreadPoolExecutor.java:1128)
	at java.base/java.util.concurrent.ThreadPoolExecutor$Worker.run(ThreadPoolExecutor.java:628)
	at java.base/java.lang.Thread.run(Thread.java:829)
Caused by: org.openqa.selenium.WebDriverException: {"id":1831,"error":{"code":-32602,"message":"Invalid InterceptionId."},"sessionId":"69DE6D1A85B5D627489871F60443E14A"}
Build info: version: '4.11.0', revision: '040bc5406b'
System info: os.name: 'Windows 10', os.arch: 'amd64', os.version: '10.0', java.version: '11.0.18'
Driver info: driver.version: unknown
	at org.openqa.selenium.devtools.Connection.handle(Connection.java:260)
	... 5 more

Exception in thread "CDP Connection" org.openqa.selenium.devtools.DevToolsException: {"id":1831,"error":{"code":-32602,"message":"Invalid InterceptionId."},"sessionId":"69DE6D1A85B5D627489871F60443E14A"}
Build info: version: '4.11.0', revision: '040bc5406b'
System info: os.name: 'Windows 10', os.arch: 'amd64', os.version: '10.0', java.version: '11.0.18'
Driver info: driver.version: unknown
	at org.openqa.selenium.devtools.Connection$Listener.lambda$onText$0(Connection.java:227)
	at java.base/java.util.concurrent.ThreadPoolExecutor.runWorker(ThreadPoolExecutor.java:1128)
	at java.base/java.util.concurrent.ThreadPoolExecutor$Worker.run(ThreadPoolExecutor.java:628)
	at java.base/java.lang.Thread.run(Thread.java:829)
Caused by: org.openqa.selenium.devtools.DevToolsException: {"id":1831,"error":{"code":-32602,"message":"Invalid InterceptionId."},"sessionId":"69DE6D1A85B5D627489871F60443E14A"}
Build info: version: '4.11.0', revision: '040bc5406b'
System info: os.name: 'Windows 10', os.arch: 'amd64', os.version: '10.0', java.version: '11.0.18'
Driver info: driver.version: unknown
	at org.openqa.selenium.devtools.Connection.sendAndWait(Connection.java:181)
	at org.openqa.selenium.devtools.DevTools.send(DevTools.java:81)
	at org.openqa.selenium.devtools.idealized.Network.lambda$prepareToInterceptTraffic$3(Network.java:211)
	at org.openqa.selenium.remote.http.Filter.lambda$andFinally$1(Filter.java:55)
	at org.openqa.selenium.devtools.idealized.Network.lambda$prepareToInterceptTraffic$4(Network.java:226)
	at org.openqa.selenium.devtools.Connection.lambda$handle$4(Connection.java:321)
	at java.base/java.util.stream.ForEachOps$ForEachOp$OfRef.accept(ForEachOps.java:183)
	at java.base/java.util.stream.ReferencePipeline$2$1.accept(ReferencePipeline.java:177)
	at java.base/java.util.stream.ReferencePipeline$11$1.accept(ReferencePipeline.java:442)
	at java.base/java.util.HashMap$KeySpliterator.forEachRemaining(HashMap.java:1621)
	at java.base/java.util.stream.AbstractPipeline.copyInto(AbstractPipeline.java:484)
	at java.base/java.util.stream.AbstractPipeline.wrapAndCopyInto(AbstractPipeline.java:474)
	at java.base/java.util.stream.ForEachOps$ForEachOp.evaluateSequential(ForEachOps.java:150)
	at java.base/java.util.stream.ForEachOps$ForEachOp$OfRef.evaluateSequential(ForEachOps.java:173)
	at java.base/java.util.stream.AbstractPipeline.evaluate(AbstractPipeline.java:234)
	at java.base/java.util.stream.ReferencePipeline.forEach(ReferencePipeline.java:497)
	at org.openqa.selenium.devtools.Connection.handle(Connection.java:287)
	at org.openqa.selenium.devtools.Connection.access$200(Connection.java:57)
	at org.openqa.selenium.devtools.Connection$Listener.lambda$onText$0(Connection.java:224)
	... 3 more
Caused by: org.openqa.selenium.WebDriverException: {"id":1831,"error":{"code":-32602,"message":"Invalid InterceptionId."},"sessionId":"69DE6D1A85B5D627489871F60443E14A"}
Build info: version: '4.11.0', revision: '040bc5406b'
System info: os.name: 'Windows 10', os.arch: 'amd64', os.version: '10.0', java.version: '11.0.18'
Driver info: driver.version: unknown
	at org.openqa.selenium.devtools.Connection.handle(Connection.java:260)
	... 5 more
авг. 16, 2023 4:22:25 PM org.openqa.selenium.devtools.Connection$Listener lambda$onText$0
WARNING: Unable to process: {"method":"Fetch.requestPaused","params":{"requestId":"interception-job-300.0","request":{"url":"http://localhost:8080/manifest.json","method":"GET","headers":{"Accept":"*/*","Referer":"http://localhost:8080/","User-Agent":"Mozilla/5.0 (Windows NT 10.0; Win64; x64) AppleWebKit/537.36 (KHTML, like Gecko) Chrome/116.0.0.0 Safari/537.36","sec-ch-ua":"\"Chromium\";v=\"116\", \"Not)A;Brand\";v=\"24\", \"Google Chrome\";v=\"116\"","sec-ch-ua-mobile":"?0","sec-ch-ua-platform":"\"Windows\""},"initialPriority":"Medium","referrerPolicy":"unsafe-url"},"frameId":"D165F02B89151667DFD1BF49856829E7","resourceType":"Other","responseStatusCode":200,"responseStatusText":"","responseHeaders":[{"name":"Vary","value":"Origin"},{"name":"Vary","value":"Access-Control-Request-Method"},{"name":"Vary","value":"Access-Control-Request-Headers"},{"name":"Last-Modified","value":"Thu, 03 Aug 2023 10:18:16 GMT"},{"name":"Accept-Ranges","value":"bytes"},{"name":"Content-Type","value":"application/json"},{"name":"Content-Length","value":"492"},{"name":"Date","value":"Wed, 16 Aug 2023 13:20:22 GMT"}]},"sessionId":"69DE6D1A85B5D627489871F60443E14A"}
org.openqa.selenium.devtools.DevToolsException: {"id":1841,"error":{"code":-32602,"message":"Invalid InterceptionId."},"sessionId":"69DE6D1A85B5D627489871F60443E14A"}
Build info: version: '4.11.0', revision: '040bc5406b'
System info: os.name: 'Windows 10', os.arch: 'amd64', os.version: '10.0', java.version: '11.0.18'
Driver info: driver.version: unknown
	at org.openqa.selenium.devtools.Connection.sendAndWait(Connection.java:181)
	at org.openqa.selenium.devtools.DevTools.send(DevTools.java:81)
	at org.openqa.selenium.devtools.idealized.Network.lambda$prepareToInterceptTraffic$4(Network.java:194)
	at org.openqa.selenium.devtools.Connection.lambda$handle$4(Connection.java:321)
	at java.base/java.util.stream.ForEachOps$ForEachOp$OfRef.accept(ForEachOps.java:183)
	at java.base/java.util.stream.ReferencePipeline$2$1.accept(ReferencePipeline.java:177)
	at java.base/java.util.stream.ReferencePipeline$11$1.accept(ReferencePipeline.java:442)
	at java.base/java.util.HashMap$KeySpliterator.forEachRemaining(HashMap.java:1621)
	at java.base/java.util.stream.AbstractPipeline.copyInto(AbstractPipeline.java:484)
	at java.base/java.util.stream.AbstractPipeline.wrapAndCopyInto(AbstractPipeline.java:474)
	at java.base/java.util.stream.ForEachOps$ForEachOp.evaluateSequential(ForEachOps.java:150)
	at java.base/java.util.stream.ForEachOps$ForEachOp$OfRef.evaluateSequential(ForEachOps.java:173)
	at java.base/java.util.stream.AbstractPipeline.evaluate(AbstractPipeline.java:234)
	at java.base/java.util.stream.ReferencePipeline.forEach(ReferencePipeline.java:497)
	at org.openqa.selenium.devtools.Connection.handle(Connection.java:287)
	at org.openqa.selenium.devtools.Connection.access$200(Connection.java:57)
	at org.openqa.selenium.devtools.Connection$Listener.lambda$onText$0(Connection.java:224)
	at java.base/java.util.concurrent.ThreadPoolExecutor.runWorker(ThreadPoolExecutor.java:1128)
	at java.base/java.util.concurrent.ThreadPoolExecutor$Worker.run(ThreadPoolExecutor.java:628)
	at java.base/java.lang.Thread.run(Thread.java:829)
Caused by: org.openqa.selenium.WebDriverException: {"id":1841,"error":{"code":-32602,"message":"Invalid InterceptionId."},"sessionId":"69DE6D1A85B5D627489871F60443E14A"}
Build info: version: '4.11.0', revision: '040bc5406b'
System info: os.name: 'Windows 10', os.arch: 'amd64', os.version: '10.0', java.version: '11.0.18'
Driver info: driver.version: unknown
	at org.openqa.selenium.devtools.Connection.handle(Connection.java:260)
	... 5 more

Exception in thread "CDP Connection" org.openqa.selenium.devtools.DevToolsException: {"id":1841,"error":{"code":-32602,"message":"Invalid InterceptionId."},"sessionId":"69DE6D1A85B5D627489871F60443E14A"}
Build info: version: '4.11.0', revision: '040bc5406b'
System info: os.name: 'Windows 10', os.arch: 'amd64', os.version: '10.0', java.version: '11.0.18'
Driver info: driver.version: unknown
	at org.openqa.selenium.devtools.Connection$Listener.lambda$onText$0(Connection.java:227)
	at java.base/java.util.concurrent.ThreadPoolExecutor.runWorker(ThreadPoolExecutor.java:1128)
	at java.base/java.util.concurrent.ThreadPoolExecutor$Worker.run(ThreadPoolExecutor.java:628)
	at java.base/java.lang.Thread.run(Thread.java:829)
Caused by: org.openqa.selenium.devtools.DevToolsException: {"id":1841,"error":{"code":-32602,"message":"Invalid InterceptionId."},"sessionId":"69DE6D1A85B5D627489871F60443E14A"}
Build info: version: '4.11.0', revision: '040bc5406b'
System info: os.name: 'Windows 10', os.arch: 'amd64', os.version: '10.0', java.version: '11.0.18'
Driver info: driver.version: unknown
	at org.openqa.selenium.devtools.Connection.sendAndWait(Connection.java:181)
	at org.openqa.selenium.devtools.DevTools.send(DevTools.java:81)
	at org.openqa.selenium.devtools.idealized.Network.lambda$prepareToInterceptTraffic$4(Network.java:194)
	at org.openqa.selenium.devtools.Connection.lambda$handle$4(Connection.java:321)
	at java.base/java.util.stream.ForEachOps$ForEachOp$OfRef.accept(ForEachOps.java:183)
	at java.base/java.util.stream.ReferencePipeline$2$1.accept(ReferencePipeline.java:177)
	at java.base/java.util.stream.ReferencePipeline$11$1.accept(ReferencePipeline.java:442)
	at java.base/java.util.HashMap$KeySpliterator.forEachRemaining(HashMap.java:1621)
	at java.base/java.util.stream.AbstractPipeline.copyInto(AbstractPipeline.java:484)
	at java.base/java.util.stream.AbstractPipeline.wrapAndCopyInto(AbstractPipeline.java:474)
	at java.base/java.util.stream.ForEachOps$ForEachOp.evaluateSequential(ForEachOps.java:150)
	at java.base/java.util.stream.ForEachOps$ForEachOp$OfRef.evaluateSequential(ForEachOps.java:173)
	at java.base/java.util.stream.AbstractPipeline.evaluate(AbstractPipeline.java:234)
	at java.base/java.util.stream.ReferencePipeline.forEach(ReferencePipeline.java:497)
	at org.openqa.selenium.devtools.Connection.handle(Connection.java:287)
	at org.openqa.selenium.devtools.Connection.access$200(Connection.java:57)
	at org.openqa.selenium.devtools.Connection$Listener.lambda$onText$0(Connection.java:224)
	... 3 more
Caused by: org.openqa.selenium.WebDriverException: {"id":1841,"error":{"code":-32602,"message":"Invalid InterceptionId."},"sessionId":"69DE6D1A85B5D627489871F60443E14A"}
Build info: version: '4.11.0', revision: '040bc5406b'
System info: os.name: 'Windows 10', os.arch: 'amd64', os.version: '10.0', java.version: '11.0.18'
Driver info: driver.version: unknown
	at org.openqa.selenium.devtools.Connection.handle(Connection.java:260)
	... 5 more
авг. 16, 2023 4:22:25 PM org.openqa.selenium.devtools.Connection$Listener lambda$onText$0
WARNING: Unable to process: {"method":"Fetch.requestPaused","params":{"requestId":"interception-job-299.0","request":{"url":"http://localhost:8080/favicon.ico","method":"GET","headers":{"Accept":"image/avif,image/webp,image/apng,image/svg+xml,image/*,*/*;q=0.8","Referer":"http://localhost:8080/","User-Agent":"Mozilla/5.0 (Windows NT 10.0; Win64; x64) AppleWebKit/537.36 (KHTML, like Gecko) Chrome/116.0.0.0 Safari/537.36","sec-ch-ua":"\"Chromium\";v=\"116\", \"Not)A;Brand\";v=\"24\", \"Google Chrome\";v=\"116\"","sec-ch-ua-mobile":"?0","sec-ch-ua-platform":"\"Windows\""},"initialPriority":"High","referrerPolicy":"unsafe-url"},"frameId":"D165F02B89151667DFD1BF49856829E7","resourceType":"Other","responseStatusCode":200,"responseStatusText":"","responseHeaders":[{"name":"Vary","value":"Origin"},{"name":"Vary","value":"Access-Control-Request-Method"},{"name":"Vary","value":"Access-Control-Request-Headers"},{"name":"Last-Modified","value":"Thu, 03 Aug 2023 10:18:16 GMT"},{"name":"Accept-Ranges","value":"bytes"},{"name":"Content-Type","value":"image/x-icon"},{"name":"Content-Length","value":"4286"},{"name":"Date","value":"Wed, 16 Aug 2023 13:20:23 GMT"}]},"sessionId":"69DE6D1A85B5D627489871F60443E14A"}
org.openqa.selenium.devtools.DevToolsException: {"id":1840,"error":{"code":-32602,"message":"Invalid InterceptionId."},"sessionId":"69DE6D1A85B5D627489871F60443E14A"}
Build info: version: '4.11.0', revision: '040bc5406b'
System info: os.name: 'Windows 10', os.arch: 'amd64', os.version: '10.0', java.version: '11.0.18'
Driver info: driver.version: unknown
	at org.openqa.selenium.devtools.Connection.sendAndWait(Connection.java:181)
	at org.openqa.selenium.devtools.DevTools.send(DevTools.java:81)
	at org.openqa.selenium.devtools.idealized.Network.lambda$prepareToInterceptTraffic$4(Network.java:194)
	at org.openqa.selenium.devtools.Connection.lambda$handle$4(Connection.java:321)
	at java.base/java.util.stream.ForEachOps$ForEachOp$OfRef.accept(ForEachOps.java:183)
	at java.base/java.util.stream.ReferencePipeline$2$1.accept(ReferencePipeline.java:177)
	at java.base/java.util.stream.ReferencePipeline$11$1.accept(ReferencePipeline.java:442)
	at java.base/java.util.HashMap$KeySpliterator.forEachRemaining(HashMap.java:1621)
	at java.base/java.util.stream.AbstractPipeline.copyInto(AbstractPipeline.java:484)
	at java.base/java.util.stream.AbstractPipeline.wrapAndCopyInto(AbstractPipeline.java:474)
	at java.base/java.util.stream.ForEachOps$ForEachOp.evaluateSequential(ForEachOps.java:150)
	at java.base/java.util.stream.ForEachOps$ForEachOp$OfRef.evaluateSequential(ForEachOps.java:173)
	at java.base/java.util.stream.AbstractPipeline.evaluate(AbstractPipeline.java:234)
	at java.base/java.util.stream.ReferencePipeline.forEach(ReferencePipeline.java:497)
	at org.openqa.selenium.devtools.Connection.handle(Connection.java:287)
	at org.openqa.selenium.devtools.Connection.access$200(Connection.java:57)
	at org.openqa.selenium.devtools.Connection$Listener.lambda$onText$0(Connection.java:224)
	at java.base/java.util.concurrent.ThreadPoolExecutor.runWorker(ThreadPoolExecutor.java:1128)
	at java.base/java.util.concurrent.ThreadPoolExecutor$Worker.run(ThreadPoolExecutor.java:628)
	at java.base/java.lang.Thread.run(Thread.java:829)
Caused by: org.openqa.selenium.WebDriverException: {"id":1840,"error":{"code":-32602,"message":"Invalid InterceptionId."},"sessionId":"69DE6D1A85B5D627489871F60443E14A"}
Build info: version: '4.11.0', revision: '040bc5406b'
System info: os.name: 'Windows 10', os.arch: 'amd64', os.version: '10.0', java.version: '11.0.18'
Driver info: driver.version: unknown
	at org.openqa.selenium.devtools.Connection.handle(Connection.java:260)
	... 5 more

Exception in thread "CDP Connection" org.openqa.selenium.devtools.DevToolsException: {"id":1840,"error":{"code":-32602,"message":"Invalid InterceptionId."},"sessionId":"69DE6D1A85B5D627489871F60443E14A"}
Build info: version: '4.11.0', revision: '040bc5406b'
System info: os.name: 'Windows 10', os.arch: 'amd64', os.version: '10.0', java.version: '11.0.18'
Driver info: driver.version: unknown
	at org.openqa.selenium.devtools.Connection$Listener.lambda$onText$0(Connection.java:227)
	at java.base/java.util.concurrent.ThreadPoolExecutor.runWorker(ThreadPoolExecutor.java:1128)
	at java.base/java.util.concurrent.ThreadPoolExecutor$Worker.run(ThreadPoolExecutor.java:628)
	at java.base/java.lang.Thread.run(Thread.java:829)
Caused by: org.openqa.selenium.devtools.DevToolsException: {"id":1840,"error":{"code":-32602,"message":"Invalid InterceptionId."},"sessionId":"69DE6D1A85B5D627489871F60443E14A"}
Build info: version: '4.11.0', revision: '040bc5406b'
System info: os.name: 'Windows 10', os.arch: 'amd64', os.version: '10.0', java.version: '11.0.18'
Driver info: driver.version: unknown
	at org.openqa.selenium.devtools.Connection.sendAndWait(Connection.java:181)
	at org.openqa.selenium.devtools.DevTools.send(DevTools.java:81)
	at org.openqa.selenium.devtools.idealized.Network.lambda$prepareToInterceptTraffic$4(Network.java:194)
	at org.openqa.selenium.devtools.Connection.lambda$handle$4(Connection.java:321)
	at java.base/java.util.stream.ForEachOps$ForEachOp$OfRef.accept(ForEachOps.java:183)
	at java.base/java.util.stream.ReferencePipeline$2$1.accept(ReferencePipeline.java:177)
	at java.base/java.util.stream.ReferencePipeline$11$1.accept(ReferencePipeline.java:442)
	at java.base/java.util.HashMap$KeySpliterator.forEachRemaining(HashMap.java:1621)
	at java.base/java.util.stream.AbstractPipeline.copyInto(AbstractPipeline.java:484)
	at java.base/java.util.stream.AbstractPipeline.wrapAndCopyInto(AbstractPipeline.java:474)
	at java.base/java.util.stream.ForEachOps$ForEachOp.evaluateSequential(ForEachOps.java:150)
	at java.base/java.util.stream.ForEachOps$ForEachOp$OfRef.evaluateSequential(ForEachOps.java:173)
	at java.base/java.util.stream.AbstractPipeline.evaluate(AbstractPipeline.java:234)
	at java.base/java.util.stream.ReferencePipeline.forEach(ReferencePipeline.java:497)
	at org.openqa.selenium.devtools.Connection.handle(Connection.java:287)
	at org.openqa.selenium.devtools.Connection.access$200(Connection.java:57)
	at org.openqa.selenium.devtools.Connection$Listener.lambda$onText$0(Connection.java:224)
	... 3 more
Caused by: org.openqa.selenium.WebDriverException: {"id":1840,"error":{"code":-32602,"message":"Invalid InterceptionId."},"sessionId":"69DE6D1A85B5D627489871F60443E14A"}
Build info: version: '4.11.0', revision: '040bc5406b'
System info: os.name: 'Windows 10', os.arch: 'amd64', os.version: '10.0', java.version: '11.0.18'
Driver info: driver.version: unknown
	at org.openqa.selenium.devtools.Connection.handle(Connection.java:260)
	... 5 more
авг. 16, 2023 4:22:25 PM org.openqa.selenium.devtools.Connection$Listener lambda$onText$0
WARNING: Unable to process: {"method":"Fetch.requestPaused","params":{"requestId":"interception-job-300.0","request":{"url":"http://localhost:8080/manifest.json","method":"GET","headers":{"Accept":"*/*","Referer":"http://localhost:8080/","User-Agent":"Mozilla/5.0 (Windows NT 10.0; Win64; x64) AppleWebKit/537.36 (KHTML, like Gecko) Chrome/116.0.0.0 Safari/537.36","sec-ch-ua":"\"Chromium\";v=\"116\", \"Not)A;Brand\";v=\"24\", \"Google Chrome\";v=\"116\"","sec-ch-ua-mobile":"?0","sec-ch-ua-platform":"\"Windows\""},"initialPriority":"Medium","referrerPolicy":"strict-origin-when-cross-origin"},"frameId":"D165F02B89151667DFD1BF49856829E7","resourceType":"Other"},"sessionId":"69DE6D1A85B5D627489871F60443E14A"}
org.openqa.selenium.devtools.DevToolsException: {"id":1842,"error":{"code":-32602,"message":"Invalid InterceptionId."},"sessionId":"69DE6D1A85B5D627489871F60443E14A"}
Build info: version: '4.11.0', revision: '040bc5406b'
System info: os.name: 'Windows 10', os.arch: 'amd64', os.version: '10.0', java.version: '11.0.18'
Driver info: driver.version: unknown
	at org.openqa.selenium.devtools.Connection.sendAndWait(Connection.java:181)
	at org.openqa.selenium.devtools.DevTools.send(DevTools.java:81)
	at org.openqa.selenium.devtools.idealized.Network.lambda$prepareToInterceptTraffic$3(Network.java:211)
	at org.openqa.selenium.remote.http.Filter.lambda$andFinally$1(Filter.java:55)
	at org.openqa.selenium.devtools.idealized.Network.lambda$prepareToInterceptTraffic$4(Network.java:226)
	at org.openqa.selenium.devtools.Connection.lambda$handle$4(Connection.java:321)
	at java.base/java.util.stream.ForEachOps$ForEachOp$OfRef.accept(ForEachOps.java:183)
	at java.base/java.util.stream.ReferencePipeline$2$1.accept(ReferencePipeline.java:177)
	at java.base/java.util.stream.ReferencePipeline$11$1.accept(ReferencePipeline.java:442)
	at java.base/java.util.HashMap$KeySpliterator.forEachRemaining(HashMap.java:1621)
	at java.base/java.util.stream.AbstractPipeline.copyInto(AbstractPipeline.java:484)
	at java.base/java.util.stream.AbstractPipeline.wrapAndCopyInto(AbstractPipeline.java:474)
	at java.base/java.util.stream.ForEachOps$ForEachOp.evaluateSequential(ForEachOps.java:150)
	at java.base/java.util.stream.ForEachOps$ForEachOp$OfRef.evaluateSequential(ForEachOps.java:173)
	at java.base/java.util.stream.AbstractPipeline.evaluate(AbstractPipeline.java:234)
	at java.base/java.util.stream.ReferencePipeline.forEach(ReferencePipeline.java:497)
	at org.openqa.selenium.devtools.Connection.handle(Connection.java:287)
	at org.openqa.selenium.devtools.Connection.access$200(Connection.java:57)
	at org.openqa.selenium.devtools.Connection$Listener.lambda$onText$0(Connection.java:224)
	at java.base/java.util.concurrent.ThreadPoolExecutor.runWorker(ThreadPoolExecutor.java:1128)
	at java.base/java.util.concurrent.ThreadPoolExecutor$Worker.run(ThreadPoolExecutor.java:628)
	at java.base/java.lang.Thread.run(Thread.java:829)
Caused by: org.openqa.selenium.WebDriverException: {"id":1842,"error":{"code":-32602,"message":"Invalid InterceptionId."},"sessionId":"69DE6D1A85B5D627489871F60443E14A"}
Build info: version: '4.11.0', revision: '040bc5406b'
System info: os.name: 'Windows 10', os.arch: 'amd64', os.version: '10.0', java.version: '11.0.18'
Driver info: driver.version: unknown
	at org.openqa.selenium.devtools.Connection.handle(Connection.java:260)
	... 5 more

Exception in thread "CDP Connection" org.openqa.selenium.devtools.DevToolsException: {"id":1842,"error":{"code":-32602,"message":"Invalid InterceptionId."},"sessionId":"69DE6D1A85B5D627489871F60443E14A"}
Build info: version: '4.11.0', revision: '040bc5406b'
System info: os.name: 'Windows 10', os.arch: 'amd64', os.version: '10.0', java.version: '11.0.18'
Driver info: driver.version: unknown
	at org.openqa.selenium.devtools.Connection$Listener.lambda$onText$0(Connection.java:227)
	at java.base/java.util.concurrent.ThreadPoolExecutor.runWorker(ThreadPoolExecutor.java:1128)
	at java.base/java.util.concurrent.ThreadPoolExecutor$Worker.run(ThreadPoolExecutor.java:628)
	at java.base/java.lang.Thread.run(Thread.java:829)
Caused by: org.openqa.selenium.devtools.DevToolsException: {"id":1842,"error":{"code":-32602,"message":"Invalid InterceptionId."},"sessionId":"69DE6D1A85B5D627489871F60443E14A"}
Build info: version: '4.11.0', revision: '040bc5406b'
System info: os.name: 'Windows 10', os.arch: 'amd64', os.version: '10.0', java.version: '11.0.18'
Driver info: driver.version: unknown
	at org.openqa.selenium.devtools.Connection.sendAndWait(Connection.java:181)
	at org.openqa.selenium.devtools.DevTools.send(DevTools.java:81)
	at org.openqa.selenium.devtools.idealized.Network.lambda$prepareToInterceptTraffic$3(Network.java:211)
	at org.openqa.selenium.remote.http.Filter.lambda$andFinally$1(Filter.java:55)
	at org.openqa.selenium.devtools.idealized.Network.lambda$prepareToInterceptTraffic$4(Network.java:226)
	at org.openqa.selenium.devtools.Connection.lambda$handle$4(Connection.java:321)
	at java.base/java.util.stream.ForEachOps$ForEachOp$OfRef.accept(ForEachOps.java:183)
	at java.base/java.util.stream.ReferencePipeline$2$1.accept(ReferencePipeline.java:177)
	at java.base/java.util.stream.ReferencePipeline$11$1.accept(ReferencePipeline.java:442)
	at java.base/java.util.HashMap$KeySpliterator.forEachRemaining(HashMap.java:1621)
	at java.base/java.util.stream.AbstractPipeline.copyInto(AbstractPipeline.java:484)
	at java.base/java.util.stream.AbstractPipeline.wrapAndCopyInto(AbstractPipeline.java:474)
	at java.base/java.util.stream.ForEachOps$ForEachOp.evaluateSequential(ForEachOps.java:150)
	at java.base/java.util.stream.ForEachOps$ForEachOp$OfRef.evaluateSequential(ForEachOps.java:173)
	at java.base/java.util.stream.AbstractPipeline.evaluate(AbstractPipeline.java:234)
	at java.base/java.util.stream.ReferencePipeline.forEach(ReferencePipeline.java:497)
	at org.openqa.selenium.devtools.Connection.handle(Connection.java:287)
	at org.openqa.selenium.devtools.Connection.access$200(Connection.java:57)
	at org.openqa.selenium.devtools.Connection$Listener.lambda$onText$0(Connection.java:224)
	... 3 more
Caused by: org.openqa.selenium.WebDriverException: {"id":1842,"error":{"code":-32602,"message":"Invalid InterceptionId."},"sessionId":"69DE6D1A85B5D627489871F60443E14A"}
Build info: version: '4.11.0', revision: '040bc5406b'
System info: os.name: 'Windows 10', os.arch: 'amd64', os.version: '10.0', java.version: '11.0.18'
Driver info: driver.version: unknown
	at org.openqa.selenium.devtools.Connection.handle(Connection.java:260)
	... 5 more
авг. 16, 2023 4:22:25 PM org.openqa.selenium.devtools.Connection$Listener lambda$onText$0
WARNING: Unable to process: {"method":"Fetch.requestPaused","params":{"requestId":"interception-job-299.0","request":{"url":"http://localhost:8080/favicon.ico","method":"GET","headers":{"Accept":"image/avif,image/webp,image/apng,image/svg+xml,image/*,*/*;q=0.8","Referer":"http://localhost:8080/","User-Agent":"Mozilla/5.0 (Windows NT 10.0; Win64; x64) AppleWebKit/537.36 (KHTML, like Gecko) Chrome/116.0.0.0 Safari/537.36","sec-ch-ua":"\"Chromium\";v=\"116\", \"Not)A;Brand\";v=\"24\", \"Google Chrome\";v=\"116\"","sec-ch-ua-mobile":"?0","sec-ch-ua-platform":"\"Windows\""},"initialPriority":"High","referrerPolicy":"strict-origin-when-cross-origin"},"frameId":"D165F02B89151667DFD1BF49856829E7","resourceType":"Other"},"sessionId":"69DE6D1A85B5D627489871F60443E14A"}
org.openqa.selenium.devtools.DevToolsException: {"id":1843,"error":{"code":-32602,"message":"Invalid InterceptionId."},"sessionId":"69DE6D1A85B5D627489871F60443E14A"}
Build info: version: '4.11.0', revision: '040bc5406b'
System info: os.name: 'Windows 10', os.arch: 'amd64', os.version: '10.0', java.version: '11.0.18'
Driver info: driver.version: unknown
	at org.openqa.selenium.devtools.Connection.sendAndWait(Connection.java:181)
	at org.openqa.selenium.devtools.DevTools.send(DevTools.java:81)
	at org.openqa.selenium.devtools.idealized.Network.lambda$prepareToInterceptTraffic$3(Network.java:211)
	at org.openqa.selenium.remote.http.Filter.lambda$andFinally$1(Filter.java:55)
	at org.openqa.selenium.devtools.idealized.Network.lambda$prepareToInterceptTraffic$4(Network.java:226)
	at org.openqa.selenium.devtools.Connection.lambda$handle$4(Connection.java:321)
	at java.base/java.util.stream.ForEachOps$ForEachOp$OfRef.accept(ForEachOps.java:183)
	at java.base/java.util.stream.ReferencePipeline$2$1.accept(ReferencePipeline.java:177)
	at java.base/java.util.stream.ReferencePipeline$11$1.accept(ReferencePipeline.java:442)
	at java.base/java.util.HashMap$KeySpliterator.forEachRemaining(HashMap.java:1621)
	at java.base/java.util.stream.AbstractPipeline.copyInto(AbstractPipeline.java:484)
	at java.base/java.util.stream.AbstractPipeline.wrapAndCopyInto(AbstractPipeline.java:474)
	at java.base/java.util.stream.ForEachOps$ForEachOp.evaluateSequential(ForEachOps.java:150)
	at java.base/java.util.stream.ForEachOps$ForEachOp$OfRef.evaluateSequential(ForEachOps.java:173)
	at java.base/java.util.stream.AbstractPipeline.evaluate(AbstractPipeline.java:234)
	at java.base/java.util.stream.ReferencePipeline.forEach(ReferencePipeline.java:497)
	at org.openqa.selenium.devtools.Connection.handle(Connection.java:287)
	at org.openqa.selenium.devtools.Connection.access$200(Connection.java:57)
	at org.openqa.selenium.devtools.Connection$Listener.lambda$onText$0(Connection.java:224)
	at java.base/java.util.concurrent.ThreadPoolExecutor.runWorker(ThreadPoolExecutor.java:1128)
	at java.base/java.util.concurrent.ThreadPoolExecutor$Worker.run(ThreadPoolExecutor.java:628)
	at java.base/java.lang.Thread.run(Thread.java:829)
Caused by: org.openqa.selenium.WebDriverException: {"id":1843,"error":{"code":-32602,"message":"Invalid InterceptionId."},"sessionId":"69DE6D1A85B5D627489871F60443E14A"}
Build info: version: '4.11.0', revision: '040bc5406b'
System info: os.name: 'Windows 10', os.arch: 'amd64', os.version: '10.0', java.version: '11.0.18'
Driver info: driver.version: unknown
	at org.openqa.selenium.devtools.Connection.handle(Connection.java:260)
	... 5 more

Exception in thread "CDP Connection" org.openqa.selenium.devtools.DevToolsException: {"id":1843,"error":{"code":-32602,"message":"Invalid InterceptionId."},"sessionId":"69DE6D1A85B5D627489871F60443E14A"}
Build info: version: '4.11.0', revision: '040bc5406b'
System info: os.name: 'Windows 10', os.arch: 'amd64', os.version: '10.0', java.version: '11.0.18'
Driver info: driver.version: unknown
	at org.openqa.selenium.devtools.Connection$Listener.lambda$onText$0(Connection.java:227)
	at java.base/java.util.concurrent.ThreadPoolExecutor.runWorker(ThreadPoolExecutor.java:1128)
	at java.base/java.util.concurrent.ThreadPoolExecutor$Worker.run(ThreadPoolExecutor.java:628)
	at java.base/java.lang.Thread.run(Thread.java:829)
Caused by: org.openqa.selenium.devtools.DevToolsException: {"id":1843,"error":{"code":-32602,"message":"Invalid InterceptionId."},"sessionId":"69DE6D1A85B5D627489871F60443E14A"}
Build info: version: '4.11.0', revision: '040bc5406b'
System info: os.name: 'Windows 10', os.arch: 'amd64', os.version: '10.0', java.version: '11.0.18'
Driver info: driver.version: unknown
	at org.openqa.selenium.devtools.Connection.sendAndWait(Connection.java:181)
	at org.openqa.selenium.devtools.DevTools.send(DevTools.java:81)
	at org.openqa.selenium.devtools.idealized.Network.lambda$prepareToInterceptTraffic$3(Network.java:211)
	at org.openqa.selenium.remote.http.Filter.lambda$andFinally$1(Filter.java:55)
	at org.openqa.selenium.devtools.idealized.Network.lambda$prepareToInterceptTraffic$4(Network.java:226)
	at org.openqa.selenium.devtools.Connection.lambda$handle$4(Connection.java:321)
	at java.base/java.util.stream.ForEachOps$ForEachOp$OfRef.accept(ForEachOps.java:183)
	at java.base/java.util.stream.ReferencePipeline$2$1.accept(ReferencePipeline.java:177)
	at java.base/java.util.stream.ReferencePipeline$11$1.accept(ReferencePipeline.java:442)
	at java.base/java.util.HashMap$KeySpliterator.forEachRemaining(HashMap.java:1621)
	at java.base/java.util.stream.AbstractPipeline.copyInto(AbstractPipeline.java:484)
	at java.base/java.util.stream.AbstractPipeline.wrapAndCopyInto(AbstractPipeline.java:474)
	at java.base/java.util.stream.ForEachOps$ForEachOp.evaluateSequential(ForEachOps.java:150)
	at java.base/java.util.stream.ForEachOps$ForEachOp$OfRef.evaluateSequential(ForEachOps.java:173)
	at java.base/java.util.stream.AbstractPipeline.evaluate(AbstractPipeline.java:234)
	at java.base/java.util.stream.ReferencePipeline.forEach(ReferencePipeline.java:497)
	at org.openqa.selenium.devtools.Connection.handle(Connection.java:287)
	at org.openqa.selenium.devtools.Connection.access$200(Connection.java:57)
	at org.openqa.selenium.devtools.Connection$Listener.lambda$onText$0(Connection.java:224)
	... 3 more
Caused by: org.openqa.selenium.WebDriverException: {"id":1843,"error":{"code":-32602,"message":"Invalid InterceptionId."},"sessionId":"69DE6D1A85B5D627489871F60443E14A"}
Build info: version: '4.11.0', revision: '040bc5406b'
System info: os.name: 'Windows 10', os.arch: 'amd64', os.version: '10.0', java.version: '11.0.18'
Driver info: driver.version: unknown
	at org.openqa.selenium.devtools.Connection.handle(Connection.java:260)
	... 5 more
авг. 16, 2023 4:22:25 PM org.openqa.selenium.devtools.Connection$Listener lambda$onText$0
WARNING: Unable to process: {"method":"Fetch.requestPaused","params":{"requestId":"interception-job-301.0","request":{"url":"http://localhost:8080/logo192.png","method":"GET","headers":{"Accept":"image/avif,image/webp,image/apng,image/svg+xml,image/*,*/*;q=0.8","Referer":"http://localhost:8080/","User-Agent":"Mozilla/5.0 (Windows NT 10.0; Win64; x64) AppleWebKit/537.36 (KHTML, like Gecko) Chrome/116.0.0.0 Safari/537.36","sec-ch-ua":"\"Chromium\";v=\"116\", \"Not)A;Brand\";v=\"24\", \"Google Chrome\";v=\"116\"","sec-ch-ua-mobile":"?0","sec-ch-ua-platform":"\"Windows\""},"initialPriority":"High","referrerPolicy":"unsafe-url"},"frameId":"D165F02B89151667DFD1BF49856829E7","resourceType":"Image","responseStatusCode":200,"responseStatusText":"","responseHeaders":[{"name":"Vary","value":"Origin"},{"name":"Vary","value":"Access-Control-Request-Method"},{"name":"Vary","value":"Access-Control-Request-Headers"},{"name":"Last-Modified","value":"Thu, 03 Aug 2023 10:18:16 GMT"},{"name":"Accept-Ranges","value":"bytes"},{"name":"Content-Type","value":"image/png"},{"name":"Content-Length","value":"8581"},{"name":"Date","value":"Wed, 16 Aug 2023 13:20:23 GMT"}]},"sessionId":"69DE6D1A85B5D627489871F60443E14A"}
org.openqa.selenium.devtools.DevToolsException: {"id":1848,"error":{"code":-32602,"message":"Invalid InterceptionId."},"sessionId":"69DE6D1A85B5D627489871F60443E14A"}
Build info: version: '4.11.0', revision: '040bc5406b'
System info: os.name: 'Windows 10', os.arch: 'amd64', os.version: '10.0', java.version: '11.0.18'
Driver info: driver.version: unknown
	at org.openqa.selenium.devtools.Connection.sendAndWait(Connection.java:181)
	at org.openqa.selenium.devtools.DevTools.send(DevTools.java:81)
	at org.openqa.selenium.devtools.idealized.Network.lambda$prepareToInterceptTraffic$4(Network.java:194)
	at org.openqa.selenium.devtools.Connection.lambda$handle$4(Connection.java:321)
	at java.base/java.util.stream.ForEachOps$ForEachOp$OfRef.accept(ForEachOps.java:183)
	at java.base/java.util.stream.ReferencePipeline$2$1.accept(ReferencePipeline.java:177)
	at java.base/java.util.stream.ReferencePipeline$11$1.accept(ReferencePipeline.java:442)
	at java.base/java.util.HashMap$KeySpliterator.forEachRemaining(HashMap.java:1621)
	at java.base/java.util.stream.AbstractPipeline.copyInto(AbstractPipeline.java:484)
	at java.base/java.util.stream.AbstractPipeline.wrapAndCopyInto(AbstractPipeline.java:474)
	at java.base/java.util.stream.ForEachOps$ForEachOp.evaluateSequential(ForEachOps.java:150)
	at java.base/java.util.stream.ForEachOps$ForEachOp$OfRef.evaluateSequential(ForEachOps.java:173)
	at java.base/java.util.stream.AbstractPipeline.evaluate(AbstractPipeline.java:234)
	at java.base/java.util.stream.ReferencePipeline.forEach(ReferencePipeline.java:497)
	at org.openqa.selenium.devtools.Connection.handle(Connection.java:287)
	at org.openqa.selenium.devtools.Connection.access$200(Connection.java:57)
	at org.openqa.selenium.devtools.Connection$Listener.lambda$onText$0(Connection.java:224)
	at java.base/java.util.concurrent.ThreadPoolExecutor.runWorker(ThreadPoolExecutor.java:1128)
	at java.base/java.util.concurrent.ThreadPoolExecutor$Worker.run(ThreadPoolExecutor.java:628)
	at java.base/java.lang.Thread.run(Thread.java:829)
Caused by: org.openqa.selenium.WebDriverException: {"id":1848,"error":{"code":-32602,"message":"Invalid InterceptionId."},"sessionId":"69DE6D1A85B5D627489871F60443E14A"}
Build info: version: '4.11.0', revision: '040bc5406b'
System info: os.name: 'Windows 10', os.arch: 'amd64', os.version: '10.0', java.version: '11.0.18'
Driver info: driver.version: unknown
	at org.openqa.selenium.devtools.Connection.handle(Connection.java:260)
	... 5 more

Exception in thread "CDP Connection" org.openqa.selenium.devtools.DevToolsException: {"id":1848,"error":{"code":-32602,"message":"Invalid InterceptionId."},"sessionId":"69DE6D1A85B5D627489871F60443E14A"}
Build info: version: '4.11.0', revision: '040bc5406b'
System info: os.name: 'Windows 10', os.arch: 'amd64', os.version: '10.0', java.version: '11.0.18'
Driver info: driver.version: unknown
	at org.openqa.selenium.devtools.Connection$Listener.lambda$onText$0(Connection.java:227)
	at java.base/java.util.concurrent.ThreadPoolExecutor.runWorker(ThreadPoolExecutor.java:1128)
	at java.base/java.util.concurrent.ThreadPoolExecutor$Worker.run(ThreadPoolExecutor.java:628)
	at java.base/java.lang.Thread.run(Thread.java:829)
Caused by: org.openqa.selenium.devtools.DevToolsException: {"id":1848,"error":{"code":-32602,"message":"Invalid InterceptionId."},"sessionId":"69DE6D1A85B5D627489871F60443E14A"}
Build info: version: '4.11.0', revision: '040bc5406b'
System info: os.name: 'Windows 10', os.arch: 'amd64', os.version: '10.0', java.version: '11.0.18'
Driver info: driver.version: unknown
	at org.openqa.selenium.devtools.Connection.sendAndWait(Connection.java:181)
	at org.openqa.selenium.devtools.DevTools.send(DevTools.java:81)
	at org.openqa.selenium.devtools.idealized.Network.lambda$prepareToInterceptTraffic$4(Network.java:194)
	at org.openqa.selenium.devtools.Connection.lambda$handle$4(Connection.java:321)
	at java.base/java.util.stream.ForEachOps$ForEachOp$OfRef.accept(ForEachOps.java:183)
	at java.base/java.util.stream.ReferencePipeline$2$1.accept(ReferencePipeline.java:177)
	at java.base/java.util.stream.ReferencePipeline$11$1.accept(ReferencePipeline.java:442)
	at java.base/java.util.HashMap$KeySpliterator.forEachRemaining(HashMap.java:1621)
	at java.base/java.util.stream.AbstractPipeline.copyInto(AbstractPipeline.java:484)
	at java.base/java.util.stream.AbstractPipeline.wrapAndCopyInto(AbstractPipeline.java:474)
	at java.base/java.util.stream.ForEachOps$ForEachOp.evaluateSequential(ForEachOps.java:150)
	at java.base/java.util.stream.ForEachOps$ForEachOp$OfRef.evaluateSequential(ForEachOps.java:173)
	at java.base/java.util.stream.AbstractPipeline.evaluate(AbstractPipeline.java:234)
	at java.base/java.util.stream.ReferencePipeline.forEach(ReferencePipeline.java:497)
	at org.openqa.selenium.devtools.Connection.handle(Connection.java:287)
	at org.openqa.selenium.devtools.Connection.access$200(Connection.java:57)
	at org.openqa.selenium.devtools.Connection$Listener.lambda$onText$0(Connection.java:224)
	... 3 more
Caused by: org.openqa.selenium.WebDriverException: {"id":1848,"error":{"code":-32602,"message":"Invalid InterceptionId."},"sessionId":"69DE6D1A85B5D627489871F60443E14A"}
Build info: version: '4.11.0', revision: '040bc5406b'
System info: os.name: 'Windows 10', os.arch: 'amd64', os.version: '10.0', java.version: '11.0.18'
Driver info: driver.version: unknown
	at org.openqa.selenium.devtools.Connection.handle(Connection.java:260)
	... 5 more
авг. 16, 2023 4:22:25 PM org.openqa.selenium.devtools.Connection$Listener lambda$onText$0
WARNING: Unable to process: {"method":"Fetch.requestPaused","params":{"requestId":"interception-job-301.0","request":{"url":"http://localhost:8080/logo192.png","method":"GET","headers":{"Accept":"image/avif,image/webp,image/apng,image/svg+xml,image/*,*/*;q=0.8","Referer":"http://localhost:8080/","User-Agent":"Mozilla/5.0 (Windows NT 10.0; Win64; x64) AppleWebKit/537.36 (KHTML, like Gecko) Chrome/116.0.0.0 Safari/537.36","sec-ch-ua":"\"Chromium\";v=\"116\", \"Not)A;Brand\";v=\"24\", \"Google Chrome\";v=\"116\"","sec-ch-ua-mobile":"?0","sec-ch-ua-platform":"\"Windows\""},"initialPriority":"High","referrerPolicy":"strict-origin-when-cross-origin"},"frameId":"D165F02B89151667DFD1BF49856829E7","resourceType":"Image"},"sessionId":"69DE6D1A85B5D627489871F60443E14A"}
org.openqa.selenium.devtools.DevToolsException: {"id":1849,"error":{"code":-32602,"message":"Invalid InterceptionId."},"sessionId":"69DE6D1A85B5D627489871F60443E14A"}
Build info: version: '4.11.0', revision: '040bc5406b'
System info: os.name: 'Windows 10', os.arch: 'amd64', os.version: '10.0', java.version: '11.0.18'
Driver info: driver.version: unknown
	at org.openqa.selenium.devtools.Connection.sendAndWait(Connection.java:181)
	at org.openqa.selenium.devtools.DevTools.send(DevTools.java:81)
	at org.openqa.selenium.devtools.idealized.Network.lambda$prepareToInterceptTraffic$3(Network.java:211)
	at org.openqa.selenium.remote.http.Filter.lambda$andFinally$1(Filter.java:55)
	at org.openqa.selenium.devtools.idealized.Network.lambda$prepareToInterceptTraffic$4(Network.java:226)
	at org.openqa.selenium.devtools.Connection.lambda$handle$4(Connection.java:321)
	at java.base/java.util.stream.ForEachOps$ForEachOp$OfRef.accept(ForEachOps.java:183)
	at java.base/java.util.stream.ReferencePipeline$2$1.accept(ReferencePipeline.java:177)
	at java.base/java.util.stream.ReferencePipeline$11$1.accept(ReferencePipeline.java:442)
	at java.base/java.util.HashMap$KeySpliterator.forEachRemaining(HashMap.java:1621)
	at java.base/java.util.stream.AbstractPipeline.copyInto(AbstractPipeline.java:484)
	at java.base/java.util.stream.AbstractPipeline.wrapAndCopyInto(AbstractPipeline.java:474)
	at java.base/java.util.stream.ForEachOps$ForEachOp.evaluateSequential(ForEachOps.java:150)
	at java.base/java.util.stream.ForEachOps$ForEachOp$OfRef.evaluateSequential(ForEachOps.java:173)
	at java.base/java.util.stream.AbstractPipeline.evaluate(AbstractPipeline.java:234)
	at java.base/java.util.stream.ReferencePipeline.forEach(ReferencePipeline.java:497)
	at org.openqa.selenium.devtools.Connection.handle(Connection.java:287)
	at org.openqa.selenium.devtools.Connection.access$200(Connection.java:57)
	at org.openqa.selenium.devtools.Connection$Listener.lambda$onText$0(Connection.java:224)
	at java.base/java.util.concurrent.ThreadPoolExecutor.runWorker(ThreadPoolExecutor.java:1128)
	at java.base/java.util.concurrent.ThreadPoolExecutor$Worker.run(ThreadPoolExecutor.java:628)
	at java.base/java.lang.Thread.run(Thread.java:829)
Caused by: org.openqa.selenium.WebDriverException: {"id":1849,"error":{"code":-32602,"message":"Invalid InterceptionId."},"sessionId":"69DE6D1A85B5D627489871F60443E14A"}
Build info: version: '4.11.0', revision: '040bc5406b'
System info: os.name: 'Windows 10', os.arch: 'amd64', os.version: '10.0', java.version: '11.0.18'
Driver info: driver.version: unknown
	at org.openqa.selenium.devtools.Connection.handle(Connection.java:260)
	... 5 more

Exception in thread "CDP Connection" org.openqa.selenium.devtools.DevToolsException: {"id":1849,"error":{"code":-32602,"message":"Invalid InterceptionId."},"sessionId":"69DE6D1A85B5D627489871F60443E14A"}
Build info: version: '4.11.0', revision: '040bc5406b'
System info: os.name: 'Windows 10', os.arch: 'amd64', os.version: '10.0', java.version: '11.0.18'
Driver info: driver.version: unknown
	at org.openqa.selenium.devtools.Connection$Listener.lambda$onText$0(Connection.java:227)
	at java.base/java.util.concurrent.ThreadPoolExecutor.runWorker(ThreadPoolExecutor.java:1128)
	at java.base/java.util.concurrent.ThreadPoolExecutor$Worker.run(ThreadPoolExecutor.java:628)
	at java.base/java.lang.Thread.run(Thread.java:829)
Caused by: org.openqa.selenium.devtools.DevToolsException: {"id":1849,"error":{"code":-32602,"message":"Invalid InterceptionId."},"sessionId":"69DE6D1A85B5D627489871F60443E14A"}
Build info: version: '4.11.0', revision: '040bc5406b'
System info: os.name: 'Windows 10', os.arch: 'amd64', os.version: '10.0', java.version: '11.0.18'
Driver info: driver.version: unknown
	at org.openqa.selenium.devtools.Connection.sendAndWait(Connection.java:181)
	at org.openqa.selenium.devtools.DevTools.send(DevTools.java:81)
	at org.openqa.selenium.devtools.idealized.Network.lambda$prepareToInterceptTraffic$3(Network.java:211)
	at org.openqa.selenium.remote.http.Filter.lambda$andFinally$1(Filter.java:55)
	at org.openqa.selenium.devtools.idealized.Network.lambda$prepareToInterceptTraffic$4(Network.java:226)
	at org.openqa.selenium.devtools.Connection.lambda$handle$4(Connection.java:321)
	at java.base/java.util.stream.ForEachOps$ForEachOp$OfRef.accept(ForEachOps.java:183)
	at java.base/java.util.stream.ReferencePipeline$2$1.accept(ReferencePipeline.java:177)
	at java.base/java.util.stream.ReferencePipeline$11$1.accept(ReferencePipeline.java:442)
	at java.base/java.util.HashMap$KeySpliterator.forEachRemaining(HashMap.java:1621)
	at java.base/java.util.stream.AbstractPipeline.copyInto(AbstractPipeline.java:484)
	at java.base/java.util.stream.AbstractPipeline.wrapAndCopyInto(AbstractPipeline.java:474)
	at java.base/java.util.stream.ForEachOps$ForEachOp.evaluateSequential(ForEachOps.java:150)
	at java.base/java.util.stream.ForEachOps$ForEachOp$OfRef.evaluateSequential(ForEachOps.java:173)
	at java.base/java.util.stream.AbstractPipeline.evaluate(AbstractPipeline.java:234)
	at java.base/java.util.stream.ReferencePipeline.forEach(ReferencePipeline.java:497)
	at org.openqa.selenium.devtools.Connection.handle(Connection.java:287)
	at org.openqa.selenium.devtools.Connection.access$200(Connection.java:57)
	at org.openqa.selenium.devtools.Connection$Listener.lambda$onText$0(Connection.java:224)
	... 3 more
Caused by: org.openqa.selenium.WebDriverException: {"id":1849,"error":{"code":-32602,"message":"Invalid InterceptionId."},"sessionId":"69DE6D1A85B5D627489871F60443E14A"}
Build info: version: '4.11.0', revision: '040bc5406b'
System info: os.name: 'Windows 10', os.arch: 'amd64', os.version: '10.0', java.version: '11.0.18'
Driver info: driver.version: unknown
	at org.openqa.selenium.devtools.Connection.handle(Connection.java:260)
	... 5 more
авг. 16, 2023 4:22:25 PM org.openqa.selenium.devtools.Connection$Listener lambda$onText$0
WARNING: Unable to process: {"method":"Fetch.requestPaused","params":{"requestId":"interception-job-303.0","request":{"url":"http://localhost:8080/static/media/icon_close_s_white.cd06f8fb.svg","method":"GET","headers":{"Accept":"image/avif,image/webp,image/apng,image/svg+xml,image/*,*/*;q=0.8","Referer":"http://localhost:8080/static/css/2.7d875902.chunk.css","User-Agent":"Mozilla/5.0 (Windows NT 10.0; Win64; x64) AppleWebKit/537.36 (KHTML, like Gecko) Chrome/116.0.0.0 Safari/537.36","sec-ch-ua":"\"Chromium\";v=\"116\", \"Not)A;Brand\";v=\"24\", \"Google Chrome\";v=\"116\"","sec-ch-ua-mobile":"?0","sec-ch-ua-platform":"\"Windows\""},"initialPriority":"Low","referrerPolicy":"strict-origin-when-cross-origin"},"frameId":"D165F02B89151667DFD1BF49856829E7","resourceType":"Image"},"sessionId":"69DE6D1A85B5D627489871F60443E14A"}
org.openqa.selenium.devtools.DevToolsException: {"id":1859,"error":{"code":-32602,"message":"Invalid InterceptionId."},"sessionId":"69DE6D1A85B5D627489871F60443E14A"}
Build info: version: '4.11.0', revision: '040bc5406b'
System info: os.name: 'Windows 10', os.arch: 'amd64', os.version: '10.0', java.version: '11.0.18'
Driver info: driver.version: unknown
	at org.openqa.selenium.devtools.Connection.sendAndWait(Connection.java:181)
	at org.openqa.selenium.devtools.DevTools.send(DevTools.java:81)
	at org.openqa.selenium.devtools.idealized.Network.lambda$prepareToInterceptTraffic$4(Network.java:233)
	at org.openqa.selenium.devtools.Connection.lambda$handle$4(Connection.java:321)
	at java.base/java.util.stream.ForEachOps$ForEachOp$OfRef.accept(ForEachOps.java:183)
	at java.base/java.util.stream.ReferencePipeline$2$1.accept(ReferencePipeline.java:177)
	at java.base/java.util.stream.ReferencePipeline$11$1.accept(ReferencePipeline.java:442)
	at java.base/java.util.HashMap$KeySpliterator.forEachRemaining(HashMap.java:1621)
	at java.base/java.util.stream.AbstractPipeline.copyInto(AbstractPipeline.java:484)
	at java.base/java.util.stream.AbstractPipeline.wrapAndCopyInto(AbstractPipeline.java:474)
	at java.base/java.util.stream.ForEachOps$ForEachOp.evaluateSequential(ForEachOps.java:150)
	at java.base/java.util.stream.ForEachOps$ForEachOp$OfRef.evaluateSequential(ForEachOps.java:173)
	at java.base/java.util.stream.AbstractPipeline.evaluate(AbstractPipeline.java:234)
	at java.base/java.util.stream.ReferencePipeline.forEach(ReferencePipeline.java:497)
	at org.openqa.selenium.devtools.Connection.handle(Connection.java:287)
	at org.openqa.selenium.devtools.Connection.access$200(Connection.java:57)
	at org.openqa.selenium.devtools.Connection$Listener.lambda$onText$0(Connection.java:224)
	at java.base/java.util.concurrent.ThreadPoolExecutor.runWorker(ThreadPoolExecutor.java:1128)
	at java.base/java.util.concurrent.ThreadPoolExecutor$Worker.run(ThreadPoolExecutor.java:628)
	at java.base/java.lang.Thread.run(Thread.java:829)
Caused by: org.openqa.selenium.WebDriverException: {"id":1859,"error":{"code":-32602,"message":"Invalid InterceptionId."},"sessionId":"69DE6D1A85B5D627489871F60443E14A"}
Build info: version: '4.11.0', revision: '040bc5406b'
System info: os.name: 'Windows 10', os.arch: 'amd64', os.version: '10.0', java.version: '11.0.18'
Driver info: driver.version: unknown
	at org.openqa.selenium.devtools.Connection.handle(Connection.java:260)
	... 5 more

Exception in thread "CDP Connection" org.openqa.selenium.devtools.DevToolsException: {"id":1859,"error":{"code":-32602,"message":"Invalid InterceptionId."},"sessionId":"69DE6D1A85B5D627489871F60443E14A"}
Build info: version: '4.11.0', revision: '040bc5406b'
System info: os.name: 'Windows 10', os.arch: 'amd64', os.version: '10.0', java.version: '11.0.18'
Driver info: driver.version: unknown
	at org.openqa.selenium.devtools.Connection$Listener.lambda$onText$0(Connection.java:227)
	at java.base/java.util.concurrent.ThreadPoolExecutor.runWorker(ThreadPoolExecutor.java:1128)
	at java.base/java.util.concurrent.ThreadPoolExecutor$Worker.run(ThreadPoolExecutor.java:628)
	at java.base/java.lang.Thread.run(Thread.java:829)
Caused by: org.openqa.selenium.devtools.DevToolsException: {"id":1859,"error":{"code":-32602,"message":"Invalid InterceptionId."},"sessionId":"69DE6D1A85B5D627489871F60443E14A"}
Build info: version: '4.11.0', revision: '040bc5406b'
System info: os.name: 'Windows 10', os.arch: 'amd64', os.version: '10.0', java.version: '11.0.18'
Driver info: driver.version: unknown
	at org.openqa.selenium.devtools.Connection.sendAndWait(Connection.java:181)
	at org.openqa.selenium.devtools.DevTools.send(DevTools.java:81)
	at org.openqa.selenium.devtools.idealized.Network.lambda$prepareToInterceptTraffic$4(Network.java:233)
	at org.openqa.selenium.devtools.Connection.lambda$handle$4(Connection.java:321)
	at java.base/java.util.stream.ForEachOps$ForEachOp$OfRef.accept(ForEachOps.java:183)
	at java.base/java.util.stream.ReferencePipeline$2$1.accept(ReferencePipeline.java:177)
	at java.base/java.util.stream.ReferencePipeline$11$1.accept(ReferencePipeline.java:442)
	at java.base/java.util.HashMap$KeySpliterator.forEachRemaining(HashMap.java:1621)
	at java.base/java.util.stream.AbstractPipeline.copyInto(AbstractPipeline.java:484)
	at java.base/java.util.stream.AbstractPipeline.wrapAndCopyInto(AbstractPipeline.java:474)
	at java.base/java.util.stream.ForEachOps$ForEachOp.evaluateSequential(ForEachOps.java:150)
	at java.base/java.util.stream.ForEachOps$ForEachOp$OfRef.evaluateSequential(ForEachOps.java:173)
	at java.base/java.util.stream.AbstractPipeline.evaluate(AbstractPipeline.java:234)
	at java.base/java.util.stream.ReferencePipeline.forEach(ReferencePipeline.java:497)
	at org.openqa.selenium.devtools.Connection.handle(Connection.java:287)
	at org.openqa.selenium.devtools.Connection.access$200(Connection.java:57)
	at org.openqa.selenium.devtools.Connection$Listener.lambda$onText$0(Connection.java:224)
	... 3 more
Caused by: org.openqa.selenium.WebDriverException: {"id":1859,"error":{"code":-32602,"message":"Invalid InterceptionId."},"sessionId":"69DE6D1A85B5D627489871F60443E14A"}
Build info: version: '4.11.0', revision: '040bc5406b'
System info: os.name: 'Windows 10', os.arch: 'amd64', os.version: '10.0', java.version: '11.0.18'
Driver info: driver.version: unknown
	at org.openqa.selenium.devtools.Connection.handle(Connection.java:260)
	... 5 more
авг. 16, 2023 4:22:25 PM org.openqa.selenium.devtools.Connection$Listener lambda$onText$0
WARNING: Unable to process: {"method":"Fetch.requestPaused","params":{"requestId":"interception-job-302.0","request":{"url":"http://localhost:8080/static/media/icon_ok_m_white.5987da79.svg","method":"GET","headers":{"Accept":"image/avif,image/webp,image/apng,image/svg+xml,image/*,*/*;q=0.8","Referer":"http://localhost:8080/static/css/2.7d875902.chunk.css","User-Agent":"Mozilla/5.0 (Windows NT 10.0; Win64; x64) AppleWebKit/537.36 (KHTML, like Gecko) Chrome/116.0.0.0 Safari/537.36","sec-ch-ua":"\"Chromium\";v=\"116\", \"Not)A;Brand\";v=\"24\", \"Google Chrome\";v=\"116\"","sec-ch-ua-mobile":"?0","sec-ch-ua-platform":"\"Windows\""},"initialPriority":"Low","referrerPolicy":"unsafe-url"},"frameId":"D165F02B89151667DFD1BF49856829E7","resourceType":"Image","responseStatusCode":200,"responseStatusText":"","responseHeaders":[{"name":"Vary","value":"Origin"},{"name":"Vary","value":"Access-Control-Request-Method"},{"name":"Vary","value":"Access-Control-Request-Headers"},{"name":"Last-Modified","value":"Thu, 03 Aug 2023 10:18:16 GMT"},{"name":"Accept-Ranges","value":"bytes"},{"name":"Content-Type","value":"image/svg+xml"},{"name":"Content-Length","value":"687"},{"name":"Date","value":"Wed, 16 Aug 2023 13:20:24 GMT"}]},"sessionId":"69DE6D1A85B5D627489871F60443E14A"}
org.openqa.selenium.devtools.DevToolsException: {"id":1861,"error":{"code":-32602,"message":"Invalid InterceptionId."},"sessionId":"69DE6D1A85B5D627489871F60443E14A"}
Build info: version: '4.11.0', revision: '040bc5406b'
System info: os.name: 'Windows 10', os.arch: 'amd64', os.version: '10.0', java.version: '11.0.18'
Driver info: driver.version: unknown
	at org.openqa.selenium.devtools.Connection.sendAndWait(Connection.java:181)
	at org.openqa.selenium.devtools.DevTools.send(DevTools.java:81)
	at org.openqa.selenium.devtools.idealized.Network.lambda$prepareToInterceptTraffic$4(Network.java:194)
	at org.openqa.selenium.devtools.Connection.lambda$handle$4(Connection.java:321)
	at java.base/java.util.stream.ForEachOps$ForEachOp$OfRef.accept(ForEachOps.java:183)
	at java.base/java.util.stream.ReferencePipeline$2$1.accept(ReferencePipeline.java:177)
	at java.base/java.util.stream.ReferencePipeline$11$1.accept(ReferencePipeline.java:442)
	at java.base/java.util.HashMap$KeySpliterator.forEachRemaining(HashMap.java:1621)
	at java.base/java.util.stream.AbstractPipeline.copyInto(AbstractPipeline.java:484)
	at java.base/java.util.stream.AbstractPipeline.wrapAndCopyInto(AbstractPipeline.java:474)
	at java.base/java.util.stream.ForEachOps$ForEachOp.evaluateSequential(ForEachOps.java:150)
	at java.base/java.util.stream.ForEachOps$ForEachOp$OfRef.evaluateSequential(ForEachOps.java:173)
	at java.base/java.util.stream.AbstractPipeline.evaluate(AbstractPipeline.java:234)
	at java.base/java.util.stream.ReferencePipeline.forEach(ReferencePipeline.java:497)
	at org.openqa.selenium.devtools.Connection.handle(Connection.java:287)
	at org.openqa.selenium.devtools.Connection.access$200(Connection.java:57)
	at org.openqa.selenium.devtools.Connection$Listener.lambda$onText$0(Connection.java:224)
	at java.base/java.util.concurrent.ThreadPoolExecutor.runWorker(ThreadPoolExecutor.java:1128)
	at java.base/java.util.concurrent.ThreadPoolExecutor$Worker.run(ThreadPoolExecutor.java:628)
	at java.base/java.lang.Thread.run(Thread.java:829)
Caused by: org.openqa.selenium.WebDriverException: {"id":1861,"error":{"code":-32602,"message":"Invalid InterceptionId."},"sessionId":"69DE6D1A85B5D627489871F60443E14A"}
Build info: version: '4.11.0', revision: '040bc5406b'
System info: os.name: 'Windows 10', os.arch: 'amd64', os.version: '10.0', java.version: '11.0.18'
Driver info: driver.version: unknown
	at org.openqa.selenium.devtools.Connection.handle(Connection.java:260)
	... 5 more

Exception in thread "CDP Connection" org.openqa.selenium.devtools.DevToolsException: {"id":1861,"error":{"code":-32602,"message":"Invalid InterceptionId."},"sessionId":"69DE6D1A85B5D627489871F60443E14A"}
Build info: version: '4.11.0', revision: '040bc5406b'
System info: os.name: 'Windows 10', os.arch: 'amd64', os.version: '10.0', java.version: '11.0.18'
Driver info: driver.version: unknown
	at org.openqa.selenium.devtools.Connection$Listener.lambda$onText$0(Connection.java:227)
	at java.base/java.util.concurrent.ThreadPoolExecutor.runWorker(ThreadPoolExecutor.java:1128)
	at java.base/java.util.concurrent.ThreadPoolExecutor$Worker.run(ThreadPoolExecutor.java:628)
	at java.base/java.lang.Thread.run(Thread.java:829)
Caused by: org.openqa.selenium.devtools.DevToolsException: {"id":1861,"error":{"code":-32602,"message":"Invalid InterceptionId."},"sessionId":"69DE6D1A85B5D627489871F60443E14A"}
Build info: version: '4.11.0', revision: '040bc5406b'
System info: os.name: 'Windows 10', os.arch: 'amd64', os.version: '10.0', java.version: '11.0.18'
Driver info: driver.version: unknown
	at org.openqa.selenium.devtools.Connection.sendAndWait(Connection.java:181)
	at org.openqa.selenium.devtools.DevTools.send(DevTools.java:81)
	at org.openqa.selenium.devtools.idealized.Network.lambda$prepareToInterceptTraffic$4(Network.java:194)
	at org.openqa.selenium.devtools.Connection.lambda$handle$4(Connection.java:321)
	at java.base/java.util.stream.ForEachOps$ForEachOp$OfRef.accept(ForEachOps.java:183)
	at java.base/java.util.stream.ReferencePipeline$2$1.accept(ReferencePipeline.java:177)
	at java.base/java.util.stream.ReferencePipeline$11$1.accept(ReferencePipeline.java:442)
	at java.base/java.util.HashMap$KeySpliterator.forEachRemaining(HashMap.java:1621)
	at java.base/java.util.stream.AbstractPipeline.copyInto(AbstractPipeline.java:484)
	at java.base/java.util.stream.AbstractPipeline.wrapAndCopyInto(AbstractPipeline.java:474)
	at java.base/java.util.stream.ForEachOps$ForEachOp.evaluateSequential(ForEachOps.java:150)
	at java.base/java.util.stream.ForEachOps$ForEachOp$OfRef.evaluateSequential(ForEachOps.java:173)
	at java.base/java.util.stream.AbstractPipeline.evaluate(AbstractPipeline.java:234)
	at java.base/java.util.stream.ReferencePipeline.forEach(ReferencePipeline.java:497)
	at org.openqa.selenium.devtools.Connection.handle(Connection.java:287)
	at org.openqa.selenium.devtools.Connection.access$200(Connection.java:57)
	at org.openqa.selenium.devtools.Connection$Listener.lambda$onText$0(Connection.java:224)
	... 3 more
Caused by: org.openqa.selenium.WebDriverException: {"id":1861,"error":{"code":-32602,"message":"Invalid InterceptionId."},"sessionId":"69DE6D1A85B5D627489871F60443E14A"}
Build info: version: '4.11.0', revision: '040bc5406b'
System info: os.name: 'Windows 10', os.arch: 'amd64', os.version: '10.0', java.version: '11.0.18'
Driver info: driver.version: unknown
	at org.openqa.selenium.devtools.Connection.handle(Connection.java:260)
	... 5 more
авг. 16, 2023 4:22:25 PM org.openqa.selenium.devtools.Connection$Listener lambda$onText$0
WARNING: Unable to process: {"method":"Fetch.requestPaused","params":{"requestId":"interception-job-302.0","request":{"url":"http://localhost:8080/static/media/icon_ok_m_white.5987da79.svg","method":"GET","headers":{"Accept":"image/avif,image/webp,image/apng,image/svg+xml,image/*,*/*;q=0.8","Referer":"http://localhost:8080/static/css/2.7d875902.chunk.css","User-Agent":"Mozilla/5.0 (Windows NT 10.0; Win64; x64) AppleWebKit/537.36 (KHTML, like Gecko) Chrome/116.0.0.0 Safari/537.36","sec-ch-ua":"\"Chromium\";v=\"116\", \"Not)A;Brand\";v=\"24\", \"Google Chrome\";v=\"116\"","sec-ch-ua-mobile":"?0","sec-ch-ua-platform":"\"Windows\""},"initialPriority":"Low","referrerPolicy":"strict-origin-when-cross-origin"},"frameId":"D165F02B89151667DFD1BF49856829E7","resourceType":"Image"},"sessionId":"69DE6D1A85B5D627489871F60443E14A"}
org.openqa.selenium.devtools.DevToolsException: {"id":1863,"error":{"code":-32602,"message":"Invalid InterceptionId."},"sessionId":"69DE6D1A85B5D627489871F60443E14A"}
Build info: version: '4.11.0', revision: '040bc5406b'
System info: os.name: 'Windows 10', os.arch: 'amd64', os.version: '10.0', java.version: '11.0.18'
Driver info: driver.version: unknown
	at org.openqa.selenium.devtools.Connection.sendAndWait(Connection.java:181)
	at org.openqa.selenium.devtools.DevTools.send(DevTools.java:81)
	at org.openqa.selenium.devtools.idealized.Network.lambda$prepareToInterceptTraffic$3(Network.java:211)
	at org.openqa.selenium.remote.http.Filter.lambda$andFinally$1(Filter.java:55)
	at org.openqa.selenium.devtools.idealized.Network.lambda$prepareToInterceptTraffic$4(Network.java:226)
	at org.openqa.selenium.devtools.Connection.lambda$handle$4(Connection.java:321)
	at java.base/java.util.stream.ForEachOps$ForEachOp$OfRef.accept(ForEachOps.java:183)
	at java.base/java.util.stream.ReferencePipeline$2$1.accept(ReferencePipeline.java:177)
	at java.base/java.util.stream.ReferencePipeline$11$1.accept(ReferencePipeline.java:442)
	at java.base/java.util.HashMap$KeySpliterator.forEachRemaining(HashMap.java:1621)
	at java.base/java.util.stream.AbstractPipeline.copyInto(AbstractPipeline.java:484)
	at java.base/java.util.stream.AbstractPipeline.wrapAndCopyInto(AbstractPipeline.java:474)
	at java.base/java.util.stream.ForEachOps$ForEachOp.evaluateSequential(ForEachOps.java:150)
	at java.base/java.util.stream.ForEachOps$ForEachOp$OfRef.evaluateSequential(ForEachOps.java:173)
	at java.base/java.util.stream.AbstractPipeline.evaluate(AbstractPipeline.java:234)
	at java.base/java.util.stream.ReferencePipeline.forEach(ReferencePipeline.java:497)
	at org.openqa.selenium.devtools.Connection.handle(Connection.java:287)
	at org.openqa.selenium.devtools.Connection.access$200(Connection.java:57)
	at org.openqa.selenium.devtools.Connection$Listener.lambda$onText$0(Connection.java:224)
	at java.base/java.util.concurrent.ThreadPoolExecutor.runWorker(ThreadPoolExecutor.java:1128)
	at java.base/java.util.concurrent.ThreadPoolExecutor$Worker.run(ThreadPoolExecutor.java:628)
	at java.base/java.lang.Thread.run(Thread.java:829)
Caused by: org.openqa.selenium.WebDriverException: {"id":1863,"error":{"code":-32602,"message":"Invalid InterceptionId."},"sessionId":"69DE6D1A85B5D627489871F60443E14A"}
Build info: version: '4.11.0', revision: '040bc5406b'
System info: os.name: 'Windows 10', os.arch: 'amd64', os.version: '10.0', java.version: '11.0.18'
Driver info: driver.version: unknown
	at org.openqa.selenium.devtools.Connection.handle(Connection.java:260)
	... 5 more

Exception in thread "CDP Connection" org.openqa.selenium.devtools.DevToolsException: {"id":1863,"error":{"code":-32602,"message":"Invalid InterceptionId."},"sessionId":"69DE6D1A85B5D627489871F60443E14A"}
Build info: version: '4.11.0', revision: '040bc5406b'
System info: os.name: 'Windows 10', os.arch: 'amd64', os.version: '10.0', java.version: '11.0.18'
Driver info: driver.version: unknown
	at org.openqa.selenium.devtools.Connection$Listener.lambda$onText$0(Connection.java:227)
	at java.base/java.util.concurrent.ThreadPoolExecutor.runWorker(ThreadPoolExecutor.java:1128)
	at java.base/java.util.concurrent.ThreadPoolExecutor$Worker.run(ThreadPoolExecutor.java:628)
	at java.base/java.lang.Thread.run(Thread.java:829)
Caused by: org.openqa.selenium.devtools.DevToolsException: {"id":1863,"error":{"code":-32602,"message":"Invalid InterceptionId."},"sessionId":"69DE6D1A85B5D627489871F60443E14A"}
Build info: version: '4.11.0', revision: '040bc5406b'
System info: os.name: 'Windows 10', os.arch: 'amd64', os.version: '10.0', java.version: '11.0.18'
Driver info: driver.version: unknown
	at org.openqa.selenium.devtools.Connection.sendAndWait(Connection.java:181)
	at org.openqa.selenium.devtools.DevTools.send(DevTools.java:81)
	at org.openqa.selenium.devtools.idealized.Network.lambda$prepareToInterceptTraffic$3(Network.java:211)
	at org.openqa.selenium.remote.http.Filter.lambda$andFinally$1(Filter.java:55)
	at org.openqa.selenium.devtools.idealized.Network.lambda$prepareToInterceptTraffic$4(Network.java:226)
	at org.openqa.selenium.devtools.Connection.lambda$handle$4(Connection.java:321)
	at java.base/java.util.stream.ForEachOps$ForEachOp$OfRef.accept(ForEachOps.java:183)
	at java.base/java.util.stream.ReferencePipeline$2$1.accept(ReferencePipeline.java:177)
	at java.base/java.util.stream.ReferencePipeline$11$1.accept(ReferencePipeline.java:442)
	at java.base/java.util.HashMap$KeySpliterator.forEachRemaining(HashMap.java:1621)
	at java.base/java.util.stream.AbstractPipeline.copyInto(AbstractPipeline.java:484)
	at java.base/java.util.stream.AbstractPipeline.wrapAndCopyInto(AbstractPipeline.java:474)
	at java.base/java.util.stream.ForEachOps$ForEachOp.evaluateSequential(ForEachOps.java:150)
	at java.base/java.util.stream.ForEachOps$ForEachOp$OfRef.evaluateSequential(ForEachOps.java:173)
	at java.base/java.util.stream.AbstractPipeline.evaluate(AbstractPipeline.java:234)
	at java.base/java.util.stream.ReferencePipeline.forEach(ReferencePipeline.java:497)
	at org.openqa.selenium.devtools.Connection.handle(Connection.java:287)
	at org.openqa.selenium.devtools.Connection.access$200(Connection.java:57)
	at org.openqa.selenium.devtools.Connection$Listener.lambda$onText$0(Connection.java:224)
	... 3 more
Caused by: org.openqa.selenium.WebDriverException: {"id":1863,"error":{"code":-32602,"message":"Invalid InterceptionId."},"sessionId":"69DE6D1A85B5D627489871F60443E14A"}
Build info: version: '4.11.0', revision: '040bc5406b'
System info: os.name: 'Windows 10', os.arch: 'amd64', os.version: '10.0', java.version: '11.0.18'
Driver info: driver.version: unknown
	at org.openqa.selenium.devtools.Connection.handle(Connection.java:260)
	... 5 more
авг. 16, 2023 4:22:25 PM org.openqa.selenium.devtools.Connection$Listener lambda$onText$0
WARNING: Unable to process: {"method":"Fetch.requestPaused","params":{"requestId":"interception-job-303.0","request":{"url":"http://localhost:8080/static/media/icon_close_s_white.cd06f8fb.svg","method":"GET","headers":{"Accept":"image/avif,image/webp,image/apng,image/svg+xml,image/*,*/*;q=0.8","Referer":"http://localhost:8080/static/css/2.7d875902.chunk.css","User-Agent":"Mozilla/5.0 (Windows NT 10.0; Win64; x64) AppleWebKit/537.36 (KHTML, like Gecko) Chrome/116.0.0.0 Safari/537.36","sec-ch-ua":"\"Chromium\";v=\"116\", \"Not)A;Brand\";v=\"24\", \"Google Chrome\";v=\"116\"","sec-ch-ua-mobile":"?0","sec-ch-ua-platform":"\"Windows\""},"initialPriority":"Low","referrerPolicy":"unsafe-url"},"frameId":"D165F02B89151667DFD1BF49856829E7","resourceType":"Image","responseStatusCode":200,"responseStatusText":"","responseHeaders":[{"name":"Vary","value":"Origin"},{"name":"Vary","value":"Access-Control-Request-Method"},{"name":"Vary","value":"Access-Control-Request-Headers"},{"name":"Last-Modified","value":"Thu, 03 Aug 2023 10:18:16 GMT"},{"name":"Accept-Ranges","value":"bytes"},{"name":"Content-Type","value":"image/svg+xml"},{"name":"Content-Length","value":"247"},{"name":"Date","value":"Wed, 16 Aug 2023 13:20:24 GMT"}]},"sessionId":"69DE6D1A85B5D627489871F60443E14A"}
org.openqa.selenium.devtools.DevToolsException: {"id":1864,"error":{"code":-32602,"message":"Invalid InterceptionId."},"sessionId":"69DE6D1A85B5D627489871F60443E14A"}
Build info: version: '4.11.0', revision: '040bc5406b'
System info: os.name: 'Windows 10', os.arch: 'amd64', os.version: '10.0', java.version: '11.0.18'
Driver info: driver.version: unknown
	at org.openqa.selenium.devtools.Connection.sendAndWait(Connection.java:181)
	at org.openqa.selenium.devtools.DevTools.send(DevTools.java:81)
	at org.openqa.selenium.devtools.idealized.Network.lambda$prepareToInterceptTraffic$4(Network.java:194)
	at org.openqa.selenium.devtools.Connection.lambda$handle$4(Connection.java:321)
	at java.base/java.util.stream.ForEachOps$ForEachOp$OfRef.accept(ForEachOps.java:183)
	at java.base/java.util.stream.ReferencePipeline$2$1.accept(ReferencePipeline.java:177)
	at java.base/java.util.stream.ReferencePipeline$11$1.accept(ReferencePipeline.java:442)
	at java.base/java.util.HashMap$KeySpliterator.forEachRemaining(HashMap.java:1621)
	at java.base/java.util.stream.AbstractPipeline.copyInto(AbstractPipeline.java:484)
	at java.base/java.util.stream.AbstractPipeline.wrapAndCopyInto(AbstractPipeline.java:474)
	at java.base/java.util.stream.ForEachOps$ForEachOp.evaluateSequential(ForEachOps.java:150)
	at java.base/java.util.stream.ForEachOps$ForEachOp$OfRef.evaluateSequential(ForEachOps.java:173)
	at java.base/java.util.stream.AbstractPipeline.evaluate(AbstractPipeline.java:234)
	at java.base/java.util.stream.ReferencePipeline.forEach(ReferencePipeline.java:497)
	at org.openqa.selenium.devtools.Connection.handle(Connection.java:287)
	at org.openqa.selenium.devtools.Connection.access$200(Connection.java:57)
	at org.openqa.selenium.devtools.Connection$Listener.lambda$onText$0(Connection.java:224)
	at java.base/java.util.concurrent.ThreadPoolExecutor.runWorker(ThreadPoolExecutor.java:1128)
	at java.base/java.util.concurrent.ThreadPoolExecutor$Worker.run(ThreadPoolExecutor.java:628)
	at java.base/java.lang.Thread.run(Thread.java:829)
Caused by: org.openqa.selenium.WebDriverException: {"id":1864,"error":{"code":-32602,"message":"Invalid InterceptionId."},"sessionId":"69DE6D1A85B5D627489871F60443E14A"}
Build info: version: '4.11.0', revision: '040bc5406b'
System info: os.name: 'Windows 10', os.arch: 'amd64', os.version: '10.0', java.version: '11.0.18'
Driver info: driver.version: unknown
	at org.openqa.selenium.devtools.Connection.handle(Connection.java:260)
	... 5 more

Exception in thread "CDP Connection" org.openqa.selenium.devtools.DevToolsException: {"id":1864,"error":{"code":-32602,"message":"Invalid InterceptionId."},"sessionId":"69DE6D1A85B5D627489871F60443E14A"}
Build info: version: '4.11.0', revision: '040bc5406b'
System info: os.name: 'Windows 10', os.arch: 'amd64', os.version: '10.0', java.version: '11.0.18'
Driver info: driver.version: unknown
	at org.openqa.selenium.devtools.Connection$Listener.lambda$onText$0(Connection.java:227)
	at java.base/java.util.concurrent.ThreadPoolExecutor.runWorker(ThreadPoolExecutor.java:1128)
	at java.base/java.util.concurrent.ThreadPoolExecutor$Worker.run(ThreadPoolExecutor.java:628)
	at java.base/java.lang.Thread.run(Thread.java:829)
Caused by: org.openqa.selenium.devtools.DevToolsException: {"id":1864,"error":{"code":-32602,"message":"Invalid InterceptionId."},"sessionId":"69DE6D1A85B5D627489871F60443E14A"}
Build info: version: '4.11.0', revision: '040bc5406b'
System info: os.name: 'Windows 10', os.arch: 'amd64', os.version: '10.0', java.version: '11.0.18'
Driver info: driver.version: unknown
	at org.openqa.selenium.devtools.Connection.sendAndWait(Connection.java:181)
	at org.openqa.selenium.devtools.DevTools.send(DevTools.java:81)
	at org.openqa.selenium.devtools.idealized.Network.lambda$prepareToInterceptTraffic$4(Network.java:194)
	at org.openqa.selenium.devtools.Connection.lambda$handle$4(Connection.java:321)
	at java.base/java.util.stream.ForEachOps$ForEachOp$OfRef.accept(ForEachOps.java:183)
	at java.base/java.util.stream.ReferencePipeline$2$1.accept(ReferencePipeline.java:177)
	at java.base/java.util.stream.ReferencePipeline$11$1.accept(ReferencePipeline.java:442)
	at java.base/java.util.HashMap$KeySpliterator.forEachRemaining(HashMap.java:1621)
	at java.base/java.util.stream.AbstractPipeline.copyInto(AbstractPipeline.java:484)
	at java.base/java.util.stream.AbstractPipeline.wrapAndCopyInto(AbstractPipeline.java:474)
	at java.base/java.util.stream.ForEachOps$ForEachOp.evaluateSequential(ForEachOps.java:150)
	at java.base/java.util.stream.ForEachOps$ForEachOp$OfRef.evaluateSequential(ForEachOps.java:173)
	at java.base/java.util.stream.AbstractPipeline.evaluate(AbstractPipeline.java:234)
	at java.base/java.util.stream.ReferencePipeline.forEach(ReferencePipeline.java:497)
	at org.openqa.selenium.devtools.Connection.handle(Connection.java:287)
	at org.openqa.selenium.devtools.Connection.access$200(Connection.java:57)
	at org.openqa.selenium.devtools.Connection$Listener.lambda$onText$0(Connection.java:224)
	... 3 more
Caused by: org.openqa.selenium.WebDriverException: {"id":1864,"error":{"code":-32602,"message":"Invalid InterceptionId."},"sessionId":"69DE6D1A85B5D627489871F60443E14A"}
Build info: version: '4.11.0', revision: '040bc5406b'
System info: os.name: 'Windows 10', os.arch: 'amd64', os.version: '10.0', java.version: '11.0.18'
Driver info: driver.version: unknown
	at org.openqa.selenium.devtools.Connection.handle(Connection.java:260)
	... 5 more
авг. 16, 2023 4:22:25 PM org.openqa.selenium.devtools.Connection$Listener lambda$onText$0
WARNING: Unable to process: {"method":"Fetch.requestPaused","params":{"requestId":"interception-job-304.0","request":{"url":"http://localhost:8080/static/media/icon_error_m_white.143ec85a.svg","method":"GET","headers":{"Accept":"image/avif,image/webp,image/apng,image/svg+xml,image/*,*/*;q=0.8","Referer":"http://localhost:8080/static/css/2.7d875902.chunk.css","User-Agent":"Mozilla/5.0 (Windows NT 10.0; Win64; x64) AppleWebKit/537.36 (KHTML, like Gecko) Chrome/116.0.0.0 Safari/537.36","sec-ch-ua":"\"Chromium\";v=\"116\", \"Not)A;Brand\";v=\"24\", \"Google Chrome\";v=\"116\"","sec-ch-ua-mobile":"?0","sec-ch-ua-platform":"\"Windows\""},"initialPriority":"Low","referrerPolicy":"unsafe-url"},"frameId":"D165F02B89151667DFD1BF49856829E7","resourceType":"Image","responseStatusCode":200,"responseStatusText":"","responseHeaders":[{"name":"Vary","value":"Origin"},{"name":"Vary","value":"Access-Control-Request-Method"},{"name":"Vary","value":"Access-Control-Request-Headers"},{"name":"Last-Modified","value":"Thu, 03 Aug 2023 10:18:16 GMT"},{"name":"Accept-Ranges","value":"bytes"},{"name":"Content-Type","value":"image/svg+xml"},{"name":"Content-Length","value":"380"},{"name":"Date","value":"Wed, 16 Aug 2023 13:20:24 GMT"}]},"sessionId":"69DE6D1A85B5D627489871F60443E14A"}
org.openqa.selenium.devtools.DevToolsException: {"id":1867,"error":{"code":-32602,"message":"Invalid InterceptionId."},"sessionId":"69DE6D1A85B5D627489871F60443E14A"}
Build info: version: '4.11.0', revision: '040bc5406b'
System info: os.name: 'Windows 10', os.arch: 'amd64', os.version: '10.0', java.version: '11.0.18'
Driver info: driver.version: unknown
	at org.openqa.selenium.devtools.Connection.sendAndWait(Connection.java:181)
	at org.openqa.selenium.devtools.DevTools.send(DevTools.java:81)
	at org.openqa.selenium.devtools.idealized.Network.lambda$prepareToInterceptTraffic$4(Network.java:194)
	at org.openqa.selenium.devtools.Connection.lambda$handle$4(Connection.java:321)
	at java.base/java.util.stream.ForEachOps$ForEachOp$OfRef.accept(ForEachOps.java:183)
	at java.base/java.util.stream.ReferencePipeline$2$1.accept(ReferencePipeline.java:177)
	at java.base/java.util.stream.ReferencePipeline$11$1.accept(ReferencePipeline.java:442)
	at java.base/java.util.HashMap$KeySpliterator.forEachRemaining(HashMap.java:1621)
	at java.base/java.util.stream.AbstractPipeline.copyInto(AbstractPipeline.java:484)
	at java.base/java.util.stream.AbstractPipeline.wrapAndCopyInto(AbstractPipeline.java:474)
	at java.base/java.util.stream.ForEachOps$ForEachOp.evaluateSequential(ForEachOps.java:150)
	at java.base/java.util.stream.ForEachOps$ForEachOp$OfRef.evaluateSequential(ForEachOps.java:173)
	at java.base/java.util.stream.AbstractPipeline.evaluate(AbstractPipeline.java:234)
	at java.base/java.util.stream.ReferencePipeline.forEach(ReferencePipeline.java:497)
	at org.openqa.selenium.devtools.Connection.handle(Connection.java:287)
	at org.openqa.selenium.devtools.Connection.access$200(Connection.java:57)
	at org.openqa.selenium.devtools.Connection$Listener.lambda$onText$0(Connection.java:224)
	at java.base/java.util.concurrent.ThreadPoolExecutor.runWorker(ThreadPoolExecutor.java:1128)
	at java.base/java.util.concurrent.ThreadPoolExecutor$Worker.run(ThreadPoolExecutor.java:628)
	at java.base/java.lang.Thread.run(Thread.java:829)
Caused by: org.openqa.selenium.WebDriverException: {"id":1867,"error":{"code":-32602,"message":"Invalid InterceptionId."},"sessionId":"69DE6D1A85B5D627489871F60443E14A"}
Build info: version: '4.11.0', revision: '040bc5406b'
System info: os.name: 'Windows 10', os.arch: 'amd64', os.version: '10.0', java.version: '11.0.18'
Driver info: driver.version: unknown
	at org.openqa.selenium.devtools.Connection.handle(Connection.java:260)
	... 5 more

Exception in thread "CDP Connection" org.openqa.selenium.devtools.DevToolsException: {"id":1867,"error":{"code":-32602,"message":"Invalid InterceptionId."},"sessionId":"69DE6D1A85B5D627489871F60443E14A"}
Build info: version: '4.11.0', revision: '040bc5406b'
System info: os.name: 'Windows 10', os.arch: 'amd64', os.version: '10.0', java.version: '11.0.18'
Driver info: driver.version: unknown
	at org.openqa.selenium.devtools.Connection$Listener.lambda$onText$0(Connection.java:227)
	at java.base/java.util.concurrent.ThreadPoolExecutor.runWorker(ThreadPoolExecutor.java:1128)
	at java.base/java.util.concurrent.ThreadPoolExecutor$Worker.run(ThreadPoolExecutor.java:628)
	at java.base/java.lang.Thread.run(Thread.java:829)
Caused by: org.openqa.selenium.devtools.DevToolsException: {"id":1867,"error":{"code":-32602,"message":"Invalid InterceptionId."},"sessionId":"69DE6D1A85B5D627489871F60443E14A"}
Build info: version: '4.11.0', revision: '040bc5406b'
System info: os.name: 'Windows 10', os.arch: 'amd64', os.version: '10.0', java.version: '11.0.18'
Driver info: driver.version: unknown
	at org.openqa.selenium.devtools.Connection.sendAndWait(Connection.java:181)
	at org.openqa.selenium.devtools.DevTools.send(DevTools.java:81)
	at org.openqa.selenium.devtools.idealized.Network.lambda$prepareToInterceptTraffic$4(Network.java:194)
	at org.openqa.selenium.devtools.Connection.lambda$handle$4(Connection.java:321)
	at java.base/java.util.stream.ForEachOps$ForEachOp$OfRef.accept(ForEachOps.java:183)
	at java.base/java.util.stream.ReferencePipeline$2$1.accept(ReferencePipeline.java:177)
	at java.base/java.util.stream.ReferencePipeline$11$1.accept(ReferencePipeline.java:442)
	at java.base/java.util.HashMap$KeySpliterator.forEachRemaining(HashMap.java:1621)
	at java.base/java.util.stream.AbstractPipeline.copyInto(AbstractPipeline.java:484)
	at java.base/java.util.stream.AbstractPipeline.wrapAndCopyInto(AbstractPipeline.java:474)
	at java.base/java.util.stream.ForEachOps$ForEachOp.evaluateSequential(ForEachOps.java:150)
	at java.base/java.util.stream.ForEachOps$ForEachOp$OfRef.evaluateSequential(ForEachOps.java:173)
	at java.base/java.util.stream.AbstractPipeline.evaluate(AbstractPipeline.java:234)
	at java.base/java.util.stream.ReferencePipeline.forEach(ReferencePipeline.java:497)
	at org.openqa.selenium.devtools.Connection.handle(Connection.java:287)
	at org.openqa.selenium.devtools.Connection.access$200(Connection.java:57)
	at org.openqa.selenium.devtools.Connection$Listener.lambda$onText$0(Connection.java:224)
	... 3 more
Caused by: org.openqa.selenium.WebDriverException: {"id":1867,"error":{"code":-32602,"message":"Invalid InterceptionId."},"sessionId":"69DE6D1A85B5D627489871F60443E14A"}
Build info: version: '4.11.0', revision: '040bc5406b'
System info: os.name: 'Windows 10', os.arch: 'amd64', os.version: '10.0', java.version: '11.0.18'
Driver info: driver.version: unknown
	at org.openqa.selenium.devtools.Connection.handle(Connection.java:260)
	... 5 more
авг. 16, 2023 4:22:25 PM org.openqa.selenium.devtools.Connection$Listener lambda$onText$0
WARNING: Unable to process: {"method":"Fetch.requestPaused","params":{"requestId":"interception-job-304.0","request":{"url":"http://localhost:8080/static/media/icon_error_m_white.143ec85a.svg","method":"GET","headers":{"Accept":"image/avif,image/webp,image/apng,image/svg+xml,image/*,*/*;q=0.8","Referer":"http://localhost:8080/static/css/2.7d875902.chunk.css","User-Agent":"Mozilla/5.0 (Windows NT 10.0; Win64; x64) AppleWebKit/537.36 (KHTML, like Gecko) Chrome/116.0.0.0 Safari/537.36","sec-ch-ua":"\"Chromium\";v=\"116\", \"Not)A;Brand\";v=\"24\", \"Google Chrome\";v=\"116\"","sec-ch-ua-mobile":"?0","sec-ch-ua-platform":"\"Windows\""},"initialPriority":"Low","referrerPolicy":"strict-origin-when-cross-origin"},"frameId":"D165F02B89151667DFD1BF49856829E7","resourceType":"Image"},"sessionId":"69DE6D1A85B5D627489871F60443E14A"}
org.openqa.selenium.devtools.DevToolsException: {"id":1868,"error":{"code":-32602,"message":"Invalid InterceptionId."},"sessionId":"69DE6D1A85B5D627489871F60443E14A"}
Build info: version: '4.11.0', revision: '040bc5406b'
System info: os.name: 'Windows 10', os.arch: 'amd64', os.version: '10.0', java.version: '11.0.18'
Driver info: driver.version: unknown
	at org.openqa.selenium.devtools.Connection.sendAndWait(Connection.java:181)
	at org.openqa.selenium.devtools.DevTools.send(DevTools.java:81)
	at org.openqa.selenium.devtools.idealized.Network.lambda$prepareToInterceptTraffic$3(Network.java:211)
	at org.openqa.selenium.remote.http.Filter.lambda$andFinally$1(Filter.java:55)
	at org.openqa.selenium.devtools.idealized.Network.lambda$prepareToInterceptTraffic$4(Network.java:226)
	at org.openqa.selenium.devtools.Connection.lambda$handle$4(Connection.java:321)
	at java.base/java.util.stream.ForEachOps$ForEachOp$OfRef.accept(ForEachOps.java:183)
	at java.base/java.util.stream.ReferencePipeline$2$1.accept(ReferencePipeline.java:177)
	at java.base/java.util.stream.ReferencePipeline$11$1.accept(ReferencePipeline.java:442)
	at java.base/java.util.HashMap$KeySpliterator.forEachRemaining(HashMap.java:1621)
	at java.base/java.util.stream.AbstractPipeline.copyInto(AbstractPipeline.java:484)
	at java.base/java.util.stream.AbstractPipeline.wrapAndCopyInto(AbstractPipeline.java:474)
	at java.base/java.util.stream.ForEachOps$ForEachOp.evaluateSequential(ForEachOps.java:150)
	at java.base/java.util.stream.ForEachOps$ForEachOp$OfRef.evaluateSequential(ForEachOps.java:173)
	at java.base/java.util.stream.AbstractPipeline.evaluate(AbstractPipeline.java:234)
	at java.base/java.util.stream.ReferencePipeline.forEach(ReferencePipeline.java:497)
	at org.openqa.selenium.devtools.Connection.handle(Connection.java:287)
	at org.openqa.selenium.devtools.Connection.access$200(Connection.java:57)
	at org.openqa.selenium.devtools.Connection$Listener.lambda$onText$0(Connection.java:224)
	at java.base/java.util.concurrent.ThreadPoolExecutor.runWorker(ThreadPoolExecutor.java:1128)
	at java.base/java.util.concurrent.ThreadPoolExecutor$Worker.run(ThreadPoolExecutor.java:628)
	at java.base/java.lang.Thread.run(Thread.java:829)
Caused by: org.openqa.selenium.WebDriverException: {"id":1868,"error":{"code":-32602,"message":"Invalid InterceptionId."},"sessionId":"69DE6D1A85B5D627489871F60443E14A"}
Build info: version: '4.11.0', revision: '040bc5406b'
System info: os.name: 'Windows 10', os.arch: 'amd64', os.version: '10.0', java.version: '11.0.18'
Driver info: driver.version: unknown
	at org.openqa.selenium.devtools.Connection.handle(Connection.java:260)
	... 5 more

Exception in thread "CDP Connection" org.openqa.selenium.devtools.DevToolsException: {"id":1868,"error":{"code":-32602,"message":"Invalid InterceptionId."},"sessionId":"69DE6D1A85B5D627489871F60443E14A"}
Build info: version: '4.11.0', revision: '040bc5406b'
System info: os.name: 'Windows 10', os.arch: 'amd64', os.version: '10.0', java.version: '11.0.18'
Driver info: driver.version: unknown
	at org.openqa.selenium.devtools.Connection$Listener.lambda$onText$0(Connection.java:227)
	at java.base/java.util.concurrent.ThreadPoolExecutor.runWorker(ThreadPoolExecutor.java:1128)
	at java.base/java.util.concurrent.ThreadPoolExecutor$Worker.run(ThreadPoolExecutor.java:628)
	at java.base/java.lang.Thread.run(Thread.java:829)
Caused by: org.openqa.selenium.devtools.DevToolsException: {"id":1868,"error":{"code":-32602,"message":"Invalid InterceptionId."},"sessionId":"69DE6D1A85B5D627489871F60443E14A"}
Build info: version: '4.11.0', revision: '040bc5406b'
System info: os.name: 'Windows 10', os.arch: 'amd64', os.version: '10.0', java.version: '11.0.18'
Driver info: driver.version: unknown
	at org.openqa.selenium.devtools.Connection.sendAndWait(Connection.java:181)
	at org.openqa.selenium.devtools.DevTools.send(DevTools.java:81)
	at org.openqa.selenium.devtools.idealized.Network.lambda$prepareToInterceptTraffic$3(Network.java:211)
	at org.openqa.selenium.remote.http.Filter.lambda$andFinally$1(Filter.java:55)
	at org.openqa.selenium.devtools.idealized.Network.lambda$prepareToInterceptTraffic$4(Network.java:226)
	at org.openqa.selenium.devtools.Connection.lambda$handle$4(Connection.java:321)
	at java.base/java.util.stream.ForEachOps$ForEachOp$OfRef.accept(ForEachOps.java:183)
	at java.base/java.util.stream.ReferencePipeline$2$1.accept(ReferencePipeline.java:177)
	at java.base/java.util.stream.ReferencePipeline$11$1.accept(ReferencePipeline.java:442)
	at java.base/java.util.HashMap$KeySpliterator.forEachRemaining(HashMap.java:1621)
	at java.base/java.util.stream.AbstractPipeline.copyInto(AbstractPipeline.java:484)
	at java.base/java.util.stream.AbstractPipeline.wrapAndCopyInto(AbstractPipeline.java:474)
	at java.base/java.util.stream.ForEachOps$ForEachOp.evaluateSequential(ForEachOps.java:150)
	at java.base/java.util.stream.ForEachOps$ForEachOp$OfRef.evaluateSequential(ForEachOps.java:173)
	at java.base/java.util.stream.AbstractPipeline.evaluate(AbstractPipeline.java:234)
	at java.base/java.util.stream.ReferencePipeline.forEach(ReferencePipeline.java:497)
	at org.openqa.selenium.devtools.Connection.handle(Connection.java:287)
	at org.openqa.selenium.devtools.Connection.access$200(Connection.java:57)
	at org.openqa.selenium.devtools.Connection$Listener.lambda$onText$0(Connection.java:224)
	... 3 more
Caused by: org.openqa.selenium.WebDriverException: {"id":1868,"error":{"code":-32602,"message":"Invalid InterceptionId."},"sessionId":"69DE6D1A85B5D627489871F60443E14A"}
Build info: version: '4.11.0', revision: '040bc5406b'
System info: os.name: 'Windows 10', os.arch: 'amd64', os.version: '10.0', java.version: '11.0.18'
Driver info: driver.version: unknown
	at org.openqa.selenium.devtools.Connection.handle(Connection.java:260)
	... 5 more
авг. 16, 2023 4:22:27 PM org.openqa.selenium.devtools.Connection$Listener lambda$onText$0
WARNING: Unable to process: {"method":"Fetch.requestPaused","params":{"requestId":"interception-job-305.0","request":{"url":"http://localhost:8080/","method":"GET","headers":{"Accept":"text/html,application/xhtml+xml,application/xml;q=0.9,image/avif,image/webp,image/apng,*/*;q=0.8,application/signed-exchange;v=b3;q=0.7","Upgrade-Insecure-Requests":"1","User-Agent":"Mozilla/5.0 (Windows NT 10.0; Win64; x64) AppleWebKit/537.36 (KHTML, like Gecko) Chrome/116.0.0.0 Safari/537.36","sec-ch-ua":"\"Chromium\";v=\"116\", \"Not)A;Brand\";v=\"24\", \"Google Chrome\";v=\"116\"","sec-ch-ua-mobile":"?0","sec-ch-ua-platform":"\"Windows\""},"initialPriority":"VeryHigh","referrerPolicy":"strict-origin-when-cross-origin"},"frameId":"D165F02B89151667DFD1BF49856829E7","resourceType":"Document","responseStatusCode":200,"responseStatusText":"","responseHeaders":[{"name":"Vary","value":"Origin"},{"name":"Vary","value":"Access-Control-Request-Method"},{"name":"Vary","value":"Access-Control-Request-Headers"},{"name":"Last-Modified","value":"Thu, 03 Aug 2023 10:18:16 GMT"},{"name":"Date","value":"Wed, 16 Aug 2023 13:22:27 GMT"},{"name":"Accept-Ranges","value":"bytes"},{"name":"Content-Type","value":"text/html"},{"name":"Content-Language","value":"ru-RU"},{"name":"Content-Length","value":"2308"}]},"sessionId":"69DE6D1A85B5D627489871F60443E14A"}
org.openqa.selenium.devtools.DevToolsException: {"id":1875,"error":{"code":-32602,"message":"Invalid InterceptionId."},"sessionId":"69DE6D1A85B5D627489871F60443E14A"}
Build info: version: '4.11.0', revision: '040bc5406b'
System info: os.name: 'Windows 10', os.arch: 'amd64', os.version: '10.0', java.version: '11.0.18'
Driver info: driver.version: unknown
	at org.openqa.selenium.devtools.Connection.sendAndWait(Connection.java:181)
	at org.openqa.selenium.devtools.DevTools.send(DevTools.java:81)
	at org.openqa.selenium.devtools.idealized.Network.lambda$prepareToInterceptTraffic$4(Network.java:194)
	at org.openqa.selenium.devtools.Connection.lambda$handle$4(Connection.java:321)
	at java.base/java.util.stream.ForEachOps$ForEachOp$OfRef.accept(ForEachOps.java:183)
	at java.base/java.util.stream.ReferencePipeline$2$1.accept(ReferencePipeline.java:177)
	at java.base/java.util.stream.ReferencePipeline$11$1.accept(ReferencePipeline.java:442)
	at java.base/java.util.HashMap$KeySpliterator.forEachRemaining(HashMap.java:1621)
	at java.base/java.util.stream.AbstractPipeline.copyInto(AbstractPipeline.java:484)
	at java.base/java.util.stream.AbstractPipeline.wrapAndCopyInto(AbstractPipeline.java:474)
	at java.base/java.util.stream.ForEachOps$ForEachOp.evaluateSequential(ForEachOps.java:150)
	at java.base/java.util.stream.ForEachOps$ForEachOp$OfRef.evaluateSequential(ForEachOps.java:173)
	at java.base/java.util.stream.AbstractPipeline.evaluate(AbstractPipeline.java:234)
	at java.base/java.util.stream.ReferencePipeline.forEach(ReferencePipeline.java:497)
	at org.openqa.selenium.devtools.Connection.handle(Connection.java:287)
	at org.openqa.selenium.devtools.Connection.access$200(Connection.java:57)
	at org.openqa.selenium.devtools.Connection$Listener.lambda$onText$0(Connection.java:224)
	at java.base/java.util.concurrent.ThreadPoolExecutor.runWorker(ThreadPoolExecutor.java:1128)
	at java.base/java.util.concurrent.ThreadPoolExecutor$Worker.run(ThreadPoolExecutor.java:628)
	at java.base/java.lang.Thread.run(Thread.java:829)
Caused by: org.openqa.selenium.WebDriverException: {"id":1875,"error":{"code":-32602,"message":"Invalid InterceptionId."},"sessionId":"69DE6D1A85B5D627489871F60443E14A"}
Build info: version: '4.11.0', revision: '040bc5406b'
System info: os.name: 'Windows 10', os.arch: 'amd64', os.version: '10.0', java.version: '11.0.18'
Driver info: driver.version: unknown
	at org.openqa.selenium.devtools.Connection.handle(Connection.java:260)
	... 5 more

Exception in thread "CDP Connection" org.openqa.selenium.devtools.DevToolsException: {"id":1875,"error":{"code":-32602,"message":"Invalid InterceptionId."},"sessionId":"69DE6D1A85B5D627489871F60443E14A"}
Build info: version: '4.11.0', revision: '040bc5406b'
System info: os.name: 'Windows 10', os.arch: 'amd64', os.version: '10.0', java.version: '11.0.18'
Driver info: driver.version: unknown
	at org.openqa.selenium.devtools.Connection$Listener.lambda$onText$0(Connection.java:227)
	at java.base/java.util.concurrent.ThreadPoolExecutor.runWorker(ThreadPoolExecutor.java:1128)
	at java.base/java.util.concurrent.ThreadPoolExecutor$Worker.run(ThreadPoolExecutor.java:628)
	at java.base/java.lang.Thread.run(Thread.java:829)
Caused by: org.openqa.selenium.devtools.DevToolsException: {"id":1875,"error":{"code":-32602,"message":"Invalid InterceptionId."},"sessionId":"69DE6D1A85B5D627489871F60443E14A"}
Build info: version: '4.11.0', revision: '040bc5406b'
System info: os.name: 'Windows 10', os.arch: 'amd64', os.version: '10.0', java.version: '11.0.18'
Driver info: driver.version: unknown
	at org.openqa.selenium.devtools.Connection.sendAndWait(Connection.java:181)
	at org.openqa.selenium.devtools.DevTools.send(DevTools.java:81)
	at org.openqa.selenium.devtools.idealized.Network.lambda$prepareToInterceptTraffic$4(Network.java:194)
	at org.openqa.selenium.devtools.Connection.lambda$handle$4(Connection.java:321)
	at java.base/java.util.stream.ForEachOps$ForEachOp$OfRef.accept(ForEachOps.java:183)
	at java.base/java.util.stream.ReferencePipeline$2$1.accept(ReferencePipeline.java:177)
	at java.base/java.util.stream.ReferencePipeline$11$1.accept(ReferencePipeline.java:442)
	at java.base/java.util.HashMap$KeySpliterator.forEachRemaining(HashMap.java:1621)
	at java.base/java.util.stream.AbstractPipeline.copyInto(AbstractPipeline.java:484)
	at java.base/java.util.stream.AbstractPipeline.wrapAndCopyInto(AbstractPipeline.java:474)
	at java.base/java.util.stream.ForEachOps$ForEachOp.evaluateSequential(ForEachOps.java:150)
	at java.base/java.util.stream.ForEachOps$ForEachOp$OfRef.evaluateSequential(ForEachOps.java:173)
	at java.base/java.util.stream.AbstractPipeline.evaluate(AbstractPipeline.java:234)
	at java.base/java.util.stream.ReferencePipeline.forEach(ReferencePipeline.java:497)
	at org.openqa.selenium.devtools.Connection.handle(Connection.java:287)
	at org.openqa.selenium.devtools.Connection.access$200(Connection.java:57)
	at org.openqa.selenium.devtools.Connection$Listener.lambda$onText$0(Connection.java:224)
	... 3 more
Caused by: org.openqa.selenium.WebDriverException: {"id":1875,"error":{"code":-32602,"message":"Invalid InterceptionId."},"sessionId":"69DE6D1A85B5D627489871F60443E14A"}
Build info: version: '4.11.0', revision: '040bc5406b'
System info: os.name: 'Windows 10', os.arch: 'amd64', os.version: '10.0', java.version: '11.0.18'
Driver info: driver.version: unknown
	at org.openqa.selenium.devtools.Connection.handle(Connection.java:260)
	... 5 more
авг. 16, 2023 4:22:27 PM org.openqa.selenium.devtools.Connection$Listener lambda$onText$0
WARNING: Unable to process: {"method":"Fetch.requestPaused","params":{"requestId":"interception-job-305.0","request":{"url":"http://localhost:8080/","method":"GET","headers":{"Accept":"text/html,application/xhtml+xml,application/xml;q=0.9,image/avif,image/webp,image/apng,*/*;q=0.8,application/signed-exchange;v=b3;q=0.7","Upgrade-Insecure-Requests":"1","User-Agent":"Mozilla/5.0 (Windows NT 10.0; Win64; x64) AppleWebKit/537.36 (KHTML, like Gecko) Chrome/116.0.0.0 Safari/537.36","sec-ch-ua":"\"Chromium\";v=\"116\", \"Not)A;Brand\";v=\"24\", \"Google Chrome\";v=\"116\"","sec-ch-ua-mobile":"?0","sec-ch-ua-platform":"\"Windows\""},"initialPriority":"VeryHigh","referrerPolicy":"strict-origin-when-cross-origin"},"frameId":"D165F02B89151667DFD1BF49856829E7","resourceType":"Document"},"sessionId":"69DE6D1A85B5D627489871F60443E14A"}
org.openqa.selenium.devtools.DevToolsException: {"id":1876,"error":{"code":-32602,"message":"Invalid InterceptionId."},"sessionId":"69DE6D1A85B5D627489871F60443E14A"}
Build info: version: '4.11.0', revision: '040bc5406b'
System info: os.name: 'Windows 10', os.arch: 'amd64', os.version: '10.0', java.version: '11.0.18'
Driver info: driver.version: unknown
	at org.openqa.selenium.devtools.Connection.sendAndWait(Connection.java:181)
	at org.openqa.selenium.devtools.DevTools.send(DevTools.java:81)
	at org.openqa.selenium.devtools.idealized.Network.lambda$prepareToInterceptTraffic$3(Network.java:211)
	at org.openqa.selenium.remote.http.Filter.lambda$andFinally$1(Filter.java:55)
	at org.openqa.selenium.devtools.idealized.Network.lambda$prepareToInterceptTraffic$4(Network.java:226)
	at org.openqa.selenium.devtools.Connection.lambda$handle$4(Connection.java:321)
	at java.base/java.util.stream.ForEachOps$ForEachOp$OfRef.accept(ForEachOps.java:183)
	at java.base/java.util.stream.ReferencePipeline$2$1.accept(ReferencePipeline.java:177)
	at java.base/java.util.stream.ReferencePipeline$11$1.accept(ReferencePipeline.java:442)
	at java.base/java.util.HashMap$KeySpliterator.forEachRemaining(HashMap.java:1621)
	at java.base/java.util.stream.AbstractPipeline.copyInto(AbstractPipeline.java:484)
	at java.base/java.util.stream.AbstractPipeline.wrapAndCopyInto(AbstractPipeline.java:474)
	at java.base/java.util.stream.ForEachOps$ForEachOp.evaluateSequential(ForEachOps.java:150)
	at java.base/java.util.stream.ForEachOps$ForEachOp$OfRef.evaluateSequential(ForEachOps.java:173)
	at java.base/java.util.stream.AbstractPipeline.evaluate(AbstractPipeline.java:234)
	at java.base/java.util.stream.ReferencePipeline.forEach(ReferencePipeline.java:497)
	at org.openqa.selenium.devtools.Connection.handle(Connection.java:287)
	at org.openqa.selenium.devtools.Connection.access$200(Connection.java:57)
	at org.openqa.selenium.devtools.Connection$Listener.lambda$onText$0(Connection.java:224)
	at java.base/java.util.concurrent.ThreadPoolExecutor.runWorker(ThreadPoolExecutor.java:1128)
	at java.base/java.util.concurrent.ThreadPoolExecutor$Worker.run(ThreadPoolExecutor.java:628)
	at java.base/java.lang.Thread.run(Thread.java:829)
Caused by: org.openqa.selenium.WebDriverException: {"id":1876,"error":{"code":-32602,"message":"Invalid InterceptionId."},"sessionId":"69DE6D1A85B5D627489871F60443E14A"}
Build info: version: '4.11.0', revision: '040bc5406b'
System info: os.name: 'Windows 10', os.arch: 'amd64', os.version: '10.0', java.version: '11.0.18'
Driver info: driver.version: unknown
	at org.openqa.selenium.devtools.Connection.handle(Connection.java:260)
	... 5 more

Exception in thread "CDP Connection" org.openqa.selenium.devtools.DevToolsException: {"id":1876,"error":{"code":-32602,"message":"Invalid InterceptionId."},"sessionId":"69DE6D1A85B5D627489871F60443E14A"}
Build info: version: '4.11.0', revision: '040bc5406b'
System info: os.name: 'Windows 10', os.arch: 'amd64', os.version: '10.0', java.version: '11.0.18'
Driver info: driver.version: unknown
	at org.openqa.selenium.devtools.Connection$Listener.lambda$onText$0(Connection.java:227)
	at java.base/java.util.concurrent.ThreadPoolExecutor.runWorker(ThreadPoolExecutor.java:1128)
	at java.base/java.util.concurrent.ThreadPoolExecutor$Worker.run(ThreadPoolExecutor.java:628)
	at java.base/java.lang.Thread.run(Thread.java:829)
Caused by: org.openqa.selenium.devtools.DevToolsException: {"id":1876,"error":{"code":-32602,"message":"Invalid InterceptionId."},"sessionId":"69DE6D1A85B5D627489871F60443E14A"}
Build info: version: '4.11.0', revision: '040bc5406b'
System info: os.name: 'Windows 10', os.arch: 'amd64', os.version: '10.0', java.version: '11.0.18'
Driver info: driver.version: unknown
	at org.openqa.selenium.devtools.Connection.sendAndWait(Connection.java:181)
	at org.openqa.selenium.devtools.DevTools.send(DevTools.java:81)
	at org.openqa.selenium.devtools.idealized.Network.lambda$prepareToInterceptTraffic$3(Network.java:211)
	at org.openqa.selenium.remote.http.Filter.lambda$andFinally$1(Filter.java:55)
	at org.openqa.selenium.devtools.idealized.Network.lambda$prepareToInterceptTraffic$4(Network.java:226)
	at org.openqa.selenium.devtools.Connection.lambda$handle$4(Connection.java:321)
	at java.base/java.util.stream.ForEachOps$ForEachOp$OfRef.accept(ForEachOps.java:183)
	at java.base/java.util.stream.ReferencePipeline$2$1.accept(ReferencePipeline.java:177)
	at java.base/java.util.stream.ReferencePipeline$11$1.accept(ReferencePipeline.java:442)
	at java.base/java.util.HashMap$KeySpliterator.forEachRemaining(HashMap.java:1621)
	at java.base/java.util.stream.AbstractPipeline.copyInto(AbstractPipeline.java:484)
	at java.base/java.util.stream.AbstractPipeline.wrapAndCopyInto(AbstractPipeline.java:474)
	at java.base/java.util.stream.ForEachOps$ForEachOp.evaluateSequential(ForEachOps.java:150)
	at java.base/java.util.stream.ForEachOps$ForEachOp$OfRef.evaluateSequential(ForEachOps.java:173)
	at java.base/java.util.stream.AbstractPipeline.evaluate(AbstractPipeline.java:234)
	at java.base/java.util.stream.ReferencePipeline.forEach(ReferencePipeline.java:497)
	at org.openqa.selenium.devtools.Connection.handle(Connection.java:287)
	at org.openqa.selenium.devtools.Connection.access$200(Connection.java:57)
	at org.openqa.selenium.devtools.Connection$Listener.lambda$onText$0(Connection.java:224)
	... 3 more
Caused by: org.openqa.selenium.WebDriverException: {"id":1876,"error":{"code":-32602,"message":"Invalid InterceptionId."},"sessionId":"69DE6D1A85B5D627489871F60443E14A"}
Build info: version: '4.11.0', revision: '040bc5406b'
System info: os.name: 'Windows 10', os.arch: 'amd64', os.version: '10.0', java.version: '11.0.18'
Driver info: driver.version: unknown
	at org.openqa.selenium.devtools.Connection.handle(Connection.java:260)
	... 5 more
авг. 16, 2023 4:22:27 PM org.openqa.selenium.devtools.Connection$Listener lambda$onText$0
WARNING: Unable to process: {"method":"Fetch.requestPaused","params":{"requestId":"interception-job-307.0","request":{"url":"http://localhost:8080/static/css/main.8978894b.chunk.css","method":"GET","headers":{"Accept":"text/css,*/*;q=0.1","Referer":"http://localhost:8080/","User-Agent":"Mozilla/5.0 (Windows NT 10.0; Win64; x64) AppleWebKit/537.36 (KHTML, like Gecko) Chrome/116.0.0.0 Safari/537.36","sec-ch-ua":"\"Chromium\";v=\"116\", \"Not)A;Brand\";v=\"24\", \"Google Chrome\";v=\"116\"","sec-ch-ua-mobile":"?0","sec-ch-ua-platform":"\"Windows\""},"initialPriority":"VeryHigh","referrerPolicy":"unsafe-url"},"frameId":"D165F02B89151667DFD1BF49856829E7","resourceType":"Stylesheet","responseStatusCode":200,"responseStatusText":"","responseHeaders":[{"name":"Vary","value":"Origin"},{"name":"Vary","value":"Access-Control-Request-Method"},{"name":"Vary","value":"Access-Control-Request-Headers"},{"name":"Last-Modified","value":"Thu, 03 Aug 2023 10:18:16 GMT"},{"name":"Accept-Ranges","value":"bytes"},{"name":"Content-Type","value":"text/css"},{"name":"Content-Length","value":"700"},{"name":"Date","value":"Wed, 16 Aug 2023 13:20:22 GMT"}]},"sessionId":"69DE6D1A85B5D627489871F60443E14A"}
org.openqa.selenium.devtools.DevToolsException: {"id":1889,"error":{"code":-32602,"message":"Invalid InterceptionId."},"sessionId":"69DE6D1A85B5D627489871F60443E14A"}
Build info: version: '4.11.0', revision: '040bc5406b'
System info: os.name: 'Windows 10', os.arch: 'amd64', os.version: '10.0', java.version: '11.0.18'
Driver info: driver.version: unknown
	at org.openqa.selenium.devtools.Connection.sendAndWait(Connection.java:181)
	at org.openqa.selenium.devtools.DevTools.send(DevTools.java:81)
	at org.openqa.selenium.devtools.idealized.Network.lambda$prepareToInterceptTraffic$4(Network.java:194)
	at org.openqa.selenium.devtools.Connection.lambda$handle$4(Connection.java:321)
	at java.base/java.util.stream.ForEachOps$ForEachOp$OfRef.accept(ForEachOps.java:183)
	at java.base/java.util.stream.ReferencePipeline$2$1.accept(ReferencePipeline.java:177)
	at java.base/java.util.stream.ReferencePipeline$11$1.accept(ReferencePipeline.java:442)
	at java.base/java.util.HashMap$KeySpliterator.forEachRemaining(HashMap.java:1621)
	at java.base/java.util.stream.AbstractPipeline.copyInto(AbstractPipeline.java:484)
	at java.base/java.util.stream.AbstractPipeline.wrapAndCopyInto(AbstractPipeline.java:474)
	at java.base/java.util.stream.ForEachOps$ForEachOp.evaluateSequential(ForEachOps.java:150)
	at java.base/java.util.stream.ForEachOps$ForEachOp$OfRef.evaluateSequential(ForEachOps.java:173)
	at java.base/java.util.stream.AbstractPipeline.evaluate(AbstractPipeline.java:234)
	at java.base/java.util.stream.ReferencePipeline.forEach(ReferencePipeline.java:497)
	at org.openqa.selenium.devtools.Connection.handle(Connection.java:287)
	at org.openqa.selenium.devtools.Connection.access$200(Connection.java:57)
	at org.openqa.selenium.devtools.Connection$Listener.lambda$onText$0(Connection.java:224)
	at java.base/java.util.concurrent.ThreadPoolExecutor.runWorker(ThreadPoolExecutor.java:1128)
	at java.base/java.util.concurrent.ThreadPoolExecutor$Worker.run(ThreadPoolExecutor.java:628)
	at java.base/java.lang.Thread.run(Thread.java:829)
Caused by: org.openqa.selenium.WebDriverException: {"id":1889,"error":{"code":-32602,"message":"Invalid InterceptionId."},"sessionId":"69DE6D1A85B5D627489871F60443E14A"}
Build info: version: '4.11.0', revision: '040bc5406b'
System info: os.name: 'Windows 10', os.arch: 'amd64', os.version: '10.0', java.version: '11.0.18'
Driver info: driver.version: unknown
	at org.openqa.selenium.devtools.Connection.handle(Connection.java:260)
	... 5 more

Exception in thread "CDP Connection" org.openqa.selenium.devtools.DevToolsException: {"id":1889,"error":{"code":-32602,"message":"Invalid InterceptionId."},"sessionId":"69DE6D1A85B5D627489871F60443E14A"}
Build info: version: '4.11.0', revision: '040bc5406b'
System info: os.name: 'Windows 10', os.arch: 'amd64', os.version: '10.0', java.version: '11.0.18'
Driver info: driver.version: unknown
	at org.openqa.selenium.devtools.Connection$Listener.lambda$onText$0(Connection.java:227)
	at java.base/java.util.concurrent.ThreadPoolExecutor.runWorker(ThreadPoolExecutor.java:1128)
	at java.base/java.util.concurrent.ThreadPoolExecutor$Worker.run(ThreadPoolExecutor.java:628)
	at java.base/java.lang.Thread.run(Thread.java:829)
Caused by: org.openqa.selenium.devtools.DevToolsException: {"id":1889,"error":{"code":-32602,"message":"Invalid InterceptionId."},"sessionId":"69DE6D1A85B5D627489871F60443E14A"}
Build info: version: '4.11.0', revision: '040bc5406b'
System info: os.name: 'Windows 10', os.arch: 'amd64', os.version: '10.0', java.version: '11.0.18'
Driver info: driver.version: unknown
	at org.openqa.selenium.devtools.Connection.sendAndWait(Connection.java:181)
	at org.openqa.selenium.devtools.DevTools.send(DevTools.java:81)
	at org.openqa.selenium.devtools.idealized.Network.lambda$prepareToInterceptTraffic$4(Network.java:194)
	at org.openqa.selenium.devtools.Connection.lambda$handle$4(Connection.java:321)
	at java.base/java.util.stream.ForEachOps$ForEachOp$OfRef.accept(ForEachOps.java:183)
	at java.base/java.util.stream.ReferencePipeline$2$1.accept(ReferencePipeline.java:177)
	at java.base/java.util.stream.ReferencePipeline$11$1.accept(ReferencePipeline.java:442)
	at java.base/java.util.HashMap$KeySpliterator.forEachRemaining(HashMap.java:1621)
	at java.base/java.util.stream.AbstractPipeline.copyInto(AbstractPipeline.java:484)
	at java.base/java.util.stream.AbstractPipeline.wrapAndCopyInto(AbstractPipeline.java:474)
	at java.base/java.util.stream.ForEachOps$ForEachOp.evaluateSequential(ForEachOps.java:150)
	at java.base/java.util.stream.ForEachOps$ForEachOp$OfRef.evaluateSequential(ForEachOps.java:173)
	at java.base/java.util.stream.AbstractPipeline.evaluate(AbstractPipeline.java:234)
	at java.base/java.util.stream.ReferencePipeline.forEach(ReferencePipeline.java:497)
	at org.openqa.selenium.devtools.Connection.handle(Connection.java:287)
	at org.openqa.selenium.devtools.Connection.access$200(Connection.java:57)
	at org.openqa.selenium.devtools.Connection$Listener.lambda$onText$0(Connection.java:224)
	... 3 more
Caused by: org.openqa.selenium.WebDriverException: {"id":1889,"error":{"code":-32602,"message":"Invalid InterceptionId."},"sessionId":"69DE6D1A85B5D627489871F60443E14A"}
Build info: version: '4.11.0', revision: '040bc5406b'
System info: os.name: 'Windows 10', os.arch: 'amd64', os.version: '10.0', java.version: '11.0.18'
Driver info: driver.version: unknown
	at org.openqa.selenium.devtools.Connection.handle(Connection.java:260)
	... 5 more
авг. 16, 2023 4:22:27 PM org.openqa.selenium.devtools.Connection$Listener lambda$onText$0
WARNING: Unable to process: {"method":"Fetch.requestPaused","params":{"requestId":"interception-job-309.0","request":{"url":"http://localhost:8080/static/js/main.aab190f3.chunk.js","method":"GET","headers":{"Accept":"*/*","Referer":"http://localhost:8080/","User-Agent":"Mozilla/5.0 (Windows NT 10.0; Win64; x64) AppleWebKit/537.36 (KHTML, like Gecko) Chrome/116.0.0.0 Safari/537.36","sec-ch-ua":"\"Chromium\";v=\"116\", \"Not)A;Brand\";v=\"24\", \"Google Chrome\";v=\"116\"","sec-ch-ua-mobile":"?0","sec-ch-ua-platform":"\"Windows\""},"initialPriority":"High","referrerPolicy":"unsafe-url"},"frameId":"D165F02B89151667DFD1BF49856829E7","resourceType":"Script","responseStatusCode":200,"responseStatusText":"","responseHeaders":[{"name":"Vary","value":"Origin"},{"name":"Vary","value":"Access-Control-Request-Method"},{"name":"Vary","value":"Access-Control-Request-Headers"},{"name":"Last-Modified","value":"Thu, 03 Aug 2023 10:18:16 GMT"},{"name":"Accept-Ranges","value":"bytes"},{"name":"Content-Type","value":"application/javascript"},{"name":"Content-Length","value":"9137"},{"name":"Date","value":"Wed, 16 Aug 2023 13:20:22 GMT"}]},"sessionId":"69DE6D1A85B5D627489871F60443E14A"}
org.openqa.selenium.devtools.DevToolsException: {"id":1890,"error":{"code":-32602,"message":"Invalid InterceptionId."},"sessionId":"69DE6D1A85B5D627489871F60443E14A"}
Build info: version: '4.11.0', revision: '040bc5406b'
System info: os.name: 'Windows 10', os.arch: 'amd64', os.version: '10.0', java.version: '11.0.18'
Driver info: driver.version: unknown
	at org.openqa.selenium.devtools.Connection.sendAndWait(Connection.java:181)
	at org.openqa.selenium.devtools.DevTools.send(DevTools.java:81)
	at org.openqa.selenium.devtools.idealized.Network.lambda$prepareToInterceptTraffic$4(Network.java:194)
	at org.openqa.selenium.devtools.Connection.lambda$handle$4(Connection.java:321)
	at java.base/java.util.stream.ForEachOps$ForEachOp$OfRef.accept(ForEachOps.java:183)
	at java.base/java.util.stream.ReferencePipeline$2$1.accept(ReferencePipeline.java:177)
	at java.base/java.util.stream.ReferencePipeline$11$1.accept(ReferencePipeline.java:442)
	at java.base/java.util.HashMap$KeySpliterator.forEachRemaining(HashMap.java:1621)
	at java.base/java.util.stream.AbstractPipeline.copyInto(AbstractPipeline.java:484)
	at java.base/java.util.stream.AbstractPipeline.wrapAndCopyInto(AbstractPipeline.java:474)
	at java.base/java.util.stream.ForEachOps$ForEachOp.evaluateSequential(ForEachOps.java:150)
	at java.base/java.util.stream.ForEachOps$ForEachOp$OfRef.evaluateSequential(ForEachOps.java:173)
	at java.base/java.util.stream.AbstractPipeline.evaluate(AbstractPipeline.java:234)
	at java.base/java.util.stream.ReferencePipeline.forEach(ReferencePipeline.java:497)
	at org.openqa.selenium.devtools.Connection.handle(Connection.java:287)
	at org.openqa.selenium.devtools.Connection.access$200(Connection.java:57)
	at org.openqa.selenium.devtools.Connection$Listener.lambda$onText$0(Connection.java:224)
	at java.base/java.util.concurrent.ThreadPoolExecutor.runWorker(ThreadPoolExecutor.java:1128)
	at java.base/java.util.concurrent.ThreadPoolExecutor$Worker.run(ThreadPoolExecutor.java:628)
	at java.base/java.lang.Thread.run(Thread.java:829)
Caused by: org.openqa.selenium.WebDriverException: {"id":1890,"error":{"code":-32602,"message":"Invalid InterceptionId."},"sessionId":"69DE6D1A85B5D627489871F60443E14A"}
Build info: version: '4.11.0', revision: '040bc5406b'
System info: os.name: 'Windows 10', os.arch: 'amd64', os.version: '10.0', java.version: '11.0.18'
Driver info: driver.version: unknown
	at org.openqa.selenium.devtools.Connection.handle(Connection.java:260)
	... 5 more

Exception in thread "CDP Connection" org.openqa.selenium.devtools.DevToolsException: {"id":1890,"error":{"code":-32602,"message":"Invalid InterceptionId."},"sessionId":"69DE6D1A85B5D627489871F60443E14A"}
Build info: version: '4.11.0', revision: '040bc5406b'
System info: os.name: 'Windows 10', os.arch: 'amd64', os.version: '10.0', java.version: '11.0.18'
Driver info: driver.version: unknown
	at org.openqa.selenium.devtools.Connection$Listener.lambda$onText$0(Connection.java:227)
	at java.base/java.util.concurrent.ThreadPoolExecutor.runWorker(ThreadPoolExecutor.java:1128)
	at java.base/java.util.concurrent.ThreadPoolExecutor$Worker.run(ThreadPoolExecutor.java:628)
	at java.base/java.lang.Thread.run(Thread.java:829)
Caused by: org.openqa.selenium.devtools.DevToolsException: {"id":1890,"error":{"code":-32602,"message":"Invalid InterceptionId."},"sessionId":"69DE6D1A85B5D627489871F60443E14A"}
Build info: version: '4.11.0', revision: '040bc5406b'
System info: os.name: 'Windows 10', os.arch: 'amd64', os.version: '10.0', java.version: '11.0.18'
Driver info: driver.version: unknown
	at org.openqa.selenium.devtools.Connection.sendAndWait(Connection.java:181)
	at org.openqa.selenium.devtools.DevTools.send(DevTools.java:81)
	at org.openqa.selenium.devtools.idealized.Network.lambda$prepareToInterceptTraffic$4(Network.java:194)
	at org.openqa.selenium.devtools.Connection.lambda$handle$4(Connection.java:321)
	at java.base/java.util.stream.ForEachOps$ForEachOp$OfRef.accept(ForEachOps.java:183)
	at java.base/java.util.stream.ReferencePipeline$2$1.accept(ReferencePipeline.java:177)
	at java.base/java.util.stream.ReferencePipeline$11$1.accept(ReferencePipeline.java:442)
	at java.base/java.util.HashMap$KeySpliterator.forEachRemaining(HashMap.java:1621)
	at java.base/java.util.stream.AbstractPipeline.copyInto(AbstractPipeline.java:484)
	at java.base/java.util.stream.AbstractPipeline.wrapAndCopyInto(AbstractPipeline.java:474)
	at java.base/java.util.stream.ForEachOps$ForEachOp.evaluateSequential(ForEachOps.java:150)
	at java.base/java.util.stream.ForEachOps$ForEachOp$OfRef.evaluateSequential(ForEachOps.java:173)
	at java.base/java.util.stream.AbstractPipeline.evaluate(AbstractPipeline.java:234)
	at java.base/java.util.stream.ReferencePipeline.forEach(ReferencePipeline.java:497)
	at org.openqa.selenium.devtools.Connection.handle(Connection.java:287)
	at org.openqa.selenium.devtools.Connection.access$200(Connection.java:57)
	at org.openqa.selenium.devtools.Connection$Listener.lambda$onText$0(Connection.java:224)
	... 3 more
Caused by: org.openqa.selenium.WebDriverException: {"id":1890,"error":{"code":-32602,"message":"Invalid InterceptionId."},"sessionId":"69DE6D1A85B5D627489871F60443E14A"}
Build info: version: '4.11.0', revision: '040bc5406b'
System info: os.name: 'Windows 10', os.arch: 'amd64', os.version: '10.0', java.version: '11.0.18'
Driver info: driver.version: unknown
	at org.openqa.selenium.devtools.Connection.handle(Connection.java:260)
	... 5 more
авг. 16, 2023 4:22:27 PM org.openqa.selenium.devtools.Connection$Listener lambda$onText$0
WARNING: Unable to process: {"method":"Fetch.requestPaused","params":{"requestId":"interception-job-307.0","request":{"url":"http://localhost:8080/static/css/main.8978894b.chunk.css","method":"GET","headers":{"Accept":"text/css,*/*;q=0.1","Referer":"http://localhost:8080/","User-Agent":"Mozilla/5.0 (Windows NT 10.0; Win64; x64) AppleWebKit/537.36 (KHTML, like Gecko) Chrome/116.0.0.0 Safari/537.36","sec-ch-ua":"\"Chromium\";v=\"116\", \"Not)A;Brand\";v=\"24\", \"Google Chrome\";v=\"116\"","sec-ch-ua-mobile":"?0","sec-ch-ua-platform":"\"Windows\""},"initialPriority":"VeryHigh","referrerPolicy":"strict-origin-when-cross-origin"},"frameId":"D165F02B89151667DFD1BF49856829E7","resourceType":"Stylesheet"},"sessionId":"69DE6D1A85B5D627489871F60443E14A"}
org.openqa.selenium.devtools.DevToolsException: {"id":1891,"error":{"code":-32602,"message":"Invalid InterceptionId."},"sessionId":"69DE6D1A85B5D627489871F60443E14A"}
Build info: version: '4.11.0', revision: '040bc5406b'
System info: os.name: 'Windows 10', os.arch: 'amd64', os.version: '10.0', java.version: '11.0.18'
Driver info: driver.version: unknown
	at org.openqa.selenium.devtools.Connection.sendAndWait(Connection.java:181)
	at org.openqa.selenium.devtools.DevTools.send(DevTools.java:81)
	at org.openqa.selenium.devtools.idealized.Network.lambda$prepareToInterceptTraffic$3(Network.java:211)
	at org.openqa.selenium.remote.http.Filter.lambda$andFinally$1(Filter.java:55)
	at org.openqa.selenium.devtools.idealized.Network.lambda$prepareToInterceptTraffic$4(Network.java:226)
	at org.openqa.selenium.devtools.Connection.lambda$handle$4(Connection.java:321)
	at java.base/java.util.stream.ForEachOps$ForEachOp$OfRef.accept(ForEachOps.java:183)
	at java.base/java.util.stream.ReferencePipeline$2$1.accept(ReferencePipeline.java:177)
	at java.base/java.util.stream.ReferencePipeline$11$1.accept(ReferencePipeline.java:442)
	at java.base/java.util.HashMap$KeySpliterator.forEachRemaining(HashMap.java:1621)
	at java.base/java.util.stream.AbstractPipeline.copyInto(AbstractPipeline.java:484)
	at java.base/java.util.stream.AbstractPipeline.wrapAndCopyInto(AbstractPipeline.java:474)
	at java.base/java.util.stream.ForEachOps$ForEachOp.evaluateSequential(ForEachOps.java:150)
	at java.base/java.util.stream.ForEachOps$ForEachOp$OfRef.evaluateSequential(ForEachOps.java:173)
	at java.base/java.util.stream.AbstractPipeline.evaluate(AbstractPipeline.java:234)
	at java.base/java.util.stream.ReferencePipeline.forEach(ReferencePipeline.java:497)
	at org.openqa.selenium.devtools.Connection.handle(Connection.java:287)
	at org.openqa.selenium.devtools.Connection.access$200(Connection.java:57)
	at org.openqa.selenium.devtools.Connection$Listener.lambda$onText$0(Connection.java:224)
	at java.base/java.util.concurrent.ThreadPoolExecutor.runWorker(ThreadPoolExecutor.java:1128)
	at java.base/java.util.concurrent.ThreadPoolExecutor$Worker.run(ThreadPoolExecutor.java:628)
	at java.base/java.lang.Thread.run(Thread.java:829)
Caused by: org.openqa.selenium.WebDriverException: {"id":1891,"error":{"code":-32602,"message":"Invalid InterceptionId."},"sessionId":"69DE6D1A85B5D627489871F60443E14A"}
Build info: version: '4.11.0', revision: '040bc5406b'
System info: os.name: 'Windows 10', os.arch: 'amd64', os.version: '10.0', java.version: '11.0.18'
Driver info: driver.version: unknown
	at org.openqa.selenium.devtools.Connection.handle(Connection.java:260)
	... 5 more

Exception in thread "CDP Connection" org.openqa.selenium.devtools.DevToolsException: {"id":1891,"error":{"code":-32602,"message":"Invalid InterceptionId."},"sessionId":"69DE6D1A85B5D627489871F60443E14A"}
Build info: version: '4.11.0', revision: '040bc5406b'
System info: os.name: 'Windows 10', os.arch: 'amd64', os.version: '10.0', java.version: '11.0.18'
Driver info: driver.version: unknown
	at org.openqa.selenium.devtools.Connection$Listener.lambda$onText$0(Connection.java:227)
	at java.base/java.util.concurrent.ThreadPoolExecutor.runWorker(ThreadPoolExecutor.java:1128)
	at java.base/java.util.concurrent.ThreadPoolExecutor$Worker.run(ThreadPoolExecutor.java:628)
	at java.base/java.lang.Thread.run(Thread.java:829)
Caused by: org.openqa.selenium.devtools.DevToolsException: {"id":1891,"error":{"code":-32602,"message":"Invalid InterceptionId."},"sessionId":"69DE6D1A85B5D627489871F60443E14A"}
Build info: version: '4.11.0', revision: '040bc5406b'
System info: os.name: 'Windows 10', os.arch: 'amd64', os.version: '10.0', java.version: '11.0.18'
Driver info: driver.version: unknown
	at org.openqa.selenium.devtools.Connection.sendAndWait(Connection.java:181)
	at org.openqa.selenium.devtools.DevTools.send(DevTools.java:81)
	at org.openqa.selenium.devtools.idealized.Network.lambda$prepareToInterceptTraffic$3(Network.java:211)
	at org.openqa.selenium.remote.http.Filter.lambda$andFinally$1(Filter.java:55)
	at org.openqa.selenium.devtools.idealized.Network.lambda$prepareToInterceptTraffic$4(Network.java:226)
	at org.openqa.selenium.devtools.Connection.lambda$handle$4(Connection.java:321)
	at java.base/java.util.stream.ForEachOps$ForEachOp$OfRef.accept(ForEachOps.java:183)
	at java.base/java.util.stream.ReferencePipeline$2$1.accept(ReferencePipeline.java:177)
	at java.base/java.util.stream.ReferencePipeline$11$1.accept(ReferencePipeline.java:442)
	at java.base/java.util.HashMap$KeySpliterator.forEachRemaining(HashMap.java:1621)
	at java.base/java.util.stream.AbstractPipeline.copyInto(AbstractPipeline.java:484)
	at java.base/java.util.stream.AbstractPipeline.wrapAndCopyInto(AbstractPipeline.java:474)
	at java.base/java.util.stream.ForEachOps$ForEachOp.evaluateSequential(ForEachOps.java:150)
	at java.base/java.util.stream.ForEachOps$ForEachOp$OfRef.evaluateSequential(ForEachOps.java:173)
	at java.base/java.util.stream.AbstractPipeline.evaluate(AbstractPipeline.java:234)
	at java.base/java.util.stream.ReferencePipeline.forEach(ReferencePipeline.java:497)
	at org.openqa.selenium.devtools.Connection.handle(Connection.java:287)
	at org.openqa.selenium.devtools.Connection.access$200(Connection.java:57)
	at org.openqa.selenium.devtools.Connection$Listener.lambda$onText$0(Connection.java:224)
	... 3 more
Caused by: org.openqa.selenium.WebDriverException: {"id":1891,"error":{"code":-32602,"message":"Invalid InterceptionId."},"sessionId":"69DE6D1A85B5D627489871F60443E14A"}
Build info: version: '4.11.0', revision: '040bc5406b'
System info: os.name: 'Windows 10', os.arch: 'amd64', os.version: '10.0', java.version: '11.0.18'
Driver info: driver.version: unknown
	at org.openqa.selenium.devtools.Connection.handle(Connection.java:260)
	... 5 more
авг. 16, 2023 4:22:27 PM org.openqa.selenium.devtools.Connection$Listener lambda$onText$0
WARNING: Unable to process: {"method":"Fetch.requestPaused","params":{"requestId":"interception-job-309.0","request":{"url":"http://localhost:8080/static/js/main.aab190f3.chunk.js","method":"GET","headers":{"Accept":"*/*","Referer":"http://localhost:8080/","User-Agent":"Mozilla/5.0 (Windows NT 10.0; Win64; x64) AppleWebKit/537.36 (KHTML, like Gecko) Chrome/116.0.0.0 Safari/537.36","sec-ch-ua":"\"Chromium\";v=\"116\", \"Not)A;Brand\";v=\"24\", \"Google Chrome\";v=\"116\"","sec-ch-ua-mobile":"?0","sec-ch-ua-platform":"\"Windows\""},"initialPriority":"High","referrerPolicy":"strict-origin-when-cross-origin"},"frameId":"D165F02B89151667DFD1BF49856829E7","resourceType":"Script"},"sessionId":"69DE6D1A85B5D627489871F60443E14A"}
org.openqa.selenium.devtools.DevToolsException: {"id":1892,"error":{"code":-32602,"message":"Invalid InterceptionId."},"sessionId":"69DE6D1A85B5D627489871F60443E14A"}
Build info: version: '4.11.0', revision: '040bc5406b'
System info: os.name: 'Windows 10', os.arch: 'amd64', os.version: '10.0', java.version: '11.0.18'
Driver info: driver.version: unknown
	at org.openqa.selenium.devtools.Connection.sendAndWait(Connection.java:181)
	at org.openqa.selenium.devtools.DevTools.send(DevTools.java:81)
	at org.openqa.selenium.devtools.idealized.Network.lambda$prepareToInterceptTraffic$3(Network.java:211)
	at org.openqa.selenium.remote.http.Filter.lambda$andFinally$1(Filter.java:55)
	at org.openqa.selenium.devtools.idealized.Network.lambda$prepareToInterceptTraffic$4(Network.java:226)
	at org.openqa.selenium.devtools.Connection.lambda$handle$4(Connection.java:321)
	at java.base/java.util.stream.ForEachOps$ForEachOp$OfRef.accept(ForEachOps.java:183)
	at java.base/java.util.stream.ReferencePipeline$2$1.accept(ReferencePipeline.java:177)
	at java.base/java.util.stream.ReferencePipeline$11$1.accept(ReferencePipeline.java:442)
	at java.base/java.util.HashMap$KeySpliterator.forEachRemaining(HashMap.java:1621)
	at java.base/java.util.stream.AbstractPipeline.copyInto(AbstractPipeline.java:484)
	at java.base/java.util.stream.AbstractPipeline.wrapAndCopyInto(AbstractPipeline.java:474)
	at java.base/java.util.stream.ForEachOps$ForEachOp.evaluateSequential(ForEachOps.java:150)
	at java.base/java.util.stream.ForEachOps$ForEachOp$OfRef.evaluateSequential(ForEachOps.java:173)
	at java.base/java.util.stream.AbstractPipeline.evaluate(AbstractPipeline.java:234)
	at java.base/java.util.stream.ReferencePipeline.forEach(ReferencePipeline.java:497)
	at org.openqa.selenium.devtools.Connection.handle(Connection.java:287)
	at org.openqa.selenium.devtools.Connection.access$200(Connection.java:57)
	at org.openqa.selenium.devtools.Connection$Listener.lambda$onText$0(Connection.java:224)
	at java.base/java.util.concurrent.ThreadPoolExecutor.runWorker(ThreadPoolExecutor.java:1128)
	at java.base/java.util.concurrent.ThreadPoolExecutor$Worker.run(ThreadPoolExecutor.java:628)
	at java.base/java.lang.Thread.run(Thread.java:829)
Caused by: org.openqa.selenium.WebDriverException: {"id":1892,"error":{"code":-32602,"message":"Invalid InterceptionId."},"sessionId":"69DE6D1A85B5D627489871F60443E14A"}
Build info: version: '4.11.0', revision: '040bc5406b'
System info: os.name: 'Windows 10', os.arch: 'amd64', os.version: '10.0', java.version: '11.0.18'
Driver info: driver.version: unknown
	at org.openqa.selenium.devtools.Connection.handle(Connection.java:260)
	... 5 more

Exception in thread "CDP Connection" org.openqa.selenium.devtools.DevToolsException: {"id":1892,"error":{"code":-32602,"message":"Invalid InterceptionId."},"sessionId":"69DE6D1A85B5D627489871F60443E14A"}
Build info: version: '4.11.0', revision: '040bc5406b'
System info: os.name: 'Windows 10', os.arch: 'amd64', os.version: '10.0', java.version: '11.0.18'
Driver info: driver.version: unknown
	at org.openqa.selenium.devtools.Connection$Listener.lambda$onText$0(Connection.java:227)
	at java.base/java.util.concurrent.ThreadPoolExecutor.runWorker(ThreadPoolExecutor.java:1128)
	at java.base/java.util.concurrent.ThreadPoolExecutor$Worker.run(ThreadPoolExecutor.java:628)
	at java.base/java.lang.Thread.run(Thread.java:829)
Caused by: org.openqa.selenium.devtools.DevToolsException: {"id":1892,"error":{"code":-32602,"message":"Invalid InterceptionId."},"sessionId":"69DE6D1A85B5D627489871F60443E14A"}
Build info: version: '4.11.0', revision: '040bc5406b'
System info: os.name: 'Windows 10', os.arch: 'amd64', os.version: '10.0', java.version: '11.0.18'
Driver info: driver.version: unknown
	at org.openqa.selenium.devtools.Connection.sendAndWait(Connection.java:181)
	at org.openqa.selenium.devtools.DevTools.send(DevTools.java:81)
	at org.openqa.selenium.devtools.idealized.Network.lambda$prepareToInterceptTraffic$3(Network.java:211)
	at org.openqa.selenium.remote.http.Filter.lambda$andFinally$1(Filter.java:55)
	at org.openqa.selenium.devtools.idealized.Network.lambda$prepareToInterceptTraffic$4(Network.java:226)
	at org.openqa.selenium.devtools.Connection.lambda$handle$4(Connection.java:321)
	at java.base/java.util.stream.ForEachOps$ForEachOp$OfRef.accept(ForEachOps.java:183)
	at java.base/java.util.stream.ReferencePipeline$2$1.accept(ReferencePipeline.java:177)
	at java.base/java.util.stream.ReferencePipeline$11$1.accept(ReferencePipeline.java:442)
	at java.base/java.util.HashMap$KeySpliterator.forEachRemaining(HashMap.java:1621)
	at java.base/java.util.stream.AbstractPipeline.copyInto(AbstractPipeline.java:484)
	at java.base/java.util.stream.AbstractPipeline.wrapAndCopyInto(AbstractPipeline.java:474)
	at java.base/java.util.stream.ForEachOps$ForEachOp.evaluateSequential(ForEachOps.java:150)
	at java.base/java.util.stream.ForEachOps$ForEachOp$OfRef.evaluateSequential(ForEachOps.java:173)
	at java.base/java.util.stream.AbstractPipeline.evaluate(AbstractPipeline.java:234)
	at java.base/java.util.stream.ReferencePipeline.forEach(ReferencePipeline.java:497)
	at org.openqa.selenium.devtools.Connection.handle(Connection.java:287)
	at org.openqa.selenium.devtools.Connection.access$200(Connection.java:57)
	at org.openqa.selenium.devtools.Connection$Listener.lambda$onText$0(Connection.java:224)
	... 3 more
Caused by: org.openqa.selenium.WebDriverException: {"id":1892,"error":{"code":-32602,"message":"Invalid InterceptionId."},"sessionId":"69DE6D1A85B5D627489871F60443E14A"}
Build info: version: '4.11.0', revision: '040bc5406b'
System info: os.name: 'Windows 10', os.arch: 'amd64', os.version: '10.0', java.version: '11.0.18'
Driver info: driver.version: unknown
	at org.openqa.selenium.devtools.Connection.handle(Connection.java:260)
	... 5 more
авг. 16, 2023 4:22:27 PM org.openqa.selenium.devtools.Connection$Listener lambda$onText$0
WARNING: Unable to process: {"method":"Fetch.requestPaused","params":{"requestId":"interception-job-306.0","request":{"url":"http://localhost:8080/static/css/2.7d875902.chunk.css","method":"GET","headers":{"Accept":"text/css,*/*;q=0.1","Referer":"http://localhost:8080/","User-Agent":"Mozilla/5.0 (Windows NT 10.0; Win64; x64) AppleWebKit/537.36 (KHTML, like Gecko) Chrome/116.0.0.0 Safari/537.36","sec-ch-ua":"\"Chromium\";v=\"116\", \"Not)A;Brand\";v=\"24\", \"Google Chrome\";v=\"116\"","sec-ch-ua-mobile":"?0","sec-ch-ua-platform":"\"Windows\""},"initialPriority":"VeryHigh","referrerPolicy":"strict-origin-when-cross-origin"},"frameId":"D165F02B89151667DFD1BF49856829E7","resourceType":"Stylesheet"},"sessionId":"69DE6D1A85B5D627489871F60443E14A"}
org.openqa.selenium.devtools.DevToolsException: {"id":1896,"error":{"code":-32602,"message":"Invalid InterceptionId."},"sessionId":"69DE6D1A85B5D627489871F60443E14A"}
Build info: version: '4.11.0', revision: '040bc5406b'
System info: os.name: 'Windows 10', os.arch: 'amd64', os.version: '10.0', java.version: '11.0.18'
Driver info: driver.version: unknown
	at org.openqa.selenium.devtools.Connection.sendAndWait(Connection.java:181)
	at org.openqa.selenium.devtools.DevTools.send(DevTools.java:81)
	at org.openqa.selenium.devtools.idealized.Network.lambda$prepareToInterceptTraffic$3(Network.java:211)
	at org.openqa.selenium.remote.http.Filter.lambda$andFinally$1(Filter.java:55)
	at org.openqa.selenium.devtools.idealized.Network.lambda$prepareToInterceptTraffic$4(Network.java:226)
	at org.openqa.selenium.devtools.Connection.lambda$handle$4(Connection.java:321)
	at java.base/java.util.stream.ForEachOps$ForEachOp$OfRef.accept(ForEachOps.java:183)
	at java.base/java.util.stream.ReferencePipeline$2$1.accept(ReferencePipeline.java:177)
	at java.base/java.util.stream.ReferencePipeline$11$1.accept(ReferencePipeline.java:442)
	at java.base/java.util.HashMap$KeySpliterator.forEachRemaining(HashMap.java:1621)
	at java.base/java.util.stream.AbstractPipeline.copyInto(AbstractPipeline.java:484)
	at java.base/java.util.stream.AbstractPipeline.wrapAndCopyInto(AbstractPipeline.java:474)
	at java.base/java.util.stream.ForEachOps$ForEachOp.evaluateSequential(ForEachOps.java:150)
	at java.base/java.util.stream.ForEachOps$ForEachOp$OfRef.evaluateSequential(ForEachOps.java:173)
	at java.base/java.util.stream.AbstractPipeline.evaluate(AbstractPipeline.java:234)
	at java.base/java.util.stream.ReferencePipeline.forEach(ReferencePipeline.java:497)
	at org.openqa.selenium.devtools.Connection.handle(Connection.java:287)
	at org.openqa.selenium.devtools.Connection.access$200(Connection.java:57)
	at org.openqa.selenium.devtools.Connection$Listener.lambda$onText$0(Connection.java:224)
	at java.base/java.util.concurrent.ThreadPoolExecutor.runWorker(ThreadPoolExecutor.java:1128)
	at java.base/java.util.concurrent.ThreadPoolExecutor$Worker.run(ThreadPoolExecutor.java:628)
	at java.base/java.lang.Thread.run(Thread.java:829)
Caused by: org.openqa.selenium.WebDriverException: {"id":1896,"error":{"code":-32602,"message":"Invalid InterceptionId."},"sessionId":"69DE6D1A85B5D627489871F60443E14A"}
Build info: version: '4.11.0', revision: '040bc5406b'
System info: os.name: 'Windows 10', os.arch: 'amd64', os.version: '10.0', java.version: '11.0.18'
Driver info: driver.version: unknown
	at org.openqa.selenium.devtools.Connection.handle(Connection.java:260)
	... 5 more

Exception in thread "CDP Connection" org.openqa.selenium.devtools.DevToolsException: {"id":1896,"error":{"code":-32602,"message":"Invalid InterceptionId."},"sessionId":"69DE6D1A85B5D627489871F60443E14A"}
Build info: version: '4.11.0', revision: '040bc5406b'
System info: os.name: 'Windows 10', os.arch: 'amd64', os.version: '10.0', java.version: '11.0.18'
Driver info: driver.version: unknown
	at org.openqa.selenium.devtools.Connection$Listener.lambda$onText$0(Connection.java:227)
	at java.base/java.util.concurrent.ThreadPoolExecutor.runWorker(ThreadPoolExecutor.java:1128)
	at java.base/java.util.concurrent.ThreadPoolExecutor$Worker.run(ThreadPoolExecutor.java:628)
	at java.base/java.lang.Thread.run(Thread.java:829)
Caused by: org.openqa.selenium.devtools.DevToolsException: {"id":1896,"error":{"code":-32602,"message":"Invalid InterceptionId."},"sessionId":"69DE6D1A85B5D627489871F60443E14A"}
Build info: version: '4.11.0', revision: '040bc5406b'
System info: os.name: 'Windows 10', os.arch: 'amd64', os.version: '10.0', java.version: '11.0.18'
Driver info: driver.version: unknown
	at org.openqa.selenium.devtools.Connection.sendAndWait(Connection.java:181)
	at org.openqa.selenium.devtools.DevTools.send(DevTools.java:81)
	at org.openqa.selenium.devtools.idealized.Network.lambda$prepareToInterceptTraffic$3(Network.java:211)
	at org.openqa.selenium.remote.http.Filter.lambda$andFinally$1(Filter.java:55)
	at org.openqa.selenium.devtools.idealized.Network.lambda$prepareToInterceptTraffic$4(Network.java:226)
	at org.openqa.selenium.devtools.Connection.lambda$handle$4(Connection.java:321)
	at java.base/java.util.stream.ForEachOps$ForEachOp$OfRef.accept(ForEachOps.java:183)
	at java.base/java.util.stream.ReferencePipeline$2$1.accept(ReferencePipeline.java:177)
	at java.base/java.util.stream.ReferencePipeline$11$1.accept(ReferencePipeline.java:442)
	at java.base/java.util.HashMap$KeySpliterator.forEachRemaining(HashMap.java:1621)
	at java.base/java.util.stream.AbstractPipeline.copyInto(AbstractPipeline.java:484)
	at java.base/java.util.stream.AbstractPipeline.wrapAndCopyInto(AbstractPipeline.java:474)
	at java.base/java.util.stream.ForEachOps$ForEachOp.evaluateSequential(ForEachOps.java:150)
	at java.base/java.util.stream.ForEachOps$ForEachOp$OfRef.evaluateSequential(ForEachOps.java:173)
	at java.base/java.util.stream.AbstractPipeline.evaluate(AbstractPipeline.java:234)
	at java.base/java.util.stream.ReferencePipeline.forEach(ReferencePipeline.java:497)
	at org.openqa.selenium.devtools.Connection.handle(Connection.java:287)
	at org.openqa.selenium.devtools.Connection.access$200(Connection.java:57)
	at org.openqa.selenium.devtools.Connection$Listener.lambda$onText$0(Connection.java:224)
	... 3 more
Caused by: org.openqa.selenium.WebDriverException: {"id":1896,"error":{"code":-32602,"message":"Invalid InterceptionId."},"sessionId":"69DE6D1A85B5D627489871F60443E14A"}
Build info: version: '4.11.0', revision: '040bc5406b'
System info: os.name: 'Windows 10', os.arch: 'amd64', os.version: '10.0', java.version: '11.0.18'
Driver info: driver.version: unknown
	at org.openqa.selenium.devtools.Connection.handle(Connection.java:260)
	... 5 more
авг. 16, 2023 4:22:27 PM org.openqa.selenium.devtools.Connection$Listener lambda$onText$0
WARNING: Unable to process: {"method":"Fetch.requestPaused","params":{"requestId":"interception-job-306.0","request":{"url":"http://localhost:8080/static/css/2.7d875902.chunk.css","method":"GET","headers":{"Accept":"text/css,*/*;q=0.1","Referer":"http://localhost:8080/","User-Agent":"Mozilla/5.0 (Windows NT 10.0; Win64; x64) AppleWebKit/537.36 (KHTML, like Gecko) Chrome/116.0.0.0 Safari/537.36","sec-ch-ua":"\"Chromium\";v=\"116\", \"Not)A;Brand\";v=\"24\", \"Google Chrome\";v=\"116\"","sec-ch-ua-mobile":"?0","sec-ch-ua-platform":"\"Windows\""},"initialPriority":"VeryHigh","referrerPolicy":"unsafe-url"},"frameId":"D165F02B89151667DFD1BF49856829E7","resourceType":"Stylesheet","responseStatusCode":200,"responseStatusText":"","responseHeaders":[{"name":"Vary","value":"Origin"},{"name":"Vary","value":"Access-Control-Request-Method"},{"name":"Vary","value":"Access-Control-Request-Headers"},{"name":"Last-Modified","value":"Thu, 03 Aug 2023 10:18:16 GMT"},{"name":"Accept-Ranges","value":"bytes"},{"name":"Content-Type","value":"text/css"},{"name":"Content-Length","value":"87563"},{"name":"Date","value":"Wed, 16 Aug 2023 13:20:22 GMT"}]},"sessionId":"69DE6D1A85B5D627489871F60443E14A"}
org.openqa.selenium.devtools.DevToolsException: {"id":1895,"error":{"code":-32602,"message":"Invalid InterceptionId."},"sessionId":"69DE6D1A85B5D627489871F60443E14A"}
Build info: version: '4.11.0', revision: '040bc5406b'
System info: os.name: 'Windows 10', os.arch: 'amd64', os.version: '10.0', java.version: '11.0.18'
Driver info: driver.version: unknown
	at org.openqa.selenium.devtools.Connection.sendAndWait(Connection.java:181)
	at org.openqa.selenium.devtools.DevTools.send(DevTools.java:81)
	at org.openqa.selenium.devtools.idealized.Network.lambda$prepareToInterceptTraffic$4(Network.java:194)
	at org.openqa.selenium.devtools.Connection.lambda$handle$4(Connection.java:321)
	at java.base/java.util.stream.ForEachOps$ForEachOp$OfRef.accept(ForEachOps.java:183)
	at java.base/java.util.stream.ReferencePipeline$2$1.accept(ReferencePipeline.java:177)
	at java.base/java.util.stream.ReferencePipeline$11$1.accept(ReferencePipeline.java:442)
	at java.base/java.util.HashMap$KeySpliterator.forEachRemaining(HashMap.java:1621)
	at java.base/java.util.stream.AbstractPipeline.copyInto(AbstractPipeline.java:484)
	at java.base/java.util.stream.AbstractPipeline.wrapAndCopyInto(AbstractPipeline.java:474)
	at java.base/java.util.stream.ForEachOps$ForEachOp.evaluateSequential(ForEachOps.java:150)
	at java.base/java.util.stream.ForEachOps$ForEachOp$OfRef.evaluateSequential(ForEachOps.java:173)
	at java.base/java.util.stream.AbstractPipeline.evaluate(AbstractPipeline.java:234)
	at java.base/java.util.stream.ReferencePipeline.forEach(ReferencePipeline.java:497)
	at org.openqa.selenium.devtools.Connection.handle(Connection.java:287)
	at org.openqa.selenium.devtools.Connection.access$200(Connection.java:57)
	at org.openqa.selenium.devtools.Connection$Listener.lambda$onText$0(Connection.java:224)
	at java.base/java.util.concurrent.ThreadPoolExecutor.runWorker(ThreadPoolExecutor.java:1128)
	at java.base/java.util.concurrent.ThreadPoolExecutor$Worker.run(ThreadPoolExecutor.java:628)
	at java.base/java.lang.Thread.run(Thread.java:829)
Caused by: org.openqa.selenium.WebDriverException: {"id":1895,"error":{"code":-32602,"message":"Invalid InterceptionId."},"sessionId":"69DE6D1A85B5D627489871F60443E14A"}
Build info: version: '4.11.0', revision: '040bc5406b'
System info: os.name: 'Windows 10', os.arch: 'amd64', os.version: '10.0', java.version: '11.0.18'
Driver info: driver.version: unknown
	at org.openqa.selenium.devtools.Connection.handle(Connection.java:260)
	... 5 more

Exception in thread "CDP Connection" org.openqa.selenium.devtools.DevToolsException: {"id":1895,"error":{"code":-32602,"message":"Invalid InterceptionId."},"sessionId":"69DE6D1A85B5D627489871F60443E14A"}
Build info: version: '4.11.0', revision: '040bc5406b'
System info: os.name: 'Windows 10', os.arch: 'amd64', os.version: '10.0', java.version: '11.0.18'
Driver info: driver.version: unknown
	at org.openqa.selenium.devtools.Connection$Listener.lambda$onText$0(Connection.java:227)
	at java.base/java.util.concurrent.ThreadPoolExecutor.runWorker(ThreadPoolExecutor.java:1128)
	at java.base/java.util.concurrent.ThreadPoolExecutor$Worker.run(ThreadPoolExecutor.java:628)
	at java.base/java.lang.Thread.run(Thread.java:829)
Caused by: org.openqa.selenium.devtools.DevToolsException: {"id":1895,"error":{"code":-32602,"message":"Invalid InterceptionId."},"sessionId":"69DE6D1A85B5D627489871F60443E14A"}
Build info: version: '4.11.0', revision: '040bc5406b'
System info: os.name: 'Windows 10', os.arch: 'amd64', os.version: '10.0', java.version: '11.0.18'
Driver info: driver.version: unknown
	at org.openqa.selenium.devtools.Connection.sendAndWait(Connection.java:181)
	at org.openqa.selenium.devtools.DevTools.send(DevTools.java:81)
	at org.openqa.selenium.devtools.idealized.Network.lambda$prepareToInterceptTraffic$4(Network.java:194)
	at org.openqa.selenium.devtools.Connection.lambda$handle$4(Connection.java:321)
	at java.base/java.util.stream.ForEachOps$ForEachOp$OfRef.accept(ForEachOps.java:183)
	at java.base/java.util.stream.ReferencePipeline$2$1.accept(ReferencePipeline.java:177)
	at java.base/java.util.stream.ReferencePipeline$11$1.accept(ReferencePipeline.java:442)
	at java.base/java.util.HashMap$KeySpliterator.forEachRemaining(HashMap.java:1621)
	at java.base/java.util.stream.AbstractPipeline.copyInto(AbstractPipeline.java:484)
	at java.base/java.util.stream.AbstractPipeline.wrapAndCopyInto(AbstractPipeline.java:474)
	at java.base/java.util.stream.ForEachOps$ForEachOp.evaluateSequential(ForEachOps.java:150)
	at java.base/java.util.stream.ForEachOps$ForEachOp$OfRef.evaluateSequential(ForEachOps.java:173)
	at java.base/java.util.stream.AbstractPipeline.evaluate(AbstractPipeline.java:234)
	at java.base/java.util.stream.ReferencePipeline.forEach(ReferencePipeline.java:497)
	at org.openqa.selenium.devtools.Connection.handle(Connection.java:287)
	at org.openqa.selenium.devtools.Connection.access$200(Connection.java:57)
	at org.openqa.selenium.devtools.Connection$Listener.lambda$onText$0(Connection.java:224)
	... 3 more
Caused by: org.openqa.selenium.WebDriverException: {"id":1895,"error":{"code":-32602,"message":"Invalid InterceptionId."},"sessionId":"69DE6D1A85B5D627489871F60443E14A"}
Build info: version: '4.11.0', revision: '040bc5406b'
System info: os.name: 'Windows 10', os.arch: 'amd64', os.version: '10.0', java.version: '11.0.18'
Driver info: driver.version: unknown
	at org.openqa.selenium.devtools.Connection.handle(Connection.java:260)
	... 5 more
авг. 16, 2023 4:22:27 PM org.openqa.selenium.devtools.Connection$Listener lambda$onText$0
WARNING: Unable to process: {"method":"Fetch.requestPaused","params":{"requestId":"interception-job-308.0","request":{"url":"http://localhost:8080/static/js/2.0716afe8.chunk.js","method":"GET","headers":{"Accept":"*/*","Referer":"http://localhost:8080/","User-Agent":"Mozilla/5.0 (Windows NT 10.0; Win64; x64) AppleWebKit/537.36 (KHTML, like Gecko) Chrome/116.0.0.0 Safari/537.36","sec-ch-ua":"\"Chromium\";v=\"116\", \"Not)A;Brand\";v=\"24\", \"Google Chrome\";v=\"116\"","sec-ch-ua-mobile":"?0","sec-ch-ua-platform":"\"Windows\""},"initialPriority":"High","referrerPolicy":"unsafe-url"},"frameId":"D165F02B89151667DFD1BF49856829E7","resourceType":"Script","responseStatusCode":200,"responseStatusText":"","responseHeaders":[{"name":"Vary","value":"Origin"},{"name":"Vary","value":"Access-Control-Request-Method"},{"name":"Vary","value":"Access-Control-Request-Headers"},{"name":"Last-Modified","value":"Thu, 03 Aug 2023 10:18:16 GMT"},{"name":"Accept-Ranges","value":"bytes"},{"name":"Content-Type","value":"application/javascript"},{"name":"Content-Length","value":"228167"},{"name":"Date","value":"Wed, 16 Aug 2023 13:20:22 GMT"}]},"sessionId":"69DE6D1A85B5D627489871F60443E14A"}
org.openqa.selenium.devtools.DevToolsException: {"id":1899,"error":{"code":-32602,"message":"Invalid InterceptionId."},"sessionId":"69DE6D1A85B5D627489871F60443E14A"}
Build info: version: '4.11.0', revision: '040bc5406b'
System info: os.name: 'Windows 10', os.arch: 'amd64', os.version: '10.0', java.version: '11.0.18'
Driver info: driver.version: unknown
	at org.openqa.selenium.devtools.Connection.sendAndWait(Connection.java:181)
	at org.openqa.selenium.devtools.DevTools.send(DevTools.java:81)
	at org.openqa.selenium.devtools.idealized.Network.lambda$prepareToInterceptTraffic$4(Network.java:194)
	at org.openqa.selenium.devtools.Connection.lambda$handle$4(Connection.java:321)
	at java.base/java.util.stream.ForEachOps$ForEachOp$OfRef.accept(ForEachOps.java:183)
	at java.base/java.util.stream.ReferencePipeline$2$1.accept(ReferencePipeline.java:177)
	at java.base/java.util.stream.ReferencePipeline$11$1.accept(ReferencePipeline.java:442)
	at java.base/java.util.HashMap$KeySpliterator.forEachRemaining(HashMap.java:1621)
	at java.base/java.util.stream.AbstractPipeline.copyInto(AbstractPipeline.java:484)
	at java.base/java.util.stream.AbstractPipeline.wrapAndCopyInto(AbstractPipeline.java:474)
	at java.base/java.util.stream.ForEachOps$ForEachOp.evaluateSequential(ForEachOps.java:150)
	at java.base/java.util.stream.ForEachOps$ForEachOp$OfRef.evaluateSequential(ForEachOps.java:173)
	at java.base/java.util.stream.AbstractPipeline.evaluate(AbstractPipeline.java:234)
	at java.base/java.util.stream.ReferencePipeline.forEach(ReferencePipeline.java:497)
	at org.openqa.selenium.devtools.Connection.handle(Connection.java:287)
	at org.openqa.selenium.devtools.Connection.access$200(Connection.java:57)
	at org.openqa.selenium.devtools.Connection$Listener.lambda$onText$0(Connection.java:224)
	at java.base/java.util.concurrent.ThreadPoolExecutor.runWorker(ThreadPoolExecutor.java:1128)
	at java.base/java.util.concurrent.ThreadPoolExecutor$Worker.run(ThreadPoolExecutor.java:628)
	at java.base/java.lang.Thread.run(Thread.java:829)
Caused by: org.openqa.selenium.WebDriverException: {"id":1899,"error":{"code":-32602,"message":"Invalid InterceptionId."},"sessionId":"69DE6D1A85B5D627489871F60443E14A"}
Build info: version: '4.11.0', revision: '040bc5406b'
System info: os.name: 'Windows 10', os.arch: 'amd64', os.version: '10.0', java.version: '11.0.18'
Driver info: driver.version: unknown
	at org.openqa.selenium.devtools.Connection.handle(Connection.java:260)
	... 5 more

Exception in thread "CDP Connection" org.openqa.selenium.devtools.DevToolsException: {"id":1899,"error":{"code":-32602,"message":"Invalid InterceptionId."},"sessionId":"69DE6D1A85B5D627489871F60443E14A"}
Build info: version: '4.11.0', revision: '040bc5406b'
System info: os.name: 'Windows 10', os.arch: 'amd64', os.version: '10.0', java.version: '11.0.18'
Driver info: driver.version: unknown
	at org.openqa.selenium.devtools.Connection$Listener.lambda$onText$0(Connection.java:227)
	at java.base/java.util.concurrent.ThreadPoolExecutor.runWorker(ThreadPoolExecutor.java:1128)
	at java.base/java.util.concurrent.ThreadPoolExecutor$Worker.run(ThreadPoolExecutor.java:628)
	at java.base/java.lang.Thread.run(Thread.java:829)
Caused by: org.openqa.selenium.devtools.DevToolsException: {"id":1899,"error":{"code":-32602,"message":"Invalid InterceptionId."},"sessionId":"69DE6D1A85B5D627489871F60443E14A"}
Build info: version: '4.11.0', revision: '040bc5406b'
System info: os.name: 'Windows 10', os.arch: 'amd64', os.version: '10.0', java.version: '11.0.18'
Driver info: driver.version: unknown
	at org.openqa.selenium.devtools.Connection.sendAndWait(Connection.java:181)
	at org.openqa.selenium.devtools.DevTools.send(DevTools.java:81)
	at org.openqa.selenium.devtools.idealized.Network.lambda$prepareToInterceptTraffic$4(Network.java:194)
	at org.openqa.selenium.devtools.Connection.lambda$handle$4(Connection.java:321)
	at java.base/java.util.stream.ForEachOps$ForEachOp$OfRef.accept(ForEachOps.java:183)
	at java.base/java.util.stream.ReferencePipeline$2$1.accept(ReferencePipeline.java:177)
	at java.base/java.util.stream.ReferencePipeline$11$1.accept(ReferencePipeline.java:442)
	at java.base/java.util.HashMap$KeySpliterator.forEachRemaining(HashMap.java:1621)
	at java.base/java.util.stream.AbstractPipeline.copyInto(AbstractPipeline.java:484)
	at java.base/java.util.stream.AbstractPipeline.wrapAndCopyInto(AbstractPipeline.java:474)
	at java.base/java.util.stream.ForEachOps$ForEachOp.evaluateSequential(ForEachOps.java:150)
	at java.base/java.util.stream.ForEachOps$ForEachOp$OfRef.evaluateSequential(ForEachOps.java:173)
	at java.base/java.util.stream.AbstractPipeline.evaluate(AbstractPipeline.java:234)
	at java.base/java.util.stream.ReferencePipeline.forEach(ReferencePipeline.java:497)
	at org.openqa.selenium.devtools.Connection.handle(Connection.java:287)
	at org.openqa.selenium.devtools.Connection.access$200(Connection.java:57)
	at org.openqa.selenium.devtools.Connection$Listener.lambda$onText$0(Connection.java:224)
	... 3 more
Caused by: org.openqa.selenium.WebDriverException: {"id":1899,"error":{"code":-32602,"message":"Invalid InterceptionId."},"sessionId":"69DE6D1A85B5D627489871F60443E14A"}
Build info: version: '4.11.0', revision: '040bc5406b'
System info: os.name: 'Windows 10', os.arch: 'amd64', os.version: '10.0', java.version: '11.0.18'
Driver info: driver.version: unknown
	at org.openqa.selenium.devtools.Connection.handle(Connection.java:260)
	... 5 more
авг. 16, 2023 4:22:27 PM org.openqa.selenium.devtools.Connection$Listener lambda$onText$0
WARNING: Unable to process: {"method":"Fetch.requestPaused","params":{"requestId":"interception-job-308.0","request":{"url":"http://localhost:8080/static/js/2.0716afe8.chunk.js","method":"GET","headers":{"Accept":"*/*","Referer":"http://localhost:8080/","User-Agent":"Mozilla/5.0 (Windows NT 10.0; Win64; x64) AppleWebKit/537.36 (KHTML, like Gecko) Chrome/116.0.0.0 Safari/537.36","sec-ch-ua":"\"Chromium\";v=\"116\", \"Not)A;Brand\";v=\"24\", \"Google Chrome\";v=\"116\"","sec-ch-ua-mobile":"?0","sec-ch-ua-platform":"\"Windows\""},"initialPriority":"High","referrerPolicy":"strict-origin-when-cross-origin"},"frameId":"D165F02B89151667DFD1BF49856829E7","resourceType":"Script"},"sessionId":"69DE6D1A85B5D627489871F60443E14A"}
org.openqa.selenium.devtools.DevToolsException: {"id":1900,"error":{"code":-32602,"message":"Invalid InterceptionId."},"sessionId":"69DE6D1A85B5D627489871F60443E14A"}
Build info: version: '4.11.0', revision: '040bc5406b'
System info: os.name: 'Windows 10', os.arch: 'amd64', os.version: '10.0', java.version: '11.0.18'
Driver info: driver.version: unknown
	at org.openqa.selenium.devtools.Connection.sendAndWait(Connection.java:181)
	at org.openqa.selenium.devtools.DevTools.send(DevTools.java:81)
	at org.openqa.selenium.devtools.idealized.Network.lambda$prepareToInterceptTraffic$3(Network.java:211)
	at org.openqa.selenium.remote.http.Filter.lambda$andFinally$1(Filter.java:55)
	at org.openqa.selenium.devtools.idealized.Network.lambda$prepareToInterceptTraffic$4(Network.java:226)
	at org.openqa.selenium.devtools.Connection.lambda$handle$4(Connection.java:321)
	at java.base/java.util.stream.ForEachOps$ForEachOp$OfRef.accept(ForEachOps.java:183)
	at java.base/java.util.stream.ReferencePipeline$2$1.accept(ReferencePipeline.java:177)
	at java.base/java.util.stream.ReferencePipeline$11$1.accept(ReferencePipeline.java:442)
	at java.base/java.util.HashMap$KeySpliterator.forEachRemaining(HashMap.java:1621)
	at java.base/java.util.stream.AbstractPipeline.copyInto(AbstractPipeline.java:484)
	at java.base/java.util.stream.AbstractPipeline.wrapAndCopyInto(AbstractPipeline.java:474)
	at java.base/java.util.stream.ForEachOps$ForEachOp.evaluateSequential(ForEachOps.java:150)
	at java.base/java.util.stream.ForEachOps$ForEachOp$OfRef.evaluateSequential(ForEachOps.java:173)
	at java.base/java.util.stream.AbstractPipeline.evaluate(AbstractPipeline.java:234)
	at java.base/java.util.stream.ReferencePipeline.forEach(ReferencePipeline.java:497)
	at org.openqa.selenium.devtools.Connection.handle(Connection.java:287)
	at org.openqa.selenium.devtools.Connection.access$200(Connection.java:57)
	at org.openqa.selenium.devtools.Connection$Listener.lambda$onText$0(Connection.java:224)
	at java.base/java.util.concurrent.ThreadPoolExecutor.runWorker(ThreadPoolExecutor.java:1128)
	at java.base/java.util.concurrent.ThreadPoolExecutor$Worker.run(ThreadPoolExecutor.java:628)
	at java.base/java.lang.Thread.run(Thread.java:829)
Caused by: org.openqa.selenium.WebDriverException: {"id":1900,"error":{"code":-32602,"message":"Invalid InterceptionId."},"sessionId":"69DE6D1A85B5D627489871F60443E14A"}
Build info: version: '4.11.0', revision: '040bc5406b'
System info: os.name: 'Windows 10', os.arch: 'amd64', os.version: '10.0', java.version: '11.0.18'
Driver info: driver.version: unknown
	at org.openqa.selenium.devtools.Connection.handle(Connection.java:260)
	... 5 more

Exception in thread "CDP Connection" org.openqa.selenium.devtools.DevToolsException: {"id":1900,"error":{"code":-32602,"message":"Invalid InterceptionId."},"sessionId":"69DE6D1A85B5D627489871F60443E14A"}
Build info: version: '4.11.0', revision: '040bc5406b'
System info: os.name: 'Windows 10', os.arch: 'amd64', os.version: '10.0', java.version: '11.0.18'
Driver info: driver.version: unknown
	at org.openqa.selenium.devtools.Connection$Listener.lambda$onText$0(Connection.java:227)
	at java.base/java.util.concurrent.ThreadPoolExecutor.runWorker(ThreadPoolExecutor.java:1128)
	at java.base/java.util.concurrent.ThreadPoolExecutor$Worker.run(ThreadPoolExecutor.java:628)
	at java.base/java.lang.Thread.run(Thread.java:829)
Caused by: org.openqa.selenium.devtools.DevToolsException: {"id":1900,"error":{"code":-32602,"message":"Invalid InterceptionId."},"sessionId":"69DE6D1A85B5D627489871F60443E14A"}
Build info: version: '4.11.0', revision: '040bc5406b'
System info: os.name: 'Windows 10', os.arch: 'amd64', os.version: '10.0', java.version: '11.0.18'
Driver info: driver.version: unknown
	at org.openqa.selenium.devtools.Connection.sendAndWait(Connection.java:181)
	at org.openqa.selenium.devtools.DevTools.send(DevTools.java:81)
	at org.openqa.selenium.devtools.idealized.Network.lambda$prepareToInterceptTraffic$3(Network.java:211)
	at org.openqa.selenium.remote.http.Filter.lambda$andFinally$1(Filter.java:55)
	at org.openqa.selenium.devtools.idealized.Network.lambda$prepareToInterceptTraffic$4(Network.java:226)
	at org.openqa.selenium.devtools.Connection.lambda$handle$4(Connection.java:321)
	at java.base/java.util.stream.ForEachOps$ForEachOp$OfRef.accept(ForEachOps.java:183)
	at java.base/java.util.stream.ReferencePipeline$2$1.accept(ReferencePipeline.java:177)
	at java.base/java.util.stream.ReferencePipeline$11$1.accept(ReferencePipeline.java:442)
	at java.base/java.util.HashMap$KeySpliterator.forEachRemaining(HashMap.java:1621)
	at java.base/java.util.stream.AbstractPipeline.copyInto(AbstractPipeline.java:484)
	at java.base/java.util.stream.AbstractPipeline.wrapAndCopyInto(AbstractPipeline.java:474)
	at java.base/java.util.stream.ForEachOps$ForEachOp.evaluateSequential(ForEachOps.java:150)
	at java.base/java.util.stream.ForEachOps$ForEachOp$OfRef.evaluateSequential(ForEachOps.java:173)
	at java.base/java.util.stream.AbstractPipeline.evaluate(AbstractPipeline.java:234)
	at java.base/java.util.stream.ReferencePipeline.forEach(ReferencePipeline.java:497)
	at org.openqa.selenium.devtools.Connection.handle(Connection.java:287)
	at org.openqa.selenium.devtools.Connection.access$200(Connection.java:57)
	at org.openqa.selenium.devtools.Connection$Listener.lambda$onText$0(Connection.java:224)
	... 3 more
Caused by: org.openqa.selenium.WebDriverException: {"id":1900,"error":{"code":-32602,"message":"Invalid InterceptionId."},"sessionId":"69DE6D1A85B5D627489871F60443E14A"}
Build info: version: '4.11.0', revision: '040bc5406b'
System info: os.name: 'Windows 10', os.arch: 'amd64', os.version: '10.0', java.version: '11.0.18'
Driver info: driver.version: unknown
	at org.openqa.selenium.devtools.Connection.handle(Connection.java:260)
	... 5 more
авг. 16, 2023 4:22:28 PM org.openqa.selenium.devtools.Connection$Listener lambda$onText$0
WARNING: Unable to process: {"method":"Fetch.requestPaused","params":{"requestId":"interception-job-310.0","request":{"url":"http://localhost:8080/static/media/marrakech.869b2a02.jpg","method":"GET","headers":{"Accept":"image/avif,image/webp,image/apng,image/svg+xml,image/*,*/*;q=0.8","Referer":"http://localhost:8080/","User-Agent":"Mozilla/5.0 (Windows NT 10.0; Win64; x64) AppleWebKit/537.36 (KHTML, like Gecko) Chrome/116.0.0.0 Safari/537.36","sec-ch-ua":"\"Chromium\";v=\"116\", \"Not)A;Brand\";v=\"24\", \"Google Chrome\";v=\"116\"","sec-ch-ua-mobile":"?0","sec-ch-ua-platform":"\"Windows\""},"initialPriority":"Low","referrerPolicy":"strict-origin-when-cross-origin"},"frameId":"D165F02B89151667DFD1BF49856829E7","resourceType":"Image"},"sessionId":"69DE6D1A85B5D627489871F60443E14A"}
org.openqa.selenium.devtools.DevToolsException: {"id":1905,"error":{"code":-32602,"message":"Invalid InterceptionId."},"sessionId":"69DE6D1A85B5D627489871F60443E14A"}
Build info: version: '4.11.0', revision: '040bc5406b'
System info: os.name: 'Windows 10', os.arch: 'amd64', os.version: '10.0', java.version: '11.0.18'
Driver info: driver.version: unknown
	at org.openqa.selenium.devtools.Connection.sendAndWait(Connection.java:181)
	at org.openqa.selenium.devtools.DevTools.send(DevTools.java:81)
	at org.openqa.selenium.devtools.idealized.Network.lambda$prepareToInterceptTraffic$3(Network.java:211)
	at org.openqa.selenium.remote.http.Filter.lambda$andFinally$1(Filter.java:55)
	at org.openqa.selenium.devtools.idealized.Network.lambda$prepareToInterceptTraffic$4(Network.java:226)
	at org.openqa.selenium.devtools.Connection.lambda$handle$4(Connection.java:321)
	at java.base/java.util.stream.ForEachOps$ForEachOp$OfRef.accept(ForEachOps.java:183)
	at java.base/java.util.stream.ReferencePipeline$2$1.accept(ReferencePipeline.java:177)
	at java.base/java.util.stream.ReferencePipeline$11$1.accept(ReferencePipeline.java:442)
	at java.base/java.util.HashMap$KeySpliterator.forEachRemaining(HashMap.java:1621)
	at java.base/java.util.stream.AbstractPipeline.copyInto(AbstractPipeline.java:484)
	at java.base/java.util.stream.AbstractPipeline.wrapAndCopyInto(AbstractPipeline.java:474)
	at java.base/java.util.stream.ForEachOps$ForEachOp.evaluateSequential(ForEachOps.java:150)
	at java.base/java.util.stream.ForEachOps$ForEachOp$OfRef.evaluateSequential(ForEachOps.java:173)
	at java.base/java.util.stream.AbstractPipeline.evaluate(AbstractPipeline.java:234)
	at java.base/java.util.stream.ReferencePipeline.forEach(ReferencePipeline.java:497)
	at org.openqa.selenium.devtools.Connection.handle(Connection.java:287)
	at org.openqa.selenium.devtools.Connection.access$200(Connection.java:57)
	at org.openqa.selenium.devtools.Connection$Listener.lambda$onText$0(Connection.java:224)
	at java.base/java.util.concurrent.ThreadPoolExecutor.runWorker(ThreadPoolExecutor.java:1128)
	at java.base/java.util.concurrent.ThreadPoolExecutor$Worker.run(ThreadPoolExecutor.java:628)
	at java.base/java.lang.Thread.run(Thread.java:829)
Caused by: org.openqa.selenium.WebDriverException: {"id":1905,"error":{"code":-32602,"message":"Invalid InterceptionId."},"sessionId":"69DE6D1A85B5D627489871F60443E14A"}
Build info: version: '4.11.0', revision: '040bc5406b'
System info: os.name: 'Windows 10', os.arch: 'amd64', os.version: '10.0', java.version: '11.0.18'
Driver info: driver.version: unknown
	at org.openqa.selenium.devtools.Connection.handle(Connection.java:260)
	... 5 more

Exception in thread "CDP Connection" org.openqa.selenium.devtools.DevToolsException: {"id":1905,"error":{"code":-32602,"message":"Invalid InterceptionId."},"sessionId":"69DE6D1A85B5D627489871F60443E14A"}
Build info: version: '4.11.0', revision: '040bc5406b'
System info: os.name: 'Windows 10', os.arch: 'amd64', os.version: '10.0', java.version: '11.0.18'
Driver info: driver.version: unknown
	at org.openqa.selenium.devtools.Connection$Listener.lambda$onText$0(Connection.java:227)
	at java.base/java.util.concurrent.ThreadPoolExecutor.runWorker(ThreadPoolExecutor.java:1128)
	at java.base/java.util.concurrent.ThreadPoolExecutor$Worker.run(ThreadPoolExecutor.java:628)
	at java.base/java.lang.Thread.run(Thread.java:829)
Caused by: org.openqa.selenium.devtools.DevToolsException: {"id":1905,"error":{"code":-32602,"message":"Invalid InterceptionId."},"sessionId":"69DE6D1A85B5D627489871F60443E14A"}
Build info: version: '4.11.0', revision: '040bc5406b'
System info: os.name: 'Windows 10', os.arch: 'amd64', os.version: '10.0', java.version: '11.0.18'
Driver info: driver.version: unknown
	at org.openqa.selenium.devtools.Connection.sendAndWait(Connection.java:181)
	at org.openqa.selenium.devtools.DevTools.send(DevTools.java:81)
	at org.openqa.selenium.devtools.idealized.Network.lambda$prepareToInterceptTraffic$3(Network.java:211)
	at org.openqa.selenium.remote.http.Filter.lambda$andFinally$1(Filter.java:55)
	at org.openqa.selenium.devtools.idealized.Network.lambda$prepareToInterceptTraffic$4(Network.java:226)
	at org.openqa.selenium.devtools.Connection.lambda$handle$4(Connection.java:321)
	at java.base/java.util.stream.ForEachOps$ForEachOp$OfRef.accept(ForEachOps.java:183)
	at java.base/java.util.stream.ReferencePipeline$2$1.accept(ReferencePipeline.java:177)
	at java.base/java.util.stream.ReferencePipeline$11$1.accept(ReferencePipeline.java:442)
	at java.base/java.util.HashMap$KeySpliterator.forEachRemaining(HashMap.java:1621)
	at java.base/java.util.stream.AbstractPipeline.copyInto(AbstractPipeline.java:484)
	at java.base/java.util.stream.AbstractPipeline.wrapAndCopyInto(AbstractPipeline.java:474)
	at java.base/java.util.stream.ForEachOps$ForEachOp.evaluateSequential(ForEachOps.java:150)
	at java.base/java.util.stream.ForEachOps$ForEachOp$OfRef.evaluateSequential(ForEachOps.java:173)
	at java.base/java.util.stream.AbstractPipeline.evaluate(AbstractPipeline.java:234)
	at java.base/java.util.stream.ReferencePipeline.forEach(ReferencePipeline.java:497)
	at org.openqa.selenium.devtools.Connection.handle(Connection.java:287)
	at org.openqa.selenium.devtools.Connection.access$200(Connection.java:57)
	at org.openqa.selenium.devtools.Connection$Listener.lambda$onText$0(Connection.java:224)
	... 3 more
Caused by: org.openqa.selenium.WebDriverException: {"id":1905,"error":{"code":-32602,"message":"Invalid InterceptionId."},"sessionId":"69DE6D1A85B5D627489871F60443E14A"}
Build info: version: '4.11.0', revision: '040bc5406b'
System info: os.name: 'Windows 10', os.arch: 'amd64', os.version: '10.0', java.version: '11.0.18'
Driver info: driver.version: unknown
	at org.openqa.selenium.devtools.Connection.handle(Connection.java:260)
	... 5 more
авг. 16, 2023 4:22:28 PM org.openqa.selenium.devtools.Connection$Listener lambda$onText$0
WARNING: Unable to process: {"method":"Fetch.requestPaused","params":{"requestId":"interception-job-310.0","request":{"url":"http://localhost:8080/static/media/marrakech.869b2a02.jpg","method":"GET","headers":{"Accept":"image/avif,image/webp,image/apng,image/svg+xml,image/*,*/*;q=0.8","Referer":"http://localhost:8080/","User-Agent":"Mozilla/5.0 (Windows NT 10.0; Win64; x64) AppleWebKit/537.36 (KHTML, like Gecko) Chrome/116.0.0.0 Safari/537.36","sec-ch-ua":"\"Chromium\";v=\"116\", \"Not)A;Brand\";v=\"24\", \"Google Chrome\";v=\"116\"","sec-ch-ua-mobile":"?0","sec-ch-ua-platform":"\"Windows\""},"initialPriority":"Low","referrerPolicy":"unsafe-url"},"frameId":"D165F02B89151667DFD1BF49856829E7","resourceType":"Image","responseStatusCode":200,"responseStatusText":"","responseHeaders":[{"name":"Vary","value":"Origin"},{"name":"Vary","value":"Access-Control-Request-Method"},{"name":"Vary","value":"Access-Control-Request-Headers"},{"name":"Last-Modified","value":"Thu, 03 Aug 2023 10:18:16 GMT"},{"name":"Accept-Ranges","value":"bytes"},{"name":"Content-Type","value":"image/jpeg"},{"name":"Content-Length","value":"85240"},{"name":"Date","value":"Wed, 16 Aug 2023 13:20:22 GMT"}]},"sessionId":"69DE6D1A85B5D627489871F60443E14A"}
org.openqa.selenium.devtools.DevToolsException: {"id":1907,"error":{"code":-32602,"message":"Invalid InterceptionId."},"sessionId":"69DE6D1A85B5D627489871F60443E14A"}
Build info: version: '4.11.0', revision: '040bc5406b'
System info: os.name: 'Windows 10', os.arch: 'amd64', os.version: '10.0', java.version: '11.0.18'
Driver info: driver.version: unknown
	at org.openqa.selenium.devtools.Connection.sendAndWait(Connection.java:181)
	at org.openqa.selenium.devtools.DevTools.send(DevTools.java:81)
	at org.openqa.selenium.devtools.idealized.Network.lambda$prepareToInterceptTraffic$4(Network.java:194)
	at org.openqa.selenium.devtools.Connection.lambda$handle$4(Connection.java:321)
	at java.base/java.util.stream.ForEachOps$ForEachOp$OfRef.accept(ForEachOps.java:183)
	at java.base/java.util.stream.ReferencePipeline$2$1.accept(ReferencePipeline.java:177)
	at java.base/java.util.stream.ReferencePipeline$11$1.accept(ReferencePipeline.java:442)
	at java.base/java.util.HashMap$KeySpliterator.forEachRemaining(HashMap.java:1621)
	at java.base/java.util.stream.AbstractPipeline.copyInto(AbstractPipeline.java:484)
	at java.base/java.util.stream.AbstractPipeline.wrapAndCopyInto(AbstractPipeline.java:474)
	at java.base/java.util.stream.ForEachOps$ForEachOp.evaluateSequential(ForEachOps.java:150)
	at java.base/java.util.stream.ForEachOps$ForEachOp$OfRef.evaluateSequential(ForEachOps.java:173)
	at java.base/java.util.stream.AbstractPipeline.evaluate(AbstractPipeline.java:234)
	at java.base/java.util.stream.ReferencePipeline.forEach(ReferencePipeline.java:497)
	at org.openqa.selenium.devtools.Connection.handle(Connection.java:287)
	at org.openqa.selenium.devtools.Connection.access$200(Connection.java:57)
	at org.openqa.selenium.devtools.Connection$Listener.lambda$onText$0(Connection.java:224)
	at java.base/java.util.concurrent.ThreadPoolExecutor.runWorker(ThreadPoolExecutor.java:1128)
	at java.base/java.util.concurrent.ThreadPoolExecutor$Worker.run(ThreadPoolExecutor.java:628)
	at java.base/java.lang.Thread.run(Thread.java:829)
Caused by: org.openqa.selenium.WebDriverException: {"id":1907,"error":{"code":-32602,"message":"Invalid InterceptionId."},"sessionId":"69DE6D1A85B5D627489871F60443E14A"}
Build info: version: '4.11.0', revision: '040bc5406b'
System info: os.name: 'Windows 10', os.arch: 'amd64', os.version: '10.0', java.version: '11.0.18'
Driver info: driver.version: unknown
	at org.openqa.selenium.devtools.Connection.handle(Connection.java:260)
	... 5 more

Exception in thread "CDP Connection" org.openqa.selenium.devtools.DevToolsException: {"id":1907,"error":{"code":-32602,"message":"Invalid InterceptionId."},"sessionId":"69DE6D1A85B5D627489871F60443E14A"}
Build info: version: '4.11.0', revision: '040bc5406b'
System info: os.name: 'Windows 10', os.arch: 'amd64', os.version: '10.0', java.version: '11.0.18'
Driver info: driver.version: unknown
	at org.openqa.selenium.devtools.Connection$Listener.lambda$onText$0(Connection.java:227)
	at java.base/java.util.concurrent.ThreadPoolExecutor.runWorker(ThreadPoolExecutor.java:1128)
	at java.base/java.util.concurrent.ThreadPoolExecutor$Worker.run(ThreadPoolExecutor.java:628)
	at java.base/java.lang.Thread.run(Thread.java:829)
Caused by: org.openqa.selenium.devtools.DevToolsException: {"id":1907,"error":{"code":-32602,"message":"Invalid InterceptionId."},"sessionId":"69DE6D1A85B5D627489871F60443E14A"}
Build info: version: '4.11.0', revision: '040bc5406b'
System info: os.name: 'Windows 10', os.arch: 'amd64', os.version: '10.0', java.version: '11.0.18'
Driver info: driver.version: unknown
	at org.openqa.selenium.devtools.Connection.sendAndWait(Connection.java:181)
	at org.openqa.selenium.devtools.DevTools.send(DevTools.java:81)
	at org.openqa.selenium.devtools.idealized.Network.lambda$prepareToInterceptTraffic$4(Network.java:194)
	at org.openqa.selenium.devtools.Connection.lambda$handle$4(Connection.java:321)
	at java.base/java.util.stream.ForEachOps$ForEachOp$OfRef.accept(ForEachOps.java:183)
	at java.base/java.util.stream.ReferencePipeline$2$1.accept(ReferencePipeline.java:177)
	at java.base/java.util.stream.ReferencePipeline$11$1.accept(ReferencePipeline.java:442)
	at java.base/java.util.HashMap$KeySpliterator.forEachRemaining(HashMap.java:1621)
	at java.base/java.util.stream.AbstractPipeline.copyInto(AbstractPipeline.java:484)
	at java.base/java.util.stream.AbstractPipeline.wrapAndCopyInto(AbstractPipeline.java:474)
	at java.base/java.util.stream.ForEachOps$ForEachOp.evaluateSequential(ForEachOps.java:150)
	at java.base/java.util.stream.ForEachOps$ForEachOp$OfRef.evaluateSequential(ForEachOps.java:173)
	at java.base/java.util.stream.AbstractPipeline.evaluate(AbstractPipeline.java:234)
	at java.base/java.util.stream.ReferencePipeline.forEach(ReferencePipeline.java:497)
	at org.openqa.selenium.devtools.Connection.handle(Connection.java:287)
	at org.openqa.selenium.devtools.Connection.access$200(Connection.java:57)
	at org.openqa.selenium.devtools.Connection$Listener.lambda$onText$0(Connection.java:224)
	... 3 more
Caused by: org.openqa.selenium.WebDriverException: {"id":1907,"error":{"code":-32602,"message":"Invalid InterceptionId."},"sessionId":"69DE6D1A85B5D627489871F60443E14A"}
Build info: version: '4.11.0', revision: '040bc5406b'
System info: os.name: 'Windows 10', os.arch: 'amd64', os.version: '10.0', java.version: '11.0.18'
Driver info: driver.version: unknown
	at org.openqa.selenium.devtools.Connection.handle(Connection.java:260)
	... 5 more
авг. 16, 2023 4:22:28 PM org.openqa.selenium.devtools.Connection$Listener lambda$onText$0
WARNING: Unable to process: {"method":"Fetch.requestPaused","params":{"requestId":"interception-job-312.0","request":{"url":"http://localhost:8080/favicon.ico","method":"GET","headers":{"Accept":"image/avif,image/webp,image/apng,image/svg+xml,image/*,*/*;q=0.8","Referer":"http://localhost:8080/","User-Agent":"Mozilla/5.0 (Windows NT 10.0; Win64; x64) AppleWebKit/537.36 (KHTML, like Gecko) Chrome/116.0.0.0 Safari/537.36","sec-ch-ua":"\"Chromium\";v=\"116\", \"Not)A;Brand\";v=\"24\", \"Google Chrome\";v=\"116\"","sec-ch-ua-mobile":"?0","sec-ch-ua-platform":"\"Windows\""},"initialPriority":"High","referrerPolicy":"unsafe-url"},"frameId":"D165F02B89151667DFD1BF49856829E7","resourceType":"Other","responseStatusCode":200,"responseStatusText":"","responseHeaders":[{"name":"Vary","value":"Origin"},{"name":"Vary","value":"Access-Control-Request-Method"},{"name":"Vary","value":"Access-Control-Request-Headers"},{"name":"Last-Modified","value":"Thu, 03 Aug 2023 10:18:16 GMT"},{"name":"Accept-Ranges","value":"bytes"},{"name":"Content-Type","value":"image/x-icon"},{"name":"Content-Length","value":"4286"},{"name":"Date","value":"Wed, 16 Aug 2023 13:20:23 GMT"}]},"sessionId":"69DE6D1A85B5D627489871F60443E14A"}
org.openqa.selenium.devtools.DevToolsException: {"id":1916,"error":{"code":-32602,"message":"Invalid InterceptionId."},"sessionId":"69DE6D1A85B5D627489871F60443E14A"}
Build info: version: '4.11.0', revision: '040bc5406b'
System info: os.name: 'Windows 10', os.arch: 'amd64', os.version: '10.0', java.version: '11.0.18'
Driver info: driver.version: unknown
	at org.openqa.selenium.devtools.Connection.sendAndWait(Connection.java:181)
	at org.openqa.selenium.devtools.DevTools.send(DevTools.java:81)
	at org.openqa.selenium.devtools.idealized.Network.lambda$prepareToInterceptTraffic$4(Network.java:194)
	at org.openqa.selenium.devtools.Connection.lambda$handle$4(Connection.java:321)
	at java.base/java.util.stream.ForEachOps$ForEachOp$OfRef.accept(ForEachOps.java:183)
	at java.base/java.util.stream.ReferencePipeline$2$1.accept(ReferencePipeline.java:177)
	at java.base/java.util.stream.ReferencePipeline$11$1.accept(ReferencePipeline.java:442)
	at java.base/java.util.HashMap$KeySpliterator.forEachRemaining(HashMap.java:1621)
	at java.base/java.util.stream.AbstractPipeline.copyInto(AbstractPipeline.java:484)
	at java.base/java.util.stream.AbstractPipeline.wrapAndCopyInto(AbstractPipeline.java:474)
	at java.base/java.util.stream.ForEachOps$ForEachOp.evaluateSequential(ForEachOps.java:150)
	at java.base/java.util.stream.ForEachOps$ForEachOp$OfRef.evaluateSequential(ForEachOps.java:173)
	at java.base/java.util.stream.AbstractPipeline.evaluate(AbstractPipeline.java:234)
	at java.base/java.util.stream.ReferencePipeline.forEach(ReferencePipeline.java:497)
	at org.openqa.selenium.devtools.Connection.handle(Connection.java:287)
	at org.openqa.selenium.devtools.Connection.access$200(Connection.java:57)
	at org.openqa.selenium.devtools.Connection$Listener.lambda$onText$0(Connection.java:224)
	at java.base/java.util.concurrent.ThreadPoolExecutor.runWorker(ThreadPoolExecutor.java:1128)
	at java.base/java.util.concurrent.ThreadPoolExecutor$Worker.run(ThreadPoolExecutor.java:628)
	at java.base/java.lang.Thread.run(Thread.java:829)
Caused by: org.openqa.selenium.WebDriverException: {"id":1916,"error":{"code":-32602,"message":"Invalid InterceptionId."},"sessionId":"69DE6D1A85B5D627489871F60443E14A"}
Build info: version: '4.11.0', revision: '040bc5406b'
System info: os.name: 'Windows 10', os.arch: 'amd64', os.version: '10.0', java.version: '11.0.18'
Driver info: driver.version: unknown
	at org.openqa.selenium.devtools.Connection.handle(Connection.java:260)
	... 5 more

Exception in thread "CDP Connection" org.openqa.selenium.devtools.DevToolsException: {"id":1916,"error":{"code":-32602,"message":"Invalid InterceptionId."},"sessionId":"69DE6D1A85B5D627489871F60443E14A"}
Build info: version: '4.11.0', revision: '040bc5406b'
System info: os.name: 'Windows 10', os.arch: 'amd64', os.version: '10.0', java.version: '11.0.18'
Driver info: driver.version: unknown
	at org.openqa.selenium.devtools.Connection$Listener.lambda$onText$0(Connection.java:227)
	at java.base/java.util.concurrent.ThreadPoolExecutor.runWorker(ThreadPoolExecutor.java:1128)
	at java.base/java.util.concurrent.ThreadPoolExecutor$Worker.run(ThreadPoolExecutor.java:628)
	at java.base/java.lang.Thread.run(Thread.java:829)
Caused by: org.openqa.selenium.devtools.DevToolsException: {"id":1916,"error":{"code":-32602,"message":"Invalid InterceptionId."},"sessionId":"69DE6D1A85B5D627489871F60443E14A"}
Build info: version: '4.11.0', revision: '040bc5406b'
System info: os.name: 'Windows 10', os.arch: 'amd64', os.version: '10.0', java.version: '11.0.18'
Driver info: driver.version: unknown
	at org.openqa.selenium.devtools.Connection.sendAndWait(Connection.java:181)
	at org.openqa.selenium.devtools.DevTools.send(DevTools.java:81)
	at org.openqa.selenium.devtools.idealized.Network.lambda$prepareToInterceptTraffic$4(Network.java:194)
	at org.openqa.selenium.devtools.Connection.lambda$handle$4(Connection.java:321)
	at java.base/java.util.stream.ForEachOps$ForEachOp$OfRef.accept(ForEachOps.java:183)
	at java.base/java.util.stream.ReferencePipeline$2$1.accept(ReferencePipeline.java:177)
	at java.base/java.util.stream.ReferencePipeline$11$1.accept(ReferencePipeline.java:442)
	at java.base/java.util.HashMap$KeySpliterator.forEachRemaining(HashMap.java:1621)
	at java.base/java.util.stream.AbstractPipeline.copyInto(AbstractPipeline.java:484)
	at java.base/java.util.stream.AbstractPipeline.wrapAndCopyInto(AbstractPipeline.java:474)
	at java.base/java.util.stream.ForEachOps$ForEachOp.evaluateSequential(ForEachOps.java:150)
	at java.base/java.util.stream.ForEachOps$ForEachOp$OfRef.evaluateSequential(ForEachOps.java:173)
	at java.base/java.util.stream.AbstractPipeline.evaluate(AbstractPipeline.java:234)
	at java.base/java.util.stream.ReferencePipeline.forEach(ReferencePipeline.java:497)
	at org.openqa.selenium.devtools.Connection.handle(Connection.java:287)
	at org.openqa.selenium.devtools.Connection.access$200(Connection.java:57)
	at org.openqa.selenium.devtools.Connection$Listener.lambda$onText$0(Connection.java:224)
	... 3 more
Caused by: org.openqa.selenium.WebDriverException: {"id":1916,"error":{"code":-32602,"message":"Invalid InterceptionId."},"sessionId":"69DE6D1A85B5D627489871F60443E14A"}
Build info: version: '4.11.0', revision: '040bc5406b'
System info: os.name: 'Windows 10', os.arch: 'amd64', os.version: '10.0', java.version: '11.0.18'
Driver info: driver.version: unknown
	at org.openqa.selenium.devtools.Connection.handle(Connection.java:260)
	... 5 more
авг. 16, 2023 4:22:28 PM org.openqa.selenium.devtools.Connection$Listener lambda$onText$0
WARNING: Unable to process: {"method":"Fetch.requestPaused","params":{"requestId":"interception-job-311.0","request":{"url":"http://localhost:8080/manifest.json","method":"GET","headers":{"Accept":"*/*","Referer":"http://localhost:8080/","User-Agent":"Mozilla/5.0 (Windows NT 10.0; Win64; x64) AppleWebKit/537.36 (KHTML, like Gecko) Chrome/116.0.0.0 Safari/537.36","sec-ch-ua":"\"Chromium\";v=\"116\", \"Not)A;Brand\";v=\"24\", \"Google Chrome\";v=\"116\"","sec-ch-ua-mobile":"?0","sec-ch-ua-platform":"\"Windows\""},"initialPriority":"Medium","referrerPolicy":"strict-origin-when-cross-origin"},"frameId":"D165F02B89151667DFD1BF49856829E7","resourceType":"Other"},"sessionId":"69DE6D1A85B5D627489871F60443E14A"}
org.openqa.selenium.devtools.DevToolsException: {"id":1917,"error":{"code":-32602,"message":"Invalid InterceptionId."},"sessionId":"69DE6D1A85B5D627489871F60443E14A"}
Build info: version: '4.11.0', revision: '040bc5406b'
System info: os.name: 'Windows 10', os.arch: 'amd64', os.version: '10.0', java.version: '11.0.18'
Driver info: driver.version: unknown
	at org.openqa.selenium.devtools.Connection.sendAndWait(Connection.java:181)
	at org.openqa.selenium.devtools.DevTools.send(DevTools.java:81)
	at org.openqa.selenium.devtools.idealized.Network.lambda$prepareToInterceptTraffic$3(Network.java:211)
	at org.openqa.selenium.remote.http.Filter.lambda$andFinally$1(Filter.java:55)
	at org.openqa.selenium.devtools.idealized.Network.lambda$prepareToInterceptTraffic$4(Network.java:226)
	at org.openqa.selenium.devtools.Connection.lambda$handle$4(Connection.java:321)
	at java.base/java.util.stream.ForEachOps$ForEachOp$OfRef.accept(ForEachOps.java:183)
	at java.base/java.util.stream.ReferencePipeline$2$1.accept(ReferencePipeline.java:177)
	at java.base/java.util.stream.ReferencePipeline$11$1.accept(ReferencePipeline.java:442)
	at java.base/java.util.HashMap$KeySpliterator.forEachRemaining(HashMap.java:1621)
	at java.base/java.util.stream.AbstractPipeline.copyInto(AbstractPipeline.java:484)
	at java.base/java.util.stream.AbstractPipeline.wrapAndCopyInto(AbstractPipeline.java:474)
	at java.base/java.util.stream.ForEachOps$ForEachOp.evaluateSequential(ForEachOps.java:150)
	at java.base/java.util.stream.ForEachOps$ForEachOp$OfRef.evaluateSequential(ForEachOps.java:173)
	at java.base/java.util.stream.AbstractPipeline.evaluate(AbstractPipeline.java:234)
	at java.base/java.util.stream.ReferencePipeline.forEach(ReferencePipeline.java:497)
	at org.openqa.selenium.devtools.Connection.handle(Connection.java:287)
	at org.openqa.selenium.devtools.Connection.access$200(Connection.java:57)
	at org.openqa.selenium.devtools.Connection$Listener.lambda$onText$0(Connection.java:224)
	at java.base/java.util.concurrent.ThreadPoolExecutor.runWorker(ThreadPoolExecutor.java:1128)
	at java.base/java.util.concurrent.ThreadPoolExecutor$Worker.run(ThreadPoolExecutor.java:628)
	at java.base/java.lang.Thread.run(Thread.java:829)
Caused by: org.openqa.selenium.WebDriverException: {"id":1917,"error":{"code":-32602,"message":"Invalid InterceptionId."},"sessionId":"69DE6D1A85B5D627489871F60443E14A"}
Build info: version: '4.11.0', revision: '040bc5406b'
System info: os.name: 'Windows 10', os.arch: 'amd64', os.version: '10.0', java.version: '11.0.18'
Driver info: driver.version: unknown
	at org.openqa.selenium.devtools.Connection.handle(Connection.java:260)
	... 5 more

Exception in thread "CDP Connection" org.openqa.selenium.devtools.DevToolsException: {"id":1917,"error":{"code":-32602,"message":"Invalid InterceptionId."},"sessionId":"69DE6D1A85B5D627489871F60443E14A"}
Build info: version: '4.11.0', revision: '040bc5406b'
System info: os.name: 'Windows 10', os.arch: 'amd64', os.version: '10.0', java.version: '11.0.18'
Driver info: driver.version: unknown
	at org.openqa.selenium.devtools.Connection$Listener.lambda$onText$0(Connection.java:227)
	at java.base/java.util.concurrent.ThreadPoolExecutor.runWorker(ThreadPoolExecutor.java:1128)
	at java.base/java.util.concurrent.ThreadPoolExecutor$Worker.run(ThreadPoolExecutor.java:628)
	at java.base/java.lang.Thread.run(Thread.java:829)
Caused by: org.openqa.selenium.devtools.DevToolsException: {"id":1917,"error":{"code":-32602,"message":"Invalid InterceptionId."},"sessionId":"69DE6D1A85B5D627489871F60443E14A"}
Build info: version: '4.11.0', revision: '040bc5406b'
System info: os.name: 'Windows 10', os.arch: 'amd64', os.version: '10.0', java.version: '11.0.18'
Driver info: driver.version: unknown
	at org.openqa.selenium.devtools.Connection.sendAndWait(Connection.java:181)
	at org.openqa.selenium.devtools.DevTools.send(DevTools.java:81)
	at org.openqa.selenium.devtools.idealized.Network.lambda$prepareToInterceptTraffic$3(Network.java:211)
	at org.openqa.selenium.remote.http.Filter.lambda$andFinally$1(Filter.java:55)
	at org.openqa.selenium.devtools.idealized.Network.lambda$prepareToInterceptTraffic$4(Network.java:226)
	at org.openqa.selenium.devtools.Connection.lambda$handle$4(Connection.java:321)
	at java.base/java.util.stream.ForEachOps$ForEachOp$OfRef.accept(ForEachOps.java:183)
	at java.base/java.util.stream.ReferencePipeline$2$1.accept(ReferencePipeline.java:177)
	at java.base/java.util.stream.ReferencePipeline$11$1.accept(ReferencePipeline.java:442)
	at java.base/java.util.HashMap$KeySpliterator.forEachRemaining(HashMap.java:1621)
	at java.base/java.util.stream.AbstractPipeline.copyInto(AbstractPipeline.java:484)
	at java.base/java.util.stream.AbstractPipeline.wrapAndCopyInto(AbstractPipeline.java:474)
	at java.base/java.util.stream.ForEachOps$ForEachOp.evaluateSequential(ForEachOps.java:150)
	at java.base/java.util.stream.ForEachOps$ForEachOp$OfRef.evaluateSequential(ForEachOps.java:173)
	at java.base/java.util.stream.AbstractPipeline.evaluate(AbstractPipeline.java:234)
	at java.base/java.util.stream.ReferencePipeline.forEach(ReferencePipeline.java:497)
	at org.openqa.selenium.devtools.Connection.handle(Connection.java:287)
	at org.openqa.selenium.devtools.Connection.access$200(Connection.java:57)
	at org.openqa.selenium.devtools.Connection$Listener.lambda$onText$0(Connection.java:224)
	... 3 more
Caused by: org.openqa.selenium.WebDriverException: {"id":1917,"error":{"code":-32602,"message":"Invalid InterceptionId."},"sessionId":"69DE6D1A85B5D627489871F60443E14A"}
Build info: version: '4.11.0', revision: '040bc5406b'
System info: os.name: 'Windows 10', os.arch: 'amd64', os.version: '10.0', java.version: '11.0.18'
Driver info: driver.version: unknown
	at org.openqa.selenium.devtools.Connection.handle(Connection.java:260)
	... 5 more
авг. 16, 2023 4:22:28 PM org.openqa.selenium.devtools.Connection$Listener lambda$onText$0
WARNING: Unable to process: {"method":"Fetch.requestPaused","params":{"requestId":"interception-job-312.0","request":{"url":"http://localhost:8080/favicon.ico","method":"GET","headers":{"Accept":"image/avif,image/webp,image/apng,image/svg+xml,image/*,*/*;q=0.8","Referer":"http://localhost:8080/","User-Agent":"Mozilla/5.0 (Windows NT 10.0; Win64; x64) AppleWebKit/537.36 (KHTML, like Gecko) Chrome/116.0.0.0 Safari/537.36","sec-ch-ua":"\"Chromium\";v=\"116\", \"Not)A;Brand\";v=\"24\", \"Google Chrome\";v=\"116\"","sec-ch-ua-mobile":"?0","sec-ch-ua-platform":"\"Windows\""},"initialPriority":"High","referrerPolicy":"strict-origin-when-cross-origin"},"frameId":"D165F02B89151667DFD1BF49856829E7","resourceType":"Other"},"sessionId":"69DE6D1A85B5D627489871F60443E14A"}
org.openqa.selenium.devtools.DevToolsException: {"id":1919,"error":{"code":-32602,"message":"Invalid InterceptionId."},"sessionId":"69DE6D1A85B5D627489871F60443E14A"}
Build info: version: '4.11.0', revision: '040bc5406b'
System info: os.name: 'Windows 10', os.arch: 'amd64', os.version: '10.0', java.version: '11.0.18'
Driver info: driver.version: unknown
	at org.openqa.selenium.devtools.Connection.sendAndWait(Connection.java:181)
	at org.openqa.selenium.devtools.DevTools.send(DevTools.java:81)
	at org.openqa.selenium.devtools.idealized.Network.lambda$prepareToInterceptTraffic$3(Network.java:211)
	at org.openqa.selenium.remote.http.Filter.lambda$andFinally$1(Filter.java:55)
	at org.openqa.selenium.devtools.idealized.Network.lambda$prepareToInterceptTraffic$4(Network.java:226)
	at org.openqa.selenium.devtools.Connection.lambda$handle$4(Connection.java:321)
	at java.base/java.util.stream.ForEachOps$ForEachOp$OfRef.accept(ForEachOps.java:183)
	at java.base/java.util.stream.ReferencePipeline$2$1.accept(ReferencePipeline.java:177)
	at java.base/java.util.stream.ReferencePipeline$11$1.accept(ReferencePipeline.java:442)
	at java.base/java.util.HashMap$KeySpliterator.forEachRemaining(HashMap.java:1621)
	at java.base/java.util.stream.AbstractPipeline.copyInto(AbstractPipeline.java:484)
	at java.base/java.util.stream.AbstractPipeline.wrapAndCopyInto(AbstractPipeline.java:474)
	at java.base/java.util.stream.ForEachOps$ForEachOp.evaluateSequential(ForEachOps.java:150)
	at java.base/java.util.stream.ForEachOps$ForEachOp$OfRef.evaluateSequential(ForEachOps.java:173)
	at java.base/java.util.stream.AbstractPipeline.evaluate(AbstractPipeline.java:234)
	at java.base/java.util.stream.ReferencePipeline.forEach(ReferencePipeline.java:497)
	at org.openqa.selenium.devtools.Connection.handle(Connection.java:287)
	at org.openqa.selenium.devtools.Connection.access$200(Connection.java:57)
	at org.openqa.selenium.devtools.Connection$Listener.lambda$onText$0(Connection.java:224)
	at java.base/java.util.concurrent.ThreadPoolExecutor.runWorker(ThreadPoolExecutor.java:1128)
	at java.base/java.util.concurrent.ThreadPoolExecutor$Worker.run(ThreadPoolExecutor.java:628)
	at java.base/java.lang.Thread.run(Thread.java:829)
Caused by: org.openqa.selenium.WebDriverException: {"id":1919,"error":{"code":-32602,"message":"Invalid InterceptionId."},"sessionId":"69DE6D1A85B5D627489871F60443E14A"}
Build info: version: '4.11.0', revision: '040bc5406b'
System info: os.name: 'Windows 10', os.arch: 'amd64', os.version: '10.0', java.version: '11.0.18'
Driver info: driver.version: unknown
	at org.openqa.selenium.devtools.Connection.handle(Connection.java:260)
	... 5 more

Exception in thread "CDP Connection" org.openqa.selenium.devtools.DevToolsException: {"id":1919,"error":{"code":-32602,"message":"Invalid InterceptionId."},"sessionId":"69DE6D1A85B5D627489871F60443E14A"}
Build info: version: '4.11.0', revision: '040bc5406b'
System info: os.name: 'Windows 10', os.arch: 'amd64', os.version: '10.0', java.version: '11.0.18'
Driver info: driver.version: unknown
	at org.openqa.selenium.devtools.Connection$Listener.lambda$onText$0(Connection.java:227)
	at java.base/java.util.concurrent.ThreadPoolExecutor.runWorker(ThreadPoolExecutor.java:1128)
	at java.base/java.util.concurrent.ThreadPoolExecutor$Worker.run(ThreadPoolExecutor.java:628)
	at java.base/java.lang.Thread.run(Thread.java:829)
Caused by: org.openqa.selenium.devtools.DevToolsException: {"id":1919,"error":{"code":-32602,"message":"Invalid InterceptionId."},"sessionId":"69DE6D1A85B5D627489871F60443E14A"}
Build info: version: '4.11.0', revision: '040bc5406b'
System info: os.name: 'Windows 10', os.arch: 'amd64', os.version: '10.0', java.version: '11.0.18'
Driver info: driver.version: unknown
	at org.openqa.selenium.devtools.Connection.sendAndWait(Connection.java:181)
	at org.openqa.selenium.devtools.DevTools.send(DevTools.java:81)
	at org.openqa.selenium.devtools.idealized.Network.lambda$prepareToInterceptTraffic$3(Network.java:211)
	at org.openqa.selenium.remote.http.Filter.lambda$andFinally$1(Filter.java:55)
	at org.openqa.selenium.devtools.idealized.Network.lambda$prepareToInterceptTraffic$4(Network.java:226)
	at org.openqa.selenium.devtools.Connection.lambda$handle$4(Connection.java:321)
	at java.base/java.util.stream.ForEachOps$ForEachOp$OfRef.accept(ForEachOps.java:183)
	at java.base/java.util.stream.ReferencePipeline$2$1.accept(ReferencePipeline.java:177)
	at java.base/java.util.stream.ReferencePipeline$11$1.accept(ReferencePipeline.java:442)
	at java.base/java.util.HashMap$KeySpliterator.forEachRemaining(HashMap.java:1621)
	at java.base/java.util.stream.AbstractPipeline.copyInto(AbstractPipeline.java:484)
	at java.base/java.util.stream.AbstractPipeline.wrapAndCopyInto(AbstractPipeline.java:474)
	at java.base/java.util.stream.ForEachOps$ForEachOp.evaluateSequential(ForEachOps.java:150)
	at java.base/java.util.stream.ForEachOps$ForEachOp$OfRef.evaluateSequential(ForEachOps.java:173)
	at java.base/java.util.stream.AbstractPipeline.evaluate(AbstractPipeline.java:234)
	at java.base/java.util.stream.ReferencePipeline.forEach(ReferencePipeline.java:497)
	at org.openqa.selenium.devtools.Connection.handle(Connection.java:287)
	at org.openqa.selenium.devtools.Connection.access$200(Connection.java:57)
	at org.openqa.selenium.devtools.Connection$Listener.lambda$onText$0(Connection.java:224)
	... 3 more
Caused by: org.openqa.selenium.WebDriverException: {"id":1919,"error":{"code":-32602,"message":"Invalid InterceptionId."},"sessionId":"69DE6D1A85B5D627489871F60443E14A"}
Build info: version: '4.11.0', revision: '040bc5406b'
System info: os.name: 'Windows 10', os.arch: 'amd64', os.version: '10.0', java.version: '11.0.18'
Driver info: driver.version: unknown
	at org.openqa.selenium.devtools.Connection.handle(Connection.java:260)
	... 5 more
авг. 16, 2023 4:22:28 PM org.openqa.selenium.devtools.Connection$Listener lambda$onText$0
WARNING: Unable to process: {"method":"Fetch.requestPaused","params":{"requestId":"interception-job-311.0","request":{"url":"http://localhost:8080/manifest.json","method":"GET","headers":{"Accept":"*/*","Referer":"http://localhost:8080/","User-Agent":"Mozilla/5.0 (Windows NT 10.0; Win64; x64) AppleWebKit/537.36 (KHTML, like Gecko) Chrome/116.0.0.0 Safari/537.36","sec-ch-ua":"\"Chromium\";v=\"116\", \"Not)A;Brand\";v=\"24\", \"Google Chrome\";v=\"116\"","sec-ch-ua-mobile":"?0","sec-ch-ua-platform":"\"Windows\""},"initialPriority":"Medium","referrerPolicy":"unsafe-url"},"frameId":"D165F02B89151667DFD1BF49856829E7","resourceType":"Other","responseStatusCode":200,"responseStatusText":"","responseHeaders":[{"name":"Vary","value":"Origin"},{"name":"Vary","value":"Access-Control-Request-Method"},{"name":"Vary","value":"Access-Control-Request-Headers"},{"name":"Last-Modified","value":"Thu, 03 Aug 2023 10:18:16 GMT"},{"name":"Accept-Ranges","value":"bytes"},{"name":"Content-Type","value":"application/json"},{"name":"Content-Length","value":"492"},{"name":"Date","value":"Wed, 16 Aug 2023 13:20:22 GMT"}]},"sessionId":"69DE6D1A85B5D627489871F60443E14A"}
org.openqa.selenium.devtools.DevToolsException: {"id":1920,"error":{"code":-32602,"message":"Invalid InterceptionId."},"sessionId":"69DE6D1A85B5D627489871F60443E14A"}
Build info: version: '4.11.0', revision: '040bc5406b'
System info: os.name: 'Windows 10', os.arch: 'amd64', os.version: '10.0', java.version: '11.0.18'
Driver info: driver.version: unknown
	at org.openqa.selenium.devtools.Connection.sendAndWait(Connection.java:181)
	at org.openqa.selenium.devtools.DevTools.send(DevTools.java:81)
	at org.openqa.selenium.devtools.idealized.Network.lambda$prepareToInterceptTraffic$4(Network.java:194)
	at org.openqa.selenium.devtools.Connection.lambda$handle$4(Connection.java:321)
	at java.base/java.util.stream.ForEachOps$ForEachOp$OfRef.accept(ForEachOps.java:183)
	at java.base/java.util.stream.ReferencePipeline$2$1.accept(ReferencePipeline.java:177)
	at java.base/java.util.stream.ReferencePipeline$11$1.accept(ReferencePipeline.java:442)
	at java.base/java.util.HashMap$KeySpliterator.forEachRemaining(HashMap.java:1621)
	at java.base/java.util.stream.AbstractPipeline.copyInto(AbstractPipeline.java:484)
	at java.base/java.util.stream.AbstractPipeline.wrapAndCopyInto(AbstractPipeline.java:474)
	at java.base/java.util.stream.ForEachOps$ForEachOp.evaluateSequential(ForEachOps.java:150)
	at java.base/java.util.stream.ForEachOps$ForEachOp$OfRef.evaluateSequential(ForEachOps.java:173)
	at java.base/java.util.stream.AbstractPipeline.evaluate(AbstractPipeline.java:234)
	at java.base/java.util.stream.ReferencePipeline.forEach(ReferencePipeline.java:497)
	at org.openqa.selenium.devtools.Connection.handle(Connection.java:287)
	at org.openqa.selenium.devtools.Connection.access$200(Connection.java:57)
	at org.openqa.selenium.devtools.Connection$Listener.lambda$onText$0(Connection.java:224)
	at java.base/java.util.concurrent.ThreadPoolExecutor.runWorker(ThreadPoolExecutor.java:1128)
	at java.base/java.util.concurrent.ThreadPoolExecutor$Worker.run(ThreadPoolExecutor.java:628)
	at java.base/java.lang.Thread.run(Thread.java:829)
Caused by: org.openqa.selenium.WebDriverException: {"id":1920,"error":{"code":-32602,"message":"Invalid InterceptionId."},"sessionId":"69DE6D1A85B5D627489871F60443E14A"}
Build info: version: '4.11.0', revision: '040bc5406b'
System info: os.name: 'Windows 10', os.arch: 'amd64', os.version: '10.0', java.version: '11.0.18'
Driver info: driver.version: unknown
	at org.openqa.selenium.devtools.Connection.handle(Connection.java:260)
	... 5 more

Exception in thread "CDP Connection" org.openqa.selenium.devtools.DevToolsException: {"id":1920,"error":{"code":-32602,"message":"Invalid InterceptionId."},"sessionId":"69DE6D1A85B5D627489871F60443E14A"}
Build info: version: '4.11.0', revision: '040bc5406b'
System info: os.name: 'Windows 10', os.arch: 'amd64', os.version: '10.0', java.version: '11.0.18'
Driver info: driver.version: unknown
	at org.openqa.selenium.devtools.Connection$Listener.lambda$onText$0(Connection.java:227)
	at java.base/java.util.concurrent.ThreadPoolExecutor.runWorker(ThreadPoolExecutor.java:1128)
	at java.base/java.util.concurrent.ThreadPoolExecutor$Worker.run(ThreadPoolExecutor.java:628)
	at java.base/java.lang.Thread.run(Thread.java:829)
Caused by: org.openqa.selenium.devtools.DevToolsException: {"id":1920,"error":{"code":-32602,"message":"Invalid InterceptionId."},"sessionId":"69DE6D1A85B5D627489871F60443E14A"}
Build info: version: '4.11.0', revision: '040bc5406b'
System info: os.name: 'Windows 10', os.arch: 'amd64', os.version: '10.0', java.version: '11.0.18'
Driver info: driver.version: unknown
	at org.openqa.selenium.devtools.Connection.sendAndWait(Connection.java:181)
	at org.openqa.selenium.devtools.DevTools.send(DevTools.java:81)
	at org.openqa.selenium.devtools.idealized.Network.lambda$prepareToInterceptTraffic$4(Network.java:194)
	at org.openqa.selenium.devtools.Connection.lambda$handle$4(Connection.java:321)
	at java.base/java.util.stream.ForEachOps$ForEachOp$OfRef.accept(ForEachOps.java:183)
	at java.base/java.util.stream.ReferencePipeline$2$1.accept(ReferencePipeline.java:177)
	at java.base/java.util.stream.ReferencePipeline$11$1.accept(ReferencePipeline.java:442)
	at java.base/java.util.HashMap$KeySpliterator.forEachRemaining(HashMap.java:1621)
	at java.base/java.util.stream.AbstractPipeline.copyInto(AbstractPipeline.java:484)
	at java.base/java.util.stream.AbstractPipeline.wrapAndCopyInto(AbstractPipeline.java:474)
	at java.base/java.util.stream.ForEachOps$ForEachOp.evaluateSequential(ForEachOps.java:150)
	at java.base/java.util.stream.ForEachOps$ForEachOp$OfRef.evaluateSequential(ForEachOps.java:173)
	at java.base/java.util.stream.AbstractPipeline.evaluate(AbstractPipeline.java:234)
	at java.base/java.util.stream.ReferencePipeline.forEach(ReferencePipeline.java:497)
	at org.openqa.selenium.devtools.Connection.handle(Connection.java:287)
	at org.openqa.selenium.devtools.Connection.access$200(Connection.java:57)
	at org.openqa.selenium.devtools.Connection$Listener.lambda$onText$0(Connection.java:224)
	... 3 more
Caused by: org.openqa.selenium.WebDriverException: {"id":1920,"error":{"code":-32602,"message":"Invalid InterceptionId."},"sessionId":"69DE6D1A85B5D627489871F60443E14A"}
Build info: version: '4.11.0', revision: '040bc5406b'
System info: os.name: 'Windows 10', os.arch: 'amd64', os.version: '10.0', java.version: '11.0.18'
Driver info: driver.version: unknown
	at org.openqa.selenium.devtools.Connection.handle(Connection.java:260)
	... 5 more
авг. 16, 2023 4:22:28 PM org.openqa.selenium.devtools.Connection$Listener lambda$onText$0
WARNING: Unable to process: {"method":"Fetch.requestPaused","params":{"requestId":"interception-job-313.0","request":{"url":"http://localhost:8080/logo192.png","method":"GET","headers":{"Accept":"image/avif,image/webp,image/apng,image/svg+xml,image/*,*/*;q=0.8","Referer":"http://localhost:8080/","User-Agent":"Mozilla/5.0 (Windows NT 10.0; Win64; x64) AppleWebKit/537.36 (KHTML, like Gecko) Chrome/116.0.0.0 Safari/537.36","sec-ch-ua":"\"Chromium\";v=\"116\", \"Not)A;Brand\";v=\"24\", \"Google Chrome\";v=\"116\"","sec-ch-ua-mobile":"?0","sec-ch-ua-platform":"\"Windows\""},"initialPriority":"High","referrerPolicy":"unsafe-url"},"frameId":"D165F02B89151667DFD1BF49856829E7","resourceType":"Image","responseStatusCode":200,"responseStatusText":"","responseHeaders":[{"name":"Vary","value":"Origin"},{"name":"Vary","value":"Access-Control-Request-Method"},{"name":"Vary","value":"Access-Control-Request-Headers"},{"name":"Last-Modified","value":"Thu, 03 Aug 2023 10:18:16 GMT"},{"name":"Accept-Ranges","value":"bytes"},{"name":"Content-Type","value":"image/png"},{"name":"Content-Length","value":"8581"},{"name":"Date","value":"Wed, 16 Aug 2023 13:20:23 GMT"}]},"sessionId":"69DE6D1A85B5D627489871F60443E14A"}
org.openqa.selenium.devtools.DevToolsException: {"id":1925,"error":{"code":-32602,"message":"Invalid InterceptionId."},"sessionId":"69DE6D1A85B5D627489871F60443E14A"}
Build info: version: '4.11.0', revision: '040bc5406b'
System info: os.name: 'Windows 10', os.arch: 'amd64', os.version: '10.0', java.version: '11.0.18'
Driver info: driver.version: unknown
	at org.openqa.selenium.devtools.Connection.sendAndWait(Connection.java:181)
	at org.openqa.selenium.devtools.DevTools.send(DevTools.java:81)
	at org.openqa.selenium.devtools.idealized.Network.lambda$prepareToInterceptTraffic$4(Network.java:194)
	at org.openqa.selenium.devtools.Connection.lambda$handle$4(Connection.java:321)
	at java.base/java.util.stream.ForEachOps$ForEachOp$OfRef.accept(ForEachOps.java:183)
	at java.base/java.util.stream.ReferencePipeline$2$1.accept(ReferencePipeline.java:177)
	at java.base/java.util.stream.ReferencePipeline$11$1.accept(ReferencePipeline.java:442)
	at java.base/java.util.HashMap$KeySpliterator.forEachRemaining(HashMap.java:1621)
	at java.base/java.util.stream.AbstractPipeline.copyInto(AbstractPipeline.java:484)
	at java.base/java.util.stream.AbstractPipeline.wrapAndCopyInto(AbstractPipeline.java:474)
	at java.base/java.util.stream.ForEachOps$ForEachOp.evaluateSequential(ForEachOps.java:150)
	at java.base/java.util.stream.ForEachOps$ForEachOp$OfRef.evaluateSequential(ForEachOps.java:173)
	at java.base/java.util.stream.AbstractPipeline.evaluate(AbstractPipeline.java:234)
	at java.base/java.util.stream.ReferencePipeline.forEach(ReferencePipeline.java:497)
	at org.openqa.selenium.devtools.Connection.handle(Connection.java:287)
	at org.openqa.selenium.devtools.Connection.access$200(Connection.java:57)
	at org.openqa.selenium.devtools.Connection$Listener.lambda$onText$0(Connection.java:224)
	at java.base/java.util.concurrent.ThreadPoolExecutor.runWorker(ThreadPoolExecutor.java:1128)
	at java.base/java.util.concurrent.ThreadPoolExecutor$Worker.run(ThreadPoolExecutor.java:628)
	at java.base/java.lang.Thread.run(Thread.java:829)
Caused by: org.openqa.selenium.WebDriverException: {"id":1925,"error":{"code":-32602,"message":"Invalid InterceptionId."},"sessionId":"69DE6D1A85B5D627489871F60443E14A"}
Build info: version: '4.11.0', revision: '040bc5406b'
System info: os.name: 'Windows 10', os.arch: 'amd64', os.version: '10.0', java.version: '11.0.18'
Driver info: driver.version: unknown
	at org.openqa.selenium.devtools.Connection.handle(Connection.java:260)
	... 5 more

Exception in thread "CDP Connection" org.openqa.selenium.devtools.DevToolsException: {"id":1925,"error":{"code":-32602,"message":"Invalid InterceptionId."},"sessionId":"69DE6D1A85B5D627489871F60443E14A"}
Build info: version: '4.11.0', revision: '040bc5406b'
System info: os.name: 'Windows 10', os.arch: 'amd64', os.version: '10.0', java.version: '11.0.18'
Driver info: driver.version: unknown
	at org.openqa.selenium.devtools.Connection$Listener.lambda$onText$0(Connection.java:227)
	at java.base/java.util.concurrent.ThreadPoolExecutor.runWorker(ThreadPoolExecutor.java:1128)
	at java.base/java.util.concurrent.ThreadPoolExecutor$Worker.run(ThreadPoolExecutor.java:628)
	at java.base/java.lang.Thread.run(Thread.java:829)
Caused by: org.openqa.selenium.devtools.DevToolsException: {"id":1925,"error":{"code":-32602,"message":"Invalid InterceptionId."},"sessionId":"69DE6D1A85B5D627489871F60443E14A"}
Build info: version: '4.11.0', revision: '040bc5406b'
System info: os.name: 'Windows 10', os.arch: 'amd64', os.version: '10.0', java.version: '11.0.18'
Driver info: driver.version: unknown
	at org.openqa.selenium.devtools.Connection.sendAndWait(Connection.java:181)
	at org.openqa.selenium.devtools.DevTools.send(DevTools.java:81)
	at org.openqa.selenium.devtools.idealized.Network.lambda$prepareToInterceptTraffic$4(Network.java:194)
	at org.openqa.selenium.devtools.Connection.lambda$handle$4(Connection.java:321)
	at java.base/java.util.stream.ForEachOps$ForEachOp$OfRef.accept(ForEachOps.java:183)
	at java.base/java.util.stream.ReferencePipeline$2$1.accept(ReferencePipeline.java:177)
	at java.base/java.util.stream.ReferencePipeline$11$1.accept(ReferencePipeline.java:442)
	at java.base/java.util.HashMap$KeySpliterator.forEachRemaining(HashMap.java:1621)
	at java.base/java.util.stream.AbstractPipeline.copyInto(AbstractPipeline.java:484)
	at java.base/java.util.stream.AbstractPipeline.wrapAndCopyInto(AbstractPipeline.java:474)
	at java.base/java.util.stream.ForEachOps$ForEachOp.evaluateSequential(ForEachOps.java:150)
	at java.base/java.util.stream.ForEachOps$ForEachOp$OfRef.evaluateSequential(ForEachOps.java:173)
	at java.base/java.util.stream.AbstractPipeline.evaluate(AbstractPipeline.java:234)
	at java.base/java.util.stream.ReferencePipeline.forEach(ReferencePipeline.java:497)
	at org.openqa.selenium.devtools.Connection.handle(Connection.java:287)
	at org.openqa.selenium.devtools.Connection.access$200(Connection.java:57)
	at org.openqa.selenium.devtools.Connection$Listener.lambda$onText$0(Connection.java:224)
	... 3 more
Caused by: org.openqa.selenium.WebDriverException: {"id":1925,"error":{"code":-32602,"message":"Invalid InterceptionId."},"sessionId":"69DE6D1A85B5D627489871F60443E14A"}
Build info: version: '4.11.0', revision: '040bc5406b'
System info: os.name: 'Windows 10', os.arch: 'amd64', os.version: '10.0', java.version: '11.0.18'
Driver info: driver.version: unknown
	at org.openqa.selenium.devtools.Connection.handle(Connection.java:260)
	... 5 more
авг. 16, 2023 4:22:28 PM org.openqa.selenium.devtools.Connection$Listener lambda$onText$0
WARNING: Unable to process: {"method":"Fetch.requestPaused","params":{"requestId":"interception-job-313.0","request":{"url":"http://localhost:8080/logo192.png","method":"GET","headers":{"Accept":"image/avif,image/webp,image/apng,image/svg+xml,image/*,*/*;q=0.8","Referer":"http://localhost:8080/","User-Agent":"Mozilla/5.0 (Windows NT 10.0; Win64; x64) AppleWebKit/537.36 (KHTML, like Gecko) Chrome/116.0.0.0 Safari/537.36","sec-ch-ua":"\"Chromium\";v=\"116\", \"Not)A;Brand\";v=\"24\", \"Google Chrome\";v=\"116\"","sec-ch-ua-mobile":"?0","sec-ch-ua-platform":"\"Windows\""},"initialPriority":"High","referrerPolicy":"strict-origin-when-cross-origin"},"frameId":"D165F02B89151667DFD1BF49856829E7","resourceType":"Image"},"sessionId":"69DE6D1A85B5D627489871F60443E14A"}
org.openqa.selenium.devtools.DevToolsException: {"id":1926,"error":{"code":-32602,"message":"Invalid InterceptionId."},"sessionId":"69DE6D1A85B5D627489871F60443E14A"}
Build info: version: '4.11.0', revision: '040bc5406b'
System info: os.name: 'Windows 10', os.arch: 'amd64', os.version: '10.0', java.version: '11.0.18'
Driver info: driver.version: unknown
	at org.openqa.selenium.devtools.Connection.sendAndWait(Connection.java:181)
	at org.openqa.selenium.devtools.DevTools.send(DevTools.java:81)
	at org.openqa.selenium.devtools.idealized.Network.lambda$prepareToInterceptTraffic$3(Network.java:211)
	at org.openqa.selenium.remote.http.Filter.lambda$andFinally$1(Filter.java:55)
	at org.openqa.selenium.devtools.idealized.Network.lambda$prepareToInterceptTraffic$4(Network.java:226)
	at org.openqa.selenium.devtools.Connection.lambda$handle$4(Connection.java:321)
	at java.base/java.util.stream.ForEachOps$ForEachOp$OfRef.accept(ForEachOps.java:183)
	at java.base/java.util.stream.ReferencePipeline$2$1.accept(ReferencePipeline.java:177)
	at java.base/java.util.stream.ReferencePipeline$11$1.accept(ReferencePipeline.java:442)
	at java.base/java.util.HashMap$KeySpliterator.forEachRemaining(HashMap.java:1621)
	at java.base/java.util.stream.AbstractPipeline.copyInto(AbstractPipeline.java:484)
	at java.base/java.util.stream.AbstractPipeline.wrapAndCopyInto(AbstractPipeline.java:474)
	at java.base/java.util.stream.ForEachOps$ForEachOp.evaluateSequential(ForEachOps.java:150)
	at java.base/java.util.stream.ForEachOps$ForEachOp$OfRef.evaluateSequential(ForEachOps.java:173)
	at java.base/java.util.stream.AbstractPipeline.evaluate(AbstractPipeline.java:234)
	at java.base/java.util.stream.ReferencePipeline.forEach(ReferencePipeline.java:497)
	at org.openqa.selenium.devtools.Connection.handle(Connection.java:287)
	at org.openqa.selenium.devtools.Connection.access$200(Connection.java:57)
	at org.openqa.selenium.devtools.Connection$Listener.lambda$onText$0(Connection.java:224)
	at java.base/java.util.concurrent.ThreadPoolExecutor.runWorker(ThreadPoolExecutor.java:1128)
	at java.base/java.util.concurrent.ThreadPoolExecutor$Worker.run(ThreadPoolExecutor.java:628)
	at java.base/java.lang.Thread.run(Thread.java:829)
Caused by: org.openqa.selenium.WebDriverException: {"id":1926,"error":{"code":-32602,"message":"Invalid InterceptionId."},"sessionId":"69DE6D1A85B5D627489871F60443E14A"}
Build info: version: '4.11.0', revision: '040bc5406b'
System info: os.name: 'Windows 10', os.arch: 'amd64', os.version: '10.0', java.version: '11.0.18'
Driver info: driver.version: unknown
	at org.openqa.selenium.devtools.Connection.handle(Connection.java:260)
	... 5 more

Exception in thread "CDP Connection" org.openqa.selenium.devtools.DevToolsException: {"id":1926,"error":{"code":-32602,"message":"Invalid InterceptionId."},"sessionId":"69DE6D1A85B5D627489871F60443E14A"}
Build info: version: '4.11.0', revision: '040bc5406b'
System info: os.name: 'Windows 10', os.arch: 'amd64', os.version: '10.0', java.version: '11.0.18'
Driver info: driver.version: unknown
	at org.openqa.selenium.devtools.Connection$Listener.lambda$onText$0(Connection.java:227)
	at java.base/java.util.concurrent.ThreadPoolExecutor.runWorker(ThreadPoolExecutor.java:1128)
	at java.base/java.util.concurrent.ThreadPoolExecutor$Worker.run(ThreadPoolExecutor.java:628)
	at java.base/java.lang.Thread.run(Thread.java:829)
Caused by: org.openqa.selenium.devtools.DevToolsException: {"id":1926,"error":{"code":-32602,"message":"Invalid InterceptionId."},"sessionId":"69DE6D1A85B5D627489871F60443E14A"}
Build info: version: '4.11.0', revision: '040bc5406b'
System info: os.name: 'Windows 10', os.arch: 'amd64', os.version: '10.0', java.version: '11.0.18'
Driver info: driver.version: unknown
	at org.openqa.selenium.devtools.Connection.sendAndWait(Connection.java:181)
	at org.openqa.selenium.devtools.DevTools.send(DevTools.java:81)
	at org.openqa.selenium.devtools.idealized.Network.lambda$prepareToInterceptTraffic$3(Network.java:211)
	at org.openqa.selenium.remote.http.Filter.lambda$andFinally$1(Filter.java:55)
	at org.openqa.selenium.devtools.idealized.Network.lambda$prepareToInterceptTraffic$4(Network.java:226)
	at org.openqa.selenium.devtools.Connection.lambda$handle$4(Connection.java:321)
	at java.base/java.util.stream.ForEachOps$ForEachOp$OfRef.accept(ForEachOps.java:183)
	at java.base/java.util.stream.ReferencePipeline$2$1.accept(ReferencePipeline.java:177)
	at java.base/java.util.stream.ReferencePipeline$11$1.accept(ReferencePipeline.java:442)
	at java.base/java.util.HashMap$KeySpliterator.forEachRemaining(HashMap.java:1621)
	at java.base/java.util.stream.AbstractPipeline.copyInto(AbstractPipeline.java:484)
	at java.base/java.util.stream.AbstractPipeline.wrapAndCopyInto(AbstractPipeline.java:474)
	at java.base/java.util.stream.ForEachOps$ForEachOp.evaluateSequential(ForEachOps.java:150)
	at java.base/java.util.stream.ForEachOps$ForEachOp$OfRef.evaluateSequential(ForEachOps.java:173)
	at java.base/java.util.stream.AbstractPipeline.evaluate(AbstractPipeline.java:234)
	at java.base/java.util.stream.ReferencePipeline.forEach(ReferencePipeline.java:497)
	at org.openqa.selenium.devtools.Connection.handle(Connection.java:287)
	at org.openqa.selenium.devtools.Connection.access$200(Connection.java:57)
	at org.openqa.selenium.devtools.Connection$Listener.lambda$onText$0(Connection.java:224)
	... 3 more
Caused by: org.openqa.selenium.WebDriverException: {"id":1926,"error":{"code":-32602,"message":"Invalid InterceptionId."},"sessionId":"69DE6D1A85B5D627489871F60443E14A"}
Build info: version: '4.11.0', revision: '040bc5406b'
System info: os.name: 'Windows 10', os.arch: 'amd64', os.version: '10.0', java.version: '11.0.18'
Driver info: driver.version: unknown
	at org.openqa.selenium.devtools.Connection.handle(Connection.java:260)
	... 5 more
авг. 16, 2023 4:22:28 PM org.openqa.selenium.devtools.Connection$Listener lambda$onText$0
WARNING: Unable to process: {"method":"Fetch.requestPaused","params":{"requestId":"interception-job-315.0","request":{"url":"http://localhost:8080/static/media/icon_close_s_white.cd06f8fb.svg","method":"GET","headers":{"Accept":"image/avif,image/webp,image/apng,image/svg+xml,image/*,*/*;q=0.8","Referer":"http://localhost:8080/static/css/2.7d875902.chunk.css","User-Agent":"Mozilla/5.0 (Windows NT 10.0; Win64; x64) AppleWebKit/537.36 (KHTML, like Gecko) Chrome/116.0.0.0 Safari/537.36","sec-ch-ua":"\"Chromium\";v=\"116\", \"Not)A;Brand\";v=\"24\", \"Google Chrome\";v=\"116\"","sec-ch-ua-mobile":"?0","sec-ch-ua-platform":"\"Windows\""},"initialPriority":"Low","referrerPolicy":"unsafe-url"},"frameId":"D165F02B89151667DFD1BF49856829E7","resourceType":"Image","responseStatusCode":200,"responseStatusText":"","responseHeaders":[{"name":"Vary","value":"Origin"},{"name":"Vary","value":"Access-Control-Request-Method"},{"name":"Vary","value":"Access-Control-Request-Headers"},{"name":"Last-Modified","value":"Thu, 03 Aug 2023 10:18:16 GMT"},{"name":"Accept-Ranges","value":"bytes"},{"name":"Content-Type","value":"image/svg+xml"},{"name":"Content-Length","value":"247"},{"name":"Date","value":"Wed, 16 Aug 2023 13:20:24 GMT"}]},"sessionId":"69DE6D1A85B5D627489871F60443E14A"}
org.openqa.selenium.devtools.DevToolsException: {"id":1937,"error":{"code":-32602,"message":"Invalid InterceptionId."},"sessionId":"69DE6D1A85B5D627489871F60443E14A"}
Build info: version: '4.11.0', revision: '040bc5406b'
System info: os.name: 'Windows 10', os.arch: 'amd64', os.version: '10.0', java.version: '11.0.18'
Driver info: driver.version: unknown
	at org.openqa.selenium.devtools.Connection.sendAndWait(Connection.java:181)
	at org.openqa.selenium.devtools.DevTools.send(DevTools.java:81)
	at org.openqa.selenium.devtools.idealized.Network.lambda$prepareToInterceptTraffic$4(Network.java:194)
	at org.openqa.selenium.devtools.Connection.lambda$handle$4(Connection.java:321)
	at java.base/java.util.stream.ForEachOps$ForEachOp$OfRef.accept(ForEachOps.java:183)
	at java.base/java.util.stream.ReferencePipeline$2$1.accept(ReferencePipeline.java:177)
	at java.base/java.util.stream.ReferencePipeline$11$1.accept(ReferencePipeline.java:442)
	at java.base/java.util.HashMap$KeySpliterator.forEachRemaining(HashMap.java:1621)
	at java.base/java.util.stream.AbstractPipeline.copyInto(AbstractPipeline.java:484)
	at java.base/java.util.stream.AbstractPipeline.wrapAndCopyInto(AbstractPipeline.java:474)
	at java.base/java.util.stream.ForEachOps$ForEachOp.evaluateSequential(ForEachOps.java:150)
	at java.base/java.util.stream.ForEachOps$ForEachOp$OfRef.evaluateSequential(ForEachOps.java:173)
	at java.base/java.util.stream.AbstractPipeline.evaluate(AbstractPipeline.java:234)
	at java.base/java.util.stream.ReferencePipeline.forEach(ReferencePipeline.java:497)
	at org.openqa.selenium.devtools.Connection.handle(Connection.java:287)
	at org.openqa.selenium.devtools.Connection.access$200(Connection.java:57)
	at org.openqa.selenium.devtools.Connection$Listener.lambda$onText$0(Connection.java:224)
	at java.base/java.util.concurrent.ThreadPoolExecutor.runWorker(ThreadPoolExecutor.java:1128)
	at java.base/java.util.concurrent.ThreadPoolExecutor$Worker.run(ThreadPoolExecutor.java:628)
	at java.base/java.lang.Thread.run(Thread.java:829)
Caused by: org.openqa.selenium.WebDriverException: {"id":1937,"error":{"code":-32602,"message":"Invalid InterceptionId."},"sessionId":"69DE6D1A85B5D627489871F60443E14A"}
Build info: version: '4.11.0', revision: '040bc5406b'
System info: os.name: 'Windows 10', os.arch: 'amd64', os.version: '10.0', java.version: '11.0.18'
Driver info: driver.version: unknown
	at org.openqa.selenium.devtools.Connection.handle(Connection.java:260)
	... 5 more

Exception in thread "CDP Connection" org.openqa.selenium.devtools.DevToolsException: {"id":1937,"error":{"code":-32602,"message":"Invalid InterceptionId."},"sessionId":"69DE6D1A85B5D627489871F60443E14A"}
Build info: version: '4.11.0', revision: '040bc5406b'
System info: os.name: 'Windows 10', os.arch: 'amd64', os.version: '10.0', java.version: '11.0.18'
Driver info: driver.version: unknown
	at org.openqa.selenium.devtools.Connection$Listener.lambda$onText$0(Connection.java:227)
	at java.base/java.util.concurrent.ThreadPoolExecutor.runWorker(ThreadPoolExecutor.java:1128)
	at java.base/java.util.concurrent.ThreadPoolExecutor$Worker.run(ThreadPoolExecutor.java:628)
	at java.base/java.lang.Thread.run(Thread.java:829)
Caused by: org.openqa.selenium.devtools.DevToolsException: {"id":1937,"error":{"code":-32602,"message":"Invalid InterceptionId."},"sessionId":"69DE6D1A85B5D627489871F60443E14A"}
Build info: version: '4.11.0', revision: '040bc5406b'
System info: os.name: 'Windows 10', os.arch: 'amd64', os.version: '10.0', java.version: '11.0.18'
Driver info: driver.version: unknown
	at org.openqa.selenium.devtools.Connection.sendAndWait(Connection.java:181)
	at org.openqa.selenium.devtools.DevTools.send(DevTools.java:81)
	at org.openqa.selenium.devtools.idealized.Network.lambda$prepareToInterceptTraffic$4(Network.java:194)
	at org.openqa.selenium.devtools.Connection.lambda$handle$4(Connection.java:321)
	at java.base/java.util.stream.ForEachOps$ForEachOp$OfRef.accept(ForEachOps.java:183)
	at java.base/java.util.stream.ReferencePipeline$2$1.accept(ReferencePipeline.java:177)
	at java.base/java.util.stream.ReferencePipeline$11$1.accept(ReferencePipeline.java:442)
	at java.base/java.util.HashMap$KeySpliterator.forEachRemaining(HashMap.java:1621)
	at java.base/java.util.stream.AbstractPipeline.copyInto(AbstractPipeline.java:484)
	at java.base/java.util.stream.AbstractPipeline.wrapAndCopyInto(AbstractPipeline.java:474)
	at java.base/java.util.stream.ForEachOps$ForEachOp.evaluateSequential(ForEachOps.java:150)
	at java.base/java.util.stream.ForEachOps$ForEachOp$OfRef.evaluateSequential(ForEachOps.java:173)
	at java.base/java.util.stream.AbstractPipeline.evaluate(AbstractPipeline.java:234)
	at java.base/java.util.stream.ReferencePipeline.forEach(ReferencePipeline.java:497)
	at org.openqa.selenium.devtools.Connection.handle(Connection.java:287)
	at org.openqa.selenium.devtools.Connection.access$200(Connection.java:57)
	at org.openqa.selenium.devtools.Connection$Listener.lambda$onText$0(Connection.java:224)
	... 3 more
Caused by: org.openqa.selenium.WebDriverException: {"id":1937,"error":{"code":-32602,"message":"Invalid InterceptionId."},"sessionId":"69DE6D1A85B5D627489871F60443E14A"}
Build info: version: '4.11.0', revision: '040bc5406b'
System info: os.name: 'Windows 10', os.arch: 'amd64', os.version: '10.0', java.version: '11.0.18'
Driver info: driver.version: unknown
	at org.openqa.selenium.devtools.Connection.handle(Connection.java:260)
	... 5 more
авг. 16, 2023 4:22:28 PM org.openqa.selenium.devtools.Connection$Listener lambda$onText$0
WARNING: Unable to process: {"method":"Fetch.requestPaused","params":{"requestId":"interception-job-314.0","request":{"url":"http://localhost:8080/static/media/icon_ok_m_white.5987da79.svg","method":"GET","headers":{"Accept":"image/avif,image/webp,image/apng,image/svg+xml,image/*,*/*;q=0.8","Referer":"http://localhost:8080/static/css/2.7d875902.chunk.css","User-Agent":"Mozilla/5.0 (Windows NT 10.0; Win64; x64) AppleWebKit/537.36 (KHTML, like Gecko) Chrome/116.0.0.0 Safari/537.36","sec-ch-ua":"\"Chromium\";v=\"116\", \"Not)A;Brand\";v=\"24\", \"Google Chrome\";v=\"116\"","sec-ch-ua-mobile":"?0","sec-ch-ua-platform":"\"Windows\""},"initialPriority":"Low","referrerPolicy":"unsafe-url"},"frameId":"D165F02B89151667DFD1BF49856829E7","resourceType":"Image","responseStatusCode":200,"responseStatusText":"","responseHeaders":[{"name":"Vary","value":"Origin"},{"name":"Vary","value":"Access-Control-Request-Method"},{"name":"Vary","value":"Access-Control-Request-Headers"},{"name":"Last-Modified","value":"Thu, 03 Aug 2023 10:18:16 GMT"},{"name":"Accept-Ranges","value":"bytes"},{"name":"Content-Type","value":"image/svg+xml"},{"name":"Content-Length","value":"687"},{"name":"Date","value":"Wed, 16 Aug 2023 13:20:24 GMT"}]},"sessionId":"69DE6D1A85B5D627489871F60443E14A"}
org.openqa.selenium.devtools.DevToolsException: {"id":1938,"error":{"code":-32602,"message":"Invalid InterceptionId."},"sessionId":"69DE6D1A85B5D627489871F60443E14A"}
Build info: version: '4.11.0', revision: '040bc5406b'
System info: os.name: 'Windows 10', os.arch: 'amd64', os.version: '10.0', java.version: '11.0.18'
Driver info: driver.version: unknown
	at org.openqa.selenium.devtools.Connection.sendAndWait(Connection.java:181)
	at org.openqa.selenium.devtools.DevTools.send(DevTools.java:81)
	at org.openqa.selenium.devtools.idealized.Network.lambda$prepareToInterceptTraffic$4(Network.java:194)
	at org.openqa.selenium.devtools.Connection.lambda$handle$4(Connection.java:321)
	at java.base/java.util.stream.ForEachOps$ForEachOp$OfRef.accept(ForEachOps.java:183)
	at java.base/java.util.stream.ReferencePipeline$2$1.accept(ReferencePipeline.java:177)
	at java.base/java.util.stream.ReferencePipeline$11$1.accept(ReferencePipeline.java:442)
	at java.base/java.util.HashMap$KeySpliterator.forEachRemaining(HashMap.java:1621)
	at java.base/java.util.stream.AbstractPipeline.copyInto(AbstractPipeline.java:484)
	at java.base/java.util.stream.AbstractPipeline.wrapAndCopyInto(AbstractPipeline.java:474)
	at java.base/java.util.stream.ForEachOps$ForEachOp.evaluateSequential(ForEachOps.java:150)
	at java.base/java.util.stream.ForEachOps$ForEachOp$OfRef.evaluateSequential(ForEachOps.java:173)
	at java.base/java.util.stream.AbstractPipeline.evaluate(AbstractPipeline.java:234)
	at java.base/java.util.stream.ReferencePipeline.forEach(ReferencePipeline.java:497)
	at org.openqa.selenium.devtools.Connection.handle(Connection.java:287)
	at org.openqa.selenium.devtools.Connection.access$200(Connection.java:57)
	at org.openqa.selenium.devtools.Connection$Listener.lambda$onText$0(Connection.java:224)
	at java.base/java.util.concurrent.ThreadPoolExecutor.runWorker(ThreadPoolExecutor.java:1128)
	at java.base/java.util.concurrent.ThreadPoolExecutor$Worker.run(ThreadPoolExecutor.java:628)
	at java.base/java.lang.Thread.run(Thread.java:829)
Caused by: org.openqa.selenium.WebDriverException: {"id":1938,"error":{"code":-32602,"message":"Invalid InterceptionId."},"sessionId":"69DE6D1A85B5D627489871F60443E14A"}
Build info: version: '4.11.0', revision: '040bc5406b'
System info: os.name: 'Windows 10', os.arch: 'amd64', os.version: '10.0', java.version: '11.0.18'
Driver info: driver.version: unknown
	at org.openqa.selenium.devtools.Connection.handle(Connection.java:260)
	... 5 more

Exception in thread "CDP Connection" org.openqa.selenium.devtools.DevToolsException: {"id":1938,"error":{"code":-32602,"message":"Invalid InterceptionId."},"sessionId":"69DE6D1A85B5D627489871F60443E14A"}
Build info: version: '4.11.0', revision: '040bc5406b'
System info: os.name: 'Windows 10', os.arch: 'amd64', os.version: '10.0', java.version: '11.0.18'
Driver info: driver.version: unknown
	at org.openqa.selenium.devtools.Connection$Listener.lambda$onText$0(Connection.java:227)
	at java.base/java.util.concurrent.ThreadPoolExecutor.runWorker(ThreadPoolExecutor.java:1128)
	at java.base/java.util.concurrent.ThreadPoolExecutor$Worker.run(ThreadPoolExecutor.java:628)
	at java.base/java.lang.Thread.run(Thread.java:829)
Caused by: org.openqa.selenium.devtools.DevToolsException: {"id":1938,"error":{"code":-32602,"message":"Invalid InterceptionId."},"sessionId":"69DE6D1A85B5D627489871F60443E14A"}
Build info: version: '4.11.0', revision: '040bc5406b'
System info: os.name: 'Windows 10', os.arch: 'amd64', os.version: '10.0', java.version: '11.0.18'
Driver info: driver.version: unknown
	at org.openqa.selenium.devtools.Connection.sendAndWait(Connection.java:181)
	at org.openqa.selenium.devtools.DevTools.send(DevTools.java:81)
	at org.openqa.selenium.devtools.idealized.Network.lambda$prepareToInterceptTraffic$4(Network.java:194)
	at org.openqa.selenium.devtools.Connection.lambda$handle$4(Connection.java:321)
	at java.base/java.util.stream.ForEachOps$ForEachOp$OfRef.accept(ForEachOps.java:183)
	at java.base/java.util.stream.ReferencePipeline$2$1.accept(ReferencePipeline.java:177)
	at java.base/java.util.stream.ReferencePipeline$11$1.accept(ReferencePipeline.java:442)
	at java.base/java.util.HashMap$KeySpliterator.forEachRemaining(HashMap.java:1621)
	at java.base/java.util.stream.AbstractPipeline.copyInto(AbstractPipeline.java:484)
	at java.base/java.util.stream.AbstractPipeline.wrapAndCopyInto(AbstractPipeline.java:474)
	at java.base/java.util.stream.ForEachOps$ForEachOp.evaluateSequential(ForEachOps.java:150)
	at java.base/java.util.stream.ForEachOps$ForEachOp$OfRef.evaluateSequential(ForEachOps.java:173)
	at java.base/java.util.stream.AbstractPipeline.evaluate(AbstractPipeline.java:234)
	at java.base/java.util.stream.ReferencePipeline.forEach(ReferencePipeline.java:497)
	at org.openqa.selenium.devtools.Connection.handle(Connection.java:287)
	at org.openqa.selenium.devtools.Connection.access$200(Connection.java:57)
	at org.openqa.selenium.devtools.Connection$Listener.lambda$onText$0(Connection.java:224)
	... 3 more
Caused by: org.openqa.selenium.WebDriverException: {"id":1938,"error":{"code":-32602,"message":"Invalid InterceptionId."},"sessionId":"69DE6D1A85B5D627489871F60443E14A"}
Build info: version: '4.11.0', revision: '040bc5406b'
System info: os.name: 'Windows 10', os.arch: 'amd64', os.version: '10.0', java.version: '11.0.18'
Driver info: driver.version: unknown
	at org.openqa.selenium.devtools.Connection.handle(Connection.java:260)
	... 5 more
авг. 16, 2023 4:22:28 PM org.openqa.selenium.devtools.Connection$Listener lambda$onText$0
WARNING: Unable to process: {"method":"Fetch.requestPaused","params":{"requestId":"interception-job-315.0","request":{"url":"http://localhost:8080/static/media/icon_close_s_white.cd06f8fb.svg","method":"GET","headers":{"Accept":"image/avif,image/webp,image/apng,image/svg+xml,image/*,*/*;q=0.8","Referer":"http://localhost:8080/static/css/2.7d875902.chunk.css","User-Agent":"Mozilla/5.0 (Windows NT 10.0; Win64; x64) AppleWebKit/537.36 (KHTML, like Gecko) Chrome/116.0.0.0 Safari/537.36","sec-ch-ua":"\"Chromium\";v=\"116\", \"Not)A;Brand\";v=\"24\", \"Google Chrome\";v=\"116\"","sec-ch-ua-mobile":"?0","sec-ch-ua-platform":"\"Windows\""},"initialPriority":"Low","referrerPolicy":"strict-origin-when-cross-origin"},"frameId":"D165F02B89151667DFD1BF49856829E7","resourceType":"Image"},"sessionId":"69DE6D1A85B5D627489871F60443E14A"}
org.openqa.selenium.devtools.DevToolsException: {"id":1939,"error":{"code":-32602,"message":"Invalid InterceptionId."},"sessionId":"69DE6D1A85B5D627489871F60443E14A"}
Build info: version: '4.11.0', revision: '040bc5406b'
System info: os.name: 'Windows 10', os.arch: 'amd64', os.version: '10.0', java.version: '11.0.18'
Driver info: driver.version: unknown
	at org.openqa.selenium.devtools.Connection.sendAndWait(Connection.java:181)
	at org.openqa.selenium.devtools.DevTools.send(DevTools.java:81)
	at org.openqa.selenium.devtools.idealized.Network.lambda$prepareToInterceptTraffic$3(Network.java:211)
	at org.openqa.selenium.remote.http.Filter.lambda$andFinally$1(Filter.java:55)
	at org.openqa.selenium.devtools.idealized.Network.lambda$prepareToInterceptTraffic$4(Network.java:226)
	at org.openqa.selenium.devtools.Connection.lambda$handle$4(Connection.java:321)
	at java.base/java.util.stream.ForEachOps$ForEachOp$OfRef.accept(ForEachOps.java:183)
	at java.base/java.util.stream.ReferencePipeline$2$1.accept(ReferencePipeline.java:177)
	at java.base/java.util.stream.ReferencePipeline$11$1.accept(ReferencePipeline.java:442)
	at java.base/java.util.HashMap$KeySpliterator.forEachRemaining(HashMap.java:1621)
	at java.base/java.util.stream.AbstractPipeline.copyInto(AbstractPipeline.java:484)
	at java.base/java.util.stream.AbstractPipeline.wrapAndCopyInto(AbstractPipeline.java:474)
	at java.base/java.util.stream.ForEachOps$ForEachOp.evaluateSequential(ForEachOps.java:150)
	at java.base/java.util.stream.ForEachOps$ForEachOp$OfRef.evaluateSequential(ForEachOps.java:173)
	at java.base/java.util.stream.AbstractPipeline.evaluate(AbstractPipeline.java:234)
	at java.base/java.util.stream.ReferencePipeline.forEach(ReferencePipeline.java:497)
	at org.openqa.selenium.devtools.Connection.handle(Connection.java:287)
	at org.openqa.selenium.devtools.Connection.access$200(Connection.java:57)
	at org.openqa.selenium.devtools.Connection$Listener.lambda$onText$0(Connection.java:224)
	at java.base/java.util.concurrent.ThreadPoolExecutor.runWorker(ThreadPoolExecutor.java:1128)
	at java.base/java.util.concurrent.ThreadPoolExecutor$Worker.run(ThreadPoolExecutor.java:628)
	at java.base/java.lang.Thread.run(Thread.java:829)
Caused by: org.openqa.selenium.WebDriverException: {"id":1939,"error":{"code":-32602,"message":"Invalid InterceptionId."},"sessionId":"69DE6D1A85B5D627489871F60443E14A"}
Build info: version: '4.11.0', revision: '040bc5406b'
System info: os.name: 'Windows 10', os.arch: 'amd64', os.version: '10.0', java.version: '11.0.18'
Driver info: driver.version: unknown
	at org.openqa.selenium.devtools.Connection.handle(Connection.java:260)
	... 5 more

Exception in thread "CDP Connection" org.openqa.selenium.devtools.DevToolsException: {"id":1939,"error":{"code":-32602,"message":"Invalid InterceptionId."},"sessionId":"69DE6D1A85B5D627489871F60443E14A"}
Build info: version: '4.11.0', revision: '040bc5406b'
System info: os.name: 'Windows 10', os.arch: 'amd64', os.version: '10.0', java.version: '11.0.18'
Driver info: driver.version: unknown
	at org.openqa.selenium.devtools.Connection$Listener.lambda$onText$0(Connection.java:227)
	at java.base/java.util.concurrent.ThreadPoolExecutor.runWorker(ThreadPoolExecutor.java:1128)
	at java.base/java.util.concurrent.ThreadPoolExecutor$Worker.run(ThreadPoolExecutor.java:628)
	at java.base/java.lang.Thread.run(Thread.java:829)
Caused by: org.openqa.selenium.devtools.DevToolsException: {"id":1939,"error":{"code":-32602,"message":"Invalid InterceptionId."},"sessionId":"69DE6D1A85B5D627489871F60443E14A"}
Build info: version: '4.11.0', revision: '040bc5406b'
System info: os.name: 'Windows 10', os.arch: 'amd64', os.version: '10.0', java.version: '11.0.18'
Driver info: driver.version: unknown
	at org.openqa.selenium.devtools.Connection.sendAndWait(Connection.java:181)
	at org.openqa.selenium.devtools.DevTools.send(DevTools.java:81)
	at org.openqa.selenium.devtools.idealized.Network.lambda$prepareToInterceptTraffic$3(Network.java:211)
	at org.openqa.selenium.remote.http.Filter.lambda$andFinally$1(Filter.java:55)
	at org.openqa.selenium.devtools.idealized.Network.lambda$prepareToInterceptTraffic$4(Network.java:226)
	at org.openqa.selenium.devtools.Connection.lambda$handle$4(Connection.java:321)
	at java.base/java.util.stream.ForEachOps$ForEachOp$OfRef.accept(ForEachOps.java:183)
	at java.base/java.util.stream.ReferencePipeline$2$1.accept(ReferencePipeline.java:177)
	at java.base/java.util.stream.ReferencePipeline$11$1.accept(ReferencePipeline.java:442)
	at java.base/java.util.HashMap$KeySpliterator.forEachRemaining(HashMap.java:1621)
	at java.base/java.util.stream.AbstractPipeline.copyInto(AbstractPipeline.java:484)
	at java.base/java.util.stream.AbstractPipeline.wrapAndCopyInto(AbstractPipeline.java:474)
	at java.base/java.util.stream.ForEachOps$ForEachOp.evaluateSequential(ForEachOps.java:150)
	at java.base/java.util.stream.ForEachOps$ForEachOp$OfRef.evaluateSequential(ForEachOps.java:173)
	at java.base/java.util.stream.AbstractPipeline.evaluate(AbstractPipeline.java:234)
	at java.base/java.util.stream.ReferencePipeline.forEach(ReferencePipeline.java:497)
	at org.openqa.selenium.devtools.Connection.handle(Connection.java:287)
	at org.openqa.selenium.devtools.Connection.access$200(Connection.java:57)
	at org.openqa.selenium.devtools.Connection$Listener.lambda$onText$0(Connection.java:224)
	... 3 more
Caused by: org.openqa.selenium.WebDriverException: {"id":1939,"error":{"code":-32602,"message":"Invalid InterceptionId."},"sessionId":"69DE6D1A85B5D627489871F60443E14A"}
Build info: version: '4.11.0', revision: '040bc5406b'
System info: os.name: 'Windows 10', os.arch: 'amd64', os.version: '10.0', java.version: '11.0.18'
Driver info: driver.version: unknown
	at org.openqa.selenium.devtools.Connection.handle(Connection.java:260)
	... 5 more
авг. 16, 2023 4:22:28 PM org.openqa.selenium.devtools.Connection$Listener lambda$onText$0
WARNING: Unable to process: {"method":"Fetch.requestPaused","params":{"requestId":"interception-job-314.0","request":{"url":"http://localhost:8080/static/media/icon_ok_m_white.5987da79.svg","method":"GET","headers":{"Accept":"image/avif,image/webp,image/apng,image/svg+xml,image/*,*/*;q=0.8","Referer":"http://localhost:8080/static/css/2.7d875902.chunk.css","User-Agent":"Mozilla/5.0 (Windows NT 10.0; Win64; x64) AppleWebKit/537.36 (KHTML, like Gecko) Chrome/116.0.0.0 Safari/537.36","sec-ch-ua":"\"Chromium\";v=\"116\", \"Not)A;Brand\";v=\"24\", \"Google Chrome\";v=\"116\"","sec-ch-ua-mobile":"?0","sec-ch-ua-platform":"\"Windows\""},"initialPriority":"Low","referrerPolicy":"strict-origin-when-cross-origin"},"frameId":"D165F02B89151667DFD1BF49856829E7","resourceType":"Image"},"sessionId":"69DE6D1A85B5D627489871F60443E14A"}
org.openqa.selenium.devtools.DevToolsException: {"id":1940,"error":{"code":-32602,"message":"Invalid InterceptionId."},"sessionId":"69DE6D1A85B5D627489871F60443E14A"}
Build info: version: '4.11.0', revision: '040bc5406b'
System info: os.name: 'Windows 10', os.arch: 'amd64', os.version: '10.0', java.version: '11.0.18'
Driver info: driver.version: unknown
	at org.openqa.selenium.devtools.Connection.sendAndWait(Connection.java:181)
	at org.openqa.selenium.devtools.DevTools.send(DevTools.java:81)
	at org.openqa.selenium.devtools.idealized.Network.lambda$prepareToInterceptTraffic$3(Network.java:211)
	at org.openqa.selenium.remote.http.Filter.lambda$andFinally$1(Filter.java:55)
	at org.openqa.selenium.devtools.idealized.Network.lambda$prepareToInterceptTraffic$4(Network.java:226)
	at org.openqa.selenium.devtools.Connection.lambda$handle$4(Connection.java:321)
	at java.base/java.util.stream.ForEachOps$ForEachOp$OfRef.accept(ForEachOps.java:183)
	at java.base/java.util.stream.ReferencePipeline$2$1.accept(ReferencePipeline.java:177)
	at java.base/java.util.stream.ReferencePipeline$11$1.accept(ReferencePipeline.java:442)
	at java.base/java.util.HashMap$KeySpliterator.forEachRemaining(HashMap.java:1621)
	at java.base/java.util.stream.AbstractPipeline.copyInto(AbstractPipeline.java:484)
	at java.base/java.util.stream.AbstractPipeline.wrapAndCopyInto(AbstractPipeline.java:474)
	at java.base/java.util.stream.ForEachOps$ForEachOp.evaluateSequential(ForEachOps.java:150)
	at java.base/java.util.stream.ForEachOps$ForEachOp$OfRef.evaluateSequential(ForEachOps.java:173)
	at java.base/java.util.stream.AbstractPipeline.evaluate(AbstractPipeline.java:234)
	at java.base/java.util.stream.ReferencePipeline.forEach(ReferencePipeline.java:497)
	at org.openqa.selenium.devtools.Connection.handle(Connection.java:287)
	at org.openqa.selenium.devtools.Connection.access$200(Connection.java:57)
	at org.openqa.selenium.devtools.Connection$Listener.lambda$onText$0(Connection.java:224)
	at java.base/java.util.concurrent.ThreadPoolExecutor.runWorker(ThreadPoolExecutor.java:1128)
	at java.base/java.util.concurrent.ThreadPoolExecutor$Worker.run(ThreadPoolExecutor.java:628)
	at java.base/java.lang.Thread.run(Thread.java:829)
Caused by: org.openqa.selenium.WebDriverException: {"id":1940,"error":{"code":-32602,"message":"Invalid InterceptionId."},"sessionId":"69DE6D1A85B5D627489871F60443E14A"}
Build info: version: '4.11.0', revision: '040bc5406b'
System info: os.name: 'Windows 10', os.arch: 'amd64', os.version: '10.0', java.version: '11.0.18'
Driver info: driver.version: unknown
	at org.openqa.selenium.devtools.Connection.handle(Connection.java:260)
	... 5 more

Exception in thread "CDP Connection" org.openqa.selenium.devtools.DevToolsException: {"id":1940,"error":{"code":-32602,"message":"Invalid InterceptionId."},"sessionId":"69DE6D1A85B5D627489871F60443E14A"}
Build info: version: '4.11.0', revision: '040bc5406b'
System info: os.name: 'Windows 10', os.arch: 'amd64', os.version: '10.0', java.version: '11.0.18'
Driver info: driver.version: unknown
	at org.openqa.selenium.devtools.Connection$Listener.lambda$onText$0(Connection.java:227)
	at java.base/java.util.concurrent.ThreadPoolExecutor.runWorker(ThreadPoolExecutor.java:1128)
	at java.base/java.util.concurrent.ThreadPoolExecutor$Worker.run(ThreadPoolExecutor.java:628)
	at java.base/java.lang.Thread.run(Thread.java:829)
Caused by: org.openqa.selenium.devtools.DevToolsException: {"id":1940,"error":{"code":-32602,"message":"Invalid InterceptionId."},"sessionId":"69DE6D1A85B5D627489871F60443E14A"}
Build info: version: '4.11.0', revision: '040bc5406b'
System info: os.name: 'Windows 10', os.arch: 'amd64', os.version: '10.0', java.version: '11.0.18'
Driver info: driver.version: unknown
	at org.openqa.selenium.devtools.Connection.sendAndWait(Connection.java:181)
	at org.openqa.selenium.devtools.DevTools.send(DevTools.java:81)
	at org.openqa.selenium.devtools.idealized.Network.lambda$prepareToInterceptTraffic$3(Network.java:211)
	at org.openqa.selenium.remote.http.Filter.lambda$andFinally$1(Filter.java:55)
	at org.openqa.selenium.devtools.idealized.Network.lambda$prepareToInterceptTraffic$4(Network.java:226)
	at org.openqa.selenium.devtools.Connection.lambda$handle$4(Connection.java:321)
	at java.base/java.util.stream.ForEachOps$ForEachOp$OfRef.accept(ForEachOps.java:183)
	at java.base/java.util.stream.ReferencePipeline$2$1.accept(ReferencePipeline.java:177)
	at java.base/java.util.stream.ReferencePipeline$11$1.accept(ReferencePipeline.java:442)
	at java.base/java.util.HashMap$KeySpliterator.forEachRemaining(HashMap.java:1621)
	at java.base/java.util.stream.AbstractPipeline.copyInto(AbstractPipeline.java:484)
	at java.base/java.util.stream.AbstractPipeline.wrapAndCopyInto(AbstractPipeline.java:474)
	at java.base/java.util.stream.ForEachOps$ForEachOp.evaluateSequential(ForEachOps.java:150)
	at java.base/java.util.stream.ForEachOps$ForEachOp$OfRef.evaluateSequential(ForEachOps.java:173)
	at java.base/java.util.stream.AbstractPipeline.evaluate(AbstractPipeline.java:234)
	at java.base/java.util.stream.ReferencePipeline.forEach(ReferencePipeline.java:497)
	at org.openqa.selenium.devtools.Connection.handle(Connection.java:287)
	at org.openqa.selenium.devtools.Connection.access$200(Connection.java:57)
	at org.openqa.selenium.devtools.Connection$Listener.lambda$onText$0(Connection.java:224)
	... 3 more
Caused by: org.openqa.selenium.WebDriverException: {"id":1940,"error":{"code":-32602,"message":"Invalid InterceptionId."},"sessionId":"69DE6D1A85B5D627489871F60443E14A"}
Build info: version: '4.11.0', revision: '040bc5406b'
System info: os.name: 'Windows 10', os.arch: 'amd64', os.version: '10.0', java.version: '11.0.18'
Driver info: driver.version: unknown
	at org.openqa.selenium.devtools.Connection.handle(Connection.java:260)
	... 5 more
авг. 16, 2023 4:22:28 PM org.openqa.selenium.devtools.Connection$Listener lambda$onText$0
WARNING: Unable to process: {"method":"Fetch.requestPaused","params":{"requestId":"interception-job-316.0","request":{"url":"http://localhost:8080/static/media/icon_error_m_white.143ec85a.svg","method":"GET","headers":{"Accept":"image/avif,image/webp,image/apng,image/svg+xml,image/*,*/*;q=0.8","Referer":"http://localhost:8080/static/css/2.7d875902.chunk.css","User-Agent":"Mozilla/5.0 (Windows NT 10.0; Win64; x64) AppleWebKit/537.36 (KHTML, like Gecko) Chrome/116.0.0.0 Safari/537.36","sec-ch-ua":"\"Chromium\";v=\"116\", \"Not)A;Brand\";v=\"24\", \"Google Chrome\";v=\"116\"","sec-ch-ua-mobile":"?0","sec-ch-ua-platform":"\"Windows\""},"initialPriority":"Low","referrerPolicy":"unsafe-url"},"frameId":"D165F02B89151667DFD1BF49856829E7","resourceType":"Image","responseStatusCode":200,"responseStatusText":"","responseHeaders":[{"name":"Vary","value":"Origin"},{"name":"Vary","value":"Access-Control-Request-Method"},{"name":"Vary","value":"Access-Control-Request-Headers"},{"name":"Last-Modified","value":"Thu, 03 Aug 2023 10:18:16 GMT"},{"name":"Accept-Ranges","value":"bytes"},{"name":"Content-Type","value":"image/svg+xml"},{"name":"Content-Length","value":"380"},{"name":"Date","value":"Wed, 16 Aug 2023 13:20:24 GMT"}]},"sessionId":"69DE6D1A85B5D627489871F60443E14A"}
org.openqa.selenium.devtools.DevToolsException: {"id":1943,"error":{"code":-32602,"message":"Invalid InterceptionId."},"sessionId":"69DE6D1A85B5D627489871F60443E14A"}
Build info: version: '4.11.0', revision: '040bc5406b'
System info: os.name: 'Windows 10', os.arch: 'amd64', os.version: '10.0', java.version: '11.0.18'
Driver info: driver.version: unknown
	at org.openqa.selenium.devtools.Connection.sendAndWait(Connection.java:181)
	at org.openqa.selenium.devtools.DevTools.send(DevTools.java:81)
	at org.openqa.selenium.devtools.idealized.Network.lambda$prepareToInterceptTraffic$4(Network.java:194)
	at org.openqa.selenium.devtools.Connection.lambda$handle$4(Connection.java:321)
	at java.base/java.util.stream.ForEachOps$ForEachOp$OfRef.accept(ForEachOps.java:183)
	at java.base/java.util.stream.ReferencePipeline$2$1.accept(ReferencePipeline.java:177)
	at java.base/java.util.stream.ReferencePipeline$11$1.accept(ReferencePipeline.java:442)
	at java.base/java.util.HashMap$KeySpliterator.forEachRemaining(HashMap.java:1621)
	at java.base/java.util.stream.AbstractPipeline.copyInto(AbstractPipeline.java:484)
	at java.base/java.util.stream.AbstractPipeline.wrapAndCopyInto(AbstractPipeline.java:474)
	at java.base/java.util.stream.ForEachOps$ForEachOp.evaluateSequential(ForEachOps.java:150)
	at java.base/java.util.stream.ForEachOps$ForEachOp$OfRef.evaluateSequential(ForEachOps.java:173)
	at java.base/java.util.stream.AbstractPipeline.evaluate(AbstractPipeline.java:234)
	at java.base/java.util.stream.ReferencePipeline.forEach(ReferencePipeline.java:497)
	at org.openqa.selenium.devtools.Connection.handle(Connection.java:287)
	at org.openqa.selenium.devtools.Connection.access$200(Connection.java:57)
	at org.openqa.selenium.devtools.Connection$Listener.lambda$onText$0(Connection.java:224)
	at java.base/java.util.concurrent.ThreadPoolExecutor.runWorker(ThreadPoolExecutor.java:1128)
	at java.base/java.util.concurrent.ThreadPoolExecutor$Worker.run(ThreadPoolExecutor.java:628)
	at java.base/java.lang.Thread.run(Thread.java:829)
Caused by: org.openqa.selenium.WebDriverException: {"id":1943,"error":{"code":-32602,"message":"Invalid InterceptionId."},"sessionId":"69DE6D1A85B5D627489871F60443E14A"}
Build info: version: '4.11.0', revision: '040bc5406b'
System info: os.name: 'Windows 10', os.arch: 'amd64', os.version: '10.0', java.version: '11.0.18'
Driver info: driver.version: unknown
	at org.openqa.selenium.devtools.Connection.handle(Connection.java:260)
	... 5 more

Exception in thread "CDP Connection" org.openqa.selenium.devtools.DevToolsException: {"id":1943,"error":{"code":-32602,"message":"Invalid InterceptionId."},"sessionId":"69DE6D1A85B5D627489871F60443E14A"}
Build info: version: '4.11.0', revision: '040bc5406b'
System info: os.name: 'Windows 10', os.arch: 'amd64', os.version: '10.0', java.version: '11.0.18'
Driver info: driver.version: unknown
	at org.openqa.selenium.devtools.Connection$Listener.lambda$onText$0(Connection.java:227)
	at java.base/java.util.concurrent.ThreadPoolExecutor.runWorker(ThreadPoolExecutor.java:1128)
	at java.base/java.util.concurrent.ThreadPoolExecutor$Worker.run(ThreadPoolExecutor.java:628)
	at java.base/java.lang.Thread.run(Thread.java:829)
Caused by: org.openqa.selenium.devtools.DevToolsException: {"id":1943,"error":{"code":-32602,"message":"Invalid InterceptionId."},"sessionId":"69DE6D1A85B5D627489871F60443E14A"}
Build info: version: '4.11.0', revision: '040bc5406b'
System info: os.name: 'Windows 10', os.arch: 'amd64', os.version: '10.0', java.version: '11.0.18'
Driver info: driver.version: unknown
	at org.openqa.selenium.devtools.Connection.sendAndWait(Connection.java:181)
	at org.openqa.selenium.devtools.DevTools.send(DevTools.java:81)
	at org.openqa.selenium.devtools.idealized.Network.lambda$prepareToInterceptTraffic$4(Network.java:194)
	at org.openqa.selenium.devtools.Connection.lambda$handle$4(Connection.java:321)
	at java.base/java.util.stream.ForEachOps$ForEachOp$OfRef.accept(ForEachOps.java:183)
	at java.base/java.util.stream.ReferencePipeline$2$1.accept(ReferencePipeline.java:177)
	at java.base/java.util.stream.ReferencePipeline$11$1.accept(ReferencePipeline.java:442)
	at java.base/java.util.HashMap$KeySpliterator.forEachRemaining(HashMap.java:1621)
	at java.base/java.util.stream.AbstractPipeline.copyInto(AbstractPipeline.java:484)
	at java.base/java.util.stream.AbstractPipeline.wrapAndCopyInto(AbstractPipeline.java:474)
	at java.base/java.util.stream.ForEachOps$ForEachOp.evaluateSequential(ForEachOps.java:150)
	at java.base/java.util.stream.ForEachOps$ForEachOp$OfRef.evaluateSequential(ForEachOps.java:173)
	at java.base/java.util.stream.AbstractPipeline.evaluate(AbstractPipeline.java:234)
	at java.base/java.util.stream.ReferencePipeline.forEach(ReferencePipeline.java:497)
	at org.openqa.selenium.devtools.Connection.handle(Connection.java:287)
	at org.openqa.selenium.devtools.Connection.access$200(Connection.java:57)
	at org.openqa.selenium.devtools.Connection$Listener.lambda$onText$0(Connection.java:224)
	... 3 more
Caused by: org.openqa.selenium.WebDriverException: {"id":1943,"error":{"code":-32602,"message":"Invalid InterceptionId."},"sessionId":"69DE6D1A85B5D627489871F60443E14A"}
Build info: version: '4.11.0', revision: '040bc5406b'
System info: os.name: 'Windows 10', os.arch: 'amd64', os.version: '10.0', java.version: '11.0.18'
Driver info: driver.version: unknown
	at org.openqa.selenium.devtools.Connection.handle(Connection.java:260)
	... 5 more
авг. 16, 2023 4:22:28 PM org.openqa.selenium.devtools.Connection$Listener lambda$onText$0
WARNING: Unable to process: {"method":"Fetch.requestPaused","params":{"requestId":"interception-job-316.0","request":{"url":"http://localhost:8080/static/media/icon_error_m_white.143ec85a.svg","method":"GET","headers":{"Accept":"image/avif,image/webp,image/apng,image/svg+xml,image/*,*/*;q=0.8","Referer":"http://localhost:8080/static/css/2.7d875902.chunk.css","User-Agent":"Mozilla/5.0 (Windows NT 10.0; Win64; x64) AppleWebKit/537.36 (KHTML, like Gecko) Chrome/116.0.0.0 Safari/537.36","sec-ch-ua":"\"Chromium\";v=\"116\", \"Not)A;Brand\";v=\"24\", \"Google Chrome\";v=\"116\"","sec-ch-ua-mobile":"?0","sec-ch-ua-platform":"\"Windows\""},"initialPriority":"Low","referrerPolicy":"strict-origin-when-cross-origin"},"frameId":"D165F02B89151667DFD1BF49856829E7","resourceType":"Image"},"sessionId":"69DE6D1A85B5D627489871F60443E14A"}
org.openqa.selenium.devtools.DevToolsException: {"id":1944,"error":{"code":-32602,"message":"Invalid InterceptionId."},"sessionId":"69DE6D1A85B5D627489871F60443E14A"}
Build info: version: '4.11.0', revision: '040bc5406b'
System info: os.name: 'Windows 10', os.arch: 'amd64', os.version: '10.0', java.version: '11.0.18'
Driver info: driver.version: unknown
	at org.openqa.selenium.devtools.Connection.sendAndWait(Connection.java:181)
	at org.openqa.selenium.devtools.DevTools.send(DevTools.java:81)
	at org.openqa.selenium.devtools.idealized.Network.lambda$prepareToInterceptTraffic$3(Network.java:211)
	at org.openqa.selenium.remote.http.Filter.lambda$andFinally$1(Filter.java:55)
	at org.openqa.selenium.devtools.idealized.Network.lambda$prepareToInterceptTraffic$4(Network.java:226)
	at org.openqa.selenium.devtools.Connection.lambda$handle$4(Connection.java:321)
	at java.base/java.util.stream.ForEachOps$ForEachOp$OfRef.accept(ForEachOps.java:183)
	at java.base/java.util.stream.ReferencePipeline$2$1.accept(ReferencePipeline.java:177)
	at java.base/java.util.stream.ReferencePipeline$11$1.accept(ReferencePipeline.java:442)
	at java.base/java.util.HashMap$KeySpliterator.forEachRemaining(HashMap.java:1621)
	at java.base/java.util.stream.AbstractPipeline.copyInto(AbstractPipeline.java:484)
	at java.base/java.util.stream.AbstractPipeline.wrapAndCopyInto(AbstractPipeline.java:474)
	at java.base/java.util.stream.ForEachOps$ForEachOp.evaluateSequential(ForEachOps.java:150)
	at java.base/java.util.stream.ForEachOps$ForEachOp$OfRef.evaluateSequential(ForEachOps.java:173)
	at java.base/java.util.stream.AbstractPipeline.evaluate(AbstractPipeline.java:234)
	at java.base/java.util.stream.ReferencePipeline.forEach(ReferencePipeline.java:497)
	at org.openqa.selenium.devtools.Connection.handle(Connection.java:287)
	at org.openqa.selenium.devtools.Connection.access$200(Connection.java:57)
	at org.openqa.selenium.devtools.Connection$Listener.lambda$onText$0(Connection.java:224)
	at java.base/java.util.concurrent.ThreadPoolExecutor.runWorker(ThreadPoolExecutor.java:1128)
	at java.base/java.util.concurrent.ThreadPoolExecutor$Worker.run(ThreadPoolExecutor.java:628)
	at java.base/java.lang.Thread.run(Thread.java:829)
Caused by: org.openqa.selenium.WebDriverException: {"id":1944,"error":{"code":-32602,"message":"Invalid InterceptionId."},"sessionId":"69DE6D1A85B5D627489871F60443E14A"}
Build info: version: '4.11.0', revision: '040bc5406b'
System info: os.name: 'Windows 10', os.arch: 'amd64', os.version: '10.0', java.version: '11.0.18'
Driver info: driver.version: unknown
	at org.openqa.selenium.devtools.Connection.handle(Connection.java:260)
	... 5 more

Exception in thread "CDP Connection" org.openqa.selenium.devtools.DevToolsException: {"id":1944,"error":{"code":-32602,"message":"Invalid InterceptionId."},"sessionId":"69DE6D1A85B5D627489871F60443E14A"}
Build info: version: '4.11.0', revision: '040bc5406b'
System info: os.name: 'Windows 10', os.arch: 'amd64', os.version: '10.0', java.version: '11.0.18'
Driver info: driver.version: unknown
	at org.openqa.selenium.devtools.Connection$Listener.lambda$onText$0(Connection.java:227)
	at java.base/java.util.concurrent.ThreadPoolExecutor.runWorker(ThreadPoolExecutor.java:1128)
	at java.base/java.util.concurrent.ThreadPoolExecutor$Worker.run(ThreadPoolExecutor.java:628)
	at java.base/java.lang.Thread.run(Thread.java:829)
Caused by: org.openqa.selenium.devtools.DevToolsException: {"id":1944,"error":{"code":-32602,"message":"Invalid InterceptionId."},"sessionId":"69DE6D1A85B5D627489871F60443E14A"}
Build info: version: '4.11.0', revision: '040bc5406b'
System info: os.name: 'Windows 10', os.arch: 'amd64', os.version: '10.0', java.version: '11.0.18'
Driver info: driver.version: unknown
	at org.openqa.selenium.devtools.Connection.sendAndWait(Connection.java:181)
	at org.openqa.selenium.devtools.DevTools.send(DevTools.java:81)
	at org.openqa.selenium.devtools.idealized.Network.lambda$prepareToInterceptTraffic$3(Network.java:211)
	at org.openqa.selenium.remote.http.Filter.lambda$andFinally$1(Filter.java:55)
	at org.openqa.selenium.devtools.idealized.Network.lambda$prepareToInterceptTraffic$4(Network.java:226)
	at org.openqa.selenium.devtools.Connection.lambda$handle$4(Connection.java:321)
	at java.base/java.util.stream.ForEachOps$ForEachOp$OfRef.accept(ForEachOps.java:183)
	at java.base/java.util.stream.ReferencePipeline$2$1.accept(ReferencePipeline.java:177)
	at java.base/java.util.stream.ReferencePipeline$11$1.accept(ReferencePipeline.java:442)
	at java.base/java.util.HashMap$KeySpliterator.forEachRemaining(HashMap.java:1621)
	at java.base/java.util.stream.AbstractPipeline.copyInto(AbstractPipeline.java:484)
	at java.base/java.util.stream.AbstractPipeline.wrapAndCopyInto(AbstractPipeline.java:474)
	at java.base/java.util.stream.ForEachOps$ForEachOp.evaluateSequential(ForEachOps.java:150)
	at java.base/java.util.stream.ForEachOps$ForEachOp$OfRef.evaluateSequential(ForEachOps.java:173)
	at java.base/java.util.stream.AbstractPipeline.evaluate(AbstractPipeline.java:234)
	at java.base/java.util.stream.ReferencePipeline.forEach(ReferencePipeline.java:497)
	at org.openqa.selenium.devtools.Connection.handle(Connection.java:287)
	at org.openqa.selenium.devtools.Connection.access$200(Connection.java:57)
	at org.openqa.selenium.devtools.Connection$Listener.lambda$onText$0(Connection.java:224)
	... 3 more
Caused by: org.openqa.selenium.WebDriverException: {"id":1944,"error":{"code":-32602,"message":"Invalid InterceptionId."},"sessionId":"69DE6D1A85B5D627489871F60443E14A"}
Build info: version: '4.11.0', revision: '040bc5406b'
System info: os.name: 'Windows 10', os.arch: 'amd64', os.version: '10.0', java.version: '11.0.18'
Driver info: driver.version: unknown
	at org.openqa.selenium.devtools.Connection.handle(Connection.java:260)
	... 5 more
авг. 16, 2023 4:22:34 PM org.openqa.selenium.devtools.Connection$Listener lambda$onText$0
WARNING: Unable to process: {"method":"Fetch.requestPaused","params":{"requestId":"interception-job-317.0","request":{"url":"http://localhost:8080/api/v1/credit","method":"POST","headers":{"Accept":"*/*","Content-Type":"application/json","Origin":"http://localhost:8080","Referer":"http://localhost:8080/","User-Agent":"Mozilla/5.0 (Windows NT 10.0; Win64; x64) AppleWebKit/537.36 (KHTML, like Gecko) Chrome/116.0.0.0 Safari/537.36","sec-ch-ua":"\"Chromium\";v=\"116\", \"Not)A;Brand\";v=\"24\", \"Google Chrome\";v=\"116\"","sec-ch-ua-mobile":"?0","sec-ch-ua-platform":"\"Windows\""},"postData":"{\"number\":\"1444 4444 4444 4444\",\"year\":\"24\",\"month\":\"09\",\"holder\":\"Louvenia Jacobson\",\"cvc\":\"912\"}","hasPostData":true,"postDataEntries":[{"bytes":"eyJudW1iZXIiOiIxNDQ0IDQ0NDQgNDQ0NCA0NDQ0IiwieWVhciI6IjI0IiwibW9udGgiOiIwOSIsImhvbGRlciI6IkxvdXZlbmlhIEphY29ic29uIiwiY3ZjIjoiOTEyIn0="}],"initialPriority":"High","referrerPolicy":"unsafe-url"},"frameId":"D165F02B89151667DFD1BF49856829E7","resourceType":"XHR","responseStatusCode":500,"responseStatusText":"","responseHeaders":[{"name":"Vary","value":"Origin"},{"name":"Vary","value":"Access-Control-Request-Method"},{"name":"Vary","value":"Access-Control-Request-Headers"},{"name":"Content-Type","value":"application/json"},{"name":"Transfer-Encoding","value":"chunked"},{"name":"Date","value":"Wed, 16 Aug 2023 13:22:34 GMT"},{"name":"Connection","value":"close"}]},"sessionId":"69DE6D1A85B5D627489871F60443E14A"}
org.openqa.selenium.devtools.DevToolsException: {"id":1949,"error":{"code":-32602,"message":"Invalid InterceptionId."},"sessionId":"69DE6D1A85B5D627489871F60443E14A"}
Build info: version: '4.11.0', revision: '040bc5406b'
System info: os.name: 'Windows 10', os.arch: 'amd64', os.version: '10.0', java.version: '11.0.18'
Driver info: driver.version: unknown
	at org.openqa.selenium.devtools.Connection.sendAndWait(Connection.java:181)
	at org.openqa.selenium.devtools.DevTools.send(DevTools.java:81)
	at org.openqa.selenium.devtools.idealized.Network.lambda$prepareToInterceptTraffic$4(Network.java:194)
	at org.openqa.selenium.devtools.Connection.lambda$handle$4(Connection.java:321)
	at java.base/java.util.stream.ForEachOps$ForEachOp$OfRef.accept(ForEachOps.java:183)
	at java.base/java.util.stream.ReferencePipeline$2$1.accept(ReferencePipeline.java:177)
	at java.base/java.util.stream.ReferencePipeline$11$1.accept(ReferencePipeline.java:442)
	at java.base/java.util.HashMap$KeySpliterator.forEachRemaining(HashMap.java:1621)
	at java.base/java.util.stream.AbstractPipeline.copyInto(AbstractPipeline.java:484)
	at java.base/java.util.stream.AbstractPipeline.wrapAndCopyInto(AbstractPipeline.java:474)
	at java.base/java.util.stream.ForEachOps$ForEachOp.evaluateSequential(ForEachOps.java:150)
	at java.base/java.util.stream.ForEachOps$ForEachOp$OfRef.evaluateSequential(ForEachOps.java:173)
	at java.base/java.util.stream.AbstractPipeline.evaluate(AbstractPipeline.java:234)
	at java.base/java.util.stream.ReferencePipeline.forEach(ReferencePipeline.java:497)
	at org.openqa.selenium.devtools.Connection.handle(Connection.java:287)
	at org.openqa.selenium.devtools.Connection.access$200(Connection.java:57)
	at org.openqa.selenium.devtools.Connection$Listener.lambda$onText$0(Connection.java:224)
	at java.base/java.util.concurrent.ThreadPoolExecutor.runWorker(ThreadPoolExecutor.java:1128)
	at java.base/java.util.concurrent.ThreadPoolExecutor$Worker.run(ThreadPoolExecutor.java:628)
	at java.base/java.lang.Thread.run(Thread.java:829)
Caused by: org.openqa.selenium.WebDriverException: {"id":1949,"error":{"code":-32602,"message":"Invalid InterceptionId."},"sessionId":"69DE6D1A85B5D627489871F60443E14A"}
Build info: version: '4.11.0', revision: '040bc5406b'
System info: os.name: 'Windows 10', os.arch: 'amd64', os.version: '10.0', java.version: '11.0.18'
Driver info: driver.version: unknown
	at org.openqa.selenium.devtools.Connection.handle(Connection.java:260)
	... 5 more

Exception in thread "CDP Connection" org.openqa.selenium.devtools.DevToolsException: {"id":1949,"error":{"code":-32602,"message":"Invalid InterceptionId."},"sessionId":"69DE6D1A85B5D627489871F60443E14A"}
Build info: version: '4.11.0', revision: '040bc5406b'
System info: os.name: 'Windows 10', os.arch: 'amd64', os.version: '10.0', java.version: '11.0.18'
Driver info: driver.version: unknown
	at org.openqa.selenium.devtools.Connection$Listener.lambda$onText$0(Connection.java:227)
	at java.base/java.util.concurrent.ThreadPoolExecutor.runWorker(ThreadPoolExecutor.java:1128)
	at java.base/java.util.concurrent.ThreadPoolExecutor$Worker.run(ThreadPoolExecutor.java:628)
	at java.base/java.lang.Thread.run(Thread.java:829)
Caused by: org.openqa.selenium.devtools.DevToolsException: {"id":1949,"error":{"code":-32602,"message":"Invalid InterceptionId."},"sessionId":"69DE6D1A85B5D627489871F60443E14A"}
Build info: version: '4.11.0', revision: '040bc5406b'
System info: os.name: 'Windows 10', os.arch: 'amd64', os.version: '10.0', java.version: '11.0.18'
Driver info: driver.version: unknown
	at org.openqa.selenium.devtools.Connection.sendAndWait(Connection.java:181)
	at org.openqa.selenium.devtools.DevTools.send(DevTools.java:81)
	at org.openqa.selenium.devtools.idealized.Network.lambda$prepareToInterceptTraffic$4(Network.java:194)
	at org.openqa.selenium.devtools.Connection.lambda$handle$4(Connection.java:321)
	at java.base/java.util.stream.ForEachOps$ForEachOp$OfRef.accept(ForEachOps.java:183)
	at java.base/java.util.stream.ReferencePipeline$2$1.accept(ReferencePipeline.java:177)
	at java.base/java.util.stream.ReferencePipeline$11$1.accept(ReferencePipeline.java:442)
	at java.base/java.util.HashMap$KeySpliterator.forEachRemaining(HashMap.java:1621)
	at java.base/java.util.stream.AbstractPipeline.copyInto(AbstractPipeline.java:484)
	at java.base/java.util.stream.AbstractPipeline.wrapAndCopyInto(AbstractPipeline.java:474)
	at java.base/java.util.stream.ForEachOps$ForEachOp.evaluateSequential(ForEachOps.java:150)
	at java.base/java.util.stream.ForEachOps$ForEachOp$OfRef.evaluateSequential(ForEachOps.java:173)
	at java.base/java.util.stream.AbstractPipeline.evaluate(AbstractPipeline.java:234)
	at java.base/java.util.stream.ReferencePipeline.forEach(ReferencePipeline.java:497)
	at org.openqa.selenium.devtools.Connection.handle(Connection.java:287)
	at org.openqa.selenium.devtools.Connection.access$200(Connection.java:57)
	at org.openqa.selenium.devtools.Connection$Listener.lambda$onText$0(Connection.java:224)
	... 3 more
Caused by: org.openqa.selenium.WebDriverException: {"id":1949,"error":{"code":-32602,"message":"Invalid InterceptionId."},"sessionId":"69DE6D1A85B5D627489871F60443E14A"}
Build info: version: '4.11.0', revision: '040bc5406b'
System info: os.name: 'Windows 10', os.arch: 'amd64', os.version: '10.0', java.version: '11.0.18'
Driver info: driver.version: unknown
	at org.openqa.selenium.devtools.Connection.handle(Connection.java:260)
	... 5 more
авг. 16, 2023 4:22:34 PM org.openqa.selenium.devtools.Connection$Listener lambda$onText$0
WARNING: Unable to process: {"method":"Fetch.requestPaused","params":{"requestId":"interception-job-317.0","request":{"url":"http://localhost:8080/api/v1/credit","method":"POST","headers":{"Accept":"*/*","Content-Type":"application/json","Origin":"http://localhost:8080","Referer":"http://localhost:8080/","User-Agent":"Mozilla/5.0 (Windows NT 10.0; Win64; x64) AppleWebKit/537.36 (KHTML, like Gecko) Chrome/116.0.0.0 Safari/537.36","sec-ch-ua":"\"Chromium\";v=\"116\", \"Not)A;Brand\";v=\"24\", \"Google Chrome\";v=\"116\"","sec-ch-ua-mobile":"?0","sec-ch-ua-platform":"\"Windows\""},"postData":"{\"number\":\"1444 4444 4444 4444\",\"year\":\"24\",\"month\":\"09\",\"holder\":\"Louvenia Jacobson\",\"cvc\":\"912\"}","hasPostData":true,"postDataEntries":[{"bytes":"eyJudW1iZXIiOiIxNDQ0IDQ0NDQgNDQ0NCA0NDQ0IiwieWVhciI6IjI0IiwibW9udGgiOiIwOSIsImhvbGRlciI6IkxvdXZlbmlhIEphY29ic29uIiwiY3ZjIjoiOTEyIn0="}],"initialPriority":"High","referrerPolicy":"strict-origin-when-cross-origin"},"frameId":"D165F02B89151667DFD1BF49856829E7","resourceType":"XHR"},"sessionId":"69DE6D1A85B5D627489871F60443E14A"}
org.openqa.selenium.devtools.DevToolsException: {"id":1950,"error":{"code":-32602,"message":"Invalid InterceptionId."},"sessionId":"69DE6D1A85B5D627489871F60443E14A"}
Build info: version: '4.11.0', revision: '040bc5406b'
System info: os.name: 'Windows 10', os.arch: 'amd64', os.version: '10.0', java.version: '11.0.18'
Driver info: driver.version: unknown
	at org.openqa.selenium.devtools.Connection.sendAndWait(Connection.java:181)
	at org.openqa.selenium.devtools.DevTools.send(DevTools.java:81)
	at org.openqa.selenium.devtools.idealized.Network.lambda$prepareToInterceptTraffic$3(Network.java:211)
	at org.openqa.selenium.remote.http.Filter.lambda$andFinally$1(Filter.java:55)
	at org.openqa.selenium.devtools.idealized.Network.lambda$prepareToInterceptTraffic$4(Network.java:226)
	at org.openqa.selenium.devtools.Connection.lambda$handle$4(Connection.java:321)
	at java.base/java.util.stream.ForEachOps$ForEachOp$OfRef.accept(ForEachOps.java:183)
	at java.base/java.util.stream.ReferencePipeline$2$1.accept(ReferencePipeline.java:177)
	at java.base/java.util.stream.ReferencePipeline$11$1.accept(ReferencePipeline.java:442)
	at java.base/java.util.HashMap$KeySpliterator.forEachRemaining(HashMap.java:1621)
	at java.base/java.util.stream.AbstractPipeline.copyInto(AbstractPipeline.java:484)
	at java.base/java.util.stream.AbstractPipeline.wrapAndCopyInto(AbstractPipeline.java:474)
	at java.base/java.util.stream.ForEachOps$ForEachOp.evaluateSequential(ForEachOps.java:150)
	at java.base/java.util.stream.ForEachOps$ForEachOp$OfRef.evaluateSequential(ForEachOps.java:173)
	at java.base/java.util.stream.AbstractPipeline.evaluate(AbstractPipeline.java:234)
	at java.base/java.util.stream.ReferencePipeline.forEach(ReferencePipeline.java:497)
	at org.openqa.selenium.devtools.Connection.handle(Connection.java:287)
	at org.openqa.selenium.devtools.Connection.access$200(Connection.java:57)
	at org.openqa.selenium.devtools.Connection$Listener.lambda$onText$0(Connection.java:224)
	at java.base/java.util.concurrent.ThreadPoolExecutor.runWorker(ThreadPoolExecutor.java:1128)
	at java.base/java.util.concurrent.ThreadPoolExecutor$Worker.run(ThreadPoolExecutor.java:628)
	at java.base/java.lang.Thread.run(Thread.java:829)
Caused by: org.openqa.selenium.WebDriverException: {"id":1950,"error":{"code":-32602,"message":"Invalid InterceptionId."},"sessionId":"69DE6D1A85B5D627489871F60443E14A"}
Build info: version: '4.11.0', revision: '040bc5406b'
System info: os.name: 'Windows 10', os.arch: 'amd64', os.version: '10.0', java.version: '11.0.18'
Driver info: driver.version: unknown
	at org.openqa.selenium.devtools.Connection.handle(Connection.java:260)
	... 5 more

Exception in thread "CDP Connection" org.openqa.selenium.devtools.DevToolsException: {"id":1950,"error":{"code":-32602,"message":"Invalid InterceptionId."},"sessionId":"69DE6D1A85B5D627489871F60443E14A"}
Build info: version: '4.11.0', revision: '040bc5406b'
System info: os.name: 'Windows 10', os.arch: 'amd64', os.version: '10.0', java.version: '11.0.18'
Driver info: driver.version: unknown
	at org.openqa.selenium.devtools.Connection$Listener.lambda$onText$0(Connection.java:227)
	at java.base/java.util.concurrent.ThreadPoolExecutor.runWorker(ThreadPoolExecutor.java:1128)
	at java.base/java.util.concurrent.ThreadPoolExecutor$Worker.run(ThreadPoolExecutor.java:628)
	at java.base/java.lang.Thread.run(Thread.java:829)
Caused by: org.openqa.selenium.devtools.DevToolsException: {"id":1950,"error":{"code":-32602,"message":"Invalid InterceptionId."},"sessionId":"69DE6D1A85B5D627489871F60443E14A"}
Build info: version: '4.11.0', revision: '040bc5406b'
System info: os.name: 'Windows 10', os.arch: 'amd64', os.version: '10.0', java.version: '11.0.18'
Driver info: driver.version: unknown
	at org.openqa.selenium.devtools.Connection.sendAndWait(Connection.java:181)
	at org.openqa.selenium.devtools.DevTools.send(DevTools.java:81)
	at org.openqa.selenium.devtools.idealized.Network.lambda$prepareToInterceptTraffic$3(Network.java:211)
	at org.openqa.selenium.remote.http.Filter.lambda$andFinally$1(Filter.java:55)
	at org.openqa.selenium.devtools.idealized.Network.lambda$prepareToInterceptTraffic$4(Network.java:226)
	at org.openqa.selenium.devtools.Connection.lambda$handle$4(Connection.java:321)
	at java.base/java.util.stream.ForEachOps$ForEachOp$OfRef.accept(ForEachOps.java:183)
	at java.base/java.util.stream.ReferencePipeline$2$1.accept(ReferencePipeline.java:177)
	at java.base/java.util.stream.ReferencePipeline$11$1.accept(ReferencePipeline.java:442)
	at java.base/java.util.HashMap$KeySpliterator.forEachRemaining(HashMap.java:1621)
	at java.base/java.util.stream.AbstractPipeline.copyInto(AbstractPipeline.java:484)
	at java.base/java.util.stream.AbstractPipeline.wrapAndCopyInto(AbstractPipeline.java:474)
	at java.base/java.util.stream.ForEachOps$ForEachOp.evaluateSequential(ForEachOps.java:150)
	at java.base/java.util.stream.ForEachOps$ForEachOp$OfRef.evaluateSequential(ForEachOps.java:173)
	at java.base/java.util.stream.AbstractPipeline.evaluate(AbstractPipeline.java:234)
	at java.base/java.util.stream.ReferencePipeline.forEach(ReferencePipeline.java:497)
	at org.openqa.selenium.devtools.Connection.handle(Connection.java:287)
	at org.openqa.selenium.devtools.Connection.access$200(Connection.java:57)
	at org.openqa.selenium.devtools.Connection$Listener.lambda$onText$0(Connection.java:224)
	... 3 more
Caused by: org.openqa.selenium.WebDriverException: {"id":1950,"error":{"code":-32602,"message":"Invalid InterceptionId."},"sessionId":"69DE6D1A85B5D627489871F60443E14A"}
Build info: version: '4.11.0', revision: '040bc5406b'
System info: os.name: 'Windows 10', os.arch: 'amd64', os.version: '10.0', java.version: '11.0.18'
Driver info: driver.version: unknown
	at org.openqa.selenium.devtools.Connection.handle(Connection.java:260)
	... 5 more
авг. 16, 2023 4:22:34 PM org.openqa.selenium.devtools.Connection$Listener lambda$onText$0
WARNING: Unable to process: {"method":"Fetch.requestPaused","params":{"requestId":"interception-job-318.0","request":{"url":"http://localhost:8080/","method":"GET","headers":{"Accept":"text/html,application/xhtml+xml,application/xml;q=0.9,image/avif,image/webp,image/apng,*/*;q=0.8,application/signed-exchange;v=b3;q=0.7","Upgrade-Insecure-Requests":"1","User-Agent":"Mozilla/5.0 (Windows NT 10.0; Win64; x64) AppleWebKit/537.36 (KHTML, like Gecko) Chrome/116.0.0.0 Safari/537.36","sec-ch-ua":"\"Chromium\";v=\"116\", \"Not)A;Brand\";v=\"24\", \"Google Chrome\";v=\"116\"","sec-ch-ua-mobile":"?0","sec-ch-ua-platform":"\"Windows\""},"initialPriority":"VeryHigh","referrerPolicy":"strict-origin-when-cross-origin"},"frameId":"D165F02B89151667DFD1BF49856829E7","resourceType":"Document","responseStatusCode":200,"responseStatusText":"","responseHeaders":[{"name":"Vary","value":"Origin"},{"name":"Vary","value":"Access-Control-Request-Method"},{"name":"Vary","value":"Access-Control-Request-Headers"},{"name":"Last-Modified","value":"Thu, 03 Aug 2023 10:18:16 GMT"},{"name":"Date","value":"Wed, 16 Aug 2023 13:22:34 GMT"},{"name":"Accept-Ranges","value":"bytes"},{"name":"Content-Type","value":"text/html"},{"name":"Content-Language","value":"ru-RU"},{"name":"Content-Length","value":"2308"}]},"sessionId":"69DE6D1A85B5D627489871F60443E14A"}
org.openqa.selenium.devtools.DevToolsException: {"id":1957,"error":{"code":-32602,"message":"Invalid InterceptionId."},"sessionId":"69DE6D1A85B5D627489871F60443E14A"}
Build info: version: '4.11.0', revision: '040bc5406b'
System info: os.name: 'Windows 10', os.arch: 'amd64', os.version: '10.0', java.version: '11.0.18'
Driver info: driver.version: unknown
	at org.openqa.selenium.devtools.Connection.sendAndWait(Connection.java:181)
	at org.openqa.selenium.devtools.DevTools.send(DevTools.java:81)
	at org.openqa.selenium.devtools.idealized.Network.lambda$prepareToInterceptTraffic$4(Network.java:194)
	at org.openqa.selenium.devtools.Connection.lambda$handle$4(Connection.java:321)
	at java.base/java.util.stream.ForEachOps$ForEachOp$OfRef.accept(ForEachOps.java:183)
	at java.base/java.util.stream.ReferencePipeline$2$1.accept(ReferencePipeline.java:177)
	at java.base/java.util.stream.ReferencePipeline$11$1.accept(ReferencePipeline.java:442)
	at java.base/java.util.HashMap$KeySpliterator.forEachRemaining(HashMap.java:1621)
	at java.base/java.util.stream.AbstractPipeline.copyInto(AbstractPipeline.java:484)
	at java.base/java.util.stream.AbstractPipeline.wrapAndCopyInto(AbstractPipeline.java:474)
	at java.base/java.util.stream.ForEachOps$ForEachOp.evaluateSequential(ForEachOps.java:150)
	at java.base/java.util.stream.ForEachOps$ForEachOp$OfRef.evaluateSequential(ForEachOps.java:173)
	at java.base/java.util.stream.AbstractPipeline.evaluate(AbstractPipeline.java:234)
	at java.base/java.util.stream.ReferencePipeline.forEach(ReferencePipeline.java:497)
	at org.openqa.selenium.devtools.Connection.handle(Connection.java:287)
	at org.openqa.selenium.devtools.Connection.access$200(Connection.java:57)
	at org.openqa.selenium.devtools.Connection$Listener.lambda$onText$0(Connection.java:224)
	at java.base/java.util.concurrent.ThreadPoolExecutor.runWorker(ThreadPoolExecutor.java:1128)
	at java.base/java.util.concurrent.ThreadPoolExecutor$Worker.run(ThreadPoolExecutor.java:628)
	at java.base/java.lang.Thread.run(Thread.java:829)
Caused by: org.openqa.selenium.WebDriverException: {"id":1957,"error":{"code":-32602,"message":"Invalid InterceptionId."},"sessionId":"69DE6D1A85B5D627489871F60443E14A"}
Build info: version: '4.11.0', revision: '040bc5406b'
System info: os.name: 'Windows 10', os.arch: 'amd64', os.version: '10.0', java.version: '11.0.18'
Driver info: driver.version: unknown
	at org.openqa.selenium.devtools.Connection.handle(Connection.java:260)
	... 5 more

Exception in thread "CDP Connection" org.openqa.selenium.devtools.DevToolsException: {"id":1957,"error":{"code":-32602,"message":"Invalid InterceptionId."},"sessionId":"69DE6D1A85B5D627489871F60443E14A"}
Build info: version: '4.11.0', revision: '040bc5406b'
System info: os.name: 'Windows 10', os.arch: 'amd64', os.version: '10.0', java.version: '11.0.18'
Driver info: driver.version: unknown
	at org.openqa.selenium.devtools.Connection$Listener.lambda$onText$0(Connection.java:227)
	at java.base/java.util.concurrent.ThreadPoolExecutor.runWorker(ThreadPoolExecutor.java:1128)
	at java.base/java.util.concurrent.ThreadPoolExecutor$Worker.run(ThreadPoolExecutor.java:628)
	at java.base/java.lang.Thread.run(Thread.java:829)
Caused by: org.openqa.selenium.devtools.DevToolsException: {"id":1957,"error":{"code":-32602,"message":"Invalid InterceptionId."},"sessionId":"69DE6D1A85B5D627489871F60443E14A"}
Build info: version: '4.11.0', revision: '040bc5406b'
System info: os.name: 'Windows 10', os.arch: 'amd64', os.version: '10.0', java.version: '11.0.18'
Driver info: driver.version: unknown
	at org.openqa.selenium.devtools.Connection.sendAndWait(Connection.java:181)
	at org.openqa.selenium.devtools.DevTools.send(DevTools.java:81)
	at org.openqa.selenium.devtools.idealized.Network.lambda$prepareToInterceptTraffic$4(Network.java:194)
	at org.openqa.selenium.devtools.Connection.lambda$handle$4(Connection.java:321)
	at java.base/java.util.stream.ForEachOps$ForEachOp$OfRef.accept(ForEachOps.java:183)
	at java.base/java.util.stream.ReferencePipeline$2$1.accept(ReferencePipeline.java:177)
	at java.base/java.util.stream.ReferencePipeline$11$1.accept(ReferencePipeline.java:442)
	at java.base/java.util.HashMap$KeySpliterator.forEachRemaining(HashMap.java:1621)
	at java.base/java.util.stream.AbstractPipeline.copyInto(AbstractPipeline.java:484)
	at java.base/java.util.stream.AbstractPipeline.wrapAndCopyInto(AbstractPipeline.java:474)
	at java.base/java.util.stream.ForEachOps$ForEachOp.evaluateSequential(ForEachOps.java:150)
	at java.base/java.util.stream.ForEachOps$ForEachOp$OfRef.evaluateSequential(ForEachOps.java:173)
	at java.base/java.util.stream.AbstractPipeline.evaluate(AbstractPipeline.java:234)
	at java.base/java.util.stream.ReferencePipeline.forEach(ReferencePipeline.java:497)
	at org.openqa.selenium.devtools.Connection.handle(Connection.java:287)
	at org.openqa.selenium.devtools.Connection.access$200(Connection.java:57)
	at org.openqa.selenium.devtools.Connection$Listener.lambda$onText$0(Connection.java:224)
	... 3 more
Caused by: org.openqa.selenium.WebDriverException: {"id":1957,"error":{"code":-32602,"message":"Invalid InterceptionId."},"sessionId":"69DE6D1A85B5D627489871F60443E14A"}
Build info: version: '4.11.0', revision: '040bc5406b'
System info: os.name: 'Windows 10', os.arch: 'amd64', os.version: '10.0', java.version: '11.0.18'
Driver info: driver.version: unknown
	at org.openqa.selenium.devtools.Connection.handle(Connection.java:260)
	... 5 more
авг. 16, 2023 4:22:34 PM org.openqa.selenium.devtools.Connection$Listener lambda$onText$0
WARNING: Unable to process: {"method":"Fetch.requestPaused","params":{"requestId":"interception-job-318.0","request":{"url":"http://localhost:8080/","method":"GET","headers":{"Accept":"text/html,application/xhtml+xml,application/xml;q=0.9,image/avif,image/webp,image/apng,*/*;q=0.8,application/signed-exchange;v=b3;q=0.7","Upgrade-Insecure-Requests":"1","User-Agent":"Mozilla/5.0 (Windows NT 10.0; Win64; x64) AppleWebKit/537.36 (KHTML, like Gecko) Chrome/116.0.0.0 Safari/537.36","sec-ch-ua":"\"Chromium\";v=\"116\", \"Not)A;Brand\";v=\"24\", \"Google Chrome\";v=\"116\"","sec-ch-ua-mobile":"?0","sec-ch-ua-platform":"\"Windows\""},"initialPriority":"VeryHigh","referrerPolicy":"strict-origin-when-cross-origin"},"frameId":"D165F02B89151667DFD1BF49856829E7","resourceType":"Document"},"sessionId":"69DE6D1A85B5D627489871F60443E14A"}
org.openqa.selenium.devtools.DevToolsException: {"id":1958,"error":{"code":-32602,"message":"Invalid InterceptionId."},"sessionId":"69DE6D1A85B5D627489871F60443E14A"}
Build info: version: '4.11.0', revision: '040bc5406b'
System info: os.name: 'Windows 10', os.arch: 'amd64', os.version: '10.0', java.version: '11.0.18'
Driver info: driver.version: unknown
	at org.openqa.selenium.devtools.Connection.sendAndWait(Connection.java:181)
	at org.openqa.selenium.devtools.DevTools.send(DevTools.java:81)
	at org.openqa.selenium.devtools.idealized.Network.lambda$prepareToInterceptTraffic$3(Network.java:211)
	at org.openqa.selenium.remote.http.Filter.lambda$andFinally$1(Filter.java:55)
	at org.openqa.selenium.devtools.idealized.Network.lambda$prepareToInterceptTraffic$4(Network.java:226)
	at org.openqa.selenium.devtools.Connection.lambda$handle$4(Connection.java:321)
	at java.base/java.util.stream.ForEachOps$ForEachOp$OfRef.accept(ForEachOps.java:183)
	at java.base/java.util.stream.ReferencePipeline$2$1.accept(ReferencePipeline.java:177)
	at java.base/java.util.stream.ReferencePipeline$11$1.accept(ReferencePipeline.java:442)
	at java.base/java.util.HashMap$KeySpliterator.forEachRemaining(HashMap.java:1621)
	at java.base/java.util.stream.AbstractPipeline.copyInto(AbstractPipeline.java:484)
	at java.base/java.util.stream.AbstractPipeline.wrapAndCopyInto(AbstractPipeline.java:474)
	at java.base/java.util.stream.ForEachOps$ForEachOp.evaluateSequential(ForEachOps.java:150)
	at java.base/java.util.stream.ForEachOps$ForEachOp$OfRef.evaluateSequential(ForEachOps.java:173)
	at java.base/java.util.stream.AbstractPipeline.evaluate(AbstractPipeline.java:234)
	at java.base/java.util.stream.ReferencePipeline.forEach(ReferencePipeline.java:497)
	at org.openqa.selenium.devtools.Connection.handle(Connection.java:287)
	at org.openqa.selenium.devtools.Connection.access$200(Connection.java:57)
	at org.openqa.selenium.devtools.Connection$Listener.lambda$onText$0(Connection.java:224)
	at java.base/java.util.concurrent.ThreadPoolExecutor.runWorker(ThreadPoolExecutor.java:1128)
	at java.base/java.util.concurrent.ThreadPoolExecutor$Worker.run(ThreadPoolExecutor.java:628)
	at java.base/java.lang.Thread.run(Thread.java:829)
Caused by: org.openqa.selenium.WebDriverException: {"id":1958,"error":{"code":-32602,"message":"Invalid InterceptionId."},"sessionId":"69DE6D1A85B5D627489871F60443E14A"}
Build info: version: '4.11.0', revision: '040bc5406b'
System info: os.name: 'Windows 10', os.arch: 'amd64', os.version: '10.0', java.version: '11.0.18'
Driver info: driver.version: unknown
	at org.openqa.selenium.devtools.Connection.handle(Connection.java:260)
	... 5 more

Exception in thread "CDP Connection" org.openqa.selenium.devtools.DevToolsException: {"id":1958,"error":{"code":-32602,"message":"Invalid InterceptionId."},"sessionId":"69DE6D1A85B5D627489871F60443E14A"}
Build info: version: '4.11.0', revision: '040bc5406b'
System info: os.name: 'Windows 10', os.arch: 'amd64', os.version: '10.0', java.version: '11.0.18'
Driver info: driver.version: unknown
	at org.openqa.selenium.devtools.Connection$Listener.lambda$onText$0(Connection.java:227)
	at java.base/java.util.concurrent.ThreadPoolExecutor.runWorker(ThreadPoolExecutor.java:1128)
	at java.base/java.util.concurrent.ThreadPoolExecutor$Worker.run(ThreadPoolExecutor.java:628)
	at java.base/java.lang.Thread.run(Thread.java:829)
Caused by: org.openqa.selenium.devtools.DevToolsException: {"id":1958,"error":{"code":-32602,"message":"Invalid InterceptionId."},"sessionId":"69DE6D1A85B5D627489871F60443E14A"}
Build info: version: '4.11.0', revision: '040bc5406b'
System info: os.name: 'Windows 10', os.arch: 'amd64', os.version: '10.0', java.version: '11.0.18'
Driver info: driver.version: unknown
	at org.openqa.selenium.devtools.Connection.sendAndWait(Connection.java:181)
	at org.openqa.selenium.devtools.DevTools.send(DevTools.java:81)
	at org.openqa.selenium.devtools.idealized.Network.lambda$prepareToInterceptTraffic$3(Network.java:211)
	at org.openqa.selenium.remote.http.Filter.lambda$andFinally$1(Filter.java:55)
	at org.openqa.selenium.devtools.idealized.Network.lambda$prepareToInterceptTraffic$4(Network.java:226)
	at org.openqa.selenium.devtools.Connection.lambda$handle$4(Connection.java:321)
	at java.base/java.util.stream.ForEachOps$ForEachOp$OfRef.accept(ForEachOps.java:183)
	at java.base/java.util.stream.ReferencePipeline$2$1.accept(ReferencePipeline.java:177)
	at java.base/java.util.stream.ReferencePipeline$11$1.accept(ReferencePipeline.java:442)
	at java.base/java.util.HashMap$KeySpliterator.forEachRemaining(HashMap.java:1621)
	at java.base/java.util.stream.AbstractPipeline.copyInto(AbstractPipeline.java:484)
	at java.base/java.util.stream.AbstractPipeline.wrapAndCopyInto(AbstractPipeline.java:474)
	at java.base/java.util.stream.ForEachOps$ForEachOp.evaluateSequential(ForEachOps.java:150)
	at java.base/java.util.stream.ForEachOps$ForEachOp$OfRef.evaluateSequential(ForEachOps.java:173)
	at java.base/java.util.stream.AbstractPipeline.evaluate(AbstractPipeline.java:234)
	at java.base/java.util.stream.ReferencePipeline.forEach(ReferencePipeline.java:497)
	at org.openqa.selenium.devtools.Connection.handle(Connection.java:287)
	at org.openqa.selenium.devtools.Connection.access$200(Connection.java:57)
	at org.openqa.selenium.devtools.Connection$Listener.lambda$onText$0(Connection.java:224)
	... 3 more
Caused by: org.openqa.selenium.WebDriverException: {"id":1958,"error":{"code":-32602,"message":"Invalid InterceptionId."},"sessionId":"69DE6D1A85B5D627489871F60443E14A"}
Build info: version: '4.11.0', revision: '040bc5406b'
System info: os.name: 'Windows 10', os.arch: 'amd64', os.version: '10.0', java.version: '11.0.18'
Driver info: driver.version: unknown
	at org.openqa.selenium.devtools.Connection.handle(Connection.java:260)
	... 5 more
авг. 16, 2023 4:22:34 PM org.openqa.selenium.devtools.Connection$Listener lambda$onText$0
WARNING: Unable to process: {"method":"Fetch.requestPaused","params":{"requestId":"interception-job-320.0","request":{"url":"http://localhost:8080/static/css/main.8978894b.chunk.css","method":"GET","headers":{"Accept":"text/css,*/*;q=0.1","Referer":"http://localhost:8080/","User-Agent":"Mozilla/5.0 (Windows NT 10.0; Win64; x64) AppleWebKit/537.36 (KHTML, like Gecko) Chrome/116.0.0.0 Safari/537.36","sec-ch-ua":"\"Chromium\";v=\"116\", \"Not)A;Brand\";v=\"24\", \"Google Chrome\";v=\"116\"","sec-ch-ua-mobile":"?0","sec-ch-ua-platform":"\"Windows\""},"initialPriority":"VeryHigh","referrerPolicy":"unsafe-url"},"frameId":"D165F02B89151667DFD1BF49856829E7","resourceType":"Stylesheet","responseStatusCode":200,"responseStatusText":"","responseHeaders":[{"name":"Vary","value":"Origin"},{"name":"Vary","value":"Access-Control-Request-Method"},{"name":"Vary","value":"Access-Control-Request-Headers"},{"name":"Last-Modified","value":"Thu, 03 Aug 2023 10:18:16 GMT"},{"name":"Accept-Ranges","value":"bytes"},{"name":"Content-Type","value":"text/css"},{"name":"Content-Length","value":"700"},{"name":"Date","value":"Wed, 16 Aug 2023 13:20:22 GMT"}]},"sessionId":"69DE6D1A85B5D627489871F60443E14A"}
org.openqa.selenium.devtools.DevToolsException: {"id":1969,"error":{"code":-32602,"message":"Invalid InterceptionId."},"sessionId":"69DE6D1A85B5D627489871F60443E14A"}
Build info: version: '4.11.0', revision: '040bc5406b'
System info: os.name: 'Windows 10', os.arch: 'amd64', os.version: '10.0', java.version: '11.0.18'
Driver info: driver.version: unknown
	at org.openqa.selenium.devtools.Connection.sendAndWait(Connection.java:181)
	at org.openqa.selenium.devtools.DevTools.send(DevTools.java:81)
	at org.openqa.selenium.devtools.idealized.Network.lambda$prepareToInterceptTraffic$4(Network.java:194)
	at org.openqa.selenium.devtools.Connection.lambda$handle$4(Connection.java:321)
	at java.base/java.util.stream.ForEachOps$ForEachOp$OfRef.accept(ForEachOps.java:183)
	at java.base/java.util.stream.ReferencePipeline$2$1.accept(ReferencePipeline.java:177)
	at java.base/java.util.stream.ReferencePipeline$11$1.accept(ReferencePipeline.java:442)
	at java.base/java.util.HashMap$KeySpliterator.forEachRemaining(HashMap.java:1621)
	at java.base/java.util.stream.AbstractPipeline.copyInto(AbstractPipeline.java:484)
	at java.base/java.util.stream.AbstractPipeline.wrapAndCopyInto(AbstractPipeline.java:474)
	at java.base/java.util.stream.ForEachOps$ForEachOp.evaluateSequential(ForEachOps.java:150)
	at java.base/java.util.stream.ForEachOps$ForEachOp$OfRef.evaluateSequential(ForEachOps.java:173)
	at java.base/java.util.stream.AbstractPipeline.evaluate(AbstractPipeline.java:234)
	at java.base/java.util.stream.ReferencePipeline.forEach(ReferencePipeline.java:497)
	at org.openqa.selenium.devtools.Connection.handle(Connection.java:287)
	at org.openqa.selenium.devtools.Connection.access$200(Connection.java:57)
	at org.openqa.selenium.devtools.Connection$Listener.lambda$onText$0(Connection.java:224)
	at java.base/java.util.concurrent.ThreadPoolExecutor.runWorker(ThreadPoolExecutor.java:1128)
	at java.base/java.util.concurrent.ThreadPoolExecutor$Worker.run(ThreadPoolExecutor.java:628)
	at java.base/java.lang.Thread.run(Thread.java:829)
Caused by: org.openqa.selenium.WebDriverException: {"id":1969,"error":{"code":-32602,"message":"Invalid InterceptionId."},"sessionId":"69DE6D1A85B5D627489871F60443E14A"}
Build info: version: '4.11.0', revision: '040bc5406b'
System info: os.name: 'Windows 10', os.arch: 'amd64', os.version: '10.0', java.version: '11.0.18'
Driver info: driver.version: unknown
	at org.openqa.selenium.devtools.Connection.handle(Connection.java:260)
	... 5 more

Exception in thread "CDP Connection" org.openqa.selenium.devtools.DevToolsException: {"id":1969,"error":{"code":-32602,"message":"Invalid InterceptionId."},"sessionId":"69DE6D1A85B5D627489871F60443E14A"}
Build info: version: '4.11.0', revision: '040bc5406b'
System info: os.name: 'Windows 10', os.arch: 'amd64', os.version: '10.0', java.version: '11.0.18'
Driver info: driver.version: unknown
	at org.openqa.selenium.devtools.Connection$Listener.lambda$onText$0(Connection.java:227)
	at java.base/java.util.concurrent.ThreadPoolExecutor.runWorker(ThreadPoolExecutor.java:1128)
	at java.base/java.util.concurrent.ThreadPoolExecutor$Worker.run(ThreadPoolExecutor.java:628)
	at java.base/java.lang.Thread.run(Thread.java:829)
Caused by: org.openqa.selenium.devtools.DevToolsException: {"id":1969,"error":{"code":-32602,"message":"Invalid InterceptionId."},"sessionId":"69DE6D1A85B5D627489871F60443E14A"}
Build info: version: '4.11.0', revision: '040bc5406b'
System info: os.name: 'Windows 10', os.arch: 'amd64', os.version: '10.0', java.version: '11.0.18'
Driver info: driver.version: unknown
	at org.openqa.selenium.devtools.Connection.sendAndWait(Connection.java:181)
	at org.openqa.selenium.devtools.DevTools.send(DevTools.java:81)
	at org.openqa.selenium.devtools.idealized.Network.lambda$prepareToInterceptTraffic$4(Network.java:194)
	at org.openqa.selenium.devtools.Connection.lambda$handle$4(Connection.java:321)
	at java.base/java.util.stream.ForEachOps$ForEachOp$OfRef.accept(ForEachOps.java:183)
	at java.base/java.util.stream.ReferencePipeline$2$1.accept(ReferencePipeline.java:177)
	at java.base/java.util.stream.ReferencePipeline$11$1.accept(ReferencePipeline.java:442)
	at java.base/java.util.HashMap$KeySpliterator.forEachRemaining(HashMap.java:1621)
	at java.base/java.util.stream.AbstractPipeline.copyInto(AbstractPipeline.java:484)
	at java.base/java.util.stream.AbstractPipeline.wrapAndCopyInto(AbstractPipeline.java:474)
	at java.base/java.util.stream.ForEachOps$ForEachOp.evaluateSequential(ForEachOps.java:150)
	at java.base/java.util.stream.ForEachOps$ForEachOp$OfRef.evaluateSequential(ForEachOps.java:173)
	at java.base/java.util.stream.AbstractPipeline.evaluate(AbstractPipeline.java:234)
	at java.base/java.util.stream.ReferencePipeline.forEach(ReferencePipeline.java:497)
	at org.openqa.selenium.devtools.Connection.handle(Connection.java:287)
	at org.openqa.selenium.devtools.Connection.access$200(Connection.java:57)
	at org.openqa.selenium.devtools.Connection$Listener.lambda$onText$0(Connection.java:224)
	... 3 more
Caused by: org.openqa.selenium.WebDriverException: {"id":1969,"error":{"code":-32602,"message":"Invalid InterceptionId."},"sessionId":"69DE6D1A85B5D627489871F60443E14A"}
Build info: version: '4.11.0', revision: '040bc5406b'
System info: os.name: 'Windows 10', os.arch: 'amd64', os.version: '10.0', java.version: '11.0.18'
Driver info: driver.version: unknown
	at org.openqa.selenium.devtools.Connection.handle(Connection.java:260)
	... 5 more
авг. 16, 2023 4:22:34 PM org.openqa.selenium.devtools.Connection$Listener lambda$onText$0
WARNING: Unable to process: {"method":"Fetch.requestPaused","params":{"requestId":"interception-job-320.0","request":{"url":"http://localhost:8080/static/css/main.8978894b.chunk.css","method":"GET","headers":{"Accept":"text/css,*/*;q=0.1","Referer":"http://localhost:8080/","User-Agent":"Mozilla/5.0 (Windows NT 10.0; Win64; x64) AppleWebKit/537.36 (KHTML, like Gecko) Chrome/116.0.0.0 Safari/537.36","sec-ch-ua":"\"Chromium\";v=\"116\", \"Not)A;Brand\";v=\"24\", \"Google Chrome\";v=\"116\"","sec-ch-ua-mobile":"?0","sec-ch-ua-platform":"\"Windows\""},"initialPriority":"VeryHigh","referrerPolicy":"strict-origin-when-cross-origin"},"frameId":"D165F02B89151667DFD1BF49856829E7","resourceType":"Stylesheet"},"sessionId":"69DE6D1A85B5D627489871F60443E14A"}
org.openqa.selenium.devtools.DevToolsException: {"id":1970,"error":{"code":-32602,"message":"Invalid InterceptionId."},"sessionId":"69DE6D1A85B5D627489871F60443E14A"}
Build info: version: '4.11.0', revision: '040bc5406b'
System info: os.name: 'Windows 10', os.arch: 'amd64', os.version: '10.0', java.version: '11.0.18'
Driver info: driver.version: unknown
	at org.openqa.selenium.devtools.Connection.sendAndWait(Connection.java:181)
	at org.openqa.selenium.devtools.DevTools.send(DevTools.java:81)
	at org.openqa.selenium.devtools.idealized.Network.lambda$prepareToInterceptTraffic$3(Network.java:211)
	at org.openqa.selenium.remote.http.Filter.lambda$andFinally$1(Filter.java:55)
	at org.openqa.selenium.devtools.idealized.Network.lambda$prepareToInterceptTraffic$4(Network.java:226)
	at org.openqa.selenium.devtools.Connection.lambda$handle$4(Connection.java:321)
	at java.base/java.util.stream.ForEachOps$ForEachOp$OfRef.accept(ForEachOps.java:183)
	at java.base/java.util.stream.ReferencePipeline$2$1.accept(ReferencePipeline.java:177)
	at java.base/java.util.stream.ReferencePipeline$11$1.accept(ReferencePipeline.java:442)
	at java.base/java.util.HashMap$KeySpliterator.forEachRemaining(HashMap.java:1621)
	at java.base/java.util.stream.AbstractPipeline.copyInto(AbstractPipeline.java:484)
	at java.base/java.util.stream.AbstractPipeline.wrapAndCopyInto(AbstractPipeline.java:474)
	at java.base/java.util.stream.ForEachOps$ForEachOp.evaluateSequential(ForEachOps.java:150)
	at java.base/java.util.stream.ForEachOps$ForEachOp$OfRef.evaluateSequential(ForEachOps.java:173)
	at java.base/java.util.stream.AbstractPipeline.evaluate(AbstractPipeline.java:234)
	at java.base/java.util.stream.ReferencePipeline.forEach(ReferencePipeline.java:497)
	at org.openqa.selenium.devtools.Connection.handle(Connection.java:287)
	at org.openqa.selenium.devtools.Connection.access$200(Connection.java:57)
	at org.openqa.selenium.devtools.Connection$Listener.lambda$onText$0(Connection.java:224)
	at java.base/java.util.concurrent.ThreadPoolExecutor.runWorker(ThreadPoolExecutor.java:1128)
	at java.base/java.util.concurrent.ThreadPoolExecutor$Worker.run(ThreadPoolExecutor.java:628)
	at java.base/java.lang.Thread.run(Thread.java:829)
Caused by: org.openqa.selenium.WebDriverException: {"id":1970,"error":{"code":-32602,"message":"Invalid InterceptionId."},"sessionId":"69DE6D1A85B5D627489871F60443E14A"}
Build info: version: '4.11.0', revision: '040bc5406b'
System info: os.name: 'Windows 10', os.arch: 'amd64', os.version: '10.0', java.version: '11.0.18'
Driver info: driver.version: unknown
	at org.openqa.selenium.devtools.Connection.handle(Connection.java:260)
	... 5 more

Exception in thread "CDP Connection" org.openqa.selenium.devtools.DevToolsException: {"id":1970,"error":{"code":-32602,"message":"Invalid InterceptionId."},"sessionId":"69DE6D1A85B5D627489871F60443E14A"}
Build info: version: '4.11.0', revision: '040bc5406b'
System info: os.name: 'Windows 10', os.arch: 'amd64', os.version: '10.0', java.version: '11.0.18'
Driver info: driver.version: unknown
	at org.openqa.selenium.devtools.Connection$Listener.lambda$onText$0(Connection.java:227)
	at java.base/java.util.concurrent.ThreadPoolExecutor.runWorker(ThreadPoolExecutor.java:1128)
	at java.base/java.util.concurrent.ThreadPoolExecutor$Worker.run(ThreadPoolExecutor.java:628)
	at java.base/java.lang.Thread.run(Thread.java:829)
Caused by: org.openqa.selenium.devtools.DevToolsException: {"id":1970,"error":{"code":-32602,"message":"Invalid InterceptionId."},"sessionId":"69DE6D1A85B5D627489871F60443E14A"}
Build info: version: '4.11.0', revision: '040bc5406b'
System info: os.name: 'Windows 10', os.arch: 'amd64', os.version: '10.0', java.version: '11.0.18'
Driver info: driver.version: unknown
	at org.openqa.selenium.devtools.Connection.sendAndWait(Connection.java:181)
	at org.openqa.selenium.devtools.DevTools.send(DevTools.java:81)
	at org.openqa.selenium.devtools.idealized.Network.lambda$prepareToInterceptTraffic$3(Network.java:211)
	at org.openqa.selenium.remote.http.Filter.lambda$andFinally$1(Filter.java:55)
	at org.openqa.selenium.devtools.idealized.Network.lambda$prepareToInterceptTraffic$4(Network.java:226)
	at org.openqa.selenium.devtools.Connection.lambda$handle$4(Connection.java:321)
	at java.base/java.util.stream.ForEachOps$ForEachOp$OfRef.accept(ForEachOps.java:183)
	at java.base/java.util.stream.ReferencePipeline$2$1.accept(ReferencePipeline.java:177)
	at java.base/java.util.stream.ReferencePipeline$11$1.accept(ReferencePipeline.java:442)
	at java.base/java.util.HashMap$KeySpliterator.forEachRemaining(HashMap.java:1621)
	at java.base/java.util.stream.AbstractPipeline.copyInto(AbstractPipeline.java:484)
	at java.base/java.util.stream.AbstractPipeline.wrapAndCopyInto(AbstractPipeline.java:474)
	at java.base/java.util.stream.ForEachOps$ForEachOp.evaluateSequential(ForEachOps.java:150)
	at java.base/java.util.stream.ForEachOps$ForEachOp$OfRef.evaluateSequential(ForEachOps.java:173)
	at java.base/java.util.stream.AbstractPipeline.evaluate(AbstractPipeline.java:234)
	at java.base/java.util.stream.ReferencePipeline.forEach(ReferencePipeline.java:497)
	at org.openqa.selenium.devtools.Connection.handle(Connection.java:287)
	at org.openqa.selenium.devtools.Connection.access$200(Connection.java:57)
	at org.openqa.selenium.devtools.Connection$Listener.lambda$onText$0(Connection.java:224)
	... 3 more
Caused by: org.openqa.selenium.WebDriverException: {"id":1970,"error":{"code":-32602,"message":"Invalid InterceptionId."},"sessionId":"69DE6D1A85B5D627489871F60443E14A"}
Build info: version: '4.11.0', revision: '040bc5406b'
System info: os.name: 'Windows 10', os.arch: 'amd64', os.version: '10.0', java.version: '11.0.18'
Driver info: driver.version: unknown
	at org.openqa.selenium.devtools.Connection.handle(Connection.java:260)
	... 5 more
авг. 16, 2023 4:22:34 PM org.openqa.selenium.devtools.Connection$Listener lambda$onText$0
WARNING: Unable to process: {"method":"Fetch.requestPaused","params":{"requestId":"interception-job-322.0","request":{"url":"http://localhost:8080/static/js/main.aab190f3.chunk.js","method":"GET","headers":{"Accept":"*/*","Referer":"http://localhost:8080/","User-Agent":"Mozilla/5.0 (Windows NT 10.0; Win64; x64) AppleWebKit/537.36 (KHTML, like Gecko) Chrome/116.0.0.0 Safari/537.36","sec-ch-ua":"\"Chromium\";v=\"116\", \"Not)A;Brand\";v=\"24\", \"Google Chrome\";v=\"116\"","sec-ch-ua-mobile":"?0","sec-ch-ua-platform":"\"Windows\""},"initialPriority":"High","referrerPolicy":"strict-origin-when-cross-origin"},"frameId":"D165F02B89151667DFD1BF49856829E7","resourceType":"Script"},"sessionId":"69DE6D1A85B5D627489871F60443E14A"}
org.openqa.selenium.devtools.DevToolsException: {"id":1977,"error":{"code":-32602,"message":"Invalid InterceptionId."},"sessionId":"69DE6D1A85B5D627489871F60443E14A"}
Build info: version: '4.11.0', revision: '040bc5406b'
System info: os.name: 'Windows 10', os.arch: 'amd64', os.version: '10.0', java.version: '11.0.18'
Driver info: driver.version: unknown
	at org.openqa.selenium.devtools.Connection.sendAndWait(Connection.java:181)
	at org.openqa.selenium.devtools.DevTools.send(DevTools.java:81)
	at org.openqa.selenium.devtools.idealized.Network.lambda$prepareToInterceptTraffic$3(Network.java:211)
	at org.openqa.selenium.remote.http.Filter.lambda$andFinally$1(Filter.java:55)
	at org.openqa.selenium.devtools.idealized.Network.lambda$prepareToInterceptTraffic$4(Network.java:226)
	at org.openqa.selenium.devtools.Connection.lambda$handle$4(Connection.java:321)
	at java.base/java.util.stream.ForEachOps$ForEachOp$OfRef.accept(ForEachOps.java:183)
	at java.base/java.util.stream.ReferencePipeline$2$1.accept(ReferencePipeline.java:177)
	at java.base/java.util.stream.ReferencePipeline$11$1.accept(ReferencePipeline.java:442)
	at java.base/java.util.HashMap$KeySpliterator.forEachRemaining(HashMap.java:1621)
	at java.base/java.util.stream.AbstractPipeline.copyInto(AbstractPipeline.java:484)
	at java.base/java.util.stream.AbstractPipeline.wrapAndCopyInto(AbstractPipeline.java:474)
	at java.base/java.util.stream.ForEachOps$ForEachOp.evaluateSequential(ForEachOps.java:150)
	at java.base/java.util.stream.ForEachOps$ForEachOp$OfRef.evaluateSequential(ForEachOps.java:173)
	at java.base/java.util.stream.AbstractPipeline.evaluate(AbstractPipeline.java:234)
	at java.base/java.util.stream.ReferencePipeline.forEach(ReferencePipeline.java:497)
	at org.openqa.selenium.devtools.Connection.handle(Connection.java:287)
	at org.openqa.selenium.devtools.Connection.access$200(Connection.java:57)
	at org.openqa.selenium.devtools.Connection$Listener.lambda$onText$0(Connection.java:224)
	at java.base/java.util.concurrent.ThreadPoolExecutor.runWorker(ThreadPoolExecutor.java:1128)
	at java.base/java.util.concurrent.ThreadPoolExecutor$Worker.run(ThreadPoolExecutor.java:628)
	at java.base/java.lang.Thread.run(Thread.java:829)
Caused by: org.openqa.selenium.WebDriverException: {"id":1977,"error":{"code":-32602,"message":"Invalid InterceptionId."},"sessionId":"69DE6D1A85B5D627489871F60443E14A"}
Build info: version: '4.11.0', revision: '040bc5406b'
System info: os.name: 'Windows 10', os.arch: 'amd64', os.version: '10.0', java.version: '11.0.18'
Driver info: driver.version: unknown
	at org.openqa.selenium.devtools.Connection.handle(Connection.java:260)
	... 5 more

Exception in thread "CDP Connection" org.openqa.selenium.devtools.DevToolsException: {"id":1977,"error":{"code":-32602,"message":"Invalid InterceptionId."},"sessionId":"69DE6D1A85B5D627489871F60443E14A"}
Build info: version: '4.11.0', revision: '040bc5406b'
System info: os.name: 'Windows 10', os.arch: 'amd64', os.version: '10.0', java.version: '11.0.18'
Driver info: driver.version: unknown
	at org.openqa.selenium.devtools.Connection$Listener.lambda$onText$0(Connection.java:227)
	at java.base/java.util.concurrent.ThreadPoolExecutor.runWorker(ThreadPoolExecutor.java:1128)
	at java.base/java.util.concurrent.ThreadPoolExecutor$Worker.run(ThreadPoolExecutor.java:628)
	at java.base/java.lang.Thread.run(Thread.java:829)
Caused by: org.openqa.selenium.devtools.DevToolsException: {"id":1977,"error":{"code":-32602,"message":"Invalid InterceptionId."},"sessionId":"69DE6D1A85B5D627489871F60443E14A"}
Build info: version: '4.11.0', revision: '040bc5406b'
System info: os.name: 'Windows 10', os.arch: 'amd64', os.version: '10.0', java.version: '11.0.18'
Driver info: driver.version: unknown
	at org.openqa.selenium.devtools.Connection.sendAndWait(Connection.java:181)
	at org.openqa.selenium.devtools.DevTools.send(DevTools.java:81)
	at org.openqa.selenium.devtools.idealized.Network.lambda$prepareToInterceptTraffic$3(Network.java:211)
	at org.openqa.selenium.remote.http.Filter.lambda$andFinally$1(Filter.java:55)
	at org.openqa.selenium.devtools.idealized.Network.lambda$prepareToInterceptTraffic$4(Network.java:226)
	at org.openqa.selenium.devtools.Connection.lambda$handle$4(Connection.java:321)
	at java.base/java.util.stream.ForEachOps$ForEachOp$OfRef.accept(ForEachOps.java:183)
	at java.base/java.util.stream.ReferencePipeline$2$1.accept(ReferencePipeline.java:177)
	at java.base/java.util.stream.ReferencePipeline$11$1.accept(ReferencePipeline.java:442)
	at java.base/java.util.HashMap$KeySpliterator.forEachRemaining(HashMap.java:1621)
	at java.base/java.util.stream.AbstractPipeline.copyInto(AbstractPipeline.java:484)
	at java.base/java.util.stream.AbstractPipeline.wrapAndCopyInto(AbstractPipeline.java:474)
	at java.base/java.util.stream.ForEachOps$ForEachOp.evaluateSequential(ForEachOps.java:150)
	at java.base/java.util.stream.ForEachOps$ForEachOp$OfRef.evaluateSequential(ForEachOps.java:173)
	at java.base/java.util.stream.AbstractPipeline.evaluate(AbstractPipeline.java:234)
	at java.base/java.util.stream.ReferencePipeline.forEach(ReferencePipeline.java:497)
	at org.openqa.selenium.devtools.Connection.handle(Connection.java:287)
	at org.openqa.selenium.devtools.Connection.access$200(Connection.java:57)
	at org.openqa.selenium.devtools.Connection$Listener.lambda$onText$0(Connection.java:224)
	... 3 more
Caused by: org.openqa.selenium.WebDriverException: {"id":1977,"error":{"code":-32602,"message":"Invalid InterceptionId."},"sessionId":"69DE6D1A85B5D627489871F60443E14A"}
Build info: version: '4.11.0', revision: '040bc5406b'
System info: os.name: 'Windows 10', os.arch: 'amd64', os.version: '10.0', java.version: '11.0.18'
Driver info: driver.version: unknown
	at org.openqa.selenium.devtools.Connection.handle(Connection.java:260)
	... 5 more
авг. 16, 2023 4:22:34 PM org.openqa.selenium.devtools.Connection$Listener lambda$onText$0
WARNING: Unable to process: {"method":"Fetch.requestPaused","params":{"requestId":"interception-job-319.0","request":{"url":"http://localhost:8080/static/css/2.7d875902.chunk.css","method":"GET","headers":{"Accept":"text/css,*/*;q=0.1","Referer":"http://localhost:8080/","User-Agent":"Mozilla/5.0 (Windows NT 10.0; Win64; x64) AppleWebKit/537.36 (KHTML, like Gecko) Chrome/116.0.0.0 Safari/537.36","sec-ch-ua":"\"Chromium\";v=\"116\", \"Not)A;Brand\";v=\"24\", \"Google Chrome\";v=\"116\"","sec-ch-ua-mobile":"?0","sec-ch-ua-platform":"\"Windows\""},"initialPriority":"VeryHigh","referrerPolicy":"strict-origin-when-cross-origin"},"frameId":"D165F02B89151667DFD1BF49856829E7","resourceType":"Stylesheet"},"sessionId":"69DE6D1A85B5D627489871F60443E14A"}
org.openqa.selenium.devtools.DevToolsException: {"id":1976,"error":{"code":-32602,"message":"Invalid InterceptionId."},"sessionId":"69DE6D1A85B5D627489871F60443E14A"}
Build info: version: '4.11.0', revision: '040bc5406b'
System info: os.name: 'Windows 10', os.arch: 'amd64', os.version: '10.0', java.version: '11.0.18'
Driver info: driver.version: unknown
	at org.openqa.selenium.devtools.Connection.sendAndWait(Connection.java:181)
	at org.openqa.selenium.devtools.DevTools.send(DevTools.java:81)
	at org.openqa.selenium.devtools.idealized.Network.lambda$prepareToInterceptTraffic$3(Network.java:211)
	at org.openqa.selenium.remote.http.Filter.lambda$andFinally$1(Filter.java:55)
	at org.openqa.selenium.devtools.idealized.Network.lambda$prepareToInterceptTraffic$4(Network.java:226)
	at org.openqa.selenium.devtools.Connection.lambda$handle$4(Connection.java:321)
	at java.base/java.util.stream.ForEachOps$ForEachOp$OfRef.accept(ForEachOps.java:183)
	at java.base/java.util.stream.ReferencePipeline$2$1.accept(ReferencePipeline.java:177)
	at java.base/java.util.stream.ReferencePipeline$11$1.accept(ReferencePipeline.java:442)
	at java.base/java.util.HashMap$KeySpliterator.forEachRemaining(HashMap.java:1621)
	at java.base/java.util.stream.AbstractPipeline.copyInto(AbstractPipeline.java:484)
	at java.base/java.util.stream.AbstractPipeline.wrapAndCopyInto(AbstractPipeline.java:474)
	at java.base/java.util.stream.ForEachOps$ForEachOp.evaluateSequential(ForEachOps.java:150)
	at java.base/java.util.stream.ForEachOps$ForEachOp$OfRef.evaluateSequential(ForEachOps.java:173)
	at java.base/java.util.stream.AbstractPipeline.evaluate(AbstractPipeline.java:234)
	at java.base/java.util.stream.ReferencePipeline.forEach(ReferencePipeline.java:497)
	at org.openqa.selenium.devtools.Connection.handle(Connection.java:287)
	at org.openqa.selenium.devtools.Connection.access$200(Connection.java:57)
	at org.openqa.selenium.devtools.Connection$Listener.lambda$onText$0(Connection.java:224)
	at java.base/java.util.concurrent.ThreadPoolExecutor.runWorker(ThreadPoolExecutor.java:1128)
	at java.base/java.util.concurrent.ThreadPoolExecutor$Worker.run(ThreadPoolExecutor.java:628)
	at java.base/java.lang.Thread.run(Thread.java:829)
Caused by: org.openqa.selenium.WebDriverException: {"id":1976,"error":{"code":-32602,"message":"Invalid InterceptionId."},"sessionId":"69DE6D1A85B5D627489871F60443E14A"}
Build info: version: '4.11.0', revision: '040bc5406b'
System info: os.name: 'Windows 10', os.arch: 'amd64', os.version: '10.0', java.version: '11.0.18'
Driver info: driver.version: unknown
	at org.openqa.selenium.devtools.Connection.handle(Connection.java:260)
	... 5 more

Exception in thread "CDP Connection" org.openqa.selenium.devtools.DevToolsException: {"id":1976,"error":{"code":-32602,"message":"Invalid InterceptionId."},"sessionId":"69DE6D1A85B5D627489871F60443E14A"}
Build info: version: '4.11.0', revision: '040bc5406b'
System info: os.name: 'Windows 10', os.arch: 'amd64', os.version: '10.0', java.version: '11.0.18'
Driver info: driver.version: unknown
	at org.openqa.selenium.devtools.Connection$Listener.lambda$onText$0(Connection.java:227)
	at java.base/java.util.concurrent.ThreadPoolExecutor.runWorker(ThreadPoolExecutor.java:1128)
	at java.base/java.util.concurrent.ThreadPoolExecutor$Worker.run(ThreadPoolExecutor.java:628)
	at java.base/java.lang.Thread.run(Thread.java:829)
Caused by: org.openqa.selenium.devtools.DevToolsException: {"id":1976,"error":{"code":-32602,"message":"Invalid InterceptionId."},"sessionId":"69DE6D1A85B5D627489871F60443E14A"}
Build info: version: '4.11.0', revision: '040bc5406b'
System info: os.name: 'Windows 10', os.arch: 'amd64', os.version: '10.0', java.version: '11.0.18'
Driver info: driver.version: unknown
	at org.openqa.selenium.devtools.Connection.sendAndWait(Connection.java:181)
	at org.openqa.selenium.devtools.DevTools.send(DevTools.java:81)
	at org.openqa.selenium.devtools.idealized.Network.lambda$prepareToInterceptTraffic$3(Network.java:211)
	at org.openqa.selenium.remote.http.Filter.lambda$andFinally$1(Filter.java:55)
	at org.openqa.selenium.devtools.idealized.Network.lambda$prepareToInterceptTraffic$4(Network.java:226)
	at org.openqa.selenium.devtools.Connection.lambda$handle$4(Connection.java:321)
	at java.base/java.util.stream.ForEachOps$ForEachOp$OfRef.accept(ForEachOps.java:183)
	at java.base/java.util.stream.ReferencePipeline$2$1.accept(ReferencePipeline.java:177)
	at java.base/java.util.stream.ReferencePipeline$11$1.accept(ReferencePipeline.java:442)
	at java.base/java.util.HashMap$KeySpliterator.forEachRemaining(HashMap.java:1621)
	at java.base/java.util.stream.AbstractPipeline.copyInto(AbstractPipeline.java:484)
	at java.base/java.util.stream.AbstractPipeline.wrapAndCopyInto(AbstractPipeline.java:474)
	at java.base/java.util.stream.ForEachOps$ForEachOp.evaluateSequential(ForEachOps.java:150)
	at java.base/java.util.stream.ForEachOps$ForEachOp$OfRef.evaluateSequential(ForEachOps.java:173)
	at java.base/java.util.stream.AbstractPipeline.evaluate(AbstractPipeline.java:234)
	at java.base/java.util.stream.ReferencePipeline.forEach(ReferencePipeline.java:497)
	at org.openqa.selenium.devtools.Connection.handle(Connection.java:287)
	at org.openqa.selenium.devtools.Connection.access$200(Connection.java:57)
	at org.openqa.selenium.devtools.Connection$Listener.lambda$onText$0(Connection.java:224)
	... 3 more
Caused by: org.openqa.selenium.WebDriverException: {"id":1976,"error":{"code":-32602,"message":"Invalid InterceptionId."},"sessionId":"69DE6D1A85B5D627489871F60443E14A"}
Build info: version: '4.11.0', revision: '040bc5406b'
System info: os.name: 'Windows 10', os.arch: 'amd64', os.version: '10.0', java.version: '11.0.18'
Driver info: driver.version: unknown
	at org.openqa.selenium.devtools.Connection.handle(Connection.java:260)
	... 5 more
авг. 16, 2023 4:22:34 PM org.openqa.selenium.devtools.Connection$Listener lambda$onText$0
WARNING: Unable to process: {"method":"Fetch.requestPaused","params":{"requestId":"interception-job-322.0","request":{"url":"http://localhost:8080/static/js/main.aab190f3.chunk.js","method":"GET","headers":{"Accept":"*/*","Referer":"http://localhost:8080/","User-Agent":"Mozilla/5.0 (Windows NT 10.0; Win64; x64) AppleWebKit/537.36 (KHTML, like Gecko) Chrome/116.0.0.0 Safari/537.36","sec-ch-ua":"\"Chromium\";v=\"116\", \"Not)A;Brand\";v=\"24\", \"Google Chrome\";v=\"116\"","sec-ch-ua-mobile":"?0","sec-ch-ua-platform":"\"Windows\""},"initialPriority":"High","referrerPolicy":"unsafe-url"},"frameId":"D165F02B89151667DFD1BF49856829E7","resourceType":"Script","responseStatusCode":200,"responseStatusText":"","responseHeaders":[{"name":"Vary","value":"Origin"},{"name":"Vary","value":"Access-Control-Request-Method"},{"name":"Vary","value":"Access-Control-Request-Headers"},{"name":"Last-Modified","value":"Thu, 03 Aug 2023 10:18:16 GMT"},{"name":"Accept-Ranges","value":"bytes"},{"name":"Content-Type","value":"application/javascript"},{"name":"Content-Length","value":"9137"},{"name":"Date","value":"Wed, 16 Aug 2023 13:20:22 GMT"}]},"sessionId":"69DE6D1A85B5D627489871F60443E14A"}
org.openqa.selenium.devtools.DevToolsException: {"id":1979,"error":{"code":-32602,"message":"Invalid InterceptionId."},"sessionId":"69DE6D1A85B5D627489871F60443E14A"}
Build info: version: '4.11.0', revision: '040bc5406b'
System info: os.name: 'Windows 10', os.arch: 'amd64', os.version: '10.0', java.version: '11.0.18'
Driver info: driver.version: unknown
	at org.openqa.selenium.devtools.Connection.sendAndWait(Connection.java:181)
	at org.openqa.selenium.devtools.DevTools.send(DevTools.java:81)
	at org.openqa.selenium.devtools.idealized.Network.lambda$prepareToInterceptTraffic$4(Network.java:194)
	at org.openqa.selenium.devtools.Connection.lambda$handle$4(Connection.java:321)
	at java.base/java.util.stream.ForEachOps$ForEachOp$OfRef.accept(ForEachOps.java:183)
	at java.base/java.util.stream.ReferencePipeline$2$1.accept(ReferencePipeline.java:177)
	at java.base/java.util.stream.ReferencePipeline$11$1.accept(ReferencePipeline.java:442)
	at java.base/java.util.HashMap$KeySpliterator.forEachRemaining(HashMap.java:1621)
	at java.base/java.util.stream.AbstractPipeline.copyInto(AbstractPipeline.java:484)
	at java.base/java.util.stream.AbstractPipeline.wrapAndCopyInto(AbstractPipeline.java:474)
	at java.base/java.util.stream.ForEachOps$ForEachOp.evaluateSequential(ForEachOps.java:150)
	at java.base/java.util.stream.ForEachOps$ForEachOp$OfRef.evaluateSequential(ForEachOps.java:173)
	at java.base/java.util.stream.AbstractPipeline.evaluate(AbstractPipeline.java:234)
	at java.base/java.util.stream.ReferencePipeline.forEach(ReferencePipeline.java:497)
	at org.openqa.selenium.devtools.Connection.handle(Connection.java:287)
	at org.openqa.selenium.devtools.Connection.access$200(Connection.java:57)
	at org.openqa.selenium.devtools.Connection$Listener.lambda$onText$0(Connection.java:224)
	at java.base/java.util.concurrent.ThreadPoolExecutor.runWorker(ThreadPoolExecutor.java:1128)
	at java.base/java.util.concurrent.ThreadPoolExecutor$Worker.run(ThreadPoolExecutor.java:628)
	at java.base/java.lang.Thread.run(Thread.java:829)
Caused by: org.openqa.selenium.WebDriverException: {"id":1979,"error":{"code":-32602,"message":"Invalid InterceptionId."},"sessionId":"69DE6D1A85B5D627489871F60443E14A"}
Build info: version: '4.11.0', revision: '040bc5406b'
System info: os.name: 'Windows 10', os.arch: 'amd64', os.version: '10.0', java.version: '11.0.18'
Driver info: driver.version: unknown
	at org.openqa.selenium.devtools.Connection.handle(Connection.java:260)
	... 5 more

Exception in thread "CDP Connection" org.openqa.selenium.devtools.DevToolsException: {"id":1979,"error":{"code":-32602,"message":"Invalid InterceptionId."},"sessionId":"69DE6D1A85B5D627489871F60443E14A"}
Build info: version: '4.11.0', revision: '040bc5406b'
System info: os.name: 'Windows 10', os.arch: 'amd64', os.version: '10.0', java.version: '11.0.18'
Driver info: driver.version: unknown
	at org.openqa.selenium.devtools.Connection$Listener.lambda$onText$0(Connection.java:227)
	at java.base/java.util.concurrent.ThreadPoolExecutor.runWorker(ThreadPoolExecutor.java:1128)
	at java.base/java.util.concurrent.ThreadPoolExecutor$Worker.run(ThreadPoolExecutor.java:628)
	at java.base/java.lang.Thread.run(Thread.java:829)
Caused by: org.openqa.selenium.devtools.DevToolsException: {"id":1979,"error":{"code":-32602,"message":"Invalid InterceptionId."},"sessionId":"69DE6D1A85B5D627489871F60443E14A"}
Build info: version: '4.11.0', revision: '040bc5406b'
System info: os.name: 'Windows 10', os.arch: 'amd64', os.version: '10.0', java.version: '11.0.18'
Driver info: driver.version: unknown
	at org.openqa.selenium.devtools.Connection.sendAndWait(Connection.java:181)
	at org.openqa.selenium.devtools.DevTools.send(DevTools.java:81)
	at org.openqa.selenium.devtools.idealized.Network.lambda$prepareToInterceptTraffic$4(Network.java:194)
	at org.openqa.selenium.devtools.Connection.lambda$handle$4(Connection.java:321)
	at java.base/java.util.stream.ForEachOps$ForEachOp$OfRef.accept(ForEachOps.java:183)
	at java.base/java.util.stream.ReferencePipeline$2$1.accept(ReferencePipeline.java:177)
	at java.base/java.util.stream.ReferencePipeline$11$1.accept(ReferencePipeline.java:442)
	at java.base/java.util.HashMap$KeySpliterator.forEachRemaining(HashMap.java:1621)
	at java.base/java.util.stream.AbstractPipeline.copyInto(AbstractPipeline.java:484)
	at java.base/java.util.stream.AbstractPipeline.wrapAndCopyInto(AbstractPipeline.java:474)
	at java.base/java.util.stream.ForEachOps$ForEachOp.evaluateSequential(ForEachOps.java:150)
	at java.base/java.util.stream.ForEachOps$ForEachOp$OfRef.evaluateSequential(ForEachOps.java:173)
	at java.base/java.util.stream.AbstractPipeline.evaluate(AbstractPipeline.java:234)
	at java.base/java.util.stream.ReferencePipeline.forEach(ReferencePipeline.java:497)
	at org.openqa.selenium.devtools.Connection.handle(Connection.java:287)
	at org.openqa.selenium.devtools.Connection.access$200(Connection.java:57)
	at org.openqa.selenium.devtools.Connection$Listener.lambda$onText$0(Connection.java:224)
	... 3 more
Caused by: org.openqa.selenium.WebDriverException: {"id":1979,"error":{"code":-32602,"message":"Invalid InterceptionId."},"sessionId":"69DE6D1A85B5D627489871F60443E14A"}
Build info: version: '4.11.0', revision: '040bc5406b'
System info: os.name: 'Windows 10', os.arch: 'amd64', os.version: '10.0', java.version: '11.0.18'
Driver info: driver.version: unknown
	at org.openqa.selenium.devtools.Connection.handle(Connection.java:260)
	... 5 more
авг. 16, 2023 4:22:34 PM org.openqa.selenium.devtools.Connection$Listener lambda$onText$0
WARNING: Unable to process: {"method":"Fetch.requestPaused","params":{"requestId":"interception-job-319.0","request":{"url":"http://localhost:8080/static/css/2.7d875902.chunk.css","method":"GET","headers":{"Accept":"text/css,*/*;q=0.1","Referer":"http://localhost:8080/","User-Agent":"Mozilla/5.0 (Windows NT 10.0; Win64; x64) AppleWebKit/537.36 (KHTML, like Gecko) Chrome/116.0.0.0 Safari/537.36","sec-ch-ua":"\"Chromium\";v=\"116\", \"Not)A;Brand\";v=\"24\", \"Google Chrome\";v=\"116\"","sec-ch-ua-mobile":"?0","sec-ch-ua-platform":"\"Windows\""},"initialPriority":"VeryHigh","referrerPolicy":"unsafe-url"},"frameId":"D165F02B89151667DFD1BF49856829E7","resourceType":"Stylesheet","responseStatusCode":200,"responseStatusText":"","responseHeaders":[{"name":"Vary","value":"Origin"},{"name":"Vary","value":"Access-Control-Request-Method"},{"name":"Vary","value":"Access-Control-Request-Headers"},{"name":"Last-Modified","value":"Thu, 03 Aug 2023 10:18:16 GMT"},{"name":"Accept-Ranges","value":"bytes"},{"name":"Content-Type","value":"text/css"},{"name":"Content-Length","value":"87563"},{"name":"Date","value":"Wed, 16 Aug 2023 13:20:22 GMT"}]},"sessionId":"69DE6D1A85B5D627489871F60443E14A"}
org.openqa.selenium.devtools.DevToolsException: {"id":1975,"error":{"code":-32602,"message":"Invalid InterceptionId."},"sessionId":"69DE6D1A85B5D627489871F60443E14A"}
Build info: version: '4.11.0', revision: '040bc5406b'
System info: os.name: 'Windows 10', os.arch: 'amd64', os.version: '10.0', java.version: '11.0.18'
Driver info: driver.version: unknown
	at org.openqa.selenium.devtools.Connection.sendAndWait(Connection.java:181)
	at org.openqa.selenium.devtools.DevTools.send(DevTools.java:81)
	at org.openqa.selenium.devtools.idealized.Network.lambda$prepareToInterceptTraffic$4(Network.java:194)
	at org.openqa.selenium.devtools.Connection.lambda$handle$4(Connection.java:321)
	at java.base/java.util.stream.ForEachOps$ForEachOp$OfRef.accept(ForEachOps.java:183)
	at java.base/java.util.stream.ReferencePipeline$2$1.accept(ReferencePipeline.java:177)
	at java.base/java.util.stream.ReferencePipeline$11$1.accept(ReferencePipeline.java:442)
	at java.base/java.util.HashMap$KeySpliterator.forEachRemaining(HashMap.java:1621)
	at java.base/java.util.stream.AbstractPipeline.copyInto(AbstractPipeline.java:484)
	at java.base/java.util.stream.AbstractPipeline.wrapAndCopyInto(AbstractPipeline.java:474)
	at java.base/java.util.stream.ForEachOps$ForEachOp.evaluateSequential(ForEachOps.java:150)
	at java.base/java.util.stream.ForEachOps$ForEachOp$OfRef.evaluateSequential(ForEachOps.java:173)
	at java.base/java.util.stream.AbstractPipeline.evaluate(AbstractPipeline.java:234)
	at java.base/java.util.stream.ReferencePipeline.forEach(ReferencePipeline.java:497)
	at org.openqa.selenium.devtools.Connection.handle(Connection.java:287)
	at org.openqa.selenium.devtools.Connection.access$200(Connection.java:57)
	at org.openqa.selenium.devtools.Connection$Listener.lambda$onText$0(Connection.java:224)
	at java.base/java.util.concurrent.ThreadPoolExecutor.runWorker(ThreadPoolExecutor.java:1128)
	at java.base/java.util.concurrent.ThreadPoolExecutor$Worker.run(ThreadPoolExecutor.java:628)
	at java.base/java.lang.Thread.run(Thread.java:829)
Caused by: org.openqa.selenium.WebDriverException: {"id":1975,"error":{"code":-32602,"message":"Invalid InterceptionId."},"sessionId":"69DE6D1A85B5D627489871F60443E14A"}
Build info: version: '4.11.0', revision: '040bc5406b'
System info: os.name: 'Windows 10', os.arch: 'amd64', os.version: '10.0', java.version: '11.0.18'
Driver info: driver.version: unknown
	at org.openqa.selenium.devtools.Connection.handle(Connection.java:260)
	... 5 more

Exception in thread "CDP Connection" org.openqa.selenium.devtools.DevToolsException: {"id":1975,"error":{"code":-32602,"message":"Invalid InterceptionId."},"sessionId":"69DE6D1A85B5D627489871F60443E14A"}
Build info: version: '4.11.0', revision: '040bc5406b'
System info: os.name: 'Windows 10', os.arch: 'amd64', os.version: '10.0', java.version: '11.0.18'
Driver info: driver.version: unknown
	at org.openqa.selenium.devtools.Connection$Listener.lambda$onText$0(Connection.java:227)
	at java.base/java.util.concurrent.ThreadPoolExecutor.runWorker(ThreadPoolExecutor.java:1128)
	at java.base/java.util.concurrent.ThreadPoolExecutor$Worker.run(ThreadPoolExecutor.java:628)
	at java.base/java.lang.Thread.run(Thread.java:829)
Caused by: org.openqa.selenium.devtools.DevToolsException: {"id":1975,"error":{"code":-32602,"message":"Invalid InterceptionId."},"sessionId":"69DE6D1A85B5D627489871F60443E14A"}
Build info: version: '4.11.0', revision: '040bc5406b'
System info: os.name: 'Windows 10', os.arch: 'amd64', os.version: '10.0', java.version: '11.0.18'
Driver info: driver.version: unknown
	at org.openqa.selenium.devtools.Connection.sendAndWait(Connection.java:181)
	at org.openqa.selenium.devtools.DevTools.send(DevTools.java:81)
	at org.openqa.selenium.devtools.idealized.Network.lambda$prepareToInterceptTraffic$4(Network.java:194)
	at org.openqa.selenium.devtools.Connection.lambda$handle$4(Connection.java:321)
	at java.base/java.util.stream.ForEachOps$ForEachOp$OfRef.accept(ForEachOps.java:183)
	at java.base/java.util.stream.ReferencePipeline$2$1.accept(ReferencePipeline.java:177)
	at java.base/java.util.stream.ReferencePipeline$11$1.accept(ReferencePipeline.java:442)
	at java.base/java.util.HashMap$KeySpliterator.forEachRemaining(HashMap.java:1621)
	at java.base/java.util.stream.AbstractPipeline.copyInto(AbstractPipeline.java:484)
	at java.base/java.util.stream.AbstractPipeline.wrapAndCopyInto(AbstractPipeline.java:474)
	at java.base/java.util.stream.ForEachOps$ForEachOp.evaluateSequential(ForEachOps.java:150)
	at java.base/java.util.stream.ForEachOps$ForEachOp$OfRef.evaluateSequential(ForEachOps.java:173)
	at java.base/java.util.stream.AbstractPipeline.evaluate(AbstractPipeline.java:234)
	at java.base/java.util.stream.ReferencePipeline.forEach(ReferencePipeline.java:497)
	at org.openqa.selenium.devtools.Connection.handle(Connection.java:287)
	at org.openqa.selenium.devtools.Connection.access$200(Connection.java:57)
	at org.openqa.selenium.devtools.Connection$Listener.lambda$onText$0(Connection.java:224)
	... 3 more
Caused by: org.openqa.selenium.WebDriverException: {"id":1975,"error":{"code":-32602,"message":"Invalid InterceptionId."},"sessionId":"69DE6D1A85B5D627489871F60443E14A"}
Build info: version: '4.11.0', revision: '040bc5406b'
System info: os.name: 'Windows 10', os.arch: 'amd64', os.version: '10.0', java.version: '11.0.18'
Driver info: driver.version: unknown
	at org.openqa.selenium.devtools.Connection.handle(Connection.java:260)
	... 5 more
авг. 16, 2023 4:22:34 PM org.openqa.selenium.devtools.Connection$Listener lambda$onText$0
WARNING: Unable to process: {"method":"Fetch.requestPaused","params":{"requestId":"interception-job-321.0","request":{"url":"http://localhost:8080/static/js/2.0716afe8.chunk.js","method":"GET","headers":{"Accept":"*/*","Referer":"http://localhost:8080/","User-Agent":"Mozilla/5.0 (Windows NT 10.0; Win64; x64) AppleWebKit/537.36 (KHTML, like Gecko) Chrome/116.0.0.0 Safari/537.36","sec-ch-ua":"\"Chromium\";v=\"116\", \"Not)A;Brand\";v=\"24\", \"Google Chrome\";v=\"116\"","sec-ch-ua-mobile":"?0","sec-ch-ua-platform":"\"Windows\""},"initialPriority":"High","referrerPolicy":"unsafe-url"},"frameId":"D165F02B89151667DFD1BF49856829E7","resourceType":"Script","responseStatusCode":200,"responseStatusText":"","responseHeaders":[{"name":"Vary","value":"Origin"},{"name":"Vary","value":"Access-Control-Request-Method"},{"name":"Vary","value":"Access-Control-Request-Headers"},{"name":"Last-Modified","value":"Thu, 03 Aug 2023 10:18:16 GMT"},{"name":"Accept-Ranges","value":"bytes"},{"name":"Content-Type","value":"application/javascript"},{"name":"Content-Length","value":"228167"},{"name":"Date","value":"Wed, 16 Aug 2023 13:20:22 GMT"}]},"sessionId":"69DE6D1A85B5D627489871F60443E14A"}
org.openqa.selenium.devtools.DevToolsException: {"id":1982,"error":{"code":-32602,"message":"Invalid InterceptionId."},"sessionId":"69DE6D1A85B5D627489871F60443E14A"}
Build info: version: '4.11.0', revision: '040bc5406b'
System info: os.name: 'Windows 10', os.arch: 'amd64', os.version: '10.0', java.version: '11.0.18'
Driver info: driver.version: unknown
	at org.openqa.selenium.devtools.Connection.sendAndWait(Connection.java:181)
	at org.openqa.selenium.devtools.DevTools.send(DevTools.java:81)
	at org.openqa.selenium.devtools.idealized.Network.lambda$prepareToInterceptTraffic$4(Network.java:194)
	at org.openqa.selenium.devtools.Connection.lambda$handle$4(Connection.java:321)
	at java.base/java.util.stream.ForEachOps$ForEachOp$OfRef.accept(ForEachOps.java:183)
	at java.base/java.util.stream.ReferencePipeline$2$1.accept(ReferencePipeline.java:177)
	at java.base/java.util.stream.ReferencePipeline$11$1.accept(ReferencePipeline.java:442)
	at java.base/java.util.HashMap$KeySpliterator.forEachRemaining(HashMap.java:1621)
	at java.base/java.util.stream.AbstractPipeline.copyInto(AbstractPipeline.java:484)
	at java.base/java.util.stream.AbstractPipeline.wrapAndCopyInto(AbstractPipeline.java:474)
	at java.base/java.util.stream.ForEachOps$ForEachOp.evaluateSequential(ForEachOps.java:150)
	at java.base/java.util.stream.ForEachOps$ForEachOp$OfRef.evaluateSequential(ForEachOps.java:173)
	at java.base/java.util.stream.AbstractPipeline.evaluate(AbstractPipeline.java:234)
	at java.base/java.util.stream.ReferencePipeline.forEach(ReferencePipeline.java:497)
	at org.openqa.selenium.devtools.Connection.handle(Connection.java:287)
	at org.openqa.selenium.devtools.Connection.access$200(Connection.java:57)
	at org.openqa.selenium.devtools.Connection$Listener.lambda$onText$0(Connection.java:224)
	at java.base/java.util.concurrent.ThreadPoolExecutor.runWorker(ThreadPoolExecutor.java:1128)
	at java.base/java.util.concurrent.ThreadPoolExecutor$Worker.run(ThreadPoolExecutor.java:628)
	at java.base/java.lang.Thread.run(Thread.java:829)
Caused by: org.openqa.selenium.WebDriverException: {"id":1982,"error":{"code":-32602,"message":"Invalid InterceptionId."},"sessionId":"69DE6D1A85B5D627489871F60443E14A"}
Build info: version: '4.11.0', revision: '040bc5406b'
System info: os.name: 'Windows 10', os.arch: 'amd64', os.version: '10.0', java.version: '11.0.18'
Driver info: driver.version: unknown
	at org.openqa.selenium.devtools.Connection.handle(Connection.java:260)
	... 5 more

Exception in thread "CDP Connection" org.openqa.selenium.devtools.DevToolsException: {"id":1982,"error":{"code":-32602,"message":"Invalid InterceptionId."},"sessionId":"69DE6D1A85B5D627489871F60443E14A"}
Build info: version: '4.11.0', revision: '040bc5406b'
System info: os.name: 'Windows 10', os.arch: 'amd64', os.version: '10.0', java.version: '11.0.18'
Driver info: driver.version: unknown
	at org.openqa.selenium.devtools.Connection$Listener.lambda$onText$0(Connection.java:227)
	at java.base/java.util.concurrent.ThreadPoolExecutor.runWorker(ThreadPoolExecutor.java:1128)
	at java.base/java.util.concurrent.ThreadPoolExecutor$Worker.run(ThreadPoolExecutor.java:628)
	at java.base/java.lang.Thread.run(Thread.java:829)
Caused by: org.openqa.selenium.devtools.DevToolsException: {"id":1982,"error":{"code":-32602,"message":"Invalid InterceptionId."},"sessionId":"69DE6D1A85B5D627489871F60443E14A"}
Build info: version: '4.11.0', revision: '040bc5406b'
System info: os.name: 'Windows 10', os.arch: 'amd64', os.version: '10.0', java.version: '11.0.18'
Driver info: driver.version: unknown
	at org.openqa.selenium.devtools.Connection.sendAndWait(Connection.java:181)
	at org.openqa.selenium.devtools.DevTools.send(DevTools.java:81)
	at org.openqa.selenium.devtools.idealized.Network.lambda$prepareToInterceptTraffic$4(Network.java:194)
	at org.openqa.selenium.devtools.Connection.lambda$handle$4(Connection.java:321)
	at java.base/java.util.stream.ForEachOps$ForEachOp$OfRef.accept(ForEachOps.java:183)
	at java.base/java.util.stream.ReferencePipeline$2$1.accept(ReferencePipeline.java:177)
	at java.base/java.util.stream.ReferencePipeline$11$1.accept(ReferencePipeline.java:442)
	at java.base/java.util.HashMap$KeySpliterator.forEachRemaining(HashMap.java:1621)
	at java.base/java.util.stream.AbstractPipeline.copyInto(AbstractPipeline.java:484)
	at java.base/java.util.stream.AbstractPipeline.wrapAndCopyInto(AbstractPipeline.java:474)
	at java.base/java.util.stream.ForEachOps$ForEachOp.evaluateSequential(ForEachOps.java:150)
	at java.base/java.util.stream.ForEachOps$ForEachOp$OfRef.evaluateSequential(ForEachOps.java:173)
	at java.base/java.util.stream.AbstractPipeline.evaluate(AbstractPipeline.java:234)
	at java.base/java.util.stream.ReferencePipeline.forEach(ReferencePipeline.java:497)
	at org.openqa.selenium.devtools.Connection.handle(Connection.java:287)
	at org.openqa.selenium.devtools.Connection.access$200(Connection.java:57)
	at org.openqa.selenium.devtools.Connection$Listener.lambda$onText$0(Connection.java:224)
	... 3 more
Caused by: org.openqa.selenium.WebDriverException: {"id":1982,"error":{"code":-32602,"message":"Invalid InterceptionId."},"sessionId":"69DE6D1A85B5D627489871F60443E14A"}
Build info: version: '4.11.0', revision: '040bc5406b'
System info: os.name: 'Windows 10', os.arch: 'amd64', os.version: '10.0', java.version: '11.0.18'
Driver info: driver.version: unknown
	at org.openqa.selenium.devtools.Connection.handle(Connection.java:260)
	... 5 more
авг. 16, 2023 4:22:34 PM org.openqa.selenium.devtools.Connection$Listener lambda$onText$0
WARNING: Unable to process: {"method":"Fetch.requestPaused","params":{"requestId":"interception-job-321.0","request":{"url":"http://localhost:8080/static/js/2.0716afe8.chunk.js","method":"GET","headers":{"Accept":"*/*","Referer":"http://localhost:8080/","User-Agent":"Mozilla/5.0 (Windows NT 10.0; Win64; x64) AppleWebKit/537.36 (KHTML, like Gecko) Chrome/116.0.0.0 Safari/537.36","sec-ch-ua":"\"Chromium\";v=\"116\", \"Not)A;Brand\";v=\"24\", \"Google Chrome\";v=\"116\"","sec-ch-ua-mobile":"?0","sec-ch-ua-platform":"\"Windows\""},"initialPriority":"High","referrerPolicy":"strict-origin-when-cross-origin"},"frameId":"D165F02B89151667DFD1BF49856829E7","resourceType":"Script"},"sessionId":"69DE6D1A85B5D627489871F60443E14A"}
org.openqa.selenium.devtools.DevToolsException: {"id":1983,"error":{"code":-32602,"message":"Invalid InterceptionId."},"sessionId":"69DE6D1A85B5D627489871F60443E14A"}
Build info: version: '4.11.0', revision: '040bc5406b'
System info: os.name: 'Windows 10', os.arch: 'amd64', os.version: '10.0', java.version: '11.0.18'
Driver info: driver.version: unknown
	at org.openqa.selenium.devtools.Connection.sendAndWait(Connection.java:181)
	at org.openqa.selenium.devtools.DevTools.send(DevTools.java:81)
	at org.openqa.selenium.devtools.idealized.Network.lambda$prepareToInterceptTraffic$3(Network.java:211)
	at org.openqa.selenium.remote.http.Filter.lambda$andFinally$1(Filter.java:55)
	at org.openqa.selenium.devtools.idealized.Network.lambda$prepareToInterceptTraffic$4(Network.java:226)
	at org.openqa.selenium.devtools.Connection.lambda$handle$4(Connection.java:321)
	at java.base/java.util.stream.ForEachOps$ForEachOp$OfRef.accept(ForEachOps.java:183)
	at java.base/java.util.stream.ReferencePipeline$2$1.accept(ReferencePipeline.java:177)
	at java.base/java.util.stream.ReferencePipeline$11$1.accept(ReferencePipeline.java:442)
	at java.base/java.util.HashMap$KeySpliterator.forEachRemaining(HashMap.java:1621)
	at java.base/java.util.stream.AbstractPipeline.copyInto(AbstractPipeline.java:484)
	at java.base/java.util.stream.AbstractPipeline.wrapAndCopyInto(AbstractPipeline.java:474)
	at java.base/java.util.stream.ForEachOps$ForEachOp.evaluateSequential(ForEachOps.java:150)
	at java.base/java.util.stream.ForEachOps$ForEachOp$OfRef.evaluateSequential(ForEachOps.java:173)
	at java.base/java.util.stream.AbstractPipeline.evaluate(AbstractPipeline.java:234)
	at java.base/java.util.stream.ReferencePipeline.forEach(ReferencePipeline.java:497)
	at org.openqa.selenium.devtools.Connection.handle(Connection.java:287)
	at org.openqa.selenium.devtools.Connection.access$200(Connection.java:57)
	at org.openqa.selenium.devtools.Connection$Listener.lambda$onText$0(Connection.java:224)
	at java.base/java.util.concurrent.ThreadPoolExecutor.runWorker(ThreadPoolExecutor.java:1128)
	at java.base/java.util.concurrent.ThreadPoolExecutor$Worker.run(ThreadPoolExecutor.java:628)
	at java.base/java.lang.Thread.run(Thread.java:829)
Caused by: org.openqa.selenium.WebDriverException: {"id":1983,"error":{"code":-32602,"message":"Invalid InterceptionId."},"sessionId":"69DE6D1A85B5D627489871F60443E14A"}
Build info: version: '4.11.0', revision: '040bc5406b'
System info: os.name: 'Windows 10', os.arch: 'amd64', os.version: '10.0', java.version: '11.0.18'
Driver info: driver.version: unknown
	at org.openqa.selenium.devtools.Connection.handle(Connection.java:260)
	... 5 more

Exception in thread "CDP Connection" org.openqa.selenium.devtools.DevToolsException: {"id":1983,"error":{"code":-32602,"message":"Invalid InterceptionId."},"sessionId":"69DE6D1A85B5D627489871F60443E14A"}
Build info: version: '4.11.0', revision: '040bc5406b'
System info: os.name: 'Windows 10', os.arch: 'amd64', os.version: '10.0', java.version: '11.0.18'
Driver info: driver.version: unknown
	at org.openqa.selenium.devtools.Connection$Listener.lambda$onText$0(Connection.java:227)
	at java.base/java.util.concurrent.ThreadPoolExecutor.runWorker(ThreadPoolExecutor.java:1128)
	at java.base/java.util.concurrent.ThreadPoolExecutor$Worker.run(ThreadPoolExecutor.java:628)
	at java.base/java.lang.Thread.run(Thread.java:829)
Caused by: org.openqa.selenium.devtools.DevToolsException: {"id":1983,"error":{"code":-32602,"message":"Invalid InterceptionId."},"sessionId":"69DE6D1A85B5D627489871F60443E14A"}
Build info: version: '4.11.0', revision: '040bc5406b'
System info: os.name: 'Windows 10', os.arch: 'amd64', os.version: '10.0', java.version: '11.0.18'
Driver info: driver.version: unknown
	at org.openqa.selenium.devtools.Connection.sendAndWait(Connection.java:181)
	at org.openqa.selenium.devtools.DevTools.send(DevTools.java:81)
	at org.openqa.selenium.devtools.idealized.Network.lambda$prepareToInterceptTraffic$3(Network.java:211)
	at org.openqa.selenium.remote.http.Filter.lambda$andFinally$1(Filter.java:55)
	at org.openqa.selenium.devtools.idealized.Network.lambda$prepareToInterceptTraffic$4(Network.java:226)
	at org.openqa.selenium.devtools.Connection.lambda$handle$4(Connection.java:321)
	at java.base/java.util.stream.ForEachOps$ForEachOp$OfRef.accept(ForEachOps.java:183)
	at java.base/java.util.stream.ReferencePipeline$2$1.accept(ReferencePipeline.java:177)
	at java.base/java.util.stream.ReferencePipeline$11$1.accept(ReferencePipeline.java:442)
	at java.base/java.util.HashMap$KeySpliterator.forEachRemaining(HashMap.java:1621)
	at java.base/java.util.stream.AbstractPipeline.copyInto(AbstractPipeline.java:484)
	at java.base/java.util.stream.AbstractPipeline.wrapAndCopyInto(AbstractPipeline.java:474)
	at java.base/java.util.stream.ForEachOps$ForEachOp.evaluateSequential(ForEachOps.java:150)
	at java.base/java.util.stream.ForEachOps$ForEachOp$OfRef.evaluateSequential(ForEachOps.java:173)
	at java.base/java.util.stream.AbstractPipeline.evaluate(AbstractPipeline.java:234)
	at java.base/java.util.stream.ReferencePipeline.forEach(ReferencePipeline.java:497)
	at org.openqa.selenium.devtools.Connection.handle(Connection.java:287)
	at org.openqa.selenium.devtools.Connection.access$200(Connection.java:57)
	at org.openqa.selenium.devtools.Connection$Listener.lambda$onText$0(Connection.java:224)
	... 3 more
Caused by: org.openqa.selenium.WebDriverException: {"id":1983,"error":{"code":-32602,"message":"Invalid InterceptionId."},"sessionId":"69DE6D1A85B5D627489871F60443E14A"}
Build info: version: '4.11.0', revision: '040bc5406b'
System info: os.name: 'Windows 10', os.arch: 'amd64', os.version: '10.0', java.version: '11.0.18'
Driver info: driver.version: unknown
	at org.openqa.selenium.devtools.Connection.handle(Connection.java:260)
	... 5 more
авг. 16, 2023 4:22:35 PM org.openqa.selenium.devtools.Connection$Listener lambda$onText$0
WARNING: Unable to process: {"method":"Fetch.requestPaused","params":{"requestId":"interception-job-323.0","request":{"url":"http://localhost:8080/static/media/marrakech.869b2a02.jpg","method":"GET","headers":{"Accept":"image/avif,image/webp,image/apng,image/svg+xml,image/*,*/*;q=0.8","Referer":"http://localhost:8080/","User-Agent":"Mozilla/5.0 (Windows NT 10.0; Win64; x64) AppleWebKit/537.36 (KHTML, like Gecko) Chrome/116.0.0.0 Safari/537.36","sec-ch-ua":"\"Chromium\";v=\"116\", \"Not)A;Brand\";v=\"24\", \"Google Chrome\";v=\"116\"","sec-ch-ua-mobile":"?0","sec-ch-ua-platform":"\"Windows\""},"initialPriority":"Low","referrerPolicy":"unsafe-url"},"frameId":"D165F02B89151667DFD1BF49856829E7","resourceType":"Image","responseStatusCode":200,"responseStatusText":"","responseHeaders":[{"name":"Vary","value":"Origin"},{"name":"Vary","value":"Access-Control-Request-Method"},{"name":"Vary","value":"Access-Control-Request-Headers"},{"name":"Last-Modified","value":"Thu, 03 Aug 2023 10:18:16 GMT"},{"name":"Accept-Ranges","value":"bytes"},{"name":"Content-Type","value":"image/jpeg"},{"name":"Content-Length","value":"85240"},{"name":"Date","value":"Wed, 16 Aug 2023 13:20:22 GMT"}]},"sessionId":"69DE6D1A85B5D627489871F60443E14A"}
org.openqa.selenium.devtools.DevToolsException: {"id":1988,"error":{"code":-32602,"message":"Invalid InterceptionId."},"sessionId":"69DE6D1A85B5D627489871F60443E14A"}
Build info: version: '4.11.0', revision: '040bc5406b'
System info: os.name: 'Windows 10', os.arch: 'amd64', os.version: '10.0', java.version: '11.0.18'
Driver info: driver.version: unknown
	at org.openqa.selenium.devtools.Connection.sendAndWait(Connection.java:181)
	at org.openqa.selenium.devtools.DevTools.send(DevTools.java:81)
	at org.openqa.selenium.devtools.idealized.Network.lambda$prepareToInterceptTraffic$4(Network.java:194)
	at org.openqa.selenium.devtools.Connection.lambda$handle$4(Connection.java:321)
	at java.base/java.util.stream.ForEachOps$ForEachOp$OfRef.accept(ForEachOps.java:183)
	at java.base/java.util.stream.ReferencePipeline$2$1.accept(ReferencePipeline.java:177)
	at java.base/java.util.stream.ReferencePipeline$11$1.accept(ReferencePipeline.java:442)
	at java.base/java.util.HashMap$KeySpliterator.forEachRemaining(HashMap.java:1621)
	at java.base/java.util.stream.AbstractPipeline.copyInto(AbstractPipeline.java:484)
	at java.base/java.util.stream.AbstractPipeline.wrapAndCopyInto(AbstractPipeline.java:474)
	at java.base/java.util.stream.ForEachOps$ForEachOp.evaluateSequential(ForEachOps.java:150)
	at java.base/java.util.stream.ForEachOps$ForEachOp$OfRef.evaluateSequential(ForEachOps.java:173)
	at java.base/java.util.stream.AbstractPipeline.evaluate(AbstractPipeline.java:234)
	at java.base/java.util.stream.ReferencePipeline.forEach(ReferencePipeline.java:497)
	at org.openqa.selenium.devtools.Connection.handle(Connection.java:287)
	at org.openqa.selenium.devtools.Connection.access$200(Connection.java:57)
	at org.openqa.selenium.devtools.Connection$Listener.lambda$onText$0(Connection.java:224)
	at java.base/java.util.concurrent.ThreadPoolExecutor.runWorker(ThreadPoolExecutor.java:1128)
	at java.base/java.util.concurrent.ThreadPoolExecutor$Worker.run(ThreadPoolExecutor.java:628)
	at java.base/java.lang.Thread.run(Thread.java:829)
Caused by: org.openqa.selenium.WebDriverException: {"id":1988,"error":{"code":-32602,"message":"Invalid InterceptionId."},"sessionId":"69DE6D1A85B5D627489871F60443E14A"}
Build info: version: '4.11.0', revision: '040bc5406b'
System info: os.name: 'Windows 10', os.arch: 'amd64', os.version: '10.0', java.version: '11.0.18'
Driver info: driver.version: unknown
	at org.openqa.selenium.devtools.Connection.handle(Connection.java:260)
	... 5 more

Exception in thread "CDP Connection" org.openqa.selenium.devtools.DevToolsException: {"id":1988,"error":{"code":-32602,"message":"Invalid InterceptionId."},"sessionId":"69DE6D1A85B5D627489871F60443E14A"}
Build info: version: '4.11.0', revision: '040bc5406b'
System info: os.name: 'Windows 10', os.arch: 'amd64', os.version: '10.0', java.version: '11.0.18'
Driver info: driver.version: unknown
	at org.openqa.selenium.devtools.Connection$Listener.lambda$onText$0(Connection.java:227)
	at java.base/java.util.concurrent.ThreadPoolExecutor.runWorker(ThreadPoolExecutor.java:1128)
	at java.base/java.util.concurrent.ThreadPoolExecutor$Worker.run(ThreadPoolExecutor.java:628)
	at java.base/java.lang.Thread.run(Thread.java:829)
Caused by: org.openqa.selenium.devtools.DevToolsException: {"id":1988,"error":{"code":-32602,"message":"Invalid InterceptionId."},"sessionId":"69DE6D1A85B5D627489871F60443E14A"}
Build info: version: '4.11.0', revision: '040bc5406b'
System info: os.name: 'Windows 10', os.arch: 'amd64', os.version: '10.0', java.version: '11.0.18'
Driver info: driver.version: unknown
	at org.openqa.selenium.devtools.Connection.sendAndWait(Connection.java:181)
	at org.openqa.selenium.devtools.DevTools.send(DevTools.java:81)
	at org.openqa.selenium.devtools.idealized.Network.lambda$prepareToInterceptTraffic$4(Network.java:194)
	at org.openqa.selenium.devtools.Connection.lambda$handle$4(Connection.java:321)
	at java.base/java.util.stream.ForEachOps$ForEachOp$OfRef.accept(ForEachOps.java:183)
	at java.base/java.util.stream.ReferencePipeline$2$1.accept(ReferencePipeline.java:177)
	at java.base/java.util.stream.ReferencePipeline$11$1.accept(ReferencePipeline.java:442)
	at java.base/java.util.HashMap$KeySpliterator.forEachRemaining(HashMap.java:1621)
	at java.base/java.util.stream.AbstractPipeline.copyInto(AbstractPipeline.java:484)
	at java.base/java.util.stream.AbstractPipeline.wrapAndCopyInto(AbstractPipeline.java:474)
	at java.base/java.util.stream.ForEachOps$ForEachOp.evaluateSequential(ForEachOps.java:150)
	at java.base/java.util.stream.ForEachOps$ForEachOp$OfRef.evaluateSequential(ForEachOps.java:173)
	at java.base/java.util.stream.AbstractPipeline.evaluate(AbstractPipeline.java:234)
	at java.base/java.util.stream.ReferencePipeline.forEach(ReferencePipeline.java:497)
	at org.openqa.selenium.devtools.Connection.handle(Connection.java:287)
	at org.openqa.selenium.devtools.Connection.access$200(Connection.java:57)
	at org.openqa.selenium.devtools.Connection$Listener.lambda$onText$0(Connection.java:224)
	... 3 more
Caused by: org.openqa.selenium.WebDriverException: {"id":1988,"error":{"code":-32602,"message":"Invalid InterceptionId."},"sessionId":"69DE6D1A85B5D627489871F60443E14A"}
Build info: version: '4.11.0', revision: '040bc5406b'
System info: os.name: 'Windows 10', os.arch: 'amd64', os.version: '10.0', java.version: '11.0.18'
Driver info: driver.version: unknown
	at org.openqa.selenium.devtools.Connection.handle(Connection.java:260)
	... 5 more
авг. 16, 2023 4:22:35 PM org.openqa.selenium.devtools.Connection$Listener lambda$onText$0
WARNING: Unable to process: {"method":"Fetch.requestPaused","params":{"requestId":"interception-job-323.0","request":{"url":"http://localhost:8080/static/media/marrakech.869b2a02.jpg","method":"GET","headers":{"Accept":"image/avif,image/webp,image/apng,image/svg+xml,image/*,*/*;q=0.8","Referer":"http://localhost:8080/","User-Agent":"Mozilla/5.0 (Windows NT 10.0; Win64; x64) AppleWebKit/537.36 (KHTML, like Gecko) Chrome/116.0.0.0 Safari/537.36","sec-ch-ua":"\"Chromium\";v=\"116\", \"Not)A;Brand\";v=\"24\", \"Google Chrome\";v=\"116\"","sec-ch-ua-mobile":"?0","sec-ch-ua-platform":"\"Windows\""},"initialPriority":"Low","referrerPolicy":"strict-origin-when-cross-origin"},"frameId":"D165F02B89151667DFD1BF49856829E7","resourceType":"Image"},"sessionId":"69DE6D1A85B5D627489871F60443E14A"}
org.openqa.selenium.devtools.DevToolsException: {"id":1989,"error":{"code":-32602,"message":"Invalid InterceptionId."},"sessionId":"69DE6D1A85B5D627489871F60443E14A"}
Build info: version: '4.11.0', revision: '040bc5406b'
System info: os.name: 'Windows 10', os.arch: 'amd64', os.version: '10.0', java.version: '11.0.18'
Driver info: driver.version: unknown
	at org.openqa.selenium.devtools.Connection.sendAndWait(Connection.java:181)
	at org.openqa.selenium.devtools.DevTools.send(DevTools.java:81)
	at org.openqa.selenium.devtools.idealized.Network.lambda$prepareToInterceptTraffic$3(Network.java:211)
	at org.openqa.selenium.remote.http.Filter.lambda$andFinally$1(Filter.java:55)
	at org.openqa.selenium.devtools.idealized.Network.lambda$prepareToInterceptTraffic$4(Network.java:226)
	at org.openqa.selenium.devtools.Connection.lambda$handle$4(Connection.java:321)
	at java.base/java.util.stream.ForEachOps$ForEachOp$OfRef.accept(ForEachOps.java:183)
	at java.base/java.util.stream.ReferencePipeline$2$1.accept(ReferencePipeline.java:177)
	at java.base/java.util.stream.ReferencePipeline$11$1.accept(ReferencePipeline.java:442)
	at java.base/java.util.HashMap$KeySpliterator.forEachRemaining(HashMap.java:1621)
	at java.base/java.util.stream.AbstractPipeline.copyInto(AbstractPipeline.java:484)
	at java.base/java.util.stream.AbstractPipeline.wrapAndCopyInto(AbstractPipeline.java:474)
	at java.base/java.util.stream.ForEachOps$ForEachOp.evaluateSequential(ForEachOps.java:150)
	at java.base/java.util.stream.ForEachOps$ForEachOp$OfRef.evaluateSequential(ForEachOps.java:173)
	at java.base/java.util.stream.AbstractPipeline.evaluate(AbstractPipeline.java:234)
	at java.base/java.util.stream.ReferencePipeline.forEach(ReferencePipeline.java:497)
	at org.openqa.selenium.devtools.Connection.handle(Connection.java:287)
	at org.openqa.selenium.devtools.Connection.access$200(Connection.java:57)
	at org.openqa.selenium.devtools.Connection$Listener.lambda$onText$0(Connection.java:224)
	at java.base/java.util.concurrent.ThreadPoolExecutor.runWorker(ThreadPoolExecutor.java:1128)
	at java.base/java.util.concurrent.ThreadPoolExecutor$Worker.run(ThreadPoolExecutor.java:628)
	at java.base/java.lang.Thread.run(Thread.java:829)
Caused by: org.openqa.selenium.WebDriverException: {"id":1989,"error":{"code":-32602,"message":"Invalid InterceptionId."},"sessionId":"69DE6D1A85B5D627489871F60443E14A"}
Build info: version: '4.11.0', revision: '040bc5406b'
System info: os.name: 'Windows 10', os.arch: 'amd64', os.version: '10.0', java.version: '11.0.18'
Driver info: driver.version: unknown
	at org.openqa.selenium.devtools.Connection.handle(Connection.java:260)
	... 5 more

Exception in thread "CDP Connection" org.openqa.selenium.devtools.DevToolsException: {"id":1989,"error":{"code":-32602,"message":"Invalid InterceptionId."},"sessionId":"69DE6D1A85B5D627489871F60443E14A"}
Build info: version: '4.11.0', revision: '040bc5406b'
System info: os.name: 'Windows 10', os.arch: 'amd64', os.version: '10.0', java.version: '11.0.18'
Driver info: driver.version: unknown
	at org.openqa.selenium.devtools.Connection$Listener.lambda$onText$0(Connection.java:227)
	at java.base/java.util.concurrent.ThreadPoolExecutor.runWorker(ThreadPoolExecutor.java:1128)
	at java.base/java.util.concurrent.ThreadPoolExecutor$Worker.run(ThreadPoolExecutor.java:628)
	at java.base/java.lang.Thread.run(Thread.java:829)
Caused by: org.openqa.selenium.devtools.DevToolsException: {"id":1989,"error":{"code":-32602,"message":"Invalid InterceptionId."},"sessionId":"69DE6D1A85B5D627489871F60443E14A"}
Build info: version: '4.11.0', revision: '040bc5406b'
System info: os.name: 'Windows 10', os.arch: 'amd64', os.version: '10.0', java.version: '11.0.18'
Driver info: driver.version: unknown
	at org.openqa.selenium.devtools.Connection.sendAndWait(Connection.java:181)
	at org.openqa.selenium.devtools.DevTools.send(DevTools.java:81)
	at org.openqa.selenium.devtools.idealized.Network.lambda$prepareToInterceptTraffic$3(Network.java:211)
	at org.openqa.selenium.remote.http.Filter.lambda$andFinally$1(Filter.java:55)
	at org.openqa.selenium.devtools.idealized.Network.lambda$prepareToInterceptTraffic$4(Network.java:226)
	at org.openqa.selenium.devtools.Connection.lambda$handle$4(Connection.java:321)
	at java.base/java.util.stream.ForEachOps$ForEachOp$OfRef.accept(ForEachOps.java:183)
	at java.base/java.util.stream.ReferencePipeline$2$1.accept(ReferencePipeline.java:177)
	at java.base/java.util.stream.ReferencePipeline$11$1.accept(ReferencePipeline.java:442)
	at java.base/java.util.HashMap$KeySpliterator.forEachRemaining(HashMap.java:1621)
	at java.base/java.util.stream.AbstractPipeline.copyInto(AbstractPipeline.java:484)
	at java.base/java.util.stream.AbstractPipeline.wrapAndCopyInto(AbstractPipeline.java:474)
	at java.base/java.util.stream.ForEachOps$ForEachOp.evaluateSequential(ForEachOps.java:150)
	at java.base/java.util.stream.ForEachOps$ForEachOp$OfRef.evaluateSequential(ForEachOps.java:173)
	at java.base/java.util.stream.AbstractPipeline.evaluate(AbstractPipeline.java:234)
	at java.base/java.util.stream.ReferencePipeline.forEach(ReferencePipeline.java:497)
	at org.openqa.selenium.devtools.Connection.handle(Connection.java:287)
	at org.openqa.selenium.devtools.Connection.access$200(Connection.java:57)
	at org.openqa.selenium.devtools.Connection$Listener.lambda$onText$0(Connection.java:224)
	... 3 more
Caused by: org.openqa.selenium.WebDriverException: {"id":1989,"error":{"code":-32602,"message":"Invalid InterceptionId."},"sessionId":"69DE6D1A85B5D627489871F60443E14A"}
Build info: version: '4.11.0', revision: '040bc5406b'
System info: os.name: 'Windows 10', os.arch: 'amd64', os.version: '10.0', java.version: '11.0.18'
Driver info: driver.version: unknown
	at org.openqa.selenium.devtools.Connection.handle(Connection.java:260)
	... 5 more
авг. 16, 2023 4:22:35 PM org.openqa.selenium.devtools.Connection$Listener lambda$onText$0
WARNING: Unable to process: {"method":"Fetch.requestPaused","params":{"requestId":"interception-job-324.0","request":{"url":"http://localhost:8080/manifest.json","method":"GET","headers":{"Accept":"*/*","Referer":"http://localhost:8080/","User-Agent":"Mozilla/5.0 (Windows NT 10.0; Win64; x64) AppleWebKit/537.36 (KHTML, like Gecko) Chrome/116.0.0.0 Safari/537.36","sec-ch-ua":"\"Chromium\";v=\"116\", \"Not)A;Brand\";v=\"24\", \"Google Chrome\";v=\"116\"","sec-ch-ua-mobile":"?0","sec-ch-ua-platform":"\"Windows\""},"initialPriority":"Medium","referrerPolicy":"strict-origin-when-cross-origin"},"frameId":"D165F02B89151667DFD1BF49856829E7","resourceType":"Other"},"sessionId":"69DE6D1A85B5D627489871F60443E14A"}
org.openqa.selenium.devtools.DevToolsException: {"id":1995,"error":{"code":-32602,"message":"Invalid InterceptionId."},"sessionId":"69DE6D1A85B5D627489871F60443E14A"}
Build info: version: '4.11.0', revision: '040bc5406b'
System info: os.name: 'Windows 10', os.arch: 'amd64', os.version: '10.0', java.version: '11.0.18'
Driver info: driver.version: unknown
	at org.openqa.selenium.devtools.Connection.sendAndWait(Connection.java:181)
	at org.openqa.selenium.devtools.DevTools.send(DevTools.java:81)
	at org.openqa.selenium.devtools.idealized.Network.lambda$prepareToInterceptTraffic$4(Network.java:233)
	at org.openqa.selenium.devtools.Connection.lambda$handle$4(Connection.java:321)
	at java.base/java.util.stream.ForEachOps$ForEachOp$OfRef.accept(ForEachOps.java:183)
	at java.base/java.util.stream.ReferencePipeline$2$1.accept(ReferencePipeline.java:177)
	at java.base/java.util.stream.ReferencePipeline$11$1.accept(ReferencePipeline.java:442)
	at java.base/java.util.HashMap$KeySpliterator.forEachRemaining(HashMap.java:1621)
	at java.base/java.util.stream.AbstractPipeline.copyInto(AbstractPipeline.java:484)
	at java.base/java.util.stream.AbstractPipeline.wrapAndCopyInto(AbstractPipeline.java:474)
	at java.base/java.util.stream.ForEachOps$ForEachOp.evaluateSequential(ForEachOps.java:150)
	at java.base/java.util.stream.ForEachOps$ForEachOp$OfRef.evaluateSequential(ForEachOps.java:173)
	at java.base/java.util.stream.AbstractPipeline.evaluate(AbstractPipeline.java:234)
	at java.base/java.util.stream.ReferencePipeline.forEach(ReferencePipeline.java:497)
	at org.openqa.selenium.devtools.Connection.handle(Connection.java:287)
	at org.openqa.selenium.devtools.Connection.access$200(Connection.java:57)
	at org.openqa.selenium.devtools.Connection$Listener.lambda$onText$0(Connection.java:224)
	at java.base/java.util.concurrent.ThreadPoolExecutor.runWorker(ThreadPoolExecutor.java:1128)
	at java.base/java.util.concurrent.ThreadPoolExecutor$Worker.run(ThreadPoolExecutor.java:628)
	at java.base/java.lang.Thread.run(Thread.java:829)
Caused by: org.openqa.selenium.WebDriverException: {"id":1995,"error":{"code":-32602,"message":"Invalid InterceptionId."},"sessionId":"69DE6D1A85B5D627489871F60443E14A"}
Build info: version: '4.11.0', revision: '040bc5406b'
System info: os.name: 'Windows 10', os.arch: 'amd64', os.version: '10.0', java.version: '11.0.18'
Driver info: driver.version: unknown
	at org.openqa.selenium.devtools.Connection.handle(Connection.java:260)
	... 5 more

Exception in thread "CDP Connection" org.openqa.selenium.devtools.DevToolsException: {"id":1995,"error":{"code":-32602,"message":"Invalid InterceptionId."},"sessionId":"69DE6D1A85B5D627489871F60443E14A"}
Build info: version: '4.11.0', revision: '040bc5406b'
System info: os.name: 'Windows 10', os.arch: 'amd64', os.version: '10.0', java.version: '11.0.18'
Driver info: driver.version: unknown
	at org.openqa.selenium.devtools.Connection$Listener.lambda$onText$0(Connection.java:227)
	at java.base/java.util.concurrent.ThreadPoolExecutor.runWorker(ThreadPoolExecutor.java:1128)
	at java.base/java.util.concurrent.ThreadPoolExecutor$Worker.run(ThreadPoolExecutor.java:628)
	at java.base/java.lang.Thread.run(Thread.java:829)
Caused by: org.openqa.selenium.devtools.DevToolsException: {"id":1995,"error":{"code":-32602,"message":"Invalid InterceptionId."},"sessionId":"69DE6D1A85B5D627489871F60443E14A"}
Build info: version: '4.11.0', revision: '040bc5406b'
System info: os.name: 'Windows 10', os.arch: 'amd64', os.version: '10.0', java.version: '11.0.18'
Driver info: driver.version: unknown
	at org.openqa.selenium.devtools.Connection.sendAndWait(Connection.java:181)
	at org.openqa.selenium.devtools.DevTools.send(DevTools.java:81)
	at org.openqa.selenium.devtools.idealized.Network.lambda$prepareToInterceptTraffic$4(Network.java:233)
	at org.openqa.selenium.devtools.Connection.lambda$handle$4(Connection.java:321)
	at java.base/java.util.stream.ForEachOps$ForEachOp$OfRef.accept(ForEachOps.java:183)
	at java.base/java.util.stream.ReferencePipeline$2$1.accept(ReferencePipeline.java:177)
	at java.base/java.util.stream.ReferencePipeline$11$1.accept(ReferencePipeline.java:442)
	at java.base/java.util.HashMap$KeySpliterator.forEachRemaining(HashMap.java:1621)
	at java.base/java.util.stream.AbstractPipeline.copyInto(AbstractPipeline.java:484)
	at java.base/java.util.stream.AbstractPipeline.wrapAndCopyInto(AbstractPipeline.java:474)
	at java.base/java.util.stream.ForEachOps$ForEachOp.evaluateSequential(ForEachOps.java:150)
	at java.base/java.util.stream.ForEachOps$ForEachOp$OfRef.evaluateSequential(ForEachOps.java:173)
	at java.base/java.util.stream.AbstractPipeline.evaluate(AbstractPipeline.java:234)
	at java.base/java.util.stream.ReferencePipeline.forEach(ReferencePipeline.java:497)
	at org.openqa.selenium.devtools.Connection.handle(Connection.java:287)
	at org.openqa.selenium.devtools.Connection.access$200(Connection.java:57)
	at org.openqa.selenium.devtools.Connection$Listener.lambda$onText$0(Connection.java:224)
	... 3 more
Caused by: org.openqa.selenium.WebDriverException: {"id":1995,"error":{"code":-32602,"message":"Invalid InterceptionId."},"sessionId":"69DE6D1A85B5D627489871F60443E14A"}
Build info: version: '4.11.0', revision: '040bc5406b'
System info: os.name: 'Windows 10', os.arch: 'amd64', os.version: '10.0', java.version: '11.0.18'
Driver info: driver.version: unknown
	at org.openqa.selenium.devtools.Connection.handle(Connection.java:260)
	... 5 more
авг. 16, 2023 4:22:35 PM org.openqa.selenium.devtools.Connection$Listener lambda$onText$0
WARNING: Unable to process: {"method":"Fetch.requestPaused","params":{"requestId":"interception-job-324.0","request":{"url":"http://localhost:8080/manifest.json","method":"GET","headers":{"Accept":"*/*","Referer":"http://localhost:8080/","User-Agent":"Mozilla/5.0 (Windows NT 10.0; Win64; x64) AppleWebKit/537.36 (KHTML, like Gecko) Chrome/116.0.0.0 Safari/537.36","sec-ch-ua":"\"Chromium\";v=\"116\", \"Not)A;Brand\";v=\"24\", \"Google Chrome\";v=\"116\"","sec-ch-ua-mobile":"?0","sec-ch-ua-platform":"\"Windows\""},"initialPriority":"Medium","referrerPolicy":"unsafe-url"},"frameId":"D165F02B89151667DFD1BF49856829E7","resourceType":"Other","responseStatusCode":200,"responseStatusText":"","responseHeaders":[{"name":"Vary","value":"Origin"},{"name":"Vary","value":"Access-Control-Request-Method"},{"name":"Vary","value":"Access-Control-Request-Headers"},{"name":"Last-Modified","value":"Thu, 03 Aug 2023 10:18:16 GMT"},{"name":"Accept-Ranges","value":"bytes"},{"name":"Content-Type","value":"application/json"},{"name":"Content-Length","value":"492"},{"name":"Date","value":"Wed, 16 Aug 2023 13:20:22 GMT"}]},"sessionId":"69DE6D1A85B5D627489871F60443E14A"}
org.openqa.selenium.devtools.DevToolsException: {"id":1998,"error":{"code":-32602,"message":"Invalid InterceptionId."},"sessionId":"69DE6D1A85B5D627489871F60443E14A"}
Build info: version: '4.11.0', revision: '040bc5406b'
System info: os.name: 'Windows 10', os.arch: 'amd64', os.version: '10.0', java.version: '11.0.18'
Driver info: driver.version: unknown
	at org.openqa.selenium.devtools.Connection.sendAndWait(Connection.java:181)
	at org.openqa.selenium.devtools.DevTools.send(DevTools.java:81)
	at org.openqa.selenium.devtools.idealized.Network.lambda$prepareToInterceptTraffic$4(Network.java:194)
	at org.openqa.selenium.devtools.Connection.lambda$handle$4(Connection.java:321)
	at java.base/java.util.stream.ForEachOps$ForEachOp$OfRef.accept(ForEachOps.java:183)
	at java.base/java.util.stream.ReferencePipeline$2$1.accept(ReferencePipeline.java:177)
	at java.base/java.util.stream.ReferencePipeline$11$1.accept(ReferencePipeline.java:442)
	at java.base/java.util.HashMap$KeySpliterator.forEachRemaining(HashMap.java:1621)
	at java.base/java.util.stream.AbstractPipeline.copyInto(AbstractPipeline.java:484)
	at java.base/java.util.stream.AbstractPipeline.wrapAndCopyInto(AbstractPipeline.java:474)
	at java.base/java.util.stream.ForEachOps$ForEachOp.evaluateSequential(ForEachOps.java:150)
	at java.base/java.util.stream.ForEachOps$ForEachOp$OfRef.evaluateSequential(ForEachOps.java:173)
	at java.base/java.util.stream.AbstractPipeline.evaluate(AbstractPipeline.java:234)
	at java.base/java.util.stream.ReferencePipeline.forEach(ReferencePipeline.java:497)
	at org.openqa.selenium.devtools.Connection.handle(Connection.java:287)
	at org.openqa.selenium.devtools.Connection.access$200(Connection.java:57)
	at org.openqa.selenium.devtools.Connection$Listener.lambda$onText$0(Connection.java:224)
	at java.base/java.util.concurrent.ThreadPoolExecutor.runWorker(ThreadPoolExecutor.java:1128)
	at java.base/java.util.concurrent.ThreadPoolExecutor$Worker.run(ThreadPoolExecutor.java:628)
	at java.base/java.lang.Thread.run(Thread.java:829)
Caused by: org.openqa.selenium.WebDriverException: {"id":1998,"error":{"code":-32602,"message":"Invalid InterceptionId."},"sessionId":"69DE6D1A85B5D627489871F60443E14A"}
Build info: version: '4.11.0', revision: '040bc5406b'
System info: os.name: 'Windows 10', os.arch: 'amd64', os.version: '10.0', java.version: '11.0.18'
Driver info: driver.version: unknown
	at org.openqa.selenium.devtools.Connection.handle(Connection.java:260)
	... 5 more

Exception in thread "CDP Connection" org.openqa.selenium.devtools.DevToolsException: {"id":1998,"error":{"code":-32602,"message":"Invalid InterceptionId."},"sessionId":"69DE6D1A85B5D627489871F60443E14A"}
Build info: version: '4.11.0', revision: '040bc5406b'
System info: os.name: 'Windows 10', os.arch: 'amd64', os.version: '10.0', java.version: '11.0.18'
Driver info: driver.version: unknown
	at org.openqa.selenium.devtools.Connection$Listener.lambda$onText$0(Connection.java:227)
	at java.base/java.util.concurrent.ThreadPoolExecutor.runWorker(ThreadPoolExecutor.java:1128)
	at java.base/java.util.concurrent.ThreadPoolExecutor$Worker.run(ThreadPoolExecutor.java:628)
	at java.base/java.lang.Thread.run(Thread.java:829)
Caused by: org.openqa.selenium.devtools.DevToolsException: {"id":1998,"error":{"code":-32602,"message":"Invalid InterceptionId."},"sessionId":"69DE6D1A85B5D627489871F60443E14A"}
Build info: version: '4.11.0', revision: '040bc5406b'
System info: os.name: 'Windows 10', os.arch: 'amd64', os.version: '10.0', java.version: '11.0.18'
Driver info: driver.version: unknown
	at org.openqa.selenium.devtools.Connection.sendAndWait(Connection.java:181)
	at org.openqa.selenium.devtools.DevTools.send(DevTools.java:81)
	at org.openqa.selenium.devtools.idealized.Network.lambda$prepareToInterceptTraffic$4(Network.java:194)
	at org.openqa.selenium.devtools.Connection.lambda$handle$4(Connection.java:321)
	at java.base/java.util.stream.ForEachOps$ForEachOp$OfRef.accept(ForEachOps.java:183)
	at java.base/java.util.stream.ReferencePipeline$2$1.accept(ReferencePipeline.java:177)
	at java.base/java.util.stream.ReferencePipeline$11$1.accept(ReferencePipeline.java:442)
	at java.base/java.util.HashMap$KeySpliterator.forEachRemaining(HashMap.java:1621)
	at java.base/java.util.stream.AbstractPipeline.copyInto(AbstractPipeline.java:484)
	at java.base/java.util.stream.AbstractPipeline.wrapAndCopyInto(AbstractPipeline.java:474)
	at java.base/java.util.stream.ForEachOps$ForEachOp.evaluateSequential(ForEachOps.java:150)
	at java.base/java.util.stream.ForEachOps$ForEachOp$OfRef.evaluateSequential(ForEachOps.java:173)
	at java.base/java.util.stream.AbstractPipeline.evaluate(AbstractPipeline.java:234)
	at java.base/java.util.stream.ReferencePipeline.forEach(ReferencePipeline.java:497)
	at org.openqa.selenium.devtools.Connection.handle(Connection.java:287)
	at org.openqa.selenium.devtools.Connection.access$200(Connection.java:57)
	at org.openqa.selenium.devtools.Connection$Listener.lambda$onText$0(Connection.java:224)
	... 3 more
Caused by: org.openqa.selenium.WebDriverException: {"id":1998,"error":{"code":-32602,"message":"Invalid InterceptionId."},"sessionId":"69DE6D1A85B5D627489871F60443E14A"}
Build info: version: '4.11.0', revision: '040bc5406b'
System info: os.name: 'Windows 10', os.arch: 'amd64', os.version: '10.0', java.version: '11.0.18'
Driver info: driver.version: unknown
	at org.openqa.selenium.devtools.Connection.handle(Connection.java:260)
	... 5 more
авг. 16, 2023 4:22:35 PM org.openqa.selenium.devtools.Connection$Listener lambda$onText$0
WARNING: Unable to process: {"method":"Fetch.requestPaused","params":{"requestId":"interception-job-325.0","request":{"url":"http://localhost:8080/favicon.ico","method":"GET","headers":{"Accept":"image/avif,image/webp,image/apng,image/svg+xml,image/*,*/*;q=0.8","Referer":"http://localhost:8080/","User-Agent":"Mozilla/5.0 (Windows NT 10.0; Win64; x64) AppleWebKit/537.36 (KHTML, like Gecko) Chrome/116.0.0.0 Safari/537.36","sec-ch-ua":"\"Chromium\";v=\"116\", \"Not)A;Brand\";v=\"24\", \"Google Chrome\";v=\"116\"","sec-ch-ua-mobile":"?0","sec-ch-ua-platform":"\"Windows\""},"initialPriority":"High","referrerPolicy":"unsafe-url"},"frameId":"D165F02B89151667DFD1BF49856829E7","resourceType":"Other","responseStatusCode":200,"responseStatusText":"","responseHeaders":[{"name":"Vary","value":"Origin"},{"name":"Vary","value":"Access-Control-Request-Method"},{"name":"Vary","value":"Access-Control-Request-Headers"},{"name":"Last-Modified","value":"Thu, 03 Aug 2023 10:18:16 GMT"},{"name":"Accept-Ranges","value":"bytes"},{"name":"Content-Type","value":"image/x-icon"},{"name":"Content-Length","value":"4286"},{"name":"Date","value":"Wed, 16 Aug 2023 13:20:23 GMT"}]},"sessionId":"69DE6D1A85B5D627489871F60443E14A"}
org.openqa.selenium.devtools.DevToolsException: {"id":2002,"error":{"code":-32602,"message":"Invalid InterceptionId."},"sessionId":"69DE6D1A85B5D627489871F60443E14A"}
Build info: version: '4.11.0', revision: '040bc5406b'
System info: os.name: 'Windows 10', os.arch: 'amd64', os.version: '10.0', java.version: '11.0.18'
Driver info: driver.version: unknown
	at org.openqa.selenium.devtools.Connection.sendAndWait(Connection.java:181)
	at org.openqa.selenium.devtools.DevTools.send(DevTools.java:81)
	at org.openqa.selenium.devtools.idealized.Network.lambda$prepareToInterceptTraffic$4(Network.java:194)
	at org.openqa.selenium.devtools.Connection.lambda$handle$4(Connection.java:321)
	at java.base/java.util.stream.ForEachOps$ForEachOp$OfRef.accept(ForEachOps.java:183)
	at java.base/java.util.stream.ReferencePipeline$2$1.accept(ReferencePipeline.java:177)
	at java.base/java.util.stream.ReferencePipeline$11$1.accept(ReferencePipeline.java:442)
	at java.base/java.util.HashMap$KeySpliterator.forEachRemaining(HashMap.java:1621)
	at java.base/java.util.stream.AbstractPipeline.copyInto(AbstractPipeline.java:484)
	at java.base/java.util.stream.AbstractPipeline.wrapAndCopyInto(AbstractPipeline.java:474)
	at java.base/java.util.stream.ForEachOps$ForEachOp.evaluateSequential(ForEachOps.java:150)
	at java.base/java.util.stream.ForEachOps$ForEachOp$OfRef.evaluateSequential(ForEachOps.java:173)
	at java.base/java.util.stream.AbstractPipeline.evaluate(AbstractPipeline.java:234)
	at java.base/java.util.stream.ReferencePipeline.forEach(ReferencePipeline.java:497)
	at org.openqa.selenium.devtools.Connection.handle(Connection.java:287)
	at org.openqa.selenium.devtools.Connection.access$200(Connection.java:57)
	at org.openqa.selenium.devtools.Connection$Listener.lambda$onText$0(Connection.java:224)
	at java.base/java.util.concurrent.ThreadPoolExecutor.runWorker(ThreadPoolExecutor.java:1128)
	at java.base/java.util.concurrent.ThreadPoolExecutor$Worker.run(ThreadPoolExecutor.java:628)
	at java.base/java.lang.Thread.run(Thread.java:829)
Caused by: org.openqa.selenium.WebDriverException: {"id":2002,"error":{"code":-32602,"message":"Invalid InterceptionId."},"sessionId":"69DE6D1A85B5D627489871F60443E14A"}
Build info: version: '4.11.0', revision: '040bc5406b'
System info: os.name: 'Windows 10', os.arch: 'amd64', os.version: '10.0', java.version: '11.0.18'
Driver info: driver.version: unknown
	at org.openqa.selenium.devtools.Connection.handle(Connection.java:260)
	... 5 more

Exception in thread "CDP Connection" org.openqa.selenium.devtools.DevToolsException: {"id":2002,"error":{"code":-32602,"message":"Invalid InterceptionId."},"sessionId":"69DE6D1A85B5D627489871F60443E14A"}
Build info: version: '4.11.0', revision: '040bc5406b'
System info: os.name: 'Windows 10', os.arch: 'amd64', os.version: '10.0', java.version: '11.0.18'
Driver info: driver.version: unknown
	at org.openqa.selenium.devtools.Connection$Listener.lambda$onText$0(Connection.java:227)
	at java.base/java.util.concurrent.ThreadPoolExecutor.runWorker(ThreadPoolExecutor.java:1128)
	at java.base/java.util.concurrent.ThreadPoolExecutor$Worker.run(ThreadPoolExecutor.java:628)
	at java.base/java.lang.Thread.run(Thread.java:829)
Caused by: org.openqa.selenium.devtools.DevToolsException: {"id":2002,"error":{"code":-32602,"message":"Invalid InterceptionId."},"sessionId":"69DE6D1A85B5D627489871F60443E14A"}
Build info: version: '4.11.0', revision: '040bc5406b'
System info: os.name: 'Windows 10', os.arch: 'amd64', os.version: '10.0', java.version: '11.0.18'
Driver info: driver.version: unknown
	at org.openqa.selenium.devtools.Connection.sendAndWait(Connection.java:181)
	at org.openqa.selenium.devtools.DevTools.send(DevTools.java:81)
	at org.openqa.selenium.devtools.idealized.Network.lambda$prepareToInterceptTraffic$4(Network.java:194)
	at org.openqa.selenium.devtools.Connection.lambda$handle$4(Connection.java:321)
	at java.base/java.util.stream.ForEachOps$ForEachOp$OfRef.accept(ForEachOps.java:183)
	at java.base/java.util.stream.ReferencePipeline$2$1.accept(ReferencePipeline.java:177)
	at java.base/java.util.stream.ReferencePipeline$11$1.accept(ReferencePipeline.java:442)
	at java.base/java.util.HashMap$KeySpliterator.forEachRemaining(HashMap.java:1621)
	at java.base/java.util.stream.AbstractPipeline.copyInto(AbstractPipeline.java:484)
	at java.base/java.util.stream.AbstractPipeline.wrapAndCopyInto(AbstractPipeline.java:474)
	at java.base/java.util.stream.ForEachOps$ForEachOp.evaluateSequential(ForEachOps.java:150)
	at java.base/java.util.stream.ForEachOps$ForEachOp$OfRef.evaluateSequential(ForEachOps.java:173)
	at java.base/java.util.stream.AbstractPipeline.evaluate(AbstractPipeline.java:234)
	at java.base/java.util.stream.ReferencePipeline.forEach(ReferencePipeline.java:497)
	at org.openqa.selenium.devtools.Connection.handle(Connection.java:287)
	at org.openqa.selenium.devtools.Connection.access$200(Connection.java:57)
	at org.openqa.selenium.devtools.Connection$Listener.lambda$onText$0(Connection.java:224)
	... 3 more
Caused by: org.openqa.selenium.WebDriverException: {"id":2002,"error":{"code":-32602,"message":"Invalid InterceptionId."},"sessionId":"69DE6D1A85B5D627489871F60443E14A"}
Build info: version: '4.11.0', revision: '040bc5406b'
System info: os.name: 'Windows 10', os.arch: 'amd64', os.version: '10.0', java.version: '11.0.18'
Driver info: driver.version: unknown
	at org.openqa.selenium.devtools.Connection.handle(Connection.java:260)
	... 5 more
авг. 16, 2023 4:22:35 PM org.openqa.selenium.devtools.Connection$Listener lambda$onText$0
WARNING: Unable to process: {"method":"Fetch.requestPaused","params":{"requestId":"interception-job-325.0","request":{"url":"http://localhost:8080/favicon.ico","method":"GET","headers":{"Accept":"image/avif,image/webp,image/apng,image/svg+xml,image/*,*/*;q=0.8","Referer":"http://localhost:8080/","User-Agent":"Mozilla/5.0 (Windows NT 10.0; Win64; x64) AppleWebKit/537.36 (KHTML, like Gecko) Chrome/116.0.0.0 Safari/537.36","sec-ch-ua":"\"Chromium\";v=\"116\", \"Not)A;Brand\";v=\"24\", \"Google Chrome\";v=\"116\"","sec-ch-ua-mobile":"?0","sec-ch-ua-platform":"\"Windows\""},"initialPriority":"High","referrerPolicy":"strict-origin-when-cross-origin"},"frameId":"D165F02B89151667DFD1BF49856829E7","resourceType":"Other"},"sessionId":"69DE6D1A85B5D627489871F60443E14A"}
org.openqa.selenium.devtools.DevToolsException: {"id":2003,"error":{"code":-32602,"message":"Invalid InterceptionId."},"sessionId":"69DE6D1A85B5D627489871F60443E14A"}
Build info: version: '4.11.0', revision: '040bc5406b'
System info: os.name: 'Windows 10', os.arch: 'amd64', os.version: '10.0', java.version: '11.0.18'
Driver info: driver.version: unknown
	at org.openqa.selenium.devtools.Connection.sendAndWait(Connection.java:181)
	at org.openqa.selenium.devtools.DevTools.send(DevTools.java:81)
	at org.openqa.selenium.devtools.idealized.Network.lambda$prepareToInterceptTraffic$3(Network.java:211)
	at org.openqa.selenium.remote.http.Filter.lambda$andFinally$1(Filter.java:55)
	at org.openqa.selenium.devtools.idealized.Network.lambda$prepareToInterceptTraffic$4(Network.java:226)
	at org.openqa.selenium.devtools.Connection.lambda$handle$4(Connection.java:321)
	at java.base/java.util.stream.ForEachOps$ForEachOp$OfRef.accept(ForEachOps.java:183)
	at java.base/java.util.stream.ReferencePipeline$2$1.accept(ReferencePipeline.java:177)
	at java.base/java.util.stream.ReferencePipeline$11$1.accept(ReferencePipeline.java:442)
	at java.base/java.util.HashMap$KeySpliterator.forEachRemaining(HashMap.java:1621)
	at java.base/java.util.stream.AbstractPipeline.copyInto(AbstractPipeline.java:484)
	at java.base/java.util.stream.AbstractPipeline.wrapAndCopyInto(AbstractPipeline.java:474)
	at java.base/java.util.stream.ForEachOps$ForEachOp.evaluateSequential(ForEachOps.java:150)
	at java.base/java.util.stream.ForEachOps$ForEachOp$OfRef.evaluateSequential(ForEachOps.java:173)
	at java.base/java.util.stream.AbstractPipeline.evaluate(AbstractPipeline.java:234)
	at java.base/java.util.stream.ReferencePipeline.forEach(ReferencePipeline.java:497)
	at org.openqa.selenium.devtools.Connection.handle(Connection.java:287)
	at org.openqa.selenium.devtools.Connection.access$200(Connection.java:57)
	at org.openqa.selenium.devtools.Connection$Listener.lambda$onText$0(Connection.java:224)
	at java.base/java.util.concurrent.ThreadPoolExecutor.runWorker(ThreadPoolExecutor.java:1128)
	at java.base/java.util.concurrent.ThreadPoolExecutor$Worker.run(ThreadPoolExecutor.java:628)
	at java.base/java.lang.Thread.run(Thread.java:829)
Caused by: org.openqa.selenium.WebDriverException: {"id":2003,"error":{"code":-32602,"message":"Invalid InterceptionId."},"sessionId":"69DE6D1A85B5D627489871F60443E14A"}
Build info: version: '4.11.0', revision: '040bc5406b'
System info: os.name: 'Windows 10', os.arch: 'amd64', os.version: '10.0', java.version: '11.0.18'
Driver info: driver.version: unknown
	at org.openqa.selenium.devtools.Connection.handle(Connection.java:260)
	... 5 more

Exception in thread "CDP Connection" org.openqa.selenium.devtools.DevToolsException: {"id":2003,"error":{"code":-32602,"message":"Invalid InterceptionId."},"sessionId":"69DE6D1A85B5D627489871F60443E14A"}
Build info: version: '4.11.0', revision: '040bc5406b'
System info: os.name: 'Windows 10', os.arch: 'amd64', os.version: '10.0', java.version: '11.0.18'
Driver info: driver.version: unknown
	at org.openqa.selenium.devtools.Connection$Listener.lambda$onText$0(Connection.java:227)
	at java.base/java.util.concurrent.ThreadPoolExecutor.runWorker(ThreadPoolExecutor.java:1128)
	at java.base/java.util.concurrent.ThreadPoolExecutor$Worker.run(ThreadPoolExecutor.java:628)
	at java.base/java.lang.Thread.run(Thread.java:829)
Caused by: org.openqa.selenium.devtools.DevToolsException: {"id":2003,"error":{"code":-32602,"message":"Invalid InterceptionId."},"sessionId":"69DE6D1A85B5D627489871F60443E14A"}
Build info: version: '4.11.0', revision: '040bc5406b'
System info: os.name: 'Windows 10', os.arch: 'amd64', os.version: '10.0', java.version: '11.0.18'
Driver info: driver.version: unknown
	at org.openqa.selenium.devtools.Connection.sendAndWait(Connection.java:181)
	at org.openqa.selenium.devtools.DevTools.send(DevTools.java:81)
	at org.openqa.selenium.devtools.idealized.Network.lambda$prepareToInterceptTraffic$3(Network.java:211)
	at org.openqa.selenium.remote.http.Filter.lambda$andFinally$1(Filter.java:55)
	at org.openqa.selenium.devtools.idealized.Network.lambda$prepareToInterceptTraffic$4(Network.java:226)
	at org.openqa.selenium.devtools.Connection.lambda$handle$4(Connection.java:321)
	at java.base/java.util.stream.ForEachOps$ForEachOp$OfRef.accept(ForEachOps.java:183)
	at java.base/java.util.stream.ReferencePipeline$2$1.accept(ReferencePipeline.java:177)
	at java.base/java.util.stream.ReferencePipeline$11$1.accept(ReferencePipeline.java:442)
	at java.base/java.util.HashMap$KeySpliterator.forEachRemaining(HashMap.java:1621)
	at java.base/java.util.stream.AbstractPipeline.copyInto(AbstractPipeline.java:484)
	at java.base/java.util.stream.AbstractPipeline.wrapAndCopyInto(AbstractPipeline.java:474)
	at java.base/java.util.stream.ForEachOps$ForEachOp.evaluateSequential(ForEachOps.java:150)
	at java.base/java.util.stream.ForEachOps$ForEachOp$OfRef.evaluateSequential(ForEachOps.java:173)
	at java.base/java.util.stream.AbstractPipeline.evaluate(AbstractPipeline.java:234)
	at java.base/java.util.stream.ReferencePipeline.forEach(ReferencePipeline.java:497)
	at org.openqa.selenium.devtools.Connection.handle(Connection.java:287)
	at org.openqa.selenium.devtools.Connection.access$200(Connection.java:57)
	at org.openqa.selenium.devtools.Connection$Listener.lambda$onText$0(Connection.java:224)
	... 3 more
Caused by: org.openqa.selenium.WebDriverException: {"id":2003,"error":{"code":-32602,"message":"Invalid InterceptionId."},"sessionId":"69DE6D1A85B5D627489871F60443E14A"}
Build info: version: '4.11.0', revision: '040bc5406b'
System info: os.name: 'Windows 10', os.arch: 'amd64', os.version: '10.0', java.version: '11.0.18'
Driver info: driver.version: unknown
	at org.openqa.selenium.devtools.Connection.handle(Connection.java:260)
	... 5 more
авг. 16, 2023 4:22:35 PM org.openqa.selenium.devtools.Connection$Listener lambda$onText$0
WARNING: Unable to process: {"method":"Fetch.requestPaused","params":{"requestId":"interception-job-326.0","request":{"url":"http://localhost:8080/logo192.png","method":"GET","headers":{"Accept":"image/avif,image/webp,image/apng,image/svg+xml,image/*,*/*;q=0.8","Referer":"http://localhost:8080/","User-Agent":"Mozilla/5.0 (Windows NT 10.0; Win64; x64) AppleWebKit/537.36 (KHTML, like Gecko) Chrome/116.0.0.0 Safari/537.36","sec-ch-ua":"\"Chromium\";v=\"116\", \"Not)A;Brand\";v=\"24\", \"Google Chrome\";v=\"116\"","sec-ch-ua-mobile":"?0","sec-ch-ua-platform":"\"Windows\""},"initialPriority":"High","referrerPolicy":"unsafe-url"},"frameId":"D165F02B89151667DFD1BF49856829E7","resourceType":"Image","responseStatusCode":200,"responseStatusText":"","responseHeaders":[{"name":"Vary","value":"Origin"},{"name":"Vary","value":"Access-Control-Request-Method"},{"name":"Vary","value":"Access-Control-Request-Headers"},{"name":"Last-Modified","value":"Thu, 03 Aug 2023 10:18:16 GMT"},{"name":"Accept-Ranges","value":"bytes"},{"name":"Content-Type","value":"image/png"},{"name":"Content-Length","value":"8581"},{"name":"Date","value":"Wed, 16 Aug 2023 13:20:23 GMT"}]},"sessionId":"69DE6D1A85B5D627489871F60443E14A"}
org.openqa.selenium.devtools.DevToolsException: {"id":2007,"error":{"code":-32602,"message":"Invalid InterceptionId."},"sessionId":"69DE6D1A85B5D627489871F60443E14A"}
Build info: version: '4.11.0', revision: '040bc5406b'
System info: os.name: 'Windows 10', os.arch: 'amd64', os.version: '10.0', java.version: '11.0.18'
Driver info: driver.version: unknown
	at org.openqa.selenium.devtools.Connection.sendAndWait(Connection.java:181)
	at org.openqa.selenium.devtools.DevTools.send(DevTools.java:81)
	at org.openqa.selenium.devtools.idealized.Network.lambda$prepareToInterceptTraffic$4(Network.java:194)
	at org.openqa.selenium.devtools.Connection.lambda$handle$4(Connection.java:321)
	at java.base/java.util.stream.ForEachOps$ForEachOp$OfRef.accept(ForEachOps.java:183)
	at java.base/java.util.stream.ReferencePipeline$2$1.accept(ReferencePipeline.java:177)
	at java.base/java.util.stream.ReferencePipeline$11$1.accept(ReferencePipeline.java:442)
	at java.base/java.util.HashMap$KeySpliterator.forEachRemaining(HashMap.java:1621)
	at java.base/java.util.stream.AbstractPipeline.copyInto(AbstractPipeline.java:484)
	at java.base/java.util.stream.AbstractPipeline.wrapAndCopyInto(AbstractPipeline.java:474)
	at java.base/java.util.stream.ForEachOps$ForEachOp.evaluateSequential(ForEachOps.java:150)
	at java.base/java.util.stream.ForEachOps$ForEachOp$OfRef.evaluateSequential(ForEachOps.java:173)
	at java.base/java.util.stream.AbstractPipeline.evaluate(AbstractPipeline.java:234)
	at java.base/java.util.stream.ReferencePipeline.forEach(ReferencePipeline.java:497)
	at org.openqa.selenium.devtools.Connection.handle(Connection.java:287)
	at org.openqa.selenium.devtools.Connection.access$200(Connection.java:57)
	at org.openqa.selenium.devtools.Connection$Listener.lambda$onText$0(Connection.java:224)
	at java.base/java.util.concurrent.ThreadPoolExecutor.runWorker(ThreadPoolExecutor.java:1128)
	at java.base/java.util.concurrent.ThreadPoolExecutor$Worker.run(ThreadPoolExecutor.java:628)
	at java.base/java.lang.Thread.run(Thread.java:829)
Caused by: org.openqa.selenium.WebDriverException: {"id":2007,"error":{"code":-32602,"message":"Invalid InterceptionId."},"sessionId":"69DE6D1A85B5D627489871F60443E14A"}
Build info: version: '4.11.0', revision: '040bc5406b'
System info: os.name: 'Windows 10', os.arch: 'amd64', os.version: '10.0', java.version: '11.0.18'
Driver info: driver.version: unknown
	at org.openqa.selenium.devtools.Connection.handle(Connection.java:260)
	... 5 more

Exception in thread "CDP Connection" org.openqa.selenium.devtools.DevToolsException: {"id":2007,"error":{"code":-32602,"message":"Invalid InterceptionId."},"sessionId":"69DE6D1A85B5D627489871F60443E14A"}
Build info: version: '4.11.0', revision: '040bc5406b'
System info: os.name: 'Windows 10', os.arch: 'amd64', os.version: '10.0', java.version: '11.0.18'
Driver info: driver.version: unknown
	at org.openqa.selenium.devtools.Connection$Listener.lambda$onText$0(Connection.java:227)
	at java.base/java.util.concurrent.ThreadPoolExecutor.runWorker(ThreadPoolExecutor.java:1128)
	at java.base/java.util.concurrent.ThreadPoolExecutor$Worker.run(ThreadPoolExecutor.java:628)
	at java.base/java.lang.Thread.run(Thread.java:829)
Caused by: org.openqa.selenium.devtools.DevToolsException: {"id":2007,"error":{"code":-32602,"message":"Invalid InterceptionId."},"sessionId":"69DE6D1A85B5D627489871F60443E14A"}
Build info: version: '4.11.0', revision: '040bc5406b'
System info: os.name: 'Windows 10', os.arch: 'amd64', os.version: '10.0', java.version: '11.0.18'
Driver info: driver.version: unknown
	at org.openqa.selenium.devtools.Connection.sendAndWait(Connection.java:181)
	at org.openqa.selenium.devtools.DevTools.send(DevTools.java:81)
	at org.openqa.selenium.devtools.idealized.Network.lambda$prepareToInterceptTraffic$4(Network.java:194)
	at org.openqa.selenium.devtools.Connection.lambda$handle$4(Connection.java:321)
	at java.base/java.util.stream.ForEachOps$ForEachOp$OfRef.accept(ForEachOps.java:183)
	at java.base/java.util.stream.ReferencePipeline$2$1.accept(ReferencePipeline.java:177)
	at java.base/java.util.stream.ReferencePipeline$11$1.accept(ReferencePipeline.java:442)
	at java.base/java.util.HashMap$KeySpliterator.forEachRemaining(HashMap.java:1621)
	at java.base/java.util.stream.AbstractPipeline.copyInto(AbstractPipeline.java:484)
	at java.base/java.util.stream.AbstractPipeline.wrapAndCopyInto(AbstractPipeline.java:474)
	at java.base/java.util.stream.ForEachOps$ForEachOp.evaluateSequential(ForEachOps.java:150)
	at java.base/java.util.stream.ForEachOps$ForEachOp$OfRef.evaluateSequential(ForEachOps.java:173)
	at java.base/java.util.stream.AbstractPipeline.evaluate(AbstractPipeline.java:234)
	at java.base/java.util.stream.ReferencePipeline.forEach(ReferencePipeline.java:497)
	at org.openqa.selenium.devtools.Connection.handle(Connection.java:287)
	at org.openqa.selenium.devtools.Connection.access$200(Connection.java:57)
	at org.openqa.selenium.devtools.Connection$Listener.lambda$onText$0(Connection.java:224)
	... 3 more
Caused by: org.openqa.selenium.WebDriverException: {"id":2007,"error":{"code":-32602,"message":"Invalid InterceptionId."},"sessionId":"69DE6D1A85B5D627489871F60443E14A"}
Build info: version: '4.11.0', revision: '040bc5406b'
System info: os.name: 'Windows 10', os.arch: 'amd64', os.version: '10.0', java.version: '11.0.18'
Driver info: driver.version: unknown
	at org.openqa.selenium.devtools.Connection.handle(Connection.java:260)
	... 5 more
авг. 16, 2023 4:22:35 PM org.openqa.selenium.devtools.Connection$Listener lambda$onText$0
WARNING: Unable to process: {"method":"Fetch.requestPaused","params":{"requestId":"interception-job-326.0","request":{"url":"http://localhost:8080/logo192.png","method":"GET","headers":{"Accept":"image/avif,image/webp,image/apng,image/svg+xml,image/*,*/*;q=0.8","Referer":"http://localhost:8080/","User-Agent":"Mozilla/5.0 (Windows NT 10.0; Win64; x64) AppleWebKit/537.36 (KHTML, like Gecko) Chrome/116.0.0.0 Safari/537.36","sec-ch-ua":"\"Chromium\";v=\"116\", \"Not)A;Brand\";v=\"24\", \"Google Chrome\";v=\"116\"","sec-ch-ua-mobile":"?0","sec-ch-ua-platform":"\"Windows\""},"initialPriority":"High","referrerPolicy":"strict-origin-when-cross-origin"},"frameId":"D165F02B89151667DFD1BF49856829E7","resourceType":"Image"},"sessionId":"69DE6D1A85B5D627489871F60443E14A"}
org.openqa.selenium.devtools.DevToolsException: {"id":2008,"error":{"code":-32602,"message":"Invalid InterceptionId."},"sessionId":"69DE6D1A85B5D627489871F60443E14A"}
Build info: version: '4.11.0', revision: '040bc5406b'
System info: os.name: 'Windows 10', os.arch: 'amd64', os.version: '10.0', java.version: '11.0.18'
Driver info: driver.version: unknown
	at org.openqa.selenium.devtools.Connection.sendAndWait(Connection.java:181)
	at org.openqa.selenium.devtools.DevTools.send(DevTools.java:81)
	at org.openqa.selenium.devtools.idealized.Network.lambda$prepareToInterceptTraffic$3(Network.java:211)
	at org.openqa.selenium.remote.http.Filter.lambda$andFinally$1(Filter.java:55)
	at org.openqa.selenium.devtools.idealized.Network.lambda$prepareToInterceptTraffic$4(Network.java:226)
	at org.openqa.selenium.devtools.Connection.lambda$handle$4(Connection.java:321)
	at java.base/java.util.stream.ForEachOps$ForEachOp$OfRef.accept(ForEachOps.java:183)
	at java.base/java.util.stream.ReferencePipeline$2$1.accept(ReferencePipeline.java:177)
	at java.base/java.util.stream.ReferencePipeline$11$1.accept(ReferencePipeline.java:442)
	at java.base/java.util.HashMap$KeySpliterator.forEachRemaining(HashMap.java:1621)
	at java.base/java.util.stream.AbstractPipeline.copyInto(AbstractPipeline.java:484)
	at java.base/java.util.stream.AbstractPipeline.wrapAndCopyInto(AbstractPipeline.java:474)
	at java.base/java.util.stream.ForEachOps$ForEachOp.evaluateSequential(ForEachOps.java:150)
	at java.base/java.util.stream.ForEachOps$ForEachOp$OfRef.evaluateSequential(ForEachOps.java:173)
	at java.base/java.util.stream.AbstractPipeline.evaluate(AbstractPipeline.java:234)
	at java.base/java.util.stream.ReferencePipeline.forEach(ReferencePipeline.java:497)
	at org.openqa.selenium.devtools.Connection.handle(Connection.java:287)
	at org.openqa.selenium.devtools.Connection.access$200(Connection.java:57)
	at org.openqa.selenium.devtools.Connection$Listener.lambda$onText$0(Connection.java:224)
	at java.base/java.util.concurrent.ThreadPoolExecutor.runWorker(ThreadPoolExecutor.java:1128)
	at java.base/java.util.concurrent.ThreadPoolExecutor$Worker.run(ThreadPoolExecutor.java:628)
	at java.base/java.lang.Thread.run(Thread.java:829)
Caused by: org.openqa.selenium.WebDriverException: {"id":2008,"error":{"code":-32602,"message":"Invalid InterceptionId."},"sessionId":"69DE6D1A85B5D627489871F60443E14A"}
Build info: version: '4.11.0', revision: '040bc5406b'
System info: os.name: 'Windows 10', os.arch: 'amd64', os.version: '10.0', java.version: '11.0.18'
Driver info: driver.version: unknown
	at org.openqa.selenium.devtools.Connection.handle(Connection.java:260)
	... 5 more

Exception in thread "CDP Connection" org.openqa.selenium.devtools.DevToolsException: {"id":2008,"error":{"code":-32602,"message":"Invalid InterceptionId."},"sessionId":"69DE6D1A85B5D627489871F60443E14A"}
Build info: version: '4.11.0', revision: '040bc5406b'
System info: os.name: 'Windows 10', os.arch: 'amd64', os.version: '10.0', java.version: '11.0.18'
Driver info: driver.version: unknown
	at org.openqa.selenium.devtools.Connection$Listener.lambda$onText$0(Connection.java:227)
	at java.base/java.util.concurrent.ThreadPoolExecutor.runWorker(ThreadPoolExecutor.java:1128)
	at java.base/java.util.concurrent.ThreadPoolExecutor$Worker.run(ThreadPoolExecutor.java:628)
	at java.base/java.lang.Thread.run(Thread.java:829)
Caused by: org.openqa.selenium.devtools.DevToolsException: {"id":2008,"error":{"code":-32602,"message":"Invalid InterceptionId."},"sessionId":"69DE6D1A85B5D627489871F60443E14A"}
Build info: version: '4.11.0', revision: '040bc5406b'
System info: os.name: 'Windows 10', os.arch: 'amd64', os.version: '10.0', java.version: '11.0.18'
Driver info: driver.version: unknown
	at org.openqa.selenium.devtools.Connection.sendAndWait(Connection.java:181)
	at org.openqa.selenium.devtools.DevTools.send(DevTools.java:81)
	at org.openqa.selenium.devtools.idealized.Network.lambda$prepareToInterceptTraffic$3(Network.java:211)
	at org.openqa.selenium.remote.http.Filter.lambda$andFinally$1(Filter.java:55)
	at org.openqa.selenium.devtools.idealized.Network.lambda$prepareToInterceptTraffic$4(Network.java:226)
	at org.openqa.selenium.devtools.Connection.lambda$handle$4(Connection.java:321)
	at java.base/java.util.stream.ForEachOps$ForEachOp$OfRef.accept(ForEachOps.java:183)
	at java.base/java.util.stream.ReferencePipeline$2$1.accept(ReferencePipeline.java:177)
	at java.base/java.util.stream.ReferencePipeline$11$1.accept(ReferencePipeline.java:442)
	at java.base/java.util.HashMap$KeySpliterator.forEachRemaining(HashMap.java:1621)
	at java.base/java.util.stream.AbstractPipeline.copyInto(AbstractPipeline.java:484)
	at java.base/java.util.stream.AbstractPipeline.wrapAndCopyInto(AbstractPipeline.java:474)
	at java.base/java.util.stream.ForEachOps$ForEachOp.evaluateSequential(ForEachOps.java:150)
	at java.base/java.util.stream.ForEachOps$ForEachOp$OfRef.evaluateSequential(ForEachOps.java:173)
	at java.base/java.util.stream.AbstractPipeline.evaluate(AbstractPipeline.java:234)
	at java.base/java.util.stream.ReferencePipeline.forEach(ReferencePipeline.java:497)
	at org.openqa.selenium.devtools.Connection.handle(Connection.java:287)
	at org.openqa.selenium.devtools.Connection.access$200(Connection.java:57)
	at org.openqa.selenium.devtools.Connection$Listener.lambda$onText$0(Connection.java:224)
	... 3 more
Caused by: org.openqa.selenium.WebDriverException: {"id":2008,"error":{"code":-32602,"message":"Invalid InterceptionId."},"sessionId":"69DE6D1A85B5D627489871F60443E14A"}
Build info: version: '4.11.0', revision: '040bc5406b'
System info: os.name: 'Windows 10', os.arch: 'amd64', os.version: '10.0', java.version: '11.0.18'
Driver info: driver.version: unknown
	at org.openqa.selenium.devtools.Connection.handle(Connection.java:260)
	... 5 more
авг. 16, 2023 4:22:35 PM org.openqa.selenium.devtools.Connection$Listener lambda$onText$0
WARNING: Unable to process: {"method":"Fetch.requestPaused","params":{"requestId":"interception-job-327.0","request":{"url":"http://localhost:8080/static/media/icon_ok_m_white.5987da79.svg","method":"GET","headers":{"Accept":"image/avif,image/webp,image/apng,image/svg+xml,image/*,*/*;q=0.8","Referer":"http://localhost:8080/static/css/2.7d875902.chunk.css","User-Agent":"Mozilla/5.0 (Windows NT 10.0; Win64; x64) AppleWebKit/537.36 (KHTML, like Gecko) Chrome/116.0.0.0 Safari/537.36","sec-ch-ua":"\"Chromium\";v=\"116\", \"Not)A;Brand\";v=\"24\", \"Google Chrome\";v=\"116\"","sec-ch-ua-mobile":"?0","sec-ch-ua-platform":"\"Windows\""},"initialPriority":"Low","referrerPolicy":"unsafe-url"},"frameId":"D165F02B89151667DFD1BF49856829E7","resourceType":"Image","responseStatusCode":200,"responseStatusText":"","responseHeaders":[{"name":"Vary","value":"Origin"},{"name":"Vary","value":"Access-Control-Request-Method"},{"name":"Vary","value":"Access-Control-Request-Headers"},{"name":"Last-Modified","value":"Thu, 03 Aug 2023 10:18:16 GMT"},{"name":"Accept-Ranges","value":"bytes"},{"name":"Content-Type","value":"image/svg+xml"},{"name":"Content-Length","value":"687"},{"name":"Date","value":"Wed, 16 Aug 2023 13:20:24 GMT"}]},"sessionId":"69DE6D1A85B5D627489871F60443E14A"}
org.openqa.selenium.devtools.DevToolsException: {"id":2017,"error":{"code":-32602,"message":"Invalid InterceptionId."},"sessionId":"69DE6D1A85B5D627489871F60443E14A"}
Build info: version: '4.11.0', revision: '040bc5406b'
System info: os.name: 'Windows 10', os.arch: 'amd64', os.version: '10.0', java.version: '11.0.18'
Driver info: driver.version: unknown
	at org.openqa.selenium.devtools.Connection.sendAndWait(Connection.java:181)
	at org.openqa.selenium.devtools.DevTools.send(DevTools.java:81)
	at org.openqa.selenium.devtools.idealized.Network.lambda$prepareToInterceptTraffic$4(Network.java:194)
	at org.openqa.selenium.devtools.Connection.lambda$handle$4(Connection.java:321)
	at java.base/java.util.stream.ForEachOps$ForEachOp$OfRef.accept(ForEachOps.java:183)
	at java.base/java.util.stream.ReferencePipeline$2$1.accept(ReferencePipeline.java:177)
	at java.base/java.util.stream.ReferencePipeline$11$1.accept(ReferencePipeline.java:442)
	at java.base/java.util.HashMap$KeySpliterator.forEachRemaining(HashMap.java:1621)
	at java.base/java.util.stream.AbstractPipeline.copyInto(AbstractPipeline.java:484)
	at java.base/java.util.stream.AbstractPipeline.wrapAndCopyInto(AbstractPipeline.java:474)
	at java.base/java.util.stream.ForEachOps$ForEachOp.evaluateSequential(ForEachOps.java:150)
	at java.base/java.util.stream.ForEachOps$ForEachOp$OfRef.evaluateSequential(ForEachOps.java:173)
	at java.base/java.util.stream.AbstractPipeline.evaluate(AbstractPipeline.java:234)
	at java.base/java.util.stream.ReferencePipeline.forEach(ReferencePipeline.java:497)
	at org.openqa.selenium.devtools.Connection.handle(Connection.java:287)
	at org.openqa.selenium.devtools.Connection.access$200(Connection.java:57)
	at org.openqa.selenium.devtools.Connection$Listener.lambda$onText$0(Connection.java:224)
	at java.base/java.util.concurrent.ThreadPoolExecutor.runWorker(ThreadPoolExecutor.java:1128)
	at java.base/java.util.concurrent.ThreadPoolExecutor$Worker.run(ThreadPoolExecutor.java:628)
	at java.base/java.lang.Thread.run(Thread.java:829)
Caused by: org.openqa.selenium.WebDriverException: {"id":2017,"error":{"code":-32602,"message":"Invalid InterceptionId."},"sessionId":"69DE6D1A85B5D627489871F60443E14A"}
Build info: version: '4.11.0', revision: '040bc5406b'
System info: os.name: 'Windows 10', os.arch: 'amd64', os.version: '10.0', java.version: '11.0.18'
Driver info: driver.version: unknown
	at org.openqa.selenium.devtools.Connection.handle(Connection.java:260)
	... 5 more

Exception in thread "CDP Connection" org.openqa.selenium.devtools.DevToolsException: {"id":2017,"error":{"code":-32602,"message":"Invalid InterceptionId."},"sessionId":"69DE6D1A85B5D627489871F60443E14A"}
Build info: version: '4.11.0', revision: '040bc5406b'
System info: os.name: 'Windows 10', os.arch: 'amd64', os.version: '10.0', java.version: '11.0.18'
Driver info: driver.version: unknown
	at org.openqa.selenium.devtools.Connection$Listener.lambda$onText$0(Connection.java:227)
	at java.base/java.util.concurrent.ThreadPoolExecutor.runWorker(ThreadPoolExecutor.java:1128)
	at java.base/java.util.concurrent.ThreadPoolExecutor$Worker.run(ThreadPoolExecutor.java:628)
	at java.base/java.lang.Thread.run(Thread.java:829)
Caused by: org.openqa.selenium.devtools.DevToolsException: {"id":2017,"error":{"code":-32602,"message":"Invalid InterceptionId."},"sessionId":"69DE6D1A85B5D627489871F60443E14A"}
Build info: version: '4.11.0', revision: '040bc5406b'
System info: os.name: 'Windows 10', os.arch: 'amd64', os.version: '10.0', java.version: '11.0.18'
Driver info: driver.version: unknown
	at org.openqa.selenium.devtools.Connection.sendAndWait(Connection.java:181)
	at org.openqa.selenium.devtools.DevTools.send(DevTools.java:81)
	at org.openqa.selenium.devtools.idealized.Network.lambda$prepareToInterceptTraffic$4(Network.java:194)
	at org.openqa.selenium.devtools.Connection.lambda$handle$4(Connection.java:321)
	at java.base/java.util.stream.ForEachOps$ForEachOp$OfRef.accept(ForEachOps.java:183)
	at java.base/java.util.stream.ReferencePipeline$2$1.accept(ReferencePipeline.java:177)
	at java.base/java.util.stream.ReferencePipeline$11$1.accept(ReferencePipeline.java:442)
	at java.base/java.util.HashMap$KeySpliterator.forEachRemaining(HashMap.java:1621)
	at java.base/java.util.stream.AbstractPipeline.copyInto(AbstractPipeline.java:484)
	at java.base/java.util.stream.AbstractPipeline.wrapAndCopyInto(AbstractPipeline.java:474)
	at java.base/java.util.stream.ForEachOps$ForEachOp.evaluateSequential(ForEachOps.java:150)
	at java.base/java.util.stream.ForEachOps$ForEachOp$OfRef.evaluateSequential(ForEachOps.java:173)
	at java.base/java.util.stream.AbstractPipeline.evaluate(AbstractPipeline.java:234)
	at java.base/java.util.stream.ReferencePipeline.forEach(ReferencePipeline.java:497)
	at org.openqa.selenium.devtools.Connection.handle(Connection.java:287)
	at org.openqa.selenium.devtools.Connection.access$200(Connection.java:57)
	at org.openqa.selenium.devtools.Connection$Listener.lambda$onText$0(Connection.java:224)
	... 3 more
Caused by: org.openqa.selenium.WebDriverException: {"id":2017,"error":{"code":-32602,"message":"Invalid InterceptionId."},"sessionId":"69DE6D1A85B5D627489871F60443E14A"}
Build info: version: '4.11.0', revision: '040bc5406b'
System info: os.name: 'Windows 10', os.arch: 'amd64', os.version: '10.0', java.version: '11.0.18'
Driver info: driver.version: unknown
	at org.openqa.selenium.devtools.Connection.handle(Connection.java:260)
	... 5 more
авг. 16, 2023 4:22:35 PM org.openqa.selenium.devtools.Connection$Listener lambda$onText$0
WARNING: Unable to process: {"method":"Fetch.requestPaused","params":{"requestId":"interception-job-327.0","request":{"url":"http://localhost:8080/static/media/icon_ok_m_white.5987da79.svg","method":"GET","headers":{"Accept":"image/avif,image/webp,image/apng,image/svg+xml,image/*,*/*;q=0.8","Referer":"http://localhost:8080/static/css/2.7d875902.chunk.css","User-Agent":"Mozilla/5.0 (Windows NT 10.0; Win64; x64) AppleWebKit/537.36 (KHTML, like Gecko) Chrome/116.0.0.0 Safari/537.36","sec-ch-ua":"\"Chromium\";v=\"116\", \"Not)A;Brand\";v=\"24\", \"Google Chrome\";v=\"116\"","sec-ch-ua-mobile":"?0","sec-ch-ua-platform":"\"Windows\""},"initialPriority":"Low","referrerPolicy":"strict-origin-when-cross-origin"},"frameId":"D165F02B89151667DFD1BF49856829E7","resourceType":"Image"},"sessionId":"69DE6D1A85B5D627489871F60443E14A"}
org.openqa.selenium.devtools.DevToolsException: {"id":2018,"error":{"code":-32602,"message":"Invalid InterceptionId."},"sessionId":"69DE6D1A85B5D627489871F60443E14A"}
Build info: version: '4.11.0', revision: '040bc5406b'
System info: os.name: 'Windows 10', os.arch: 'amd64', os.version: '10.0', java.version: '11.0.18'
Driver info: driver.version: unknown
	at org.openqa.selenium.devtools.Connection.sendAndWait(Connection.java:181)
	at org.openqa.selenium.devtools.DevTools.send(DevTools.java:81)
	at org.openqa.selenium.devtools.idealized.Network.lambda$prepareToInterceptTraffic$3(Network.java:211)
	at org.openqa.selenium.remote.http.Filter.lambda$andFinally$1(Filter.java:55)
	at org.openqa.selenium.devtools.idealized.Network.lambda$prepareToInterceptTraffic$4(Network.java:226)
	at org.openqa.selenium.devtools.Connection.lambda$handle$4(Connection.java:321)
	at java.base/java.util.stream.ForEachOps$ForEachOp$OfRef.accept(ForEachOps.java:183)
	at java.base/java.util.stream.ReferencePipeline$2$1.accept(ReferencePipeline.java:177)
	at java.base/java.util.stream.ReferencePipeline$11$1.accept(ReferencePipeline.java:442)
	at java.base/java.util.HashMap$KeySpliterator.forEachRemaining(HashMap.java:1621)
	at java.base/java.util.stream.AbstractPipeline.copyInto(AbstractPipeline.java:484)
	at java.base/java.util.stream.AbstractPipeline.wrapAndCopyInto(AbstractPipeline.java:474)
	at java.base/java.util.stream.ForEachOps$ForEachOp.evaluateSequential(ForEachOps.java:150)
	at java.base/java.util.stream.ForEachOps$ForEachOp$OfRef.evaluateSequential(ForEachOps.java:173)
	at java.base/java.util.stream.AbstractPipeline.evaluate(AbstractPipeline.java:234)
	at java.base/java.util.stream.ReferencePipeline.forEach(ReferencePipeline.java:497)
	at org.openqa.selenium.devtools.Connection.handle(Connection.java:287)
	at org.openqa.selenium.devtools.Connection.access$200(Connection.java:57)
	at org.openqa.selenium.devtools.Connection$Listener.lambda$onText$0(Connection.java:224)
	at java.base/java.util.concurrent.ThreadPoolExecutor.runWorker(ThreadPoolExecutor.java:1128)
	at java.base/java.util.concurrent.ThreadPoolExecutor$Worker.run(ThreadPoolExecutor.java:628)
	at java.base/java.lang.Thread.run(Thread.java:829)
Caused by: org.openqa.selenium.WebDriverException: {"id":2018,"error":{"code":-32602,"message":"Invalid InterceptionId."},"sessionId":"69DE6D1A85B5D627489871F60443E14A"}
Build info: version: '4.11.0', revision: '040bc5406b'
System info: os.name: 'Windows 10', os.arch: 'amd64', os.version: '10.0', java.version: '11.0.18'
Driver info: driver.version: unknown
	at org.openqa.selenium.devtools.Connection.handle(Connection.java:260)
	... 5 more

Exception in thread "CDP Connection" org.openqa.selenium.devtools.DevToolsException: {"id":2018,"error":{"code":-32602,"message":"Invalid InterceptionId."},"sessionId":"69DE6D1A85B5D627489871F60443E14A"}
Build info: version: '4.11.0', revision: '040bc5406b'
System info: os.name: 'Windows 10', os.arch: 'amd64', os.version: '10.0', java.version: '11.0.18'
Driver info: driver.version: unknown
	at org.openqa.selenium.devtools.Connection$Listener.lambda$onText$0(Connection.java:227)
	at java.base/java.util.concurrent.ThreadPoolExecutor.runWorker(ThreadPoolExecutor.java:1128)
	at java.base/java.util.concurrent.ThreadPoolExecutor$Worker.run(ThreadPoolExecutor.java:628)
	at java.base/java.lang.Thread.run(Thread.java:829)
Caused by: org.openqa.selenium.devtools.DevToolsException: {"id":2018,"error":{"code":-32602,"message":"Invalid InterceptionId."},"sessionId":"69DE6D1A85B5D627489871F60443E14A"}
Build info: version: '4.11.0', revision: '040bc5406b'
System info: os.name: 'Windows 10', os.arch: 'amd64', os.version: '10.0', java.version: '11.0.18'
Driver info: driver.version: unknown
	at org.openqa.selenium.devtools.Connection.sendAndWait(Connection.java:181)
	at org.openqa.selenium.devtools.DevTools.send(DevTools.java:81)
	at org.openqa.selenium.devtools.idealized.Network.lambda$prepareToInterceptTraffic$3(Network.java:211)
	at org.openqa.selenium.remote.http.Filter.lambda$andFinally$1(Filter.java:55)
	at org.openqa.selenium.devtools.idealized.Network.lambda$prepareToInterceptTraffic$4(Network.java:226)
	at org.openqa.selenium.devtools.Connection.lambda$handle$4(Connection.java:321)
	at java.base/java.util.stream.ForEachOps$ForEachOp$OfRef.accept(ForEachOps.java:183)
	at java.base/java.util.stream.ReferencePipeline$2$1.accept(ReferencePipeline.java:177)
	at java.base/java.util.stream.ReferencePipeline$11$1.accept(ReferencePipeline.java:442)
	at java.base/java.util.HashMap$KeySpliterator.forEachRemaining(HashMap.java:1621)
	at java.base/java.util.stream.AbstractPipeline.copyInto(AbstractPipeline.java:484)
	at java.base/java.util.stream.AbstractPipeline.wrapAndCopyInto(AbstractPipeline.java:474)
	at java.base/java.util.stream.ForEachOps$ForEachOp.evaluateSequential(ForEachOps.java:150)
	at java.base/java.util.stream.ForEachOps$ForEachOp$OfRef.evaluateSequential(ForEachOps.java:173)
	at java.base/java.util.stream.AbstractPipeline.evaluate(AbstractPipeline.java:234)
	at java.base/java.util.stream.ReferencePipeline.forEach(ReferencePipeline.java:497)
	at org.openqa.selenium.devtools.Connection.handle(Connection.java:287)
	at org.openqa.selenium.devtools.Connection.access$200(Connection.java:57)
	at org.openqa.selenium.devtools.Connection$Listener.lambda$onText$0(Connection.java:224)
	... 3 more
Caused by: org.openqa.selenium.WebDriverException: {"id":2018,"error":{"code":-32602,"message":"Invalid InterceptionId."},"sessionId":"69DE6D1A85B5D627489871F60443E14A"}
Build info: version: '4.11.0', revision: '040bc5406b'
System info: os.name: 'Windows 10', os.arch: 'amd64', os.version: '10.0', java.version: '11.0.18'
Driver info: driver.version: unknown
	at org.openqa.selenium.devtools.Connection.handle(Connection.java:260)
	... 5 more
авг. 16, 2023 4:22:35 PM org.openqa.selenium.devtools.Connection$Listener lambda$onText$0
WARNING: Unable to process: {"method":"Fetch.requestPaused","params":{"requestId":"interception-job-328.0","request":{"url":"http://localhost:8080/static/media/icon_close_s_white.cd06f8fb.svg","method":"GET","headers":{"Accept":"image/avif,image/webp,image/apng,image/svg+xml,image/*,*/*;q=0.8","Referer":"http://localhost:8080/static/css/2.7d875902.chunk.css","User-Agent":"Mozilla/5.0 (Windows NT 10.0; Win64; x64) AppleWebKit/537.36 (KHTML, like Gecko) Chrome/116.0.0.0 Safari/537.36","sec-ch-ua":"\"Chromium\";v=\"116\", \"Not)A;Brand\";v=\"24\", \"Google Chrome\";v=\"116\"","sec-ch-ua-mobile":"?0","sec-ch-ua-platform":"\"Windows\""},"initialPriority":"Low","referrerPolicy":"unsafe-url"},"frameId":"D165F02B89151667DFD1BF49856829E7","resourceType":"Image","responseStatusCode":200,"responseStatusText":"","responseHeaders":[{"name":"Vary","value":"Origin"},{"name":"Vary","value":"Access-Control-Request-Method"},{"name":"Vary","value":"Access-Control-Request-Headers"},{"name":"Last-Modified","value":"Thu, 03 Aug 2023 10:18:16 GMT"},{"name":"Accept-Ranges","value":"bytes"},{"name":"Content-Type","value":"image/svg+xml"},{"name":"Content-Length","value":"247"},{"name":"Date","value":"Wed, 16 Aug 2023 13:20:24 GMT"}]},"sessionId":"69DE6D1A85B5D627489871F60443E14A"}
org.openqa.selenium.devtools.DevToolsException: {"id":2021,"error":{"code":-32602,"message":"Invalid InterceptionId."},"sessionId":"69DE6D1A85B5D627489871F60443E14A"}
Build info: version: '4.11.0', revision: '040bc5406b'
System info: os.name: 'Windows 10', os.arch: 'amd64', os.version: '10.0', java.version: '11.0.18'
Driver info: driver.version: unknown
	at org.openqa.selenium.devtools.Connection.sendAndWait(Connection.java:181)
	at org.openqa.selenium.devtools.DevTools.send(DevTools.java:81)
	at org.openqa.selenium.devtools.idealized.Network.lambda$prepareToInterceptTraffic$4(Network.java:194)
	at org.openqa.selenium.devtools.Connection.lambda$handle$4(Connection.java:321)
	at java.base/java.util.stream.ForEachOps$ForEachOp$OfRef.accept(ForEachOps.java:183)
	at java.base/java.util.stream.ReferencePipeline$2$1.accept(ReferencePipeline.java:177)
	at java.base/java.util.stream.ReferencePipeline$11$1.accept(ReferencePipeline.java:442)
	at java.base/java.util.HashMap$KeySpliterator.forEachRemaining(HashMap.java:1621)
	at java.base/java.util.stream.AbstractPipeline.copyInto(AbstractPipeline.java:484)
	at java.base/java.util.stream.AbstractPipeline.wrapAndCopyInto(AbstractPipeline.java:474)
	at java.base/java.util.stream.ForEachOps$ForEachOp.evaluateSequential(ForEachOps.java:150)
	at java.base/java.util.stream.ForEachOps$ForEachOp$OfRef.evaluateSequential(ForEachOps.java:173)
	at java.base/java.util.stream.AbstractPipeline.evaluate(AbstractPipeline.java:234)
	at java.base/java.util.stream.ReferencePipeline.forEach(ReferencePipeline.java:497)
	at org.openqa.selenium.devtools.Connection.handle(Connection.java:287)
	at org.openqa.selenium.devtools.Connection.access$200(Connection.java:57)
	at org.openqa.selenium.devtools.Connection$Listener.lambda$onText$0(Connection.java:224)
	at java.base/java.util.concurrent.ThreadPoolExecutor.runWorker(ThreadPoolExecutor.java:1128)
	at java.base/java.util.concurrent.ThreadPoolExecutor$Worker.run(ThreadPoolExecutor.java:628)
	at java.base/java.lang.Thread.run(Thread.java:829)
Caused by: org.openqa.selenium.WebDriverException: {"id":2021,"error":{"code":-32602,"message":"Invalid InterceptionId."},"sessionId":"69DE6D1A85B5D627489871F60443E14A"}
Build info: version: '4.11.0', revision: '040bc5406b'
System info: os.name: 'Windows 10', os.arch: 'amd64', os.version: '10.0', java.version: '11.0.18'
Driver info: driver.version: unknown
	at org.openqa.selenium.devtools.Connection.handle(Connection.java:260)
	... 5 more

Exception in thread "CDP Connection" org.openqa.selenium.devtools.DevToolsException: {"id":2021,"error":{"code":-32602,"message":"Invalid InterceptionId."},"sessionId":"69DE6D1A85B5D627489871F60443E14A"}
Build info: version: '4.11.0', revision: '040bc5406b'
System info: os.name: 'Windows 10', os.arch: 'amd64', os.version: '10.0', java.version: '11.0.18'
Driver info: driver.version: unknown
	at org.openqa.selenium.devtools.Connection$Listener.lambda$onText$0(Connection.java:227)
	at java.base/java.util.concurrent.ThreadPoolExecutor.runWorker(ThreadPoolExecutor.java:1128)
	at java.base/java.util.concurrent.ThreadPoolExecutor$Worker.run(ThreadPoolExecutor.java:628)
	at java.base/java.lang.Thread.run(Thread.java:829)
Caused by: org.openqa.selenium.devtools.DevToolsException: {"id":2021,"error":{"code":-32602,"message":"Invalid InterceptionId."},"sessionId":"69DE6D1A85B5D627489871F60443E14A"}
Build info: version: '4.11.0', revision: '040bc5406b'
System info: os.name: 'Windows 10', os.arch: 'amd64', os.version: '10.0', java.version: '11.0.18'
Driver info: driver.version: unknown
	at org.openqa.selenium.devtools.Connection.sendAndWait(Connection.java:181)
	at org.openqa.selenium.devtools.DevTools.send(DevTools.java:81)
	at org.openqa.selenium.devtools.idealized.Network.lambda$prepareToInterceptTraffic$4(Network.java:194)
	at org.openqa.selenium.devtools.Connection.lambda$handle$4(Connection.java:321)
	at java.base/java.util.stream.ForEachOps$ForEachOp$OfRef.accept(ForEachOps.java:183)
	at java.base/java.util.stream.ReferencePipeline$2$1.accept(ReferencePipeline.java:177)
	at java.base/java.util.stream.ReferencePipeline$11$1.accept(ReferencePipeline.java:442)
	at java.base/java.util.HashMap$KeySpliterator.forEachRemaining(HashMap.java:1621)
	at java.base/java.util.stream.AbstractPipeline.copyInto(AbstractPipeline.java:484)
	at java.base/java.util.stream.AbstractPipeline.wrapAndCopyInto(AbstractPipeline.java:474)
	at java.base/java.util.stream.ForEachOps$ForEachOp.evaluateSequential(ForEachOps.java:150)
	at java.base/java.util.stream.ForEachOps$ForEachOp$OfRef.evaluateSequential(ForEachOps.java:173)
	at java.base/java.util.stream.AbstractPipeline.evaluate(AbstractPipeline.java:234)
	at java.base/java.util.stream.ReferencePipeline.forEach(ReferencePipeline.java:497)
	at org.openqa.selenium.devtools.Connection.handle(Connection.java:287)
	at org.openqa.selenium.devtools.Connection.access$200(Connection.java:57)
	at org.openqa.selenium.devtools.Connection$Listener.lambda$onText$0(Connection.java:224)
	... 3 more
Caused by: org.openqa.selenium.WebDriverException: {"id":2021,"error":{"code":-32602,"message":"Invalid InterceptionId."},"sessionId":"69DE6D1A85B5D627489871F60443E14A"}
Build info: version: '4.11.0', revision: '040bc5406b'
System info: os.name: 'Windows 10', os.arch: 'amd64', os.version: '10.0', java.version: '11.0.18'
Driver info: driver.version: unknown
	at org.openqa.selenium.devtools.Connection.handle(Connection.java:260)
	... 5 more
авг. 16, 2023 4:22:35 PM org.openqa.selenium.devtools.Connection$Listener lambda$onText$0
WARNING: Unable to process: {"method":"Fetch.requestPaused","params":{"requestId":"interception-job-328.0","request":{"url":"http://localhost:8080/static/media/icon_close_s_white.cd06f8fb.svg","method":"GET","headers":{"Accept":"image/avif,image/webp,image/apng,image/svg+xml,image/*,*/*;q=0.8","Referer":"http://localhost:8080/static/css/2.7d875902.chunk.css","User-Agent":"Mozilla/5.0 (Windows NT 10.0; Win64; x64) AppleWebKit/537.36 (KHTML, like Gecko) Chrome/116.0.0.0 Safari/537.36","sec-ch-ua":"\"Chromium\";v=\"116\", \"Not)A;Brand\";v=\"24\", \"Google Chrome\";v=\"116\"","sec-ch-ua-mobile":"?0","sec-ch-ua-platform":"\"Windows\""},"initialPriority":"Low","referrerPolicy":"strict-origin-when-cross-origin"},"frameId":"D165F02B89151667DFD1BF49856829E7","resourceType":"Image"},"sessionId":"69DE6D1A85B5D627489871F60443E14A"}
org.openqa.selenium.devtools.DevToolsException: {"id":2022,"error":{"code":-32602,"message":"Invalid InterceptionId."},"sessionId":"69DE6D1A85B5D627489871F60443E14A"}
Build info: version: '4.11.0', revision: '040bc5406b'
System info: os.name: 'Windows 10', os.arch: 'amd64', os.version: '10.0', java.version: '11.0.18'
Driver info: driver.version: unknown
	at org.openqa.selenium.devtools.Connection.sendAndWait(Connection.java:181)
	at org.openqa.selenium.devtools.DevTools.send(DevTools.java:81)
	at org.openqa.selenium.devtools.idealized.Network.lambda$prepareToInterceptTraffic$3(Network.java:211)
	at org.openqa.selenium.remote.http.Filter.lambda$andFinally$1(Filter.java:55)
	at org.openqa.selenium.devtools.idealized.Network.lambda$prepareToInterceptTraffic$4(Network.java:226)
	at org.openqa.selenium.devtools.Connection.lambda$handle$4(Connection.java:321)
	at java.base/java.util.stream.ForEachOps$ForEachOp$OfRef.accept(ForEachOps.java:183)
	at java.base/java.util.stream.ReferencePipeline$2$1.accept(ReferencePipeline.java:177)
	at java.base/java.util.stream.ReferencePipeline$11$1.accept(ReferencePipeline.java:442)
	at java.base/java.util.HashMap$KeySpliterator.forEachRemaining(HashMap.java:1621)
	at java.base/java.util.stream.AbstractPipeline.copyInto(AbstractPipeline.java:484)
	at java.base/java.util.stream.AbstractPipeline.wrapAndCopyInto(AbstractPipeline.java:474)
	at java.base/java.util.stream.ForEachOps$ForEachOp.evaluateSequential(ForEachOps.java:150)
	at java.base/java.util.stream.ForEachOps$ForEachOp$OfRef.evaluateSequential(ForEachOps.java:173)
	at java.base/java.util.stream.AbstractPipeline.evaluate(AbstractPipeline.java:234)
	at java.base/java.util.stream.ReferencePipeline.forEach(ReferencePipeline.java:497)
	at org.openqa.selenium.devtools.Connection.handle(Connection.java:287)
	at org.openqa.selenium.devtools.Connection.access$200(Connection.java:57)
	at org.openqa.selenium.devtools.Connection$Listener.lambda$onText$0(Connection.java:224)
	at java.base/java.util.concurrent.ThreadPoolExecutor.runWorker(ThreadPoolExecutor.java:1128)
	at java.base/java.util.concurrent.ThreadPoolExecutor$Worker.run(ThreadPoolExecutor.java:628)
	at java.base/java.lang.Thread.run(Thread.java:829)
Caused by: org.openqa.selenium.WebDriverException: {"id":2022,"error":{"code":-32602,"message":"Invalid InterceptionId."},"sessionId":"69DE6D1A85B5D627489871F60443E14A"}
Build info: version: '4.11.0', revision: '040bc5406b'
System info: os.name: 'Windows 10', os.arch: 'amd64', os.version: '10.0', java.version: '11.0.18'
Driver info: driver.version: unknown
	at org.openqa.selenium.devtools.Connection.handle(Connection.java:260)
	... 5 more

Exception in thread "CDP Connection" org.openqa.selenium.devtools.DevToolsException: {"id":2022,"error":{"code":-32602,"message":"Invalid InterceptionId."},"sessionId":"69DE6D1A85B5D627489871F60443E14A"}
Build info: version: '4.11.0', revision: '040bc5406b'
System info: os.name: 'Windows 10', os.arch: 'amd64', os.version: '10.0', java.version: '11.0.18'
Driver info: driver.version: unknown
	at org.openqa.selenium.devtools.Connection$Listener.lambda$onText$0(Connection.java:227)
	at java.base/java.util.concurrent.ThreadPoolExecutor.runWorker(ThreadPoolExecutor.java:1128)
	at java.base/java.util.concurrent.ThreadPoolExecutor$Worker.run(ThreadPoolExecutor.java:628)
	at java.base/java.lang.Thread.run(Thread.java:829)
Caused by: org.openqa.selenium.devtools.DevToolsException: {"id":2022,"error":{"code":-32602,"message":"Invalid InterceptionId."},"sessionId":"69DE6D1A85B5D627489871F60443E14A"}
Build info: version: '4.11.0', revision: '040bc5406b'
System info: os.name: 'Windows 10', os.arch: 'amd64', os.version: '10.0', java.version: '11.0.18'
Driver info: driver.version: unknown
	at org.openqa.selenium.devtools.Connection.sendAndWait(Connection.java:181)
	at org.openqa.selenium.devtools.DevTools.send(DevTools.java:81)
	at org.openqa.selenium.devtools.idealized.Network.lambda$prepareToInterceptTraffic$3(Network.java:211)
	at org.openqa.selenium.remote.http.Filter.lambda$andFinally$1(Filter.java:55)
	at org.openqa.selenium.devtools.idealized.Network.lambda$prepareToInterceptTraffic$4(Network.java:226)
	at org.openqa.selenium.devtools.Connection.lambda$handle$4(Connection.java:321)
	at java.base/java.util.stream.ForEachOps$ForEachOp$OfRef.accept(ForEachOps.java:183)
	at java.base/java.util.stream.ReferencePipeline$2$1.accept(ReferencePipeline.java:177)
	at java.base/java.util.stream.ReferencePipeline$11$1.accept(ReferencePipeline.java:442)
	at java.base/java.util.HashMap$KeySpliterator.forEachRemaining(HashMap.java:1621)
	at java.base/java.util.stream.AbstractPipeline.copyInto(AbstractPipeline.java:484)
	at java.base/java.util.stream.AbstractPipeline.wrapAndCopyInto(AbstractPipeline.java:474)
	at java.base/java.util.stream.ForEachOps$ForEachOp.evaluateSequential(ForEachOps.java:150)
	at java.base/java.util.stream.ForEachOps$ForEachOp$OfRef.evaluateSequential(ForEachOps.java:173)
	at java.base/java.util.stream.AbstractPipeline.evaluate(AbstractPipeline.java:234)
	at java.base/java.util.stream.ReferencePipeline.forEach(ReferencePipeline.java:497)
	at org.openqa.selenium.devtools.Connection.handle(Connection.java:287)
	at org.openqa.selenium.devtools.Connection.access$200(Connection.java:57)
	at org.openqa.selenium.devtools.Connection$Listener.lambda$onText$0(Connection.java:224)
	... 3 more
Caused by: org.openqa.selenium.WebDriverException: {"id":2022,"error":{"code":-32602,"message":"Invalid InterceptionId."},"sessionId":"69DE6D1A85B5D627489871F60443E14A"}
Build info: version: '4.11.0', revision: '040bc5406b'
System info: os.name: 'Windows 10', os.arch: 'amd64', os.version: '10.0', java.version: '11.0.18'
Driver info: driver.version: unknown
	at org.openqa.selenium.devtools.Connection.handle(Connection.java:260)
	... 5 more
авг. 16, 2023 4:22:35 PM org.openqa.selenium.devtools.Connection$Listener lambda$onText$0
WARNING: Unable to process: {"method":"Fetch.requestPaused","params":{"requestId":"interception-job-329.0","request":{"url":"http://localhost:8080/static/media/icon_error_m_white.143ec85a.svg","method":"GET","headers":{"Accept":"image/avif,image/webp,image/apng,image/svg+xml,image/*,*/*;q=0.8","Referer":"http://localhost:8080/static/css/2.7d875902.chunk.css","User-Agent":"Mozilla/5.0 (Windows NT 10.0; Win64; x64) AppleWebKit/537.36 (KHTML, like Gecko) Chrome/116.0.0.0 Safari/537.36","sec-ch-ua":"\"Chromium\";v=\"116\", \"Not)A;Brand\";v=\"24\", \"Google Chrome\";v=\"116\"","sec-ch-ua-mobile":"?0","sec-ch-ua-platform":"\"Windows\""},"initialPriority":"Low","referrerPolicy":"unsafe-url"},"frameId":"D165F02B89151667DFD1BF49856829E7","resourceType":"Image","responseStatusCode":200,"responseStatusText":"","responseHeaders":[{"name":"Vary","value":"Origin"},{"name":"Vary","value":"Access-Control-Request-Method"},{"name":"Vary","value":"Access-Control-Request-Headers"},{"name":"Last-Modified","value":"Thu, 03 Aug 2023 10:18:16 GMT"},{"name":"Accept-Ranges","value":"bytes"},{"name":"Content-Type","value":"image/svg+xml"},{"name":"Content-Length","value":"380"},{"name":"Date","value":"Wed, 16 Aug 2023 13:20:24 GMT"}]},"sessionId":"69DE6D1A85B5D627489871F60443E14A"}
org.openqa.selenium.devtools.DevToolsException: {"id":2025,"error":{"code":-32602,"message":"Invalid InterceptionId."},"sessionId":"69DE6D1A85B5D627489871F60443E14A"}
Build info: version: '4.11.0', revision: '040bc5406b'
System info: os.name: 'Windows 10', os.arch: 'amd64', os.version: '10.0', java.version: '11.0.18'
Driver info: driver.version: unknown
	at org.openqa.selenium.devtools.Connection.sendAndWait(Connection.java:181)
	at org.openqa.selenium.devtools.DevTools.send(DevTools.java:81)
	at org.openqa.selenium.devtools.idealized.Network.lambda$prepareToInterceptTraffic$4(Network.java:194)
	at org.openqa.selenium.devtools.Connection.lambda$handle$4(Connection.java:321)
	at java.base/java.util.stream.ForEachOps$ForEachOp$OfRef.accept(ForEachOps.java:183)
	at java.base/java.util.stream.ReferencePipeline$2$1.accept(ReferencePipeline.java:177)
	at java.base/java.util.stream.ReferencePipeline$11$1.accept(ReferencePipeline.java:442)
	at java.base/java.util.HashMap$KeySpliterator.forEachRemaining(HashMap.java:1621)
	at java.base/java.util.stream.AbstractPipeline.copyInto(AbstractPipeline.java:484)
	at java.base/java.util.stream.AbstractPipeline.wrapAndCopyInto(AbstractPipeline.java:474)
	at java.base/java.util.stream.ForEachOps$ForEachOp.evaluateSequential(ForEachOps.java:150)
	at java.base/java.util.stream.ForEachOps$ForEachOp$OfRef.evaluateSequential(ForEachOps.java:173)
	at java.base/java.util.stream.AbstractPipeline.evaluate(AbstractPipeline.java:234)
	at java.base/java.util.stream.ReferencePipeline.forEach(ReferencePipeline.java:497)
	at org.openqa.selenium.devtools.Connection.handle(Connection.java:287)
	at org.openqa.selenium.devtools.Connection.access$200(Connection.java:57)
	at org.openqa.selenium.devtools.Connection$Listener.lambda$onText$0(Connection.java:224)
	at java.base/java.util.concurrent.ThreadPoolExecutor.runWorker(ThreadPoolExecutor.java:1128)
	at java.base/java.util.concurrent.ThreadPoolExecutor$Worker.run(ThreadPoolExecutor.java:628)
	at java.base/java.lang.Thread.run(Thread.java:829)
Caused by: org.openqa.selenium.WebDriverException: {"id":2025,"error":{"code":-32602,"message":"Invalid InterceptionId."},"sessionId":"69DE6D1A85B5D627489871F60443E14A"}
Build info: version: '4.11.0', revision: '040bc5406b'
System info: os.name: 'Windows 10', os.arch: 'amd64', os.version: '10.0', java.version: '11.0.18'
Driver info: driver.version: unknown
	at org.openqa.selenium.devtools.Connection.handle(Connection.java:260)
	... 5 more

Exception in thread "CDP Connection" org.openqa.selenium.devtools.DevToolsException: {"id":2025,"error":{"code":-32602,"message":"Invalid InterceptionId."},"sessionId":"69DE6D1A85B5D627489871F60443E14A"}
Build info: version: '4.11.0', revision: '040bc5406b'
System info: os.name: 'Windows 10', os.arch: 'amd64', os.version: '10.0', java.version: '11.0.18'
Driver info: driver.version: unknown
	at org.openqa.selenium.devtools.Connection$Listener.lambda$onText$0(Connection.java:227)
	at java.base/java.util.concurrent.ThreadPoolExecutor.runWorker(ThreadPoolExecutor.java:1128)
	at java.base/java.util.concurrent.ThreadPoolExecutor$Worker.run(ThreadPoolExecutor.java:628)
	at java.base/java.lang.Thread.run(Thread.java:829)
Caused by: org.openqa.selenium.devtools.DevToolsException: {"id":2025,"error":{"code":-32602,"message":"Invalid InterceptionId."},"sessionId":"69DE6D1A85B5D627489871F60443E14A"}
Build info: version: '4.11.0', revision: '040bc5406b'
System info: os.name: 'Windows 10', os.arch: 'amd64', os.version: '10.0', java.version: '11.0.18'
Driver info: driver.version: unknown
	at org.openqa.selenium.devtools.Connection.sendAndWait(Connection.java:181)
	at org.openqa.selenium.devtools.DevTools.send(DevTools.java:81)
	at org.openqa.selenium.devtools.idealized.Network.lambda$prepareToInterceptTraffic$4(Network.java:194)
	at org.openqa.selenium.devtools.Connection.lambda$handle$4(Connection.java:321)
	at java.base/java.util.stream.ForEachOps$ForEachOp$OfRef.accept(ForEachOps.java:183)
	at java.base/java.util.stream.ReferencePipeline$2$1.accept(ReferencePipeline.java:177)
	at java.base/java.util.stream.ReferencePipeline$11$1.accept(ReferencePipeline.java:442)
	at java.base/java.util.HashMap$KeySpliterator.forEachRemaining(HashMap.java:1621)
	at java.base/java.util.stream.AbstractPipeline.copyInto(AbstractPipeline.java:484)
	at java.base/java.util.stream.AbstractPipeline.wrapAndCopyInto(AbstractPipeline.java:474)
	at java.base/java.util.stream.ForEachOps$ForEachOp.evaluateSequential(ForEachOps.java:150)
	at java.base/java.util.stream.ForEachOps$ForEachOp$OfRef.evaluateSequential(ForEachOps.java:173)
	at java.base/java.util.stream.AbstractPipeline.evaluate(AbstractPipeline.java:234)
	at java.base/java.util.stream.ReferencePipeline.forEach(ReferencePipeline.java:497)
	at org.openqa.selenium.devtools.Connection.handle(Connection.java:287)
	at org.openqa.selenium.devtools.Connection.access$200(Connection.java:57)
	at org.openqa.selenium.devtools.Connection$Listener.lambda$onText$0(Connection.java:224)
	... 3 more
Caused by: org.openqa.selenium.WebDriverException: {"id":2025,"error":{"code":-32602,"message":"Invalid InterceptionId."},"sessionId":"69DE6D1A85B5D627489871F60443E14A"}
Build info: version: '4.11.0', revision: '040bc5406b'
System info: os.name: 'Windows 10', os.arch: 'amd64', os.version: '10.0', java.version: '11.0.18'
Driver info: driver.version: unknown
	at org.openqa.selenium.devtools.Connection.handle(Connection.java:260)
	... 5 more
авг. 16, 2023 4:22:35 PM org.openqa.selenium.devtools.Connection$Listener lambda$onText$0
WARNING: Unable to process: {"method":"Fetch.requestPaused","params":{"requestId":"interception-job-329.0","request":{"url":"http://localhost:8080/static/media/icon_error_m_white.143ec85a.svg","method":"GET","headers":{"Accept":"image/avif,image/webp,image/apng,image/svg+xml,image/*,*/*;q=0.8","Referer":"http://localhost:8080/static/css/2.7d875902.chunk.css","User-Agent":"Mozilla/5.0 (Windows NT 10.0; Win64; x64) AppleWebKit/537.36 (KHTML, like Gecko) Chrome/116.0.0.0 Safari/537.36","sec-ch-ua":"\"Chromium\";v=\"116\", \"Not)A;Brand\";v=\"24\", \"Google Chrome\";v=\"116\"","sec-ch-ua-mobile":"?0","sec-ch-ua-platform":"\"Windows\""},"initialPriority":"Low","referrerPolicy":"strict-origin-when-cross-origin"},"frameId":"D165F02B89151667DFD1BF49856829E7","resourceType":"Image"},"sessionId":"69DE6D1A85B5D627489871F60443E14A"}
org.openqa.selenium.devtools.DevToolsException: {"id":2026,"error":{"code":-32602,"message":"Invalid InterceptionId."},"sessionId":"69DE6D1A85B5D627489871F60443E14A"}
Build info: version: '4.11.0', revision: '040bc5406b'
System info: os.name: 'Windows 10', os.arch: 'amd64', os.version: '10.0', java.version: '11.0.18'
Driver info: driver.version: unknown
	at org.openqa.selenium.devtools.Connection.sendAndWait(Connection.java:181)
	at org.openqa.selenium.devtools.DevTools.send(DevTools.java:81)
	at org.openqa.selenium.devtools.idealized.Network.lambda$prepareToInterceptTraffic$3(Network.java:211)
	at org.openqa.selenium.remote.http.Filter.lambda$andFinally$1(Filter.java:55)
	at org.openqa.selenium.devtools.idealized.Network.lambda$prepareToInterceptTraffic$4(Network.java:226)
	at org.openqa.selenium.devtools.Connection.lambda$handle$4(Connection.java:321)
	at java.base/java.util.stream.ForEachOps$ForEachOp$OfRef.accept(ForEachOps.java:183)
	at java.base/java.util.stream.ReferencePipeline$2$1.accept(ReferencePipeline.java:177)
	at java.base/java.util.stream.ReferencePipeline$11$1.accept(ReferencePipeline.java:442)
	at java.base/java.util.HashMap$KeySpliterator.forEachRemaining(HashMap.java:1621)
	at java.base/java.util.stream.AbstractPipeline.copyInto(AbstractPipeline.java:484)
	at java.base/java.util.stream.AbstractPipeline.wrapAndCopyInto(AbstractPipeline.java:474)
	at java.base/java.util.stream.ForEachOps$ForEachOp.evaluateSequential(ForEachOps.java:150)
	at java.base/java.util.stream.ForEachOps$ForEachOp$OfRef.evaluateSequential(ForEachOps.java:173)
	at java.base/java.util.stream.AbstractPipeline.evaluate(AbstractPipeline.java:234)
	at java.base/java.util.stream.ReferencePipeline.forEach(ReferencePipeline.java:497)
	at org.openqa.selenium.devtools.Connection.handle(Connection.java:287)
	at org.openqa.selenium.devtools.Connection.access$200(Connection.java:57)
	at org.openqa.selenium.devtools.Connection$Listener.lambda$onText$0(Connection.java:224)
	at java.base/java.util.concurrent.ThreadPoolExecutor.runWorker(ThreadPoolExecutor.java:1128)
	at java.base/java.util.concurrent.ThreadPoolExecutor$Worker.run(ThreadPoolExecutor.java:628)
	at java.base/java.lang.Thread.run(Thread.java:829)
Caused by: org.openqa.selenium.WebDriverException: {"id":2026,"error":{"code":-32602,"message":"Invalid InterceptionId."},"sessionId":"69DE6D1A85B5D627489871F60443E14A"}
Build info: version: '4.11.0', revision: '040bc5406b'
System info: os.name: 'Windows 10', os.arch: 'amd64', os.version: '10.0', java.version: '11.0.18'
Driver info: driver.version: unknown
	at org.openqa.selenium.devtools.Connection.handle(Connection.java:260)
	... 5 more

Exception in thread "CDP Connection" org.openqa.selenium.devtools.DevToolsException: {"id":2026,"error":{"code":-32602,"message":"Invalid InterceptionId."},"sessionId":"69DE6D1A85B5D627489871F60443E14A"}
Build info: version: '4.11.0', revision: '040bc5406b'
System info: os.name: 'Windows 10', os.arch: 'amd64', os.version: '10.0', java.version: '11.0.18'
Driver info: driver.version: unknown
	at org.openqa.selenium.devtools.Connection$Listener.lambda$onText$0(Connection.java:227)
	at java.base/java.util.concurrent.ThreadPoolExecutor.runWorker(ThreadPoolExecutor.java:1128)
	at java.base/java.util.concurrent.ThreadPoolExecutor$Worker.run(ThreadPoolExecutor.java:628)
	at java.base/java.lang.Thread.run(Thread.java:829)
Caused by: org.openqa.selenium.devtools.DevToolsException: {"id":2026,"error":{"code":-32602,"message":"Invalid InterceptionId."},"sessionId":"69DE6D1A85B5D627489871F60443E14A"}
Build info: version: '4.11.0', revision: '040bc5406b'
System info: os.name: 'Windows 10', os.arch: 'amd64', os.version: '10.0', java.version: '11.0.18'
Driver info: driver.version: unknown
	at org.openqa.selenium.devtools.Connection.sendAndWait(Connection.java:181)
	at org.openqa.selenium.devtools.DevTools.send(DevTools.java:81)
	at org.openqa.selenium.devtools.idealized.Network.lambda$prepareToInterceptTraffic$3(Network.java:211)
	at org.openqa.selenium.remote.http.Filter.lambda$andFinally$1(Filter.java:55)
	at org.openqa.selenium.devtools.idealized.Network.lambda$prepareToInterceptTraffic$4(Network.java:226)
	at org.openqa.selenium.devtools.Connection.lambda$handle$4(Connection.java:321)
	at java.base/java.util.stream.ForEachOps$ForEachOp$OfRef.accept(ForEachOps.java:183)
	at java.base/java.util.stream.ReferencePipeline$2$1.accept(ReferencePipeline.java:177)
	at java.base/java.util.stream.ReferencePipeline$11$1.accept(ReferencePipeline.java:442)
	at java.base/java.util.HashMap$KeySpliterator.forEachRemaining(HashMap.java:1621)
	at java.base/java.util.stream.AbstractPipeline.copyInto(AbstractPipeline.java:484)
	at java.base/java.util.stream.AbstractPipeline.wrapAndCopyInto(AbstractPipeline.java:474)
	at java.base/java.util.stream.ForEachOps$ForEachOp.evaluateSequential(ForEachOps.java:150)
	at java.base/java.util.stream.ForEachOps$ForEachOp$OfRef.evaluateSequential(ForEachOps.java:173)
	at java.base/java.util.stream.AbstractPipeline.evaluate(AbstractPipeline.java:234)
	at java.base/java.util.stream.ReferencePipeline.forEach(ReferencePipeline.java:497)
	at org.openqa.selenium.devtools.Connection.handle(Connection.java:287)
	at org.openqa.selenium.devtools.Connection.access$200(Connection.java:57)
	at org.openqa.selenium.devtools.Connection$Listener.lambda$onText$0(Connection.java:224)
	... 3 more
Caused by: org.openqa.selenium.WebDriverException: {"id":2026,"error":{"code":-32602,"message":"Invalid InterceptionId."},"sessionId":"69DE6D1A85B5D627489871F60443E14A"}
Build info: version: '4.11.0', revision: '040bc5406b'
System info: os.name: 'Windows 10', os.arch: 'amd64', os.version: '10.0', java.version: '11.0.18'
Driver info: driver.version: unknown
	at org.openqa.selenium.devtools.Connection.handle(Connection.java:260)
	... 5 more
авг. 16, 2023 4:22:37 PM org.openqa.selenium.devtools.Connection$Listener lambda$onText$0
WARNING: Unable to process: {"method":"Fetch.requestPaused","params":{"requestId":"interception-job-330.0","request":{"url":"http://localhost:8080/","method":"GET","headers":{"Accept":"text/html,application/xhtml+xml,application/xml;q=0.9,image/avif,image/webp,image/apng,*/*;q=0.8,application/signed-exchange;v=b3;q=0.7","Upgrade-Insecure-Requests":"1","User-Agent":"Mozilla/5.0 (Windows NT 10.0; Win64; x64) AppleWebKit/537.36 (KHTML, like Gecko) Chrome/116.0.0.0 Safari/537.36","sec-ch-ua":"\"Chromium\";v=\"116\", \"Not)A;Brand\";v=\"24\", \"Google Chrome\";v=\"116\"","sec-ch-ua-mobile":"?0","sec-ch-ua-platform":"\"Windows\""},"initialPriority":"VeryHigh","referrerPolicy":"strict-origin-when-cross-origin"},"frameId":"D165F02B89151667DFD1BF49856829E7","resourceType":"Document","responseStatusCode":200,"responseStatusText":"","responseHeaders":[{"name":"Vary","value":"Origin"},{"name":"Vary","value":"Access-Control-Request-Method"},{"name":"Vary","value":"Access-Control-Request-Headers"},{"name":"Last-Modified","value":"Thu, 03 Aug 2023 10:18:16 GMT"},{"name":"Date","value":"Wed, 16 Aug 2023 13:22:37 GMT"},{"name":"Accept-Ranges","value":"bytes"},{"name":"Content-Type","value":"text/html"},{"name":"Content-Language","value":"ru-RU"},{"name":"Content-Length","value":"2308"}]},"sessionId":"69DE6D1A85B5D627489871F60443E14A"}
org.openqa.selenium.devtools.DevToolsException: {"id":2033,"error":{"code":-32602,"message":"Invalid InterceptionId."},"sessionId":"69DE6D1A85B5D627489871F60443E14A"}
Build info: version: '4.11.0', revision: '040bc5406b'
System info: os.name: 'Windows 10', os.arch: 'amd64', os.version: '10.0', java.version: '11.0.18'
Driver info: driver.version: unknown
	at org.openqa.selenium.devtools.Connection.sendAndWait(Connection.java:181)
	at org.openqa.selenium.devtools.DevTools.send(DevTools.java:81)
	at org.openqa.selenium.devtools.idealized.Network.lambda$prepareToInterceptTraffic$4(Network.java:194)
	at org.openqa.selenium.devtools.Connection.lambda$handle$4(Connection.java:321)
	at java.base/java.util.stream.ForEachOps$ForEachOp$OfRef.accept(ForEachOps.java:183)
	at java.base/java.util.stream.ReferencePipeline$2$1.accept(ReferencePipeline.java:177)
	at java.base/java.util.stream.ReferencePipeline$11$1.accept(ReferencePipeline.java:442)
	at java.base/java.util.HashMap$KeySpliterator.forEachRemaining(HashMap.java:1621)
	at java.base/java.util.stream.AbstractPipeline.copyInto(AbstractPipeline.java:484)
	at java.base/java.util.stream.AbstractPipeline.wrapAndCopyInto(AbstractPipeline.java:474)
	at java.base/java.util.stream.ForEachOps$ForEachOp.evaluateSequential(ForEachOps.java:150)
	at java.base/java.util.stream.ForEachOps$ForEachOp$OfRef.evaluateSequential(ForEachOps.java:173)
	at java.base/java.util.stream.AbstractPipeline.evaluate(AbstractPipeline.java:234)
	at java.base/java.util.stream.ReferencePipeline.forEach(ReferencePipeline.java:497)
	at org.openqa.selenium.devtools.Connection.handle(Connection.java:287)
	at org.openqa.selenium.devtools.Connection.access$200(Connection.java:57)
	at org.openqa.selenium.devtools.Connection$Listener.lambda$onText$0(Connection.java:224)
	at java.base/java.util.concurrent.ThreadPoolExecutor.runWorker(ThreadPoolExecutor.java:1128)
	at java.base/java.util.concurrent.ThreadPoolExecutor$Worker.run(ThreadPoolExecutor.java:628)
	at java.base/java.lang.Thread.run(Thread.java:829)
Caused by: org.openqa.selenium.WebDriverException: {"id":2033,"error":{"code":-32602,"message":"Invalid InterceptionId."},"sessionId":"69DE6D1A85B5D627489871F60443E14A"}
Build info: version: '4.11.0', revision: '040bc5406b'
System info: os.name: 'Windows 10', os.arch: 'amd64', os.version: '10.0', java.version: '11.0.18'
Driver info: driver.version: unknown
	at org.openqa.selenium.devtools.Connection.handle(Connection.java:260)
	... 5 more

Exception in thread "CDP Connection" org.openqa.selenium.devtools.DevToolsException: {"id":2033,"error":{"code":-32602,"message":"Invalid InterceptionId."},"sessionId":"69DE6D1A85B5D627489871F60443E14A"}
Build info: version: '4.11.0', revision: '040bc5406b'
System info: os.name: 'Windows 10', os.arch: 'amd64', os.version: '10.0', java.version: '11.0.18'
Driver info: driver.version: unknown
	at org.openqa.selenium.devtools.Connection$Listener.lambda$onText$0(Connection.java:227)
	at java.base/java.util.concurrent.ThreadPoolExecutor.runWorker(ThreadPoolExecutor.java:1128)
	at java.base/java.util.concurrent.ThreadPoolExecutor$Worker.run(ThreadPoolExecutor.java:628)
	at java.base/java.lang.Thread.run(Thread.java:829)
Caused by: org.openqa.selenium.devtools.DevToolsException: {"id":2033,"error":{"code":-32602,"message":"Invalid InterceptionId."},"sessionId":"69DE6D1A85B5D627489871F60443E14A"}
Build info: version: '4.11.0', revision: '040bc5406b'
System info: os.name: 'Windows 10', os.arch: 'amd64', os.version: '10.0', java.version: '11.0.18'
Driver info: driver.version: unknown
	at org.openqa.selenium.devtools.Connection.sendAndWait(Connection.java:181)
	at org.openqa.selenium.devtools.DevTools.send(DevTools.java:81)
	at org.openqa.selenium.devtools.idealized.Network.lambda$prepareToInterceptTraffic$4(Network.java:194)
	at org.openqa.selenium.devtools.Connection.lambda$handle$4(Connection.java:321)
	at java.base/java.util.stream.ForEachOps$ForEachOp$OfRef.accept(ForEachOps.java:183)
	at java.base/java.util.stream.ReferencePipeline$2$1.accept(ReferencePipeline.java:177)
	at java.base/java.util.stream.ReferencePipeline$11$1.accept(ReferencePipeline.java:442)
	at java.base/java.util.HashMap$KeySpliterator.forEachRemaining(HashMap.java:1621)
	at java.base/java.util.stream.AbstractPipeline.copyInto(AbstractPipeline.java:484)
	at java.base/java.util.stream.AbstractPipeline.wrapAndCopyInto(AbstractPipeline.java:474)
	at java.base/java.util.stream.ForEachOps$ForEachOp.evaluateSequential(ForEachOps.java:150)
	at java.base/java.util.stream.ForEachOps$ForEachOp$OfRef.evaluateSequential(ForEachOps.java:173)
	at java.base/java.util.stream.AbstractPipeline.evaluate(AbstractPipeline.java:234)
	at java.base/java.util.stream.ReferencePipeline.forEach(ReferencePipeline.java:497)
	at org.openqa.selenium.devtools.Connection.handle(Connection.java:287)
	at org.openqa.selenium.devtools.Connection.access$200(Connection.java:57)
	at org.openqa.selenium.devtools.Connection$Listener.lambda$onText$0(Connection.java:224)
	... 3 more
Caused by: org.openqa.selenium.WebDriverException: {"id":2033,"error":{"code":-32602,"message":"Invalid InterceptionId."},"sessionId":"69DE6D1A85B5D627489871F60443E14A"}
Build info: version: '4.11.0', revision: '040bc5406b'
System info: os.name: 'Windows 10', os.arch: 'amd64', os.version: '10.0', java.version: '11.0.18'
Driver info: driver.version: unknown
	at org.openqa.selenium.devtools.Connection.handle(Connection.java:260)
	... 5 more
авг. 16, 2023 4:22:37 PM org.openqa.selenium.devtools.Connection$Listener lambda$onText$0
WARNING: Unable to process: {"method":"Fetch.requestPaused","params":{"requestId":"interception-job-330.0","request":{"url":"http://localhost:8080/","method":"GET","headers":{"Accept":"text/html,application/xhtml+xml,application/xml;q=0.9,image/avif,image/webp,image/apng,*/*;q=0.8,application/signed-exchange;v=b3;q=0.7","Upgrade-Insecure-Requests":"1","User-Agent":"Mozilla/5.0 (Windows NT 10.0; Win64; x64) AppleWebKit/537.36 (KHTML, like Gecko) Chrome/116.0.0.0 Safari/537.36","sec-ch-ua":"\"Chromium\";v=\"116\", \"Not)A;Brand\";v=\"24\", \"Google Chrome\";v=\"116\"","sec-ch-ua-mobile":"?0","sec-ch-ua-platform":"\"Windows\""},"initialPriority":"VeryHigh","referrerPolicy":"strict-origin-when-cross-origin"},"frameId":"D165F02B89151667DFD1BF49856829E7","resourceType":"Document"},"sessionId":"69DE6D1A85B5D627489871F60443E14A"}
org.openqa.selenium.devtools.DevToolsException: {"id":2034,"error":{"code":-32602,"message":"Invalid InterceptionId."},"sessionId":"69DE6D1A85B5D627489871F60443E14A"}
Build info: version: '4.11.0', revision: '040bc5406b'
System info: os.name: 'Windows 10', os.arch: 'amd64', os.version: '10.0', java.version: '11.0.18'
Driver info: driver.version: unknown
	at org.openqa.selenium.devtools.Connection.sendAndWait(Connection.java:181)
	at org.openqa.selenium.devtools.DevTools.send(DevTools.java:81)
	at org.openqa.selenium.devtools.idealized.Network.lambda$prepareToInterceptTraffic$3(Network.java:211)
	at org.openqa.selenium.remote.http.Filter.lambda$andFinally$1(Filter.java:55)
	at org.openqa.selenium.devtools.idealized.Network.lambda$prepareToInterceptTraffic$4(Network.java:226)
	at org.openqa.selenium.devtools.Connection.lambda$handle$4(Connection.java:321)
	at java.base/java.util.stream.ForEachOps$ForEachOp$OfRef.accept(ForEachOps.java:183)
	at java.base/java.util.stream.ReferencePipeline$2$1.accept(ReferencePipeline.java:177)
	at java.base/java.util.stream.ReferencePipeline$11$1.accept(ReferencePipeline.java:442)
	at java.base/java.util.HashMap$KeySpliterator.forEachRemaining(HashMap.java:1621)
	at java.base/java.util.stream.AbstractPipeline.copyInto(AbstractPipeline.java:484)
	at java.base/java.util.stream.AbstractPipeline.wrapAndCopyInto(AbstractPipeline.java:474)
	at java.base/java.util.stream.ForEachOps$ForEachOp.evaluateSequential(ForEachOps.java:150)
	at java.base/java.util.stream.ForEachOps$ForEachOp$OfRef.evaluateSequential(ForEachOps.java:173)
	at java.base/java.util.stream.AbstractPipeline.evaluate(AbstractPipeline.java:234)
	at java.base/java.util.stream.ReferencePipeline.forEach(ReferencePipeline.java:497)
	at org.openqa.selenium.devtools.Connection.handle(Connection.java:287)
	at org.openqa.selenium.devtools.Connection.access$200(Connection.java:57)
	at org.openqa.selenium.devtools.Connection$Listener.lambda$onText$0(Connection.java:224)
	at java.base/java.util.concurrent.ThreadPoolExecutor.runWorker(ThreadPoolExecutor.java:1128)
	at java.base/java.util.concurrent.ThreadPoolExecutor$Worker.run(ThreadPoolExecutor.java:628)
	at java.base/java.lang.Thread.run(Thread.java:829)
Caused by: org.openqa.selenium.WebDriverException: {"id":2034,"error":{"code":-32602,"message":"Invalid InterceptionId."},"sessionId":"69DE6D1A85B5D627489871F60443E14A"}
Build info: version: '4.11.0', revision: '040bc5406b'
System info: os.name: 'Windows 10', os.arch: 'amd64', os.version: '10.0', java.version: '11.0.18'
Driver info: driver.version: unknown
	at org.openqa.selenium.devtools.Connection.handle(Connection.java:260)
	... 5 more

Exception in thread "CDP Connection" org.openqa.selenium.devtools.DevToolsException: {"id":2034,"error":{"code":-32602,"message":"Invalid InterceptionId."},"sessionId":"69DE6D1A85B5D627489871F60443E14A"}
Build info: version: '4.11.0', revision: '040bc5406b'
System info: os.name: 'Windows 10', os.arch: 'amd64', os.version: '10.0', java.version: '11.0.18'
Driver info: driver.version: unknown
	at org.openqa.selenium.devtools.Connection$Listener.lambda$onText$0(Connection.java:227)
	at java.base/java.util.concurrent.ThreadPoolExecutor.runWorker(ThreadPoolExecutor.java:1128)
	at java.base/java.util.concurrent.ThreadPoolExecutor$Worker.run(ThreadPoolExecutor.java:628)
	at java.base/java.lang.Thread.run(Thread.java:829)
Caused by: org.openqa.selenium.devtools.DevToolsException: {"id":2034,"error":{"code":-32602,"message":"Invalid InterceptionId."},"sessionId":"69DE6D1A85B5D627489871F60443E14A"}
Build info: version: '4.11.0', revision: '040bc5406b'
System info: os.name: 'Windows 10', os.arch: 'amd64', os.version: '10.0', java.version: '11.0.18'
Driver info: driver.version: unknown
	at org.openqa.selenium.devtools.Connection.sendAndWait(Connection.java:181)
	at org.openqa.selenium.devtools.DevTools.send(DevTools.java:81)
	at org.openqa.selenium.devtools.idealized.Network.lambda$prepareToInterceptTraffic$3(Network.java:211)
	at org.openqa.selenium.remote.http.Filter.lambda$andFinally$1(Filter.java:55)
	at org.openqa.selenium.devtools.idealized.Network.lambda$prepareToInterceptTraffic$4(Network.java:226)
	at org.openqa.selenium.devtools.Connection.lambda$handle$4(Connection.java:321)
	at java.base/java.util.stream.ForEachOps$ForEachOp$OfRef.accept(ForEachOps.java:183)
	at java.base/java.util.stream.ReferencePipeline$2$1.accept(ReferencePipeline.java:177)
	at java.base/java.util.stream.ReferencePipeline$11$1.accept(ReferencePipeline.java:442)
	at java.base/java.util.HashMap$KeySpliterator.forEachRemaining(HashMap.java:1621)
	at java.base/java.util.stream.AbstractPipeline.copyInto(AbstractPipeline.java:484)
	at java.base/java.util.stream.AbstractPipeline.wrapAndCopyInto(AbstractPipeline.java:474)
	at java.base/java.util.stream.ForEachOps$ForEachOp.evaluateSequential(ForEachOps.java:150)
	at java.base/java.util.stream.ForEachOps$ForEachOp$OfRef.evaluateSequential(ForEachOps.java:173)
	at java.base/java.util.stream.AbstractPipeline.evaluate(AbstractPipeline.java:234)
	at java.base/java.util.stream.ReferencePipeline.forEach(ReferencePipeline.java:497)
	at org.openqa.selenium.devtools.Connection.handle(Connection.java:287)
	at org.openqa.selenium.devtools.Connection.access$200(Connection.java:57)
	at org.openqa.selenium.devtools.Connection$Listener.lambda$onText$0(Connection.java:224)
	... 3 more
Caused by: org.openqa.selenium.WebDriverException: {"id":2034,"error":{"code":-32602,"message":"Invalid InterceptionId."},"sessionId":"69DE6D1A85B5D627489871F60443E14A"}
Build info: version: '4.11.0', revision: '040bc5406b'
System info: os.name: 'Windows 10', os.arch: 'amd64', os.version: '10.0', java.version: '11.0.18'
Driver info: driver.version: unknown
	at org.openqa.selenium.devtools.Connection.handle(Connection.java:260)
	... 5 more
авг. 16, 2023 4:22:37 PM org.openqa.selenium.devtools.Connection$Listener lambda$onText$0
WARNING: Unable to process: {"method":"Fetch.requestPaused","params":{"requestId":"interception-job-332.0","request":{"url":"http://localhost:8080/static/css/main.8978894b.chunk.css","method":"GET","headers":{"Accept":"text/css,*/*;q=0.1","Referer":"http://localhost:8080/","User-Agent":"Mozilla/5.0 (Windows NT 10.0; Win64; x64) AppleWebKit/537.36 (KHTML, like Gecko) Chrome/116.0.0.0 Safari/537.36","sec-ch-ua":"\"Chromium\";v=\"116\", \"Not)A;Brand\";v=\"24\", \"Google Chrome\";v=\"116\"","sec-ch-ua-mobile":"?0","sec-ch-ua-platform":"\"Windows\""},"initialPriority":"VeryHigh","referrerPolicy":"unsafe-url"},"frameId":"D165F02B89151667DFD1BF49856829E7","resourceType":"Stylesheet","responseStatusCode":200,"responseStatusText":"","responseHeaders":[{"name":"Vary","value":"Origin"},{"name":"Vary","value":"Access-Control-Request-Method"},{"name":"Vary","value":"Access-Control-Request-Headers"},{"name":"Last-Modified","value":"Thu, 03 Aug 2023 10:18:16 GMT"},{"name":"Accept-Ranges","value":"bytes"},{"name":"Content-Type","value":"text/css"},{"name":"Content-Length","value":"700"},{"name":"Date","value":"Wed, 16 Aug 2023 13:20:22 GMT"}]},"sessionId":"69DE6D1A85B5D627489871F60443E14A"}
org.openqa.selenium.devtools.DevToolsException: {"id":2045,"error":{"code":-32602,"message":"Invalid InterceptionId."},"sessionId":"69DE6D1A85B5D627489871F60443E14A"}
Build info: version: '4.11.0', revision: '040bc5406b'
System info: os.name: 'Windows 10', os.arch: 'amd64', os.version: '10.0', java.version: '11.0.18'
Driver info: driver.version: unknown
	at org.openqa.selenium.devtools.Connection.sendAndWait(Connection.java:181)
	at org.openqa.selenium.devtools.DevTools.send(DevTools.java:81)
	at org.openqa.selenium.devtools.idealized.Network.lambda$prepareToInterceptTraffic$4(Network.java:194)
	at org.openqa.selenium.devtools.Connection.lambda$handle$4(Connection.java:321)
	at java.base/java.util.stream.ForEachOps$ForEachOp$OfRef.accept(ForEachOps.java:183)
	at java.base/java.util.stream.ReferencePipeline$2$1.accept(ReferencePipeline.java:177)
	at java.base/java.util.stream.ReferencePipeline$11$1.accept(ReferencePipeline.java:442)
	at java.base/java.util.HashMap$KeySpliterator.forEachRemaining(HashMap.java:1621)
	at java.base/java.util.stream.AbstractPipeline.copyInto(AbstractPipeline.java:484)
	at java.base/java.util.stream.AbstractPipeline.wrapAndCopyInto(AbstractPipeline.java:474)
	at java.base/java.util.stream.ForEachOps$ForEachOp.evaluateSequential(ForEachOps.java:150)
	at java.base/java.util.stream.ForEachOps$ForEachOp$OfRef.evaluateSequential(ForEachOps.java:173)
	at java.base/java.util.stream.AbstractPipeline.evaluate(AbstractPipeline.java:234)
	at java.base/java.util.stream.ReferencePipeline.forEach(ReferencePipeline.java:497)
	at org.openqa.selenium.devtools.Connection.handle(Connection.java:287)
	at org.openqa.selenium.devtools.Connection.access$200(Connection.java:57)
	at org.openqa.selenium.devtools.Connection$Listener.lambda$onText$0(Connection.java:224)
	at java.base/java.util.concurrent.ThreadPoolExecutor.runWorker(ThreadPoolExecutor.java:1128)
	at java.base/java.util.concurrent.ThreadPoolExecutor$Worker.run(ThreadPoolExecutor.java:628)
	at java.base/java.lang.Thread.run(Thread.java:829)
Caused by: org.openqa.selenium.WebDriverException: {"id":2045,"error":{"code":-32602,"message":"Invalid InterceptionId."},"sessionId":"69DE6D1A85B5D627489871F60443E14A"}
Build info: version: '4.11.0', revision: '040bc5406b'
System info: os.name: 'Windows 10', os.arch: 'amd64', os.version: '10.0', java.version: '11.0.18'
Driver info: driver.version: unknown
	at org.openqa.selenium.devtools.Connection.handle(Connection.java:260)
	... 5 more

Exception in thread "CDP Connection" org.openqa.selenium.devtools.DevToolsException: {"id":2045,"error":{"code":-32602,"message":"Invalid InterceptionId."},"sessionId":"69DE6D1A85B5D627489871F60443E14A"}
Build info: version: '4.11.0', revision: '040bc5406b'
System info: os.name: 'Windows 10', os.arch: 'amd64', os.version: '10.0', java.version: '11.0.18'
Driver info: driver.version: unknown
	at org.openqa.selenium.devtools.Connection$Listener.lambda$onText$0(Connection.java:227)
	at java.base/java.util.concurrent.ThreadPoolExecutor.runWorker(ThreadPoolExecutor.java:1128)
	at java.base/java.util.concurrent.ThreadPoolExecutor$Worker.run(ThreadPoolExecutor.java:628)
	at java.base/java.lang.Thread.run(Thread.java:829)
Caused by: org.openqa.selenium.devtools.DevToolsException: {"id":2045,"error":{"code":-32602,"message":"Invalid InterceptionId."},"sessionId":"69DE6D1A85B5D627489871F60443E14A"}
Build info: version: '4.11.0', revision: '040bc5406b'
System info: os.name: 'Windows 10', os.arch: 'amd64', os.version: '10.0', java.version: '11.0.18'
Driver info: driver.version: unknown
	at org.openqa.selenium.devtools.Connection.sendAndWait(Connection.java:181)
	at org.openqa.selenium.devtools.DevTools.send(DevTools.java:81)
	at org.openqa.selenium.devtools.idealized.Network.lambda$prepareToInterceptTraffic$4(Network.java:194)
	at org.openqa.selenium.devtools.Connection.lambda$handle$4(Connection.java:321)
	at java.base/java.util.stream.ForEachOps$ForEachOp$OfRef.accept(ForEachOps.java:183)
	at java.base/java.util.stream.ReferencePipeline$2$1.accept(ReferencePipeline.java:177)
	at java.base/java.util.stream.ReferencePipeline$11$1.accept(ReferencePipeline.java:442)
	at java.base/java.util.HashMap$KeySpliterator.forEachRemaining(HashMap.java:1621)
	at java.base/java.util.stream.AbstractPipeline.copyInto(AbstractPipeline.java:484)
	at java.base/java.util.stream.AbstractPipeline.wrapAndCopyInto(AbstractPipeline.java:474)
	at java.base/java.util.stream.ForEachOps$ForEachOp.evaluateSequential(ForEachOps.java:150)
	at java.base/java.util.stream.ForEachOps$ForEachOp$OfRef.evaluateSequential(ForEachOps.java:173)
	at java.base/java.util.stream.AbstractPipeline.evaluate(AbstractPipeline.java:234)
	at java.base/java.util.stream.ReferencePipeline.forEach(ReferencePipeline.java:497)
	at org.openqa.selenium.devtools.Connection.handle(Connection.java:287)
	at org.openqa.selenium.devtools.Connection.access$200(Connection.java:57)
	at org.openqa.selenium.devtools.Connection$Listener.lambda$onText$0(Connection.java:224)
	... 3 more
Caused by: org.openqa.selenium.WebDriverException: {"id":2045,"error":{"code":-32602,"message":"Invalid InterceptionId."},"sessionId":"69DE6D1A85B5D627489871F60443E14A"}
Build info: version: '4.11.0', revision: '040bc5406b'
System info: os.name: 'Windows 10', os.arch: 'amd64', os.version: '10.0', java.version: '11.0.18'
Driver info: driver.version: unknown
	at org.openqa.selenium.devtools.Connection.handle(Connection.java:260)
	... 5 more
авг. 16, 2023 4:22:37 PM org.openqa.selenium.devtools.Connection$Listener lambda$onText$0
WARNING: Unable to process: {"method":"Fetch.requestPaused","params":{"requestId":"interception-job-332.0","request":{"url":"http://localhost:8080/static/css/main.8978894b.chunk.css","method":"GET","headers":{"Accept":"text/css,*/*;q=0.1","Referer":"http://localhost:8080/","User-Agent":"Mozilla/5.0 (Windows NT 10.0; Win64; x64) AppleWebKit/537.36 (KHTML, like Gecko) Chrome/116.0.0.0 Safari/537.36","sec-ch-ua":"\"Chromium\";v=\"116\", \"Not)A;Brand\";v=\"24\", \"Google Chrome\";v=\"116\"","sec-ch-ua-mobile":"?0","sec-ch-ua-platform":"\"Windows\""},"initialPriority":"VeryHigh","referrerPolicy":"strict-origin-when-cross-origin"},"frameId":"D165F02B89151667DFD1BF49856829E7","resourceType":"Stylesheet"},"sessionId":"69DE6D1A85B5D627489871F60443E14A"}
org.openqa.selenium.devtools.DevToolsException: {"id":2046,"error":{"code":-32602,"message":"Invalid InterceptionId."},"sessionId":"69DE6D1A85B5D627489871F60443E14A"}
Build info: version: '4.11.0', revision: '040bc5406b'
System info: os.name: 'Windows 10', os.arch: 'amd64', os.version: '10.0', java.version: '11.0.18'
Driver info: driver.version: unknown
	at org.openqa.selenium.devtools.Connection.sendAndWait(Connection.java:181)
	at org.openqa.selenium.devtools.DevTools.send(DevTools.java:81)
	at org.openqa.selenium.devtools.idealized.Network.lambda$prepareToInterceptTraffic$3(Network.java:211)
	at org.openqa.selenium.remote.http.Filter.lambda$andFinally$1(Filter.java:55)
	at org.openqa.selenium.devtools.idealized.Network.lambda$prepareToInterceptTraffic$4(Network.java:226)
	at org.openqa.selenium.devtools.Connection.lambda$handle$4(Connection.java:321)
	at java.base/java.util.stream.ForEachOps$ForEachOp$OfRef.accept(ForEachOps.java:183)
	at java.base/java.util.stream.ReferencePipeline$2$1.accept(ReferencePipeline.java:177)
	at java.base/java.util.stream.ReferencePipeline$11$1.accept(ReferencePipeline.java:442)
	at java.base/java.util.HashMap$KeySpliterator.forEachRemaining(HashMap.java:1621)
	at java.base/java.util.stream.AbstractPipeline.copyInto(AbstractPipeline.java:484)
	at java.base/java.util.stream.AbstractPipeline.wrapAndCopyInto(AbstractPipeline.java:474)
	at java.base/java.util.stream.ForEachOps$ForEachOp.evaluateSequential(ForEachOps.java:150)
	at java.base/java.util.stream.ForEachOps$ForEachOp$OfRef.evaluateSequential(ForEachOps.java:173)
	at java.base/java.util.stream.AbstractPipeline.evaluate(AbstractPipeline.java:234)
	at java.base/java.util.stream.ReferencePipeline.forEach(ReferencePipeline.java:497)
	at org.openqa.selenium.devtools.Connection.handle(Connection.java:287)
	at org.openqa.selenium.devtools.Connection.access$200(Connection.java:57)
	at org.openqa.selenium.devtools.Connection$Listener.lambda$onText$0(Connection.java:224)
	at java.base/java.util.concurrent.ThreadPoolExecutor.runWorker(ThreadPoolExecutor.java:1128)
	at java.base/java.util.concurrent.ThreadPoolExecutor$Worker.run(ThreadPoolExecutor.java:628)
	at java.base/java.lang.Thread.run(Thread.java:829)
Caused by: org.openqa.selenium.WebDriverException: {"id":2046,"error":{"code":-32602,"message":"Invalid InterceptionId."},"sessionId":"69DE6D1A85B5D627489871F60443E14A"}
Build info: version: '4.11.0', revision: '040bc5406b'
System info: os.name: 'Windows 10', os.arch: 'amd64', os.version: '10.0', java.version: '11.0.18'
Driver info: driver.version: unknown
	at org.openqa.selenium.devtools.Connection.handle(Connection.java:260)
	... 5 more

Exception in thread "CDP Connection" org.openqa.selenium.devtools.DevToolsException: {"id":2046,"error":{"code":-32602,"message":"Invalid InterceptionId."},"sessionId":"69DE6D1A85B5D627489871F60443E14A"}
Build info: version: '4.11.0', revision: '040bc5406b'
System info: os.name: 'Windows 10', os.arch: 'amd64', os.version: '10.0', java.version: '11.0.18'
Driver info: driver.version: unknown
	at org.openqa.selenium.devtools.Connection$Listener.lambda$onText$0(Connection.java:227)
	at java.base/java.util.concurrent.ThreadPoolExecutor.runWorker(ThreadPoolExecutor.java:1128)
	at java.base/java.util.concurrent.ThreadPoolExecutor$Worker.run(ThreadPoolExecutor.java:628)
	at java.base/java.lang.Thread.run(Thread.java:829)
Caused by: org.openqa.selenium.devtools.DevToolsException: {"id":2046,"error":{"code":-32602,"message":"Invalid InterceptionId."},"sessionId":"69DE6D1A85B5D627489871F60443E14A"}
Build info: version: '4.11.0', revision: '040bc5406b'
System info: os.name: 'Windows 10', os.arch: 'amd64', os.version: '10.0', java.version: '11.0.18'
Driver info: driver.version: unknown
	at org.openqa.selenium.devtools.Connection.sendAndWait(Connection.java:181)
	at org.openqa.selenium.devtools.DevTools.send(DevTools.java:81)
	at org.openqa.selenium.devtools.idealized.Network.lambda$prepareToInterceptTraffic$3(Network.java:211)
	at org.openqa.selenium.remote.http.Filter.lambda$andFinally$1(Filter.java:55)
	at org.openqa.selenium.devtools.idealized.Network.lambda$prepareToInterceptTraffic$4(Network.java:226)
	at org.openqa.selenium.devtools.Connection.lambda$handle$4(Connection.java:321)
	at java.base/java.util.stream.ForEachOps$ForEachOp$OfRef.accept(ForEachOps.java:183)
	at java.base/java.util.stream.ReferencePipeline$2$1.accept(ReferencePipeline.java:177)
	at java.base/java.util.stream.ReferencePipeline$11$1.accept(ReferencePipeline.java:442)
	at java.base/java.util.HashMap$KeySpliterator.forEachRemaining(HashMap.java:1621)
	at java.base/java.util.stream.AbstractPipeline.copyInto(AbstractPipeline.java:484)
	at java.base/java.util.stream.AbstractPipeline.wrapAndCopyInto(AbstractPipeline.java:474)
	at java.base/java.util.stream.ForEachOps$ForEachOp.evaluateSequential(ForEachOps.java:150)
	at java.base/java.util.stream.ForEachOps$ForEachOp$OfRef.evaluateSequential(ForEachOps.java:173)
	at java.base/java.util.stream.AbstractPipeline.evaluate(AbstractPipeline.java:234)
	at java.base/java.util.stream.ReferencePipeline.forEach(ReferencePipeline.java:497)
	at org.openqa.selenium.devtools.Connection.handle(Connection.java:287)
	at org.openqa.selenium.devtools.Connection.access$200(Connection.java:57)
	at org.openqa.selenium.devtools.Connection$Listener.lambda$onText$0(Connection.java:224)
	... 3 more
Caused by: org.openqa.selenium.WebDriverException: {"id":2046,"error":{"code":-32602,"message":"Invalid InterceptionId."},"sessionId":"69DE6D1A85B5D627489871F60443E14A"}
Build info: version: '4.11.0', revision: '040bc5406b'
System info: os.name: 'Windows 10', os.arch: 'amd64', os.version: '10.0', java.version: '11.0.18'
Driver info: driver.version: unknown
	at org.openqa.selenium.devtools.Connection.handle(Connection.java:260)
	... 5 more
авг. 16, 2023 4:22:37 PM org.openqa.selenium.devtools.Connection$Listener lambda$onText$0
WARNING: Unable to process: {"method":"Fetch.requestPaused","params":{"requestId":"interception-job-334.0","request":{"url":"http://localhost:8080/static/js/main.aab190f3.chunk.js","method":"GET","headers":{"Accept":"*/*","Referer":"http://localhost:8080/","User-Agent":"Mozilla/5.0 (Windows NT 10.0; Win64; x64) AppleWebKit/537.36 (KHTML, like Gecko) Chrome/116.0.0.0 Safari/537.36","sec-ch-ua":"\"Chromium\";v=\"116\", \"Not)A;Brand\";v=\"24\", \"Google Chrome\";v=\"116\"","sec-ch-ua-mobile":"?0","sec-ch-ua-platform":"\"Windows\""},"initialPriority":"High","referrerPolicy":"unsafe-url"},"frameId":"D165F02B89151667DFD1BF49856829E7","resourceType":"Script","responseStatusCode":200,"responseStatusText":"","responseHeaders":[{"name":"Vary","value":"Origin"},{"name":"Vary","value":"Access-Control-Request-Method"},{"name":"Vary","value":"Access-Control-Request-Headers"},{"name":"Last-Modified","value":"Thu, 03 Aug 2023 10:18:16 GMT"},{"name":"Accept-Ranges","value":"bytes"},{"name":"Content-Type","value":"application/javascript"},{"name":"Content-Length","value":"9137"},{"name":"Date","value":"Wed, 16 Aug 2023 13:20:22 GMT"}]},"sessionId":"69DE6D1A85B5D627489871F60443E14A"}
org.openqa.selenium.devtools.DevToolsException: {"id":2049,"error":{"code":-32602,"message":"Invalid InterceptionId."},"sessionId":"69DE6D1A85B5D627489871F60443E14A"}
Build info: version: '4.11.0', revision: '040bc5406b'
System info: os.name: 'Windows 10', os.arch: 'amd64', os.version: '10.0', java.version: '11.0.18'
Driver info: driver.version: unknown
	at org.openqa.selenium.devtools.Connection.sendAndWait(Connection.java:181)
	at org.openqa.selenium.devtools.DevTools.send(DevTools.java:81)
	at org.openqa.selenium.devtools.idealized.Network.lambda$prepareToInterceptTraffic$4(Network.java:194)
	at org.openqa.selenium.devtools.Connection.lambda$handle$4(Connection.java:321)
	at java.base/java.util.stream.ForEachOps$ForEachOp$OfRef.accept(ForEachOps.java:183)
	at java.base/java.util.stream.ReferencePipeline$2$1.accept(ReferencePipeline.java:177)
	at java.base/java.util.stream.ReferencePipeline$11$1.accept(ReferencePipeline.java:442)
	at java.base/java.util.HashMap$KeySpliterator.forEachRemaining(HashMap.java:1621)
	at java.base/java.util.stream.AbstractPipeline.copyInto(AbstractPipeline.java:484)
	at java.base/java.util.stream.AbstractPipeline.wrapAndCopyInto(AbstractPipeline.java:474)
	at java.base/java.util.stream.ForEachOps$ForEachOp.evaluateSequential(ForEachOps.java:150)
	at java.base/java.util.stream.ForEachOps$ForEachOp$OfRef.evaluateSequential(ForEachOps.java:173)
	at java.base/java.util.stream.AbstractPipeline.evaluate(AbstractPipeline.java:234)
	at java.base/java.util.stream.ReferencePipeline.forEach(ReferencePipeline.java:497)
	at org.openqa.selenium.devtools.Connection.handle(Connection.java:287)
	at org.openqa.selenium.devtools.Connection.access$200(Connection.java:57)
	at org.openqa.selenium.devtools.Connection$Listener.lambda$onText$0(Connection.java:224)
	at java.base/java.util.concurrent.ThreadPoolExecutor.runWorker(ThreadPoolExecutor.java:1128)
	at java.base/java.util.concurrent.ThreadPoolExecutor$Worker.run(ThreadPoolExecutor.java:628)
	at java.base/java.lang.Thread.run(Thread.java:829)
Caused by: org.openqa.selenium.WebDriverException: {"id":2049,"error":{"code":-32602,"message":"Invalid InterceptionId."},"sessionId":"69DE6D1A85B5D627489871F60443E14A"}
Build info: version: '4.11.0', revision: '040bc5406b'
System info: os.name: 'Windows 10', os.arch: 'amd64', os.version: '10.0', java.version: '11.0.18'
Driver info: driver.version: unknown
	at org.openqa.selenium.devtools.Connection.handle(Connection.java:260)
	... 5 more

Exception in thread "CDP Connection" org.openqa.selenium.devtools.DevToolsException: {"id":2049,"error":{"code":-32602,"message":"Invalid InterceptionId."},"sessionId":"69DE6D1A85B5D627489871F60443E14A"}
Build info: version: '4.11.0', revision: '040bc5406b'
System info: os.name: 'Windows 10', os.arch: 'amd64', os.version: '10.0', java.version: '11.0.18'
Driver info: driver.version: unknown
	at org.openqa.selenium.devtools.Connection$Listener.lambda$onText$0(Connection.java:227)
	at java.base/java.util.concurrent.ThreadPoolExecutor.runWorker(ThreadPoolExecutor.java:1128)
	at java.base/java.util.concurrent.ThreadPoolExecutor$Worker.run(ThreadPoolExecutor.java:628)
	at java.base/java.lang.Thread.run(Thread.java:829)
Caused by: org.openqa.selenium.devtools.DevToolsException: {"id":2049,"error":{"code":-32602,"message":"Invalid InterceptionId."},"sessionId":"69DE6D1A85B5D627489871F60443E14A"}
Build info: version: '4.11.0', revision: '040bc5406b'
System info: os.name: 'Windows 10', os.arch: 'amd64', os.version: '10.0', java.version: '11.0.18'
Driver info: driver.version: unknown
	at org.openqa.selenium.devtools.Connection.sendAndWait(Connection.java:181)
	at org.openqa.selenium.devtools.DevTools.send(DevTools.java:81)
	at org.openqa.selenium.devtools.idealized.Network.lambda$prepareToInterceptTraffic$4(Network.java:194)
	at org.openqa.selenium.devtools.Connection.lambda$handle$4(Connection.java:321)
	at java.base/java.util.stream.ForEachOps$ForEachOp$OfRef.accept(ForEachOps.java:183)
	at java.base/java.util.stream.ReferencePipeline$2$1.accept(ReferencePipeline.java:177)
	at java.base/java.util.stream.ReferencePipeline$11$1.accept(ReferencePipeline.java:442)
	at java.base/java.util.HashMap$KeySpliterator.forEachRemaining(HashMap.java:1621)
	at java.base/java.util.stream.AbstractPipeline.copyInto(AbstractPipeline.java:484)
	at java.base/java.util.stream.AbstractPipeline.wrapAndCopyInto(AbstractPipeline.java:474)
	at java.base/java.util.stream.ForEachOps$ForEachOp.evaluateSequential(ForEachOps.java:150)
	at java.base/java.util.stream.ForEachOps$ForEachOp$OfRef.evaluateSequential(ForEachOps.java:173)
	at java.base/java.util.stream.AbstractPipeline.evaluate(AbstractPipeline.java:234)
	at java.base/java.util.stream.ReferencePipeline.forEach(ReferencePipeline.java:497)
	at org.openqa.selenium.devtools.Connection.handle(Connection.java:287)
	at org.openqa.selenium.devtools.Connection.access$200(Connection.java:57)
	at org.openqa.selenium.devtools.Connection$Listener.lambda$onText$0(Connection.java:224)
	... 3 more
Caused by: org.openqa.selenium.WebDriverException: {"id":2049,"error":{"code":-32602,"message":"Invalid InterceptionId."},"sessionId":"69DE6D1A85B5D627489871F60443E14A"}
Build info: version: '4.11.0', revision: '040bc5406b'
System info: os.name: 'Windows 10', os.arch: 'amd64', os.version: '10.0', java.version: '11.0.18'
Driver info: driver.version: unknown
	at org.openqa.selenium.devtools.Connection.handle(Connection.java:260)
	... 5 more
авг. 16, 2023 4:22:37 PM org.openqa.selenium.devtools.Connection$Listener lambda$onText$0
WARNING: Unable to process: {"method":"Fetch.requestPaused","params":{"requestId":"interception-job-334.0","request":{"url":"http://localhost:8080/static/js/main.aab190f3.chunk.js","method":"GET","headers":{"Accept":"*/*","Referer":"http://localhost:8080/","User-Agent":"Mozilla/5.0 (Windows NT 10.0; Win64; x64) AppleWebKit/537.36 (KHTML, like Gecko) Chrome/116.0.0.0 Safari/537.36","sec-ch-ua":"\"Chromium\";v=\"116\", \"Not)A;Brand\";v=\"24\", \"Google Chrome\";v=\"116\"","sec-ch-ua-mobile":"?0","sec-ch-ua-platform":"\"Windows\""},"initialPriority":"High","referrerPolicy":"strict-origin-when-cross-origin"},"frameId":"D165F02B89151667DFD1BF49856829E7","resourceType":"Script"},"sessionId":"69DE6D1A85B5D627489871F60443E14A"}
org.openqa.selenium.devtools.DevToolsException: {"id":2050,"error":{"code":-32602,"message":"Invalid InterceptionId."},"sessionId":"69DE6D1A85B5D627489871F60443E14A"}
Build info: version: '4.11.0', revision: '040bc5406b'
System info: os.name: 'Windows 10', os.arch: 'amd64', os.version: '10.0', java.version: '11.0.18'
Driver info: driver.version: unknown
	at org.openqa.selenium.devtools.Connection.sendAndWait(Connection.java:181)
	at org.openqa.selenium.devtools.DevTools.send(DevTools.java:81)
	at org.openqa.selenium.devtools.idealized.Network.lambda$prepareToInterceptTraffic$3(Network.java:211)
	at org.openqa.selenium.remote.http.Filter.lambda$andFinally$1(Filter.java:55)
	at org.openqa.selenium.devtools.idealized.Network.lambda$prepareToInterceptTraffic$4(Network.java:226)
	at org.openqa.selenium.devtools.Connection.lambda$handle$4(Connection.java:321)
	at java.base/java.util.stream.ForEachOps$ForEachOp$OfRef.accept(ForEachOps.java:183)
	at java.base/java.util.stream.ReferencePipeline$2$1.accept(ReferencePipeline.java:177)
	at java.base/java.util.stream.ReferencePipeline$11$1.accept(ReferencePipeline.java:442)
	at java.base/java.util.HashMap$KeySpliterator.forEachRemaining(HashMap.java:1621)
	at java.base/java.util.stream.AbstractPipeline.copyInto(AbstractPipeline.java:484)
	at java.base/java.util.stream.AbstractPipeline.wrapAndCopyInto(AbstractPipeline.java:474)
	at java.base/java.util.stream.ForEachOps$ForEachOp.evaluateSequential(ForEachOps.java:150)
	at java.base/java.util.stream.ForEachOps$ForEachOp$OfRef.evaluateSequential(ForEachOps.java:173)
	at java.base/java.util.stream.AbstractPipeline.evaluate(AbstractPipeline.java:234)
	at java.base/java.util.stream.ReferencePipeline.forEach(ReferencePipeline.java:497)
	at org.openqa.selenium.devtools.Connection.handle(Connection.java:287)
	at org.openqa.selenium.devtools.Connection.access$200(Connection.java:57)
	at org.openqa.selenium.devtools.Connection$Listener.lambda$onText$0(Connection.java:224)
	at java.base/java.util.concurrent.ThreadPoolExecutor.runWorker(ThreadPoolExecutor.java:1128)
	at java.base/java.util.concurrent.ThreadPoolExecutor$Worker.run(ThreadPoolExecutor.java:628)
	at java.base/java.lang.Thread.run(Thread.java:829)
Caused by: org.openqa.selenium.WebDriverException: {"id":2050,"error":{"code":-32602,"message":"Invalid InterceptionId."},"sessionId":"69DE6D1A85B5D627489871F60443E14A"}
Build info: version: '4.11.0', revision: '040bc5406b'
System info: os.name: 'Windows 10', os.arch: 'amd64', os.version: '10.0', java.version: '11.0.18'
Driver info: driver.version: unknown
	at org.openqa.selenium.devtools.Connection.handle(Connection.java:260)
	... 5 more

Exception in thread "CDP Connection" org.openqa.selenium.devtools.DevToolsException: {"id":2050,"error":{"code":-32602,"message":"Invalid InterceptionId."},"sessionId":"69DE6D1A85B5D627489871F60443E14A"}
Build info: version: '4.11.0', revision: '040bc5406b'
System info: os.name: 'Windows 10', os.arch: 'amd64', os.version: '10.0', java.version: '11.0.18'
Driver info: driver.version: unknown
	at org.openqa.selenium.devtools.Connection$Listener.lambda$onText$0(Connection.java:227)
	at java.base/java.util.concurrent.ThreadPoolExecutor.runWorker(ThreadPoolExecutor.java:1128)
	at java.base/java.util.concurrent.ThreadPoolExecutor$Worker.run(ThreadPoolExecutor.java:628)
	at java.base/java.lang.Thread.run(Thread.java:829)
Caused by: org.openqa.selenium.devtools.DevToolsException: {"id":2050,"error":{"code":-32602,"message":"Invalid InterceptionId."},"sessionId":"69DE6D1A85B5D627489871F60443E14A"}
Build info: version: '4.11.0', revision: '040bc5406b'
System info: os.name: 'Windows 10', os.arch: 'amd64', os.version: '10.0', java.version: '11.0.18'
Driver info: driver.version: unknown
	at org.openqa.selenium.devtools.Connection.sendAndWait(Connection.java:181)
	at org.openqa.selenium.devtools.DevTools.send(DevTools.java:81)
	at org.openqa.selenium.devtools.idealized.Network.lambda$prepareToInterceptTraffic$3(Network.java:211)
	at org.openqa.selenium.remote.http.Filter.lambda$andFinally$1(Filter.java:55)
	at org.openqa.selenium.devtools.idealized.Network.lambda$prepareToInterceptTraffic$4(Network.java:226)
	at org.openqa.selenium.devtools.Connection.lambda$handle$4(Connection.java:321)
	at java.base/java.util.stream.ForEachOps$ForEachOp$OfRef.accept(ForEachOps.java:183)
	at java.base/java.util.stream.ReferencePipeline$2$1.accept(ReferencePipeline.java:177)
	at java.base/java.util.stream.ReferencePipeline$11$1.accept(ReferencePipeline.java:442)
	at java.base/java.util.HashMap$KeySpliterator.forEachRemaining(HashMap.java:1621)
	at java.base/java.util.stream.AbstractPipeline.copyInto(AbstractPipeline.java:484)
	at java.base/java.util.stream.AbstractPipeline.wrapAndCopyInto(AbstractPipeline.java:474)
	at java.base/java.util.stream.ForEachOps$ForEachOp.evaluateSequential(ForEachOps.java:150)
	at java.base/java.util.stream.ForEachOps$ForEachOp$OfRef.evaluateSequential(ForEachOps.java:173)
	at java.base/java.util.stream.AbstractPipeline.evaluate(AbstractPipeline.java:234)
	at java.base/java.util.stream.ReferencePipeline.forEach(ReferencePipeline.java:497)
	at org.openqa.selenium.devtools.Connection.handle(Connection.java:287)
	at org.openqa.selenium.devtools.Connection.access$200(Connection.java:57)
	at org.openqa.selenium.devtools.Connection$Listener.lambda$onText$0(Connection.java:224)
	... 3 more
Caused by: org.openqa.selenium.WebDriverException: {"id":2050,"error":{"code":-32602,"message":"Invalid InterceptionId."},"sessionId":"69DE6D1A85B5D627489871F60443E14A"}
Build info: version: '4.11.0', revision: '040bc5406b'
System info: os.name: 'Windows 10', os.arch: 'amd64', os.version: '10.0', java.version: '11.0.18'
Driver info: driver.version: unknown
	at org.openqa.selenium.devtools.Connection.handle(Connection.java:260)
	... 5 more
авг. 16, 2023 4:22:37 PM org.openqa.selenium.devtools.Connection$Listener lambda$onText$0
WARNING: Unable to process: {"method":"Fetch.requestPaused","params":{"requestId":"interception-job-331.0","request":{"url":"http://localhost:8080/static/css/2.7d875902.chunk.css","method":"GET","headers":{"Accept":"text/css,*/*;q=0.1","Referer":"http://localhost:8080/","User-Agent":"Mozilla/5.0 (Windows NT 10.0; Win64; x64) AppleWebKit/537.36 (KHTML, like Gecko) Chrome/116.0.0.0 Safari/537.36","sec-ch-ua":"\"Chromium\";v=\"116\", \"Not)A;Brand\";v=\"24\", \"Google Chrome\";v=\"116\"","sec-ch-ua-mobile":"?0","sec-ch-ua-platform":"\"Windows\""},"initialPriority":"VeryHigh","referrerPolicy":"unsafe-url"},"frameId":"D165F02B89151667DFD1BF49856829E7","resourceType":"Stylesheet","responseStatusCode":200,"responseStatusText":"","responseHeaders":[{"name":"Vary","value":"Origin"},{"name":"Vary","value":"Access-Control-Request-Method"},{"name":"Vary","value":"Access-Control-Request-Headers"},{"name":"Last-Modified","value":"Thu, 03 Aug 2023 10:18:16 GMT"},{"name":"Accept-Ranges","value":"bytes"},{"name":"Content-Type","value":"text/css"},{"name":"Content-Length","value":"87563"},{"name":"Date","value":"Wed, 16 Aug 2023 13:20:22 GMT"}]},"sessionId":"69DE6D1A85B5D627489871F60443E14A"}
org.openqa.selenium.devtools.DevToolsException: {"id":2053,"error":{"code":-32602,"message":"Invalid InterceptionId."},"sessionId":"69DE6D1A85B5D627489871F60443E14A"}
Build info: version: '4.11.0', revision: '040bc5406b'
System info: os.name: 'Windows 10', os.arch: 'amd64', os.version: '10.0', java.version: '11.0.18'
Driver info: driver.version: unknown
	at org.openqa.selenium.devtools.Connection.sendAndWait(Connection.java:181)
	at org.openqa.selenium.devtools.DevTools.send(DevTools.java:81)
	at org.openqa.selenium.devtools.idealized.Network.lambda$prepareToInterceptTraffic$4(Network.java:194)
	at org.openqa.selenium.devtools.Connection.lambda$handle$4(Connection.java:321)
	at java.base/java.util.stream.ForEachOps$ForEachOp$OfRef.accept(ForEachOps.java:183)
	at java.base/java.util.stream.ReferencePipeline$2$1.accept(ReferencePipeline.java:177)
	at java.base/java.util.stream.ReferencePipeline$11$1.accept(ReferencePipeline.java:442)
	at java.base/java.util.HashMap$KeySpliterator.forEachRemaining(HashMap.java:1621)
	at java.base/java.util.stream.AbstractPipeline.copyInto(AbstractPipeline.java:484)
	at java.base/java.util.stream.AbstractPipeline.wrapAndCopyInto(AbstractPipeline.java:474)
	at java.base/java.util.stream.ForEachOps$ForEachOp.evaluateSequential(ForEachOps.java:150)
	at java.base/java.util.stream.ForEachOps$ForEachOp$OfRef.evaluateSequential(ForEachOps.java:173)
	at java.base/java.util.stream.AbstractPipeline.evaluate(AbstractPipeline.java:234)
	at java.base/java.util.stream.ReferencePipeline.forEach(ReferencePipeline.java:497)
	at org.openqa.selenium.devtools.Connection.handle(Connection.java:287)
	at org.openqa.selenium.devtools.Connection.access$200(Connection.java:57)
	at org.openqa.selenium.devtools.Connection$Listener.lambda$onText$0(Connection.java:224)
	at java.base/java.util.concurrent.ThreadPoolExecutor.runWorker(ThreadPoolExecutor.java:1128)
	at java.base/java.util.concurrent.ThreadPoolExecutor$Worker.run(ThreadPoolExecutor.java:628)
	at java.base/java.lang.Thread.run(Thread.java:829)
Caused by: org.openqa.selenium.WebDriverException: {"id":2053,"error":{"code":-32602,"message":"Invalid InterceptionId."},"sessionId":"69DE6D1A85B5D627489871F60443E14A"}
Build info: version: '4.11.0', revision: '040bc5406b'
System info: os.name: 'Windows 10', os.arch: 'amd64', os.version: '10.0', java.version: '11.0.18'
Driver info: driver.version: unknown
	at org.openqa.selenium.devtools.Connection.handle(Connection.java:260)
	... 5 more

Exception in thread "CDP Connection" org.openqa.selenium.devtools.DevToolsException: {"id":2053,"error":{"code":-32602,"message":"Invalid InterceptionId."},"sessionId":"69DE6D1A85B5D627489871F60443E14A"}
Build info: version: '4.11.0', revision: '040bc5406b'
System info: os.name: 'Windows 10', os.arch: 'amd64', os.version: '10.0', java.version: '11.0.18'
Driver info: driver.version: unknown
	at org.openqa.selenium.devtools.Connection$Listener.lambda$onText$0(Connection.java:227)
	at java.base/java.util.concurrent.ThreadPoolExecutor.runWorker(ThreadPoolExecutor.java:1128)
	at java.base/java.util.concurrent.ThreadPoolExecutor$Worker.run(ThreadPoolExecutor.java:628)
	at java.base/java.lang.Thread.run(Thread.java:829)
Caused by: org.openqa.selenium.devtools.DevToolsException: {"id":2053,"error":{"code":-32602,"message":"Invalid InterceptionId."},"sessionId":"69DE6D1A85B5D627489871F60443E14A"}
Build info: version: '4.11.0', revision: '040bc5406b'
System info: os.name: 'Windows 10', os.arch: 'amd64', os.version: '10.0', java.version: '11.0.18'
Driver info: driver.version: unknown
	at org.openqa.selenium.devtools.Connection.sendAndWait(Connection.java:181)
	at org.openqa.selenium.devtools.DevTools.send(DevTools.java:81)
	at org.openqa.selenium.devtools.idealized.Network.lambda$prepareToInterceptTraffic$4(Network.java:194)
	at org.openqa.selenium.devtools.Connection.lambda$handle$4(Connection.java:321)
	at java.base/java.util.stream.ForEachOps$ForEachOp$OfRef.accept(ForEachOps.java:183)
	at java.base/java.util.stream.ReferencePipeline$2$1.accept(ReferencePipeline.java:177)
	at java.base/java.util.stream.ReferencePipeline$11$1.accept(ReferencePipeline.java:442)
	at java.base/java.util.HashMap$KeySpliterator.forEachRemaining(HashMap.java:1621)
	at java.base/java.util.stream.AbstractPipeline.copyInto(AbstractPipeline.java:484)
	at java.base/java.util.stream.AbstractPipeline.wrapAndCopyInto(AbstractPipeline.java:474)
	at java.base/java.util.stream.ForEachOps$ForEachOp.evaluateSequential(ForEachOps.java:150)
	at java.base/java.util.stream.ForEachOps$ForEachOp$OfRef.evaluateSequential(ForEachOps.java:173)
	at java.base/java.util.stream.AbstractPipeline.evaluate(AbstractPipeline.java:234)
	at java.base/java.util.stream.ReferencePipeline.forEach(ReferencePipeline.java:497)
	at org.openqa.selenium.devtools.Connection.handle(Connection.java:287)
	at org.openqa.selenium.devtools.Connection.access$200(Connection.java:57)
	at org.openqa.selenium.devtools.Connection$Listener.lambda$onText$0(Connection.java:224)
	... 3 more
Caused by: org.openqa.selenium.WebDriverException: {"id":2053,"error":{"code":-32602,"message":"Invalid InterceptionId."},"sessionId":"69DE6D1A85B5D627489871F60443E14A"}
Build info: version: '4.11.0', revision: '040bc5406b'
System info: os.name: 'Windows 10', os.arch: 'amd64', os.version: '10.0', java.version: '11.0.18'
Driver info: driver.version: unknown
	at org.openqa.selenium.devtools.Connection.handle(Connection.java:260)
	... 5 more
авг. 16, 2023 4:22:37 PM org.openqa.selenium.devtools.Connection$Listener lambda$onText$0
WARNING: Unable to process: {"method":"Fetch.requestPaused","params":{"requestId":"interception-job-331.0","request":{"url":"http://localhost:8080/static/css/2.7d875902.chunk.css","method":"GET","headers":{"Accept":"text/css,*/*;q=0.1","Referer":"http://localhost:8080/","User-Agent":"Mozilla/5.0 (Windows NT 10.0; Win64; x64) AppleWebKit/537.36 (KHTML, like Gecko) Chrome/116.0.0.0 Safari/537.36","sec-ch-ua":"\"Chromium\";v=\"116\", \"Not)A;Brand\";v=\"24\", \"Google Chrome\";v=\"116\"","sec-ch-ua-mobile":"?0","sec-ch-ua-platform":"\"Windows\""},"initialPriority":"VeryHigh","referrerPolicy":"strict-origin-when-cross-origin"},"frameId":"D165F02B89151667DFD1BF49856829E7","resourceType":"Stylesheet"},"sessionId":"69DE6D1A85B5D627489871F60443E14A"}
org.openqa.selenium.devtools.DevToolsException: {"id":2054,"error":{"code":-32602,"message":"Invalid InterceptionId."},"sessionId":"69DE6D1A85B5D627489871F60443E14A"}
Build info: version: '4.11.0', revision: '040bc5406b'
System info: os.name: 'Windows 10', os.arch: 'amd64', os.version: '10.0', java.version: '11.0.18'
Driver info: driver.version: unknown
	at org.openqa.selenium.devtools.Connection.sendAndWait(Connection.java:181)
	at org.openqa.selenium.devtools.DevTools.send(DevTools.java:81)
	at org.openqa.selenium.devtools.idealized.Network.lambda$prepareToInterceptTraffic$3(Network.java:211)
	at org.openqa.selenium.remote.http.Filter.lambda$andFinally$1(Filter.java:55)
	at org.openqa.selenium.devtools.idealized.Network.lambda$prepareToInterceptTraffic$4(Network.java:226)
	at org.openqa.selenium.devtools.Connection.lambda$handle$4(Connection.java:321)
	at java.base/java.util.stream.ForEachOps$ForEachOp$OfRef.accept(ForEachOps.java:183)
	at java.base/java.util.stream.ReferencePipeline$2$1.accept(ReferencePipeline.java:177)
	at java.base/java.util.stream.ReferencePipeline$11$1.accept(ReferencePipeline.java:442)
	at java.base/java.util.HashMap$KeySpliterator.forEachRemaining(HashMap.java:1621)
	at java.base/java.util.stream.AbstractPipeline.copyInto(AbstractPipeline.java:484)
	at java.base/java.util.stream.AbstractPipeline.wrapAndCopyInto(AbstractPipeline.java:474)
	at java.base/java.util.stream.ForEachOps$ForEachOp.evaluateSequential(ForEachOps.java:150)
	at java.base/java.util.stream.ForEachOps$ForEachOp$OfRef.evaluateSequential(ForEachOps.java:173)
	at java.base/java.util.stream.AbstractPipeline.evaluate(AbstractPipeline.java:234)
	at java.base/java.util.stream.ReferencePipeline.forEach(ReferencePipeline.java:497)
	at org.openqa.selenium.devtools.Connection.handle(Connection.java:287)
	at org.openqa.selenium.devtools.Connection.access$200(Connection.java:57)
	at org.openqa.selenium.devtools.Connection$Listener.lambda$onText$0(Connection.java:224)
	at java.base/java.util.concurrent.ThreadPoolExecutor.runWorker(ThreadPoolExecutor.java:1128)
	at java.base/java.util.concurrent.ThreadPoolExecutor$Worker.run(ThreadPoolExecutor.java:628)
	at java.base/java.lang.Thread.run(Thread.java:829)
Caused by: org.openqa.selenium.WebDriverException: {"id":2054,"error":{"code":-32602,"message":"Invalid InterceptionId."},"sessionId":"69DE6D1A85B5D627489871F60443E14A"}
Build info: version: '4.11.0', revision: '040bc5406b'
System info: os.name: 'Windows 10', os.arch: 'amd64', os.version: '10.0', java.version: '11.0.18'
Driver info: driver.version: unknown
	at org.openqa.selenium.devtools.Connection.handle(Connection.java:260)
	... 5 more

Exception in thread "CDP Connection" org.openqa.selenium.devtools.DevToolsException: {"id":2054,"error":{"code":-32602,"message":"Invalid InterceptionId."},"sessionId":"69DE6D1A85B5D627489871F60443E14A"}
Build info: version: '4.11.0', revision: '040bc5406b'
System info: os.name: 'Windows 10', os.arch: 'amd64', os.version: '10.0', java.version: '11.0.18'
Driver info: driver.version: unknown
	at org.openqa.selenium.devtools.Connection$Listener.lambda$onText$0(Connection.java:227)
	at java.base/java.util.concurrent.ThreadPoolExecutor.runWorker(ThreadPoolExecutor.java:1128)
	at java.base/java.util.concurrent.ThreadPoolExecutor$Worker.run(ThreadPoolExecutor.java:628)
	at java.base/java.lang.Thread.run(Thread.java:829)
Caused by: org.openqa.selenium.devtools.DevToolsException: {"id":2054,"error":{"code":-32602,"message":"Invalid InterceptionId."},"sessionId":"69DE6D1A85B5D627489871F60443E14A"}
Build info: version: '4.11.0', revision: '040bc5406b'
System info: os.name: 'Windows 10', os.arch: 'amd64', os.version: '10.0', java.version: '11.0.18'
Driver info: driver.version: unknown
	at org.openqa.selenium.devtools.Connection.sendAndWait(Connection.java:181)
	at org.openqa.selenium.devtools.DevTools.send(DevTools.java:81)
	at org.openqa.selenium.devtools.idealized.Network.lambda$prepareToInterceptTraffic$3(Network.java:211)
	at org.openqa.selenium.remote.http.Filter.lambda$andFinally$1(Filter.java:55)
	at org.openqa.selenium.devtools.idealized.Network.lambda$prepareToInterceptTraffic$4(Network.java:226)
	at org.openqa.selenium.devtools.Connection.lambda$handle$4(Connection.java:321)
	at java.base/java.util.stream.ForEachOps$ForEachOp$OfRef.accept(ForEachOps.java:183)
	at java.base/java.util.stream.ReferencePipeline$2$1.accept(ReferencePipeline.java:177)
	at java.base/java.util.stream.ReferencePipeline$11$1.accept(ReferencePipeline.java:442)
	at java.base/java.util.HashMap$KeySpliterator.forEachRemaining(HashMap.java:1621)
	at java.base/java.util.stream.AbstractPipeline.copyInto(AbstractPipeline.java:484)
	at java.base/java.util.stream.AbstractPipeline.wrapAndCopyInto(AbstractPipeline.java:474)
	at java.base/java.util.stream.ForEachOps$ForEachOp.evaluateSequential(ForEachOps.java:150)
	at java.base/java.util.stream.ForEachOps$ForEachOp$OfRef.evaluateSequential(ForEachOps.java:173)
	at java.base/java.util.stream.AbstractPipeline.evaluate(AbstractPipeline.java:234)
	at java.base/java.util.stream.ReferencePipeline.forEach(ReferencePipeline.java:497)
	at org.openqa.selenium.devtools.Connection.handle(Connection.java:287)
	at org.openqa.selenium.devtools.Connection.access$200(Connection.java:57)
	at org.openqa.selenium.devtools.Connection$Listener.lambda$onText$0(Connection.java:224)
	... 3 more
Caused by: org.openqa.selenium.WebDriverException: {"id":2054,"error":{"code":-32602,"message":"Invalid InterceptionId."},"sessionId":"69DE6D1A85B5D627489871F60443E14A"}
Build info: version: '4.11.0', revision: '040bc5406b'
System info: os.name: 'Windows 10', os.arch: 'amd64', os.version: '10.0', java.version: '11.0.18'
Driver info: driver.version: unknown
	at org.openqa.selenium.devtools.Connection.handle(Connection.java:260)
	... 5 more
авг. 16, 2023 4:22:37 PM org.openqa.selenium.devtools.Connection$Listener lambda$onText$0
WARNING: Unable to process: {"method":"Fetch.requestPaused","params":{"requestId":"interception-job-333.0","request":{"url":"http://localhost:8080/static/js/2.0716afe8.chunk.js","method":"GET","headers":{"Accept":"*/*","Referer":"http://localhost:8080/","User-Agent":"Mozilla/5.0 (Windows NT 10.0; Win64; x64) AppleWebKit/537.36 (KHTML, like Gecko) Chrome/116.0.0.0 Safari/537.36","sec-ch-ua":"\"Chromium\";v=\"116\", \"Not)A;Brand\";v=\"24\", \"Google Chrome\";v=\"116\"","sec-ch-ua-mobile":"?0","sec-ch-ua-platform":"\"Windows\""},"initialPriority":"High","referrerPolicy":"unsafe-url"},"frameId":"D165F02B89151667DFD1BF49856829E7","resourceType":"Script","responseStatusCode":200,"responseStatusText":"","responseHeaders":[{"name":"Vary","value":"Origin"},{"name":"Vary","value":"Access-Control-Request-Method"},{"name":"Vary","value":"Access-Control-Request-Headers"},{"name":"Last-Modified","value":"Thu, 03 Aug 2023 10:18:16 GMT"},{"name":"Accept-Ranges","value":"bytes"},{"name":"Content-Type","value":"application/javascript"},{"name":"Content-Length","value":"228167"},{"name":"Date","value":"Wed, 16 Aug 2023 13:20:22 GMT"}]},"sessionId":"69DE6D1A85B5D627489871F60443E14A"}
org.openqa.selenium.devtools.DevToolsException: {"id":2057,"error":{"code":-32602,"message":"Invalid InterceptionId."},"sessionId":"69DE6D1A85B5D627489871F60443E14A"}
Build info: version: '4.11.0', revision: '040bc5406b'
System info: os.name: 'Windows 10', os.arch: 'amd64', os.version: '10.0', java.version: '11.0.18'
Driver info: driver.version: unknown
	at org.openqa.selenium.devtools.Connection.sendAndWait(Connection.java:181)
	at org.openqa.selenium.devtools.DevTools.send(DevTools.java:81)
	at org.openqa.selenium.devtools.idealized.Network.lambda$prepareToInterceptTraffic$4(Network.java:194)
	at org.openqa.selenium.devtools.Connection.lambda$handle$4(Connection.java:321)
	at java.base/java.util.stream.ForEachOps$ForEachOp$OfRef.accept(ForEachOps.java:183)
	at java.base/java.util.stream.ReferencePipeline$2$1.accept(ReferencePipeline.java:177)
	at java.base/java.util.stream.ReferencePipeline$11$1.accept(ReferencePipeline.java:442)
	at java.base/java.util.HashMap$KeySpliterator.forEachRemaining(HashMap.java:1621)
	at java.base/java.util.stream.AbstractPipeline.copyInto(AbstractPipeline.java:484)
	at java.base/java.util.stream.AbstractPipeline.wrapAndCopyInto(AbstractPipeline.java:474)
	at java.base/java.util.stream.ForEachOps$ForEachOp.evaluateSequential(ForEachOps.java:150)
	at java.base/java.util.stream.ForEachOps$ForEachOp$OfRef.evaluateSequential(ForEachOps.java:173)
	at java.base/java.util.stream.AbstractPipeline.evaluate(AbstractPipeline.java:234)
	at java.base/java.util.stream.ReferencePipeline.forEach(ReferencePipeline.java:497)
	at org.openqa.selenium.devtools.Connection.handle(Connection.java:287)
	at org.openqa.selenium.devtools.Connection.access$200(Connection.java:57)
	at org.openqa.selenium.devtools.Connection$Listener.lambda$onText$0(Connection.java:224)
	at java.base/java.util.concurrent.ThreadPoolExecutor.runWorker(ThreadPoolExecutor.java:1128)
	at java.base/java.util.concurrent.ThreadPoolExecutor$Worker.run(ThreadPoolExecutor.java:628)
	at java.base/java.lang.Thread.run(Thread.java:829)
Caused by: org.openqa.selenium.WebDriverException: {"id":2057,"error":{"code":-32602,"message":"Invalid InterceptionId."},"sessionId":"69DE6D1A85B5D627489871F60443E14A"}
Build info: version: '4.11.0', revision: '040bc5406b'
System info: os.name: 'Windows 10', os.arch: 'amd64', os.version: '10.0', java.version: '11.0.18'
Driver info: driver.version: unknown
	at org.openqa.selenium.devtools.Connection.handle(Connection.java:260)
	... 5 more

Exception in thread "CDP Connection" org.openqa.selenium.devtools.DevToolsException: {"id":2057,"error":{"code":-32602,"message":"Invalid InterceptionId."},"sessionId":"69DE6D1A85B5D627489871F60443E14A"}
Build info: version: '4.11.0', revision: '040bc5406b'
System info: os.name: 'Windows 10', os.arch: 'amd64', os.version: '10.0', java.version: '11.0.18'
Driver info: driver.version: unknown
	at org.openqa.selenium.devtools.Connection$Listener.lambda$onText$0(Connection.java:227)
	at java.base/java.util.concurrent.ThreadPoolExecutor.runWorker(ThreadPoolExecutor.java:1128)
	at java.base/java.util.concurrent.ThreadPoolExecutor$Worker.run(ThreadPoolExecutor.java:628)
	at java.base/java.lang.Thread.run(Thread.java:829)
Caused by: org.openqa.selenium.devtools.DevToolsException: {"id":2057,"error":{"code":-32602,"message":"Invalid InterceptionId."},"sessionId":"69DE6D1A85B5D627489871F60443E14A"}
Build info: version: '4.11.0', revision: '040bc5406b'
System info: os.name: 'Windows 10', os.arch: 'amd64', os.version: '10.0', java.version: '11.0.18'
Driver info: driver.version: unknown
	at org.openqa.selenium.devtools.Connection.sendAndWait(Connection.java:181)
	at org.openqa.selenium.devtools.DevTools.send(DevTools.java:81)
	at org.openqa.selenium.devtools.idealized.Network.lambda$prepareToInterceptTraffic$4(Network.java:194)
	at org.openqa.selenium.devtools.Connection.lambda$handle$4(Connection.java:321)
	at java.base/java.util.stream.ForEachOps$ForEachOp$OfRef.accept(ForEachOps.java:183)
	at java.base/java.util.stream.ReferencePipeline$2$1.accept(ReferencePipeline.java:177)
	at java.base/java.util.stream.ReferencePipeline$11$1.accept(ReferencePipeline.java:442)
	at java.base/java.util.HashMap$KeySpliterator.forEachRemaining(HashMap.java:1621)
	at java.base/java.util.stream.AbstractPipeline.copyInto(AbstractPipeline.java:484)
	at java.base/java.util.stream.AbstractPipeline.wrapAndCopyInto(AbstractPipeline.java:474)
	at java.base/java.util.stream.ForEachOps$ForEachOp.evaluateSequential(ForEachOps.java:150)
	at java.base/java.util.stream.ForEachOps$ForEachOp$OfRef.evaluateSequential(ForEachOps.java:173)
	at java.base/java.util.stream.AbstractPipeline.evaluate(AbstractPipeline.java:234)
	at java.base/java.util.stream.ReferencePipeline.forEach(ReferencePipeline.java:497)
	at org.openqa.selenium.devtools.Connection.handle(Connection.java:287)
	at org.openqa.selenium.devtools.Connection.access$200(Connection.java:57)
	at org.openqa.selenium.devtools.Connection$Listener.lambda$onText$0(Connection.java:224)
	... 3 more
Caused by: org.openqa.selenium.WebDriverException: {"id":2057,"error":{"code":-32602,"message":"Invalid InterceptionId."},"sessionId":"69DE6D1A85B5D627489871F60443E14A"}
Build info: version: '4.11.0', revision: '040bc5406b'
System info: os.name: 'Windows 10', os.arch: 'amd64', os.version: '10.0', java.version: '11.0.18'
Driver info: driver.version: unknown
	at org.openqa.selenium.devtools.Connection.handle(Connection.java:260)
	... 5 more
авг. 16, 2023 4:22:37 PM org.openqa.selenium.devtools.Connection$Listener lambda$onText$0
WARNING: Unable to process: {"method":"Fetch.requestPaused","params":{"requestId":"interception-job-333.0","request":{"url":"http://localhost:8080/static/js/2.0716afe8.chunk.js","method":"GET","headers":{"Accept":"*/*","Referer":"http://localhost:8080/","User-Agent":"Mozilla/5.0 (Windows NT 10.0; Win64; x64) AppleWebKit/537.36 (KHTML, like Gecko) Chrome/116.0.0.0 Safari/537.36","sec-ch-ua":"\"Chromium\";v=\"116\", \"Not)A;Brand\";v=\"24\", \"Google Chrome\";v=\"116\"","sec-ch-ua-mobile":"?0","sec-ch-ua-platform":"\"Windows\""},"initialPriority":"High","referrerPolicy":"strict-origin-when-cross-origin"},"frameId":"D165F02B89151667DFD1BF49856829E7","resourceType":"Script"},"sessionId":"69DE6D1A85B5D627489871F60443E14A"}
org.openqa.selenium.devtools.DevToolsException: {"id":2058,"error":{"code":-32602,"message":"Invalid InterceptionId."},"sessionId":"69DE6D1A85B5D627489871F60443E14A"}
Build info: version: '4.11.0', revision: '040bc5406b'
System info: os.name: 'Windows 10', os.arch: 'amd64', os.version: '10.0', java.version: '11.0.18'
Driver info: driver.version: unknown
	at org.openqa.selenium.devtools.Connection.sendAndWait(Connection.java:181)
	at org.openqa.selenium.devtools.DevTools.send(DevTools.java:81)
	at org.openqa.selenium.devtools.idealized.Network.lambda$prepareToInterceptTraffic$3(Network.java:211)
	at org.openqa.selenium.remote.http.Filter.lambda$andFinally$1(Filter.java:55)
	at org.openqa.selenium.devtools.idealized.Network.lambda$prepareToInterceptTraffic$4(Network.java:226)
	at org.openqa.selenium.devtools.Connection.lambda$handle$4(Connection.java:321)
	at java.base/java.util.stream.ForEachOps$ForEachOp$OfRef.accept(ForEachOps.java:183)
	at java.base/java.util.stream.ReferencePipeline$2$1.accept(ReferencePipeline.java:177)
	at java.base/java.util.stream.ReferencePipeline$11$1.accept(ReferencePipeline.java:442)
	at java.base/java.util.HashMap$KeySpliterator.forEachRemaining(HashMap.java:1621)
	at java.base/java.util.stream.AbstractPipeline.copyInto(AbstractPipeline.java:484)
	at java.base/java.util.stream.AbstractPipeline.wrapAndCopyInto(AbstractPipeline.java:474)
	at java.base/java.util.stream.ForEachOps$ForEachOp.evaluateSequential(ForEachOps.java:150)
	at java.base/java.util.stream.ForEachOps$ForEachOp$OfRef.evaluateSequential(ForEachOps.java:173)
	at java.base/java.util.stream.AbstractPipeline.evaluate(AbstractPipeline.java:234)
	at java.base/java.util.stream.ReferencePipeline.forEach(ReferencePipeline.java:497)
	at org.openqa.selenium.devtools.Connection.handle(Connection.java:287)
	at org.openqa.selenium.devtools.Connection.access$200(Connection.java:57)
	at org.openqa.selenium.devtools.Connection$Listener.lambda$onText$0(Connection.java:224)
	at java.base/java.util.concurrent.ThreadPoolExecutor.runWorker(ThreadPoolExecutor.java:1128)
	at java.base/java.util.concurrent.ThreadPoolExecutor$Worker.run(ThreadPoolExecutor.java:628)
	at java.base/java.lang.Thread.run(Thread.java:829)
Caused by: org.openqa.selenium.WebDriverException: {"id":2058,"error":{"code":-32602,"message":"Invalid InterceptionId."},"sessionId":"69DE6D1A85B5D627489871F60443E14A"}
Build info: version: '4.11.0', revision: '040bc5406b'
System info: os.name: 'Windows 10', os.arch: 'amd64', os.version: '10.0', java.version: '11.0.18'
Driver info: driver.version: unknown
	at org.openqa.selenium.devtools.Connection.handle(Connection.java:260)
	... 5 more

Exception in thread "CDP Connection" org.openqa.selenium.devtools.DevToolsException: {"id":2058,"error":{"code":-32602,"message":"Invalid InterceptionId."},"sessionId":"69DE6D1A85B5D627489871F60443E14A"}
Build info: version: '4.11.0', revision: '040bc5406b'
System info: os.name: 'Windows 10', os.arch: 'amd64', os.version: '10.0', java.version: '11.0.18'
Driver info: driver.version: unknown
	at org.openqa.selenium.devtools.Connection$Listener.lambda$onText$0(Connection.java:227)
	at java.base/java.util.concurrent.ThreadPoolExecutor.runWorker(ThreadPoolExecutor.java:1128)
	at java.base/java.util.concurrent.ThreadPoolExecutor$Worker.run(ThreadPoolExecutor.java:628)
	at java.base/java.lang.Thread.run(Thread.java:829)
Caused by: org.openqa.selenium.devtools.DevToolsException: {"id":2058,"error":{"code":-32602,"message":"Invalid InterceptionId."},"sessionId":"69DE6D1A85B5D627489871F60443E14A"}
Build info: version: '4.11.0', revision: '040bc5406b'
System info: os.name: 'Windows 10', os.arch: 'amd64', os.version: '10.0', java.version: '11.0.18'
Driver info: driver.version: unknown
	at org.openqa.selenium.devtools.Connection.sendAndWait(Connection.java:181)
	at org.openqa.selenium.devtools.DevTools.send(DevTools.java:81)
	at org.openqa.selenium.devtools.idealized.Network.lambda$prepareToInterceptTraffic$3(Network.java:211)
	at org.openqa.selenium.remote.http.Filter.lambda$andFinally$1(Filter.java:55)
	at org.openqa.selenium.devtools.idealized.Network.lambda$prepareToInterceptTraffic$4(Network.java:226)
	at org.openqa.selenium.devtools.Connection.lambda$handle$4(Connection.java:321)
	at java.base/java.util.stream.ForEachOps$ForEachOp$OfRef.accept(ForEachOps.java:183)
	at java.base/java.util.stream.ReferencePipeline$2$1.accept(ReferencePipeline.java:177)
	at java.base/java.util.stream.ReferencePipeline$11$1.accept(ReferencePipeline.java:442)
	at java.base/java.util.HashMap$KeySpliterator.forEachRemaining(HashMap.java:1621)
	at java.base/java.util.stream.AbstractPipeline.copyInto(AbstractPipeline.java:484)
	at java.base/java.util.stream.AbstractPipeline.wrapAndCopyInto(AbstractPipeline.java:474)
	at java.base/java.util.stream.ForEachOps$ForEachOp.evaluateSequential(ForEachOps.java:150)
	at java.base/java.util.stream.ForEachOps$ForEachOp$OfRef.evaluateSequential(ForEachOps.java:173)
	at java.base/java.util.stream.AbstractPipeline.evaluate(AbstractPipeline.java:234)
	at java.base/java.util.stream.ReferencePipeline.forEach(ReferencePipeline.java:497)
	at org.openqa.selenium.devtools.Connection.handle(Connection.java:287)
	at org.openqa.selenium.devtools.Connection.access$200(Connection.java:57)
	at org.openqa.selenium.devtools.Connection$Listener.lambda$onText$0(Connection.java:224)
	... 3 more
Caused by: org.openqa.selenium.WebDriverException: {"id":2058,"error":{"code":-32602,"message":"Invalid InterceptionId."},"sessionId":"69DE6D1A85B5D627489871F60443E14A"}
Build info: version: '4.11.0', revision: '040bc5406b'
System info: os.name: 'Windows 10', os.arch: 'amd64', os.version: '10.0', java.version: '11.0.18'
Driver info: driver.version: unknown
	at org.openqa.selenium.devtools.Connection.handle(Connection.java:260)
	... 5 more
авг. 16, 2023 4:22:37 PM org.openqa.selenium.devtools.Connection$Listener lambda$onText$0
WARNING: Unable to process: {"method":"Fetch.requestPaused","params":{"requestId":"interception-job-335.0","request":{"url":"http://localhost:8080/static/media/marrakech.869b2a02.jpg","method":"GET","headers":{"Accept":"image/avif,image/webp,image/apng,image/svg+xml,image/*,*/*;q=0.8","Referer":"http://localhost:8080/","User-Agent":"Mozilla/5.0 (Windows NT 10.0; Win64; x64) AppleWebKit/537.36 (KHTML, like Gecko) Chrome/116.0.0.0 Safari/537.36","sec-ch-ua":"\"Chromium\";v=\"116\", \"Not)A;Brand\";v=\"24\", \"Google Chrome\";v=\"116\"","sec-ch-ua-mobile":"?0","sec-ch-ua-platform":"\"Windows\""},"initialPriority":"Low","referrerPolicy":"unsafe-url"},"frameId":"D165F02B89151667DFD1BF49856829E7","resourceType":"Image","responseStatusCode":200,"responseStatusText":"","responseHeaders":[{"name":"Vary","value":"Origin"},{"name":"Vary","value":"Access-Control-Request-Method"},{"name":"Vary","value":"Access-Control-Request-Headers"},{"name":"Last-Modified","value":"Thu, 03 Aug 2023 10:18:16 GMT"},{"name":"Accept-Ranges","value":"bytes"},{"name":"Content-Type","value":"image/jpeg"},{"name":"Content-Length","value":"85240"},{"name":"Date","value":"Wed, 16 Aug 2023 13:20:22 GMT"}]},"sessionId":"69DE6D1A85B5D627489871F60443E14A"}
org.openqa.selenium.devtools.DevToolsException: {"id":2063,"error":{"code":-32602,"message":"Invalid InterceptionId."},"sessionId":"69DE6D1A85B5D627489871F60443E14A"}
Build info: version: '4.11.0', revision: '040bc5406b'
System info: os.name: 'Windows 10', os.arch: 'amd64', os.version: '10.0', java.version: '11.0.18'
Driver info: driver.version: unknown
	at org.openqa.selenium.devtools.Connection.sendAndWait(Connection.java:181)
	at org.openqa.selenium.devtools.DevTools.send(DevTools.java:81)
	at org.openqa.selenium.devtools.idealized.Network.lambda$prepareToInterceptTraffic$4(Network.java:194)
	at org.openqa.selenium.devtools.Connection.lambda$handle$4(Connection.java:321)
	at java.base/java.util.stream.ForEachOps$ForEachOp$OfRef.accept(ForEachOps.java:183)
	at java.base/java.util.stream.ReferencePipeline$2$1.accept(ReferencePipeline.java:177)
	at java.base/java.util.stream.ReferencePipeline$11$1.accept(ReferencePipeline.java:442)
	at java.base/java.util.HashMap$KeySpliterator.forEachRemaining(HashMap.java:1621)
	at java.base/java.util.stream.AbstractPipeline.copyInto(AbstractPipeline.java:484)
	at java.base/java.util.stream.AbstractPipeline.wrapAndCopyInto(AbstractPipeline.java:474)
	at java.base/java.util.stream.ForEachOps$ForEachOp.evaluateSequential(ForEachOps.java:150)
	at java.base/java.util.stream.ForEachOps$ForEachOp$OfRef.evaluateSequential(ForEachOps.java:173)
	at java.base/java.util.stream.AbstractPipeline.evaluate(AbstractPipeline.java:234)
	at java.base/java.util.stream.ReferencePipeline.forEach(ReferencePipeline.java:497)
	at org.openqa.selenium.devtools.Connection.handle(Connection.java:287)
	at org.openqa.selenium.devtools.Connection.access$200(Connection.java:57)
	at org.openqa.selenium.devtools.Connection$Listener.lambda$onText$0(Connection.java:224)
	at java.base/java.util.concurrent.ThreadPoolExecutor.runWorker(ThreadPoolExecutor.java:1128)
	at java.base/java.util.concurrent.ThreadPoolExecutor$Worker.run(ThreadPoolExecutor.java:628)
	at java.base/java.lang.Thread.run(Thread.java:829)
Caused by: org.openqa.selenium.WebDriverException: {"id":2063,"error":{"code":-32602,"message":"Invalid InterceptionId."},"sessionId":"69DE6D1A85B5D627489871F60443E14A"}
Build info: version: '4.11.0', revision: '040bc5406b'
System info: os.name: 'Windows 10', os.arch: 'amd64', os.version: '10.0', java.version: '11.0.18'
Driver info: driver.version: unknown
	at org.openqa.selenium.devtools.Connection.handle(Connection.java:260)
	... 5 more

Exception in thread "CDP Connection" org.openqa.selenium.devtools.DevToolsException: {"id":2063,"error":{"code":-32602,"message":"Invalid InterceptionId."},"sessionId":"69DE6D1A85B5D627489871F60443E14A"}
Build info: version: '4.11.0', revision: '040bc5406b'
System info: os.name: 'Windows 10', os.arch: 'amd64', os.version: '10.0', java.version: '11.0.18'
Driver info: driver.version: unknown
	at org.openqa.selenium.devtools.Connection$Listener.lambda$onText$0(Connection.java:227)
	at java.base/java.util.concurrent.ThreadPoolExecutor.runWorker(ThreadPoolExecutor.java:1128)
	at java.base/java.util.concurrent.ThreadPoolExecutor$Worker.run(ThreadPoolExecutor.java:628)
	at java.base/java.lang.Thread.run(Thread.java:829)
Caused by: org.openqa.selenium.devtools.DevToolsException: {"id":2063,"error":{"code":-32602,"message":"Invalid InterceptionId."},"sessionId":"69DE6D1A85B5D627489871F60443E14A"}
Build info: version: '4.11.0', revision: '040bc5406b'
System info: os.name: 'Windows 10', os.arch: 'amd64', os.version: '10.0', java.version: '11.0.18'
Driver info: driver.version: unknown
	at org.openqa.selenium.devtools.Connection.sendAndWait(Connection.java:181)
	at org.openqa.selenium.devtools.DevTools.send(DevTools.java:81)
	at org.openqa.selenium.devtools.idealized.Network.lambda$prepareToInterceptTraffic$4(Network.java:194)
	at org.openqa.selenium.devtools.Connection.lambda$handle$4(Connection.java:321)
	at java.base/java.util.stream.ForEachOps$ForEachOp$OfRef.accept(ForEachOps.java:183)
	at java.base/java.util.stream.ReferencePipeline$2$1.accept(ReferencePipeline.java:177)
	at java.base/java.util.stream.ReferencePipeline$11$1.accept(ReferencePipeline.java:442)
	at java.base/java.util.HashMap$KeySpliterator.forEachRemaining(HashMap.java:1621)
	at java.base/java.util.stream.AbstractPipeline.copyInto(AbstractPipeline.java:484)
	at java.base/java.util.stream.AbstractPipeline.wrapAndCopyInto(AbstractPipeline.java:474)
	at java.base/java.util.stream.ForEachOps$ForEachOp.evaluateSequential(ForEachOps.java:150)
	at java.base/java.util.stream.ForEachOps$ForEachOp$OfRef.evaluateSequential(ForEachOps.java:173)
	at java.base/java.util.stream.AbstractPipeline.evaluate(AbstractPipeline.java:234)
	at java.base/java.util.stream.ReferencePipeline.forEach(ReferencePipeline.java:497)
	at org.openqa.selenium.devtools.Connection.handle(Connection.java:287)
	at org.openqa.selenium.devtools.Connection.access$200(Connection.java:57)
	at org.openqa.selenium.devtools.Connection$Listener.lambda$onText$0(Connection.java:224)
	... 3 more
Caused by: org.openqa.selenium.WebDriverException: {"id":2063,"error":{"code":-32602,"message":"Invalid InterceptionId."},"sessionId":"69DE6D1A85B5D627489871F60443E14A"}
Build info: version: '4.11.0', revision: '040bc5406b'
System info: os.name: 'Windows 10', os.arch: 'amd64', os.version: '10.0', java.version: '11.0.18'
Driver info: driver.version: unknown
	at org.openqa.selenium.devtools.Connection.handle(Connection.java:260)
	... 5 more
авг. 16, 2023 4:22:37 PM org.openqa.selenium.devtools.Connection$Listener lambda$onText$0
WARNING: Unable to process: {"method":"Fetch.requestPaused","params":{"requestId":"interception-job-335.0","request":{"url":"http://localhost:8080/static/media/marrakech.869b2a02.jpg","method":"GET","headers":{"Accept":"image/avif,image/webp,image/apng,image/svg+xml,image/*,*/*;q=0.8","Referer":"http://localhost:8080/","User-Agent":"Mozilla/5.0 (Windows NT 10.0; Win64; x64) AppleWebKit/537.36 (KHTML, like Gecko) Chrome/116.0.0.0 Safari/537.36","sec-ch-ua":"\"Chromium\";v=\"116\", \"Not)A;Brand\";v=\"24\", \"Google Chrome\";v=\"116\"","sec-ch-ua-mobile":"?0","sec-ch-ua-platform":"\"Windows\""},"initialPriority":"Low","referrerPolicy":"strict-origin-when-cross-origin"},"frameId":"D165F02B89151667DFD1BF49856829E7","resourceType":"Image"},"sessionId":"69DE6D1A85B5D627489871F60443E14A"}
org.openqa.selenium.devtools.DevToolsException: {"id":2064,"error":{"code":-32602,"message":"Invalid InterceptionId."},"sessionId":"69DE6D1A85B5D627489871F60443E14A"}
Build info: version: '4.11.0', revision: '040bc5406b'
System info: os.name: 'Windows 10', os.arch: 'amd64', os.version: '10.0', java.version: '11.0.18'
Driver info: driver.version: unknown
	at org.openqa.selenium.devtools.Connection.sendAndWait(Connection.java:181)
	at org.openqa.selenium.devtools.DevTools.send(DevTools.java:81)
	at org.openqa.selenium.devtools.idealized.Network.lambda$prepareToInterceptTraffic$3(Network.java:211)
	at org.openqa.selenium.remote.http.Filter.lambda$andFinally$1(Filter.java:55)
	at org.openqa.selenium.devtools.idealized.Network.lambda$prepareToInterceptTraffic$4(Network.java:226)
	at org.openqa.selenium.devtools.Connection.lambda$handle$4(Connection.java:321)
	at java.base/java.util.stream.ForEachOps$ForEachOp$OfRef.accept(ForEachOps.java:183)
	at java.base/java.util.stream.ReferencePipeline$2$1.accept(ReferencePipeline.java:177)
	at java.base/java.util.stream.ReferencePipeline$11$1.accept(ReferencePipeline.java:442)
	at java.base/java.util.HashMap$KeySpliterator.forEachRemaining(HashMap.java:1621)
	at java.base/java.util.stream.AbstractPipeline.copyInto(AbstractPipeline.java:484)
	at java.base/java.util.stream.AbstractPipeline.wrapAndCopyInto(AbstractPipeline.java:474)
	at java.base/java.util.stream.ForEachOps$ForEachOp.evaluateSequential(ForEachOps.java:150)
	at java.base/java.util.stream.ForEachOps$ForEachOp$OfRef.evaluateSequential(ForEachOps.java:173)
	at java.base/java.util.stream.AbstractPipeline.evaluate(AbstractPipeline.java:234)
	at java.base/java.util.stream.ReferencePipeline.forEach(ReferencePipeline.java:497)
	at org.openqa.selenium.devtools.Connection.handle(Connection.java:287)
	at org.openqa.selenium.devtools.Connection.access$200(Connection.java:57)
	at org.openqa.selenium.devtools.Connection$Listener.lambda$onText$0(Connection.java:224)
	at java.base/java.util.concurrent.ThreadPoolExecutor.runWorker(ThreadPoolExecutor.java:1128)
	at java.base/java.util.concurrent.ThreadPoolExecutor$Worker.run(ThreadPoolExecutor.java:628)
	at java.base/java.lang.Thread.run(Thread.java:829)
Caused by: org.openqa.selenium.WebDriverException: {"id":2064,"error":{"code":-32602,"message":"Invalid InterceptionId."},"sessionId":"69DE6D1A85B5D627489871F60443E14A"}
Build info: version: '4.11.0', revision: '040bc5406b'
System info: os.name: 'Windows 10', os.arch: 'amd64', os.version: '10.0', java.version: '11.0.18'
Driver info: driver.version: unknown
	at org.openqa.selenium.devtools.Connection.handle(Connection.java:260)
	... 5 more

Exception in thread "CDP Connection" org.openqa.selenium.devtools.DevToolsException: {"id":2064,"error":{"code":-32602,"message":"Invalid InterceptionId."},"sessionId":"69DE6D1A85B5D627489871F60443E14A"}
Build info: version: '4.11.0', revision: '040bc5406b'
System info: os.name: 'Windows 10', os.arch: 'amd64', os.version: '10.0', java.version: '11.0.18'
Driver info: driver.version: unknown
	at org.openqa.selenium.devtools.Connection$Listener.lambda$onText$0(Connection.java:227)
	at java.base/java.util.concurrent.ThreadPoolExecutor.runWorker(ThreadPoolExecutor.java:1128)
	at java.base/java.util.concurrent.ThreadPoolExecutor$Worker.run(ThreadPoolExecutor.java:628)
	at java.base/java.lang.Thread.run(Thread.java:829)
Caused by: org.openqa.selenium.devtools.DevToolsException: {"id":2064,"error":{"code":-32602,"message":"Invalid InterceptionId."},"sessionId":"69DE6D1A85B5D627489871F60443E14A"}
Build info: version: '4.11.0', revision: '040bc5406b'
System info: os.name: 'Windows 10', os.arch: 'amd64', os.version: '10.0', java.version: '11.0.18'
Driver info: driver.version: unknown
	at org.openqa.selenium.devtools.Connection.sendAndWait(Connection.java:181)
	at org.openqa.selenium.devtools.DevTools.send(DevTools.java:81)
	at org.openqa.selenium.devtools.idealized.Network.lambda$prepareToInterceptTraffic$3(Network.java:211)
	at org.openqa.selenium.remote.http.Filter.lambda$andFinally$1(Filter.java:55)
	at org.openqa.selenium.devtools.idealized.Network.lambda$prepareToInterceptTraffic$4(Network.java:226)
	at org.openqa.selenium.devtools.Connection.lambda$handle$4(Connection.java:321)
	at java.base/java.util.stream.ForEachOps$ForEachOp$OfRef.accept(ForEachOps.java:183)
	at java.base/java.util.stream.ReferencePipeline$2$1.accept(ReferencePipeline.java:177)
	at java.base/java.util.stream.ReferencePipeline$11$1.accept(ReferencePipeline.java:442)
	at java.base/java.util.HashMap$KeySpliterator.forEachRemaining(HashMap.java:1621)
	at java.base/java.util.stream.AbstractPipeline.copyInto(AbstractPipeline.java:484)
	at java.base/java.util.stream.AbstractPipeline.wrapAndCopyInto(AbstractPipeline.java:474)
	at java.base/java.util.stream.ForEachOps$ForEachOp.evaluateSequential(ForEachOps.java:150)
	at java.base/java.util.stream.ForEachOps$ForEachOp$OfRef.evaluateSequential(ForEachOps.java:173)
	at java.base/java.util.stream.AbstractPipeline.evaluate(AbstractPipeline.java:234)
	at java.base/java.util.stream.ReferencePipeline.forEach(ReferencePipeline.java:497)
	at org.openqa.selenium.devtools.Connection.handle(Connection.java:287)
	at org.openqa.selenium.devtools.Connection.access$200(Connection.java:57)
	at org.openqa.selenium.devtools.Connection$Listener.lambda$onText$0(Connection.java:224)
	... 3 more
Caused by: org.openqa.selenium.WebDriverException: {"id":2064,"error":{"code":-32602,"message":"Invalid InterceptionId."},"sessionId":"69DE6D1A85B5D627489871F60443E14A"}
Build info: version: '4.11.0', revision: '040bc5406b'
System info: os.name: 'Windows 10', os.arch: 'amd64', os.version: '10.0', java.version: '11.0.18'
Driver info: driver.version: unknown
	at org.openqa.selenium.devtools.Connection.handle(Connection.java:260)
	... 5 more
авг. 16, 2023 4:22:37 PM org.openqa.selenium.devtools.Connection$Listener lambda$onText$0
WARNING: Unable to process: {"method":"Fetch.requestPaused","params":{"requestId":"interception-job-336.0","request":{"url":"http://localhost:8080/manifest.json","method":"GET","headers":{"Accept":"*/*","Referer":"http://localhost:8080/","User-Agent":"Mozilla/5.0 (Windows NT 10.0; Win64; x64) AppleWebKit/537.36 (KHTML, like Gecko) Chrome/116.0.0.0 Safari/537.36","sec-ch-ua":"\"Chromium\";v=\"116\", \"Not)A;Brand\";v=\"24\", \"Google Chrome\";v=\"116\"","sec-ch-ua-mobile":"?0","sec-ch-ua-platform":"\"Windows\""},"initialPriority":"Medium","referrerPolicy":"unsafe-url"},"frameId":"D165F02B89151667DFD1BF49856829E7","resourceType":"Other","responseStatusCode":200,"responseStatusText":"","responseHeaders":[{"name":"Vary","value":"Origin"},{"name":"Vary","value":"Access-Control-Request-Method"},{"name":"Vary","value":"Access-Control-Request-Headers"},{"name":"Last-Modified","value":"Thu, 03 Aug 2023 10:18:16 GMT"},{"name":"Accept-Ranges","value":"bytes"},{"name":"Content-Type","value":"application/json"},{"name":"Content-Length","value":"492"},{"name":"Date","value":"Wed, 16 Aug 2023 13:20:22 GMT"}]},"sessionId":"69DE6D1A85B5D627489871F60443E14A"}
org.openqa.selenium.devtools.DevToolsException: {"id":2070,"error":{"code":-32602,"message":"Invalid InterceptionId."},"sessionId":"69DE6D1A85B5D627489871F60443E14A"}
Build info: version: '4.11.0', revision: '040bc5406b'
System info: os.name: 'Windows 10', os.arch: 'amd64', os.version: '10.0', java.version: '11.0.18'
Driver info: driver.version: unknown
	at org.openqa.selenium.devtools.Connection.sendAndWait(Connection.java:181)
	at org.openqa.selenium.devtools.DevTools.send(DevTools.java:81)
	at org.openqa.selenium.devtools.idealized.Network.lambda$prepareToInterceptTraffic$4(Network.java:194)
	at org.openqa.selenium.devtools.Connection.lambda$handle$4(Connection.java:321)
	at java.base/java.util.stream.ForEachOps$ForEachOp$OfRef.accept(ForEachOps.java:183)
	at java.base/java.util.stream.ReferencePipeline$2$1.accept(ReferencePipeline.java:177)
	at java.base/java.util.stream.ReferencePipeline$11$1.accept(ReferencePipeline.java:442)
	at java.base/java.util.HashMap$KeySpliterator.forEachRemaining(HashMap.java:1621)
	at java.base/java.util.stream.AbstractPipeline.copyInto(AbstractPipeline.java:484)
	at java.base/java.util.stream.AbstractPipeline.wrapAndCopyInto(AbstractPipeline.java:474)
	at java.base/java.util.stream.ForEachOps$ForEachOp.evaluateSequential(ForEachOps.java:150)
	at java.base/java.util.stream.ForEachOps$ForEachOp$OfRef.evaluateSequential(ForEachOps.java:173)
	at java.base/java.util.stream.AbstractPipeline.evaluate(AbstractPipeline.java:234)
	at java.base/java.util.stream.ReferencePipeline.forEach(ReferencePipeline.java:497)
	at org.openqa.selenium.devtools.Connection.handle(Connection.java:287)
	at org.openqa.selenium.devtools.Connection.access$200(Connection.java:57)
	at org.openqa.selenium.devtools.Connection$Listener.lambda$onText$0(Connection.java:224)
	at java.base/java.util.concurrent.ThreadPoolExecutor.runWorker(ThreadPoolExecutor.java:1128)
	at java.base/java.util.concurrent.ThreadPoolExecutor$Worker.run(ThreadPoolExecutor.java:628)
	at java.base/java.lang.Thread.run(Thread.java:829)
Caused by: org.openqa.selenium.WebDriverException: {"id":2070,"error":{"code":-32602,"message":"Invalid InterceptionId."},"sessionId":"69DE6D1A85B5D627489871F60443E14A"}
Build info: version: '4.11.0', revision: '040bc5406b'
System info: os.name: 'Windows 10', os.arch: 'amd64', os.version: '10.0', java.version: '11.0.18'
Driver info: driver.version: unknown
	at org.openqa.selenium.devtools.Connection.handle(Connection.java:260)
	... 5 more

Exception in thread "CDP Connection" org.openqa.selenium.devtools.DevToolsException: {"id":2070,"error":{"code":-32602,"message":"Invalid InterceptionId."},"sessionId":"69DE6D1A85B5D627489871F60443E14A"}
Build info: version: '4.11.0', revision: '040bc5406b'
System info: os.name: 'Windows 10', os.arch: 'amd64', os.version: '10.0', java.version: '11.0.18'
Driver info: driver.version: unknown
	at org.openqa.selenium.devtools.Connection$Listener.lambda$onText$0(Connection.java:227)
	at java.base/java.util.concurrent.ThreadPoolExecutor.runWorker(ThreadPoolExecutor.java:1128)
	at java.base/java.util.concurrent.ThreadPoolExecutor$Worker.run(ThreadPoolExecutor.java:628)
	at java.base/java.lang.Thread.run(Thread.java:829)
Caused by: org.openqa.selenium.devtools.DevToolsException: {"id":2070,"error":{"code":-32602,"message":"Invalid InterceptionId."},"sessionId":"69DE6D1A85B5D627489871F60443E14A"}
Build info: version: '4.11.0', revision: '040bc5406b'
System info: os.name: 'Windows 10', os.arch: 'amd64', os.version: '10.0', java.version: '11.0.18'
Driver info: driver.version: unknown
	at org.openqa.selenium.devtools.Connection.sendAndWait(Connection.java:181)
	at org.openqa.selenium.devtools.DevTools.send(DevTools.java:81)
	at org.openqa.selenium.devtools.idealized.Network.lambda$prepareToInterceptTraffic$4(Network.java:194)
	at org.openqa.selenium.devtools.Connection.lambda$handle$4(Connection.java:321)
	at java.base/java.util.stream.ForEachOps$ForEachOp$OfRef.accept(ForEachOps.java:183)
	at java.base/java.util.stream.ReferencePipeline$2$1.accept(ReferencePipeline.java:177)
	at java.base/java.util.stream.ReferencePipeline$11$1.accept(ReferencePipeline.java:442)
	at java.base/java.util.HashMap$KeySpliterator.forEachRemaining(HashMap.java:1621)
	at java.base/java.util.stream.AbstractPipeline.copyInto(AbstractPipeline.java:484)
	at java.base/java.util.stream.AbstractPipeline.wrapAndCopyInto(AbstractPipeline.java:474)
	at java.base/java.util.stream.ForEachOps$ForEachOp.evaluateSequential(ForEachOps.java:150)
	at java.base/java.util.stream.ForEachOps$ForEachOp$OfRef.evaluateSequential(ForEachOps.java:173)
	at java.base/java.util.stream.AbstractPipeline.evaluate(AbstractPipeline.java:234)
	at java.base/java.util.stream.ReferencePipeline.forEach(ReferencePipeline.java:497)
	at org.openqa.selenium.devtools.Connection.handle(Connection.java:287)
	at org.openqa.selenium.devtools.Connection.access$200(Connection.java:57)
	at org.openqa.selenium.devtools.Connection$Listener.lambda$onText$0(Connection.java:224)
	... 3 more
Caused by: org.openqa.selenium.WebDriverException: {"id":2070,"error":{"code":-32602,"message":"Invalid InterceptionId."},"sessionId":"69DE6D1A85B5D627489871F60443E14A"}
Build info: version: '4.11.0', revision: '040bc5406b'
System info: os.name: 'Windows 10', os.arch: 'amd64', os.version: '10.0', java.version: '11.0.18'
Driver info: driver.version: unknown
	at org.openqa.selenium.devtools.Connection.handle(Connection.java:260)
	... 5 more
авг. 16, 2023 4:22:37 PM org.openqa.selenium.devtools.Connection$Listener lambda$onText$0
WARNING: Unable to process: {"method":"Fetch.requestPaused","params":{"requestId":"interception-job-336.0","request":{"url":"http://localhost:8080/manifest.json","method":"GET","headers":{"Accept":"*/*","Referer":"http://localhost:8080/","User-Agent":"Mozilla/5.0 (Windows NT 10.0; Win64; x64) AppleWebKit/537.36 (KHTML, like Gecko) Chrome/116.0.0.0 Safari/537.36","sec-ch-ua":"\"Chromium\";v=\"116\", \"Not)A;Brand\";v=\"24\", \"Google Chrome\";v=\"116\"","sec-ch-ua-mobile":"?0","sec-ch-ua-platform":"\"Windows\""},"initialPriority":"Medium","referrerPolicy":"strict-origin-when-cross-origin"},"frameId":"D165F02B89151667DFD1BF49856829E7","resourceType":"Other"},"sessionId":"69DE6D1A85B5D627489871F60443E14A"}
org.openqa.selenium.devtools.DevToolsException: {"id":2071,"error":{"code":-32602,"message":"Invalid InterceptionId."},"sessionId":"69DE6D1A85B5D627489871F60443E14A"}
Build info: version: '4.11.0', revision: '040bc5406b'
System info: os.name: 'Windows 10', os.arch: 'amd64', os.version: '10.0', java.version: '11.0.18'
Driver info: driver.version: unknown
	at org.openqa.selenium.devtools.Connection.sendAndWait(Connection.java:181)
	at org.openqa.selenium.devtools.DevTools.send(DevTools.java:81)
	at org.openqa.selenium.devtools.idealized.Network.lambda$prepareToInterceptTraffic$3(Network.java:211)
	at org.openqa.selenium.remote.http.Filter.lambda$andFinally$1(Filter.java:55)
	at org.openqa.selenium.devtools.idealized.Network.lambda$prepareToInterceptTraffic$4(Network.java:226)
	at org.openqa.selenium.devtools.Connection.lambda$handle$4(Connection.java:321)
	at java.base/java.util.stream.ForEachOps$ForEachOp$OfRef.accept(ForEachOps.java:183)
	at java.base/java.util.stream.ReferencePipeline$2$1.accept(ReferencePipeline.java:177)
	at java.base/java.util.stream.ReferencePipeline$11$1.accept(ReferencePipeline.java:442)
	at java.base/java.util.HashMap$KeySpliterator.forEachRemaining(HashMap.java:1621)
	at java.base/java.util.stream.AbstractPipeline.copyInto(AbstractPipeline.java:484)
	at java.base/java.util.stream.AbstractPipeline.wrapAndCopyInto(AbstractPipeline.java:474)
	at java.base/java.util.stream.ForEachOps$ForEachOp.evaluateSequential(ForEachOps.java:150)
	at java.base/java.util.stream.ForEachOps$ForEachOp$OfRef.evaluateSequential(ForEachOps.java:173)
	at java.base/java.util.stream.AbstractPipeline.evaluate(AbstractPipeline.java:234)
	at java.base/java.util.stream.ReferencePipeline.forEach(ReferencePipeline.java:497)
	at org.openqa.selenium.devtools.Connection.handle(Connection.java:287)
	at org.openqa.selenium.devtools.Connection.access$200(Connection.java:57)
	at org.openqa.selenium.devtools.Connection$Listener.lambda$onText$0(Connection.java:224)
	at java.base/java.util.concurrent.ThreadPoolExecutor.runWorker(ThreadPoolExecutor.java:1128)
	at java.base/java.util.concurrent.ThreadPoolExecutor$Worker.run(ThreadPoolExecutor.java:628)
	at java.base/java.lang.Thread.run(Thread.java:829)
Caused by: org.openqa.selenium.WebDriverException: {"id":2071,"error":{"code":-32602,"message":"Invalid InterceptionId."},"sessionId":"69DE6D1A85B5D627489871F60443E14A"}
Build info: version: '4.11.0', revision: '040bc5406b'
System info: os.name: 'Windows 10', os.arch: 'amd64', os.version: '10.0', java.version: '11.0.18'
Driver info: driver.version: unknown
	at org.openqa.selenium.devtools.Connection.handle(Connection.java:260)
	... 5 more

Exception in thread "CDP Connection" org.openqa.selenium.devtools.DevToolsException: {"id":2071,"error":{"code":-32602,"message":"Invalid InterceptionId."},"sessionId":"69DE6D1A85B5D627489871F60443E14A"}
Build info: version: '4.11.0', revision: '040bc5406b'
System info: os.name: 'Windows 10', os.arch: 'amd64', os.version: '10.0', java.version: '11.0.18'
Driver info: driver.version: unknown
	at org.openqa.selenium.devtools.Connection$Listener.lambda$onText$0(Connection.java:227)
	at java.base/java.util.concurrent.ThreadPoolExecutor.runWorker(ThreadPoolExecutor.java:1128)
	at java.base/java.util.concurrent.ThreadPoolExecutor$Worker.run(ThreadPoolExecutor.java:628)
	at java.base/java.lang.Thread.run(Thread.java:829)
Caused by: org.openqa.selenium.devtools.DevToolsException: {"id":2071,"error":{"code":-32602,"message":"Invalid InterceptionId."},"sessionId":"69DE6D1A85B5D627489871F60443E14A"}
Build info: version: '4.11.0', revision: '040bc5406b'
System info: os.name: 'Windows 10', os.arch: 'amd64', os.version: '10.0', java.version: '11.0.18'
Driver info: driver.version: unknown
	at org.openqa.selenium.devtools.Connection.sendAndWait(Connection.java:181)
	at org.openqa.selenium.devtools.DevTools.send(DevTools.java:81)
	at org.openqa.selenium.devtools.idealized.Network.lambda$prepareToInterceptTraffic$3(Network.java:211)
	at org.openqa.selenium.remote.http.Filter.lambda$andFinally$1(Filter.java:55)
	at org.openqa.selenium.devtools.idealized.Network.lambda$prepareToInterceptTraffic$4(Network.java:226)
	at org.openqa.selenium.devtools.Connection.lambda$handle$4(Connection.java:321)
	at java.base/java.util.stream.ForEachOps$ForEachOp$OfRef.accept(ForEachOps.java:183)
	at java.base/java.util.stream.ReferencePipeline$2$1.accept(ReferencePipeline.java:177)
	at java.base/java.util.stream.ReferencePipeline$11$1.accept(ReferencePipeline.java:442)
	at java.base/java.util.HashMap$KeySpliterator.forEachRemaining(HashMap.java:1621)
	at java.base/java.util.stream.AbstractPipeline.copyInto(AbstractPipeline.java:484)
	at java.base/java.util.stream.AbstractPipeline.wrapAndCopyInto(AbstractPipeline.java:474)
	at java.base/java.util.stream.ForEachOps$ForEachOp.evaluateSequential(ForEachOps.java:150)
	at java.base/java.util.stream.ForEachOps$ForEachOp$OfRef.evaluateSequential(ForEachOps.java:173)
	at java.base/java.util.stream.AbstractPipeline.evaluate(AbstractPipeline.java:234)
	at java.base/java.util.stream.ReferencePipeline.forEach(ReferencePipeline.java:497)
	at org.openqa.selenium.devtools.Connection.handle(Connection.java:287)
	at org.openqa.selenium.devtools.Connection.access$200(Connection.java:57)
	at org.openqa.selenium.devtools.Connection$Listener.lambda$onText$0(Connection.java:224)
	... 3 more
Caused by: org.openqa.selenium.WebDriverException: {"id":2071,"error":{"code":-32602,"message":"Invalid InterceptionId."},"sessionId":"69DE6D1A85B5D627489871F60443E14A"}
Build info: version: '4.11.0', revision: '040bc5406b'
System info: os.name: 'Windows 10', os.arch: 'amd64', os.version: '10.0', java.version: '11.0.18'
Driver info: driver.version: unknown
	at org.openqa.selenium.devtools.Connection.handle(Connection.java:260)
	... 5 more
авг. 16, 2023 4:22:37 PM org.openqa.selenium.devtools.Connection$Listener lambda$onText$0
WARNING: Unable to process: {"method":"Fetch.requestPaused","params":{"requestId":"interception-job-337.0","request":{"url":"http://localhost:8080/favicon.ico","method":"GET","headers":{"Accept":"image/avif,image/webp,image/apng,image/svg+xml,image/*,*/*;q=0.8","Referer":"http://localhost:8080/","User-Agent":"Mozilla/5.0 (Windows NT 10.0; Win64; x64) AppleWebKit/537.36 (KHTML, like Gecko) Chrome/116.0.0.0 Safari/537.36","sec-ch-ua":"\"Chromium\";v=\"116\", \"Not)A;Brand\";v=\"24\", \"Google Chrome\";v=\"116\"","sec-ch-ua-mobile":"?0","sec-ch-ua-platform":"\"Windows\""},"initialPriority":"High","referrerPolicy":"unsafe-url"},"frameId":"D165F02B89151667DFD1BF49856829E7","resourceType":"Other","responseStatusCode":200,"responseStatusText":"","responseHeaders":[{"name":"Vary","value":"Origin"},{"name":"Vary","value":"Access-Control-Request-Method"},{"name":"Vary","value":"Access-Control-Request-Headers"},{"name":"Last-Modified","value":"Thu, 03 Aug 2023 10:18:16 GMT"},{"name":"Accept-Ranges","value":"bytes"},{"name":"Content-Type","value":"image/x-icon"},{"name":"Content-Length","value":"4286"},{"name":"Date","value":"Wed, 16 Aug 2023 13:20:23 GMT"}]},"sessionId":"69DE6D1A85B5D627489871F60443E14A"}
org.openqa.selenium.devtools.DevToolsException: {"id":2076,"error":{"code":-32602,"message":"Invalid InterceptionId."},"sessionId":"69DE6D1A85B5D627489871F60443E14A"}
Build info: version: '4.11.0', revision: '040bc5406b'
System info: os.name: 'Windows 10', os.arch: 'amd64', os.version: '10.0', java.version: '11.0.18'
Driver info: driver.version: unknown
	at org.openqa.selenium.devtools.Connection.sendAndWait(Connection.java:181)
	at org.openqa.selenium.devtools.DevTools.send(DevTools.java:81)
	at org.openqa.selenium.devtools.idealized.Network.lambda$prepareToInterceptTraffic$4(Network.java:194)
	at org.openqa.selenium.devtools.Connection.lambda$handle$4(Connection.java:321)
	at java.base/java.util.stream.ForEachOps$ForEachOp$OfRef.accept(ForEachOps.java:183)
	at java.base/java.util.stream.ReferencePipeline$2$1.accept(ReferencePipeline.java:177)
	at java.base/java.util.stream.ReferencePipeline$11$1.accept(ReferencePipeline.java:442)
	at java.base/java.util.HashMap$KeySpliterator.forEachRemaining(HashMap.java:1621)
	at java.base/java.util.stream.AbstractPipeline.copyInto(AbstractPipeline.java:484)
	at java.base/java.util.stream.AbstractPipeline.wrapAndCopyInto(AbstractPipeline.java:474)
	at java.base/java.util.stream.ForEachOps$ForEachOp.evaluateSequential(ForEachOps.java:150)
	at java.base/java.util.stream.ForEachOps$ForEachOp$OfRef.evaluateSequential(ForEachOps.java:173)
	at java.base/java.util.stream.AbstractPipeline.evaluate(AbstractPipeline.java:234)
	at java.base/java.util.stream.ReferencePipeline.forEach(ReferencePipeline.java:497)
	at org.openqa.selenium.devtools.Connection.handle(Connection.java:287)
	at org.openqa.selenium.devtools.Connection.access$200(Connection.java:57)
	at org.openqa.selenium.devtools.Connection$Listener.lambda$onText$0(Connection.java:224)
	at java.base/java.util.concurrent.ThreadPoolExecutor.runWorker(ThreadPoolExecutor.java:1128)
	at java.base/java.util.concurrent.ThreadPoolExecutor$Worker.run(ThreadPoolExecutor.java:628)
	at java.base/java.lang.Thread.run(Thread.java:829)
Caused by: org.openqa.selenium.WebDriverException: {"id":2076,"error":{"code":-32602,"message":"Invalid InterceptionId."},"sessionId":"69DE6D1A85B5D627489871F60443E14A"}
Build info: version: '4.11.0', revision: '040bc5406b'
System info: os.name: 'Windows 10', os.arch: 'amd64', os.version: '10.0', java.version: '11.0.18'
Driver info: driver.version: unknown
	at org.openqa.selenium.devtools.Connection.handle(Connection.java:260)
	... 5 more

Exception in thread "CDP Connection" org.openqa.selenium.devtools.DevToolsException: {"id":2076,"error":{"code":-32602,"message":"Invalid InterceptionId."},"sessionId":"69DE6D1A85B5D627489871F60443E14A"}
Build info: version: '4.11.0', revision: '040bc5406b'
System info: os.name: 'Windows 10', os.arch: 'amd64', os.version: '10.0', java.version: '11.0.18'
Driver info: driver.version: unknown
	at org.openqa.selenium.devtools.Connection$Listener.lambda$onText$0(Connection.java:227)
	at java.base/java.util.concurrent.ThreadPoolExecutor.runWorker(ThreadPoolExecutor.java:1128)
	at java.base/java.util.concurrent.ThreadPoolExecutor$Worker.run(ThreadPoolExecutor.java:628)
	at java.base/java.lang.Thread.run(Thread.java:829)
Caused by: org.openqa.selenium.devtools.DevToolsException: {"id":2076,"error":{"code":-32602,"message":"Invalid InterceptionId."},"sessionId":"69DE6D1A85B5D627489871F60443E14A"}
Build info: version: '4.11.0', revision: '040bc5406b'
System info: os.name: 'Windows 10', os.arch: 'amd64', os.version: '10.0', java.version: '11.0.18'
Driver info: driver.version: unknown
	at org.openqa.selenium.devtools.Connection.sendAndWait(Connection.java:181)
	at org.openqa.selenium.devtools.DevTools.send(DevTools.java:81)
	at org.openqa.selenium.devtools.idealized.Network.lambda$prepareToInterceptTraffic$4(Network.java:194)
	at org.openqa.selenium.devtools.Connection.lambda$handle$4(Connection.java:321)
	at java.base/java.util.stream.ForEachOps$ForEachOp$OfRef.accept(ForEachOps.java:183)
	at java.base/java.util.stream.ReferencePipeline$2$1.accept(ReferencePipeline.java:177)
	at java.base/java.util.stream.ReferencePipeline$11$1.accept(ReferencePipeline.java:442)
	at java.base/java.util.HashMap$KeySpliterator.forEachRemaining(HashMap.java:1621)
	at java.base/java.util.stream.AbstractPipeline.copyInto(AbstractPipeline.java:484)
	at java.base/java.util.stream.AbstractPipeline.wrapAndCopyInto(AbstractPipeline.java:474)
	at java.base/java.util.stream.ForEachOps$ForEachOp.evaluateSequential(ForEachOps.java:150)
	at java.base/java.util.stream.ForEachOps$ForEachOp$OfRef.evaluateSequential(ForEachOps.java:173)
	at java.base/java.util.stream.AbstractPipeline.evaluate(AbstractPipeline.java:234)
	at java.base/java.util.stream.ReferencePipeline.forEach(ReferencePipeline.java:497)
	at org.openqa.selenium.devtools.Connection.handle(Connection.java:287)
	at org.openqa.selenium.devtools.Connection.access$200(Connection.java:57)
	at org.openqa.selenium.devtools.Connection$Listener.lambda$onText$0(Connection.java:224)
	... 3 more
Caused by: org.openqa.selenium.WebDriverException: {"id":2076,"error":{"code":-32602,"message":"Invalid InterceptionId."},"sessionId":"69DE6D1A85B5D627489871F60443E14A"}
Build info: version: '4.11.0', revision: '040bc5406b'
System info: os.name: 'Windows 10', os.arch: 'amd64', os.version: '10.0', java.version: '11.0.18'
Driver info: driver.version: unknown
	at org.openqa.selenium.devtools.Connection.handle(Connection.java:260)
	... 5 more
авг. 16, 2023 4:22:37 PM org.openqa.selenium.devtools.Connection$Listener lambda$onText$0
WARNING: Unable to process: {"method":"Fetch.requestPaused","params":{"requestId":"interception-job-337.0","request":{"url":"http://localhost:8080/favicon.ico","method":"GET","headers":{"Accept":"image/avif,image/webp,image/apng,image/svg+xml,image/*,*/*;q=0.8","Referer":"http://localhost:8080/","User-Agent":"Mozilla/5.0 (Windows NT 10.0; Win64; x64) AppleWebKit/537.36 (KHTML, like Gecko) Chrome/116.0.0.0 Safari/537.36","sec-ch-ua":"\"Chromium\";v=\"116\", \"Not)A;Brand\";v=\"24\", \"Google Chrome\";v=\"116\"","sec-ch-ua-mobile":"?0","sec-ch-ua-platform":"\"Windows\""},"initialPriority":"High","referrerPolicy":"strict-origin-when-cross-origin"},"frameId":"D165F02B89151667DFD1BF49856829E7","resourceType":"Other"},"sessionId":"69DE6D1A85B5D627489871F60443E14A"}
org.openqa.selenium.devtools.DevToolsException: {"id":2077,"error":{"code":-32602,"message":"Invalid InterceptionId."},"sessionId":"69DE6D1A85B5D627489871F60443E14A"}
Build info: version: '4.11.0', revision: '040bc5406b'
System info: os.name: 'Windows 10', os.arch: 'amd64', os.version: '10.0', java.version: '11.0.18'
Driver info: driver.version: unknown
	at org.openqa.selenium.devtools.Connection.sendAndWait(Connection.java:181)
	at org.openqa.selenium.devtools.DevTools.send(DevTools.java:81)
	at org.openqa.selenium.devtools.idealized.Network.lambda$prepareToInterceptTraffic$3(Network.java:211)
	at org.openqa.selenium.remote.http.Filter.lambda$andFinally$1(Filter.java:55)
	at org.openqa.selenium.devtools.idealized.Network.lambda$prepareToInterceptTraffic$4(Network.java:226)
	at org.openqa.selenium.devtools.Connection.lambda$handle$4(Connection.java:321)
	at java.base/java.util.stream.ForEachOps$ForEachOp$OfRef.accept(ForEachOps.java:183)
	at java.base/java.util.stream.ReferencePipeline$2$1.accept(ReferencePipeline.java:177)
	at java.base/java.util.stream.ReferencePipeline$11$1.accept(ReferencePipeline.java:442)
	at java.base/java.util.HashMap$KeySpliterator.forEachRemaining(HashMap.java:1621)
	at java.base/java.util.stream.AbstractPipeline.copyInto(AbstractPipeline.java:484)
	at java.base/java.util.stream.AbstractPipeline.wrapAndCopyInto(AbstractPipeline.java:474)
	at java.base/java.util.stream.ForEachOps$ForEachOp.evaluateSequential(ForEachOps.java:150)
	at java.base/java.util.stream.ForEachOps$ForEachOp$OfRef.evaluateSequential(ForEachOps.java:173)
	at java.base/java.util.stream.AbstractPipeline.evaluate(AbstractPipeline.java:234)
	at java.base/java.util.stream.ReferencePipeline.forEach(ReferencePipeline.java:497)
	at org.openqa.selenium.devtools.Connection.handle(Connection.java:287)
	at org.openqa.selenium.devtools.Connection.access$200(Connection.java:57)
	at org.openqa.selenium.devtools.Connection$Listener.lambda$onText$0(Connection.java:224)
	at java.base/java.util.concurrent.ThreadPoolExecutor.runWorker(ThreadPoolExecutor.java:1128)
	at java.base/java.util.concurrent.ThreadPoolExecutor$Worker.run(ThreadPoolExecutor.java:628)
	at java.base/java.lang.Thread.run(Thread.java:829)
Caused by: org.openqa.selenium.WebDriverException: {"id":2077,"error":{"code":-32602,"message":"Invalid InterceptionId."},"sessionId":"69DE6D1A85B5D627489871F60443E14A"}
Build info: version: '4.11.0', revision: '040bc5406b'
System info: os.name: 'Windows 10', os.arch: 'amd64', os.version: '10.0', java.version: '11.0.18'
Driver info: driver.version: unknown
	at org.openqa.selenium.devtools.Connection.handle(Connection.java:260)
	... 5 more

Exception in thread "CDP Connection" org.openqa.selenium.devtools.DevToolsException: {"id":2077,"error":{"code":-32602,"message":"Invalid InterceptionId."},"sessionId":"69DE6D1A85B5D627489871F60443E14A"}
Build info: version: '4.11.0', revision: '040bc5406b'
System info: os.name: 'Windows 10', os.arch: 'amd64', os.version: '10.0', java.version: '11.0.18'
Driver info: driver.version: unknown
	at org.openqa.selenium.devtools.Connection$Listener.lambda$onText$0(Connection.java:227)
	at java.base/java.util.concurrent.ThreadPoolExecutor.runWorker(ThreadPoolExecutor.java:1128)
	at java.base/java.util.concurrent.ThreadPoolExecutor$Worker.run(ThreadPoolExecutor.java:628)
	at java.base/java.lang.Thread.run(Thread.java:829)
Caused by: org.openqa.selenium.devtools.DevToolsException: {"id":2077,"error":{"code":-32602,"message":"Invalid InterceptionId."},"sessionId":"69DE6D1A85B5D627489871F60443E14A"}
Build info: version: '4.11.0', revision: '040bc5406b'
System info: os.name: 'Windows 10', os.arch: 'amd64', os.version: '10.0', java.version: '11.0.18'
Driver info: driver.version: unknown
	at org.openqa.selenium.devtools.Connection.sendAndWait(Connection.java:181)
	at org.openqa.selenium.devtools.DevTools.send(DevTools.java:81)
	at org.openqa.selenium.devtools.idealized.Network.lambda$prepareToInterceptTraffic$3(Network.java:211)
	at org.openqa.selenium.remote.http.Filter.lambda$andFinally$1(Filter.java:55)
	at org.openqa.selenium.devtools.idealized.Network.lambda$prepareToInterceptTraffic$4(Network.java:226)
	at org.openqa.selenium.devtools.Connection.lambda$handle$4(Connection.java:321)
	at java.base/java.util.stream.ForEachOps$ForEachOp$OfRef.accept(ForEachOps.java:183)
	at java.base/java.util.stream.ReferencePipeline$2$1.accept(ReferencePipeline.java:177)
	at java.base/java.util.stream.ReferencePipeline$11$1.accept(ReferencePipeline.java:442)
	at java.base/java.util.HashMap$KeySpliterator.forEachRemaining(HashMap.java:1621)
	at java.base/java.util.stream.AbstractPipeline.copyInto(AbstractPipeline.java:484)
	at java.base/java.util.stream.AbstractPipeline.wrapAndCopyInto(AbstractPipeline.java:474)
	at java.base/java.util.stream.ForEachOps$ForEachOp.evaluateSequential(ForEachOps.java:150)
	at java.base/java.util.stream.ForEachOps$ForEachOp$OfRef.evaluateSequential(ForEachOps.java:173)
	at java.base/java.util.stream.AbstractPipeline.evaluate(AbstractPipeline.java:234)
	at java.base/java.util.stream.ReferencePipeline.forEach(ReferencePipeline.java:497)
	at org.openqa.selenium.devtools.Connection.handle(Connection.java:287)
	at org.openqa.selenium.devtools.Connection.access$200(Connection.java:57)
	at org.openqa.selenium.devtools.Connection$Listener.lambda$onText$0(Connection.java:224)
	... 3 more
Caused by: org.openqa.selenium.WebDriverException: {"id":2077,"error":{"code":-32602,"message":"Invalid InterceptionId."},"sessionId":"69DE6D1A85B5D627489871F60443E14A"}
Build info: version: '4.11.0', revision: '040bc5406b'
System info: os.name: 'Windows 10', os.arch: 'amd64', os.version: '10.0', java.version: '11.0.18'
Driver info: driver.version: unknown
	at org.openqa.selenium.devtools.Connection.handle(Connection.java:260)
	... 5 more
авг. 16, 2023 4:22:37 PM org.openqa.selenium.devtools.Connection$Listener lambda$onText$0
WARNING: Unable to process: {"method":"Fetch.requestPaused","params":{"requestId":"interception-job-338.0","request":{"url":"http://localhost:8080/logo192.png","method":"GET","headers":{"Accept":"image/avif,image/webp,image/apng,image/svg+xml,image/*,*/*;q=0.8","Referer":"http://localhost:8080/","User-Agent":"Mozilla/5.0 (Windows NT 10.0; Win64; x64) AppleWebKit/537.36 (KHTML, like Gecko) Chrome/116.0.0.0 Safari/537.36","sec-ch-ua":"\"Chromium\";v=\"116\", \"Not)A;Brand\";v=\"24\", \"Google Chrome\";v=\"116\"","sec-ch-ua-mobile":"?0","sec-ch-ua-platform":"\"Windows\""},"initialPriority":"High","referrerPolicy":"unsafe-url"},"frameId":"D165F02B89151667DFD1BF49856829E7","resourceType":"Image","responseStatusCode":200,"responseStatusText":"","responseHeaders":[{"name":"Vary","value":"Origin"},{"name":"Vary","value":"Access-Control-Request-Method"},{"name":"Vary","value":"Access-Control-Request-Headers"},{"name":"Last-Modified","value":"Thu, 03 Aug 2023 10:18:16 GMT"},{"name":"Accept-Ranges","value":"bytes"},{"name":"Content-Type","value":"image/png"},{"name":"Content-Length","value":"8581"},{"name":"Date","value":"Wed, 16 Aug 2023 13:20:23 GMT"}]},"sessionId":"69DE6D1A85B5D627489871F60443E14A"}
org.openqa.selenium.devtools.DevToolsException: {"id":2081,"error":{"code":-32602,"message":"Invalid InterceptionId."},"sessionId":"69DE6D1A85B5D627489871F60443E14A"}
Build info: version: '4.11.0', revision: '040bc5406b'
System info: os.name: 'Windows 10', os.arch: 'amd64', os.version: '10.0', java.version: '11.0.18'
Driver info: driver.version: unknown
	at org.openqa.selenium.devtools.Connection.sendAndWait(Connection.java:181)
	at org.openqa.selenium.devtools.DevTools.send(DevTools.java:81)
	at org.openqa.selenium.devtools.idealized.Network.lambda$prepareToInterceptTraffic$4(Network.java:194)
	at org.openqa.selenium.devtools.Connection.lambda$handle$4(Connection.java:321)
	at java.base/java.util.stream.ForEachOps$ForEachOp$OfRef.accept(ForEachOps.java:183)
	at java.base/java.util.stream.ReferencePipeline$2$1.accept(ReferencePipeline.java:177)
	at java.base/java.util.stream.ReferencePipeline$11$1.accept(ReferencePipeline.java:442)
	at java.base/java.util.HashMap$KeySpliterator.forEachRemaining(HashMap.java:1621)
	at java.base/java.util.stream.AbstractPipeline.copyInto(AbstractPipeline.java:484)
	at java.base/java.util.stream.AbstractPipeline.wrapAndCopyInto(AbstractPipeline.java:474)
	at java.base/java.util.stream.ForEachOps$ForEachOp.evaluateSequential(ForEachOps.java:150)
	at java.base/java.util.stream.ForEachOps$ForEachOp$OfRef.evaluateSequential(ForEachOps.java:173)
	at java.base/java.util.stream.AbstractPipeline.evaluate(AbstractPipeline.java:234)
	at java.base/java.util.stream.ReferencePipeline.forEach(ReferencePipeline.java:497)
	at org.openqa.selenium.devtools.Connection.handle(Connection.java:287)
	at org.openqa.selenium.devtools.Connection.access$200(Connection.java:57)
	at org.openqa.selenium.devtools.Connection$Listener.lambda$onText$0(Connection.java:224)
	at java.base/java.util.concurrent.ThreadPoolExecutor.runWorker(ThreadPoolExecutor.java:1128)
	at java.base/java.util.concurrent.ThreadPoolExecutor$Worker.run(ThreadPoolExecutor.java:628)
	at java.base/java.lang.Thread.run(Thread.java:829)
Caused by: org.openqa.selenium.WebDriverException: {"id":2081,"error":{"code":-32602,"message":"Invalid InterceptionId."},"sessionId":"69DE6D1A85B5D627489871F60443E14A"}
Build info: version: '4.11.0', revision: '040bc5406b'
System info: os.name: 'Windows 10', os.arch: 'amd64', os.version: '10.0', java.version: '11.0.18'
Driver info: driver.version: unknown
	at org.openqa.selenium.devtools.Connection.handle(Connection.java:260)
	... 5 more

Exception in thread "CDP Connection" org.openqa.selenium.devtools.DevToolsException: {"id":2081,"error":{"code":-32602,"message":"Invalid InterceptionId."},"sessionId":"69DE6D1A85B5D627489871F60443E14A"}
Build info: version: '4.11.0', revision: '040bc5406b'
System info: os.name: 'Windows 10', os.arch: 'amd64', os.version: '10.0', java.version: '11.0.18'
Driver info: driver.version: unknown
	at org.openqa.selenium.devtools.Connection$Listener.lambda$onText$0(Connection.java:227)
	at java.base/java.util.concurrent.ThreadPoolExecutor.runWorker(ThreadPoolExecutor.java:1128)
	at java.base/java.util.concurrent.ThreadPoolExecutor$Worker.run(ThreadPoolExecutor.java:628)
	at java.base/java.lang.Thread.run(Thread.java:829)
Caused by: org.openqa.selenium.devtools.DevToolsException: {"id":2081,"error":{"code":-32602,"message":"Invalid InterceptionId."},"sessionId":"69DE6D1A85B5D627489871F60443E14A"}
Build info: version: '4.11.0', revision: '040bc5406b'
System info: os.name: 'Windows 10', os.arch: 'amd64', os.version: '10.0', java.version: '11.0.18'
Driver info: driver.version: unknown
	at org.openqa.selenium.devtools.Connection.sendAndWait(Connection.java:181)
	at org.openqa.selenium.devtools.DevTools.send(DevTools.java:81)
	at org.openqa.selenium.devtools.idealized.Network.lambda$prepareToInterceptTraffic$4(Network.java:194)
	at org.openqa.selenium.devtools.Connection.lambda$handle$4(Connection.java:321)
	at java.base/java.util.stream.ForEachOps$ForEachOp$OfRef.accept(ForEachOps.java:183)
	at java.base/java.util.stream.ReferencePipeline$2$1.accept(ReferencePipeline.java:177)
	at java.base/java.util.stream.ReferencePipeline$11$1.accept(ReferencePipeline.java:442)
	at java.base/java.util.HashMap$KeySpliterator.forEachRemaining(HashMap.java:1621)
	at java.base/java.util.stream.AbstractPipeline.copyInto(AbstractPipeline.java:484)
	at java.base/java.util.stream.AbstractPipeline.wrapAndCopyInto(AbstractPipeline.java:474)
	at java.base/java.util.stream.ForEachOps$ForEachOp.evaluateSequential(ForEachOps.java:150)
	at java.base/java.util.stream.ForEachOps$ForEachOp$OfRef.evaluateSequential(ForEachOps.java:173)
	at java.base/java.util.stream.AbstractPipeline.evaluate(AbstractPipeline.java:234)
	at java.base/java.util.stream.ReferencePipeline.forEach(ReferencePipeline.java:497)
	at org.openqa.selenium.devtools.Connection.handle(Connection.java:287)
	at org.openqa.selenium.devtools.Connection.access$200(Connection.java:57)
	at org.openqa.selenium.devtools.Connection$Listener.lambda$onText$0(Connection.java:224)
	... 3 more
Caused by: org.openqa.selenium.WebDriverException: {"id":2081,"error":{"code":-32602,"message":"Invalid InterceptionId."},"sessionId":"69DE6D1A85B5D627489871F60443E14A"}
Build info: version: '4.11.0', revision: '040bc5406b'
System info: os.name: 'Windows 10', os.arch: 'amd64', os.version: '10.0', java.version: '11.0.18'
Driver info: driver.version: unknown
	at org.openqa.selenium.devtools.Connection.handle(Connection.java:260)
	... 5 more
авг. 16, 2023 4:22:37 PM org.openqa.selenium.devtools.Connection$Listener lambda$onText$0
WARNING: Unable to process: {"method":"Fetch.requestPaused","params":{"requestId":"interception-job-338.0","request":{"url":"http://localhost:8080/logo192.png","method":"GET","headers":{"Accept":"image/avif,image/webp,image/apng,image/svg+xml,image/*,*/*;q=0.8","Referer":"http://localhost:8080/","User-Agent":"Mozilla/5.0 (Windows NT 10.0; Win64; x64) AppleWebKit/537.36 (KHTML, like Gecko) Chrome/116.0.0.0 Safari/537.36","sec-ch-ua":"\"Chromium\";v=\"116\", \"Not)A;Brand\";v=\"24\", \"Google Chrome\";v=\"116\"","sec-ch-ua-mobile":"?0","sec-ch-ua-platform":"\"Windows\""},"initialPriority":"High","referrerPolicy":"strict-origin-when-cross-origin"},"frameId":"D165F02B89151667DFD1BF49856829E7","resourceType":"Image"},"sessionId":"69DE6D1A85B5D627489871F60443E14A"}
org.openqa.selenium.devtools.DevToolsException: {"id":2082,"error":{"code":-32602,"message":"Invalid InterceptionId."},"sessionId":"69DE6D1A85B5D627489871F60443E14A"}
Build info: version: '4.11.0', revision: '040bc5406b'
System info: os.name: 'Windows 10', os.arch: 'amd64', os.version: '10.0', java.version: '11.0.18'
Driver info: driver.version: unknown
	at org.openqa.selenium.devtools.Connection.sendAndWait(Connection.java:181)
	at org.openqa.selenium.devtools.DevTools.send(DevTools.java:81)
	at org.openqa.selenium.devtools.idealized.Network.lambda$prepareToInterceptTraffic$3(Network.java:211)
	at org.openqa.selenium.remote.http.Filter.lambda$andFinally$1(Filter.java:55)
	at org.openqa.selenium.devtools.idealized.Network.lambda$prepareToInterceptTraffic$4(Network.java:226)
	at org.openqa.selenium.devtools.Connection.lambda$handle$4(Connection.java:321)
	at java.base/java.util.stream.ForEachOps$ForEachOp$OfRef.accept(ForEachOps.java:183)
	at java.base/java.util.stream.ReferencePipeline$2$1.accept(ReferencePipeline.java:177)
	at java.base/java.util.stream.ReferencePipeline$11$1.accept(ReferencePipeline.java:442)
	at java.base/java.util.HashMap$KeySpliterator.forEachRemaining(HashMap.java:1621)
	at java.base/java.util.stream.AbstractPipeline.copyInto(AbstractPipeline.java:484)
	at java.base/java.util.stream.AbstractPipeline.wrapAndCopyInto(AbstractPipeline.java:474)
	at java.base/java.util.stream.ForEachOps$ForEachOp.evaluateSequential(ForEachOps.java:150)
	at java.base/java.util.stream.ForEachOps$ForEachOp$OfRef.evaluateSequential(ForEachOps.java:173)
	at java.base/java.util.stream.AbstractPipeline.evaluate(AbstractPipeline.java:234)
	at java.base/java.util.stream.ReferencePipeline.forEach(ReferencePipeline.java:497)
	at org.openqa.selenium.devtools.Connection.handle(Connection.java:287)
	at org.openqa.selenium.devtools.Connection.access$200(Connection.java:57)
	at org.openqa.selenium.devtools.Connection$Listener.lambda$onText$0(Connection.java:224)
	at java.base/java.util.concurrent.ThreadPoolExecutor.runWorker(ThreadPoolExecutor.java:1128)
	at java.base/java.util.concurrent.ThreadPoolExecutor$Worker.run(ThreadPoolExecutor.java:628)
	at java.base/java.lang.Thread.run(Thread.java:829)
Caused by: org.openqa.selenium.WebDriverException: {"id":2082,"error":{"code":-32602,"message":"Invalid InterceptionId."},"sessionId":"69DE6D1A85B5D627489871F60443E14A"}
Build info: version: '4.11.0', revision: '040bc5406b'
System info: os.name: 'Windows 10', os.arch: 'amd64', os.version: '10.0', java.version: '11.0.18'
Driver info: driver.version: unknown
	at org.openqa.selenium.devtools.Connection.handle(Connection.java:260)
	... 5 more

Exception in thread "CDP Connection" org.openqa.selenium.devtools.DevToolsException: {"id":2082,"error":{"code":-32602,"message":"Invalid InterceptionId."},"sessionId":"69DE6D1A85B5D627489871F60443E14A"}
Build info: version: '4.11.0', revision: '040bc5406b'
System info: os.name: 'Windows 10', os.arch: 'amd64', os.version: '10.0', java.version: '11.0.18'
Driver info: driver.version: unknown
	at org.openqa.selenium.devtools.Connection$Listener.lambda$onText$0(Connection.java:227)
	at java.base/java.util.concurrent.ThreadPoolExecutor.runWorker(ThreadPoolExecutor.java:1128)
	at java.base/java.util.concurrent.ThreadPoolExecutor$Worker.run(ThreadPoolExecutor.java:628)
	at java.base/java.lang.Thread.run(Thread.java:829)
Caused by: org.openqa.selenium.devtools.DevToolsException: {"id":2082,"error":{"code":-32602,"message":"Invalid InterceptionId."},"sessionId":"69DE6D1A85B5D627489871F60443E14A"}
Build info: version: '4.11.0', revision: '040bc5406b'
System info: os.name: 'Windows 10', os.arch: 'amd64', os.version: '10.0', java.version: '11.0.18'
Driver info: driver.version: unknown
	at org.openqa.selenium.devtools.Connection.sendAndWait(Connection.java:181)
	at org.openqa.selenium.devtools.DevTools.send(DevTools.java:81)
	at org.openqa.selenium.devtools.idealized.Network.lambda$prepareToInterceptTraffic$3(Network.java:211)
	at org.openqa.selenium.remote.http.Filter.lambda$andFinally$1(Filter.java:55)
	at org.openqa.selenium.devtools.idealized.Network.lambda$prepareToInterceptTraffic$4(Network.java:226)
	at org.openqa.selenium.devtools.Connection.lambda$handle$4(Connection.java:321)
	at java.base/java.util.stream.ForEachOps$ForEachOp$OfRef.accept(ForEachOps.java:183)
	at java.base/java.util.stream.ReferencePipeline$2$1.accept(ReferencePipeline.java:177)
	at java.base/java.util.stream.ReferencePipeline$11$1.accept(ReferencePipeline.java:442)
	at java.base/java.util.HashMap$KeySpliterator.forEachRemaining(HashMap.java:1621)
	at java.base/java.util.stream.AbstractPipeline.copyInto(AbstractPipeline.java:484)
	at java.base/java.util.stream.AbstractPipeline.wrapAndCopyInto(AbstractPipeline.java:474)
	at java.base/java.util.stream.ForEachOps$ForEachOp.evaluateSequential(ForEachOps.java:150)
	at java.base/java.util.stream.ForEachOps$ForEachOp$OfRef.evaluateSequential(ForEachOps.java:173)
	at java.base/java.util.stream.AbstractPipeline.evaluate(AbstractPipeline.java:234)
	at java.base/java.util.stream.ReferencePipeline.forEach(ReferencePipeline.java:497)
	at org.openqa.selenium.devtools.Connection.handle(Connection.java:287)
	at org.openqa.selenium.devtools.Connection.access$200(Connection.java:57)
	at org.openqa.selenium.devtools.Connection$Listener.lambda$onText$0(Connection.java:224)
	... 3 more
Caused by: org.openqa.selenium.WebDriverException: {"id":2082,"error":{"code":-32602,"message":"Invalid InterceptionId."},"sessionId":"69DE6D1A85B5D627489871F60443E14A"}
Build info: version: '4.11.0', revision: '040bc5406b'
System info: os.name: 'Windows 10', os.arch: 'amd64', os.version: '10.0', java.version: '11.0.18'
Driver info: driver.version: unknown
	at org.openqa.selenium.devtools.Connection.handle(Connection.java:260)
	... 5 more
авг. 16, 2023 4:22:37 PM org.openqa.selenium.devtools.Connection$Listener lambda$onText$0
WARNING: Unable to process: {"method":"Fetch.requestPaused","params":{"requestId":"interception-job-339.0","request":{"url":"http://localhost:8080/static/media/icon_ok_m_white.5987da79.svg","method":"GET","headers":{"Accept":"image/avif,image/webp,image/apng,image/svg+xml,image/*,*/*;q=0.8","Referer":"http://localhost:8080/static/css/2.7d875902.chunk.css","User-Agent":"Mozilla/5.0 (Windows NT 10.0; Win64; x64) AppleWebKit/537.36 (KHTML, like Gecko) Chrome/116.0.0.0 Safari/537.36","sec-ch-ua":"\"Chromium\";v=\"116\", \"Not)A;Brand\";v=\"24\", \"Google Chrome\";v=\"116\"","sec-ch-ua-mobile":"?0","sec-ch-ua-platform":"\"Windows\""},"initialPriority":"Low","referrerPolicy":"unsafe-url"},"frameId":"D165F02B89151667DFD1BF49856829E7","resourceType":"Image","responseStatusCode":200,"responseStatusText":"","responseHeaders":[{"name":"Vary","value":"Origin"},{"name":"Vary","value":"Access-Control-Request-Method"},{"name":"Vary","value":"Access-Control-Request-Headers"},{"name":"Last-Modified","value":"Thu, 03 Aug 2023 10:18:16 GMT"},{"name":"Accept-Ranges","value":"bytes"},{"name":"Content-Type","value":"image/svg+xml"},{"name":"Content-Length","value":"687"},{"name":"Date","value":"Wed, 16 Aug 2023 13:20:24 GMT"}]},"sessionId":"69DE6D1A85B5D627489871F60443E14A"}
org.openqa.selenium.devtools.DevToolsException: {"id":2091,"error":{"code":-32602,"message":"Invalid InterceptionId."},"sessionId":"69DE6D1A85B5D627489871F60443E14A"}
Build info: version: '4.11.0', revision: '040bc5406b'
System info: os.name: 'Windows 10', os.arch: 'amd64', os.version: '10.0', java.version: '11.0.18'
Driver info: driver.version: unknown
	at org.openqa.selenium.devtools.Connection.sendAndWait(Connection.java:181)
	at org.openqa.selenium.devtools.DevTools.send(DevTools.java:81)
	at org.openqa.selenium.devtools.idealized.Network.lambda$prepareToInterceptTraffic$4(Network.java:194)
	at org.openqa.selenium.devtools.Connection.lambda$handle$4(Connection.java:321)
	at java.base/java.util.stream.ForEachOps$ForEachOp$OfRef.accept(ForEachOps.java:183)
	at java.base/java.util.stream.ReferencePipeline$2$1.accept(ReferencePipeline.java:177)
	at java.base/java.util.stream.ReferencePipeline$11$1.accept(ReferencePipeline.java:442)
	at java.base/java.util.HashMap$KeySpliterator.forEachRemaining(HashMap.java:1621)
	at java.base/java.util.stream.AbstractPipeline.copyInto(AbstractPipeline.java:484)
	at java.base/java.util.stream.AbstractPipeline.wrapAndCopyInto(AbstractPipeline.java:474)
	at java.base/java.util.stream.ForEachOps$ForEachOp.evaluateSequential(ForEachOps.java:150)
	at java.base/java.util.stream.ForEachOps$ForEachOp$OfRef.evaluateSequential(ForEachOps.java:173)
	at java.base/java.util.stream.AbstractPipeline.evaluate(AbstractPipeline.java:234)
	at java.base/java.util.stream.ReferencePipeline.forEach(ReferencePipeline.java:497)
	at org.openqa.selenium.devtools.Connection.handle(Connection.java:287)
	at org.openqa.selenium.devtools.Connection.access$200(Connection.java:57)
	at org.openqa.selenium.devtools.Connection$Listener.lambda$onText$0(Connection.java:224)
	at java.base/java.util.concurrent.ThreadPoolExecutor.runWorker(ThreadPoolExecutor.java:1128)
	at java.base/java.util.concurrent.ThreadPoolExecutor$Worker.run(ThreadPoolExecutor.java:628)
	at java.base/java.lang.Thread.run(Thread.java:829)
Caused by: org.openqa.selenium.WebDriverException: {"id":2091,"error":{"code":-32602,"message":"Invalid InterceptionId."},"sessionId":"69DE6D1A85B5D627489871F60443E14A"}
Build info: version: '4.11.0', revision: '040bc5406b'
System info: os.name: 'Windows 10', os.arch: 'amd64', os.version: '10.0', java.version: '11.0.18'
Driver info: driver.version: unknown
	at org.openqa.selenium.devtools.Connection.handle(Connection.java:260)
	... 5 more

Exception in thread "CDP Connection" org.openqa.selenium.devtools.DevToolsException: {"id":2091,"error":{"code":-32602,"message":"Invalid InterceptionId."},"sessionId":"69DE6D1A85B5D627489871F60443E14A"}
Build info: version: '4.11.0', revision: '040bc5406b'
System info: os.name: 'Windows 10', os.arch: 'amd64', os.version: '10.0', java.version: '11.0.18'
Driver info: driver.version: unknown
	at org.openqa.selenium.devtools.Connection$Listener.lambda$onText$0(Connection.java:227)
	at java.base/java.util.concurrent.ThreadPoolExecutor.runWorker(ThreadPoolExecutor.java:1128)
	at java.base/java.util.concurrent.ThreadPoolExecutor$Worker.run(ThreadPoolExecutor.java:628)
	at java.base/java.lang.Thread.run(Thread.java:829)
Caused by: org.openqa.selenium.devtools.DevToolsException: {"id":2091,"error":{"code":-32602,"message":"Invalid InterceptionId."},"sessionId":"69DE6D1A85B5D627489871F60443E14A"}
Build info: version: '4.11.0', revision: '040bc5406b'
System info: os.name: 'Windows 10', os.arch: 'amd64', os.version: '10.0', java.version: '11.0.18'
Driver info: driver.version: unknown
	at org.openqa.selenium.devtools.Connection.sendAndWait(Connection.java:181)
	at org.openqa.selenium.devtools.DevTools.send(DevTools.java:81)
	at org.openqa.selenium.devtools.idealized.Network.lambda$prepareToInterceptTraffic$4(Network.java:194)
	at org.openqa.selenium.devtools.Connection.lambda$handle$4(Connection.java:321)
	at java.base/java.util.stream.ForEachOps$ForEachOp$OfRef.accept(ForEachOps.java:183)
	at java.base/java.util.stream.ReferencePipeline$2$1.accept(ReferencePipeline.java:177)
	at java.base/java.util.stream.ReferencePipeline$11$1.accept(ReferencePipeline.java:442)
	at java.base/java.util.HashMap$KeySpliterator.forEachRemaining(HashMap.java:1621)
	at java.base/java.util.stream.AbstractPipeline.copyInto(AbstractPipeline.java:484)
	at java.base/java.util.stream.AbstractPipeline.wrapAndCopyInto(AbstractPipeline.java:474)
	at java.base/java.util.stream.ForEachOps$ForEachOp.evaluateSequential(ForEachOps.java:150)
	at java.base/java.util.stream.ForEachOps$ForEachOp$OfRef.evaluateSequential(ForEachOps.java:173)
	at java.base/java.util.stream.AbstractPipeline.evaluate(AbstractPipeline.java:234)
	at java.base/java.util.stream.ReferencePipeline.forEach(ReferencePipeline.java:497)
	at org.openqa.selenium.devtools.Connection.handle(Connection.java:287)
	at org.openqa.selenium.devtools.Connection.access$200(Connection.java:57)
	at org.openqa.selenium.devtools.Connection$Listener.lambda$onText$0(Connection.java:224)
	... 3 more
Caused by: org.openqa.selenium.WebDriverException: {"id":2091,"error":{"code":-32602,"message":"Invalid InterceptionId."},"sessionId":"69DE6D1A85B5D627489871F60443E14A"}
Build info: version: '4.11.0', revision: '040bc5406b'
System info: os.name: 'Windows 10', os.arch: 'amd64', os.version: '10.0', java.version: '11.0.18'
Driver info: driver.version: unknown
	at org.openqa.selenium.devtools.Connection.handle(Connection.java:260)
	... 5 more
авг. 16, 2023 4:22:37 PM org.openqa.selenium.devtools.Connection$Listener lambda$onText$0
WARNING: Unable to process: {"method":"Fetch.requestPaused","params":{"requestId":"interception-job-339.0","request":{"url":"http://localhost:8080/static/media/icon_ok_m_white.5987da79.svg","method":"GET","headers":{"Accept":"image/avif,image/webp,image/apng,image/svg+xml,image/*,*/*;q=0.8","Referer":"http://localhost:8080/static/css/2.7d875902.chunk.css","User-Agent":"Mozilla/5.0 (Windows NT 10.0; Win64; x64) AppleWebKit/537.36 (KHTML, like Gecko) Chrome/116.0.0.0 Safari/537.36","sec-ch-ua":"\"Chromium\";v=\"116\", \"Not)A;Brand\";v=\"24\", \"Google Chrome\";v=\"116\"","sec-ch-ua-mobile":"?0","sec-ch-ua-platform":"\"Windows\""},"initialPriority":"Low","referrerPolicy":"strict-origin-when-cross-origin"},"frameId":"D165F02B89151667DFD1BF49856829E7","resourceType":"Image"},"sessionId":"69DE6D1A85B5D627489871F60443E14A"}
org.openqa.selenium.devtools.DevToolsException: {"id":2092,"error":{"code":-32602,"message":"Invalid InterceptionId."},"sessionId":"69DE6D1A85B5D627489871F60443E14A"}
Build info: version: '4.11.0', revision: '040bc5406b'
System info: os.name: 'Windows 10', os.arch: 'amd64', os.version: '10.0', java.version: '11.0.18'
Driver info: driver.version: unknown
	at org.openqa.selenium.devtools.Connection.sendAndWait(Connection.java:181)
	at org.openqa.selenium.devtools.DevTools.send(DevTools.java:81)
	at org.openqa.selenium.devtools.idealized.Network.lambda$prepareToInterceptTraffic$3(Network.java:211)
	at org.openqa.selenium.remote.http.Filter.lambda$andFinally$1(Filter.java:55)
	at org.openqa.selenium.devtools.idealized.Network.lambda$prepareToInterceptTraffic$4(Network.java:226)
	at org.openqa.selenium.devtools.Connection.lambda$handle$4(Connection.java:321)
	at java.base/java.util.stream.ForEachOps$ForEachOp$OfRef.accept(ForEachOps.java:183)
	at java.base/java.util.stream.ReferencePipeline$2$1.accept(ReferencePipeline.java:177)
	at java.base/java.util.stream.ReferencePipeline$11$1.accept(ReferencePipeline.java:442)
	at java.base/java.util.HashMap$KeySpliterator.forEachRemaining(HashMap.java:1621)
	at java.base/java.util.stream.AbstractPipeline.copyInto(AbstractPipeline.java:484)
	at java.base/java.util.stream.AbstractPipeline.wrapAndCopyInto(AbstractPipeline.java:474)
	at java.base/java.util.stream.ForEachOps$ForEachOp.evaluateSequential(ForEachOps.java:150)
	at java.base/java.util.stream.ForEachOps$ForEachOp$OfRef.evaluateSequential(ForEachOps.java:173)
	at java.base/java.util.stream.AbstractPipeline.evaluate(AbstractPipeline.java:234)
	at java.base/java.util.stream.ReferencePipeline.forEach(ReferencePipeline.java:497)
	at org.openqa.selenium.devtools.Connection.handle(Connection.java:287)
	at org.openqa.selenium.devtools.Connection.access$200(Connection.java:57)
	at org.openqa.selenium.devtools.Connection$Listener.lambda$onText$0(Connection.java:224)
	at java.base/java.util.concurrent.ThreadPoolExecutor.runWorker(ThreadPoolExecutor.java:1128)
	at java.base/java.util.concurrent.ThreadPoolExecutor$Worker.run(ThreadPoolExecutor.java:628)
	at java.base/java.lang.Thread.run(Thread.java:829)
Caused by: org.openqa.selenium.WebDriverException: {"id":2092,"error":{"code":-32602,"message":"Invalid InterceptionId."},"sessionId":"69DE6D1A85B5D627489871F60443E14A"}
Build info: version: '4.11.0', revision: '040bc5406b'
System info: os.name: 'Windows 10', os.arch: 'amd64', os.version: '10.0', java.version: '11.0.18'
Driver info: driver.version: unknown
	at org.openqa.selenium.devtools.Connection.handle(Connection.java:260)
	... 5 more

Exception in thread "CDP Connection" org.openqa.selenium.devtools.DevToolsException: {"id":2092,"error":{"code":-32602,"message":"Invalid InterceptionId."},"sessionId":"69DE6D1A85B5D627489871F60443E14A"}
Build info: version: '4.11.0', revision: '040bc5406b'
System info: os.name: 'Windows 10', os.arch: 'amd64', os.version: '10.0', java.version: '11.0.18'
Driver info: driver.version: unknown
	at org.openqa.selenium.devtools.Connection$Listener.lambda$onText$0(Connection.java:227)
	at java.base/java.util.concurrent.ThreadPoolExecutor.runWorker(ThreadPoolExecutor.java:1128)
	at java.base/java.util.concurrent.ThreadPoolExecutor$Worker.run(ThreadPoolExecutor.java:628)
	at java.base/java.lang.Thread.run(Thread.java:829)
Caused by: org.openqa.selenium.devtools.DevToolsException: {"id":2092,"error":{"code":-32602,"message":"Invalid InterceptionId."},"sessionId":"69DE6D1A85B5D627489871F60443E14A"}
Build info: version: '4.11.0', revision: '040bc5406b'
System info: os.name: 'Windows 10', os.arch: 'amd64', os.version: '10.0', java.version: '11.0.18'
Driver info: driver.version: unknown
	at org.openqa.selenium.devtools.Connection.sendAndWait(Connection.java:181)
	at org.openqa.selenium.devtools.DevTools.send(DevTools.java:81)
	at org.openqa.selenium.devtools.idealized.Network.lambda$prepareToInterceptTraffic$3(Network.java:211)
	at org.openqa.selenium.remote.http.Filter.lambda$andFinally$1(Filter.java:55)
	at org.openqa.selenium.devtools.idealized.Network.lambda$prepareToInterceptTraffic$4(Network.java:226)
	at org.openqa.selenium.devtools.Connection.lambda$handle$4(Connection.java:321)
	at java.base/java.util.stream.ForEachOps$ForEachOp$OfRef.accept(ForEachOps.java:183)
	at java.base/java.util.stream.ReferencePipeline$2$1.accept(ReferencePipeline.java:177)
	at java.base/java.util.stream.ReferencePipeline$11$1.accept(ReferencePipeline.java:442)
	at java.base/java.util.HashMap$KeySpliterator.forEachRemaining(HashMap.java:1621)
	at java.base/java.util.stream.AbstractPipeline.copyInto(AbstractPipeline.java:484)
	at java.base/java.util.stream.AbstractPipeline.wrapAndCopyInto(AbstractPipeline.java:474)
	at java.base/java.util.stream.ForEachOps$ForEachOp.evaluateSequential(ForEachOps.java:150)
	at java.base/java.util.stream.ForEachOps$ForEachOp$OfRef.evaluateSequential(ForEachOps.java:173)
	at java.base/java.util.stream.AbstractPipeline.evaluate(AbstractPipeline.java:234)
	at java.base/java.util.stream.ReferencePipeline.forEach(ReferencePipeline.java:497)
	at org.openqa.selenium.devtools.Connection.handle(Connection.java:287)
	at org.openqa.selenium.devtools.Connection.access$200(Connection.java:57)
	at org.openqa.selenium.devtools.Connection$Listener.lambda$onText$0(Connection.java:224)
	... 3 more
Caused by: org.openqa.selenium.WebDriverException: {"id":2092,"error":{"code":-32602,"message":"Invalid InterceptionId."},"sessionId":"69DE6D1A85B5D627489871F60443E14A"}
Build info: version: '4.11.0', revision: '040bc5406b'
System info: os.name: 'Windows 10', os.arch: 'amd64', os.version: '10.0', java.version: '11.0.18'
Driver info: driver.version: unknown
	at org.openqa.selenium.devtools.Connection.handle(Connection.java:260)
	... 5 more
авг. 16, 2023 4:22:37 PM org.openqa.selenium.devtools.Connection$Listener lambda$onText$0
WARNING: Unable to process: {"method":"Fetch.requestPaused","params":{"requestId":"interception-job-341.0","request":{"url":"http://localhost:8080/static/media/icon_error_m_white.143ec85a.svg","method":"GET","headers":{"Accept":"image/avif,image/webp,image/apng,image/svg+xml,image/*,*/*;q=0.8","Referer":"http://localhost:8080/static/css/2.7d875902.chunk.css","User-Agent":"Mozilla/5.0 (Windows NT 10.0; Win64; x64) AppleWebKit/537.36 (KHTML, like Gecko) Chrome/116.0.0.0 Safari/537.36","sec-ch-ua":"\"Chromium\";v=\"116\", \"Not)A;Brand\";v=\"24\", \"Google Chrome\";v=\"116\"","sec-ch-ua-mobile":"?0","sec-ch-ua-platform":"\"Windows\""},"initialPriority":"Low","referrerPolicy":"unsafe-url"},"frameId":"D165F02B89151667DFD1BF49856829E7","resourceType":"Image","responseStatusCode":200,"responseStatusText":"","responseHeaders":[{"name":"Vary","value":"Origin"},{"name":"Vary","value":"Access-Control-Request-Method"},{"name":"Vary","value":"Access-Control-Request-Headers"},{"name":"Last-Modified","value":"Thu, 03 Aug 2023 10:18:16 GMT"},{"name":"Accept-Ranges","value":"bytes"},{"name":"Content-Type","value":"image/svg+xml"},{"name":"Content-Length","value":"380"},{"name":"Date","value":"Wed, 16 Aug 2023 13:20:24 GMT"}]},"sessionId":"69DE6D1A85B5D627489871F60443E14A"}
org.openqa.selenium.devtools.DevToolsException: {"id":2098,"error":{"code":-32602,"message":"Invalid InterceptionId."},"sessionId":"69DE6D1A85B5D627489871F60443E14A"}
Build info: version: '4.11.0', revision: '040bc5406b'
System info: os.name: 'Windows 10', os.arch: 'amd64', os.version: '10.0', java.version: '11.0.18'
Driver info: driver.version: unknown
	at org.openqa.selenium.devtools.Connection.sendAndWait(Connection.java:181)
	at org.openqa.selenium.devtools.DevTools.send(DevTools.java:81)
	at org.openqa.selenium.devtools.idealized.Network.lambda$prepareToInterceptTraffic$4(Network.java:194)
	at org.openqa.selenium.devtools.Connection.lambda$handle$4(Connection.java:321)
	at java.base/java.util.stream.ForEachOps$ForEachOp$OfRef.accept(ForEachOps.java:183)
	at java.base/java.util.stream.ReferencePipeline$2$1.accept(ReferencePipeline.java:177)
	at java.base/java.util.stream.ReferencePipeline$11$1.accept(ReferencePipeline.java:442)
	at java.base/java.util.HashMap$KeySpliterator.forEachRemaining(HashMap.java:1621)
	at java.base/java.util.stream.AbstractPipeline.copyInto(AbstractPipeline.java:484)
	at java.base/java.util.stream.AbstractPipeline.wrapAndCopyInto(AbstractPipeline.java:474)
	at java.base/java.util.stream.ForEachOps$ForEachOp.evaluateSequential(ForEachOps.java:150)
	at java.base/java.util.stream.ForEachOps$ForEachOp$OfRef.evaluateSequential(ForEachOps.java:173)
	at java.base/java.util.stream.AbstractPipeline.evaluate(AbstractPipeline.java:234)
	at java.base/java.util.stream.ReferencePipeline.forEach(ReferencePipeline.java:497)
	at org.openqa.selenium.devtools.Connection.handle(Connection.java:287)
	at org.openqa.selenium.devtools.Connection.access$200(Connection.java:57)
	at org.openqa.selenium.devtools.Connection$Listener.lambda$onText$0(Connection.java:224)
	at java.base/java.util.concurrent.ThreadPoolExecutor.runWorker(ThreadPoolExecutor.java:1128)
	at java.base/java.util.concurrent.ThreadPoolExecutor$Worker.run(ThreadPoolExecutor.java:628)
	at java.base/java.lang.Thread.run(Thread.java:829)
Caused by: org.openqa.selenium.WebDriverException: {"id":2098,"error":{"code":-32602,"message":"Invalid InterceptionId."},"sessionId":"69DE6D1A85B5D627489871F60443E14A"}
Build info: version: '4.11.0', revision: '040bc5406b'
System info: os.name: 'Windows 10', os.arch: 'amd64', os.version: '10.0', java.version: '11.0.18'
Driver info: driver.version: unknown
	at org.openqa.selenium.devtools.Connection.handle(Connection.java:260)
	... 5 more

Exception in thread "CDP Connection" org.openqa.selenium.devtools.DevToolsException: {"id":2098,"error":{"code":-32602,"message":"Invalid InterceptionId."},"sessionId":"69DE6D1A85B5D627489871F60443E14A"}
Build info: version: '4.11.0', revision: '040bc5406b'
System info: os.name: 'Windows 10', os.arch: 'amd64', os.version: '10.0', java.version: '11.0.18'
Driver info: driver.version: unknown
	at org.openqa.selenium.devtools.Connection$Listener.lambda$onText$0(Connection.java:227)
	at java.base/java.util.concurrent.ThreadPoolExecutor.runWorker(ThreadPoolExecutor.java:1128)
	at java.base/java.util.concurrent.ThreadPoolExecutor$Worker.run(ThreadPoolExecutor.java:628)
	at java.base/java.lang.Thread.run(Thread.java:829)
Caused by: org.openqa.selenium.devtools.DevToolsException: {"id":2098,"error":{"code":-32602,"message":"Invalid InterceptionId."},"sessionId":"69DE6D1A85B5D627489871F60443E14A"}
Build info: version: '4.11.0', revision: '040bc5406b'
System info: os.name: 'Windows 10', os.arch: 'amd64', os.version: '10.0', java.version: '11.0.18'
Driver info: driver.version: unknown
	at org.openqa.selenium.devtools.Connection.sendAndWait(Connection.java:181)
	at org.openqa.selenium.devtools.DevTools.send(DevTools.java:81)
	at org.openqa.selenium.devtools.idealized.Network.lambda$prepareToInterceptTraffic$4(Network.java:194)
	at org.openqa.selenium.devtools.Connection.lambda$handle$4(Connection.java:321)
	at java.base/java.util.stream.ForEachOps$ForEachOp$OfRef.accept(ForEachOps.java:183)
	at java.base/java.util.stream.ReferencePipeline$2$1.accept(ReferencePipeline.java:177)
	at java.base/java.util.stream.ReferencePipeline$11$1.accept(ReferencePipeline.java:442)
	at java.base/java.util.HashMap$KeySpliterator.forEachRemaining(HashMap.java:1621)
	at java.base/java.util.stream.AbstractPipeline.copyInto(AbstractPipeline.java:484)
	at java.base/java.util.stream.AbstractPipeline.wrapAndCopyInto(AbstractPipeline.java:474)
	at java.base/java.util.stream.ForEachOps$ForEachOp.evaluateSequential(ForEachOps.java:150)
	at java.base/java.util.stream.ForEachOps$ForEachOp$OfRef.evaluateSequential(ForEachOps.java:173)
	at java.base/java.util.stream.AbstractPipeline.evaluate(AbstractPipeline.java:234)
	at java.base/java.util.stream.ReferencePipeline.forEach(ReferencePipeline.java:497)
	at org.openqa.selenium.devtools.Connection.handle(Connection.java:287)
	at org.openqa.selenium.devtools.Connection.access$200(Connection.java:57)
	at org.openqa.selenium.devtools.Connection$Listener.lambda$onText$0(Connection.java:224)
	... 3 more
Caused by: org.openqa.selenium.WebDriverException: {"id":2098,"error":{"code":-32602,"message":"Invalid InterceptionId."},"sessionId":"69DE6D1A85B5D627489871F60443E14A"}
Build info: version: '4.11.0', revision: '040bc5406b'
System info: os.name: 'Windows 10', os.arch: 'amd64', os.version: '10.0', java.version: '11.0.18'
Driver info: driver.version: unknown
	at org.openqa.selenium.devtools.Connection.handle(Connection.java:260)
	... 5 more
авг. 16, 2023 4:22:37 PM org.openqa.selenium.devtools.Connection$Listener lambda$onText$0
WARNING: Unable to process: {"method":"Fetch.requestPaused","params":{"requestId":"interception-job-340.0","request":{"url":"http://localhost:8080/static/media/icon_close_s_white.cd06f8fb.svg","method":"GET","headers":{"Accept":"image/avif,image/webp,image/apng,image/svg+xml,image/*,*/*;q=0.8","Referer":"http://localhost:8080/static/css/2.7d875902.chunk.css","User-Agent":"Mozilla/5.0 (Windows NT 10.0; Win64; x64) AppleWebKit/537.36 (KHTML, like Gecko) Chrome/116.0.0.0 Safari/537.36","sec-ch-ua":"\"Chromium\";v=\"116\", \"Not)A;Brand\";v=\"24\", \"Google Chrome\";v=\"116\"","sec-ch-ua-mobile":"?0","sec-ch-ua-platform":"\"Windows\""},"initialPriority":"Low","referrerPolicy":"unsafe-url"},"frameId":"D165F02B89151667DFD1BF49856829E7","resourceType":"Image","responseStatusCode":200,"responseStatusText":"","responseHeaders":[{"name":"Vary","value":"Origin"},{"name":"Vary","value":"Access-Control-Request-Method"},{"name":"Vary","value":"Access-Control-Request-Headers"},{"name":"Last-Modified","value":"Thu, 03 Aug 2023 10:18:16 GMT"},{"name":"Accept-Ranges","value":"bytes"},{"name":"Content-Type","value":"image/svg+xml"},{"name":"Content-Length","value":"247"},{"name":"Date","value":"Wed, 16 Aug 2023 13:20:24 GMT"}]},"sessionId":"69DE6D1A85B5D627489871F60443E14A"}
org.openqa.selenium.devtools.DevToolsException: {"id":2097,"error":{"code":-32602,"message":"Invalid InterceptionId."},"sessionId":"69DE6D1A85B5D627489871F60443E14A"}
Build info: version: '4.11.0', revision: '040bc5406b'
System info: os.name: 'Windows 10', os.arch: 'amd64', os.version: '10.0', java.version: '11.0.18'
Driver info: driver.version: unknown
	at org.openqa.selenium.devtools.Connection.sendAndWait(Connection.java:181)
	at org.openqa.selenium.devtools.DevTools.send(DevTools.java:81)
	at org.openqa.selenium.devtools.idealized.Network.lambda$prepareToInterceptTraffic$4(Network.java:194)
	at org.openqa.selenium.devtools.Connection.lambda$handle$4(Connection.java:321)
	at java.base/java.util.stream.ForEachOps$ForEachOp$OfRef.accept(ForEachOps.java:183)
	at java.base/java.util.stream.ReferencePipeline$2$1.accept(ReferencePipeline.java:177)
	at java.base/java.util.stream.ReferencePipeline$11$1.accept(ReferencePipeline.java:442)
	at java.base/java.util.HashMap$KeySpliterator.forEachRemaining(HashMap.java:1621)
	at java.base/java.util.stream.AbstractPipeline.copyInto(AbstractPipeline.java:484)
	at java.base/java.util.stream.AbstractPipeline.wrapAndCopyInto(AbstractPipeline.java:474)
	at java.base/java.util.stream.ForEachOps$ForEachOp.evaluateSequential(ForEachOps.java:150)
	at java.base/java.util.stream.ForEachOps$ForEachOp$OfRef.evaluateSequential(ForEachOps.java:173)
	at java.base/java.util.stream.AbstractPipeline.evaluate(AbstractPipeline.java:234)
	at java.base/java.util.stream.ReferencePipeline.forEach(ReferencePipeline.java:497)
	at org.openqa.selenium.devtools.Connection.handle(Connection.java:287)
	at org.openqa.selenium.devtools.Connection.access$200(Connection.java:57)
	at org.openqa.selenium.devtools.Connection$Listener.lambda$onText$0(Connection.java:224)
	at java.base/java.util.concurrent.ThreadPoolExecutor.runWorker(ThreadPoolExecutor.java:1128)
	at java.base/java.util.concurrent.ThreadPoolExecutor$Worker.run(ThreadPoolExecutor.java:628)
	at java.base/java.lang.Thread.run(Thread.java:829)
Caused by: org.openqa.selenium.WebDriverException: {"id":2097,"error":{"code":-32602,"message":"Invalid InterceptionId."},"sessionId":"69DE6D1A85B5D627489871F60443E14A"}
Build info: version: '4.11.0', revision: '040bc5406b'
System info: os.name: 'Windows 10', os.arch: 'amd64', os.version: '10.0', java.version: '11.0.18'
Driver info: driver.version: unknown
	at org.openqa.selenium.devtools.Connection.handle(Connection.java:260)
	... 5 more

Exception in thread "CDP Connection" org.openqa.selenium.devtools.DevToolsException: {"id":2097,"error":{"code":-32602,"message":"Invalid InterceptionId."},"sessionId":"69DE6D1A85B5D627489871F60443E14A"}
Build info: version: '4.11.0', revision: '040bc5406b'
System info: os.name: 'Windows 10', os.arch: 'amd64', os.version: '10.0', java.version: '11.0.18'
Driver info: driver.version: unknown
	at org.openqa.selenium.devtools.Connection$Listener.lambda$onText$0(Connection.java:227)
	at java.base/java.util.concurrent.ThreadPoolExecutor.runWorker(ThreadPoolExecutor.java:1128)
	at java.base/java.util.concurrent.ThreadPoolExecutor$Worker.run(ThreadPoolExecutor.java:628)
	at java.base/java.lang.Thread.run(Thread.java:829)
Caused by: org.openqa.selenium.devtools.DevToolsException: {"id":2097,"error":{"code":-32602,"message":"Invalid InterceptionId."},"sessionId":"69DE6D1A85B5D627489871F60443E14A"}
Build info: version: '4.11.0', revision: '040bc5406b'
System info: os.name: 'Windows 10', os.arch: 'amd64', os.version: '10.0', java.version: '11.0.18'
Driver info: driver.version: unknown
	at org.openqa.selenium.devtools.Connection.sendAndWait(Connection.java:181)
	at org.openqa.selenium.devtools.DevTools.send(DevTools.java:81)
	at org.openqa.selenium.devtools.idealized.Network.lambda$prepareToInterceptTraffic$4(Network.java:194)
	at org.openqa.selenium.devtools.Connection.lambda$handle$4(Connection.java:321)
	at java.base/java.util.stream.ForEachOps$ForEachOp$OfRef.accept(ForEachOps.java:183)
	at java.base/java.util.stream.ReferencePipeline$2$1.accept(ReferencePipeline.java:177)
	at java.base/java.util.stream.ReferencePipeline$11$1.accept(ReferencePipeline.java:442)
	at java.base/java.util.HashMap$KeySpliterator.forEachRemaining(HashMap.java:1621)
	at java.base/java.util.stream.AbstractPipeline.copyInto(AbstractPipeline.java:484)
	at java.base/java.util.stream.AbstractPipeline.wrapAndCopyInto(AbstractPipeline.java:474)
	at java.base/java.util.stream.ForEachOps$ForEachOp.evaluateSequential(ForEachOps.java:150)
	at java.base/java.util.stream.ForEachOps$ForEachOp$OfRef.evaluateSequential(ForEachOps.java:173)
	at java.base/java.util.stream.AbstractPipeline.evaluate(AbstractPipeline.java:234)
	at java.base/java.util.stream.ReferencePipeline.forEach(ReferencePipeline.java:497)
	at org.openqa.selenium.devtools.Connection.handle(Connection.java:287)
	at org.openqa.selenium.devtools.Connection.access$200(Connection.java:57)
	at org.openqa.selenium.devtools.Connection$Listener.lambda$onText$0(Connection.java:224)
	... 3 more
Caused by: org.openqa.selenium.WebDriverException: {"id":2097,"error":{"code":-32602,"message":"Invalid InterceptionId."},"sessionId":"69DE6D1A85B5D627489871F60443E14A"}
Build info: version: '4.11.0', revision: '040bc5406b'
System info: os.name: 'Windows 10', os.arch: 'amd64', os.version: '10.0', java.version: '11.0.18'
Driver info: driver.version: unknown
	at org.openqa.selenium.devtools.Connection.handle(Connection.java:260)
	... 5 more
авг. 16, 2023 4:22:37 PM org.openqa.selenium.devtools.Connection$Listener lambda$onText$0
WARNING: Unable to process: {"method":"Fetch.requestPaused","params":{"requestId":"interception-job-340.0","request":{"url":"http://localhost:8080/static/media/icon_close_s_white.cd06f8fb.svg","method":"GET","headers":{"Accept":"image/avif,image/webp,image/apng,image/svg+xml,image/*,*/*;q=0.8","Referer":"http://localhost:8080/static/css/2.7d875902.chunk.css","User-Agent":"Mozilla/5.0 (Windows NT 10.0; Win64; x64) AppleWebKit/537.36 (KHTML, like Gecko) Chrome/116.0.0.0 Safari/537.36","sec-ch-ua":"\"Chromium\";v=\"116\", \"Not)A;Brand\";v=\"24\", \"Google Chrome\";v=\"116\"","sec-ch-ua-mobile":"?0","sec-ch-ua-platform":"\"Windows\""},"initialPriority":"Low","referrerPolicy":"strict-origin-when-cross-origin"},"frameId":"D165F02B89151667DFD1BF49856829E7","resourceType":"Image"},"sessionId":"69DE6D1A85B5D627489871F60443E14A"}
org.openqa.selenium.devtools.DevToolsException: {"id":2100,"error":{"code":-32602,"message":"Invalid InterceptionId."},"sessionId":"69DE6D1A85B5D627489871F60443E14A"}
Build info: version: '4.11.0', revision: '040bc5406b'
System info: os.name: 'Windows 10', os.arch: 'amd64', os.version: '10.0', java.version: '11.0.18'
Driver info: driver.version: unknown
	at org.openqa.selenium.devtools.Connection.sendAndWait(Connection.java:181)
	at org.openqa.selenium.devtools.DevTools.send(DevTools.java:81)
	at org.openqa.selenium.devtools.idealized.Network.lambda$prepareToInterceptTraffic$3(Network.java:211)
	at org.openqa.selenium.remote.http.Filter.lambda$andFinally$1(Filter.java:55)
	at org.openqa.selenium.devtools.idealized.Network.lambda$prepareToInterceptTraffic$4(Network.java:226)
	at org.openqa.selenium.devtools.Connection.lambda$handle$4(Connection.java:321)
	at java.base/java.util.stream.ForEachOps$ForEachOp$OfRef.accept(ForEachOps.java:183)
	at java.base/java.util.stream.ReferencePipeline$2$1.accept(ReferencePipeline.java:177)
	at java.base/java.util.stream.ReferencePipeline$11$1.accept(ReferencePipeline.java:442)
	at java.base/java.util.HashMap$KeySpliterator.forEachRemaining(HashMap.java:1621)
	at java.base/java.util.stream.AbstractPipeline.copyInto(AbstractPipeline.java:484)
	at java.base/java.util.stream.AbstractPipeline.wrapAndCopyInto(AbstractPipeline.java:474)
	at java.base/java.util.stream.ForEachOps$ForEachOp.evaluateSequential(ForEachOps.java:150)
	at java.base/java.util.stream.ForEachOps$ForEachOp$OfRef.evaluateSequential(ForEachOps.java:173)
	at java.base/java.util.stream.AbstractPipeline.evaluate(AbstractPipeline.java:234)
	at java.base/java.util.stream.ReferencePipeline.forEach(ReferencePipeline.java:497)
	at org.openqa.selenium.devtools.Connection.handle(Connection.java:287)
	at org.openqa.selenium.devtools.Connection.access$200(Connection.java:57)
	at org.openqa.selenium.devtools.Connection$Listener.lambda$onText$0(Connection.java:224)
	at java.base/java.util.concurrent.ThreadPoolExecutor.runWorker(ThreadPoolExecutor.java:1128)
	at java.base/java.util.concurrent.ThreadPoolExecutor$Worker.run(ThreadPoolExecutor.java:628)
	at java.base/java.lang.Thread.run(Thread.java:829)
Caused by: org.openqa.selenium.WebDriverException: {"id":2100,"error":{"code":-32602,"message":"Invalid InterceptionId."},"sessionId":"69DE6D1A85B5D627489871F60443E14A"}
Build info: version: '4.11.0', revision: '040bc5406b'
System info: os.name: 'Windows 10', os.arch: 'amd64', os.version: '10.0', java.version: '11.0.18'
Driver info: driver.version: unknown
	at org.openqa.selenium.devtools.Connection.handle(Connection.java:260)
	... 5 more

Exception in thread "CDP Connection" org.openqa.selenium.devtools.DevToolsException: {"id":2100,"error":{"code":-32602,"message":"Invalid InterceptionId."},"sessionId":"69DE6D1A85B5D627489871F60443E14A"}
Build info: version: '4.11.0', revision: '040bc5406b'
System info: os.name: 'Windows 10', os.arch: 'amd64', os.version: '10.0', java.version: '11.0.18'
Driver info: driver.version: unknown
	at org.openqa.selenium.devtools.Connection$Listener.lambda$onText$0(Connection.java:227)
	at java.base/java.util.concurrent.ThreadPoolExecutor.runWorker(ThreadPoolExecutor.java:1128)
	at java.base/java.util.concurrent.ThreadPoolExecutor$Worker.run(ThreadPoolExecutor.java:628)
	at java.base/java.lang.Thread.run(Thread.java:829)
Caused by: org.openqa.selenium.devtools.DevToolsException: {"id":2100,"error":{"code":-32602,"message":"Invalid InterceptionId."},"sessionId":"69DE6D1A85B5D627489871F60443E14A"}
Build info: version: '4.11.0', revision: '040bc5406b'
System info: os.name: 'Windows 10', os.arch: 'amd64', os.version: '10.0', java.version: '11.0.18'
Driver info: driver.version: unknown
	at org.openqa.selenium.devtools.Connection.sendAndWait(Connection.java:181)
	at org.openqa.selenium.devtools.DevTools.send(DevTools.java:81)
	at org.openqa.selenium.devtools.idealized.Network.lambda$prepareToInterceptTraffic$3(Network.java:211)
	at org.openqa.selenium.remote.http.Filter.lambda$andFinally$1(Filter.java:55)
	at org.openqa.selenium.devtools.idealized.Network.lambda$prepareToInterceptTraffic$4(Network.java:226)
	at org.openqa.selenium.devtools.Connection.lambda$handle$4(Connection.java:321)
	at java.base/java.util.stream.ForEachOps$ForEachOp$OfRef.accept(ForEachOps.java:183)
	at java.base/java.util.stream.ReferencePipeline$2$1.accept(ReferencePipeline.java:177)
	at java.base/java.util.stream.ReferencePipeline$11$1.accept(ReferencePipeline.java:442)
	at java.base/java.util.HashMap$KeySpliterator.forEachRemaining(HashMap.java:1621)
	at java.base/java.util.stream.AbstractPipeline.copyInto(AbstractPipeline.java:484)
	at java.base/java.util.stream.AbstractPipeline.wrapAndCopyInto(AbstractPipeline.java:474)
	at java.base/java.util.stream.ForEachOps$ForEachOp.evaluateSequential(ForEachOps.java:150)
	at java.base/java.util.stream.ForEachOps$ForEachOp$OfRef.evaluateSequential(ForEachOps.java:173)
	at java.base/java.util.stream.AbstractPipeline.evaluate(AbstractPipeline.java:234)
	at java.base/java.util.stream.ReferencePipeline.forEach(ReferencePipeline.java:497)
	at org.openqa.selenium.devtools.Connection.handle(Connection.java:287)
	at org.openqa.selenium.devtools.Connection.access$200(Connection.java:57)
	at org.openqa.selenium.devtools.Connection$Listener.lambda$onText$0(Connection.java:224)
	... 3 more
Caused by: org.openqa.selenium.WebDriverException: {"id":2100,"error":{"code":-32602,"message":"Invalid InterceptionId."},"sessionId":"69DE6D1A85B5D627489871F60443E14A"}
Build info: version: '4.11.0', revision: '040bc5406b'
System info: os.name: 'Windows 10', os.arch: 'amd64', os.version: '10.0', java.version: '11.0.18'
Driver info: driver.version: unknown
	at org.openqa.selenium.devtools.Connection.handle(Connection.java:260)
	... 5 more
авг. 16, 2023 4:22:37 PM org.openqa.selenium.devtools.Connection$Listener lambda$onText$0
WARNING: Unable to process: {"method":"Fetch.requestPaused","params":{"requestId":"interception-job-341.0","request":{"url":"http://localhost:8080/static/media/icon_error_m_white.143ec85a.svg","method":"GET","headers":{"Accept":"image/avif,image/webp,image/apng,image/svg+xml,image/*,*/*;q=0.8","Referer":"http://localhost:8080/static/css/2.7d875902.chunk.css","User-Agent":"Mozilla/5.0 (Windows NT 10.0; Win64; x64) AppleWebKit/537.36 (KHTML, like Gecko) Chrome/116.0.0.0 Safari/537.36","sec-ch-ua":"\"Chromium\";v=\"116\", \"Not)A;Brand\";v=\"24\", \"Google Chrome\";v=\"116\"","sec-ch-ua-mobile":"?0","sec-ch-ua-platform":"\"Windows\""},"initialPriority":"Low","referrerPolicy":"strict-origin-when-cross-origin"},"frameId":"D165F02B89151667DFD1BF49856829E7","resourceType":"Image"},"sessionId":"69DE6D1A85B5D627489871F60443E14A"}
org.openqa.selenium.devtools.DevToolsException: {"id":2099,"error":{"code":-32602,"message":"Invalid InterceptionId."},"sessionId":"69DE6D1A85B5D627489871F60443E14A"}
Build info: version: '4.11.0', revision: '040bc5406b'
System info: os.name: 'Windows 10', os.arch: 'amd64', os.version: '10.0', java.version: '11.0.18'
Driver info: driver.version: unknown
	at org.openqa.selenium.devtools.Connection.sendAndWait(Connection.java:181)
	at org.openqa.selenium.devtools.DevTools.send(DevTools.java:81)
	at org.openqa.selenium.devtools.idealized.Network.lambda$prepareToInterceptTraffic$3(Network.java:211)
	at org.openqa.selenium.remote.http.Filter.lambda$andFinally$1(Filter.java:55)
	at org.openqa.selenium.devtools.idealized.Network.lambda$prepareToInterceptTraffic$4(Network.java:226)
	at org.openqa.selenium.devtools.Connection.lambda$handle$4(Connection.java:321)
	at java.base/java.util.stream.ForEachOps$ForEachOp$OfRef.accept(ForEachOps.java:183)
	at java.base/java.util.stream.ReferencePipeline$2$1.accept(ReferencePipeline.java:177)
	at java.base/java.util.stream.ReferencePipeline$11$1.accept(ReferencePipeline.java:442)
	at java.base/java.util.HashMap$KeySpliterator.forEachRemaining(HashMap.java:1621)
	at java.base/java.util.stream.AbstractPipeline.copyInto(AbstractPipeline.java:484)
	at java.base/java.util.stream.AbstractPipeline.wrapAndCopyInto(AbstractPipeline.java:474)
	at java.base/java.util.stream.ForEachOps$ForEachOp.evaluateSequential(ForEachOps.java:150)
	at java.base/java.util.stream.ForEachOps$ForEachOp$OfRef.evaluateSequential(ForEachOps.java:173)
	at java.base/java.util.stream.AbstractPipeline.evaluate(AbstractPipeline.java:234)
	at java.base/java.util.stream.ReferencePipeline.forEach(ReferencePipeline.java:497)
	at org.openqa.selenium.devtools.Connection.handle(Connection.java:287)
	at org.openqa.selenium.devtools.Connection.access$200(Connection.java:57)
	at org.openqa.selenium.devtools.Connection$Listener.lambda$onText$0(Connection.java:224)
	at java.base/java.util.concurrent.ThreadPoolExecutor.runWorker(ThreadPoolExecutor.java:1128)
	at java.base/java.util.concurrent.ThreadPoolExecutor$Worker.run(ThreadPoolExecutor.java:628)
	at java.base/java.lang.Thread.run(Thread.java:829)
Caused by: org.openqa.selenium.WebDriverException: {"id":2099,"error":{"code":-32602,"message":"Invalid InterceptionId."},"sessionId":"69DE6D1A85B5D627489871F60443E14A"}
Build info: version: '4.11.0', revision: '040bc5406b'
System info: os.name: 'Windows 10', os.arch: 'amd64', os.version: '10.0', java.version: '11.0.18'
Driver info: driver.version: unknown
	at org.openqa.selenium.devtools.Connection.handle(Connection.java:260)
	... 5 more

Exception in thread "CDP Connection" org.openqa.selenium.devtools.DevToolsException: {"id":2099,"error":{"code":-32602,"message":"Invalid InterceptionId."},"sessionId":"69DE6D1A85B5D627489871F60443E14A"}
Build info: version: '4.11.0', revision: '040bc5406b'
System info: os.name: 'Windows 10', os.arch: 'amd64', os.version: '10.0', java.version: '11.0.18'
Driver info: driver.version: unknown
	at org.openqa.selenium.devtools.Connection$Listener.lambda$onText$0(Connection.java:227)
	at java.base/java.util.concurrent.ThreadPoolExecutor.runWorker(ThreadPoolExecutor.java:1128)
	at java.base/java.util.concurrent.ThreadPoolExecutor$Worker.run(ThreadPoolExecutor.java:628)
	at java.base/java.lang.Thread.run(Thread.java:829)
Caused by: org.openqa.selenium.devtools.DevToolsException: {"id":2099,"error":{"code":-32602,"message":"Invalid InterceptionId."},"sessionId":"69DE6D1A85B5D627489871F60443E14A"}
Build info: version: '4.11.0', revision: '040bc5406b'
System info: os.name: 'Windows 10', os.arch: 'amd64', os.version: '10.0', java.version: '11.0.18'
Driver info: driver.version: unknown
	at org.openqa.selenium.devtools.Connection.sendAndWait(Connection.java:181)
	at org.openqa.selenium.devtools.DevTools.send(DevTools.java:81)
	at org.openqa.selenium.devtools.idealized.Network.lambda$prepareToInterceptTraffic$3(Network.java:211)
	at org.openqa.selenium.remote.http.Filter.lambda$andFinally$1(Filter.java:55)
	at org.openqa.selenium.devtools.idealized.Network.lambda$prepareToInterceptTraffic$4(Network.java:226)
	at org.openqa.selenium.devtools.Connection.lambda$handle$4(Connection.java:321)
	at java.base/java.util.stream.ForEachOps$ForEachOp$OfRef.accept(ForEachOps.java:183)
	at java.base/java.util.stream.ReferencePipeline$2$1.accept(ReferencePipeline.java:177)
	at java.base/java.util.stream.ReferencePipeline$11$1.accept(ReferencePipeline.java:442)
	at java.base/java.util.HashMap$KeySpliterator.forEachRemaining(HashMap.java:1621)
	at java.base/java.util.stream.AbstractPipeline.copyInto(AbstractPipeline.java:484)
	at java.base/java.util.stream.AbstractPipeline.wrapAndCopyInto(AbstractPipeline.java:474)
	at java.base/java.util.stream.ForEachOps$ForEachOp.evaluateSequential(ForEachOps.java:150)
	at java.base/java.util.stream.ForEachOps$ForEachOp$OfRef.evaluateSequential(ForEachOps.java:173)
	at java.base/java.util.stream.AbstractPipeline.evaluate(AbstractPipeline.java:234)
	at java.base/java.util.stream.ReferencePipeline.forEach(ReferencePipeline.java:497)
	at org.openqa.selenium.devtools.Connection.handle(Connection.java:287)
	at org.openqa.selenium.devtools.Connection.access$200(Connection.java:57)
	at org.openqa.selenium.devtools.Connection$Listener.lambda$onText$0(Connection.java:224)
	... 3 more
Caused by: org.openqa.selenium.WebDriverException: {"id":2099,"error":{"code":-32602,"message":"Invalid InterceptionId."},"sessionId":"69DE6D1A85B5D627489871F60443E14A"}
Build info: version: '4.11.0', revision: '040bc5406b'
System info: os.name: 'Windows 10', os.arch: 'amd64', os.version: '10.0', java.version: '11.0.18'
Driver info: driver.version: unknown
	at org.openqa.selenium.devtools.Connection.handle(Connection.java:260)
	... 5 more
авг. 16, 2023 4:22:39 PM org.openqa.selenium.devtools.Connection$Listener lambda$onText$0
WARNING: Unable to process: {"method":"Fetch.requestPaused","params":{"requestId":"interception-job-342.0","request":{"url":"http://localhost:8080/","method":"GET","headers":{"Accept":"text/html,application/xhtml+xml,application/xml;q=0.9,image/avif,image/webp,image/apng,*/*;q=0.8,application/signed-exchange;v=b3;q=0.7","Upgrade-Insecure-Requests":"1","User-Agent":"Mozilla/5.0 (Windows NT 10.0; Win64; x64) AppleWebKit/537.36 (KHTML, like Gecko) Chrome/116.0.0.0 Safari/537.36","sec-ch-ua":"\"Chromium\";v=\"116\", \"Not)A;Brand\";v=\"24\", \"Google Chrome\";v=\"116\"","sec-ch-ua-mobile":"?0","sec-ch-ua-platform":"\"Windows\""},"initialPriority":"VeryHigh","referrerPolicy":"strict-origin-when-cross-origin"},"frameId":"D165F02B89151667DFD1BF49856829E7","resourceType":"Document","responseStatusCode":200,"responseStatusText":"","responseHeaders":[{"name":"Vary","value":"Origin"},{"name":"Vary","value":"Access-Control-Request-Method"},{"name":"Vary","value":"Access-Control-Request-Headers"},{"name":"Last-Modified","value":"Thu, 03 Aug 2023 10:18:16 GMT"},{"name":"Date","value":"Wed, 16 Aug 2023 13:22:39 GMT"},{"name":"Accept-Ranges","value":"bytes"},{"name":"Content-Type","value":"text/html"},{"name":"Content-Language","value":"ru-RU"},{"name":"Content-Length","value":"2308"}]},"sessionId":"69DE6D1A85B5D627489871F60443E14A"}
org.openqa.selenium.devtools.DevToolsException: {"id":2107,"error":{"code":-32602,"message":"Invalid InterceptionId."},"sessionId":"69DE6D1A85B5D627489871F60443E14A"}
Build info: version: '4.11.0', revision: '040bc5406b'
System info: os.name: 'Windows 10', os.arch: 'amd64', os.version: '10.0', java.version: '11.0.18'
Driver info: driver.version: unknown
	at org.openqa.selenium.devtools.Connection.sendAndWait(Connection.java:181)
	at org.openqa.selenium.devtools.DevTools.send(DevTools.java:81)
	at org.openqa.selenium.devtools.idealized.Network.lambda$prepareToInterceptTraffic$4(Network.java:194)
	at org.openqa.selenium.devtools.Connection.lambda$handle$4(Connection.java:321)
	at java.base/java.util.stream.ForEachOps$ForEachOp$OfRef.accept(ForEachOps.java:183)
	at java.base/java.util.stream.ReferencePipeline$2$1.accept(ReferencePipeline.java:177)
	at java.base/java.util.stream.ReferencePipeline$11$1.accept(ReferencePipeline.java:442)
	at java.base/java.util.HashMap$KeySpliterator.forEachRemaining(HashMap.java:1621)
	at java.base/java.util.stream.AbstractPipeline.copyInto(AbstractPipeline.java:484)
	at java.base/java.util.stream.AbstractPipeline.wrapAndCopyInto(AbstractPipeline.java:474)
	at java.base/java.util.stream.ForEachOps$ForEachOp.evaluateSequential(ForEachOps.java:150)
	at java.base/java.util.stream.ForEachOps$ForEachOp$OfRef.evaluateSequential(ForEachOps.java:173)
	at java.base/java.util.stream.AbstractPipeline.evaluate(AbstractPipeline.java:234)
	at java.base/java.util.stream.ReferencePipeline.forEach(ReferencePipeline.java:497)
	at org.openqa.selenium.devtools.Connection.handle(Connection.java:287)
	at org.openqa.selenium.devtools.Connection.access$200(Connection.java:57)
	at org.openqa.selenium.devtools.Connection$Listener.lambda$onText$0(Connection.java:224)
	at java.base/java.util.concurrent.ThreadPoolExecutor.runWorker(ThreadPoolExecutor.java:1128)
	at java.base/java.util.concurrent.ThreadPoolExecutor$Worker.run(ThreadPoolExecutor.java:628)
	at java.base/java.lang.Thread.run(Thread.java:829)
Caused by: org.openqa.selenium.WebDriverException: {"id":2107,"error":{"code":-32602,"message":"Invalid InterceptionId."},"sessionId":"69DE6D1A85B5D627489871F60443E14A"}
Build info: version: '4.11.0', revision: '040bc5406b'
System info: os.name: 'Windows 10', os.arch: 'amd64', os.version: '10.0', java.version: '11.0.18'
Driver info: driver.version: unknown
	at org.openqa.selenium.devtools.Connection.handle(Connection.java:260)
	... 5 more

Exception in thread "CDP Connection" org.openqa.selenium.devtools.DevToolsException: {"id":2107,"error":{"code":-32602,"message":"Invalid InterceptionId."},"sessionId":"69DE6D1A85B5D627489871F60443E14A"}
Build info: version: '4.11.0', revision: '040bc5406b'
System info: os.name: 'Windows 10', os.arch: 'amd64', os.version: '10.0', java.version: '11.0.18'
Driver info: driver.version: unknown
	at org.openqa.selenium.devtools.Connection$Listener.lambda$onText$0(Connection.java:227)
	at java.base/java.util.concurrent.ThreadPoolExecutor.runWorker(ThreadPoolExecutor.java:1128)
	at java.base/java.util.concurrent.ThreadPoolExecutor$Worker.run(ThreadPoolExecutor.java:628)
	at java.base/java.lang.Thread.run(Thread.java:829)
Caused by: org.openqa.selenium.devtools.DevToolsException: {"id":2107,"error":{"code":-32602,"message":"Invalid InterceptionId."},"sessionId":"69DE6D1A85B5D627489871F60443E14A"}
Build info: version: '4.11.0', revision: '040bc5406b'
System info: os.name: 'Windows 10', os.arch: 'amd64', os.version: '10.0', java.version: '11.0.18'
Driver info: driver.version: unknown
	at org.openqa.selenium.devtools.Connection.sendAndWait(Connection.java:181)
	at org.openqa.selenium.devtools.DevTools.send(DevTools.java:81)
	at org.openqa.selenium.devtools.idealized.Network.lambda$prepareToInterceptTraffic$4(Network.java:194)
	at org.openqa.selenium.devtools.Connection.lambda$handle$4(Connection.java:321)
	at java.base/java.util.stream.ForEachOps$ForEachOp$OfRef.accept(ForEachOps.java:183)
	at java.base/java.util.stream.ReferencePipeline$2$1.accept(ReferencePipeline.java:177)
	at java.base/java.util.stream.ReferencePipeline$11$1.accept(ReferencePipeline.java:442)
	at java.base/java.util.HashMap$KeySpliterator.forEachRemaining(HashMap.java:1621)
	at java.base/java.util.stream.AbstractPipeline.copyInto(AbstractPipeline.java:484)
	at java.base/java.util.stream.AbstractPipeline.wrapAndCopyInto(AbstractPipeline.java:474)
	at java.base/java.util.stream.ForEachOps$ForEachOp.evaluateSequential(ForEachOps.java:150)
	at java.base/java.util.stream.ForEachOps$ForEachOp$OfRef.evaluateSequential(ForEachOps.java:173)
	at java.base/java.util.stream.AbstractPipeline.evaluate(AbstractPipeline.java:234)
	at java.base/java.util.stream.ReferencePipeline.forEach(ReferencePipeline.java:497)
	at org.openqa.selenium.devtools.Connection.handle(Connection.java:287)
	at org.openqa.selenium.devtools.Connection.access$200(Connection.java:57)
	at org.openqa.selenium.devtools.Connection$Listener.lambda$onText$0(Connection.java:224)
	... 3 more
Caused by: org.openqa.selenium.WebDriverException: {"id":2107,"error":{"code":-32602,"message":"Invalid InterceptionId."},"sessionId":"69DE6D1A85B5D627489871F60443E14A"}
Build info: version: '4.11.0', revision: '040bc5406b'
System info: os.name: 'Windows 10', os.arch: 'amd64', os.version: '10.0', java.version: '11.0.18'
Driver info: driver.version: unknown
	at org.openqa.selenium.devtools.Connection.handle(Connection.java:260)
	... 5 more
авг. 16, 2023 4:22:39 PM org.openqa.selenium.devtools.Connection$Listener lambda$onText$0
WARNING: Unable to process: {"method":"Fetch.requestPaused","params":{"requestId":"interception-job-342.0","request":{"url":"http://localhost:8080/","method":"GET","headers":{"Accept":"text/html,application/xhtml+xml,application/xml;q=0.9,image/avif,image/webp,image/apng,*/*;q=0.8,application/signed-exchange;v=b3;q=0.7","Upgrade-Insecure-Requests":"1","User-Agent":"Mozilla/5.0 (Windows NT 10.0; Win64; x64) AppleWebKit/537.36 (KHTML, like Gecko) Chrome/116.0.0.0 Safari/537.36","sec-ch-ua":"\"Chromium\";v=\"116\", \"Not)A;Brand\";v=\"24\", \"Google Chrome\";v=\"116\"","sec-ch-ua-mobile":"?0","sec-ch-ua-platform":"\"Windows\""},"initialPriority":"VeryHigh","referrerPolicy":"strict-origin-when-cross-origin"},"frameId":"D165F02B89151667DFD1BF49856829E7","resourceType":"Document"},"sessionId":"69DE6D1A85B5D627489871F60443E14A"}
org.openqa.selenium.devtools.DevToolsException: {"id":2108,"error":{"code":-32602,"message":"Invalid InterceptionId."},"sessionId":"69DE6D1A85B5D627489871F60443E14A"}
Build info: version: '4.11.0', revision: '040bc5406b'
System info: os.name: 'Windows 10', os.arch: 'amd64', os.version: '10.0', java.version: '11.0.18'
Driver info: driver.version: unknown
	at org.openqa.selenium.devtools.Connection.sendAndWait(Connection.java:181)
	at org.openqa.selenium.devtools.DevTools.send(DevTools.java:81)
	at org.openqa.selenium.devtools.idealized.Network.lambda$prepareToInterceptTraffic$3(Network.java:211)
	at org.openqa.selenium.remote.http.Filter.lambda$andFinally$1(Filter.java:55)
	at org.openqa.selenium.devtools.idealized.Network.lambda$prepareToInterceptTraffic$4(Network.java:226)
	at org.openqa.selenium.devtools.Connection.lambda$handle$4(Connection.java:321)
	at java.base/java.util.stream.ForEachOps$ForEachOp$OfRef.accept(ForEachOps.java:183)
	at java.base/java.util.stream.ReferencePipeline$2$1.accept(ReferencePipeline.java:177)
	at java.base/java.util.stream.ReferencePipeline$11$1.accept(ReferencePipeline.java:442)
	at java.base/java.util.HashMap$KeySpliterator.forEachRemaining(HashMap.java:1621)
	at java.base/java.util.stream.AbstractPipeline.copyInto(AbstractPipeline.java:484)
	at java.base/java.util.stream.AbstractPipeline.wrapAndCopyInto(AbstractPipeline.java:474)
	at java.base/java.util.stream.ForEachOps$ForEachOp.evaluateSequential(ForEachOps.java:150)
	at java.base/java.util.stream.ForEachOps$ForEachOp$OfRef.evaluateSequential(ForEachOps.java:173)
	at java.base/java.util.stream.AbstractPipeline.evaluate(AbstractPipeline.java:234)
	at java.base/java.util.stream.ReferencePipeline.forEach(ReferencePipeline.java:497)
	at org.openqa.selenium.devtools.Connection.handle(Connection.java:287)
	at org.openqa.selenium.devtools.Connection.access$200(Connection.java:57)
	at org.openqa.selenium.devtools.Connection$Listener.lambda$onText$0(Connection.java:224)
	at java.base/java.util.concurrent.ThreadPoolExecutor.runWorker(ThreadPoolExecutor.java:1128)
	at java.base/java.util.concurrent.ThreadPoolExecutor$Worker.run(ThreadPoolExecutor.java:628)
	at java.base/java.lang.Thread.run(Thread.java:829)
Caused by: org.openqa.selenium.WebDriverException: {"id":2108,"error":{"code":-32602,"message":"Invalid InterceptionId."},"sessionId":"69DE6D1A85B5D627489871F60443E14A"}
Build info: version: '4.11.0', revision: '040bc5406b'
System info: os.name: 'Windows 10', os.arch: 'amd64', os.version: '10.0', java.version: '11.0.18'
Driver info: driver.version: unknown
	at org.openqa.selenium.devtools.Connection.handle(Connection.java:260)
	... 5 more

Exception in thread "CDP Connection" org.openqa.selenium.devtools.DevToolsException: {"id":2108,"error":{"code":-32602,"message":"Invalid InterceptionId."},"sessionId":"69DE6D1A85B5D627489871F60443E14A"}
Build info: version: '4.11.0', revision: '040bc5406b'
System info: os.name: 'Windows 10', os.arch: 'amd64', os.version: '10.0', java.version: '11.0.18'
Driver info: driver.version: unknown
	at org.openqa.selenium.devtools.Connection$Listener.lambda$onText$0(Connection.java:227)
	at java.base/java.util.concurrent.ThreadPoolExecutor.runWorker(ThreadPoolExecutor.java:1128)
	at java.base/java.util.concurrent.ThreadPoolExecutor$Worker.run(ThreadPoolExecutor.java:628)
	at java.base/java.lang.Thread.run(Thread.java:829)
Caused by: org.openqa.selenium.devtools.DevToolsException: {"id":2108,"error":{"code":-32602,"message":"Invalid InterceptionId."},"sessionId":"69DE6D1A85B5D627489871F60443E14A"}
Build info: version: '4.11.0', revision: '040bc5406b'
System info: os.name: 'Windows 10', os.arch: 'amd64', os.version: '10.0', java.version: '11.0.18'
Driver info: driver.version: unknown
	at org.openqa.selenium.devtools.Connection.sendAndWait(Connection.java:181)
	at org.openqa.selenium.devtools.DevTools.send(DevTools.java:81)
	at org.openqa.selenium.devtools.idealized.Network.lambda$prepareToInterceptTraffic$3(Network.java:211)
	at org.openqa.selenium.remote.http.Filter.lambda$andFinally$1(Filter.java:55)
	at org.openqa.selenium.devtools.idealized.Network.lambda$prepareToInterceptTraffic$4(Network.java:226)
	at org.openqa.selenium.devtools.Connection.lambda$handle$4(Connection.java:321)
	at java.base/java.util.stream.ForEachOps$ForEachOp$OfRef.accept(ForEachOps.java:183)
	at java.base/java.util.stream.ReferencePipeline$2$1.accept(ReferencePipeline.java:177)
	at java.base/java.util.stream.ReferencePipeline$11$1.accept(ReferencePipeline.java:442)
	at java.base/java.util.HashMap$KeySpliterator.forEachRemaining(HashMap.java:1621)
	at java.base/java.util.stream.AbstractPipeline.copyInto(AbstractPipeline.java:484)
	at java.base/java.util.stream.AbstractPipeline.wrapAndCopyInto(AbstractPipeline.java:474)
	at java.base/java.util.stream.ForEachOps$ForEachOp.evaluateSequential(ForEachOps.java:150)
	at java.base/java.util.stream.ForEachOps$ForEachOp$OfRef.evaluateSequential(ForEachOps.java:173)
	at java.base/java.util.stream.AbstractPipeline.evaluate(AbstractPipeline.java:234)
	at java.base/java.util.stream.ReferencePipeline.forEach(ReferencePipeline.java:497)
	at org.openqa.selenium.devtools.Connection.handle(Connection.java:287)
	at org.openqa.selenium.devtools.Connection.access$200(Connection.java:57)
	at org.openqa.selenium.devtools.Connection$Listener.lambda$onText$0(Connection.java:224)
	... 3 more
Caused by: org.openqa.selenium.WebDriverException: {"id":2108,"error":{"code":-32602,"message":"Invalid InterceptionId."},"sessionId":"69DE6D1A85B5D627489871F60443E14A"}
Build info: version: '4.11.0', revision: '040bc5406b'
System info: os.name: 'Windows 10', os.arch: 'amd64', os.version: '10.0', java.version: '11.0.18'
Driver info: driver.version: unknown
	at org.openqa.selenium.devtools.Connection.handle(Connection.java:260)
	... 5 more
авг. 16, 2023 4:22:39 PM org.openqa.selenium.devtools.Connection$Listener lambda$onText$0
WARNING: Unable to process: {"method":"Fetch.requestPaused","params":{"requestId":"interception-job-344.0","request":{"url":"http://localhost:8080/static/css/main.8978894b.chunk.css","method":"GET","headers":{"Accept":"text/css,*/*;q=0.1","Referer":"http://localhost:8080/","User-Agent":"Mozilla/5.0 (Windows NT 10.0; Win64; x64) AppleWebKit/537.36 (KHTML, like Gecko) Chrome/116.0.0.0 Safari/537.36","sec-ch-ua":"\"Chromium\";v=\"116\", \"Not)A;Brand\";v=\"24\", \"Google Chrome\";v=\"116\"","sec-ch-ua-mobile":"?0","sec-ch-ua-platform":"\"Windows\""},"initialPriority":"VeryHigh","referrerPolicy":"unsafe-url"},"frameId":"D165F02B89151667DFD1BF49856829E7","resourceType":"Stylesheet","responseStatusCode":200,"responseStatusText":"","responseHeaders":[{"name":"Vary","value":"Origin"},{"name":"Vary","value":"Access-Control-Request-Method"},{"name":"Vary","value":"Access-Control-Request-Headers"},{"name":"Last-Modified","value":"Thu, 03 Aug 2023 10:18:16 GMT"},{"name":"Accept-Ranges","value":"bytes"},{"name":"Content-Type","value":"text/css"},{"name":"Content-Length","value":"700"},{"name":"Date","value":"Wed, 16 Aug 2023 13:20:22 GMT"}]},"sessionId":"69DE6D1A85B5D627489871F60443E14A"}
org.openqa.selenium.devtools.DevToolsException: {"id":2119,"error":{"code":-32602,"message":"Invalid InterceptionId."},"sessionId":"69DE6D1A85B5D627489871F60443E14A"}
Build info: version: '4.11.0', revision: '040bc5406b'
System info: os.name: 'Windows 10', os.arch: 'amd64', os.version: '10.0', java.version: '11.0.18'
Driver info: driver.version: unknown
	at org.openqa.selenium.devtools.Connection.sendAndWait(Connection.java:181)
	at org.openqa.selenium.devtools.DevTools.send(DevTools.java:81)
	at org.openqa.selenium.devtools.idealized.Network.lambda$prepareToInterceptTraffic$4(Network.java:194)
	at org.openqa.selenium.devtools.Connection.lambda$handle$4(Connection.java:321)
	at java.base/java.util.stream.ForEachOps$ForEachOp$OfRef.accept(ForEachOps.java:183)
	at java.base/java.util.stream.ReferencePipeline$2$1.accept(ReferencePipeline.java:177)
	at java.base/java.util.stream.ReferencePipeline$11$1.accept(ReferencePipeline.java:442)
	at java.base/java.util.HashMap$KeySpliterator.forEachRemaining(HashMap.java:1621)
	at java.base/java.util.stream.AbstractPipeline.copyInto(AbstractPipeline.java:484)
	at java.base/java.util.stream.AbstractPipeline.wrapAndCopyInto(AbstractPipeline.java:474)
	at java.base/java.util.stream.ForEachOps$ForEachOp.evaluateSequential(ForEachOps.java:150)
	at java.base/java.util.stream.ForEachOps$ForEachOp$OfRef.evaluateSequential(ForEachOps.java:173)
	at java.base/java.util.stream.AbstractPipeline.evaluate(AbstractPipeline.java:234)
	at java.base/java.util.stream.ReferencePipeline.forEach(ReferencePipeline.java:497)
	at org.openqa.selenium.devtools.Connection.handle(Connection.java:287)
	at org.openqa.selenium.devtools.Connection.access$200(Connection.java:57)
	at org.openqa.selenium.devtools.Connection$Listener.lambda$onText$0(Connection.java:224)
	at java.base/java.util.concurrent.ThreadPoolExecutor.runWorker(ThreadPoolExecutor.java:1128)
	at java.base/java.util.concurrent.ThreadPoolExecutor$Worker.run(ThreadPoolExecutor.java:628)
	at java.base/java.lang.Thread.run(Thread.java:829)
Caused by: org.openqa.selenium.WebDriverException: {"id":2119,"error":{"code":-32602,"message":"Invalid InterceptionId."},"sessionId":"69DE6D1A85B5D627489871F60443E14A"}
Build info: version: '4.11.0', revision: '040bc5406b'
System info: os.name: 'Windows 10', os.arch: 'amd64', os.version: '10.0', java.version: '11.0.18'
Driver info: driver.version: unknown
	at org.openqa.selenium.devtools.Connection.handle(Connection.java:260)
	... 5 more

Exception in thread "CDP Connection" org.openqa.selenium.devtools.DevToolsException: {"id":2119,"error":{"code":-32602,"message":"Invalid InterceptionId."},"sessionId":"69DE6D1A85B5D627489871F60443E14A"}
Build info: version: '4.11.0', revision: '040bc5406b'
System info: os.name: 'Windows 10', os.arch: 'amd64', os.version: '10.0', java.version: '11.0.18'
Driver info: driver.version: unknown
	at org.openqa.selenium.devtools.Connection$Listener.lambda$onText$0(Connection.java:227)
	at java.base/java.util.concurrent.ThreadPoolExecutor.runWorker(ThreadPoolExecutor.java:1128)
	at java.base/java.util.concurrent.ThreadPoolExecutor$Worker.run(ThreadPoolExecutor.java:628)
	at java.base/java.lang.Thread.run(Thread.java:829)
Caused by: org.openqa.selenium.devtools.DevToolsException: {"id":2119,"error":{"code":-32602,"message":"Invalid InterceptionId."},"sessionId":"69DE6D1A85B5D627489871F60443E14A"}
Build info: version: '4.11.0', revision: '040bc5406b'
System info: os.name: 'Windows 10', os.arch: 'amd64', os.version: '10.0', java.version: '11.0.18'
Driver info: driver.version: unknown
	at org.openqa.selenium.devtools.Connection.sendAndWait(Connection.java:181)
	at org.openqa.selenium.devtools.DevTools.send(DevTools.java:81)
	at org.openqa.selenium.devtools.idealized.Network.lambda$prepareToInterceptTraffic$4(Network.java:194)
	at org.openqa.selenium.devtools.Connection.lambda$handle$4(Connection.java:321)
	at java.base/java.util.stream.ForEachOps$ForEachOp$OfRef.accept(ForEachOps.java:183)
	at java.base/java.util.stream.ReferencePipeline$2$1.accept(ReferencePipeline.java:177)
	at java.base/java.util.stream.ReferencePipeline$11$1.accept(ReferencePipeline.java:442)
	at java.base/java.util.HashMap$KeySpliterator.forEachRemaining(HashMap.java:1621)
	at java.base/java.util.stream.AbstractPipeline.copyInto(AbstractPipeline.java:484)
	at java.base/java.util.stream.AbstractPipeline.wrapAndCopyInto(AbstractPipeline.java:474)
	at java.base/java.util.stream.ForEachOps$ForEachOp.evaluateSequential(ForEachOps.java:150)
	at java.base/java.util.stream.ForEachOps$ForEachOp$OfRef.evaluateSequential(ForEachOps.java:173)
	at java.base/java.util.stream.AbstractPipeline.evaluate(AbstractPipeline.java:234)
	at java.base/java.util.stream.ReferencePipeline.forEach(ReferencePipeline.java:497)
	at org.openqa.selenium.devtools.Connection.handle(Connection.java:287)
	at org.openqa.selenium.devtools.Connection.access$200(Connection.java:57)
	at org.openqa.selenium.devtools.Connection$Listener.lambda$onText$0(Connection.java:224)
	... 3 more
Caused by: org.openqa.selenium.WebDriverException: {"id":2119,"error":{"code":-32602,"message":"Invalid InterceptionId."},"sessionId":"69DE6D1A85B5D627489871F60443E14A"}
Build info: version: '4.11.0', revision: '040bc5406b'
System info: os.name: 'Windows 10', os.arch: 'amd64', os.version: '10.0', java.version: '11.0.18'
Driver info: driver.version: unknown
	at org.openqa.selenium.devtools.Connection.handle(Connection.java:260)
	... 5 more
авг. 16, 2023 4:22:39 PM org.openqa.selenium.devtools.Connection$Listener lambda$onText$0
WARNING: Unable to process: {"method":"Fetch.requestPaused","params":{"requestId":"interception-job-344.0","request":{"url":"http://localhost:8080/static/css/main.8978894b.chunk.css","method":"GET","headers":{"Accept":"text/css,*/*;q=0.1","Referer":"http://localhost:8080/","User-Agent":"Mozilla/5.0 (Windows NT 10.0; Win64; x64) AppleWebKit/537.36 (KHTML, like Gecko) Chrome/116.0.0.0 Safari/537.36","sec-ch-ua":"\"Chromium\";v=\"116\", \"Not)A;Brand\";v=\"24\", \"Google Chrome\";v=\"116\"","sec-ch-ua-mobile":"?0","sec-ch-ua-platform":"\"Windows\""},"initialPriority":"VeryHigh","referrerPolicy":"strict-origin-when-cross-origin"},"frameId":"D165F02B89151667DFD1BF49856829E7","resourceType":"Stylesheet"},"sessionId":"69DE6D1A85B5D627489871F60443E14A"}
org.openqa.selenium.devtools.DevToolsException: {"id":2122,"error":{"code":-32602,"message":"Invalid InterceptionId."},"sessionId":"69DE6D1A85B5D627489871F60443E14A"}
Build info: version: '4.11.0', revision: '040bc5406b'
System info: os.name: 'Windows 10', os.arch: 'amd64', os.version: '10.0', java.version: '11.0.18'
Driver info: driver.version: unknown
	at org.openqa.selenium.devtools.Connection.sendAndWait(Connection.java:181)
	at org.openqa.selenium.devtools.DevTools.send(DevTools.java:81)
	at org.openqa.selenium.devtools.idealized.Network.lambda$prepareToInterceptTraffic$3(Network.java:211)
	at org.openqa.selenium.remote.http.Filter.lambda$andFinally$1(Filter.java:55)
	at org.openqa.selenium.devtools.idealized.Network.lambda$prepareToInterceptTraffic$4(Network.java:226)
	at org.openqa.selenium.devtools.Connection.lambda$handle$4(Connection.java:321)
	at java.base/java.util.stream.ForEachOps$ForEachOp$OfRef.accept(ForEachOps.java:183)
	at java.base/java.util.stream.ReferencePipeline$2$1.accept(ReferencePipeline.java:177)
	at java.base/java.util.stream.ReferencePipeline$11$1.accept(ReferencePipeline.java:442)
	at java.base/java.util.HashMap$KeySpliterator.forEachRemaining(HashMap.java:1621)
	at java.base/java.util.stream.AbstractPipeline.copyInto(AbstractPipeline.java:484)
	at java.base/java.util.stream.AbstractPipeline.wrapAndCopyInto(AbstractPipeline.java:474)
	at java.base/java.util.stream.ForEachOps$ForEachOp.evaluateSequential(ForEachOps.java:150)
	at java.base/java.util.stream.ForEachOps$ForEachOp$OfRef.evaluateSequential(ForEachOps.java:173)
	at java.base/java.util.stream.AbstractPipeline.evaluate(AbstractPipeline.java:234)
	at java.base/java.util.stream.ReferencePipeline.forEach(ReferencePipeline.java:497)
	at org.openqa.selenium.devtools.Connection.handle(Connection.java:287)
	at org.openqa.selenium.devtools.Connection.access$200(Connection.java:57)
	at org.openqa.selenium.devtools.Connection$Listener.lambda$onText$0(Connection.java:224)
	at java.base/java.util.concurrent.ThreadPoolExecutor.runWorker(ThreadPoolExecutor.java:1128)
	at java.base/java.util.concurrent.ThreadPoolExecutor$Worker.run(ThreadPoolExecutor.java:628)
	at java.base/java.lang.Thread.run(Thread.java:829)
Caused by: org.openqa.selenium.WebDriverException: {"id":2122,"error":{"code":-32602,"message":"Invalid InterceptionId."},"sessionId":"69DE6D1A85B5D627489871F60443E14A"}
Build info: version: '4.11.0', revision: '040bc5406b'
System info: os.name: 'Windows 10', os.arch: 'amd64', os.version: '10.0', java.version: '11.0.18'
Driver info: driver.version: unknown
	at org.openqa.selenium.devtools.Connection.handle(Connection.java:260)
	... 5 more

Exception in thread "CDP Connection" org.openqa.selenium.devtools.DevToolsException: {"id":2122,"error":{"code":-32602,"message":"Invalid InterceptionId."},"sessionId":"69DE6D1A85B5D627489871F60443E14A"}
Build info: version: '4.11.0', revision: '040bc5406b'
System info: os.name: 'Windows 10', os.arch: 'amd64', os.version: '10.0', java.version: '11.0.18'
Driver info: driver.version: unknown
	at org.openqa.selenium.devtools.Connection$Listener.lambda$onText$0(Connection.java:227)
	at java.base/java.util.concurrent.ThreadPoolExecutor.runWorker(ThreadPoolExecutor.java:1128)
	at java.base/java.util.concurrent.ThreadPoolExecutor$Worker.run(ThreadPoolExecutor.java:628)
	at java.base/java.lang.Thread.run(Thread.java:829)
Caused by: org.openqa.selenium.devtools.DevToolsException: {"id":2122,"error":{"code":-32602,"message":"Invalid InterceptionId."},"sessionId":"69DE6D1A85B5D627489871F60443E14A"}
Build info: version: '4.11.0', revision: '040bc5406b'
System info: os.name: 'Windows 10', os.arch: 'amd64', os.version: '10.0', java.version: '11.0.18'
Driver info: driver.version: unknown
	at org.openqa.selenium.devtools.Connection.sendAndWait(Connection.java:181)
	at org.openqa.selenium.devtools.DevTools.send(DevTools.java:81)
	at org.openqa.selenium.devtools.idealized.Network.lambda$prepareToInterceptTraffic$3(Network.java:211)
	at org.openqa.selenium.remote.http.Filter.lambda$andFinally$1(Filter.java:55)
	at org.openqa.selenium.devtools.idealized.Network.lambda$prepareToInterceptTraffic$4(Network.java:226)
	at org.openqa.selenium.devtools.Connection.lambda$handle$4(Connection.java:321)
	at java.base/java.util.stream.ForEachOps$ForEachOp$OfRef.accept(ForEachOps.java:183)
	at java.base/java.util.stream.ReferencePipeline$2$1.accept(ReferencePipeline.java:177)
	at java.base/java.util.stream.ReferencePipeline$11$1.accept(ReferencePipeline.java:442)
	at java.base/java.util.HashMap$KeySpliterator.forEachRemaining(HashMap.java:1621)
	at java.base/java.util.stream.AbstractPipeline.copyInto(AbstractPipeline.java:484)
	at java.base/java.util.stream.AbstractPipeline.wrapAndCopyInto(AbstractPipeline.java:474)
	at java.base/java.util.stream.ForEachOps$ForEachOp.evaluateSequential(ForEachOps.java:150)
	at java.base/java.util.stream.ForEachOps$ForEachOp$OfRef.evaluateSequential(ForEachOps.java:173)
	at java.base/java.util.stream.AbstractPipeline.evaluate(AbstractPipeline.java:234)
	at java.base/java.util.stream.ReferencePipeline.forEach(ReferencePipeline.java:497)
	at org.openqa.selenium.devtools.Connection.handle(Connection.java:287)
	at org.openqa.selenium.devtools.Connection.access$200(Connection.java:57)
	at org.openqa.selenium.devtools.Connection$Listener.lambda$onText$0(Connection.java:224)
	... 3 more
Caused by: org.openqa.selenium.WebDriverException: {"id":2122,"error":{"code":-32602,"message":"Invalid InterceptionId."},"sessionId":"69DE6D1A85B5D627489871F60443E14A"}
Build info: version: '4.11.0', revision: '040bc5406b'
System info: os.name: 'Windows 10', os.arch: 'amd64', os.version: '10.0', java.version: '11.0.18'
Driver info: driver.version: unknown
	at org.openqa.selenium.devtools.Connection.handle(Connection.java:260)
	... 5 more
авг. 16, 2023 4:22:39 PM org.openqa.selenium.devtools.Connection$Listener lambda$onText$0
WARNING: Unable to process: {"method":"Fetch.requestPaused","params":{"requestId":"interception-job-346.0","request":{"url":"http://localhost:8080/static/js/main.aab190f3.chunk.js","method":"GET","headers":{"Accept":"*/*","Referer":"http://localhost:8080/","User-Agent":"Mozilla/5.0 (Windows NT 10.0; Win64; x64) AppleWebKit/537.36 (KHTML, like Gecko) Chrome/116.0.0.0 Safari/537.36","sec-ch-ua":"\"Chromium\";v=\"116\", \"Not)A;Brand\";v=\"24\", \"Google Chrome\";v=\"116\"","sec-ch-ua-mobile":"?0","sec-ch-ua-platform":"\"Windows\""},"initialPriority":"High","referrerPolicy":"unsafe-url"},"frameId":"D165F02B89151667DFD1BF49856829E7","resourceType":"Script","responseStatusCode":200,"responseStatusText":"","responseHeaders":[{"name":"Vary","value":"Origin"},{"name":"Vary","value":"Access-Control-Request-Method"},{"name":"Vary","value":"Access-Control-Request-Headers"},{"name":"Last-Modified","value":"Thu, 03 Aug 2023 10:18:16 GMT"},{"name":"Accept-Ranges","value":"bytes"},{"name":"Content-Type","value":"application/javascript"},{"name":"Content-Length","value":"9137"},{"name":"Date","value":"Wed, 16 Aug 2023 13:20:22 GMT"}]},"sessionId":"69DE6D1A85B5D627489871F60443E14A"}
org.openqa.selenium.devtools.DevToolsException: {"id":2123,"error":{"code":-32602,"message":"Invalid InterceptionId."},"sessionId":"69DE6D1A85B5D627489871F60443E14A"}
Build info: version: '4.11.0', revision: '040bc5406b'
System info: os.name: 'Windows 10', os.arch: 'amd64', os.version: '10.0', java.version: '11.0.18'
Driver info: driver.version: unknown
	at org.openqa.selenium.devtools.Connection.sendAndWait(Connection.java:181)
	at org.openqa.selenium.devtools.DevTools.send(DevTools.java:81)
	at org.openqa.selenium.devtools.idealized.Network.lambda$prepareToInterceptTraffic$4(Network.java:194)
	at org.openqa.selenium.devtools.Connection.lambda$handle$4(Connection.java:321)
	at java.base/java.util.stream.ForEachOps$ForEachOp$OfRef.accept(ForEachOps.java:183)
	at java.base/java.util.stream.ReferencePipeline$2$1.accept(ReferencePipeline.java:177)
	at java.base/java.util.stream.ReferencePipeline$11$1.accept(ReferencePipeline.java:442)
	at java.base/java.util.HashMap$KeySpliterator.forEachRemaining(HashMap.java:1621)
	at java.base/java.util.stream.AbstractPipeline.copyInto(AbstractPipeline.java:484)
	at java.base/java.util.stream.AbstractPipeline.wrapAndCopyInto(AbstractPipeline.java:474)
	at java.base/java.util.stream.ForEachOps$ForEachOp.evaluateSequential(ForEachOps.java:150)
	at java.base/java.util.stream.ForEachOps$ForEachOp$OfRef.evaluateSequential(ForEachOps.java:173)
	at java.base/java.util.stream.AbstractPipeline.evaluate(AbstractPipeline.java:234)
	at java.base/java.util.stream.ReferencePipeline.forEach(ReferencePipeline.java:497)
	at org.openqa.selenium.devtools.Connection.handle(Connection.java:287)
	at org.openqa.selenium.devtools.Connection.access$200(Connection.java:57)
	at org.openqa.selenium.devtools.Connection$Listener.lambda$onText$0(Connection.java:224)
	at java.base/java.util.concurrent.ThreadPoolExecutor.runWorker(ThreadPoolExecutor.java:1128)
	at java.base/java.util.concurrent.ThreadPoolExecutor$Worker.run(ThreadPoolExecutor.java:628)
	at java.base/java.lang.Thread.run(Thread.java:829)
Caused by: org.openqa.selenium.WebDriverException: {"id":2123,"error":{"code":-32602,"message":"Invalid InterceptionId."},"sessionId":"69DE6D1A85B5D627489871F60443E14A"}
Build info: version: '4.11.0', revision: '040bc5406b'
System info: os.name: 'Windows 10', os.arch: 'amd64', os.version: '10.0', java.version: '11.0.18'
Driver info: driver.version: unknown
	at org.openqa.selenium.devtools.Connection.handle(Connection.java:260)
	... 5 more

Exception in thread "CDP Connection" org.openqa.selenium.devtools.DevToolsException: {"id":2123,"error":{"code":-32602,"message":"Invalid InterceptionId."},"sessionId":"69DE6D1A85B5D627489871F60443E14A"}
Build info: version: '4.11.0', revision: '040bc5406b'
System info: os.name: 'Windows 10', os.arch: 'amd64', os.version: '10.0', java.version: '11.0.18'
Driver info: driver.version: unknown
	at org.openqa.selenium.devtools.Connection$Listener.lambda$onText$0(Connection.java:227)
	at java.base/java.util.concurrent.ThreadPoolExecutor.runWorker(ThreadPoolExecutor.java:1128)
	at java.base/java.util.concurrent.ThreadPoolExecutor$Worker.run(ThreadPoolExecutor.java:628)
	at java.base/java.lang.Thread.run(Thread.java:829)
Caused by: org.openqa.selenium.devtools.DevToolsException: {"id":2123,"error":{"code":-32602,"message":"Invalid InterceptionId."},"sessionId":"69DE6D1A85B5D627489871F60443E14A"}
Build info: version: '4.11.0', revision: '040bc5406b'
System info: os.name: 'Windows 10', os.arch: 'amd64', os.version: '10.0', java.version: '11.0.18'
Driver info: driver.version: unknown
	at org.openqa.selenium.devtools.Connection.sendAndWait(Connection.java:181)
	at org.openqa.selenium.devtools.DevTools.send(DevTools.java:81)
	at org.openqa.selenium.devtools.idealized.Network.lambda$prepareToInterceptTraffic$4(Network.java:194)
	at org.openqa.selenium.devtools.Connection.lambda$handle$4(Connection.java:321)
	at java.base/java.util.stream.ForEachOps$ForEachOp$OfRef.accept(ForEachOps.java:183)
	at java.base/java.util.stream.ReferencePipeline$2$1.accept(ReferencePipeline.java:177)
	at java.base/java.util.stream.ReferencePipeline$11$1.accept(ReferencePipeline.java:442)
	at java.base/java.util.HashMap$KeySpliterator.forEachRemaining(HashMap.java:1621)
	at java.base/java.util.stream.AbstractPipeline.copyInto(AbstractPipeline.java:484)
	at java.base/java.util.stream.AbstractPipeline.wrapAndCopyInto(AbstractPipeline.java:474)
	at java.base/java.util.stream.ForEachOps$ForEachOp.evaluateSequential(ForEachOps.java:150)
	at java.base/java.util.stream.ForEachOps$ForEachOp$OfRef.evaluateSequential(ForEachOps.java:173)
	at java.base/java.util.stream.AbstractPipeline.evaluate(AbstractPipeline.java:234)
	at java.base/java.util.stream.ReferencePipeline.forEach(ReferencePipeline.java:497)
	at org.openqa.selenium.devtools.Connection.handle(Connection.java:287)
	at org.openqa.selenium.devtools.Connection.access$200(Connection.java:57)
	at org.openqa.selenium.devtools.Connection$Listener.lambda$onText$0(Connection.java:224)
	... 3 more
Caused by: org.openqa.selenium.WebDriverException: {"id":2123,"error":{"code":-32602,"message":"Invalid InterceptionId."},"sessionId":"69DE6D1A85B5D627489871F60443E14A"}
Build info: version: '4.11.0', revision: '040bc5406b'
System info: os.name: 'Windows 10', os.arch: 'amd64', os.version: '10.0', java.version: '11.0.18'
Driver info: driver.version: unknown
	at org.openqa.selenium.devtools.Connection.handle(Connection.java:260)
	... 5 more
авг. 16, 2023 4:22:39 PM org.openqa.selenium.devtools.Connection$Listener lambda$onText$0
WARNING: Unable to process: {"method":"Fetch.requestPaused","params":{"requestId":"interception-job-346.0","request":{"url":"http://localhost:8080/static/js/main.aab190f3.chunk.js","method":"GET","headers":{"Accept":"*/*","Referer":"http://localhost:8080/","User-Agent":"Mozilla/5.0 (Windows NT 10.0; Win64; x64) AppleWebKit/537.36 (KHTML, like Gecko) Chrome/116.0.0.0 Safari/537.36","sec-ch-ua":"\"Chromium\";v=\"116\", \"Not)A;Brand\";v=\"24\", \"Google Chrome\";v=\"116\"","sec-ch-ua-mobile":"?0","sec-ch-ua-platform":"\"Windows\""},"initialPriority":"High","referrerPolicy":"strict-origin-when-cross-origin"},"frameId":"D165F02B89151667DFD1BF49856829E7","resourceType":"Script"},"sessionId":"69DE6D1A85B5D627489871F60443E14A"}
org.openqa.selenium.devtools.DevToolsException: {"id":2124,"error":{"code":-32602,"message":"Invalid InterceptionId."},"sessionId":"69DE6D1A85B5D627489871F60443E14A"}
Build info: version: '4.11.0', revision: '040bc5406b'
System info: os.name: 'Windows 10', os.arch: 'amd64', os.version: '10.0', java.version: '11.0.18'
Driver info: driver.version: unknown
	at org.openqa.selenium.devtools.Connection.sendAndWait(Connection.java:181)
	at org.openqa.selenium.devtools.DevTools.send(DevTools.java:81)
	at org.openqa.selenium.devtools.idealized.Network.lambda$prepareToInterceptTraffic$3(Network.java:211)
	at org.openqa.selenium.remote.http.Filter.lambda$andFinally$1(Filter.java:55)
	at org.openqa.selenium.devtools.idealized.Network.lambda$prepareToInterceptTraffic$4(Network.java:226)
	at org.openqa.selenium.devtools.Connection.lambda$handle$4(Connection.java:321)
	at java.base/java.util.stream.ForEachOps$ForEachOp$OfRef.accept(ForEachOps.java:183)
	at java.base/java.util.stream.ReferencePipeline$2$1.accept(ReferencePipeline.java:177)
	at java.base/java.util.stream.ReferencePipeline$11$1.accept(ReferencePipeline.java:442)
	at java.base/java.util.HashMap$KeySpliterator.forEachRemaining(HashMap.java:1621)
	at java.base/java.util.stream.AbstractPipeline.copyInto(AbstractPipeline.java:484)
	at java.base/java.util.stream.AbstractPipeline.wrapAndCopyInto(AbstractPipeline.java:474)
	at java.base/java.util.stream.ForEachOps$ForEachOp.evaluateSequential(ForEachOps.java:150)
	at java.base/java.util.stream.ForEachOps$ForEachOp$OfRef.evaluateSequential(ForEachOps.java:173)
	at java.base/java.util.stream.AbstractPipeline.evaluate(AbstractPipeline.java:234)
	at java.base/java.util.stream.ReferencePipeline.forEach(ReferencePipeline.java:497)
	at org.openqa.selenium.devtools.Connection.handle(Connection.java:287)
	at org.openqa.selenium.devtools.Connection.access$200(Connection.java:57)
	at org.openqa.selenium.devtools.Connection$Listener.lambda$onText$0(Connection.java:224)
	at java.base/java.util.concurrent.ThreadPoolExecutor.runWorker(ThreadPoolExecutor.java:1128)
	at java.base/java.util.concurrent.ThreadPoolExecutor$Worker.run(ThreadPoolExecutor.java:628)
	at java.base/java.lang.Thread.run(Thread.java:829)
Caused by: org.openqa.selenium.WebDriverException: {"id":2124,"error":{"code":-32602,"message":"Invalid InterceptionId."},"sessionId":"69DE6D1A85B5D627489871F60443E14A"}
Build info: version: '4.11.0', revision: '040bc5406b'
System info: os.name: 'Windows 10', os.arch: 'amd64', os.version: '10.0', java.version: '11.0.18'
Driver info: driver.version: unknown
	at org.openqa.selenium.devtools.Connection.handle(Connection.java:260)
	... 5 more

Exception in thread "CDP Connection" org.openqa.selenium.devtools.DevToolsException: {"id":2124,"error":{"code":-32602,"message":"Invalid InterceptionId."},"sessionId":"69DE6D1A85B5D627489871F60443E14A"}
Build info: version: '4.11.0', revision: '040bc5406b'
System info: os.name: 'Windows 10', os.arch: 'amd64', os.version: '10.0', java.version: '11.0.18'
Driver info: driver.version: unknown
	at org.openqa.selenium.devtools.Connection$Listener.lambda$onText$0(Connection.java:227)
	at java.base/java.util.concurrent.ThreadPoolExecutor.runWorker(ThreadPoolExecutor.java:1128)
	at java.base/java.util.concurrent.ThreadPoolExecutor$Worker.run(ThreadPoolExecutor.java:628)
	at java.base/java.lang.Thread.run(Thread.java:829)
Caused by: org.openqa.selenium.devtools.DevToolsException: {"id":2124,"error":{"code":-32602,"message":"Invalid InterceptionId."},"sessionId":"69DE6D1A85B5D627489871F60443E14A"}
Build info: version: '4.11.0', revision: '040bc5406b'
System info: os.name: 'Windows 10', os.arch: 'amd64', os.version: '10.0', java.version: '11.0.18'
Driver info: driver.version: unknown
	at org.openqa.selenium.devtools.Connection.sendAndWait(Connection.java:181)
	at org.openqa.selenium.devtools.DevTools.send(DevTools.java:81)
	at org.openqa.selenium.devtools.idealized.Network.lambda$prepareToInterceptTraffic$3(Network.java:211)
	at org.openqa.selenium.remote.http.Filter.lambda$andFinally$1(Filter.java:55)
	at org.openqa.selenium.devtools.idealized.Network.lambda$prepareToInterceptTraffic$4(Network.java:226)
	at org.openqa.selenium.devtools.Connection.lambda$handle$4(Connection.java:321)
	at java.base/java.util.stream.ForEachOps$ForEachOp$OfRef.accept(ForEachOps.java:183)
	at java.base/java.util.stream.ReferencePipeline$2$1.accept(ReferencePipeline.java:177)
	at java.base/java.util.stream.ReferencePipeline$11$1.accept(ReferencePipeline.java:442)
	at java.base/java.util.HashMap$KeySpliterator.forEachRemaining(HashMap.java:1621)
	at java.base/java.util.stream.AbstractPipeline.copyInto(AbstractPipeline.java:484)
	at java.base/java.util.stream.AbstractPipeline.wrapAndCopyInto(AbstractPipeline.java:474)
	at java.base/java.util.stream.ForEachOps$ForEachOp.evaluateSequential(ForEachOps.java:150)
	at java.base/java.util.stream.ForEachOps$ForEachOp$OfRef.evaluateSequential(ForEachOps.java:173)
	at java.base/java.util.stream.AbstractPipeline.evaluate(AbstractPipeline.java:234)
	at java.base/java.util.stream.ReferencePipeline.forEach(ReferencePipeline.java:497)
	at org.openqa.selenium.devtools.Connection.handle(Connection.java:287)
	at org.openqa.selenium.devtools.Connection.access$200(Connection.java:57)
	at org.openqa.selenium.devtools.Connection$Listener.lambda$onText$0(Connection.java:224)
	... 3 more
Caused by: org.openqa.selenium.WebDriverException: {"id":2124,"error":{"code":-32602,"message":"Invalid InterceptionId."},"sessionId":"69DE6D1A85B5D627489871F60443E14A"}
Build info: version: '4.11.0', revision: '040bc5406b'
System info: os.name: 'Windows 10', os.arch: 'amd64', os.version: '10.0', java.version: '11.0.18'
Driver info: driver.version: unknown
	at org.openqa.selenium.devtools.Connection.handle(Connection.java:260)
	... 5 more
авг. 16, 2023 4:22:39 PM org.openqa.selenium.devtools.Connection$Listener lambda$onText$0
WARNING: Unable to process: {"method":"Fetch.requestPaused","params":{"requestId":"interception-job-343.0","request":{"url":"http://localhost:8080/static/css/2.7d875902.chunk.css","method":"GET","headers":{"Accept":"text/css,*/*;q=0.1","Referer":"http://localhost:8080/","User-Agent":"Mozilla/5.0 (Windows NT 10.0; Win64; x64) AppleWebKit/537.36 (KHTML, like Gecko) Chrome/116.0.0.0 Safari/537.36","sec-ch-ua":"\"Chromium\";v=\"116\", \"Not)A;Brand\";v=\"24\", \"Google Chrome\";v=\"116\"","sec-ch-ua-mobile":"?0","sec-ch-ua-platform":"\"Windows\""},"initialPriority":"VeryHigh","referrerPolicy":"unsafe-url"},"frameId":"D165F02B89151667DFD1BF49856829E7","resourceType":"Stylesheet","responseStatusCode":200,"responseStatusText":"","responseHeaders":[{"name":"Vary","value":"Origin"},{"name":"Vary","value":"Access-Control-Request-Method"},{"name":"Vary","value":"Access-Control-Request-Headers"},{"name":"Last-Modified","value":"Thu, 03 Aug 2023 10:18:16 GMT"},{"name":"Accept-Ranges","value":"bytes"},{"name":"Content-Type","value":"text/css"},{"name":"Content-Length","value":"87563"},{"name":"Date","value":"Wed, 16 Aug 2023 13:20:22 GMT"}]},"sessionId":"69DE6D1A85B5D627489871F60443E14A"}
org.openqa.selenium.devtools.DevToolsException: {"id":2128,"error":{"code":-32602,"message":"Invalid InterceptionId."},"sessionId":"69DE6D1A85B5D627489871F60443E14A"}
Build info: version: '4.11.0', revision: '040bc5406b'
System info: os.name: 'Windows 10', os.arch: 'amd64', os.version: '10.0', java.version: '11.0.18'
Driver info: driver.version: unknown
	at org.openqa.selenium.devtools.Connection.sendAndWait(Connection.java:181)
	at org.openqa.selenium.devtools.DevTools.send(DevTools.java:81)
	at org.openqa.selenium.devtools.idealized.Network.lambda$prepareToInterceptTraffic$4(Network.java:194)
	at org.openqa.selenium.devtools.Connection.lambda$handle$4(Connection.java:321)
	at java.base/java.util.stream.ForEachOps$ForEachOp$OfRef.accept(ForEachOps.java:183)
	at java.base/java.util.stream.ReferencePipeline$2$1.accept(ReferencePipeline.java:177)
	at java.base/java.util.stream.ReferencePipeline$11$1.accept(ReferencePipeline.java:442)
	at java.base/java.util.HashMap$KeySpliterator.forEachRemaining(HashMap.java:1621)
	at java.base/java.util.stream.AbstractPipeline.copyInto(AbstractPipeline.java:484)
	at java.base/java.util.stream.AbstractPipeline.wrapAndCopyInto(AbstractPipeline.java:474)
	at java.base/java.util.stream.ForEachOps$ForEachOp.evaluateSequential(ForEachOps.java:150)
	at java.base/java.util.stream.ForEachOps$ForEachOp$OfRef.evaluateSequential(ForEachOps.java:173)
	at java.base/java.util.stream.AbstractPipeline.evaluate(AbstractPipeline.java:234)
	at java.base/java.util.stream.ReferencePipeline.forEach(ReferencePipeline.java:497)
	at org.openqa.selenium.devtools.Connection.handle(Connection.java:287)
	at org.openqa.selenium.devtools.Connection.access$200(Connection.java:57)
	at org.openqa.selenium.devtools.Connection$Listener.lambda$onText$0(Connection.java:224)
	at java.base/java.util.concurrent.ThreadPoolExecutor.runWorker(ThreadPoolExecutor.java:1128)
	at java.base/java.util.concurrent.ThreadPoolExecutor$Worker.run(ThreadPoolExecutor.java:628)
	at java.base/java.lang.Thread.run(Thread.java:829)
Caused by: org.openqa.selenium.WebDriverException: {"id":2128,"error":{"code":-32602,"message":"Invalid InterceptionId."},"sessionId":"69DE6D1A85B5D627489871F60443E14A"}
Build info: version: '4.11.0', revision: '040bc5406b'
System info: os.name: 'Windows 10', os.arch: 'amd64', os.version: '10.0', java.version: '11.0.18'
Driver info: driver.version: unknown
	at org.openqa.selenium.devtools.Connection.handle(Connection.java:260)
	... 5 more

Exception in thread "CDP Connection" org.openqa.selenium.devtools.DevToolsException: {"id":2128,"error":{"code":-32602,"message":"Invalid InterceptionId."},"sessionId":"69DE6D1A85B5D627489871F60443E14A"}
Build info: version: '4.11.0', revision: '040bc5406b'
System info: os.name: 'Windows 10', os.arch: 'amd64', os.version: '10.0', java.version: '11.0.18'
Driver info: driver.version: unknown
	at org.openqa.selenium.devtools.Connection$Listener.lambda$onText$0(Connection.java:227)
	at java.base/java.util.concurrent.ThreadPoolExecutor.runWorker(ThreadPoolExecutor.java:1128)
	at java.base/java.util.concurrent.ThreadPoolExecutor$Worker.run(ThreadPoolExecutor.java:628)
	at java.base/java.lang.Thread.run(Thread.java:829)
Caused by: org.openqa.selenium.devtools.DevToolsException: {"id":2128,"error":{"code":-32602,"message":"Invalid InterceptionId."},"sessionId":"69DE6D1A85B5D627489871F60443E14A"}
Build info: version: '4.11.0', revision: '040bc5406b'
System info: os.name: 'Windows 10', os.arch: 'amd64', os.version: '10.0', java.version: '11.0.18'
Driver info: driver.version: unknown
	at org.openqa.selenium.devtools.Connection.sendAndWait(Connection.java:181)
	at org.openqa.selenium.devtools.DevTools.send(DevTools.java:81)
	at org.openqa.selenium.devtools.idealized.Network.lambda$prepareToInterceptTraffic$4(Network.java:194)
	at org.openqa.selenium.devtools.Connection.lambda$handle$4(Connection.java:321)
	at java.base/java.util.stream.ForEachOps$ForEachOp$OfRef.accept(ForEachOps.java:183)
	at java.base/java.util.stream.ReferencePipeline$2$1.accept(ReferencePipeline.java:177)
	at java.base/java.util.stream.ReferencePipeline$11$1.accept(ReferencePipeline.java:442)
	at java.base/java.util.HashMap$KeySpliterator.forEachRemaining(HashMap.java:1621)
	at java.base/java.util.stream.AbstractPipeline.copyInto(AbstractPipeline.java:484)
	at java.base/java.util.stream.AbstractPipeline.wrapAndCopyInto(AbstractPipeline.java:474)
	at java.base/java.util.stream.ForEachOps$ForEachOp.evaluateSequential(ForEachOps.java:150)
	at java.base/java.util.stream.ForEachOps$ForEachOp$OfRef.evaluateSequential(ForEachOps.java:173)
	at java.base/java.util.stream.AbstractPipeline.evaluate(AbstractPipeline.java:234)
	at java.base/java.util.stream.ReferencePipeline.forEach(ReferencePipeline.java:497)
	at org.openqa.selenium.devtools.Connection.handle(Connection.java:287)
	at org.openqa.selenium.devtools.Connection.access$200(Connection.java:57)
	at org.openqa.selenium.devtools.Connection$Listener.lambda$onText$0(Connection.java:224)
	... 3 more
Caused by: org.openqa.selenium.WebDriverException: {"id":2128,"error":{"code":-32602,"message":"Invalid InterceptionId."},"sessionId":"69DE6D1A85B5D627489871F60443E14A"}
Build info: version: '4.11.0', revision: '040bc5406b'
System info: os.name: 'Windows 10', os.arch: 'amd64', os.version: '10.0', java.version: '11.0.18'
Driver info: driver.version: unknown
	at org.openqa.selenium.devtools.Connection.handle(Connection.java:260)
	... 5 more
авг. 16, 2023 4:22:39 PM org.openqa.selenium.devtools.Connection$Listener lambda$onText$0
WARNING: Unable to process: {"method":"Fetch.requestPaused","params":{"requestId":"interception-job-343.0","request":{"url":"http://localhost:8080/static/css/2.7d875902.chunk.css","method":"GET","headers":{"Accept":"text/css,*/*;q=0.1","Referer":"http://localhost:8080/","User-Agent":"Mozilla/5.0 (Windows NT 10.0; Win64; x64) AppleWebKit/537.36 (KHTML, like Gecko) Chrome/116.0.0.0 Safari/537.36","sec-ch-ua":"\"Chromium\";v=\"116\", \"Not)A;Brand\";v=\"24\", \"Google Chrome\";v=\"116\"","sec-ch-ua-mobile":"?0","sec-ch-ua-platform":"\"Windows\""},"initialPriority":"VeryHigh","referrerPolicy":"strict-origin-when-cross-origin"},"frameId":"D165F02B89151667DFD1BF49856829E7","resourceType":"Stylesheet"},"sessionId":"69DE6D1A85B5D627489871F60443E14A"}
org.openqa.selenium.devtools.DevToolsException: {"id":2129,"error":{"code":-32602,"message":"Invalid InterceptionId."},"sessionId":"69DE6D1A85B5D627489871F60443E14A"}
Build info: version: '4.11.0', revision: '040bc5406b'
System info: os.name: 'Windows 10', os.arch: 'amd64', os.version: '10.0', java.version: '11.0.18'
Driver info: driver.version: unknown
	at org.openqa.selenium.devtools.Connection.sendAndWait(Connection.java:181)
	at org.openqa.selenium.devtools.DevTools.send(DevTools.java:81)
	at org.openqa.selenium.devtools.idealized.Network.lambda$prepareToInterceptTraffic$3(Network.java:211)
	at org.openqa.selenium.remote.http.Filter.lambda$andFinally$1(Filter.java:55)
	at org.openqa.selenium.devtools.idealized.Network.lambda$prepareToInterceptTraffic$4(Network.java:226)
	at org.openqa.selenium.devtools.Connection.lambda$handle$4(Connection.java:321)
	at java.base/java.util.stream.ForEachOps$ForEachOp$OfRef.accept(ForEachOps.java:183)
	at java.base/java.util.stream.ReferencePipeline$2$1.accept(ReferencePipeline.java:177)
	at java.base/java.util.stream.ReferencePipeline$11$1.accept(ReferencePipeline.java:442)
	at java.base/java.util.HashMap$KeySpliterator.forEachRemaining(HashMap.java:1621)
	at java.base/java.util.stream.AbstractPipeline.copyInto(AbstractPipeline.java:484)
	at java.base/java.util.stream.AbstractPipeline.wrapAndCopyInto(AbstractPipeline.java:474)
	at java.base/java.util.stream.ForEachOps$ForEachOp.evaluateSequential(ForEachOps.java:150)
	at java.base/java.util.stream.ForEachOps$ForEachOp$OfRef.evaluateSequential(ForEachOps.java:173)
	at java.base/java.util.stream.AbstractPipeline.evaluate(AbstractPipeline.java:234)
	at java.base/java.util.stream.ReferencePipeline.forEach(ReferencePipeline.java:497)
	at org.openqa.selenium.devtools.Connection.handle(Connection.java:287)
	at org.openqa.selenium.devtools.Connection.access$200(Connection.java:57)
	at org.openqa.selenium.devtools.Connection$Listener.lambda$onText$0(Connection.java:224)
	at java.base/java.util.concurrent.ThreadPoolExecutor.runWorker(ThreadPoolExecutor.java:1128)
	at java.base/java.util.concurrent.ThreadPoolExecutor$Worker.run(ThreadPoolExecutor.java:628)
	at java.base/java.lang.Thread.run(Thread.java:829)
Caused by: org.openqa.selenium.WebDriverException: {"id":2129,"error":{"code":-32602,"message":"Invalid InterceptionId."},"sessionId":"69DE6D1A85B5D627489871F60443E14A"}
Build info: version: '4.11.0', revision: '040bc5406b'
System info: os.name: 'Windows 10', os.arch: 'amd64', os.version: '10.0', java.version: '11.0.18'
Driver info: driver.version: unknown
	at org.openqa.selenium.devtools.Connection.handle(Connection.java:260)
	... 5 more

Exception in thread "CDP Connection" org.openqa.selenium.devtools.DevToolsException: {"id":2129,"error":{"code":-32602,"message":"Invalid InterceptionId."},"sessionId":"69DE6D1A85B5D627489871F60443E14A"}
Build info: version: '4.11.0', revision: '040bc5406b'
System info: os.name: 'Windows 10', os.arch: 'amd64', os.version: '10.0', java.version: '11.0.18'
Driver info: driver.version: unknown
	at org.openqa.selenium.devtools.Connection$Listener.lambda$onText$0(Connection.java:227)
	at java.base/java.util.concurrent.ThreadPoolExecutor.runWorker(ThreadPoolExecutor.java:1128)
	at java.base/java.util.concurrent.ThreadPoolExecutor$Worker.run(ThreadPoolExecutor.java:628)
	at java.base/java.lang.Thread.run(Thread.java:829)
Caused by: org.openqa.selenium.devtools.DevToolsException: {"id":2129,"error":{"code":-32602,"message":"Invalid InterceptionId."},"sessionId":"69DE6D1A85B5D627489871F60443E14A"}
Build info: version: '4.11.0', revision: '040bc5406b'
System info: os.name: 'Windows 10', os.arch: 'amd64', os.version: '10.0', java.version: '11.0.18'
Driver info: driver.version: unknown
	at org.openqa.selenium.devtools.Connection.sendAndWait(Connection.java:181)
	at org.openqa.selenium.devtools.DevTools.send(DevTools.java:81)
	at org.openqa.selenium.devtools.idealized.Network.lambda$prepareToInterceptTraffic$3(Network.java:211)
	at org.openqa.selenium.remote.http.Filter.lambda$andFinally$1(Filter.java:55)
	at org.openqa.selenium.devtools.idealized.Network.lambda$prepareToInterceptTraffic$4(Network.java:226)
	at org.openqa.selenium.devtools.Connection.lambda$handle$4(Connection.java:321)
	at java.base/java.util.stream.ForEachOps$ForEachOp$OfRef.accept(ForEachOps.java:183)
	at java.base/java.util.stream.ReferencePipeline$2$1.accept(ReferencePipeline.java:177)
	at java.base/java.util.stream.ReferencePipeline$11$1.accept(ReferencePipeline.java:442)
	at java.base/java.util.HashMap$KeySpliterator.forEachRemaining(HashMap.java:1621)
	at java.base/java.util.stream.AbstractPipeline.copyInto(AbstractPipeline.java:484)
	at java.base/java.util.stream.AbstractPipeline.wrapAndCopyInto(AbstractPipeline.java:474)
	at java.base/java.util.stream.ForEachOps$ForEachOp.evaluateSequential(ForEachOps.java:150)
	at java.base/java.util.stream.ForEachOps$ForEachOp$OfRef.evaluateSequential(ForEachOps.java:173)
	at java.base/java.util.stream.AbstractPipeline.evaluate(AbstractPipeline.java:234)
	at java.base/java.util.stream.ReferencePipeline.forEach(ReferencePipeline.java:497)
	at org.openqa.selenium.devtools.Connection.handle(Connection.java:287)
	at org.openqa.selenium.devtools.Connection.access$200(Connection.java:57)
	at org.openqa.selenium.devtools.Connection$Listener.lambda$onText$0(Connection.java:224)
	... 3 more
Caused by: org.openqa.selenium.WebDriverException: {"id":2129,"error":{"code":-32602,"message":"Invalid InterceptionId."},"sessionId":"69DE6D1A85B5D627489871F60443E14A"}
Build info: version: '4.11.0', revision: '040bc5406b'
System info: os.name: 'Windows 10', os.arch: 'amd64', os.version: '10.0', java.version: '11.0.18'
Driver info: driver.version: unknown
	at org.openqa.selenium.devtools.Connection.handle(Connection.java:260)
	... 5 more
авг. 16, 2023 4:22:39 PM org.openqa.selenium.devtools.Connection$Listener lambda$onText$0
WARNING: Unable to process: {"method":"Fetch.requestPaused","params":{"requestId":"interception-job-345.0","request":{"url":"http://localhost:8080/static/js/2.0716afe8.chunk.js","method":"GET","headers":{"Accept":"*/*","Referer":"http://localhost:8080/","User-Agent":"Mozilla/5.0 (Windows NT 10.0; Win64; x64) AppleWebKit/537.36 (KHTML, like Gecko) Chrome/116.0.0.0 Safari/537.36","sec-ch-ua":"\"Chromium\";v=\"116\", \"Not)A;Brand\";v=\"24\", \"Google Chrome\";v=\"116\"","sec-ch-ua-mobile":"?0","sec-ch-ua-platform":"\"Windows\""},"initialPriority":"High","referrerPolicy":"strict-origin-when-cross-origin"},"frameId":"D165F02B89151667DFD1BF49856829E7","resourceType":"Script"},"sessionId":"69DE6D1A85B5D627489871F60443E14A"}
org.openqa.selenium.devtools.DevToolsException: {"id":2131,"error":{"code":-32602,"message":"Invalid InterceptionId."},"sessionId":"69DE6D1A85B5D627489871F60443E14A"}
Build info: version: '4.11.0', revision: '040bc5406b'
System info: os.name: 'Windows 10', os.arch: 'amd64', os.version: '10.0', java.version: '11.0.18'
Driver info: driver.version: unknown
	at org.openqa.selenium.devtools.Connection.sendAndWait(Connection.java:181)
	at org.openqa.selenium.devtools.DevTools.send(DevTools.java:81)
	at org.openqa.selenium.devtools.idealized.Network.lambda$prepareToInterceptTraffic$3(Network.java:211)
	at org.openqa.selenium.remote.http.Filter.lambda$andFinally$1(Filter.java:55)
	at org.openqa.selenium.devtools.idealized.Network.lambda$prepareToInterceptTraffic$4(Network.java:226)
	at org.openqa.selenium.devtools.Connection.lambda$handle$4(Connection.java:321)
	at java.base/java.util.stream.ForEachOps$ForEachOp$OfRef.accept(ForEachOps.java:183)
	at java.base/java.util.stream.ReferencePipeline$2$1.accept(ReferencePipeline.java:177)
	at java.base/java.util.stream.ReferencePipeline$11$1.accept(ReferencePipeline.java:442)
	at java.base/java.util.HashMap$KeySpliterator.forEachRemaining(HashMap.java:1621)
	at java.base/java.util.stream.AbstractPipeline.copyInto(AbstractPipeline.java:484)
	at java.base/java.util.stream.AbstractPipeline.wrapAndCopyInto(AbstractPipeline.java:474)
	at java.base/java.util.stream.ForEachOps$ForEachOp.evaluateSequential(ForEachOps.java:150)
	at java.base/java.util.stream.ForEachOps$ForEachOp$OfRef.evaluateSequential(ForEachOps.java:173)
	at java.base/java.util.stream.AbstractPipeline.evaluate(AbstractPipeline.java:234)
	at java.base/java.util.stream.ReferencePipeline.forEach(ReferencePipeline.java:497)
	at org.openqa.selenium.devtools.Connection.handle(Connection.java:287)
	at org.openqa.selenium.devtools.Connection.access$200(Connection.java:57)
	at org.openqa.selenium.devtools.Connection$Listener.lambda$onText$0(Connection.java:224)
	at java.base/java.util.concurrent.ThreadPoolExecutor.runWorker(ThreadPoolExecutor.java:1128)
	at java.base/java.util.concurrent.ThreadPoolExecutor$Worker.run(ThreadPoolExecutor.java:628)
	at java.base/java.lang.Thread.run(Thread.java:829)
Caused by: org.openqa.selenium.WebDriverException: {"id":2131,"error":{"code":-32602,"message":"Invalid InterceptionId."},"sessionId":"69DE6D1A85B5D627489871F60443E14A"}
Build info: version: '4.11.0', revision: '040bc5406b'
System info: os.name: 'Windows 10', os.arch: 'amd64', os.version: '10.0', java.version: '11.0.18'
Driver info: driver.version: unknown
	at org.openqa.selenium.devtools.Connection.handle(Connection.java:260)
	... 5 more

Exception in thread "CDP Connection" org.openqa.selenium.devtools.DevToolsException: {"id":2131,"error":{"code":-32602,"message":"Invalid InterceptionId."},"sessionId":"69DE6D1A85B5D627489871F60443E14A"}
Build info: version: '4.11.0', revision: '040bc5406b'
System info: os.name: 'Windows 10', os.arch: 'amd64', os.version: '10.0', java.version: '11.0.18'
Driver info: driver.version: unknown
	at org.openqa.selenium.devtools.Connection$Listener.lambda$onText$0(Connection.java:227)
	at java.base/java.util.concurrent.ThreadPoolExecutor.runWorker(ThreadPoolExecutor.java:1128)
	at java.base/java.util.concurrent.ThreadPoolExecutor$Worker.run(ThreadPoolExecutor.java:628)
	at java.base/java.lang.Thread.run(Thread.java:829)
Caused by: org.openqa.selenium.devtools.DevToolsException: {"id":2131,"error":{"code":-32602,"message":"Invalid InterceptionId."},"sessionId":"69DE6D1A85B5D627489871F60443E14A"}
Build info: version: '4.11.0', revision: '040bc5406b'
System info: os.name: 'Windows 10', os.arch: 'amd64', os.version: '10.0', java.version: '11.0.18'
Driver info: driver.version: unknown
	at org.openqa.selenium.devtools.Connection.sendAndWait(Connection.java:181)
	at org.openqa.selenium.devtools.DevTools.send(DevTools.java:81)
	at org.openqa.selenium.devtools.idealized.Network.lambda$prepareToInterceptTraffic$3(Network.java:211)
	at org.openqa.selenium.remote.http.Filter.lambda$andFinally$1(Filter.java:55)
	at org.openqa.selenium.devtools.idealized.Network.lambda$prepareToInterceptTraffic$4(Network.java:226)
	at org.openqa.selenium.devtools.Connection.lambda$handle$4(Connection.java:321)
	at java.base/java.util.stream.ForEachOps$ForEachOp$OfRef.accept(ForEachOps.java:183)
	at java.base/java.util.stream.ReferencePipeline$2$1.accept(ReferencePipeline.java:177)
	at java.base/java.util.stream.ReferencePipeline$11$1.accept(ReferencePipeline.java:442)
	at java.base/java.util.HashMap$KeySpliterator.forEachRemaining(HashMap.java:1621)
	at java.base/java.util.stream.AbstractPipeline.copyInto(AbstractPipeline.java:484)
	at java.base/java.util.stream.AbstractPipeline.wrapAndCopyInto(AbstractPipeline.java:474)
	at java.base/java.util.stream.ForEachOps$ForEachOp.evaluateSequential(ForEachOps.java:150)
	at java.base/java.util.stream.ForEachOps$ForEachOp$OfRef.evaluateSequential(ForEachOps.java:173)
	at java.base/java.util.stream.AbstractPipeline.evaluate(AbstractPipeline.java:234)
	at java.base/java.util.stream.ReferencePipeline.forEach(ReferencePipeline.java:497)
	at org.openqa.selenium.devtools.Connection.handle(Connection.java:287)
	at org.openqa.selenium.devtools.Connection.access$200(Connection.java:57)
	at org.openqa.selenium.devtools.Connection$Listener.lambda$onText$0(Connection.java:224)
	... 3 more
Caused by: org.openqa.selenium.WebDriverException: {"id":2131,"error":{"code":-32602,"message":"Invalid InterceptionId."},"sessionId":"69DE6D1A85B5D627489871F60443E14A"}
Build info: version: '4.11.0', revision: '040bc5406b'
System info: os.name: 'Windows 10', os.arch: 'amd64', os.version: '10.0', java.version: '11.0.18'
Driver info: driver.version: unknown
	at org.openqa.selenium.devtools.Connection.handle(Connection.java:260)
	... 5 more
авг. 16, 2023 4:22:39 PM org.openqa.selenium.devtools.Connection$Listener lambda$onText$0
WARNING: Unable to process: {"method":"Fetch.requestPaused","params":{"requestId":"interception-job-345.0","request":{"url":"http://localhost:8080/static/js/2.0716afe8.chunk.js","method":"GET","headers":{"Accept":"*/*","Referer":"http://localhost:8080/","User-Agent":"Mozilla/5.0 (Windows NT 10.0; Win64; x64) AppleWebKit/537.36 (KHTML, like Gecko) Chrome/116.0.0.0 Safari/537.36","sec-ch-ua":"\"Chromium\";v=\"116\", \"Not)A;Brand\";v=\"24\", \"Google Chrome\";v=\"116\"","sec-ch-ua-mobile":"?0","sec-ch-ua-platform":"\"Windows\""},"initialPriority":"High","referrerPolicy":"unsafe-url"},"frameId":"D165F02B89151667DFD1BF49856829E7","resourceType":"Script","responseStatusCode":200,"responseStatusText":"","responseHeaders":[{"name":"Vary","value":"Origin"},{"name":"Vary","value":"Access-Control-Request-Method"},{"name":"Vary","value":"Access-Control-Request-Headers"},{"name":"Last-Modified","value":"Thu, 03 Aug 2023 10:18:16 GMT"},{"name":"Accept-Ranges","value":"bytes"},{"name":"Content-Type","value":"application/javascript"},{"name":"Content-Length","value":"228167"},{"name":"Date","value":"Wed, 16 Aug 2023 13:20:22 GMT"}]},"sessionId":"69DE6D1A85B5D627489871F60443E14A"}
org.openqa.selenium.devtools.DevToolsException: {"id":2133,"error":{"code":-32602,"message":"Invalid InterceptionId."},"sessionId":"69DE6D1A85B5D627489871F60443E14A"}
Build info: version: '4.11.0', revision: '040bc5406b'
System info: os.name: 'Windows 10', os.arch: 'amd64', os.version: '10.0', java.version: '11.0.18'
Driver info: driver.version: unknown
	at org.openqa.selenium.devtools.Connection.sendAndWait(Connection.java:181)
	at org.openqa.selenium.devtools.DevTools.send(DevTools.java:81)
	at org.openqa.selenium.devtools.idealized.Network.lambda$prepareToInterceptTraffic$4(Network.java:194)
	at org.openqa.selenium.devtools.Connection.lambda$handle$4(Connection.java:321)
	at java.base/java.util.stream.ForEachOps$ForEachOp$OfRef.accept(ForEachOps.java:183)
	at java.base/java.util.stream.ReferencePipeline$2$1.accept(ReferencePipeline.java:177)
	at java.base/java.util.stream.ReferencePipeline$11$1.accept(ReferencePipeline.java:442)
	at java.base/java.util.HashMap$KeySpliterator.forEachRemaining(HashMap.java:1621)
	at java.base/java.util.stream.AbstractPipeline.copyInto(AbstractPipeline.java:484)
	at java.base/java.util.stream.AbstractPipeline.wrapAndCopyInto(AbstractPipeline.java:474)
	at java.base/java.util.stream.ForEachOps$ForEachOp.evaluateSequential(ForEachOps.java:150)
	at java.base/java.util.stream.ForEachOps$ForEachOp$OfRef.evaluateSequential(ForEachOps.java:173)
	at java.base/java.util.stream.AbstractPipeline.evaluate(AbstractPipeline.java:234)
	at java.base/java.util.stream.ReferencePipeline.forEach(ReferencePipeline.java:497)
	at org.openqa.selenium.devtools.Connection.handle(Connection.java:287)
	at org.openqa.selenium.devtools.Connection.access$200(Connection.java:57)
	at org.openqa.selenium.devtools.Connection$Listener.lambda$onText$0(Connection.java:224)
	at java.base/java.util.concurrent.ThreadPoolExecutor.runWorker(ThreadPoolExecutor.java:1128)
	at java.base/java.util.concurrent.ThreadPoolExecutor$Worker.run(ThreadPoolExecutor.java:628)
	at java.base/java.lang.Thread.run(Thread.java:829)
Caused by: org.openqa.selenium.WebDriverException: {"id":2133,"error":{"code":-32602,"message":"Invalid InterceptionId."},"sessionId":"69DE6D1A85B5D627489871F60443E14A"}
Build info: version: '4.11.0', revision: '040bc5406b'
System info: os.name: 'Windows 10', os.arch: 'amd64', os.version: '10.0', java.version: '11.0.18'
Driver info: driver.version: unknown
	at org.openqa.selenium.devtools.Connection.handle(Connection.java:260)
	... 5 more

Exception in thread "CDP Connection" org.openqa.selenium.devtools.DevToolsException: {"id":2133,"error":{"code":-32602,"message":"Invalid InterceptionId."},"sessionId":"69DE6D1A85B5D627489871F60443E14A"}
Build info: version: '4.11.0', revision: '040bc5406b'
System info: os.name: 'Windows 10', os.arch: 'amd64', os.version: '10.0', java.version: '11.0.18'
Driver info: driver.version: unknown
	at org.openqa.selenium.devtools.Connection$Listener.lambda$onText$0(Connection.java:227)
	at java.base/java.util.concurrent.ThreadPoolExecutor.runWorker(ThreadPoolExecutor.java:1128)
	at java.base/java.util.concurrent.ThreadPoolExecutor$Worker.run(ThreadPoolExecutor.java:628)
	at java.base/java.lang.Thread.run(Thread.java:829)
Caused by: org.openqa.selenium.devtools.DevToolsException: {"id":2133,"error":{"code":-32602,"message":"Invalid InterceptionId."},"sessionId":"69DE6D1A85B5D627489871F60443E14A"}
Build info: version: '4.11.0', revision: '040bc5406b'
System info: os.name: 'Windows 10', os.arch: 'amd64', os.version: '10.0', java.version: '11.0.18'
Driver info: driver.version: unknown
	at org.openqa.selenium.devtools.Connection.sendAndWait(Connection.java:181)
	at org.openqa.selenium.devtools.DevTools.send(DevTools.java:81)
	at org.openqa.selenium.devtools.idealized.Network.lambda$prepareToInterceptTraffic$4(Network.java:194)
	at org.openqa.selenium.devtools.Connection.lambda$handle$4(Connection.java:321)
	at java.base/java.util.stream.ForEachOps$ForEachOp$OfRef.accept(ForEachOps.java:183)
	at java.base/java.util.stream.ReferencePipeline$2$1.accept(ReferencePipeline.java:177)
	at java.base/java.util.stream.ReferencePipeline$11$1.accept(ReferencePipeline.java:442)
	at java.base/java.util.HashMap$KeySpliterator.forEachRemaining(HashMap.java:1621)
	at java.base/java.util.stream.AbstractPipeline.copyInto(AbstractPipeline.java:484)
	at java.base/java.util.stream.AbstractPipeline.wrapAndCopyInto(AbstractPipeline.java:474)
	at java.base/java.util.stream.ForEachOps$ForEachOp.evaluateSequential(ForEachOps.java:150)
	at java.base/java.util.stream.ForEachOps$ForEachOp$OfRef.evaluateSequential(ForEachOps.java:173)
	at java.base/java.util.stream.AbstractPipeline.evaluate(AbstractPipeline.java:234)
	at java.base/java.util.stream.ReferencePipeline.forEach(ReferencePipeline.java:497)
	at org.openqa.selenium.devtools.Connection.handle(Connection.java:287)
	at org.openqa.selenium.devtools.Connection.access$200(Connection.java:57)
	at org.openqa.selenium.devtools.Connection$Listener.lambda$onText$0(Connection.java:224)
	... 3 more
Caused by: org.openqa.selenium.WebDriverException: {"id":2133,"error":{"code":-32602,"message":"Invalid InterceptionId."},"sessionId":"69DE6D1A85B5D627489871F60443E14A"}
Build info: version: '4.11.0', revision: '040bc5406b'
System info: os.name: 'Windows 10', os.arch: 'amd64', os.version: '10.0', java.version: '11.0.18'
Driver info: driver.version: unknown
	at org.openqa.selenium.devtools.Connection.handle(Connection.java:260)
	... 5 more
авг. 16, 2023 4:22:39 PM org.openqa.selenium.devtools.Connection$Listener lambda$onText$0
WARNING: Unable to process: {"method":"Fetch.requestPaused","params":{"requestId":"interception-job-347.0","request":{"url":"http://localhost:8080/static/media/marrakech.869b2a02.jpg","method":"GET","headers":{"Accept":"image/avif,image/webp,image/apng,image/svg+xml,image/*,*/*;q=0.8","Referer":"http://localhost:8080/","User-Agent":"Mozilla/5.0 (Windows NT 10.0; Win64; x64) AppleWebKit/537.36 (KHTML, like Gecko) Chrome/116.0.0.0 Safari/537.36","sec-ch-ua":"\"Chromium\";v=\"116\", \"Not)A;Brand\";v=\"24\", \"Google Chrome\";v=\"116\"","sec-ch-ua-mobile":"?0","sec-ch-ua-platform":"\"Windows\""},"initialPriority":"Low","referrerPolicy":"unsafe-url"},"frameId":"D165F02B89151667DFD1BF49856829E7","resourceType":"Image","responseStatusCode":200,"responseStatusText":"","responseHeaders":[{"name":"Vary","value":"Origin"},{"name":"Vary","value":"Access-Control-Request-Method"},{"name":"Vary","value":"Access-Control-Request-Headers"},{"name":"Last-Modified","value":"Thu, 03 Aug 2023 10:18:16 GMT"},{"name":"Accept-Ranges","value":"bytes"},{"name":"Content-Type","value":"image/jpeg"},{"name":"Content-Length","value":"85240"},{"name":"Date","value":"Wed, 16 Aug 2023 13:20:22 GMT"}]},"sessionId":"69DE6D1A85B5D627489871F60443E14A"}
org.openqa.selenium.devtools.DevToolsException: {"id":2138,"error":{"code":-32602,"message":"Invalid InterceptionId."},"sessionId":"69DE6D1A85B5D627489871F60443E14A"}
Build info: version: '4.11.0', revision: '040bc5406b'
System info: os.name: 'Windows 10', os.arch: 'amd64', os.version: '10.0', java.version: '11.0.18'
Driver info: driver.version: unknown
	at org.openqa.selenium.devtools.Connection.sendAndWait(Connection.java:181)
	at org.openqa.selenium.devtools.DevTools.send(DevTools.java:81)
	at org.openqa.selenium.devtools.idealized.Network.lambda$prepareToInterceptTraffic$4(Network.java:194)
	at org.openqa.selenium.devtools.Connection.lambda$handle$4(Connection.java:321)
	at java.base/java.util.stream.ForEachOps$ForEachOp$OfRef.accept(ForEachOps.java:183)
	at java.base/java.util.stream.ReferencePipeline$2$1.accept(ReferencePipeline.java:177)
	at java.base/java.util.stream.ReferencePipeline$11$1.accept(ReferencePipeline.java:442)
	at java.base/java.util.HashMap$KeySpliterator.forEachRemaining(HashMap.java:1621)
	at java.base/java.util.stream.AbstractPipeline.copyInto(AbstractPipeline.java:484)
	at java.base/java.util.stream.AbstractPipeline.wrapAndCopyInto(AbstractPipeline.java:474)
	at java.base/java.util.stream.ForEachOps$ForEachOp.evaluateSequential(ForEachOps.java:150)
	at java.base/java.util.stream.ForEachOps$ForEachOp$OfRef.evaluateSequential(ForEachOps.java:173)
	at java.base/java.util.stream.AbstractPipeline.evaluate(AbstractPipeline.java:234)
	at java.base/java.util.stream.ReferencePipeline.forEach(ReferencePipeline.java:497)
	at org.openqa.selenium.devtools.Connection.handle(Connection.java:287)
	at org.openqa.selenium.devtools.Connection.access$200(Connection.java:57)
	at org.openqa.selenium.devtools.Connection$Listener.lambda$onText$0(Connection.java:224)
	at java.base/java.util.concurrent.ThreadPoolExecutor.runWorker(ThreadPoolExecutor.java:1128)
	at java.base/java.util.concurrent.ThreadPoolExecutor$Worker.run(ThreadPoolExecutor.java:628)
	at java.base/java.lang.Thread.run(Thread.java:829)
Caused by: org.openqa.selenium.WebDriverException: {"id":2138,"error":{"code":-32602,"message":"Invalid InterceptionId."},"sessionId":"69DE6D1A85B5D627489871F60443E14A"}
Build info: version: '4.11.0', revision: '040bc5406b'
System info: os.name: 'Windows 10', os.arch: 'amd64', os.version: '10.0', java.version: '11.0.18'
Driver info: driver.version: unknown
	at org.openqa.selenium.devtools.Connection.handle(Connection.java:260)
	... 5 more

Exception in thread "CDP Connection" org.openqa.selenium.devtools.DevToolsException: {"id":2138,"error":{"code":-32602,"message":"Invalid InterceptionId."},"sessionId":"69DE6D1A85B5D627489871F60443E14A"}
Build info: version: '4.11.0', revision: '040bc5406b'
System info: os.name: 'Windows 10', os.arch: 'amd64', os.version: '10.0', java.version: '11.0.18'
Driver info: driver.version: unknown
	at org.openqa.selenium.devtools.Connection$Listener.lambda$onText$0(Connection.java:227)
	at java.base/java.util.concurrent.ThreadPoolExecutor.runWorker(ThreadPoolExecutor.java:1128)
	at java.base/java.util.concurrent.ThreadPoolExecutor$Worker.run(ThreadPoolExecutor.java:628)
	at java.base/java.lang.Thread.run(Thread.java:829)
Caused by: org.openqa.selenium.devtools.DevToolsException: {"id":2138,"error":{"code":-32602,"message":"Invalid InterceptionId."},"sessionId":"69DE6D1A85B5D627489871F60443E14A"}
Build info: version: '4.11.0', revision: '040bc5406b'
System info: os.name: 'Windows 10', os.arch: 'amd64', os.version: '10.0', java.version: '11.0.18'
Driver info: driver.version: unknown
	at org.openqa.selenium.devtools.Connection.sendAndWait(Connection.java:181)
	at org.openqa.selenium.devtools.DevTools.send(DevTools.java:81)
	at org.openqa.selenium.devtools.idealized.Network.lambda$prepareToInterceptTraffic$4(Network.java:194)
	at org.openqa.selenium.devtools.Connection.lambda$handle$4(Connection.java:321)
	at java.base/java.util.stream.ForEachOps$ForEachOp$OfRef.accept(ForEachOps.java:183)
	at java.base/java.util.stream.ReferencePipeline$2$1.accept(ReferencePipeline.java:177)
	at java.base/java.util.stream.ReferencePipeline$11$1.accept(ReferencePipeline.java:442)
	at java.base/java.util.HashMap$KeySpliterator.forEachRemaining(HashMap.java:1621)
	at java.base/java.util.stream.AbstractPipeline.copyInto(AbstractPipeline.java:484)
	at java.base/java.util.stream.AbstractPipeline.wrapAndCopyInto(AbstractPipeline.java:474)
	at java.base/java.util.stream.ForEachOps$ForEachOp.evaluateSequential(ForEachOps.java:150)
	at java.base/java.util.stream.ForEachOps$ForEachOp$OfRef.evaluateSequential(ForEachOps.java:173)
	at java.base/java.util.stream.AbstractPipeline.evaluate(AbstractPipeline.java:234)
	at java.base/java.util.stream.ReferencePipeline.forEach(ReferencePipeline.java:497)
	at org.openqa.selenium.devtools.Connection.handle(Connection.java:287)
	at org.openqa.selenium.devtools.Connection.access$200(Connection.java:57)
	at org.openqa.selenium.devtools.Connection$Listener.lambda$onText$0(Connection.java:224)
	... 3 more
Caused by: org.openqa.selenium.WebDriverException: {"id":2138,"error":{"code":-32602,"message":"Invalid InterceptionId."},"sessionId":"69DE6D1A85B5D627489871F60443E14A"}
Build info: version: '4.11.0', revision: '040bc5406b'
System info: os.name: 'Windows 10', os.arch: 'amd64', os.version: '10.0', java.version: '11.0.18'
Driver info: driver.version: unknown
	at org.openqa.selenium.devtools.Connection.handle(Connection.java:260)
	... 5 more
авг. 16, 2023 4:22:39 PM org.openqa.selenium.devtools.Connection$Listener lambda$onText$0
WARNING: Unable to process: {"method":"Fetch.requestPaused","params":{"requestId":"interception-job-347.0","request":{"url":"http://localhost:8080/static/media/marrakech.869b2a02.jpg","method":"GET","headers":{"Accept":"image/avif,image/webp,image/apng,image/svg+xml,image/*,*/*;q=0.8","Referer":"http://localhost:8080/","User-Agent":"Mozilla/5.0 (Windows NT 10.0; Win64; x64) AppleWebKit/537.36 (KHTML, like Gecko) Chrome/116.0.0.0 Safari/537.36","sec-ch-ua":"\"Chromium\";v=\"116\", \"Not)A;Brand\";v=\"24\", \"Google Chrome\";v=\"116\"","sec-ch-ua-mobile":"?0","sec-ch-ua-platform":"\"Windows\""},"initialPriority":"Low","referrerPolicy":"strict-origin-when-cross-origin"},"frameId":"D165F02B89151667DFD1BF49856829E7","resourceType":"Image"},"sessionId":"69DE6D1A85B5D627489871F60443E14A"}
org.openqa.selenium.devtools.DevToolsException: {"id":2139,"error":{"code":-32602,"message":"Invalid InterceptionId."},"sessionId":"69DE6D1A85B5D627489871F60443E14A"}
Build info: version: '4.11.0', revision: '040bc5406b'
System info: os.name: 'Windows 10', os.arch: 'amd64', os.version: '10.0', java.version: '11.0.18'
Driver info: driver.version: unknown
	at org.openqa.selenium.devtools.Connection.sendAndWait(Connection.java:181)
	at org.openqa.selenium.devtools.DevTools.send(DevTools.java:81)
	at org.openqa.selenium.devtools.idealized.Network.lambda$prepareToInterceptTraffic$3(Network.java:211)
	at org.openqa.selenium.remote.http.Filter.lambda$andFinally$1(Filter.java:55)
	at org.openqa.selenium.devtools.idealized.Network.lambda$prepareToInterceptTraffic$4(Network.java:226)
	at org.openqa.selenium.devtools.Connection.lambda$handle$4(Connection.java:321)
	at java.base/java.util.stream.ForEachOps$ForEachOp$OfRef.accept(ForEachOps.java:183)
	at java.base/java.util.stream.ReferencePipeline$2$1.accept(ReferencePipeline.java:177)
	at java.base/java.util.stream.ReferencePipeline$11$1.accept(ReferencePipeline.java:442)
	at java.base/java.util.HashMap$KeySpliterator.forEachRemaining(HashMap.java:1621)
	at java.base/java.util.stream.AbstractPipeline.copyInto(AbstractPipeline.java:484)
	at java.base/java.util.stream.AbstractPipeline.wrapAndCopyInto(AbstractPipeline.java:474)
	at java.base/java.util.stream.ForEachOps$ForEachOp.evaluateSequential(ForEachOps.java:150)
	at java.base/java.util.stream.ForEachOps$ForEachOp$OfRef.evaluateSequential(ForEachOps.java:173)
	at java.base/java.util.stream.AbstractPipeline.evaluate(AbstractPipeline.java:234)
	at java.base/java.util.stream.ReferencePipeline.forEach(ReferencePipeline.java:497)
	at org.openqa.selenium.devtools.Connection.handle(Connection.java:287)
	at org.openqa.selenium.devtools.Connection.access$200(Connection.java:57)
	at org.openqa.selenium.devtools.Connection$Listener.lambda$onText$0(Connection.java:224)
	at java.base/java.util.concurrent.ThreadPoolExecutor.runWorker(ThreadPoolExecutor.java:1128)
	at java.base/java.util.concurrent.ThreadPoolExecutor$Worker.run(ThreadPoolExecutor.java:628)
	at java.base/java.lang.Thread.run(Thread.java:829)
Caused by: org.openqa.selenium.WebDriverException: {"id":2139,"error":{"code":-32602,"message":"Invalid InterceptionId."},"sessionId":"69DE6D1A85B5D627489871F60443E14A"}
Build info: version: '4.11.0', revision: '040bc5406b'
System info: os.name: 'Windows 10', os.arch: 'amd64', os.version: '10.0', java.version: '11.0.18'
Driver info: driver.version: unknown
	at org.openqa.selenium.devtools.Connection.handle(Connection.java:260)
	... 5 more

Exception in thread "CDP Connection" org.openqa.selenium.devtools.DevToolsException: {"id":2139,"error":{"code":-32602,"message":"Invalid InterceptionId."},"sessionId":"69DE6D1A85B5D627489871F60443E14A"}
Build info: version: '4.11.0', revision: '040bc5406b'
System info: os.name: 'Windows 10', os.arch: 'amd64', os.version: '10.0', java.version: '11.0.18'
Driver info: driver.version: unknown
	at org.openqa.selenium.devtools.Connection$Listener.lambda$onText$0(Connection.java:227)
	at java.base/java.util.concurrent.ThreadPoolExecutor.runWorker(ThreadPoolExecutor.java:1128)
	at java.base/java.util.concurrent.ThreadPoolExecutor$Worker.run(ThreadPoolExecutor.java:628)
	at java.base/java.lang.Thread.run(Thread.java:829)
Caused by: org.openqa.selenium.devtools.DevToolsException: {"id":2139,"error":{"code":-32602,"message":"Invalid InterceptionId."},"sessionId":"69DE6D1A85B5D627489871F60443E14A"}
Build info: version: '4.11.0', revision: '040bc5406b'
System info: os.name: 'Windows 10', os.arch: 'amd64', os.version: '10.0', java.version: '11.0.18'
Driver info: driver.version: unknown
	at org.openqa.selenium.devtools.Connection.sendAndWait(Connection.java:181)
	at org.openqa.selenium.devtools.DevTools.send(DevTools.java:81)
	at org.openqa.selenium.devtools.idealized.Network.lambda$prepareToInterceptTraffic$3(Network.java:211)
	at org.openqa.selenium.remote.http.Filter.lambda$andFinally$1(Filter.java:55)
	at org.openqa.selenium.devtools.idealized.Network.lambda$prepareToInterceptTraffic$4(Network.java:226)
	at org.openqa.selenium.devtools.Connection.lambda$handle$4(Connection.java:321)
	at java.base/java.util.stream.ForEachOps$ForEachOp$OfRef.accept(ForEachOps.java:183)
	at java.base/java.util.stream.ReferencePipeline$2$1.accept(ReferencePipeline.java:177)
	at java.base/java.util.stream.ReferencePipeline$11$1.accept(ReferencePipeline.java:442)
	at java.base/java.util.HashMap$KeySpliterator.forEachRemaining(HashMap.java:1621)
	at java.base/java.util.stream.AbstractPipeline.copyInto(AbstractPipeline.java:484)
	at java.base/java.util.stream.AbstractPipeline.wrapAndCopyInto(AbstractPipeline.java:474)
	at java.base/java.util.stream.ForEachOps$ForEachOp.evaluateSequential(ForEachOps.java:150)
	at java.base/java.util.stream.ForEachOps$ForEachOp$OfRef.evaluateSequential(ForEachOps.java:173)
	at java.base/java.util.stream.AbstractPipeline.evaluate(AbstractPipeline.java:234)
	at java.base/java.util.stream.ReferencePipeline.forEach(ReferencePipeline.java:497)
	at org.openqa.selenium.devtools.Connection.handle(Connection.java:287)
	at org.openqa.selenium.devtools.Connection.access$200(Connection.java:57)
	at org.openqa.selenium.devtools.Connection$Listener.lambda$onText$0(Connection.java:224)
	... 3 more
Caused by: org.openqa.selenium.WebDriverException: {"id":2139,"error":{"code":-32602,"message":"Invalid InterceptionId."},"sessionId":"69DE6D1A85B5D627489871F60443E14A"}
Build info: version: '4.11.0', revision: '040bc5406b'
System info: os.name: 'Windows 10', os.arch: 'amd64', os.version: '10.0', java.version: '11.0.18'
Driver info: driver.version: unknown
	at org.openqa.selenium.devtools.Connection.handle(Connection.java:260)
	... 5 more
авг. 16, 2023 4:22:39 PM org.openqa.selenium.devtools.Connection$Listener lambda$onText$0
WARNING: Unable to process: {"method":"Fetch.requestPaused","params":{"requestId":"interception-job-348.0","request":{"url":"http://localhost:8080/favicon.ico","method":"GET","headers":{"Accept":"image/avif,image/webp,image/apng,image/svg+xml,image/*,*/*;q=0.8","Referer":"http://localhost:8080/","User-Agent":"Mozilla/5.0 (Windows NT 10.0; Win64; x64) AppleWebKit/537.36 (KHTML, like Gecko) Chrome/116.0.0.0 Safari/537.36","sec-ch-ua":"\"Chromium\";v=\"116\", \"Not)A;Brand\";v=\"24\", \"Google Chrome\";v=\"116\"","sec-ch-ua-mobile":"?0","sec-ch-ua-platform":"\"Windows\""},"initialPriority":"High","referrerPolicy":"unsafe-url"},"frameId":"D165F02B89151667DFD1BF49856829E7","resourceType":"Other","responseStatusCode":200,"responseStatusText":"","responseHeaders":[{"name":"Vary","value":"Origin"},{"name":"Vary","value":"Access-Control-Request-Method"},{"name":"Vary","value":"Access-Control-Request-Headers"},{"name":"Last-Modified","value":"Thu, 03 Aug 2023 10:18:16 GMT"},{"name":"Accept-Ranges","value":"bytes"},{"name":"Content-Type","value":"image/x-icon"},{"name":"Content-Length","value":"4286"},{"name":"Date","value":"Wed, 16 Aug 2023 13:20:23 GMT"}]},"sessionId":"69DE6D1A85B5D627489871F60443E14A"}
org.openqa.selenium.devtools.DevToolsException: {"id":2148,"error":{"code":-32602,"message":"Invalid InterceptionId."},"sessionId":"69DE6D1A85B5D627489871F60443E14A"}
Build info: version: '4.11.0', revision: '040bc5406b'
System info: os.name: 'Windows 10', os.arch: 'amd64', os.version: '10.0', java.version: '11.0.18'
Driver info: driver.version: unknown
	at org.openqa.selenium.devtools.Connection.sendAndWait(Connection.java:181)
	at org.openqa.selenium.devtools.DevTools.send(DevTools.java:81)
	at org.openqa.selenium.devtools.idealized.Network.lambda$prepareToInterceptTraffic$4(Network.java:194)
	at org.openqa.selenium.devtools.Connection.lambda$handle$4(Connection.java:321)
	at java.base/java.util.stream.ForEachOps$ForEachOp$OfRef.accept(ForEachOps.java:183)
	at java.base/java.util.stream.ReferencePipeline$2$1.accept(ReferencePipeline.java:177)
	at java.base/java.util.stream.ReferencePipeline$11$1.accept(ReferencePipeline.java:442)
	at java.base/java.util.HashMap$KeySpliterator.forEachRemaining(HashMap.java:1621)
	at java.base/java.util.stream.AbstractPipeline.copyInto(AbstractPipeline.java:484)
	at java.base/java.util.stream.AbstractPipeline.wrapAndCopyInto(AbstractPipeline.java:474)
	at java.base/java.util.stream.ForEachOps$ForEachOp.evaluateSequential(ForEachOps.java:150)
	at java.base/java.util.stream.ForEachOps$ForEachOp$OfRef.evaluateSequential(ForEachOps.java:173)
	at java.base/java.util.stream.AbstractPipeline.evaluate(AbstractPipeline.java:234)
	at java.base/java.util.stream.ReferencePipeline.forEach(ReferencePipeline.java:497)
	at org.openqa.selenium.devtools.Connection.handle(Connection.java:287)
	at org.openqa.selenium.devtools.Connection.access$200(Connection.java:57)
	at org.openqa.selenium.devtools.Connection$Listener.lambda$onText$0(Connection.java:224)
	at java.base/java.util.concurrent.ThreadPoolExecutor.runWorker(ThreadPoolExecutor.java:1128)
	at java.base/java.util.concurrent.ThreadPoolExecutor$Worker.run(ThreadPoolExecutor.java:628)
	at java.base/java.lang.Thread.run(Thread.java:829)
Caused by: org.openqa.selenium.WebDriverException: {"id":2148,"error":{"code":-32602,"message":"Invalid InterceptionId."},"sessionId":"69DE6D1A85B5D627489871F60443E14A"}
Build info: version: '4.11.0', revision: '040bc5406b'
System info: os.name: 'Windows 10', os.arch: 'amd64', os.version: '10.0', java.version: '11.0.18'
Driver info: driver.version: unknown
	at org.openqa.selenium.devtools.Connection.handle(Connection.java:260)
	... 5 more

Exception in thread "CDP Connection" org.openqa.selenium.devtools.DevToolsException: {"id":2148,"error":{"code":-32602,"message":"Invalid InterceptionId."},"sessionId":"69DE6D1A85B5D627489871F60443E14A"}
Build info: version: '4.11.0', revision: '040bc5406b'
System info: os.name: 'Windows 10', os.arch: 'amd64', os.version: '10.0', java.version: '11.0.18'
Driver info: driver.version: unknown
	at org.openqa.selenium.devtools.Connection$Listener.lambda$onText$0(Connection.java:227)
	at java.base/java.util.concurrent.ThreadPoolExecutor.runWorker(ThreadPoolExecutor.java:1128)
	at java.base/java.util.concurrent.ThreadPoolExecutor$Worker.run(ThreadPoolExecutor.java:628)
	at java.base/java.lang.Thread.run(Thread.java:829)
Caused by: org.openqa.selenium.devtools.DevToolsException: {"id":2148,"error":{"code":-32602,"message":"Invalid InterceptionId."},"sessionId":"69DE6D1A85B5D627489871F60443E14A"}
Build info: version: '4.11.0', revision: '040bc5406b'
System info: os.name: 'Windows 10', os.arch: 'amd64', os.version: '10.0', java.version: '11.0.18'
Driver info: driver.version: unknown
авг. 16, 2023 4:22:39 PM org.openqa.selenium.devtools.Connection$Listener lambda$onText$0
WARNING: Unable to process: {"method":"Fetch.requestPaused","params":{"requestId":"interception-job-349.0","request":{"url":"http://localhost:8080/manifest.json","method":"GET","headers":{"Accept":"*/*","Referer":"http://localhost:8080/","User-Agent":"Mozilla/5.0 (Windows NT 10.0; Win64; x64) AppleWebKit/537.36 (KHTML, like Gecko) Chrome/116.0.0.0 Safari/537.36","sec-ch-ua":"\"Chromium\";v=\"116\", \"Not)A;Brand\";v=\"24\", \"Google Chrome\";v=\"116\"","sec-ch-ua-mobile":"?0","sec-ch-ua-platform":"\"Windows\""},"initialPriority":"Medium","referrerPolicy":"strict-origin-when-cross-origin"},"frameId":"D165F02B89151667DFD1BF49856829E7","resourceType":"Other"},"sessionId":"69DE6D1A85B5D627489871F60443E14A"}
org.openqa.selenium.devtools.DevToolsException: {"id":2149,"error":{"code":-32602,"message":"Invalid InterceptionId."},"sessionId":"69DE6D1A85B5D627489871F60443E14A"}
Build info: version: '4.11.0', revision: '040bc5406b'
System info: os.name: 'Windows 10', os.arch: 'amd64', os.version: '10.0', java.version: '11.0.18'
Driver info: driver.version: unknown
	at org.openqa.selenium.devtools.Connection.sendAndWait(Connection.java:181)
	at org.openqa.selenium.devtools.DevTools.send(DevTools.java:81)
	at org.openqa.selenium.devtools.idealized.Network.lambda$prepareToInterceptTraffic$3(Network.java:211)
	at org.openqa.selenium.remote.http.Filter.lambda$andFinally$1(Filter.java:55)
	at org.openqa.selenium.devtools.idealized.Network.lambda$prepareToInterceptTraffic$4(Network.java:226)
	at org.openqa.selenium.devtools.Connection.lambda$handle$4(Connection.java:321)
	at java.base/java.util.stream.ForEachOps$ForEachOp$OfRef.accept(ForEachOps.java:183)
	at java.base/java.util.stream.ReferencePipeline$2$1.accept(ReferencePipeline.java:177)
	at java.base/java.util.stream.ReferencePipeline$11$1.accept(ReferencePipeline.java:442)
	at java.base/java.util.HashMap$KeySpliterator.forEachRemaining(HashMap.java:1621)
	at java.base/java.util.stream.AbstractPipeline.copyInto(AbstractPipeline.java:484)
	at java.base/java.util.stream.AbstractPipeline.wrapAndCopyInto(AbstractPipeline.java:474)
	at java.base/java.util.stream.ForEachOps$ForEachOp.evaluateSequential(ForEachOps.java:150)
	at java.base/java.util.stream.ForEachOps$ForEachOp$OfRef.evaluateSequential(ForEachOps.java:173)
	at java.base/java.util.stream.AbstractPipeline.evaluate(AbstractPipeline.java:234)
	at java.base/java.util.stream.ReferencePipeline.forEach(ReferencePipeline.java:497)
	at org.openqa.selenium.devtools.Connection.handle(Connection.java:287)
	at org.openqa.selenium.devtools.Connection.access$200(Connection.java:57)
	at org.openqa.selenium.devtools.Connection$Listener.lambda$onText$0(Connection.java:224)
	at java.base/java.util.concurrent.ThreadPoolExecutor.runWorker(ThreadPoolExecutor.java:1128)
	at java.base/java.util.concurrent.ThreadPoolExecutor$Worker.run(ThreadPoolExecutor.java:628)
	at java.base/java.lang.Thread.run(Thread.java:829)
Caused by: org.openqa.selenium.WebDriverException: {"id":2149,"error":{"code":-32602,"message":"Invalid InterceptionId."},"sessionId":"69DE6D1A85B5D627489871F60443E14A"}
Build info: version: '4.11.0', revision: '040bc5406b'
System info: os.name: 'Windows 10', os.arch: 'amd64', os.version: '10.0', java.version: '11.0.18'
Driver info: driver.version: unknown
	at org.openqa.selenium.devtools.Connection.handle(Connection.java:260)
	... 5 more

	at org.openqa.selenium.devtools.Connection.sendAndWait(Connection.java:181)
	at org.openqa.selenium.devtools.DevTools.send(DevTools.java:81)
	at org.openqa.selenium.devtools.idealized.Network.lambda$prepareToInterceptTraffic$4(Network.java:194)
	at org.openqa.selenium.devtools.Connection.lambda$handle$4(Connection.java:321)
	at java.base/java.util.stream.ForEachOps$ForEachOp$OfRef.accept(ForEachOps.java:183)
	at java.base/java.util.stream.ReferencePipeline$2$1.accept(ReferencePipeline.java:177)
	at java.base/java.util.stream.ReferencePipeline$11$1.accept(ReferencePipeline.java:442)
	at java.base/java.util.HashMap$KeySpliterator.forEachRemaining(HashMap.java:1621)
	at java.base/java.util.stream.AbstractPipeline.copyInto(AbstractPipeline.java:484)
	at java.base/java.util.stream.AbstractPipeline.wrapAndCopyInto(AbstractPipeline.java:474)
	at java.base/java.util.stream.ForEachOps$ForEachOp.evaluateSequential(ForEachOps.java:150)
	at java.base/java.util.stream.ForEachOps$ForEachOp$OfRef.evaluateSequential(ForEachOps.java:173)
	at java.base/java.util.stream.AbstractPipeline.evaluate(AbstractPipeline.java:234)
	at java.base/java.util.stream.ReferencePipeline.forEach(ReferencePipeline.java:497)
	at org.openqa.selenium.devtools.Connection.handle(Connection.java:287)
	at org.openqa.selenium.devtools.Connection.access$200(Connection.java:57)
	at org.openqa.selenium.devtools.Connection$Listener.lambda$onText$0(Connection.java:224)
	... 3 more
Caused by: org.openqa.selenium.WebDriverException: {"id":2148,"error":{"code":-32602,"message":"Invalid InterceptionId."},"sessionId":"69DE6D1A85B5D627489871F60443E14A"}
Build info: version: '4.11.0', revision: '040bc5406b'
System info: os.name: 'Windows 10', os.arch: 'amd64', os.version: '10.0', java.version: '11.0.18'
Driver info: driver.version: unknown
	at org.openqa.selenium.devtools.Connection.handle(Connection.java:260)
	... 5 more
Exception in thread "CDP Connection" org.openqa.selenium.devtools.DevToolsException: {"id":2149,"error":{"code":-32602,"message":"Invalid InterceptionId."},"sessionId":"69DE6D1A85B5D627489871F60443E14A"}
Build info: version: '4.11.0', revision: '040bc5406b'
System info: os.name: 'Windows 10', os.arch: 'amd64', os.version: '10.0', java.version: '11.0.18'
Driver info: driver.version: unknown
	at org.openqa.selenium.devtools.Connection$Listener.lambda$onText$0(Connection.java:227)
	at java.base/java.util.concurrent.ThreadPoolExecutor.runWorker(ThreadPoolExecutor.java:1128)
	at java.base/java.util.concurrent.ThreadPoolExecutor$Worker.run(ThreadPoolExecutor.java:628)
	at java.base/java.lang.Thread.run(Thread.java:829)
Caused by: org.openqa.selenium.devtools.DevToolsException: {"id":2149,"error":{"code":-32602,"message":"Invalid InterceptionId."},"sessionId":"69DE6D1A85B5D627489871F60443E14A"}
Build info: version: '4.11.0', revision: '040bc5406b'
System info: os.name: 'Windows 10', os.arch: 'amd64', os.version: '10.0', java.version: '11.0.18'
Driver info: driver.version: unknown
	at org.openqa.selenium.devtools.Connection.sendAndWait(Connection.java:181)
	at org.openqa.selenium.devtools.DevTools.send(DevTools.java:81)
	at org.openqa.selenium.devtools.idealized.Network.lambda$prepareToInterceptTraffic$3(Network.java:211)
	at org.openqa.selenium.remote.http.Filter.lambda$andFinally$1(Filter.java:55)
	at org.openqa.selenium.devtools.idealized.Network.lambda$prepareToInterceptTraffic$4(Network.java:226)
	at org.openqa.selenium.devtools.Connection.lambda$handle$4(Connection.java:321)
	at java.base/java.util.stream.ForEachOps$ForEachOp$OfRef.accept(ForEachOps.java:183)
	at java.base/java.util.stream.ReferencePipeline$2$1.accept(ReferencePipeline.java:177)
	at java.base/java.util.stream.ReferencePipeline$11$1.accept(ReferencePipeline.java:442)
	at java.base/java.util.HashMap$KeySpliterator.forEachRemaining(HashMap.java:1621)
	at java.base/java.util.stream.AbstractPipeline.copyInto(AbstractPipeline.java:484)
	at java.base/java.util.stream.AbstractPipeline.wrapAndCopyInto(AbstractPipeline.java:474)
	at java.base/java.util.stream.ForEachOps$ForEachOp.evaluateSequential(ForEachOps.java:150)
	at java.base/java.util.stream.ForEachOps$ForEachOp$OfRef.evaluateSequential(ForEachOps.java:173)
	at java.base/java.util.stream.AbstractPipeline.evaluate(AbstractPipeline.java:234)
	at java.base/java.util.stream.ReferencePipeline.forEach(ReferencePipeline.java:497)
	at org.openqa.selenium.devtools.Connection.handle(Connection.java:287)
	at org.openqa.selenium.devtools.Connection.access$200(Connection.java:57)
	at org.openqa.selenium.devtools.Connection$Listener.lambda$onText$0(Connection.java:224)
	... 3 more
Caused by: org.openqa.selenium.WebDriverException: {"id":2149,"error":{"code":-32602,"message":"Invalid InterceptionId."},"sessionId":"69DE6D1A85B5D627489871F60443E14A"}
Build info: version: '4.11.0', revision: '040bc5406b'
System info: os.name: 'Windows 10', os.arch: 'amd64', os.version: '10.0', java.version: '11.0.18'
Driver info: driver.version: unknown
	at org.openqa.selenium.devtools.Connection.handle(Connection.java:260)
	... 5 more
авг. 16, 2023 4:22:39 PM org.openqa.selenium.devtools.Connection$Listener lambda$onText$0
WARNING: Unable to process: {"method":"Fetch.requestPaused","params":{"requestId":"interception-job-349.0","request":{"url":"http://localhost:8080/manifest.json","method":"GET","headers":{"Accept":"*/*","Referer":"http://localhost:8080/","User-Agent":"Mozilla/5.0 (Windows NT 10.0; Win64; x64) AppleWebKit/537.36 (KHTML, like Gecko) Chrome/116.0.0.0 Safari/537.36","sec-ch-ua":"\"Chromium\";v=\"116\", \"Not)A;Brand\";v=\"24\", \"Google Chrome\";v=\"116\"","sec-ch-ua-mobile":"?0","sec-ch-ua-platform":"\"Windows\""},"initialPriority":"Medium","referrerPolicy":"unsafe-url"},"frameId":"D165F02B89151667DFD1BF49856829E7","resourceType":"Other","responseStatusCode":200,"responseStatusText":"","responseHeaders":[{"name":"Vary","value":"Origin"},{"name":"Vary","value":"Access-Control-Request-Method"},{"name":"Vary","value":"Access-Control-Request-Headers"},{"name":"Last-Modified","value":"Thu, 03 Aug 2023 10:18:16 GMT"},{"name":"Accept-Ranges","value":"bytes"},{"name":"Content-Type","value":"application/json"},{"name":"Content-Length","value":"492"},{"name":"Date","value":"Wed, 16 Aug 2023 13:20:22 GMT"}]},"sessionId":"69DE6D1A85B5D627489871F60443E14A"}
org.openqa.selenium.devtools.DevToolsException: {"id":2152,"error":{"code":-32602,"message":"Invalid InterceptionId."},"sessionId":"69DE6D1A85B5D627489871F60443E14A"}
Build info: version: '4.11.0', revision: '040bc5406b'
System info: os.name: 'Windows 10', os.arch: 'amd64', os.version: '10.0', java.version: '11.0.18'
Driver info: driver.version: unknown
	at org.openqa.selenium.devtools.Connection.sendAndWait(Connection.java:181)
	at org.openqa.selenium.devtools.DevTools.send(DevTools.java:81)
	at org.openqa.selenium.devtools.idealized.Network.lambda$prepareToInterceptTraffic$4(Network.java:194)
	at org.openqa.selenium.devtools.Connection.lambda$handle$4(Connection.java:321)
	at java.base/java.util.stream.ForEachOps$ForEachOp$OfRef.accept(ForEachOps.java:183)
	at java.base/java.util.stream.ReferencePipeline$2$1.accept(ReferencePipeline.java:177)
	at java.base/java.util.stream.ReferencePipeline$11$1.accept(ReferencePipeline.java:442)
	at java.base/java.util.HashMap$KeySpliterator.forEachRemaining(HashMap.java:1621)
	at java.base/java.util.stream.AbstractPipeline.copyInto(AbstractPipeline.java:484)
	at java.base/java.util.stream.AbstractPipeline.wrapAndCopyInto(AbstractPipeline.java:474)
	at java.base/java.util.stream.ForEachOps$ForEachOp.evaluateSequential(ForEachOps.java:150)
	at java.base/java.util.stream.ForEachOps$ForEachOp$OfRef.evaluateSequential(ForEachOps.java:173)
	at java.base/java.util.stream.AbstractPipeline.evaluate(AbstractPipeline.java:234)
	at java.base/java.util.stream.ReferencePipeline.forEach(ReferencePipeline.java:497)
	at org.openqa.selenium.devtools.Connection.handle(Connection.java:287)
	at org.openqa.selenium.devtools.Connection.access$200(Connection.java:57)
	at org.openqa.selenium.devtools.Connection$Listener.lambda$onText$0(Connection.java:224)
	at java.base/java.util.concurrent.ThreadPoolExecutor.runWorker(ThreadPoolExecutor.java:1128)
	at java.base/java.util.concurrent.ThreadPoolExecutor$Worker.run(ThreadPoolExecutor.java:628)
	at java.base/java.lang.Thread.run(Thread.java:829)
Caused by: org.openqa.selenium.WebDriverException: {"id":2152,"error":{"code":-32602,"message":"Invalid InterceptionId."},"sessionId":"69DE6D1A85B5D627489871F60443E14A"}
Build info: version: '4.11.0', revision: '040bc5406b'
System info: os.name: 'Windows 10', os.arch: 'amd64', os.version: '10.0', java.version: '11.0.18'
Driver info: driver.version: unknown
	at org.openqa.selenium.devtools.Connection.handle(Connection.java:260)
	... 5 more

авг. 16, 2023 4:22:39 PM org.openqa.selenium.devtools.Connection$Listener lambda$onText$0
WARNING: Unable to process: {"method":"Fetch.requestPaused","params":{"requestId":"interception-job-348.0","request":{"url":"http://localhost:8080/favicon.ico","method":"GET","headers":{"Accept":"image/avif,image/webp,image/apng,image/svg+xml,image/*,*/*;q=0.8","Referer":"http://localhost:8080/","User-Agent":"Mozilla/5.0 (Windows NT 10.0; Win64; x64) AppleWebKit/537.36 (KHTML, like Gecko) Chrome/116.0.0.0 Safari/537.36","sec-ch-ua":"\"Chromium\";v=\"116\", \"Not)A;Brand\";v=\"24\", \"Google Chrome\";v=\"116\"","sec-ch-ua-mobile":"?0","sec-ch-ua-platform":"\"Windows\""},"initialPriority":"High","referrerPolicy":"strict-origin-when-cross-origin"},"frameId":"D165F02B89151667DFD1BF49856829E7","resourceType":"Other"},"sessionId":"69DE6D1A85B5D627489871F60443E14A"}
org.openqa.selenium.devtools.DevToolsException: {"id":2151,"error":{"code":-32602,"message":"Invalid InterceptionId."},"sessionId":"69DE6D1A85B5D627489871F60443E14A"}
Build info: version: '4.11.0', revision: '040bc5406b'
System info: os.name: 'Windows 10', os.arch: 'amd64', os.version: '10.0', java.version: '11.0.18'
Driver info: driver.version: unknown
	at org.openqa.selenium.devtools.Connection.sendAndWait(Connection.java:181)
	at org.openqa.selenium.devtools.DevTools.send(DevTools.java:81)
	at org.openqa.selenium.devtools.idealized.Network.lambda$prepareToInterceptTraffic$3(Network.java:211)
	at org.openqa.selenium.remote.http.Filter.lambda$andFinally$1(Filter.java:55)
	at org.openqa.selenium.devtools.idealized.Network.lambda$prepareToInterceptTraffic$4(Network.java:226)
	at org.openqa.selenium.devtools.Connection.lambda$handle$4(Connection.java:321)
	at java.base/java.util.stream.ForEachOps$ForEachOp$OfRef.accept(ForEachOps.java:183)
	at java.base/java.util.stream.ReferencePipeline$2$1.accept(ReferencePipeline.java:177)
	at java.base/java.util.stream.ReferencePipeline$11$1.accept(ReferencePipeline.java:442)
	at java.base/java.util.HashMap$KeySpliterator.forEachRemaining(HashMap.java:1621)
	at java.base/java.util.stream.AbstractPipeline.copyInto(AbstractPipeline.java:484)
	at java.base/java.util.stream.AbstractPipeline.wrapAndCopyInto(AbstractPipeline.java:474)
	at java.base/java.util.stream.ForEachOps$ForEachOp.evaluateSequential(ForEachOps.java:150)
	at java.base/java.util.stream.ForEachOps$ForEachOp$OfRef.evaluateSequential(ForEachOps.java:173)
	at java.base/java.util.stream.AbstractPipeline.evaluate(AbstractPipeline.java:234)
	at java.base/java.util.stream.ReferencePipeline.forEach(ReferencePipeline.java:497)
	at org.openqa.selenium.devtools.Connection.handle(Connection.java:287)
	at org.openqa.selenium.devtools.Connection.access$200(Connection.java:57)
	at org.openqa.selenium.devtools.Connection$Listener.lambda$onText$0(Connection.java:224)
	at java.base/java.util.concurrent.ThreadPoolExecutor.runWorker(ThreadPoolExecutor.java:1128)
	at java.base/java.util.concurrent.ThreadPoolExecutor$Worker.run(ThreadPoolExecutor.java:628)
	at java.base/java.lang.Thread.run(Thread.java:829)
Caused by: org.openqa.selenium.WebDriverException: {"id":2151,"error":{"code":-32602,"message":"Invalid InterceptionId."},"sessionId":"69DE6D1A85B5D627489871F60443E14A"}
Build info: version: '4.11.0', revision: '040bc5406b'
System info: os.name: 'Windows 10', os.arch: 'amd64', os.version: '10.0', java.version: '11.0.18'
Driver info: driver.version: unknown
	at org.openqa.selenium.devtools.Connection.handle(Connection.java:260)
	... 5 more

Exception in thread "CDP Connection" org.openqa.selenium.devtools.DevToolsException: {"id":2151,"error":{"code":-32602,"message":"Invalid InterceptionId."},"sessionId":"69DE6D1A85B5D627489871F60443E14A"}
Build info: version: '4.11.0', revision: '040bc5406b'
System info: os.name: 'Windows 10', os.arch: 'amd64', os.version: '10.0', java.version: '11.0.18'
Driver info: driver.version: unknown
	at org.openqa.selenium.devtools.Connection$Listener.lambda$onText$0(Connection.java:227)
	at java.base/java.util.concurrent.ThreadPoolExecutor.runWorker(ThreadPoolExecutor.java:1128)
	at java.base/java.util.concurrent.ThreadPoolExecutor$Worker.run(ThreadPoolExecutor.java:628)
	at java.base/java.lang.Thread.run(Thread.java:829)
Caused by: org.openqa.selenium.devtools.DevToolsException: {"id":2151,"error":{"code":-32602,"message":"Invalid InterceptionId."},"sessionId":"69DE6D1A85B5D627489871F60443E14A"}
Build info: version: '4.11.0', revision: '040bc5406b'
System info: os.name: 'Windows 10', os.arch: 'amd64', os.version: '10.0', java.version: '11.0.18'
Driver info: driver.version: unknown
	at org.openqa.selenium.devtools.Connection.sendAndWait(Connection.java:181)
	at org.openqa.selenium.devtools.DevTools.send(DevTools.java:81)
	at org.openqa.selenium.devtools.idealized.Network.lambda$prepareToInterceptTraffic$3(Network.java:211)
	at org.openqa.selenium.remote.http.Filter.lambda$andFinally$1(Filter.java:55)
	at org.openqa.selenium.devtools.idealized.Network.lambda$prepareToInterceptTraffic$4(Network.java:226)
	at org.openqa.selenium.devtools.Connection.lambda$handle$4(Connection.java:321)
	at java.base/java.util.stream.ForEachOps$ForEachOp$OfRef.accept(ForEachOps.java:183)
	at java.base/java.util.stream.ReferencePipeline$2$1.accept(ReferencePipeline.java:177)
	at java.base/java.util.stream.ReferencePipeline$11$1.accept(ReferencePipeline.java:442)
	at java.base/java.util.HashMap$KeySpliterator.forEachRemaining(HashMap.java:1621)
	at java.base/java.util.stream.AbstractPipeline.copyInto(AbstractPipeline.java:484)
	at java.base/java.util.stream.AbstractPipeline.wrapAndCopyInto(AbstractPipeline.java:474)
	at java.base/java.util.stream.ForEachOps$ForEachOp.evaluateSequential(ForEachOps.java:150)
	at java.base/java.util.stream.ForEachOps$ForEachOp$OfRef.evaluateSequential(ForEachOps.java:173)
	at java.base/java.util.stream.AbstractPipeline.evaluate(AbstractPipeline.java:234)
	at java.base/java.util.stream.ReferencePipeline.forEach(ReferencePipeline.java:497)
	at org.openqa.selenium.devtools.Connection.handle(Connection.java:287)
	at org.openqa.selenium.devtools.Connection.access$200(Connection.java:57)
	at org.openqa.selenium.devtools.Connection$Listener.lambda$onText$0(Connection.java:224)
	... 3 more
Caused by: org.openqa.selenium.WebDriverException: {"id":2151,"error":{"code":-32602,"message":"Invalid InterceptionId."},"sessionId":"69DE6D1A85B5D627489871F60443E14A"}
Build info: version: '4.11.0', revision: '040bc5406b'
System info: os.name: 'Windows 10', os.arch: 'amd64', os.version: '10.0', java.version: '11.0.18'
Driver info: driver.version: unknown
	at org.openqa.selenium.devtools.Connection.handle(Connection.java:260)
	... 5 more
Exception in thread "CDP Connection" org.openqa.selenium.devtools.DevToolsException: {"id":2152,"error":{"code":-32602,"message":"Invalid InterceptionId."},"sessionId":"69DE6D1A85B5D627489871F60443E14A"}
Build info: version: '4.11.0', revision: '040bc5406b'
System info: os.name: 'Windows 10', os.arch: 'amd64', os.version: '10.0', java.version: '11.0.18'
Driver info: driver.version: unknown
	at org.openqa.selenium.devtools.Connection$Listener.lambda$onText$0(Connection.java:227)
	at java.base/java.util.concurrent.ThreadPoolExecutor.runWorker(ThreadPoolExecutor.java:1128)
	at java.base/java.util.concurrent.ThreadPoolExecutor$Worker.run(ThreadPoolExecutor.java:628)
	at java.base/java.lang.Thread.run(Thread.java:829)
Caused by: org.openqa.selenium.devtools.DevToolsException: {"id":2152,"error":{"code":-32602,"message":"Invalid InterceptionId."},"sessionId":"69DE6D1A85B5D627489871F60443E14A"}
Build info: version: '4.11.0', revision: '040bc5406b'
System info: os.name: 'Windows 10', os.arch: 'amd64', os.version: '10.0', java.version: '11.0.18'
Driver info: driver.version: unknown
	at org.openqa.selenium.devtools.Connection.sendAndWait(Connection.java:181)
	at org.openqa.selenium.devtools.DevTools.send(DevTools.java:81)
	at org.openqa.selenium.devtools.idealized.Network.lambda$prepareToInterceptTraffic$4(Network.java:194)
	at org.openqa.selenium.devtools.Connection.lambda$handle$4(Connection.java:321)
	at java.base/java.util.stream.ForEachOps$ForEachOp$OfRef.accept(ForEachOps.java:183)
	at java.base/java.util.stream.ReferencePipeline$2$1.accept(ReferencePipeline.java:177)
	at java.base/java.util.stream.ReferencePipeline$11$1.accept(ReferencePipeline.java:442)
	at java.base/java.util.HashMap$KeySpliterator.forEachRemaining(HashMap.java:1621)
	at java.base/java.util.stream.AbstractPipeline.copyInto(AbstractPipeline.java:484)
	at java.base/java.util.stream.AbstractPipeline.wrapAndCopyInto(AbstractPipeline.java:474)
	at java.base/java.util.stream.ForEachOps$ForEachOp.evaluateSequential(ForEachOps.java:150)
	at java.base/java.util.stream.ForEachOps$ForEachOp$OfRef.evaluateSequential(ForEachOps.java:173)
	at java.base/java.util.stream.AbstractPipeline.evaluate(AbstractPipeline.java:234)
	at java.base/java.util.stream.ReferencePipeline.forEach(ReferencePipeline.java:497)
	at org.openqa.selenium.devtools.Connection.handle(Connection.java:287)
	at org.openqa.selenium.devtools.Connection.access$200(Connection.java:57)
	at org.openqa.selenium.devtools.Connection$Listener.lambda$onText$0(Connection.java:224)
	... 3 more
Caused by: org.openqa.selenium.WebDriverException: {"id":2152,"error":{"code":-32602,"message":"Invalid InterceptionId."},"sessionId":"69DE6D1A85B5D627489871F60443E14A"}
Build info: version: '4.11.0', revision: '040bc5406b'
System info: os.name: 'Windows 10', os.arch: 'amd64', os.version: '10.0', java.version: '11.0.18'
Driver info: driver.version: unknown
	at org.openqa.selenium.devtools.Connection.handle(Connection.java:260)
	... 5 more
авг. 16, 2023 4:22:39 PM org.openqa.selenium.devtools.Connection$Listener lambda$onText$0
WARNING: Unable to process: {"method":"Fetch.requestPaused","params":{"requestId":"interception-job-350.0","request":{"url":"http://localhost:8080/logo192.png","method":"GET","headers":{"Accept":"image/avif,image/webp,image/apng,image/svg+xml,image/*,*/*;q=0.8","Referer":"http://localhost:8080/","User-Agent":"Mozilla/5.0 (Windows NT 10.0; Win64; x64) AppleWebKit/537.36 (KHTML, like Gecko) Chrome/116.0.0.0 Safari/537.36","sec-ch-ua":"\"Chromium\";v=\"116\", \"Not)A;Brand\";v=\"24\", \"Google Chrome\";v=\"116\"","sec-ch-ua-mobile":"?0","sec-ch-ua-platform":"\"Windows\""},"initialPriority":"High","referrerPolicy":"unsafe-url"},"frameId":"D165F02B89151667DFD1BF49856829E7","resourceType":"Image","responseStatusCode":200,"responseStatusText":"","responseHeaders":[{"name":"Vary","value":"Origin"},{"name":"Vary","value":"Access-Control-Request-Method"},{"name":"Vary","value":"Access-Control-Request-Headers"},{"name":"Last-Modified","value":"Thu, 03 Aug 2023 10:18:16 GMT"},{"name":"Accept-Ranges","value":"bytes"},{"name":"Content-Type","value":"image/png"},{"name":"Content-Length","value":"8581"},{"name":"Date","value":"Wed, 16 Aug 2023 13:20:23 GMT"}]},"sessionId":"69DE6D1A85B5D627489871F60443E14A"}
org.openqa.selenium.devtools.DevToolsException: {"id":2157,"error":{"code":-32602,"message":"Invalid InterceptionId."},"sessionId":"69DE6D1A85B5D627489871F60443E14A"}
Build info: version: '4.11.0', revision: '040bc5406b'
System info: os.name: 'Windows 10', os.arch: 'amd64', os.version: '10.0', java.version: '11.0.18'
Driver info: driver.version: unknown
	at org.openqa.selenium.devtools.Connection.sendAndWait(Connection.java:181)
	at org.openqa.selenium.devtools.DevTools.send(DevTools.java:81)
	at org.openqa.selenium.devtools.idealized.Network.lambda$prepareToInterceptTraffic$4(Network.java:194)
	at org.openqa.selenium.devtools.Connection.lambda$handle$4(Connection.java:321)
	at java.base/java.util.stream.ForEachOps$ForEachOp$OfRef.accept(ForEachOps.java:183)
	at java.base/java.util.stream.ReferencePipeline$2$1.accept(ReferencePipeline.java:177)
	at java.base/java.util.stream.ReferencePipeline$11$1.accept(ReferencePipeline.java:442)
	at java.base/java.util.HashMap$KeySpliterator.forEachRemaining(HashMap.java:1621)
	at java.base/java.util.stream.AbstractPipeline.copyInto(AbstractPipeline.java:484)
	at java.base/java.util.stream.AbstractPipeline.wrapAndCopyInto(AbstractPipeline.java:474)
	at java.base/java.util.stream.ForEachOps$ForEachOp.evaluateSequential(ForEachOps.java:150)
	at java.base/java.util.stream.ForEachOps$ForEachOp$OfRef.evaluateSequential(ForEachOps.java:173)
	at java.base/java.util.stream.AbstractPipeline.evaluate(AbstractPipeline.java:234)
	at java.base/java.util.stream.ReferencePipeline.forEach(ReferencePipeline.java:497)
	at org.openqa.selenium.devtools.Connection.handle(Connection.java:287)
	at org.openqa.selenium.devtools.Connection.access$200(Connection.java:57)
	at org.openqa.selenium.devtools.Connection$Listener.lambda$onText$0(Connection.java:224)
	at java.base/java.util.concurrent.ThreadPoolExecutor.runWorker(ThreadPoolExecutor.java:1128)
	at java.base/java.util.concurrent.ThreadPoolExecutor$Worker.run(ThreadPoolExecutor.java:628)
	at java.base/java.lang.Thread.run(Thread.java:829)
Caused by: org.openqa.selenium.WebDriverException: {"id":2157,"error":{"code":-32602,"message":"Invalid InterceptionId."},"sessionId":"69DE6D1A85B5D627489871F60443E14A"}
Build info: version: '4.11.0', revision: '040bc5406b'
System info: os.name: 'Windows 10', os.arch: 'amd64', os.version: '10.0', java.version: '11.0.18'
Driver info: driver.version: unknown
	at org.openqa.selenium.devtools.Connection.handle(Connection.java:260)
	... 5 more

Exception in thread "CDP Connection" org.openqa.selenium.devtools.DevToolsException: {"id":2157,"error":{"code":-32602,"message":"Invalid InterceptionId."},"sessionId":"69DE6D1A85B5D627489871F60443E14A"}
Build info: version: '4.11.0', revision: '040bc5406b'
System info: os.name: 'Windows 10', os.arch: 'amd64', os.version: '10.0', java.version: '11.0.18'
Driver info: driver.version: unknown
	at org.openqa.selenium.devtools.Connection$Listener.lambda$onText$0(Connection.java:227)
	at java.base/java.util.concurrent.ThreadPoolExecutor.runWorker(ThreadPoolExecutor.java:1128)
	at java.base/java.util.concurrent.ThreadPoolExecutor$Worker.run(ThreadPoolExecutor.java:628)
	at java.base/java.lang.Thread.run(Thread.java:829)
Caused by: org.openqa.selenium.devtools.DevToolsException: {"id":2157,"error":{"code":-32602,"message":"Invalid InterceptionId."},"sessionId":"69DE6D1A85B5D627489871F60443E14A"}
Build info: version: '4.11.0', revision: '040bc5406b'
System info: os.name: 'Windows 10', os.arch: 'amd64', os.version: '10.0', java.version: '11.0.18'
Driver info: driver.version: unknown
	at org.openqa.selenium.devtools.Connection.sendAndWait(Connection.java:181)
	at org.openqa.selenium.devtools.DevTools.send(DevTools.java:81)
	at org.openqa.selenium.devtools.idealized.Network.lambda$prepareToInterceptTraffic$4(Network.java:194)
	at org.openqa.selenium.devtools.Connection.lambda$handle$4(Connection.java:321)
	at java.base/java.util.stream.ForEachOps$ForEachOp$OfRef.accept(ForEachOps.java:183)
	at java.base/java.util.stream.ReferencePipeline$2$1.accept(ReferencePipeline.java:177)
	at java.base/java.util.stream.ReferencePipeline$11$1.accept(ReferencePipeline.java:442)
	at java.base/java.util.HashMap$KeySpliterator.forEachRemaining(HashMap.java:1621)
	at java.base/java.util.stream.AbstractPipeline.copyInto(AbstractPipeline.java:484)
	at java.base/java.util.stream.AbstractPipeline.wrapAndCopyInto(AbstractPipeline.java:474)
	at java.base/java.util.stream.ForEachOps$ForEachOp.evaluateSequential(ForEachOps.java:150)
	at java.base/java.util.stream.ForEachOps$ForEachOp$OfRef.evaluateSequential(ForEachOps.java:173)
	at java.base/java.util.stream.AbstractPipeline.evaluate(AbstractPipeline.java:234)
	at java.base/java.util.stream.ReferencePipeline.forEach(ReferencePipeline.java:497)
	at org.openqa.selenium.devtools.Connection.handle(Connection.java:287)
	at org.openqa.selenium.devtools.Connection.access$200(Connection.java:57)
	at org.openqa.selenium.devtools.Connection$Listener.lambda$onText$0(Connection.java:224)
	... 3 more
Caused by: org.openqa.selenium.WebDriverException: {"id":2157,"error":{"code":-32602,"message":"Invalid InterceptionId."},"sessionId":"69DE6D1A85B5D627489871F60443E14A"}
Build info: version: '4.11.0', revision: '040bc5406b'
System info: os.name: 'Windows 10', os.arch: 'amd64', os.version: '10.0', java.version: '11.0.18'
Driver info: driver.version: unknown
	at org.openqa.selenium.devtools.Connection.handle(Connection.java:260)
	... 5 more
авг. 16, 2023 4:22:39 PM org.openqa.selenium.devtools.Connection$Listener lambda$onText$0
WARNING: Unable to process: {"method":"Fetch.requestPaused","params":{"requestId":"interception-job-350.0","request":{"url":"http://localhost:8080/logo192.png","method":"GET","headers":{"Accept":"image/avif,image/webp,image/apng,image/svg+xml,image/*,*/*;q=0.8","Referer":"http://localhost:8080/","User-Agent":"Mozilla/5.0 (Windows NT 10.0; Win64; x64) AppleWebKit/537.36 (KHTML, like Gecko) Chrome/116.0.0.0 Safari/537.36","sec-ch-ua":"\"Chromium\";v=\"116\", \"Not)A;Brand\";v=\"24\", \"Google Chrome\";v=\"116\"","sec-ch-ua-mobile":"?0","sec-ch-ua-platform":"\"Windows\""},"initialPriority":"High","referrerPolicy":"strict-origin-when-cross-origin"},"frameId":"D165F02B89151667DFD1BF49856829E7","resourceType":"Image"},"sessionId":"69DE6D1A85B5D627489871F60443E14A"}
org.openqa.selenium.devtools.DevToolsException: {"id":2158,"error":{"code":-32602,"message":"Invalid InterceptionId."},"sessionId":"69DE6D1A85B5D627489871F60443E14A"}
Build info: version: '4.11.0', revision: '040bc5406b'
System info: os.name: 'Windows 10', os.arch: 'amd64', os.version: '10.0', java.version: '11.0.18'
Driver info: driver.version: unknown
	at org.openqa.selenium.devtools.Connection.sendAndWait(Connection.java:181)
	at org.openqa.selenium.devtools.DevTools.send(DevTools.java:81)
	at org.openqa.selenium.devtools.idealized.Network.lambda$prepareToInterceptTraffic$3(Network.java:211)
	at org.openqa.selenium.remote.http.Filter.lambda$andFinally$1(Filter.java:55)
	at org.openqa.selenium.devtools.idealized.Network.lambda$prepareToInterceptTraffic$4(Network.java:226)
	at org.openqa.selenium.devtools.Connection.lambda$handle$4(Connection.java:321)
	at java.base/java.util.stream.ForEachOps$ForEachOp$OfRef.accept(ForEachOps.java:183)
	at java.base/java.util.stream.ReferencePipeline$2$1.accept(ReferencePipeline.java:177)
	at java.base/java.util.stream.ReferencePipeline$11$1.accept(ReferencePipeline.java:442)
	at java.base/java.util.HashMap$KeySpliterator.forEachRemaining(HashMap.java:1621)
	at java.base/java.util.stream.AbstractPipeline.copyInto(AbstractPipeline.java:484)
	at java.base/java.util.stream.AbstractPipeline.wrapAndCopyInto(AbstractPipeline.java:474)
	at java.base/java.util.stream.ForEachOps$ForEachOp.evaluateSequential(ForEachOps.java:150)
	at java.base/java.util.stream.ForEachOps$ForEachOp$OfRef.evaluateSequential(ForEachOps.java:173)
	at java.base/java.util.stream.AbstractPipeline.evaluate(AbstractPipeline.java:234)
	at java.base/java.util.stream.ReferencePipeline.forEach(ReferencePipeline.java:497)
	at org.openqa.selenium.devtools.Connection.handle(Connection.java:287)
	at org.openqa.selenium.devtools.Connection.access$200(Connection.java:57)
	at org.openqa.selenium.devtools.Connection$Listener.lambda$onText$0(Connection.java:224)
	at java.base/java.util.concurrent.ThreadPoolExecutor.runWorker(ThreadPoolExecutor.java:1128)
	at java.base/java.util.concurrent.ThreadPoolExecutor$Worker.run(ThreadPoolExecutor.java:628)
	at java.base/java.lang.Thread.run(Thread.java:829)
Caused by: org.openqa.selenium.WebDriverException: {"id":2158,"error":{"code":-32602,"message":"Invalid InterceptionId."},"sessionId":"69DE6D1A85B5D627489871F60443E14A"}
Build info: version: '4.11.0', revision: '040bc5406b'
System info: os.name: 'Windows 10', os.arch: 'amd64', os.version: '10.0', java.version: '11.0.18'
Driver info: driver.version: unknown
	at org.openqa.selenium.devtools.Connection.handle(Connection.java:260)
	... 5 more

Exception in thread "CDP Connection" org.openqa.selenium.devtools.DevToolsException: {"id":2158,"error":{"code":-32602,"message":"Invalid InterceptionId."},"sessionId":"69DE6D1A85B5D627489871F60443E14A"}
Build info: version: '4.11.0', revision: '040bc5406b'
System info: os.name: 'Windows 10', os.arch: 'amd64', os.version: '10.0', java.version: '11.0.18'
Driver info: driver.version: unknown
	at org.openqa.selenium.devtools.Connection$Listener.lambda$onText$0(Connection.java:227)
	at java.base/java.util.concurrent.ThreadPoolExecutor.runWorker(ThreadPoolExecutor.java:1128)
	at java.base/java.util.concurrent.ThreadPoolExecutor$Worker.run(ThreadPoolExecutor.java:628)
	at java.base/java.lang.Thread.run(Thread.java:829)
Caused by: org.openqa.selenium.devtools.DevToolsException: {"id":2158,"error":{"code":-32602,"message":"Invalid InterceptionId."},"sessionId":"69DE6D1A85B5D627489871F60443E14A"}
Build info: version: '4.11.0', revision: '040bc5406b'
System info: os.name: 'Windows 10', os.arch: 'amd64', os.version: '10.0', java.version: '11.0.18'
Driver info: driver.version: unknown
	at org.openqa.selenium.devtools.Connection.sendAndWait(Connection.java:181)
	at org.openqa.selenium.devtools.DevTools.send(DevTools.java:81)
	at org.openqa.selenium.devtools.idealized.Network.lambda$prepareToInterceptTraffic$3(Network.java:211)
	at org.openqa.selenium.remote.http.Filter.lambda$andFinally$1(Filter.java:55)
	at org.openqa.selenium.devtools.idealized.Network.lambda$prepareToInterceptTraffic$4(Network.java:226)
	at org.openqa.selenium.devtools.Connection.lambda$handle$4(Connection.java:321)
	at java.base/java.util.stream.ForEachOps$ForEachOp$OfRef.accept(ForEachOps.java:183)
	at java.base/java.util.stream.ReferencePipeline$2$1.accept(ReferencePipeline.java:177)
	at java.base/java.util.stream.ReferencePipeline$11$1.accept(ReferencePipeline.java:442)
	at java.base/java.util.HashMap$KeySpliterator.forEachRemaining(HashMap.java:1621)
	at java.base/java.util.stream.AbstractPipeline.copyInto(AbstractPipeline.java:484)
	at java.base/java.util.stream.AbstractPipeline.wrapAndCopyInto(AbstractPipeline.java:474)
	at java.base/java.util.stream.ForEachOps$ForEachOp.evaluateSequential(ForEachOps.java:150)
	at java.base/java.util.stream.ForEachOps$ForEachOp$OfRef.evaluateSequential(ForEachOps.java:173)
	at java.base/java.util.stream.AbstractPipeline.evaluate(AbstractPipeline.java:234)
	at java.base/java.util.stream.ReferencePipeline.forEach(ReferencePipeline.java:497)
	at org.openqa.selenium.devtools.Connection.handle(Connection.java:287)
	at org.openqa.selenium.devtools.Connection.access$200(Connection.java:57)
	at org.openqa.selenium.devtools.Connection$Listener.lambda$onText$0(Connection.java:224)
	... 3 more
Caused by: org.openqa.selenium.WebDriverException: {"id":2158,"error":{"code":-32602,"message":"Invalid InterceptionId."},"sessionId":"69DE6D1A85B5D627489871F60443E14A"}
Build info: version: '4.11.0', revision: '040bc5406b'
System info: os.name: 'Windows 10', os.arch: 'amd64', os.version: '10.0', java.version: '11.0.18'
Driver info: driver.version: unknown
	at org.openqa.selenium.devtools.Connection.handle(Connection.java:260)
	... 5 more
авг. 16, 2023 4:22:39 PM org.openqa.selenium.devtools.Connection$Listener lambda$onText$0
WARNING: Unable to process: {"method":"Fetch.requestPaused","params":{"requestId":"interception-job-351.0","request":{"url":"http://localhost:8080/static/media/icon_ok_m_white.5987da79.svg","method":"GET","headers":{"Accept":"image/avif,image/webp,image/apng,image/svg+xml,image/*,*/*;q=0.8","Referer":"http://localhost:8080/static/css/2.7d875902.chunk.css","User-Agent":"Mozilla/5.0 (Windows NT 10.0; Win64; x64) AppleWebKit/537.36 (KHTML, like Gecko) Chrome/116.0.0.0 Safari/537.36","sec-ch-ua":"\"Chromium\";v=\"116\", \"Not)A;Brand\";v=\"24\", \"Google Chrome\";v=\"116\"","sec-ch-ua-mobile":"?0","sec-ch-ua-platform":"\"Windows\""},"initialPriority":"Low","referrerPolicy":"unsafe-url"},"frameId":"D165F02B89151667DFD1BF49856829E7","resourceType":"Image","responseStatusCode":200,"responseStatusText":"","responseHeaders":[{"name":"Vary","value":"Origin"},{"name":"Vary","value":"Access-Control-Request-Method"},{"name":"Vary","value":"Access-Control-Request-Headers"},{"name":"Last-Modified","value":"Thu, 03 Aug 2023 10:18:16 GMT"},{"name":"Accept-Ranges","value":"bytes"},{"name":"Content-Type","value":"image/svg+xml"},{"name":"Content-Length","value":"687"},{"name":"Date","value":"Wed, 16 Aug 2023 13:20:24 GMT"}]},"sessionId":"69DE6D1A85B5D627489871F60443E14A"}
org.openqa.selenium.devtools.DevToolsException: {"id":2169,"error":{"code":-32602,"message":"Invalid InterceptionId."},"sessionId":"69DE6D1A85B5D627489871F60443E14A"}
Build info: version: '4.11.0', revision: '040bc5406b'
System info: os.name: 'Windows 10', os.arch: 'amd64', os.version: '10.0', java.version: '11.0.18'
Driver info: driver.version: unknown
	at org.openqa.selenium.devtools.Connection.sendAndWait(Connection.java:181)
	at org.openqa.selenium.devtools.DevTools.send(DevTools.java:81)
	at org.openqa.selenium.devtools.idealized.Network.lambda$prepareToInterceptTraffic$4(Network.java:194)
	at org.openqa.selenium.devtools.Connection.lambda$handle$4(Connection.java:321)
	at java.base/java.util.stream.ForEachOps$ForEachOp$OfRef.accept(ForEachOps.java:183)
	at java.base/java.util.stream.ReferencePipeline$2$1.accept(ReferencePipeline.java:177)
	at java.base/java.util.stream.ReferencePipeline$11$1.accept(ReferencePipeline.java:442)
	at java.base/java.util.HashMap$KeySpliterator.forEachRemaining(HashMap.java:1621)
	at java.base/java.util.stream.AbstractPipeline.copyInto(AbstractPipeline.java:484)
	at java.base/java.util.stream.AbstractPipeline.wrapAndCopyInto(AbstractPipeline.java:474)
	at java.base/java.util.stream.ForEachOps$ForEachOp.evaluateSequential(ForEachOps.java:150)
	at java.base/java.util.stream.ForEachOps$ForEachOp$OfRef.evaluateSequential(ForEachOps.java:173)
	at java.base/java.util.stream.AbstractPipeline.evaluate(AbstractPipeline.java:234)
	at java.base/java.util.stream.ReferencePipeline.forEach(ReferencePipeline.java:497)
	at org.openqa.selenium.devtools.Connection.handle(Connection.java:287)
	at org.openqa.selenium.devtools.Connection.access$200(Connection.java:57)
	at org.openqa.selenium.devtools.Connection$Listener.lambda$onText$0(Connection.java:224)
	at java.base/java.util.concurrent.ThreadPoolExecutor.runWorker(ThreadPoolExecutor.java:1128)
	at java.base/java.util.concurrent.ThreadPoolExecutor$Worker.run(ThreadPoolExecutor.java:628)
	at java.base/java.lang.Thread.run(Thread.java:829)
Caused by: org.openqa.selenium.WebDriverException: {"id":2169,"error":{"code":-32602,"message":"Invalid InterceptionId."},"sessionId":"69DE6D1A85B5D627489871F60443E14A"}
Build info: version: '4.11.0', revision: '040bc5406b'
System info: os.name: 'Windows 10', os.arch: 'amd64', os.version: '10.0', java.version: '11.0.18'
Driver info: driver.version: unknown
	at org.openqa.selenium.devtools.Connection.handle(Connection.java:260)
	... 5 more

Exception in thread "CDP Connection" org.openqa.selenium.devtools.DevToolsException: {"id":2169,"error":{"code":-32602,"message":"Invalid InterceptionId."},"sessionId":"69DE6D1A85B5D627489871F60443E14A"}
Build info: version: '4.11.0', revision: '040bc5406b'
System info: os.name: 'Windows 10', os.arch: 'amd64', os.version: '10.0', java.version: '11.0.18'
Driver info: driver.version: unknown
	at org.openqa.selenium.devtools.Connection$Listener.lambda$onText$0(Connection.java:227)
	at java.base/java.util.concurrent.ThreadPoolExecutor.runWorker(ThreadPoolExecutor.java:1128)
	at java.base/java.util.concurrent.ThreadPoolExecutor$Worker.run(ThreadPoolExecutor.java:628)
	at java.base/java.lang.Thread.run(Thread.java:829)
Caused by: org.openqa.selenium.devtools.DevToolsException: {"id":2169,"error":{"code":-32602,"message":"Invalid InterceptionId."},"sessionId":"69DE6D1A85B5D627489871F60443E14A"}
Build info: version: '4.11.0', revision: '040bc5406b'
System info: os.name: 'Windows 10', os.arch: 'amd64', os.version: '10.0', java.version: '11.0.18'
Driver info: driver.version: unknown
	at org.openqa.selenium.devtools.Connection.sendAndWait(Connection.java:181)
	at org.openqa.selenium.devtools.DevTools.send(DevTools.java:81)
	at org.openqa.selenium.devtools.idealized.Network.lambda$prepareToInterceptTraffic$4(Network.java:194)
	at org.openqa.selenium.devtools.Connection.lambda$handle$4(Connection.java:321)
	at java.base/java.util.stream.ForEachOps$ForEachOp$OfRef.accept(ForEachOps.java:183)
	at java.base/java.util.stream.ReferencePipeline$2$1.accept(ReferencePipeline.java:177)
	at java.base/java.util.stream.ReferencePipeline$11$1.accept(ReferencePipeline.java:442)
	at java.base/java.util.HashMap$KeySpliterator.forEachRemaining(HashMap.java:1621)
	at java.base/java.util.stream.AbstractPipeline.copyInto(AbstractPipeline.java:484)
	at java.base/java.util.stream.AbstractPipeline.wrapAndCopyInto(AbstractPipeline.java:474)
	at java.base/java.util.stream.ForEachOps$ForEachOp.evaluateSequential(ForEachOps.java:150)
	at java.base/java.util.stream.ForEachOps$ForEachOp$OfRef.evaluateSequential(ForEachOps.java:173)
	at java.base/java.util.stream.AbstractPipeline.evaluate(AbstractPipeline.java:234)
	at java.base/java.util.stream.ReferencePipeline.forEach(ReferencePipeline.java:497)
	at org.openqa.selenium.devtools.Connection.handle(Connection.java:287)
	at org.openqa.selenium.devtools.Connection.access$200(Connection.java:57)
	at org.openqa.selenium.devtools.Connection$Listener.lambda$onText$0(Connection.java:224)
	... 3 more
Caused by: org.openqa.selenium.WebDriverException: {"id":2169,"error":{"code":-32602,"message":"Invalid InterceptionId."},"sessionId":"69DE6D1A85B5D627489871F60443E14A"}
Build info: version: '4.11.0', revision: '040bc5406b'
System info: os.name: 'Windows 10', os.arch: 'amd64', os.version: '10.0', java.version: '11.0.18'
Driver info: driver.version: unknown
	at org.openqa.selenium.devtools.Connection.handle(Connection.java:260)
	... 5 more
авг. 16, 2023 4:22:39 PM org.openqa.selenium.devtools.Connection$Listener lambda$onText$0
WARNING: Unable to process: {"method":"Fetch.requestPaused","params":{"requestId":"interception-job-352.0","request":{"url":"http://localhost:8080/static/media/icon_close_s_white.cd06f8fb.svg","method":"GET","headers":{"Accept":"image/avif,image/webp,image/apng,image/svg+xml,image/*,*/*;q=0.8","Referer":"http://localhost:8080/static/css/2.7d875902.chunk.css","User-Agent":"Mozilla/5.0 (Windows NT 10.0; Win64; x64) AppleWebKit/537.36 (KHTML, like Gecko) Chrome/116.0.0.0 Safari/537.36","sec-ch-ua":"\"Chromium\";v=\"116\", \"Not)A;Brand\";v=\"24\", \"Google Chrome\";v=\"116\"","sec-ch-ua-mobile":"?0","sec-ch-ua-platform":"\"Windows\""},"initialPriority":"Low","referrerPolicy":"unsafe-url"},"frameId":"D165F02B89151667DFD1BF49856829E7","resourceType":"Image","responseStatusCode":200,"responseStatusText":"","responseHeaders":[{"name":"Vary","value":"Origin"},{"name":"Vary","value":"Access-Control-Request-Method"},{"name":"Vary","value":"Access-Control-Request-Headers"},{"name":"Last-Modified","value":"Thu, 03 Aug 2023 10:18:16 GMT"},{"name":"Accept-Ranges","value":"bytes"},{"name":"Content-Type","value":"image/svg+xml"},{"name":"Content-Length","value":"247"},{"name":"Date","value":"Wed, 16 Aug 2023 13:20:24 GMT"}]},"sessionId":"69DE6D1A85B5D627489871F60443E14A"}
org.openqa.selenium.devtools.DevToolsException: {"id":2170,"error":{"code":-32602,"message":"Invalid InterceptionId."},"sessionId":"69DE6D1A85B5D627489871F60443E14A"}
Build info: version: '4.11.0', revision: '040bc5406b'
System info: os.name: 'Windows 10', os.arch: 'amd64', os.version: '10.0', java.version: '11.0.18'
Driver info: driver.version: unknown
	at org.openqa.selenium.devtools.Connection.sendAndWait(Connection.java:181)
	at org.openqa.selenium.devtools.DevTools.send(DevTools.java:81)
	at org.openqa.selenium.devtools.idealized.Network.lambda$prepareToInterceptTraffic$4(Network.java:194)
	at org.openqa.selenium.devtools.Connection.lambda$handle$4(Connection.java:321)
	at java.base/java.util.stream.ForEachOps$ForEachOp$OfRef.accept(ForEachOps.java:183)
	at java.base/java.util.stream.ReferencePipeline$2$1.accept(ReferencePipeline.java:177)
	at java.base/java.util.stream.ReferencePipeline$11$1.accept(ReferencePipeline.java:442)
	at java.base/java.util.HashMap$KeySpliterator.forEachRemaining(HashMap.java:1621)
	at java.base/java.util.stream.AbstractPipeline.copyInto(AbstractPipeline.java:484)
	at java.base/java.util.stream.AbstractPipeline.wrapAndCopyInto(AbstractPipeline.java:474)
	at java.base/java.util.stream.ForEachOps$ForEachOp.evaluateSequential(ForEachOps.java:150)
	at java.base/java.util.stream.ForEachOps$ForEachOp$OfRef.evaluateSequential(ForEachOps.java:173)
	at java.base/java.util.stream.AbstractPipeline.evaluate(AbstractPipeline.java:234)
	at java.base/java.util.stream.ReferencePipeline.forEach(ReferencePipeline.java:497)
	at org.openqa.selenium.devtools.Connection.handle(Connection.java:287)
	at org.openqa.selenium.devtools.Connection.access$200(Connection.java:57)
	at org.openqa.selenium.devtools.Connection$Listener.lambda$onText$0(Connection.java:224)
	at java.base/java.util.concurrent.ThreadPoolExecutor.runWorker(ThreadPoolExecutor.java:1128)
	at java.base/java.util.concurrent.ThreadPoolExecutor$Worker.run(ThreadPoolExecutor.java:628)
	at java.base/java.lang.Thread.run(Thread.java:829)
Caused by: org.openqa.selenium.WebDriverException: {"id":2170,"error":{"code":-32602,"message":"Invalid InterceptionId."},"sessionId":"69DE6D1A85B5D627489871F60443E14A"}
Build info: version: '4.11.0', revision: '040bc5406b'
System info: os.name: 'Windows 10', os.arch: 'amd64', os.version: '10.0', java.version: '11.0.18'
Driver info: driver.version: unknown
	at org.openqa.selenium.devtools.Connection.handle(Connection.java:260)
	... 5 more

Exception in thread "CDP Connection" org.openqa.selenium.devtools.DevToolsException: {"id":2170,"error":{"code":-32602,"message":"Invalid InterceptionId."},"sessionId":"69DE6D1A85B5D627489871F60443E14A"}
Build info: version: '4.11.0', revision: '040bc5406b'
System info: os.name: 'Windows 10', os.arch: 'amd64', os.version: '10.0', java.version: '11.0.18'
Driver info: driver.version: unknown
	at org.openqa.selenium.devtools.Connection$Listener.lambda$onText$0(Connection.java:227)
	at java.base/java.util.concurrent.ThreadPoolExecutor.runWorker(ThreadPoolExecutor.java:1128)
	at java.base/java.util.concurrent.ThreadPoolExecutor$Worker.run(ThreadPoolExecutor.java:628)
	at java.base/java.lang.Thread.run(Thread.java:829)
Caused by: org.openqa.selenium.devtools.DevToolsException: {"id":2170,"error":{"code":-32602,"message":"Invalid InterceptionId."},"sessionId":"69DE6D1A85B5D627489871F60443E14A"}
Build info: version: '4.11.0', revision: '040bc5406b'
System info: os.name: 'Windows 10', os.arch: 'amd64', os.version: '10.0', java.version: '11.0.18'
Driver info: driver.version: unknown
	at org.openqa.selenium.devtools.Connection.sendAndWait(Connection.java:181)
	at org.openqa.selenium.devtools.DevTools.send(DevTools.java:81)
	at org.openqa.selenium.devtools.idealized.Network.lambda$prepareToInterceptTraffic$4(Network.java:194)
	at org.openqa.selenium.devtools.Connection.lambda$handle$4(Connection.java:321)
	at java.base/java.util.stream.ForEachOps$ForEachOp$OfRef.accept(ForEachOps.java:183)
	at java.base/java.util.stream.ReferencePipeline$2$1.accept(ReferencePipeline.java:177)
	at java.base/java.util.stream.ReferencePipeline$11$1.accept(ReferencePipeline.java:442)
	at java.base/java.util.HashMap$KeySpliterator.forEachRemaining(HashMap.java:1621)
	at java.base/java.util.stream.AbstractPipeline.copyInto(AbstractPipeline.java:484)
	at java.base/java.util.stream.AbstractPipeline.wrapAndCopyInto(AbstractPipeline.java:474)
	at java.base/java.util.stream.ForEachOps$ForEachOp.evaluateSequential(ForEachOps.java:150)
	at java.base/java.util.stream.ForEachOps$ForEachOp$OfRef.evaluateSequential(ForEachOps.java:173)
	at java.base/java.util.stream.AbstractPipeline.evaluate(AbstractPipeline.java:234)
	at java.base/java.util.stream.ReferencePipeline.forEach(ReferencePipeline.java:497)
	at org.openqa.selenium.devtools.Connection.handle(Connection.java:287)
	at org.openqa.selenium.devtools.Connection.access$200(Connection.java:57)
	at org.openqa.selenium.devtools.Connection$Listener.lambda$onText$0(Connection.java:224)
	... 3 more
Caused by: org.openqa.selenium.WebDriverException: {"id":2170,"error":{"code":-32602,"message":"Invalid InterceptionId."},"sessionId":"69DE6D1A85B5D627489871F60443E14A"}
Build info: version: '4.11.0', revision: '040bc5406b'
System info: os.name: 'Windows 10', os.arch: 'amd64', os.version: '10.0', java.version: '11.0.18'
Driver info: driver.version: unknown
	at org.openqa.selenium.devtools.Connection.handle(Connection.java:260)
	... 5 more
авг. 16, 2023 4:22:39 PM org.openqa.selenium.devtools.Connection$Listener lambda$onText$0
WARNING: Unable to process: {"method":"Fetch.requestPaused","params":{"requestId":"interception-job-352.0","request":{"url":"http://localhost:8080/static/media/icon_close_s_white.cd06f8fb.svg","method":"GET","headers":{"Accept":"image/avif,image/webp,image/apng,image/svg+xml,image/*,*/*;q=0.8","Referer":"http://localhost:8080/static/css/2.7d875902.chunk.css","User-Agent":"Mozilla/5.0 (Windows NT 10.0; Win64; x64) AppleWebKit/537.36 (KHTML, like Gecko) Chrome/116.0.0.0 Safari/537.36","sec-ch-ua":"\"Chromium\";v=\"116\", \"Not)A;Brand\";v=\"24\", \"Google Chrome\";v=\"116\"","sec-ch-ua-mobile":"?0","sec-ch-ua-platform":"\"Windows\""},"initialPriority":"Low","referrerPolicy":"strict-origin-when-cross-origin"},"frameId":"D165F02B89151667DFD1BF49856829E7","resourceType":"Image"},"sessionId":"69DE6D1A85B5D627489871F60443E14A"}
org.openqa.selenium.devtools.DevToolsException: {"id":2174,"error":{"code":-32602,"message":"Invalid InterceptionId."},"sessionId":"69DE6D1A85B5D627489871F60443E14A"}
Build info: version: '4.11.0', revision: '040bc5406b'
System info: os.name: 'Windows 10', os.arch: 'amd64', os.version: '10.0', java.version: '11.0.18'
Driver info: driver.version: unknown
	at org.openqa.selenium.devtools.Connection.sendAndWait(Connection.java:181)
	at org.openqa.selenium.devtools.DevTools.send(DevTools.java:81)
	at org.openqa.selenium.devtools.idealized.Network.lambda$prepareToInterceptTraffic$3(Network.java:211)
	at org.openqa.selenium.remote.http.Filter.lambda$andFinally$1(Filter.java:55)
	at org.openqa.selenium.devtools.idealized.Network.lambda$prepareToInterceptTraffic$4(Network.java:226)
	at org.openqa.selenium.devtools.Connection.lambda$handle$4(Connection.java:321)
	at java.base/java.util.stream.ForEachOps$ForEachOp$OfRef.accept(ForEachOps.java:183)
	at java.base/java.util.stream.ReferencePipeline$2$1.accept(ReferencePipeline.java:177)
	at java.base/java.util.stream.ReferencePipeline$11$1.accept(ReferencePipeline.java:442)
	at java.base/java.util.HashMap$KeySpliterator.forEachRemaining(HashMap.java:1621)
	at java.base/java.util.stream.AbstractPipeline.copyInto(AbstractPipeline.java:484)
	at java.base/java.util.stream.AbstractPipeline.wrapAndCopyInto(AbstractPipeline.java:474)
	at java.base/java.util.stream.ForEachOps$ForEachOp.evaluateSequential(ForEachOps.java:150)
	at java.base/java.util.stream.ForEachOps$ForEachOp$OfRef.evaluateSequential(ForEachOps.java:173)
	at java.base/java.util.stream.AbstractPipeline.evaluate(AbstractPipeline.java:234)
	at java.base/java.util.stream.ReferencePipeline.forEach(ReferencePipeline.java:497)
	at org.openqa.selenium.devtools.Connection.handle(Connection.java:287)
	at org.openqa.selenium.devtools.Connection.access$200(Connection.java:57)
	at org.openqa.selenium.devtools.Connection$Listener.lambda$onText$0(Connection.java:224)
	at java.base/java.util.concurrent.ThreadPoolExecutor.runWorker(ThreadPoolExecutor.java:1128)
	at java.base/java.util.concurrent.ThreadPoolExecutor$Worker.run(ThreadPoolExecutor.java:628)
	at java.base/java.lang.Thread.run(Thread.java:829)
Caused by: org.openqa.selenium.WebDriverException: {"id":2174,"error":{"code":-32602,"message":"Invalid InterceptionId."},"sessionId":"69DE6D1A85B5D627489871F60443E14A"}
Build info: version: '4.11.0', revision: '040bc5406b'
System info: os.name: 'Windows 10', os.arch: 'amd64', os.version: '10.0', java.version: '11.0.18'
Driver info: driver.version: unknown
	at org.openqa.selenium.devtools.Connection.handle(Connection.java:260)
	... 5 more

Exception in thread "CDP Connection" org.openqa.selenium.devtools.DevToolsException: {"id":2174,"error":{"code":-32602,"message":"Invalid InterceptionId."},"sessionId":"69DE6D1A85B5D627489871F60443E14A"}
Build info: version: '4.11.0', revision: '040bc5406b'
System info: os.name: 'Windows 10', os.arch: 'amd64', os.version: '10.0', java.version: '11.0.18'
Driver info: driver.version: unknown
	at org.openqa.selenium.devtools.Connection$Listener.lambda$onText$0(Connection.java:227)
	at java.base/java.util.concurrent.ThreadPoolExecutor.runWorker(ThreadPoolExecutor.java:1128)
	at java.base/java.util.concurrent.ThreadPoolExecutor$Worker.run(ThreadPoolExecutor.java:628)
	at java.base/java.lang.Thread.run(Thread.java:829)
Caused by: org.openqa.selenium.devtools.DevToolsException: {"id":2174,"error":{"code":-32602,"message":"Invalid InterceptionId."},"sessionId":"69DE6D1A85B5D627489871F60443E14A"}
Build info: version: '4.11.0', revision: '040bc5406b'
System info: os.name: 'Windows 10', os.arch: 'amd64', os.version: '10.0', java.version: '11.0.18'
Driver info: driver.version: unknown
	at org.openqa.selenium.devtools.Connection.sendAndWait(Connection.java:181)
	at org.openqa.selenium.devtools.DevTools.send(DevTools.java:81)
	at org.openqa.selenium.devtools.idealized.Network.lambda$prepareToInterceptTraffic$3(Network.java:211)
	at org.openqa.selenium.remote.http.Filter.lambda$andFinally$1(Filter.java:55)
	at org.openqa.selenium.devtools.idealized.Network.lambda$prepareToInterceptTraffic$4(Network.java:226)
	at org.openqa.selenium.devtools.Connection.lambda$handle$4(Connection.java:321)
	at java.base/java.util.stream.ForEachOps$ForEachOp$OfRef.accept(ForEachOps.java:183)
	at java.base/java.util.stream.ReferencePipeline$2$1.accept(ReferencePipeline.java:177)
	at java.base/java.util.stream.ReferencePipeline$11$1.accept(ReferencePipeline.java:442)
	at java.base/java.util.HashMap$KeySpliterator.forEachRemaining(HashMap.java:1621)
	at java.base/java.util.stream.AbstractPipeline.copyInto(AbstractPipeline.java:484)
	at java.base/java.util.stream.AbstractPipeline.wrapAndCopyInto(AbstractPipeline.java:474)
	at java.base/java.util.stream.ForEachOps$ForEachOp.evaluateSequential(ForEachOps.java:150)
	at java.base/java.util.stream.ForEachOps$ForEachOp$OfRef.evaluateSequential(ForEachOps.java:173)
	at java.base/java.util.stream.AbstractPipeline.evaluate(AbstractPipeline.java:234)
	at java.base/java.util.stream.ReferencePipeline.forEach(ReferencePipeline.java:497)
	at org.openqa.selenium.devtools.Connection.handle(Connection.java:287)
	at org.openqa.selenium.devtools.Connection.access$200(Connection.java:57)
	at org.openqa.selenium.devtools.Connection$Listener.lambda$onText$0(Connection.java:224)
	... 3 more
Caused by: org.openqa.selenium.WebDriverException: {"id":2174,"error":{"code":-32602,"message":"Invalid InterceptionId."},"sessionId":"69DE6D1A85B5D627489871F60443E14A"}
Build info: version: '4.11.0', revision: '040bc5406b'
System info: os.name: 'Windows 10', os.arch: 'amd64', os.version: '10.0', java.version: '11.0.18'
Driver info: driver.version: unknown
	at org.openqa.selenium.devtools.Connection.handle(Connection.java:260)
	... 5 more
авг. 16, 2023 4:22:39 PM org.openqa.selenium.devtools.Connection$Listener lambda$onText$0
WARNING: Unable to process: {"method":"Fetch.requestPaused","params":{"requestId":"interception-job-353.0","request":{"url":"http://localhost:8080/static/media/icon_error_m_white.143ec85a.svg","method":"GET","headers":{"Accept":"image/avif,image/webp,image/apng,image/svg+xml,image/*,*/*;q=0.8","Referer":"http://localhost:8080/static/css/2.7d875902.chunk.css","User-Agent":"Mozilla/5.0 (Windows NT 10.0; Win64; x64) AppleWebKit/537.36 (KHTML, like Gecko) Chrome/116.0.0.0 Safari/537.36","sec-ch-ua":"\"Chromium\";v=\"116\", \"Not)A;Brand\";v=\"24\", \"Google Chrome\";v=\"116\"","sec-ch-ua-mobile":"?0","sec-ch-ua-platform":"\"Windows\""},"initialPriority":"Low","referrerPolicy":"unsafe-url"},"frameId":"D165F02B89151667DFD1BF49856829E7","resourceType":"Image","responseStatusCode":200,"responseStatusText":"","responseHeaders":[{"name":"Vary","value":"Origin"},{"name":"Vary","value":"Access-Control-Request-Method"},{"name":"Vary","value":"Access-Control-Request-Headers"},{"name":"Last-Modified","value":"Thu, 03 Aug 2023 10:18:16 GMT"},{"name":"Accept-Ranges","value":"bytes"},{"name":"Content-Type","value":"image/svg+xml"},{"name":"Content-Length","value":"380"},{"name":"Date","value":"Wed, 16 Aug 2023 13:20:24 GMT"}]},"sessionId":"69DE6D1A85B5D627489871F60443E14A"}
org.openqa.selenium.devtools.DevToolsException: {"id":2175,"error":{"code":-32602,"message":"Invalid InterceptionId."},"sessionId":"69DE6D1A85B5D627489871F60443E14A"}
Build info: version: '4.11.0', revision: '040bc5406b'
System info: os.name: 'Windows 10', os.arch: 'amd64', os.version: '10.0', java.version: '11.0.18'
Driver info: driver.version: unknown
	at org.openqa.selenium.devtools.Connection.sendAndWait(Connection.java:181)
	at org.openqa.selenium.devtools.DevTools.send(DevTools.java:81)
	at org.openqa.selenium.devtools.idealized.Network.lambda$prepareToInterceptTraffic$4(Network.java:194)
	at org.openqa.selenium.devtools.Connection.lambda$handle$4(Connection.java:321)
	at java.base/java.util.stream.ForEachOps$ForEachOp$OfRef.accept(ForEachOps.java:183)
	at java.base/java.util.stream.ReferencePipeline$2$1.accept(ReferencePipeline.java:177)
	at java.base/java.util.stream.ReferencePipeline$11$1.accept(ReferencePipeline.java:442)
	at java.base/java.util.HashMap$KeySpliterator.forEachRemaining(HashMap.java:1621)
	at java.base/java.util.stream.AbstractPipeline.copyInto(AbstractPipeline.java:484)
	at java.base/java.util.stream.AbstractPipeline.wrapAndCopyInto(AbstractPipeline.java:474)
	at java.base/java.util.stream.ForEachOps$ForEachOp.evaluateSequential(ForEachOps.java:150)
	at java.base/java.util.stream.ForEachOps$ForEachOp$OfRef.evaluateSequential(ForEachOps.java:173)
	at java.base/java.util.stream.AbstractPipeline.evaluate(AbstractPipeline.java:234)
	at java.base/java.util.stream.ReferencePipeline.forEach(ReferencePipeline.java:497)
	at org.openqa.selenium.devtools.Connection.handle(Connection.java:287)
	at org.openqa.selenium.devtools.Connection.access$200(Connection.java:57)
	at org.openqa.selenium.devtools.Connection$Listener.lambda$onText$0(Connection.java:224)
	at java.base/java.util.concurrent.ThreadPoolExecutor.runWorker(ThreadPoolExecutor.java:1128)
	at java.base/java.util.concurrent.ThreadPoolExecutor$Worker.run(ThreadPoolExecutor.java:628)
	at java.base/java.lang.Thread.run(Thread.java:829)
Caused by: org.openqa.selenium.WebDriverException: {"id":2175,"error":{"code":-32602,"message":"Invalid InterceptionId."},"sessionId":"69DE6D1A85B5D627489871F60443E14A"}
Build info: version: '4.11.0', revision: '040bc5406b'
System info: os.name: 'Windows 10', os.arch: 'amd64', os.version: '10.0', java.version: '11.0.18'
Driver info: driver.version: unknown
	at org.openqa.selenium.devtools.Connection.handle(Connection.java:260)
	... 5 more

авг. 16, 2023 4:22:39 PM org.openqa.selenium.devtools.Connection$Listener lambda$onText$0
WARNING: Unable to process: {"method":"Fetch.requestPaused","params":{"requestId":"interception-job-353.0","request":{"url":"http://localhost:8080/static/media/icon_error_m_white.143ec85a.svg","method":"GET","headers":{"Accept":"image/avif,image/webp,image/apng,image/svg+xml,image/*,*/*;q=0.8","Referer":"http://localhost:8080/static/css/2.7d875902.chunk.css","User-Agent":"Mozilla/5.0 (Windows NT 10.0; Win64; x64) AppleWebKit/537.36 (KHTML, like Gecko) Chrome/116.0.0.0 Safari/537.36","sec-ch-ua":"\"Chromium\";v=\"116\", \"Not)A;Brand\";v=\"24\", \"Google Chrome\";v=\"116\"","sec-ch-ua-mobile":"?0","sec-ch-ua-platform":"\"Windows\""},"initialPriority":"Low","referrerPolicy":"strict-origin-when-cross-origin"},"frameId":"D165F02B89151667DFD1BF49856829E7","resourceType":"Image"},"sessionId":"69DE6D1A85B5D627489871F60443E14A"}
org.openqa.selenium.devtools.DevToolsException: {"id":2176,"error":{"code":-32602,"message":"Invalid InterceptionId."},"sessionId":"69DE6D1A85B5D627489871F60443E14A"}
Build info: version: '4.11.0', revision: '040bc5406b'
System info: os.name: 'Windows 10', os.arch: 'amd64', os.version: '10.0', java.version: '11.0.18'
Driver info: driver.version: unknown
	at org.openqa.selenium.devtools.Connection.sendAndWait(Connection.java:181)
	at org.openqa.selenium.devtools.DevTools.send(DevTools.java:81)
	at org.openqa.selenium.devtools.idealized.Network.lambda$prepareToInterceptTraffic$3(Network.java:211)
	at org.openqa.selenium.remote.http.Filter.lambda$andFinally$1(Filter.java:55)
	at org.openqa.selenium.devtools.idealized.Network.lambda$prepareToInterceptTraffic$4(Network.java:226)
	at org.openqa.selenium.devtools.Connection.lambda$handle$4(Connection.java:321)
	at java.base/java.util.stream.ForEachOps$ForEachOp$OfRef.accept(ForEachOps.java:183)
	at java.base/java.util.stream.ReferencePipeline$2$1.accept(ReferencePipeline.java:177)
	at java.base/java.util.stream.ReferencePipeline$11$1.accept(ReferencePipeline.java:442)
	at java.base/java.util.HashMap$KeySpliterator.forEachRemaining(HashMap.java:1621)
	at java.base/java.util.stream.AbstractPipeline.copyInto(AbstractPipeline.java:484)
	at java.base/java.util.stream.AbstractPipeline.wrapAndCopyInto(AbstractPipeline.java:474)
	at java.base/java.util.stream.ForEachOps$ForEachOp.evaluateSequential(ForEachOps.java:150)
	at java.base/java.util.stream.ForEachOps$ForEachOp$OfRef.evaluateSequential(ForEachOps.java:173)
	at java.base/java.util.stream.AbstractPipeline.evaluate(AbstractPipeline.java:234)
	at java.base/java.util.stream.ReferencePipeline.forEach(ReferencePipeline.java:497)
	at org.openqa.selenium.devtools.Connection.handle(Connection.java:287)
	at org.openqa.selenium.devtools.Connection.access$200(Connection.java:57)
	at org.openqa.selenium.devtools.Connection$Listener.lambda$onText$0(Connection.java:224)
	at java.base/java.util.concurrent.ThreadPoolExecutor.runWorker(ThreadPoolExecutor.java:1128)
	at java.base/java.util.concurrent.ThreadPoolExecutor$Worker.run(ThreadPoolExecutor.java:628)
	at java.base/java.lang.Thread.run(Thread.java:829)
Caused by: org.openqa.selenium.WebDriverException: {"id":2176,"error":{"code":-32602,"message":"Invalid InterceptionId."},"sessionId":"69DE6D1A85B5D627489871F60443E14A"}
Build info: version: '4.11.0', revision: '040bc5406b'
System info: os.name: 'Windows 10', os.arch: 'amd64', os.version: '10.0', java.version: '11.0.18'
Driver info: driver.version: unknown
	at org.openqa.selenium.devtools.Connection.handle(Connection.java:260)
	... 5 more

авг. 16, 2023 4:22:39 PM org.openqa.selenium.devtools.Connection$Listener lambda$onText$0
WARNING: Unable to process: {"method":"Fetch.requestPaused","params":{"requestId":"interception-job-351.0","request":{"url":"http://localhost:8080/static/media/icon_ok_m_white.5987da79.svg","method":"GET","headers":{"Accept":"image/avif,image/webp,image/apng,image/svg+xml,image/*,*/*;q=0.8","Referer":"http://localhost:8080/static/css/2.7d875902.chunk.css","User-Agent":"Mozilla/5.0 (Windows NT 10.0; Win64; x64) AppleWebKit/537.36 (KHTML, like Gecko) Chrome/116.0.0.0 Safari/537.36","sec-ch-ua":"\"Chromium\";v=\"116\", \"Not)A;Brand\";v=\"24\", \"Google Chrome\";v=\"116\"","sec-ch-ua-mobile":"?0","sec-ch-ua-platform":"\"Windows\""},"initialPriority":"Low","referrerPolicy":"strict-origin-when-cross-origin"},"frameId":"D165F02B89151667DFD1BF49856829E7","resourceType":"Image"},"sessionId":"69DE6D1A85B5D627489871F60443E14A"}
org.openqa.selenium.devtools.DevToolsException: {"id":2173,"error":{"code":-32602,"message":"Invalid InterceptionId."},"sessionId":"69DE6D1A85B5D627489871F60443E14A"}
Build info: version: '4.11.0', revision: '040bc5406b'
System info: os.name: 'Windows 10', os.arch: 'amd64', os.version: '10.0', java.version: '11.0.18'
Driver info: driver.version: unknown
	at org.openqa.selenium.devtools.Connection.sendAndWait(Connection.java:181)
	at org.openqa.selenium.devtools.DevTools.send(DevTools.java:81)
	at org.openqa.selenium.devtools.idealized.Network.lambda$prepareToInterceptTraffic$3(Network.java:211)
	at org.openqa.selenium.remote.http.Filter.lambda$andFinally$1(Filter.java:55)
	at org.openqa.selenium.devtools.idealized.Network.lambda$prepareToInterceptTraffic$4(Network.java:226)
	at org.openqa.selenium.devtools.Connection.lambda$handle$4(Connection.java:321)
	at java.base/java.util.stream.ForEachOps$ForEachOp$OfRef.accept(ForEachOps.java:183)
	at java.base/java.util.stream.ReferencePipeline$2$1.accept(ReferencePipeline.java:177)
	at java.base/java.util.stream.ReferencePipeline$11$1.accept(ReferencePipeline.java:442)
	at java.base/java.util.HashMap$KeySpliterator.forEachRemaining(HashMap.java:1621)
	at java.base/java.util.stream.AbstractPipeline.copyInto(AbstractPipeline.java:484)
	at java.base/java.util.stream.AbstractPipeline.wrapAndCopyInto(AbstractPipeline.java:474)
	at java.base/java.util.stream.ForEachOps$ForEachOp.evaluateSequential(ForEachOps.java:150)
	at java.base/java.util.stream.ForEachOps$ForEachOp$OfRef.evaluateSequential(ForEachOps.java:173)
	at java.base/java.util.stream.AbstractPipeline.evaluate(AbstractPipeline.java:234)
	at java.base/java.util.stream.ReferencePipeline.forEach(ReferencePipeline.java:497)
	at org.openqa.selenium.devtools.Connection.handle(Connection.java:287)
	at org.openqa.selenium.devtools.Connection.access$200(Connection.java:57)
	at org.openqa.selenium.devtools.Connection$Listener.lambda$onText$0(Connection.java:224)
	at java.base/java.util.concurrent.ThreadPoolExecutor.runWorker(ThreadPoolExecutor.java:1128)
	at java.base/java.util.concurrent.ThreadPoolExecutor$Worker.run(ThreadPoolExecutor.java:628)
	at java.base/java.lang.Thread.run(Thread.java:829)
Caused by: org.openqa.selenium.WebDriverException: {"id":2173,"error":{"code":-32602,"message":"Invalid InterceptionId."},"sessionId":"69DE6D1A85B5D627489871F60443E14A"}
Build info: version: '4.11.0', revision: '040bc5406b'
System info: os.name: 'Windows 10', os.arch: 'amd64', os.version: '10.0', java.version: '11.0.18'
Driver info: driver.version: unknown
	at org.openqa.selenium.devtools.Connection.handle(Connection.java:260)
	... 5 more

Exception in thread "CDP Connection" org.openqa.selenium.devtools.DevToolsException: {"id":2175,"error":{"code":-32602,"message":"Invalid InterceptionId."},"sessionId":"69DE6D1A85B5D627489871F60443E14A"}
Build info: version: '4.11.0', revision: '040bc5406b'
System info: os.name: 'Windows 10', os.arch: 'amd64', os.version: '10.0', java.version: '11.0.18'
Driver info: driver.version: unknown
	at org.openqa.selenium.devtools.Connection$Listener.lambda$onText$0(Connection.java:227)
	at java.base/java.util.concurrent.ThreadPoolExecutor.runWorker(ThreadPoolExecutor.java:1128)
	at java.base/java.util.concurrent.ThreadPoolExecutor$Worker.run(ThreadPoolExecutor.java:628)
	at java.base/java.lang.Thread.run(Thread.java:829)
Caused by: org.openqa.selenium.devtools.DevToolsException: {"id":2175,"error":{"code":-32602,"message":"Invalid InterceptionId."},"sessionId":"69DE6D1A85B5D627489871F60443E14A"}
Build info: version: '4.11.0', revision: '040bc5406b'
System info: os.name: 'Windows 10', os.arch: 'amd64', os.version: '10.0', java.version: '11.0.18'
Driver info: driver.version: unknown
	at org.openqa.selenium.devtools.Connection.sendAndWait(Connection.java:181)
	at org.openqa.selenium.devtools.DevTools.send(DevTools.java:81)
	at org.openqa.selenium.devtools.idealized.Network.lambda$prepareToInterceptTraffic$4(Network.java:194)
	at org.openqa.selenium.devtools.Connection.lambda$handle$4(Connection.java:321)
	at java.base/java.util.stream.ForEachOps$ForEachOp$OfRef.accept(ForEachOps.java:183)
	at java.base/java.util.stream.ReferencePipeline$2$1.accept(ReferencePipeline.java:177)
	at java.base/java.util.stream.ReferencePipeline$11$1.accept(ReferencePipeline.java:442)
	at java.base/java.util.HashMap$KeySpliterator.forEachRemaining(HashMap.java:1621)
	at java.base/java.util.stream.AbstractPipeline.copyInto(AbstractPipeline.java:484)
	at java.base/java.util.stream.AbstractPipeline.wrapAndCopyInto(AbstractPipeline.java:474)
	at java.base/java.util.stream.ForEachOps$ForEachOp.evaluateSequential(ForEachOps.java:150)
	at java.base/java.util.stream.ForEachOps$ForEachOp$OfRef.evaluateSequential(ForEachOps.java:173)
	at java.base/java.util.stream.AbstractPipeline.evaluate(AbstractPipeline.java:234)
	at java.base/java.util.stream.ReferencePipeline.forEach(ReferencePipeline.java:497)
	at org.openqa.selenium.devtools.Connection.handle(Connection.java:287)
	at org.openqa.selenium.devtools.Connection.access$200(Connection.java:57)
	at org.openqa.selenium.devtools.Connection$Listener.lambda$onText$0(Connection.java:224)
	... 3 more
Caused by: org.openqa.selenium.WebDriverException: {"id":2175,"error":{"code":-32602,"message":"Invalid InterceptionId."},"sessionId":"69DE6D1A85B5D627489871F60443E14A"}
Build info: version: '4.11.0', revision: '040bc5406b'
System info: os.name: 'Windows 10', os.arch: 'amd64', os.version: '10.0', java.version: '11.0.18'
Driver info: driver.version: unknown
	at org.openqa.selenium.devtools.Connection.handle(Connection.java:260)
	... 5 more
Exception in thread "CDP Connection" org.openqa.selenium.devtools.DevToolsException: {"id":2176,"error":{"code":-32602,"message":"Invalid InterceptionId."},"sessionId":"69DE6D1A85B5D627489871F60443E14A"}
Build info: version: '4.11.0', revision: '040bc5406b'
System info: os.name: 'Windows 10', os.arch: 'amd64', os.version: '10.0', java.version: '11.0.18'
Driver info: driver.version: unknown
	at org.openqa.selenium.devtools.Connection$Listener.lambda$onText$0(Connection.java:227)
	at java.base/java.util.concurrent.ThreadPoolExecutor.runWorker(ThreadPoolExecutor.java:1128)
	at java.base/java.util.concurrent.ThreadPoolExecutor$Worker.run(ThreadPoolExecutor.java:628)
	at java.base/java.lang.Thread.run(Thread.java:829)
Caused by: org.openqa.selenium.devtools.DevToolsException: {"id":2176,"error":{"code":-32602,"message":"Invalid InterceptionId."},"sessionId":"69DE6D1A85B5D627489871F60443E14A"}
Build info: version: '4.11.0', revision: '040bc5406b'
System info: os.name: 'Windows 10', os.arch: 'amd64', os.version: '10.0', java.version: '11.0.18'
Driver info: driver.version: unknown
	at org.openqa.selenium.devtools.Connection.sendAndWait(Connection.java:181)
	at org.openqa.selenium.devtools.DevTools.send(DevTools.java:81)
	at org.openqa.selenium.devtools.idealized.Network.lambda$prepareToInterceptTraffic$3(Network.java:211)
	at org.openqa.selenium.remote.http.Filter.lambda$andFinally$1(Filter.java:55)
	at org.openqa.selenium.devtools.idealized.Network.lambda$prepareToInterceptTraffic$4(Network.java:226)
	at org.openqa.selenium.devtools.Connection.lambda$handle$4(Connection.java:321)
	at java.base/java.util.stream.ForEachOps$ForEachOp$OfRef.accept(ForEachOps.java:183)
	at java.base/java.util.stream.ReferencePipeline$2$1.accept(ReferencePipeline.java:177)
	at java.base/java.util.stream.ReferencePipeline$11$1.accept(ReferencePipeline.java:442)
	at java.base/java.util.HashMap$KeySpliterator.forEachRemaining(HashMap.java:1621)
	at java.base/java.util.stream.AbstractPipeline.copyInto(AbstractPipeline.java:484)
	at java.base/java.util.stream.AbstractPipeline.wrapAndCopyInto(AbstractPipeline.java:474)
	at java.base/java.util.stream.ForEachOps$ForEachOp.evaluateSequential(ForEachOps.java:150)
	at java.base/java.util.stream.ForEachOps$ForEachOp$OfRef.evaluateSequential(ForEachOps.java:173)
	at java.base/java.util.stream.AbstractPipeline.evaluate(AbstractPipeline.java:234)
	at java.base/java.util.stream.ReferencePipeline.forEach(ReferencePipeline.java:497)
	at org.openqa.selenium.devtools.Connection.handle(Connection.java:287)
	at org.openqa.selenium.devtools.Connection.access$200(Connection.java:57)
	at org.openqa.selenium.devtools.Connection$Listener.lambda$onText$0(Connection.java:224)
	... 3 more
Caused by: org.openqa.selenium.WebDriverException: {"id":2176,"error":{"code":-32602,"message":"Invalid InterceptionId."},"sessionId":"69DE6D1A85B5D627489871F60443E14A"}
Build info: version: '4.11.0', revision: '040bc5406b'
System info: os.name: 'Windows 10', os.arch: 'amd64', os.version: '10.0', java.version: '11.0.18'
Driver info: driver.version: unknown
	at org.openqa.selenium.devtools.Connection.handle(Connection.java:260)
	... 5 more
Exception in thread "CDP Connection" org.openqa.selenium.devtools.DevToolsException: {"id":2173,"error":{"code":-32602,"message":"Invalid InterceptionId."},"sessionId":"69DE6D1A85B5D627489871F60443E14A"}
Build info: version: '4.11.0', revision: '040bc5406b'
System info: os.name: 'Windows 10', os.arch: 'amd64', os.version: '10.0', java.version: '11.0.18'
Driver info: driver.version: unknown
	at org.openqa.selenium.devtools.Connection$Listener.lambda$onText$0(Connection.java:227)
	at java.base/java.util.concurrent.ThreadPoolExecutor.runWorker(ThreadPoolExecutor.java:1128)
	at java.base/java.util.concurrent.ThreadPoolExecutor$Worker.run(ThreadPoolExecutor.java:628)
	at java.base/java.lang.Thread.run(Thread.java:829)
Caused by: org.openqa.selenium.devtools.DevToolsException: {"id":2173,"error":{"code":-32602,"message":"Invalid InterceptionId."},"sessionId":"69DE6D1A85B5D627489871F60443E14A"}
Build info: version: '4.11.0', revision: '040bc5406b'
System info: os.name: 'Windows 10', os.arch: 'amd64', os.version: '10.0', java.version: '11.0.18'
Driver info: driver.version: unknown
	at org.openqa.selenium.devtools.Connection.sendAndWait(Connection.java:181)
	at org.openqa.selenium.devtools.DevTools.send(DevTools.java:81)
	at org.openqa.selenium.devtools.idealized.Network.lambda$prepareToInterceptTraffic$3(Network.java:211)
	at org.openqa.selenium.remote.http.Filter.lambda$andFinally$1(Filter.java:55)
	at org.openqa.selenium.devtools.idealized.Network.lambda$prepareToInterceptTraffic$4(Network.java:226)
	at org.openqa.selenium.devtools.Connection.lambda$handle$4(Connection.java:321)
	at java.base/java.util.stream.ForEachOps$ForEachOp$OfRef.accept(ForEachOps.java:183)
	at java.base/java.util.stream.ReferencePipeline$2$1.accept(ReferencePipeline.java:177)
	at java.base/java.util.stream.ReferencePipeline$11$1.accept(ReferencePipeline.java:442)
	at java.base/java.util.HashMap$KeySpliterator.forEachRemaining(HashMap.java:1621)
	at java.base/java.util.stream.AbstractPipeline.copyInto(AbstractPipeline.java:484)
	at java.base/java.util.stream.AbstractPipeline.wrapAndCopyInto(AbstractPipeline.java:474)
	at java.base/java.util.stream.ForEachOps$ForEachOp.evaluateSequential(ForEachOps.java:150)
	at java.base/java.util.stream.ForEachOps$ForEachOp$OfRef.evaluateSequential(ForEachOps.java:173)
	at java.base/java.util.stream.AbstractPipeline.evaluate(AbstractPipeline.java:234)
	at java.base/java.util.stream.ReferencePipeline.forEach(ReferencePipeline.java:497)
	at org.openqa.selenium.devtools.Connection.handle(Connection.java:287)
	at org.openqa.selenium.devtools.Connection.access$200(Connection.java:57)
	at org.openqa.selenium.devtools.Connection$Listener.lambda$onText$0(Connection.java:224)
	... 3 more
Caused by: org.openqa.selenium.WebDriverException: {"id":2173,"error":{"code":-32602,"message":"Invalid InterceptionId."},"sessionId":"69DE6D1A85B5D627489871F60443E14A"}
Build info: version: '4.11.0', revision: '040bc5406b'
System info: os.name: 'Windows 10', os.arch: 'amd64', os.version: '10.0', java.version: '11.0.18'
Driver info: driver.version: unknown
	at org.openqa.selenium.devtools.Connection.handle(Connection.java:260)
	... 5 more
авг. 16, 2023 4:22:48 PM org.openqa.selenium.devtools.Connection$Listener lambda$onText$0
WARNING: Unable to process: {"method":"Fetch.requestPaused","params":{"requestId":"interception-job-354.0","request":{"url":"http://localhost:8080/api/v1/credit","method":"POST","headers":{"Accept":"*/*","Content-Type":"application/json","Origin":"http://localhost:8080","Referer":"http://localhost:8080/","User-Agent":"Mozilla/5.0 (Windows NT 10.0; Win64; x64) AppleWebKit/537.36 (KHTML, like Gecko) Chrome/116.0.0.0 Safari/537.36","sec-ch-ua":"\"Chromium\";v=\"116\", \"Not)A;Brand\";v=\"24\", \"Google Chrome\";v=\"116\"","sec-ch-ua-mobile":"?0","sec-ch-ua-platform":"\"Windows\""},"postData":"{\"number\":\"4444 4444 4444 4442\",\"year\":\"24\",\"month\":\"11\",\"holder\":\"Ivan Vasilev\",\"cvc\":\"777\"}","hasPostData":true,"postDataEntries":[{"bytes":"eyJudW1iZXIiOiI0NDQ0IDQ0NDQgNDQ0NCA0NDQyIiwieWVhciI6IjI0IiwibW9udGgiOiIxMSIsImhvbGRlciI6Ikl2YW4gVmFzaWxldiIsImN2YyI6Ijc3NyJ9"}],"initialPriority":"High","referrerPolicy":"unsafe-url"},"frameId":"D165F02B89151667DFD1BF49856829E7","resourceType":"XHR","responseStatusCode":200,"responseStatusText":"","responseHeaders":[{"name":"Vary","value":"Origin"},{"name":"Vary","value":"Access-Control-Request-Method"},{"name":"Vary","value":"Access-Control-Request-Headers"},{"name":"Content-Type","value":"application/json"},{"name":"Transfer-Encoding","value":"chunked"},{"name":"Date","value":"Wed, 16 Aug 2023 13:22:48 GMT"}]},"sessionId":"69DE6D1A85B5D627489871F60443E14A"}
org.openqa.selenium.devtools.DevToolsException: {"id":2181,"error":{"code":-32602,"message":"Invalid InterceptionId."},"sessionId":"69DE6D1A85B5D627489871F60443E14A"}
Build info: version: '4.11.0', revision: '040bc5406b'
System info: os.name: 'Windows 10', os.arch: 'amd64', os.version: '10.0', java.version: '11.0.18'
Driver info: driver.version: unknown
	at org.openqa.selenium.devtools.Connection.sendAndWait(Connection.java:181)
	at org.openqa.selenium.devtools.DevTools.send(DevTools.java:81)
	at org.openqa.selenium.devtools.idealized.Network.lambda$prepareToInterceptTraffic$4(Network.java:194)
	at org.openqa.selenium.devtools.Connection.lambda$handle$4(Connection.java:321)
	at java.base/java.util.stream.ForEachOps$ForEachOp$OfRef.accept(ForEachOps.java:183)
	at java.base/java.util.stream.ReferencePipeline$2$1.accept(ReferencePipeline.java:177)
	at java.base/java.util.stream.ReferencePipeline$11$1.accept(ReferencePipeline.java:442)
	at java.base/java.util.HashMap$KeySpliterator.forEachRemaining(HashMap.java:1621)
	at java.base/java.util.stream.AbstractPipeline.copyInto(AbstractPipeline.java:484)
	at java.base/java.util.stream.AbstractPipeline.wrapAndCopyInto(AbstractPipeline.java:474)
	at java.base/java.util.stream.ForEachOps$ForEachOp.evaluateSequential(ForEachOps.java:150)
	at java.base/java.util.stream.ForEachOps$ForEachOp$OfRef.evaluateSequential(ForEachOps.java:173)
	at java.base/java.util.stream.AbstractPipeline.evaluate(AbstractPipeline.java:234)
	at java.base/java.util.stream.ReferencePipeline.forEach(ReferencePipeline.java:497)
	at org.openqa.selenium.devtools.Connection.handle(Connection.java:287)
	at org.openqa.selenium.devtools.Connection.access$200(Connection.java:57)
	at org.openqa.selenium.devtools.Connection$Listener.lambda$onText$0(Connection.java:224)
	at java.base/java.util.concurrent.ThreadPoolExecutor.runWorker(ThreadPoolExecutor.java:1128)
	at java.base/java.util.concurrent.ThreadPoolExecutor$Worker.run(ThreadPoolExecutor.java:628)
	at java.base/java.lang.Thread.run(Thread.java:829)
Caused by: org.openqa.selenium.WebDriverException: {"id":2181,"error":{"code":-32602,"message":"Invalid InterceptionId."},"sessionId":"69DE6D1A85B5D627489871F60443E14A"}
Build info: version: '4.11.0', revision: '040bc5406b'
System info: os.name: 'Windows 10', os.arch: 'amd64', os.version: '10.0', java.version: '11.0.18'
Driver info: driver.version: unknown
	at org.openqa.selenium.devtools.Connection.handle(Connection.java:260)
	... 5 more

Exception in thread "CDP Connection" org.openqa.selenium.devtools.DevToolsException: {"id":2181,"error":{"code":-32602,"message":"Invalid InterceptionId."},"sessionId":"69DE6D1A85B5D627489871F60443E14A"}
Build info: version: '4.11.0', revision: '040bc5406b'
System info: os.name: 'Windows 10', os.arch: 'amd64', os.version: '10.0', java.version: '11.0.18'
Driver info: driver.version: unknown
	at org.openqa.selenium.devtools.Connection$Listener.lambda$onText$0(Connection.java:227)
	at java.base/java.util.concurrent.ThreadPoolExecutor.runWorker(ThreadPoolExecutor.java:1128)
	at java.base/java.util.concurrent.ThreadPoolExecutor$Worker.run(ThreadPoolExecutor.java:628)
	at java.base/java.lang.Thread.run(Thread.java:829)
Caused by: org.openqa.selenium.devtools.DevToolsException: {"id":2181,"error":{"code":-32602,"message":"Invalid InterceptionId."},"sessionId":"69DE6D1A85B5D627489871F60443E14A"}
Build info: version: '4.11.0', revision: '040bc5406b'
System info: os.name: 'Windows 10', os.arch: 'amd64', os.version: '10.0', java.version: '11.0.18'
Driver info: driver.version: unknown
	at org.openqa.selenium.devtools.Connection.sendAndWait(Connection.java:181)
	at org.openqa.selenium.devtools.DevTools.send(DevTools.java:81)
	at org.openqa.selenium.devtools.idealized.Network.lambda$prepareToInterceptTraffic$4(Network.java:194)
	at org.openqa.selenium.devtools.Connection.lambda$handle$4(Connection.java:321)
	at java.base/java.util.stream.ForEachOps$ForEachOp$OfRef.accept(ForEachOps.java:183)
	at java.base/java.util.stream.ReferencePipeline$2$1.accept(ReferencePipeline.java:177)
	at java.base/java.util.stream.ReferencePipeline$11$1.accept(ReferencePipeline.java:442)
	at java.base/java.util.HashMap$KeySpliterator.forEachRemaining(HashMap.java:1621)
	at java.base/java.util.stream.AbstractPipeline.copyInto(AbstractPipeline.java:484)
	at java.base/java.util.stream.AbstractPipeline.wrapAndCopyInto(AbstractPipeline.java:474)
	at java.base/java.util.stream.ForEachOps$ForEachOp.evaluateSequential(ForEachOps.java:150)
	at java.base/java.util.stream.ForEachOps$ForEachOp$OfRef.evaluateSequential(ForEachOps.java:173)
	at java.base/java.util.stream.AbstractPipeline.evaluate(AbstractPipeline.java:234)
	at java.base/java.util.stream.ReferencePipeline.forEach(ReferencePipeline.java:497)
	at org.openqa.selenium.devtools.Connection.handle(Connection.java:287)
	at org.openqa.selenium.devtools.Connection.access$200(Connection.java:57)
	at org.openqa.selenium.devtools.Connection$Listener.lambda$onText$0(Connection.java:224)
	... 3 more
Caused by: org.openqa.selenium.WebDriverException: {"id":2181,"error":{"code":-32602,"message":"Invalid InterceptionId."},"sessionId":"69DE6D1A85B5D627489871F60443E14A"}
Build info: version: '4.11.0', revision: '040bc5406b'
System info: os.name: 'Windows 10', os.arch: 'amd64', os.version: '10.0', java.version: '11.0.18'
Driver info: driver.version: unknown
	at org.openqa.selenium.devtools.Connection.handle(Connection.java:260)
	... 5 more
авг. 16, 2023 4:22:48 PM org.openqa.selenium.devtools.Connection$Listener lambda$onText$0
WARNING: Unable to process: {"method":"Fetch.requestPaused","params":{"requestId":"interception-job-354.0","request":{"url":"http://localhost:8080/api/v1/credit","method":"POST","headers":{"Accept":"*/*","Content-Type":"application/json","Origin":"http://localhost:8080","Referer":"http://localhost:8080/","User-Agent":"Mozilla/5.0 (Windows NT 10.0; Win64; x64) AppleWebKit/537.36 (KHTML, like Gecko) Chrome/116.0.0.0 Safari/537.36","sec-ch-ua":"\"Chromium\";v=\"116\", \"Not)A;Brand\";v=\"24\", \"Google Chrome\";v=\"116\"","sec-ch-ua-mobile":"?0","sec-ch-ua-platform":"\"Windows\""},"postData":"{\"number\":\"4444 4444 4444 4442\",\"year\":\"24\",\"month\":\"11\",\"holder\":\"Ivan Vasilev\",\"cvc\":\"777\"}","hasPostData":true,"postDataEntries":[{"bytes":"eyJudW1iZXIiOiI0NDQ0IDQ0NDQgNDQ0NCA0NDQyIiwieWVhciI6IjI0IiwibW9udGgiOiIxMSIsImhvbGRlciI6Ikl2YW4gVmFzaWxldiIsImN2YyI6Ijc3NyJ9"}],"initialPriority":"High","referrerPolicy":"strict-origin-when-cross-origin"},"frameId":"D165F02B89151667DFD1BF49856829E7","resourceType":"XHR"},"sessionId":"69DE6D1A85B5D627489871F60443E14A"}
org.openqa.selenium.devtools.DevToolsException: {"id":2182,"error":{"code":-32602,"message":"Invalid InterceptionId."},"sessionId":"69DE6D1A85B5D627489871F60443E14A"}
Build info: version: '4.11.0', revision: '040bc5406b'
System info: os.name: 'Windows 10', os.arch: 'amd64', os.version: '10.0', java.version: '11.0.18'
Driver info: driver.version: unknown
	at org.openqa.selenium.devtools.Connection.sendAndWait(Connection.java:181)
	at org.openqa.selenium.devtools.DevTools.send(DevTools.java:81)
	at org.openqa.selenium.devtools.idealized.Network.lambda$prepareToInterceptTraffic$3(Network.java:211)
	at org.openqa.selenium.remote.http.Filter.lambda$andFinally$1(Filter.java:55)
	at org.openqa.selenium.devtools.idealized.Network.lambda$prepareToInterceptTraffic$4(Network.java:226)
	at org.openqa.selenium.devtools.Connection.lambda$handle$4(Connection.java:321)
	at java.base/java.util.stream.ForEachOps$ForEachOp$OfRef.accept(ForEachOps.java:183)
	at java.base/java.util.stream.ReferencePipeline$2$1.accept(ReferencePipeline.java:177)
	at java.base/java.util.stream.ReferencePipeline$11$1.accept(ReferencePipeline.java:442)
	at java.base/java.util.HashMap$KeySpliterator.forEachRemaining(HashMap.java:1621)
	at java.base/java.util.stream.AbstractPipeline.copyInto(AbstractPipeline.java:484)
	at java.base/java.util.stream.AbstractPipeline.wrapAndCopyInto(AbstractPipeline.java:474)
	at java.base/java.util.stream.ForEachOps$ForEachOp.evaluateSequential(ForEachOps.java:150)
	at java.base/java.util.stream.ForEachOps$ForEachOp$OfRef.evaluateSequential(ForEachOps.java:173)
	at java.base/java.util.stream.AbstractPipeline.evaluate(AbstractPipeline.java:234)
	at java.base/java.util.stream.ReferencePipeline.forEach(ReferencePipeline.java:497)
	at org.openqa.selenium.devtools.Connection.handle(Connection.java:287)
	at org.openqa.selenium.devtools.Connection.access$200(Connection.java:57)
	at org.openqa.selenium.devtools.Connection$Listener.lambda$onText$0(Connection.java:224)
	at java.base/java.util.concurrent.ThreadPoolExecutor.runWorker(ThreadPoolExecutor.java:1128)
	at java.base/java.util.concurrent.ThreadPoolExecutor$Worker.run(ThreadPoolExecutor.java:628)
	at java.base/java.lang.Thread.run(Thread.java:829)
Caused by: org.openqa.selenium.WebDriverException: {"id":2182,"error":{"code":-32602,"message":"Invalid InterceptionId."},"sessionId":"69DE6D1A85B5D627489871F60443E14A"}
Build info: version: '4.11.0', revision: '040bc5406b'
System info: os.name: 'Windows 10', os.arch: 'amd64', os.version: '10.0', java.version: '11.0.18'
Driver info: driver.version: unknown
	at org.openqa.selenium.devtools.Connection.handle(Connection.java:260)
	... 5 more

Exception in thread "CDP Connection" org.openqa.selenium.devtools.DevToolsException: {"id":2182,"error":{"code":-32602,"message":"Invalid InterceptionId."},"sessionId":"69DE6D1A85B5D627489871F60443E14A"}
Build info: version: '4.11.0', revision: '040bc5406b'
System info: os.name: 'Windows 10', os.arch: 'amd64', os.version: '10.0', java.version: '11.0.18'
Driver info: driver.version: unknown
	at org.openqa.selenium.devtools.Connection$Listener.lambda$onText$0(Connection.java:227)
	at java.base/java.util.concurrent.ThreadPoolExecutor.runWorker(ThreadPoolExecutor.java:1128)
	at java.base/java.util.concurrent.ThreadPoolExecutor$Worker.run(ThreadPoolExecutor.java:628)
	at java.base/java.lang.Thread.run(Thread.java:829)
Caused by: org.openqa.selenium.devtools.DevToolsException: {"id":2182,"error":{"code":-32602,"message":"Invalid InterceptionId."},"sessionId":"69DE6D1A85B5D627489871F60443E14A"}
Build info: version: '4.11.0', revision: '040bc5406b'
System info: os.name: 'Windows 10', os.arch: 'amd64', os.version: '10.0', java.version: '11.0.18'
Driver info: driver.version: unknown
	at org.openqa.selenium.devtools.Connection.sendAndWait(Connection.java:181)
	at org.openqa.selenium.devtools.DevTools.send(DevTools.java:81)
	at org.openqa.selenium.devtools.idealized.Network.lambda$prepareToInterceptTraffic$3(Network.java:211)
	at org.openqa.selenium.remote.http.Filter.lambda$andFinally$1(Filter.java:55)
	at org.openqa.selenium.devtools.idealized.Network.lambda$prepareToInterceptTraffic$4(Network.java:226)
	at org.openqa.selenium.devtools.Connection.lambda$handle$4(Connection.java:321)
	at java.base/java.util.stream.ForEachOps$ForEachOp$OfRef.accept(ForEachOps.java:183)
	at java.base/java.util.stream.ReferencePipeline$2$1.accept(ReferencePipeline.java:177)
	at java.base/java.util.stream.ReferencePipeline$11$1.accept(ReferencePipeline.java:442)
	at java.base/java.util.HashMap$KeySpliterator.forEachRemaining(HashMap.java:1621)
	at java.base/java.util.stream.AbstractPipeline.copyInto(AbstractPipeline.java:484)
	at java.base/java.util.stream.AbstractPipeline.wrapAndCopyInto(AbstractPipeline.java:474)
	at java.base/java.util.stream.ForEachOps$ForEachOp.evaluateSequential(ForEachOps.java:150)
	at java.base/java.util.stream.ForEachOps$ForEachOp$OfRef.evaluateSequential(ForEachOps.java:173)
	at java.base/java.util.stream.AbstractPipeline.evaluate(AbstractPipeline.java:234)
	at java.base/java.util.stream.ReferencePipeline.forEach(ReferencePipeline.java:497)
	at org.openqa.selenium.devtools.Connection.handle(Connection.java:287)
	at org.openqa.selenium.devtools.Connection.access$200(Connection.java:57)
	at org.openqa.selenium.devtools.Connection$Listener.lambda$onText$0(Connection.java:224)
	... 3 more
Caused by: org.openqa.selenium.WebDriverException: {"id":2182,"error":{"code":-32602,"message":"Invalid InterceptionId."},"sessionId":"69DE6D1A85B5D627489871F60443E14A"}
Build info: version: '4.11.0', revision: '040bc5406b'
System info: os.name: 'Windows 10', os.arch: 'amd64', os.version: '10.0', java.version: '11.0.18'
Driver info: driver.version: unknown
	at org.openqa.selenium.devtools.Connection.handle(Connection.java:260)
	... 5 more
авг. 16, 2023 4:22:56 PM org.openqa.selenium.devtools.Connection$Listener lambda$onText$0
WARNING: Unable to process: {"method":"Fetch.requestPaused","params":{"requestId":"interception-job-355.0","request":{"url":"http://localhost:8080/","method":"GET","headers":{"Accept":"text/html,application/xhtml+xml,application/xml;q=0.9,image/avif,image/webp,image/apng,*/*;q=0.8,application/signed-exchange;v=b3;q=0.7","Upgrade-Insecure-Requests":"1","User-Agent":"Mozilla/5.0 (Windows NT 10.0; Win64; x64) AppleWebKit/537.36 (KHTML, like Gecko) Chrome/116.0.0.0 Safari/537.36","sec-ch-ua":"\"Chromium\";v=\"116\", \"Not)A;Brand\";v=\"24\", \"Google Chrome\";v=\"116\"","sec-ch-ua-mobile":"?0","sec-ch-ua-platform":"\"Windows\""},"initialPriority":"VeryHigh","referrerPolicy":"strict-origin-when-cross-origin"},"frameId":"D165F02B89151667DFD1BF49856829E7","resourceType":"Document","responseStatusCode":200,"responseStatusText":"","responseHeaders":[{"name":"Vary","value":"Origin"},{"name":"Vary","value":"Access-Control-Request-Method"},{"name":"Vary","value":"Access-Control-Request-Headers"},{"name":"Last-Modified","value":"Thu, 03 Aug 2023 10:18:16 GMT"},{"name":"Date","value":"Wed, 16 Aug 2023 13:22:56 GMT"},{"name":"Accept-Ranges","value":"bytes"},{"name":"Content-Type","value":"text/html"},{"name":"Content-Language","value":"ru-RU"},{"name":"Content-Length","value":"2308"}]},"sessionId":"69DE6D1A85B5D627489871F60443E14A"}
org.openqa.selenium.devtools.DevToolsException: {"id":2189,"error":{"code":-32602,"message":"Invalid InterceptionId."},"sessionId":"69DE6D1A85B5D627489871F60443E14A"}
Build info: version: '4.11.0', revision: '040bc5406b'
System info: os.name: 'Windows 10', os.arch: 'amd64', os.version: '10.0', java.version: '11.0.18'
Driver info: driver.version: unknown
	at org.openqa.selenium.devtools.Connection.sendAndWait(Connection.java:181)
	at org.openqa.selenium.devtools.DevTools.send(DevTools.java:81)
	at org.openqa.selenium.devtools.idealized.Network.lambda$prepareToInterceptTraffic$4(Network.java:194)
	at org.openqa.selenium.devtools.Connection.lambda$handle$4(Connection.java:321)
	at java.base/java.util.stream.ForEachOps$ForEachOp$OfRef.accept(ForEachOps.java:183)
	at java.base/java.util.stream.ReferencePipeline$2$1.accept(ReferencePipeline.java:177)
	at java.base/java.util.stream.ReferencePipeline$11$1.accept(ReferencePipeline.java:442)
	at java.base/java.util.HashMap$KeySpliterator.forEachRemaining(HashMap.java:1621)
	at java.base/java.util.stream.AbstractPipeline.copyInto(AbstractPipeline.java:484)
	at java.base/java.util.stream.AbstractPipeline.wrapAndCopyInto(AbstractPipeline.java:474)
	at java.base/java.util.stream.ForEachOps$ForEachOp.evaluateSequential(ForEachOps.java:150)
	at java.base/java.util.stream.ForEachOps$ForEachOp$OfRef.evaluateSequential(ForEachOps.java:173)
	at java.base/java.util.stream.AbstractPipeline.evaluate(AbstractPipeline.java:234)
	at java.base/java.util.stream.ReferencePipeline.forEach(ReferencePipeline.java:497)
	at org.openqa.selenium.devtools.Connection.handle(Connection.java:287)
	at org.openqa.selenium.devtools.Connection.access$200(Connection.java:57)
	at org.openqa.selenium.devtools.Connection$Listener.lambda$onText$0(Connection.java:224)
	at java.base/java.util.concurrent.ThreadPoolExecutor.runWorker(ThreadPoolExecutor.java:1128)
	at java.base/java.util.concurrent.ThreadPoolExecutor$Worker.run(ThreadPoolExecutor.java:628)
	at java.base/java.lang.Thread.run(Thread.java:829)
Caused by: org.openqa.selenium.WebDriverException: {"id":2189,"error":{"code":-32602,"message":"Invalid InterceptionId."},"sessionId":"69DE6D1A85B5D627489871F60443E14A"}
Build info: version: '4.11.0', revision: '040bc5406b'
System info: os.name: 'Windows 10', os.arch: 'amd64', os.version: '10.0', java.version: '11.0.18'
Driver info: driver.version: unknown
	at org.openqa.selenium.devtools.Connection.handle(Connection.java:260)
	... 5 more

Exception in thread "CDP Connection" org.openqa.selenium.devtools.DevToolsException: {"id":2189,"error":{"code":-32602,"message":"Invalid InterceptionId."},"sessionId":"69DE6D1A85B5D627489871F60443E14A"}
Build info: version: '4.11.0', revision: '040bc5406b'
System info: os.name: 'Windows 10', os.arch: 'amd64', os.version: '10.0', java.version: '11.0.18'
Driver info: driver.version: unknown
	at org.openqa.selenium.devtools.Connection$Listener.lambda$onText$0(Connection.java:227)
	at java.base/java.util.concurrent.ThreadPoolExecutor.runWorker(ThreadPoolExecutor.java:1128)
	at java.base/java.util.concurrent.ThreadPoolExecutor$Worker.run(ThreadPoolExecutor.java:628)
	at java.base/java.lang.Thread.run(Thread.java:829)
Caused by: org.openqa.selenium.devtools.DevToolsException: {"id":2189,"error":{"code":-32602,"message":"Invalid InterceptionId."},"sessionId":"69DE6D1A85B5D627489871F60443E14A"}
Build info: version: '4.11.0', revision: '040bc5406b'
System info: os.name: 'Windows 10', os.arch: 'amd64', os.version: '10.0', java.version: '11.0.18'
Driver info: driver.version: unknown
	at org.openqa.selenium.devtools.Connection.sendAndWait(Connection.java:181)
	at org.openqa.selenium.devtools.DevTools.send(DevTools.java:81)
	at org.openqa.selenium.devtools.idealized.Network.lambda$prepareToInterceptTraffic$4(Network.java:194)
	at org.openqa.selenium.devtools.Connection.lambda$handle$4(Connection.java:321)
	at java.base/java.util.stream.ForEachOps$ForEachOp$OfRef.accept(ForEachOps.java:183)
	at java.base/java.util.stream.ReferencePipeline$2$1.accept(ReferencePipeline.java:177)
	at java.base/java.util.stream.ReferencePipeline$11$1.accept(ReferencePipeline.java:442)
	at java.base/java.util.HashMap$KeySpliterator.forEachRemaining(HashMap.java:1621)
	at java.base/java.util.stream.AbstractPipeline.copyInto(AbstractPipeline.java:484)
	at java.base/java.util.stream.AbstractPipeline.wrapAndCopyInto(AbstractPipeline.java:474)
	at java.base/java.util.stream.ForEachOps$ForEachOp.evaluateSequential(ForEachOps.java:150)
	at java.base/java.util.stream.ForEachOps$ForEachOp$OfRef.evaluateSequential(ForEachOps.java:173)
	at java.base/java.util.stream.AbstractPipeline.evaluate(AbstractPipeline.java:234)
	at java.base/java.util.stream.ReferencePipeline.forEach(ReferencePipeline.java:497)
	at org.openqa.selenium.devtools.Connection.handle(Connection.java:287)
	at org.openqa.selenium.devtools.Connection.access$200(Connection.java:57)
	at org.openqa.selenium.devtools.Connection$Listener.lambda$onText$0(Connection.java:224)
	... 3 more
Caused by: org.openqa.selenium.WebDriverException: {"id":2189,"error":{"code":-32602,"message":"Invalid InterceptionId."},"sessionId":"69DE6D1A85B5D627489871F60443E14A"}
Build info: version: '4.11.0', revision: '040bc5406b'
System info: os.name: 'Windows 10', os.arch: 'amd64', os.version: '10.0', java.version: '11.0.18'
Driver info: driver.version: unknown
	at org.openqa.selenium.devtools.Connection.handle(Connection.java:260)
	... 5 more
авг. 16, 2023 4:22:56 PM org.openqa.selenium.devtools.Connection$Listener lambda$onText$0
WARNING: Unable to process: {"method":"Fetch.requestPaused","params":{"requestId":"interception-job-355.0","request":{"url":"http://localhost:8080/","method":"GET","headers":{"Accept":"text/html,application/xhtml+xml,application/xml;q=0.9,image/avif,image/webp,image/apng,*/*;q=0.8,application/signed-exchange;v=b3;q=0.7","Upgrade-Insecure-Requests":"1","User-Agent":"Mozilla/5.0 (Windows NT 10.0; Win64; x64) AppleWebKit/537.36 (KHTML, like Gecko) Chrome/116.0.0.0 Safari/537.36","sec-ch-ua":"\"Chromium\";v=\"116\", \"Not)A;Brand\";v=\"24\", \"Google Chrome\";v=\"116\"","sec-ch-ua-mobile":"?0","sec-ch-ua-platform":"\"Windows\""},"initialPriority":"VeryHigh","referrerPolicy":"strict-origin-when-cross-origin"},"frameId":"D165F02B89151667DFD1BF49856829E7","resourceType":"Document"},"sessionId":"69DE6D1A85B5D627489871F60443E14A"}
org.openqa.selenium.devtools.DevToolsException: {"id":2190,"error":{"code":-32602,"message":"Invalid InterceptionId."},"sessionId":"69DE6D1A85B5D627489871F60443E14A"}
Build info: version: '4.11.0', revision: '040bc5406b'
System info: os.name: 'Windows 10', os.arch: 'amd64', os.version: '10.0', java.version: '11.0.18'
Driver info: driver.version: unknown
	at org.openqa.selenium.devtools.Connection.sendAndWait(Connection.java:181)
	at org.openqa.selenium.devtools.DevTools.send(DevTools.java:81)
	at org.openqa.selenium.devtools.idealized.Network.lambda$prepareToInterceptTraffic$3(Network.java:211)
	at org.openqa.selenium.remote.http.Filter.lambda$andFinally$1(Filter.java:55)
	at org.openqa.selenium.devtools.idealized.Network.lambda$prepareToInterceptTraffic$4(Network.java:226)
	at org.openqa.selenium.devtools.Connection.lambda$handle$4(Connection.java:321)
	at java.base/java.util.stream.ForEachOps$ForEachOp$OfRef.accept(ForEachOps.java:183)
	at java.base/java.util.stream.ReferencePipeline$2$1.accept(ReferencePipeline.java:177)
	at java.base/java.util.stream.ReferencePipeline$11$1.accept(ReferencePipeline.java:442)
	at java.base/java.util.HashMap$KeySpliterator.forEachRemaining(HashMap.java:1621)
	at java.base/java.util.stream.AbstractPipeline.copyInto(AbstractPipeline.java:484)
	at java.base/java.util.stream.AbstractPipeline.wrapAndCopyInto(AbstractPipeline.java:474)
	at java.base/java.util.stream.ForEachOps$ForEachOp.evaluateSequential(ForEachOps.java:150)
	at java.base/java.util.stream.ForEachOps$ForEachOp$OfRef.evaluateSequential(ForEachOps.java:173)
	at java.base/java.util.stream.AbstractPipeline.evaluate(AbstractPipeline.java:234)
	at java.base/java.util.stream.ReferencePipeline.forEach(ReferencePipeline.java:497)
	at org.openqa.selenium.devtools.Connection.handle(Connection.java:287)
	at org.openqa.selenium.devtools.Connection.access$200(Connection.java:57)
	at org.openqa.selenium.devtools.Connection$Listener.lambda$onText$0(Connection.java:224)
	at java.base/java.util.concurrent.ThreadPoolExecutor.runWorker(ThreadPoolExecutor.java:1128)
	at java.base/java.util.concurrent.ThreadPoolExecutor$Worker.run(ThreadPoolExecutor.java:628)
	at java.base/java.lang.Thread.run(Thread.java:829)
Caused by: org.openqa.selenium.WebDriverException: {"id":2190,"error":{"code":-32602,"message":"Invalid InterceptionId."},"sessionId":"69DE6D1A85B5D627489871F60443E14A"}
Build info: version: '4.11.0', revision: '040bc5406b'
System info: os.name: 'Windows 10', os.arch: 'amd64', os.version: '10.0', java.version: '11.0.18'
Driver info: driver.version: unknown
	at org.openqa.selenium.devtools.Connection.handle(Connection.java:260)
	... 5 more

Exception in thread "CDP Connection" org.openqa.selenium.devtools.DevToolsException: {"id":2190,"error":{"code":-32602,"message":"Invalid InterceptionId."},"sessionId":"69DE6D1A85B5D627489871F60443E14A"}
Build info: version: '4.11.0', revision: '040bc5406b'
System info: os.name: 'Windows 10', os.arch: 'amd64', os.version: '10.0', java.version: '11.0.18'
Driver info: driver.version: unknown
	at org.openqa.selenium.devtools.Connection$Listener.lambda$onText$0(Connection.java:227)
	at java.base/java.util.concurrent.ThreadPoolExecutor.runWorker(ThreadPoolExecutor.java:1128)
	at java.base/java.util.concurrent.ThreadPoolExecutor$Worker.run(ThreadPoolExecutor.java:628)
	at java.base/java.lang.Thread.run(Thread.java:829)
Caused by: org.openqa.selenium.devtools.DevToolsException: {"id":2190,"error":{"code":-32602,"message":"Invalid InterceptionId."},"sessionId":"69DE6D1A85B5D627489871F60443E14A"}
Build info: version: '4.11.0', revision: '040bc5406b'
System info: os.name: 'Windows 10', os.arch: 'amd64', os.version: '10.0', java.version: '11.0.18'
Driver info: driver.version: unknown
	at org.openqa.selenium.devtools.Connection.sendAndWait(Connection.java:181)
	at org.openqa.selenium.devtools.DevTools.send(DevTools.java:81)
	at org.openqa.selenium.devtools.idealized.Network.lambda$prepareToInterceptTraffic$3(Network.java:211)
	at org.openqa.selenium.remote.http.Filter.lambda$andFinally$1(Filter.java:55)
	at org.openqa.selenium.devtools.idealized.Network.lambda$prepareToInterceptTraffic$4(Network.java:226)
	at org.openqa.selenium.devtools.Connection.lambda$handle$4(Connection.java:321)
	at java.base/java.util.stream.ForEachOps$ForEachOp$OfRef.accept(ForEachOps.java:183)
	at java.base/java.util.stream.ReferencePipeline$2$1.accept(ReferencePipeline.java:177)
	at java.base/java.util.stream.ReferencePipeline$11$1.accept(ReferencePipeline.java:442)
	at java.base/java.util.HashMap$KeySpliterator.forEachRemaining(HashMap.java:1621)
	at java.base/java.util.stream.AbstractPipeline.copyInto(AbstractPipeline.java:484)
	at java.base/java.util.stream.AbstractPipeline.wrapAndCopyInto(AbstractPipeline.java:474)
	at java.base/java.util.stream.ForEachOps$ForEachOp.evaluateSequential(ForEachOps.java:150)
	at java.base/java.util.stream.ForEachOps$ForEachOp$OfRef.evaluateSequential(ForEachOps.java:173)
	at java.base/java.util.stream.AbstractPipeline.evaluate(AbstractPipeline.java:234)
	at java.base/java.util.stream.ReferencePipeline.forEach(ReferencePipeline.java:497)
	at org.openqa.selenium.devtools.Connection.handle(Connection.java:287)
	at org.openqa.selenium.devtools.Connection.access$200(Connection.java:57)
	at org.openqa.selenium.devtools.Connection$Listener.lambda$onText$0(Connection.java:224)
	... 3 more
Caused by: org.openqa.selenium.WebDriverException: {"id":2190,"error":{"code":-32602,"message":"Invalid InterceptionId."},"sessionId":"69DE6D1A85B5D627489871F60443E14A"}
Build info: version: '4.11.0', revision: '040bc5406b'
System info: os.name: 'Windows 10', os.arch: 'amd64', os.version: '10.0', java.version: '11.0.18'
Driver info: driver.version: unknown
	at org.openqa.selenium.devtools.Connection.handle(Connection.java:260)
	... 5 more
авг. 16, 2023 4:22:56 PM org.openqa.selenium.devtools.Connection$Listener lambda$onText$0
WARNING: Unable to process: {"method":"Fetch.requestPaused","params":{"requestId":"interception-job-357.0","request":{"url":"http://localhost:8080/static/css/main.8978894b.chunk.css","method":"GET","headers":{"Accept":"text/css,*/*;q=0.1","Referer":"http://localhost:8080/","User-Agent":"Mozilla/5.0 (Windows NT 10.0; Win64; x64) AppleWebKit/537.36 (KHTML, like Gecko) Chrome/116.0.0.0 Safari/537.36","sec-ch-ua":"\"Chromium\";v=\"116\", \"Not)A;Brand\";v=\"24\", \"Google Chrome\";v=\"116\"","sec-ch-ua-mobile":"?0","sec-ch-ua-platform":"\"Windows\""},"initialPriority":"VeryHigh","referrerPolicy":"unsafe-url"},"frameId":"D165F02B89151667DFD1BF49856829E7","resourceType":"Stylesheet","responseStatusCode":200,"responseStatusText":"","responseHeaders":[{"name":"Vary","value":"Origin"},{"name":"Vary","value":"Access-Control-Request-Method"},{"name":"Vary","value":"Access-Control-Request-Headers"},{"name":"Last-Modified","value":"Thu, 03 Aug 2023 10:18:16 GMT"},{"name":"Accept-Ranges","value":"bytes"},{"name":"Content-Type","value":"text/css"},{"name":"Content-Length","value":"700"},{"name":"Date","value":"Wed, 16 Aug 2023 13:20:22 GMT"}]},"sessionId":"69DE6D1A85B5D627489871F60443E14A"}
org.openqa.selenium.devtools.DevToolsException: {"id":2201,"error":{"code":-32602,"message":"Invalid InterceptionId."},"sessionId":"69DE6D1A85B5D627489871F60443E14A"}
Build info: version: '4.11.0', revision: '040bc5406b'
System info: os.name: 'Windows 10', os.arch: 'amd64', os.version: '10.0', java.version: '11.0.18'
Driver info: driver.version: unknown
	at org.openqa.selenium.devtools.Connection.sendAndWait(Connection.java:181)
	at org.openqa.selenium.devtools.DevTools.send(DevTools.java:81)
	at org.openqa.selenium.devtools.idealized.Network.lambda$prepareToInterceptTraffic$4(Network.java:194)
	at org.openqa.selenium.devtools.Connection.lambda$handle$4(Connection.java:321)
	at java.base/java.util.stream.ForEachOps$ForEachOp$OfRef.accept(ForEachOps.java:183)
	at java.base/java.util.stream.ReferencePipeline$2$1.accept(ReferencePipeline.java:177)
	at java.base/java.util.stream.ReferencePipeline$11$1.accept(ReferencePipeline.java:442)
	at java.base/java.util.HashMap$KeySpliterator.forEachRemaining(HashMap.java:1621)
	at java.base/java.util.stream.AbstractPipeline.copyInto(AbstractPipeline.java:484)
	at java.base/java.util.stream.AbstractPipeline.wrapAndCopyInto(AbstractPipeline.java:474)
	at java.base/java.util.stream.ForEachOps$ForEachOp.evaluateSequential(ForEachOps.java:150)
	at java.base/java.util.stream.ForEachOps$ForEachOp$OfRef.evaluateSequential(ForEachOps.java:173)
	at java.base/java.util.stream.AbstractPipeline.evaluate(AbstractPipeline.java:234)
	at java.base/java.util.stream.ReferencePipeline.forEach(ReferencePipeline.java:497)
	at org.openqa.selenium.devtools.Connection.handle(Connection.java:287)
	at org.openqa.selenium.devtools.Connection.access$200(Connection.java:57)
	at org.openqa.selenium.devtools.Connection$Listener.lambda$onText$0(Connection.java:224)
	at java.base/java.util.concurrent.ThreadPoolExecutor.runWorker(ThreadPoolExecutor.java:1128)
	at java.base/java.util.concurrent.ThreadPoolExecutor$Worker.run(ThreadPoolExecutor.java:628)
	at java.base/java.lang.Thread.run(Thread.java:829)
Caused by: org.openqa.selenium.WebDriverException: {"id":2201,"error":{"code":-32602,"message":"Invalid InterceptionId."},"sessionId":"69DE6D1A85B5D627489871F60443E14A"}
Build info: version: '4.11.0', revision: '040bc5406b'
System info: os.name: 'Windows 10', os.arch: 'amd64', os.version: '10.0', java.version: '11.0.18'
Driver info: driver.version: unknown
	at org.openqa.selenium.devtools.Connection.handle(Connection.java:260)
	... 5 more

Exception in thread "CDP Connection" org.openqa.selenium.devtools.DevToolsException: {"id":2201,"error":{"code":-32602,"message":"Invalid InterceptionId."},"sessionId":"69DE6D1A85B5D627489871F60443E14A"}
Build info: version: '4.11.0', revision: '040bc5406b'
System info: os.name: 'Windows 10', os.arch: 'amd64', os.version: '10.0', java.version: '11.0.18'
Driver info: driver.version: unknown
	at org.openqa.selenium.devtools.Connection$Listener.lambda$onText$0(Connection.java:227)
	at java.base/java.util.concurrent.ThreadPoolExecutor.runWorker(ThreadPoolExecutor.java:1128)
	at java.base/java.util.concurrent.ThreadPoolExecutor$Worker.run(ThreadPoolExecutor.java:628)
	at java.base/java.lang.Thread.run(Thread.java:829)
Caused by: org.openqa.selenium.devtools.DevToolsException: {"id":2201,"error":{"code":-32602,"message":"Invalid InterceptionId."},"sessionId":"69DE6D1A85B5D627489871F60443E14A"}
Build info: version: '4.11.0', revision: '040bc5406b'
System info: os.name: 'Windows 10', os.arch: 'amd64', os.version: '10.0', java.version: '11.0.18'
Driver info: driver.version: unknown
	at org.openqa.selenium.devtools.Connection.sendAndWait(Connection.java:181)
	at org.openqa.selenium.devtools.DevTools.send(DevTools.java:81)
	at org.openqa.selenium.devtools.idealized.Network.lambda$prepareToInterceptTraffic$4(Network.java:194)
	at org.openqa.selenium.devtools.Connection.lambda$handle$4(Connection.java:321)
	at java.base/java.util.stream.ForEachOps$ForEachOp$OfRef.accept(ForEachOps.java:183)
	at java.base/java.util.stream.ReferencePipeline$2$1.accept(ReferencePipeline.java:177)
	at java.base/java.util.stream.ReferencePipeline$11$1.accept(ReferencePipeline.java:442)
	at java.base/java.util.HashMap$KeySpliterator.forEachRemaining(HashMap.java:1621)
	at java.base/java.util.stream.AbstractPipeline.copyInto(AbstractPipeline.java:484)
	at java.base/java.util.stream.AbstractPipeline.wrapAndCopyInto(AbstractPipeline.java:474)
	at java.base/java.util.stream.ForEachOps$ForEachOp.evaluateSequential(ForEachOps.java:150)
	at java.base/java.util.stream.ForEachOps$ForEachOp$OfRef.evaluateSequential(ForEachOps.java:173)
	at java.base/java.util.stream.AbstractPipeline.evaluate(AbstractPipeline.java:234)
	at java.base/java.util.stream.ReferencePipeline.forEach(ReferencePipeline.java:497)
	at org.openqa.selenium.devtools.Connection.handle(Connection.java:287)
	at org.openqa.selenium.devtools.Connection.access$200(Connection.java:57)
	at org.openqa.selenium.devtools.Connection$Listener.lambda$onText$0(Connection.java:224)
	... 3 more
Caused by: org.openqa.selenium.WebDriverException: {"id":2201,"error":{"code":-32602,"message":"Invalid InterceptionId."},"sessionId":"69DE6D1A85B5D627489871F60443E14A"}
Build info: version: '4.11.0', revision: '040bc5406b'
System info: os.name: 'Windows 10', os.arch: 'amd64', os.version: '10.0', java.version: '11.0.18'
Driver info: driver.version: unknown
	at org.openqa.selenium.devtools.Connection.handle(Connection.java:260)
	... 5 more
авг. 16, 2023 4:22:56 PM org.openqa.selenium.devtools.Connection$Listener lambda$onText$0
WARNING: Unable to process: {"method":"Fetch.requestPaused","params":{"requestId":"interception-job-357.0","request":{"url":"http://localhost:8080/static/css/main.8978894b.chunk.css","method":"GET","headers":{"Accept":"text/css,*/*;q=0.1","Referer":"http://localhost:8080/","User-Agent":"Mozilla/5.0 (Windows NT 10.0; Win64; x64) AppleWebKit/537.36 (KHTML, like Gecko) Chrome/116.0.0.0 Safari/537.36","sec-ch-ua":"\"Chromium\";v=\"116\", \"Not)A;Brand\";v=\"24\", \"Google Chrome\";v=\"116\"","sec-ch-ua-mobile":"?0","sec-ch-ua-platform":"\"Windows\""},"initialPriority":"VeryHigh","referrerPolicy":"strict-origin-when-cross-origin"},"frameId":"D165F02B89151667DFD1BF49856829E7","resourceType":"Stylesheet"},"sessionId":"69DE6D1A85B5D627489871F60443E14A"}
org.openqa.selenium.devtools.DevToolsException: {"id":2202,"error":{"code":-32602,"message":"Invalid InterceptionId."},"sessionId":"69DE6D1A85B5D627489871F60443E14A"}
Build info: version: '4.11.0', revision: '040bc5406b'
System info: os.name: 'Windows 10', os.arch: 'amd64', os.version: '10.0', java.version: '11.0.18'
Driver info: driver.version: unknown
	at org.openqa.selenium.devtools.Connection.sendAndWait(Connection.java:181)
	at org.openqa.selenium.devtools.DevTools.send(DevTools.java:81)
	at org.openqa.selenium.devtools.idealized.Network.lambda$prepareToInterceptTraffic$3(Network.java:211)
	at org.openqa.selenium.remote.http.Filter.lambda$andFinally$1(Filter.java:55)
	at org.openqa.selenium.devtools.idealized.Network.lambda$prepareToInterceptTraffic$4(Network.java:226)
	at org.openqa.selenium.devtools.Connection.lambda$handle$4(Connection.java:321)
	at java.base/java.util.stream.ForEachOps$ForEachOp$OfRef.accept(ForEachOps.java:183)
	at java.base/java.util.stream.ReferencePipeline$2$1.accept(ReferencePipeline.java:177)
	at java.base/java.util.stream.ReferencePipeline$11$1.accept(ReferencePipeline.java:442)
	at java.base/java.util.HashMap$KeySpliterator.forEachRemaining(HashMap.java:1621)
	at java.base/java.util.stream.AbstractPipeline.copyInto(AbstractPipeline.java:484)
	at java.base/java.util.stream.AbstractPipeline.wrapAndCopyInto(AbstractPipeline.java:474)
	at java.base/java.util.stream.ForEachOps$ForEachOp.evaluateSequential(ForEachOps.java:150)
	at java.base/java.util.stream.ForEachOps$ForEachOp$OfRef.evaluateSequential(ForEachOps.java:173)
	at java.base/java.util.stream.AbstractPipeline.evaluate(AbstractPipeline.java:234)
	at java.base/java.util.stream.ReferencePipeline.forEach(ReferencePipeline.java:497)
	at org.openqa.selenium.devtools.Connection.handle(Connection.java:287)
	at org.openqa.selenium.devtools.Connection.access$200(Connection.java:57)
	at org.openqa.selenium.devtools.Connection$Listener.lambda$onText$0(Connection.java:224)
	at java.base/java.util.concurrent.ThreadPoolExecutor.runWorker(ThreadPoolExecutor.java:1128)
	at java.base/java.util.concurrent.ThreadPoolExecutor$Worker.run(ThreadPoolExecutor.java:628)
	at java.base/java.lang.Thread.run(Thread.java:829)
Caused by: org.openqa.selenium.WebDriverException: {"id":2202,"error":{"code":-32602,"message":"Invalid InterceptionId."},"sessionId":"69DE6D1A85B5D627489871F60443E14A"}
Build info: version: '4.11.0', revision: '040bc5406b'
System info: os.name: 'Windows 10', os.arch: 'amd64', os.version: '10.0', java.version: '11.0.18'
Driver info: driver.version: unknown
	at org.openqa.selenium.devtools.Connection.handle(Connection.java:260)
	... 5 more

Exception in thread "CDP Connection" org.openqa.selenium.devtools.DevToolsException: {"id":2202,"error":{"code":-32602,"message":"Invalid InterceptionId."},"sessionId":"69DE6D1A85B5D627489871F60443E14A"}
Build info: version: '4.11.0', revision: '040bc5406b'
System info: os.name: 'Windows 10', os.arch: 'amd64', os.version: '10.0', java.version: '11.0.18'
Driver info: driver.version: unknown
	at org.openqa.selenium.devtools.Connection$Listener.lambda$onText$0(Connection.java:227)
	at java.base/java.util.concurrent.ThreadPoolExecutor.runWorker(ThreadPoolExecutor.java:1128)
	at java.base/java.util.concurrent.ThreadPoolExecutor$Worker.run(ThreadPoolExecutor.java:628)
	at java.base/java.lang.Thread.run(Thread.java:829)
Caused by: org.openqa.selenium.devtools.DevToolsException: {"id":2202,"error":{"code":-32602,"message":"Invalid InterceptionId."},"sessionId":"69DE6D1A85B5D627489871F60443E14A"}
Build info: version: '4.11.0', revision: '040bc5406b'
System info: os.name: 'Windows 10', os.arch: 'amd64', os.version: '10.0', java.version: '11.0.18'
Driver info: driver.version: unknown
	at org.openqa.selenium.devtools.Connection.sendAndWait(Connection.java:181)
	at org.openqa.selenium.devtools.DevTools.send(DevTools.java:81)
	at org.openqa.selenium.devtools.idealized.Network.lambda$prepareToInterceptTraffic$3(Network.java:211)
	at org.openqa.selenium.remote.http.Filter.lambda$andFinally$1(Filter.java:55)
	at org.openqa.selenium.devtools.idealized.Network.lambda$prepareToInterceptTraffic$4(Network.java:226)
	at org.openqa.selenium.devtools.Connection.lambda$handle$4(Connection.java:321)
	at java.base/java.util.stream.ForEachOps$ForEachOp$OfRef.accept(ForEachOps.java:183)
	at java.base/java.util.stream.ReferencePipeline$2$1.accept(ReferencePipeline.java:177)
	at java.base/java.util.stream.ReferencePipeline$11$1.accept(ReferencePipeline.java:442)
	at java.base/java.util.HashMap$KeySpliterator.forEachRemaining(HashMap.java:1621)
	at java.base/java.util.stream.AbstractPipeline.copyInto(AbstractPipeline.java:484)
	at java.base/java.util.stream.AbstractPipeline.wrapAndCopyInto(AbstractPipeline.java:474)
	at java.base/java.util.stream.ForEachOps$ForEachOp.evaluateSequential(ForEachOps.java:150)
	at java.base/java.util.stream.ForEachOps$ForEachOp$OfRef.evaluateSequential(ForEachOps.java:173)
	at java.base/java.util.stream.AbstractPipeline.evaluate(AbstractPipeline.java:234)
	at java.base/java.util.stream.ReferencePipeline.forEach(ReferencePipeline.java:497)
	at org.openqa.selenium.devtools.Connection.handle(Connection.java:287)
	at org.openqa.selenium.devtools.Connection.access$200(Connection.java:57)
	at org.openqa.selenium.devtools.Connection$Listener.lambda$onText$0(Connection.java:224)
	... 3 more
Caused by: org.openqa.selenium.WebDriverException: {"id":2202,"error":{"code":-32602,"message":"Invalid InterceptionId."},"sessionId":"69DE6D1A85B5D627489871F60443E14A"}
Build info: version: '4.11.0', revision: '040bc5406b'
System info: os.name: 'Windows 10', os.arch: 'amd64', os.version: '10.0', java.version: '11.0.18'
Driver info: driver.version: unknown
	at org.openqa.selenium.devtools.Connection.handle(Connection.java:260)
	... 5 more
авг. 16, 2023 4:22:56 PM org.openqa.selenium.devtools.Connection$Listener lambda$onText$0
WARNING: Unable to process: {"method":"Fetch.requestPaused","params":{"requestId":"interception-job-359.0","request":{"url":"http://localhost:8080/static/js/main.aab190f3.chunk.js","method":"GET","headers":{"Accept":"*/*","Referer":"http://localhost:8080/","User-Agent":"Mozilla/5.0 (Windows NT 10.0; Win64; x64) AppleWebKit/537.36 (KHTML, like Gecko) Chrome/116.0.0.0 Safari/537.36","sec-ch-ua":"\"Chromium\";v=\"116\", \"Not)A;Brand\";v=\"24\", \"Google Chrome\";v=\"116\"","sec-ch-ua-mobile":"?0","sec-ch-ua-platform":"\"Windows\""},"initialPriority":"High","referrerPolicy":"unsafe-url"},"frameId":"D165F02B89151667DFD1BF49856829E7","resourceType":"Script","responseStatusCode":200,"responseStatusText":"","responseHeaders":[{"name":"Vary","value":"Origin"},{"name":"Vary","value":"Access-Control-Request-Method"},{"name":"Vary","value":"Access-Control-Request-Headers"},{"name":"Last-Modified","value":"Thu, 03 Aug 2023 10:18:16 GMT"},{"name":"Accept-Ranges","value":"bytes"},{"name":"Content-Type","value":"application/javascript"},{"name":"Content-Length","value":"9137"},{"name":"Date","value":"Wed, 16 Aug 2023 13:20:22 GMT"}]},"sessionId":"69DE6D1A85B5D627489871F60443E14A"}
org.openqa.selenium.devtools.DevToolsException: {"id":2205,"error":{"code":-32602,"message":"Invalid InterceptionId."},"sessionId":"69DE6D1A85B5D627489871F60443E14A"}
Build info: version: '4.11.0', revision: '040bc5406b'
System info: os.name: 'Windows 10', os.arch: 'amd64', os.version: '10.0', java.version: '11.0.18'
Driver info: driver.version: unknown
	at org.openqa.selenium.devtools.Connection.sendAndWait(Connection.java:181)
	at org.openqa.selenium.devtools.DevTools.send(DevTools.java:81)
	at org.openqa.selenium.devtools.idealized.Network.lambda$prepareToInterceptTraffic$4(Network.java:194)
	at org.openqa.selenium.devtools.Connection.lambda$handle$4(Connection.java:321)
	at java.base/java.util.stream.ForEachOps$ForEachOp$OfRef.accept(ForEachOps.java:183)
	at java.base/java.util.stream.ReferencePipeline$2$1.accept(ReferencePipeline.java:177)
	at java.base/java.util.stream.ReferencePipeline$11$1.accept(ReferencePipeline.java:442)
	at java.base/java.util.HashMap$KeySpliterator.forEachRemaining(HashMap.java:1621)
	at java.base/java.util.stream.AbstractPipeline.copyInto(AbstractPipeline.java:484)
	at java.base/java.util.stream.AbstractPipeline.wrapAndCopyInto(AbstractPipeline.java:474)
	at java.base/java.util.stream.ForEachOps$ForEachOp.evaluateSequential(ForEachOps.java:150)
	at java.base/java.util.stream.ForEachOps$ForEachOp$OfRef.evaluateSequential(ForEachOps.java:173)
	at java.base/java.util.stream.AbstractPipeline.evaluate(AbstractPipeline.java:234)
	at java.base/java.util.stream.ReferencePipeline.forEach(ReferencePipeline.java:497)
	at org.openqa.selenium.devtools.Connection.handle(Connection.java:287)
	at org.openqa.selenium.devtools.Connection.access$200(Connection.java:57)
	at org.openqa.selenium.devtools.Connection$Listener.lambda$onText$0(Connection.java:224)
	at java.base/java.util.concurrent.ThreadPoolExecutor.runWorker(ThreadPoolExecutor.java:1128)
	at java.base/java.util.concurrent.ThreadPoolExecutor$Worker.run(ThreadPoolExecutor.java:628)
	at java.base/java.lang.Thread.run(Thread.java:829)
Caused by: org.openqa.selenium.WebDriverException: {"id":2205,"error":{"code":-32602,"message":"Invalid InterceptionId."},"sessionId":"69DE6D1A85B5D627489871F60443E14A"}
Build info: version: '4.11.0', revision: '040bc5406b'
System info: os.name: 'Windows 10', os.arch: 'amd64', os.version: '10.0', java.version: '11.0.18'
Driver info: driver.version: unknown
	at org.openqa.selenium.devtools.Connection.handle(Connection.java:260)
	... 5 more

Exception in thread "CDP Connection" org.openqa.selenium.devtools.DevToolsException: {"id":2205,"error":{"code":-32602,"message":"Invalid InterceptionId."},"sessionId":"69DE6D1A85B5D627489871F60443E14A"}
Build info: version: '4.11.0', revision: '040bc5406b'
System info: os.name: 'Windows 10', os.arch: 'amd64', os.version: '10.0', java.version: '11.0.18'
Driver info: driver.version: unknown
	at org.openqa.selenium.devtools.Connection$Listener.lambda$onText$0(Connection.java:227)
	at java.base/java.util.concurrent.ThreadPoolExecutor.runWorker(ThreadPoolExecutor.java:1128)
	at java.base/java.util.concurrent.ThreadPoolExecutor$Worker.run(ThreadPoolExecutor.java:628)
	at java.base/java.lang.Thread.run(Thread.java:829)
Caused by: org.openqa.selenium.devtools.DevToolsException: {"id":2205,"error":{"code":-32602,"message":"Invalid InterceptionId."},"sessionId":"69DE6D1A85B5D627489871F60443E14A"}
Build info: version: '4.11.0', revision: '040bc5406b'
System info: os.name: 'Windows 10', os.arch: 'amd64', os.version: '10.0', java.version: '11.0.18'
Driver info: driver.version: unknown
	at org.openqa.selenium.devtools.Connection.sendAndWait(Connection.java:181)
	at org.openqa.selenium.devtools.DevTools.send(DevTools.java:81)
	at org.openqa.selenium.devtools.idealized.Network.lambda$prepareToInterceptTraffic$4(Network.java:194)
	at org.openqa.selenium.devtools.Connection.lambda$handle$4(Connection.java:321)
	at java.base/java.util.stream.ForEachOps$ForEachOp$OfRef.accept(ForEachOps.java:183)
	at java.base/java.util.stream.ReferencePipeline$2$1.accept(ReferencePipeline.java:177)
	at java.base/java.util.stream.ReferencePipeline$11$1.accept(ReferencePipeline.java:442)
	at java.base/java.util.HashMap$KeySpliterator.forEachRemaining(HashMap.java:1621)
	at java.base/java.util.stream.AbstractPipeline.copyInto(AbstractPipeline.java:484)
	at java.base/java.util.stream.AbstractPipeline.wrapAndCopyInto(AbstractPipeline.java:474)
	at java.base/java.util.stream.ForEachOps$ForEachOp.evaluateSequential(ForEachOps.java:150)
	at java.base/java.util.stream.ForEachOps$ForEachOp$OfRef.evaluateSequential(ForEachOps.java:173)
	at java.base/java.util.stream.AbstractPipeline.evaluate(AbstractPipeline.java:234)
	at java.base/java.util.stream.ReferencePipeline.forEach(ReferencePipeline.java:497)
	at org.openqa.selenium.devtools.Connection.handle(Connection.java:287)
	at org.openqa.selenium.devtools.Connection.access$200(Connection.java:57)
	at org.openqa.selenium.devtools.Connection$Listener.lambda$onText$0(Connection.java:224)
	... 3 more
Caused by: org.openqa.selenium.WebDriverException: {"id":2205,"error":{"code":-32602,"message":"Invalid InterceptionId."},"sessionId":"69DE6D1A85B5D627489871F60443E14A"}
Build info: version: '4.11.0', revision: '040bc5406b'
System info: os.name: 'Windows 10', os.arch: 'amd64', os.version: '10.0', java.version: '11.0.18'
Driver info: driver.version: unknown
	at org.openqa.selenium.devtools.Connection.handle(Connection.java:260)
	... 5 more
авг. 16, 2023 4:22:56 PM org.openqa.selenium.devtools.Connection$Listener lambda$onText$0
WARNING: Unable to process: {"method":"Fetch.requestPaused","params":{"requestId":"interception-job-359.0","request":{"url":"http://localhost:8080/static/js/main.aab190f3.chunk.js","method":"GET","headers":{"Accept":"*/*","Referer":"http://localhost:8080/","User-Agent":"Mozilla/5.0 (Windows NT 10.0; Win64; x64) AppleWebKit/537.36 (KHTML, like Gecko) Chrome/116.0.0.0 Safari/537.36","sec-ch-ua":"\"Chromium\";v=\"116\", \"Not)A;Brand\";v=\"24\", \"Google Chrome\";v=\"116\"","sec-ch-ua-mobile":"?0","sec-ch-ua-platform":"\"Windows\""},"initialPriority":"High","referrerPolicy":"strict-origin-when-cross-origin"},"frameId":"D165F02B89151667DFD1BF49856829E7","resourceType":"Script"},"sessionId":"69DE6D1A85B5D627489871F60443E14A"}
org.openqa.selenium.devtools.DevToolsException: {"id":2206,"error":{"code":-32602,"message":"Invalid InterceptionId."},"sessionId":"69DE6D1A85B5D627489871F60443E14A"}
Build info: version: '4.11.0', revision: '040bc5406b'
System info: os.name: 'Windows 10', os.arch: 'amd64', os.version: '10.0', java.version: '11.0.18'
Driver info: driver.version: unknown
	at org.openqa.selenium.devtools.Connection.sendAndWait(Connection.java:181)
	at org.openqa.selenium.devtools.DevTools.send(DevTools.java:81)
	at org.openqa.selenium.devtools.idealized.Network.lambda$prepareToInterceptTraffic$3(Network.java:211)
	at org.openqa.selenium.remote.http.Filter.lambda$andFinally$1(Filter.java:55)
	at org.openqa.selenium.devtools.idealized.Network.lambda$prepareToInterceptTraffic$4(Network.java:226)
	at org.openqa.selenium.devtools.Connection.lambda$handle$4(Connection.java:321)
	at java.base/java.util.stream.ForEachOps$ForEachOp$OfRef.accept(ForEachOps.java:183)
	at java.base/java.util.stream.ReferencePipeline$2$1.accept(ReferencePipeline.java:177)
	at java.base/java.util.stream.ReferencePipeline$11$1.accept(ReferencePipeline.java:442)
	at java.base/java.util.HashMap$KeySpliterator.forEachRemaining(HashMap.java:1621)
	at java.base/java.util.stream.AbstractPipeline.copyInto(AbstractPipeline.java:484)
	at java.base/java.util.stream.AbstractPipeline.wrapAndCopyInto(AbstractPipeline.java:474)
	at java.base/java.util.stream.ForEachOps$ForEachOp.evaluateSequential(ForEachOps.java:150)
	at java.base/java.util.stream.ForEachOps$ForEachOp$OfRef.evaluateSequential(ForEachOps.java:173)
	at java.base/java.util.stream.AbstractPipeline.evaluate(AbstractPipeline.java:234)
	at java.base/java.util.stream.ReferencePipeline.forEach(ReferencePipeline.java:497)
	at org.openqa.selenium.devtools.Connection.handle(Connection.java:287)
	at org.openqa.selenium.devtools.Connection.access$200(Connection.java:57)
	at org.openqa.selenium.devtools.Connection$Listener.lambda$onText$0(Connection.java:224)
	at java.base/java.util.concurrent.ThreadPoolExecutor.runWorker(ThreadPoolExecutor.java:1128)
	at java.base/java.util.concurrent.ThreadPoolExecutor$Worker.run(ThreadPoolExecutor.java:628)
	at java.base/java.lang.Thread.run(Thread.java:829)
Caused by: org.openqa.selenium.WebDriverException: {"id":2206,"error":{"code":-32602,"message":"Invalid InterceptionId."},"sessionId":"69DE6D1A85B5D627489871F60443E14A"}
Build info: version: '4.11.0', revision: '040bc5406b'
System info: os.name: 'Windows 10', os.arch: 'amd64', os.version: '10.0', java.version: '11.0.18'
Driver info: driver.version: unknown
	at org.openqa.selenium.devtools.Connection.handle(Connection.java:260)
	... 5 more

Exception in thread "CDP Connection" org.openqa.selenium.devtools.DevToolsException: {"id":2206,"error":{"code":-32602,"message":"Invalid InterceptionId."},"sessionId":"69DE6D1A85B5D627489871F60443E14A"}
Build info: version: '4.11.0', revision: '040bc5406b'
System info: os.name: 'Windows 10', os.arch: 'amd64', os.version: '10.0', java.version: '11.0.18'
Driver info: driver.version: unknown
	at org.openqa.selenium.devtools.Connection$Listener.lambda$onText$0(Connection.java:227)
	at java.base/java.util.concurrent.ThreadPoolExecutor.runWorker(ThreadPoolExecutor.java:1128)
	at java.base/java.util.concurrent.ThreadPoolExecutor$Worker.run(ThreadPoolExecutor.java:628)
	at java.base/java.lang.Thread.run(Thread.java:829)
Caused by: org.openqa.selenium.devtools.DevToolsException: {"id":2206,"error":{"code":-32602,"message":"Invalid InterceptionId."},"sessionId":"69DE6D1A85B5D627489871F60443E14A"}
Build info: version: '4.11.0', revision: '040bc5406b'
System info: os.name: 'Windows 10', os.arch: 'amd64', os.version: '10.0', java.version: '11.0.18'
Driver info: driver.version: unknown
	at org.openqa.selenium.devtools.Connection.sendAndWait(Connection.java:181)
	at org.openqa.selenium.devtools.DevTools.send(DevTools.java:81)
	at org.openqa.selenium.devtools.idealized.Network.lambda$prepareToInterceptTraffic$3(Network.java:211)
	at org.openqa.selenium.remote.http.Filter.lambda$andFinally$1(Filter.java:55)
	at org.openqa.selenium.devtools.idealized.Network.lambda$prepareToInterceptTraffic$4(Network.java:226)
	at org.openqa.selenium.devtools.Connection.lambda$handle$4(Connection.java:321)
	at java.base/java.util.stream.ForEachOps$ForEachOp$OfRef.accept(ForEachOps.java:183)
	at java.base/java.util.stream.ReferencePipeline$2$1.accept(ReferencePipeline.java:177)
	at java.base/java.util.stream.ReferencePipeline$11$1.accept(ReferencePipeline.java:442)
	at java.base/java.util.HashMap$KeySpliterator.forEachRemaining(HashMap.java:1621)
	at java.base/java.util.stream.AbstractPipeline.copyInto(AbstractPipeline.java:484)
	at java.base/java.util.stream.AbstractPipeline.wrapAndCopyInto(AbstractPipeline.java:474)
	at java.base/java.util.stream.ForEachOps$ForEachOp.evaluateSequential(ForEachOps.java:150)
	at java.base/java.util.stream.ForEachOps$ForEachOp$OfRef.evaluateSequential(ForEachOps.java:173)
	at java.base/java.util.stream.AbstractPipeline.evaluate(AbstractPipeline.java:234)
	at java.base/java.util.stream.ReferencePipeline.forEach(ReferencePipeline.java:497)
	at org.openqa.selenium.devtools.Connection.handle(Connection.java:287)
	at org.openqa.selenium.devtools.Connection.access$200(Connection.java:57)
	at org.openqa.selenium.devtools.Connection$Listener.lambda$onText$0(Connection.java:224)
	... 3 more
Caused by: org.openqa.selenium.WebDriverException: {"id":2206,"error":{"code":-32602,"message":"Invalid InterceptionId."},"sessionId":"69DE6D1A85B5D627489871F60443E14A"}
Build info: version: '4.11.0', revision: '040bc5406b'
System info: os.name: 'Windows 10', os.arch: 'amd64', os.version: '10.0', java.version: '11.0.18'
Driver info: driver.version: unknown
	at org.openqa.selenium.devtools.Connection.handle(Connection.java:260)
	... 5 more
авг. 16, 2023 4:22:56 PM org.openqa.selenium.devtools.Connection$Listener lambda$onText$0
WARNING: Unable to process: {"method":"Fetch.requestPaused","params":{"requestId":"interception-job-356.0","request":{"url":"http://localhost:8080/static/css/2.7d875902.chunk.css","method":"GET","headers":{"Accept":"text/css,*/*;q=0.1","Referer":"http://localhost:8080/","User-Agent":"Mozilla/5.0 (Windows NT 10.0; Win64; x64) AppleWebKit/537.36 (KHTML, like Gecko) Chrome/116.0.0.0 Safari/537.36","sec-ch-ua":"\"Chromium\";v=\"116\", \"Not)A;Brand\";v=\"24\", \"Google Chrome\";v=\"116\"","sec-ch-ua-mobile":"?0","sec-ch-ua-platform":"\"Windows\""},"initialPriority":"VeryHigh","referrerPolicy":"unsafe-url"},"frameId":"D165F02B89151667DFD1BF49856829E7","resourceType":"Stylesheet","responseStatusCode":200,"responseStatusText":"","responseHeaders":[{"name":"Vary","value":"Origin"},{"name":"Vary","value":"Access-Control-Request-Method"},{"name":"Vary","value":"Access-Control-Request-Headers"},{"name":"Last-Modified","value":"Thu, 03 Aug 2023 10:18:16 GMT"},{"name":"Accept-Ranges","value":"bytes"},{"name":"Content-Type","value":"text/css"},{"name":"Content-Length","value":"87563"},{"name":"Date","value":"Wed, 16 Aug 2023 13:20:22 GMT"}]},"sessionId":"69DE6D1A85B5D627489871F60443E14A"}
org.openqa.selenium.devtools.DevToolsException: {"id":2209,"error":{"code":-32602,"message":"Invalid InterceptionId."},"sessionId":"69DE6D1A85B5D627489871F60443E14A"}
Build info: version: '4.11.0', revision: '040bc5406b'
System info: os.name: 'Windows 10', os.arch: 'amd64', os.version: '10.0', java.version: '11.0.18'
Driver info: driver.version: unknown
	at org.openqa.selenium.devtools.Connection.sendAndWait(Connection.java:181)
	at org.openqa.selenium.devtools.DevTools.send(DevTools.java:81)
	at org.openqa.selenium.devtools.idealized.Network.lambda$prepareToInterceptTraffic$4(Network.java:194)
	at org.openqa.selenium.devtools.Connection.lambda$handle$4(Connection.java:321)
	at java.base/java.util.stream.ForEachOps$ForEachOp$OfRef.accept(ForEachOps.java:183)
	at java.base/java.util.stream.ReferencePipeline$2$1.accept(ReferencePipeline.java:177)
	at java.base/java.util.stream.ReferencePipeline$11$1.accept(ReferencePipeline.java:442)
	at java.base/java.util.HashMap$KeySpliterator.forEachRemaining(HashMap.java:1621)
	at java.base/java.util.stream.AbstractPipeline.copyInto(AbstractPipeline.java:484)
	at java.base/java.util.stream.AbstractPipeline.wrapAndCopyInto(AbstractPipeline.java:474)
	at java.base/java.util.stream.ForEachOps$ForEachOp.evaluateSequential(ForEachOps.java:150)
	at java.base/java.util.stream.ForEachOps$ForEachOp$OfRef.evaluateSequential(ForEachOps.java:173)
	at java.base/java.util.stream.AbstractPipeline.evaluate(AbstractPipeline.java:234)
	at java.base/java.util.stream.ReferencePipeline.forEach(ReferencePipeline.java:497)
	at org.openqa.selenium.devtools.Connection.handle(Connection.java:287)
	at org.openqa.selenium.devtools.Connection.access$200(Connection.java:57)
	at org.openqa.selenium.devtools.Connection$Listener.lambda$onText$0(Connection.java:224)
	at java.base/java.util.concurrent.ThreadPoolExecutor.runWorker(ThreadPoolExecutor.java:1128)
	at java.base/java.util.concurrent.ThreadPoolExecutor$Worker.run(ThreadPoolExecutor.java:628)
	at java.base/java.lang.Thread.run(Thread.java:829)
Caused by: org.openqa.selenium.WebDriverException: {"id":2209,"error":{"code":-32602,"message":"Invalid InterceptionId."},"sessionId":"69DE6D1A85B5D627489871F60443E14A"}
Build info: version: '4.11.0', revision: '040bc5406b'
System info: os.name: 'Windows 10', os.arch: 'amd64', os.version: '10.0', java.version: '11.0.18'
Driver info: driver.version: unknown
	at org.openqa.selenium.devtools.Connection.handle(Connection.java:260)
	... 5 more

Exception in thread "CDP Connection" org.openqa.selenium.devtools.DevToolsException: {"id":2209,"error":{"code":-32602,"message":"Invalid InterceptionId."},"sessionId":"69DE6D1A85B5D627489871F60443E14A"}
Build info: version: '4.11.0', revision: '040bc5406b'
System info: os.name: 'Windows 10', os.arch: 'amd64', os.version: '10.0', java.version: '11.0.18'
Driver info: driver.version: unknown
	at org.openqa.selenium.devtools.Connection$Listener.lambda$onText$0(Connection.java:227)
	at java.base/java.util.concurrent.ThreadPoolExecutor.runWorker(ThreadPoolExecutor.java:1128)
	at java.base/java.util.concurrent.ThreadPoolExecutor$Worker.run(ThreadPoolExecutor.java:628)
	at java.base/java.lang.Thread.run(Thread.java:829)
Caused by: org.openqa.selenium.devtools.DevToolsException: {"id":2209,"error":{"code":-32602,"message":"Invalid InterceptionId."},"sessionId":"69DE6D1A85B5D627489871F60443E14A"}
Build info: version: '4.11.0', revision: '040bc5406b'
System info: os.name: 'Windows 10', os.arch: 'amd64', os.version: '10.0', java.version: '11.0.18'
Driver info: driver.version: unknown
	at org.openqa.selenium.devtools.Connection.sendAndWait(Connection.java:181)
	at org.openqa.selenium.devtools.DevTools.send(DevTools.java:81)
	at org.openqa.selenium.devtools.idealized.Network.lambda$prepareToInterceptTraffic$4(Network.java:194)
	at org.openqa.selenium.devtools.Connection.lambda$handle$4(Connection.java:321)
	at java.base/java.util.stream.ForEachOps$ForEachOp$OfRef.accept(ForEachOps.java:183)
	at java.base/java.util.stream.ReferencePipeline$2$1.accept(ReferencePipeline.java:177)
	at java.base/java.util.stream.ReferencePipeline$11$1.accept(ReferencePipeline.java:442)
	at java.base/java.util.HashMap$KeySpliterator.forEachRemaining(HashMap.java:1621)
	at java.base/java.util.stream.AbstractPipeline.copyInto(AbstractPipeline.java:484)
	at java.base/java.util.stream.AbstractPipeline.wrapAndCopyInto(AbstractPipeline.java:474)
	at java.base/java.util.stream.ForEachOps$ForEachOp.evaluateSequential(ForEachOps.java:150)
	at java.base/java.util.stream.ForEachOps$ForEachOp$OfRef.evaluateSequential(ForEachOps.java:173)
	at java.base/java.util.stream.AbstractPipeline.evaluate(AbstractPipeline.java:234)
	at java.base/java.util.stream.ReferencePipeline.forEach(ReferencePipeline.java:497)
	at org.openqa.selenium.devtools.Connection.handle(Connection.java:287)
	at org.openqa.selenium.devtools.Connection.access$200(Connection.java:57)
	at org.openqa.selenium.devtools.Connection$Listener.lambda$onText$0(Connection.java:224)
	... 3 more
Caused by: org.openqa.selenium.WebDriverException: {"id":2209,"error":{"code":-32602,"message":"Invalid InterceptionId."},"sessionId":"69DE6D1A85B5D627489871F60443E14A"}
Build info: version: '4.11.0', revision: '040bc5406b'
System info: os.name: 'Windows 10', os.arch: 'amd64', os.version: '10.0', java.version: '11.0.18'
Driver info: driver.version: unknown
	at org.openqa.selenium.devtools.Connection.handle(Connection.java:260)
	... 5 more
авг. 16, 2023 4:22:56 PM org.openqa.selenium.devtools.Connection$Listener lambda$onText$0
WARNING: Unable to process: {"method":"Fetch.requestPaused","params":{"requestId":"interception-job-356.0","request":{"url":"http://localhost:8080/static/css/2.7d875902.chunk.css","method":"GET","headers":{"Accept":"text/css,*/*;q=0.1","Referer":"http://localhost:8080/","User-Agent":"Mozilla/5.0 (Windows NT 10.0; Win64; x64) AppleWebKit/537.36 (KHTML, like Gecko) Chrome/116.0.0.0 Safari/537.36","sec-ch-ua":"\"Chromium\";v=\"116\", \"Not)A;Brand\";v=\"24\", \"Google Chrome\";v=\"116\"","sec-ch-ua-mobile":"?0","sec-ch-ua-platform":"\"Windows\""},"initialPriority":"VeryHigh","referrerPolicy":"strict-origin-when-cross-origin"},"frameId":"D165F02B89151667DFD1BF49856829E7","resourceType":"Stylesheet"},"sessionId":"69DE6D1A85B5D627489871F60443E14A"}
org.openqa.selenium.devtools.DevToolsException: {"id":2210,"error":{"code":-32602,"message":"Invalid InterceptionId."},"sessionId":"69DE6D1A85B5D627489871F60443E14A"}
Build info: version: '4.11.0', revision: '040bc5406b'
System info: os.name: 'Windows 10', os.arch: 'amd64', os.version: '10.0', java.version: '11.0.18'
Driver info: driver.version: unknown
	at org.openqa.selenium.devtools.Connection.sendAndWait(Connection.java:181)
	at org.openqa.selenium.devtools.DevTools.send(DevTools.java:81)
	at org.openqa.selenium.devtools.idealized.Network.lambda$prepareToInterceptTraffic$3(Network.java:211)
	at org.openqa.selenium.remote.http.Filter.lambda$andFinally$1(Filter.java:55)
	at org.openqa.selenium.devtools.idealized.Network.lambda$prepareToInterceptTraffic$4(Network.java:226)
	at org.openqa.selenium.devtools.Connection.lambda$handle$4(Connection.java:321)
	at java.base/java.util.stream.ForEachOps$ForEachOp$OfRef.accept(ForEachOps.java:183)
	at java.base/java.util.stream.ReferencePipeline$2$1.accept(ReferencePipeline.java:177)
	at java.base/java.util.stream.ReferencePipeline$11$1.accept(ReferencePipeline.java:442)
	at java.base/java.util.HashMap$KeySpliterator.forEachRemaining(HashMap.java:1621)
	at java.base/java.util.stream.AbstractPipeline.copyInto(AbstractPipeline.java:484)
	at java.base/java.util.stream.AbstractPipeline.wrapAndCopyInto(AbstractPipeline.java:474)
	at java.base/java.util.stream.ForEachOps$ForEachOp.evaluateSequential(ForEachOps.java:150)
	at java.base/java.util.stream.ForEachOps$ForEachOp$OfRef.evaluateSequential(ForEachOps.java:173)
	at java.base/java.util.stream.AbstractPipeline.evaluate(AbstractPipeline.java:234)
	at java.base/java.util.stream.ReferencePipeline.forEach(ReferencePipeline.java:497)
	at org.openqa.selenium.devtools.Connection.handle(Connection.java:287)
	at org.openqa.selenium.devtools.Connection.access$200(Connection.java:57)
	at org.openqa.selenium.devtools.Connection$Listener.lambda$onText$0(Connection.java:224)
	at java.base/java.util.concurrent.ThreadPoolExecutor.runWorker(ThreadPoolExecutor.java:1128)
	at java.base/java.util.concurrent.ThreadPoolExecutor$Worker.run(ThreadPoolExecutor.java:628)
	at java.base/java.lang.Thread.run(Thread.java:829)
Caused by: org.openqa.selenium.WebDriverException: {"id":2210,"error":{"code":-32602,"message":"Invalid InterceptionId."},"sessionId":"69DE6D1A85B5D627489871F60443E14A"}
Build info: version: '4.11.0', revision: '040bc5406b'
System info: os.name: 'Windows 10', os.arch: 'amd64', os.version: '10.0', java.version: '11.0.18'
Driver info: driver.version: unknown
	at org.openqa.selenium.devtools.Connection.handle(Connection.java:260)
	... 5 more

Exception in thread "CDP Connection" org.openqa.selenium.devtools.DevToolsException: {"id":2210,"error":{"code":-32602,"message":"Invalid InterceptionId."},"sessionId":"69DE6D1A85B5D627489871F60443E14A"}
Build info: version: '4.11.0', revision: '040bc5406b'
System info: os.name: 'Windows 10', os.arch: 'amd64', os.version: '10.0', java.version: '11.0.18'
Driver info: driver.version: unknown
	at org.openqa.selenium.devtools.Connection$Listener.lambda$onText$0(Connection.java:227)
	at java.base/java.util.concurrent.ThreadPoolExecutor.runWorker(ThreadPoolExecutor.java:1128)
	at java.base/java.util.concurrent.ThreadPoolExecutor$Worker.run(ThreadPoolExecutor.java:628)
	at java.base/java.lang.Thread.run(Thread.java:829)
Caused by: org.openqa.selenium.devtools.DevToolsException: {"id":2210,"error":{"code":-32602,"message":"Invalid InterceptionId."},"sessionId":"69DE6D1A85B5D627489871F60443E14A"}
Build info: version: '4.11.0', revision: '040bc5406b'
System info: os.name: 'Windows 10', os.arch: 'amd64', os.version: '10.0', java.version: '11.0.18'
Driver info: driver.version: unknown
	at org.openqa.selenium.devtools.Connection.sendAndWait(Connection.java:181)
	at org.openqa.selenium.devtools.DevTools.send(DevTools.java:81)
	at org.openqa.selenium.devtools.idealized.Network.lambda$prepareToInterceptTraffic$3(Network.java:211)
	at org.openqa.selenium.remote.http.Filter.lambda$andFinally$1(Filter.java:55)
	at org.openqa.selenium.devtools.idealized.Network.lambda$prepareToInterceptTraffic$4(Network.java:226)
	at org.openqa.selenium.devtools.Connection.lambda$handle$4(Connection.java:321)
	at java.base/java.util.stream.ForEachOps$ForEachOp$OfRef.accept(ForEachOps.java:183)
	at java.base/java.util.stream.ReferencePipeline$2$1.accept(ReferencePipeline.java:177)
	at java.base/java.util.stream.ReferencePipeline$11$1.accept(ReferencePipeline.java:442)
	at java.base/java.util.HashMap$KeySpliterator.forEachRemaining(HashMap.java:1621)
	at java.base/java.util.stream.AbstractPipeline.copyInto(AbstractPipeline.java:484)
	at java.base/java.util.stream.AbstractPipeline.wrapAndCopyInto(AbstractPipeline.java:474)
	at java.base/java.util.stream.ForEachOps$ForEachOp.evaluateSequential(ForEachOps.java:150)
	at java.base/java.util.stream.ForEachOps$ForEachOp$OfRef.evaluateSequential(ForEachOps.java:173)
	at java.base/java.util.stream.AbstractPipeline.evaluate(AbstractPipeline.java:234)
	at java.base/java.util.stream.ReferencePipeline.forEach(ReferencePipeline.java:497)
	at org.openqa.selenium.devtools.Connection.handle(Connection.java:287)
	at org.openqa.selenium.devtools.Connection.access$200(Connection.java:57)
	at org.openqa.selenium.devtools.Connection$Listener.lambda$onText$0(Connection.java:224)
	... 3 more
Caused by: org.openqa.selenium.WebDriverException: {"id":2210,"error":{"code":-32602,"message":"Invalid InterceptionId."},"sessionId":"69DE6D1A85B5D627489871F60443E14A"}
Build info: version: '4.11.0', revision: '040bc5406b'
System info: os.name: 'Windows 10', os.arch: 'amd64', os.version: '10.0', java.version: '11.0.18'
Driver info: driver.version: unknown
	at org.openqa.selenium.devtools.Connection.handle(Connection.java:260)
	... 5 more
авг. 16, 2023 4:22:56 PM org.openqa.selenium.devtools.Connection$Listener lambda$onText$0
WARNING: Unable to process: {"method":"Fetch.requestPaused","params":{"requestId":"interception-job-358.0","request":{"url":"http://localhost:8080/static/js/2.0716afe8.chunk.js","method":"GET","headers":{"Accept":"*/*","Referer":"http://localhost:8080/","User-Agent":"Mozilla/5.0 (Windows NT 10.0; Win64; x64) AppleWebKit/537.36 (KHTML, like Gecko) Chrome/116.0.0.0 Safari/537.36","sec-ch-ua":"\"Chromium\";v=\"116\", \"Not)A;Brand\";v=\"24\", \"Google Chrome\";v=\"116\"","sec-ch-ua-mobile":"?0","sec-ch-ua-platform":"\"Windows\""},"initialPriority":"High","referrerPolicy":"unsafe-url"},"frameId":"D165F02B89151667DFD1BF49856829E7","resourceType":"Script","responseStatusCode":200,"responseStatusText":"","responseHeaders":[{"name":"Vary","value":"Origin"},{"name":"Vary","value":"Access-Control-Request-Method"},{"name":"Vary","value":"Access-Control-Request-Headers"},{"name":"Last-Modified","value":"Thu, 03 Aug 2023 10:18:16 GMT"},{"name":"Accept-Ranges","value":"bytes"},{"name":"Content-Type","value":"application/javascript"},{"name":"Content-Length","value":"228167"},{"name":"Date","value":"Wed, 16 Aug 2023 13:20:22 GMT"}]},"sessionId":"69DE6D1A85B5D627489871F60443E14A"}
org.openqa.selenium.devtools.DevToolsException: {"id":2213,"error":{"code":-32602,"message":"Invalid InterceptionId."},"sessionId":"69DE6D1A85B5D627489871F60443E14A"}
Build info: version: '4.11.0', revision: '040bc5406b'
System info: os.name: 'Windows 10', os.arch: 'amd64', os.version: '10.0', java.version: '11.0.18'
Driver info: driver.version: unknown
	at org.openqa.selenium.devtools.Connection.sendAndWait(Connection.java:181)
	at org.openqa.selenium.devtools.DevTools.send(DevTools.java:81)
	at org.openqa.selenium.devtools.idealized.Network.lambda$prepareToInterceptTraffic$4(Network.java:194)
	at org.openqa.selenium.devtools.Connection.lambda$handle$4(Connection.java:321)
	at java.base/java.util.stream.ForEachOps$ForEachOp$OfRef.accept(ForEachOps.java:183)
	at java.base/java.util.stream.ReferencePipeline$2$1.accept(ReferencePipeline.java:177)
	at java.base/java.util.stream.ReferencePipeline$11$1.accept(ReferencePipeline.java:442)
	at java.base/java.util.HashMap$KeySpliterator.forEachRemaining(HashMap.java:1621)
	at java.base/java.util.stream.AbstractPipeline.copyInto(AbstractPipeline.java:484)
	at java.base/java.util.stream.AbstractPipeline.wrapAndCopyInto(AbstractPipeline.java:474)
	at java.base/java.util.stream.ForEachOps$ForEachOp.evaluateSequential(ForEachOps.java:150)
	at java.base/java.util.stream.ForEachOps$ForEachOp$OfRef.evaluateSequential(ForEachOps.java:173)
	at java.base/java.util.stream.AbstractPipeline.evaluate(AbstractPipeline.java:234)
	at java.base/java.util.stream.ReferencePipeline.forEach(ReferencePipeline.java:497)
	at org.openqa.selenium.devtools.Connection.handle(Connection.java:287)
	at org.openqa.selenium.devtools.Connection.access$200(Connection.java:57)
	at org.openqa.selenium.devtools.Connection$Listener.lambda$onText$0(Connection.java:224)
	at java.base/java.util.concurrent.ThreadPoolExecutor.runWorker(ThreadPoolExecutor.java:1128)
	at java.base/java.util.concurrent.ThreadPoolExecutor$Worker.run(ThreadPoolExecutor.java:628)
	at java.base/java.lang.Thread.run(Thread.java:829)
Caused by: org.openqa.selenium.WebDriverException: {"id":2213,"error":{"code":-32602,"message":"Invalid InterceptionId."},"sessionId":"69DE6D1A85B5D627489871F60443E14A"}
Build info: version: '4.11.0', revision: '040bc5406b'
System info: os.name: 'Windows 10', os.arch: 'amd64', os.version: '10.0', java.version: '11.0.18'
Driver info: driver.version: unknown
	at org.openqa.selenium.devtools.Connection.handle(Connection.java:260)
	... 5 more

Exception in thread "CDP Connection" org.openqa.selenium.devtools.DevToolsException: {"id":2213,"error":{"code":-32602,"message":"Invalid InterceptionId."},"sessionId":"69DE6D1A85B5D627489871F60443E14A"}
Build info: version: '4.11.0', revision: '040bc5406b'
System info: os.name: 'Windows 10', os.arch: 'amd64', os.version: '10.0', java.version: '11.0.18'
Driver info: driver.version: unknown
	at org.openqa.selenium.devtools.Connection$Listener.lambda$onText$0(Connection.java:227)
	at java.base/java.util.concurrent.ThreadPoolExecutor.runWorker(ThreadPoolExecutor.java:1128)
	at java.base/java.util.concurrent.ThreadPoolExecutor$Worker.run(ThreadPoolExecutor.java:628)
	at java.base/java.lang.Thread.run(Thread.java:829)
Caused by: org.openqa.selenium.devtools.DevToolsException: {"id":2213,"error":{"code":-32602,"message":"Invalid InterceptionId."},"sessionId":"69DE6D1A85B5D627489871F60443E14A"}
Build info: version: '4.11.0', revision: '040bc5406b'
System info: os.name: 'Windows 10', os.arch: 'amd64', os.version: '10.0', java.version: '11.0.18'
Driver info: driver.version: unknown
	at org.openqa.selenium.devtools.Connection.sendAndWait(Connection.java:181)
	at org.openqa.selenium.devtools.DevTools.send(DevTools.java:81)
	at org.openqa.selenium.devtools.idealized.Network.lambda$prepareToInterceptTraffic$4(Network.java:194)
	at org.openqa.selenium.devtools.Connection.lambda$handle$4(Connection.java:321)
	at java.base/java.util.stream.ForEachOps$ForEachOp$OfRef.accept(ForEachOps.java:183)
	at java.base/java.util.stream.ReferencePipeline$2$1.accept(ReferencePipeline.java:177)
	at java.base/java.util.stream.ReferencePipeline$11$1.accept(ReferencePipeline.java:442)
	at java.base/java.util.HashMap$KeySpliterator.forEachRemaining(HashMap.java:1621)
	at java.base/java.util.stream.AbstractPipeline.copyInto(AbstractPipeline.java:484)
	at java.base/java.util.stream.AbstractPipeline.wrapAndCopyInto(AbstractPipeline.java:474)
	at java.base/java.util.stream.ForEachOps$ForEachOp.evaluateSequential(ForEachOps.java:150)
	at java.base/java.util.stream.ForEachOps$ForEachOp$OfRef.evaluateSequential(ForEachOps.java:173)
	at java.base/java.util.stream.AbstractPipeline.evaluate(AbstractPipeline.java:234)
	at java.base/java.util.stream.ReferencePipeline.forEach(ReferencePipeline.java:497)
	at org.openqa.selenium.devtools.Connection.handle(Connection.java:287)
	at org.openqa.selenium.devtools.Connection.access$200(Connection.java:57)
	at org.openqa.selenium.devtools.Connection$Listener.lambda$onText$0(Connection.java:224)
	... 3 more
Caused by: org.openqa.selenium.WebDriverException: {"id":2213,"error":{"code":-32602,"message":"Invalid InterceptionId."},"sessionId":"69DE6D1A85B5D627489871F60443E14A"}
Build info: version: '4.11.0', revision: '040bc5406b'
System info: os.name: 'Windows 10', os.arch: 'amd64', os.version: '10.0', java.version: '11.0.18'
Driver info: driver.version: unknown
	at org.openqa.selenium.devtools.Connection.handle(Connection.java:260)
	... 5 more
авг. 16, 2023 4:22:56 PM org.openqa.selenium.devtools.Connection$Listener lambda$onText$0
WARNING: Unable to process: {"method":"Fetch.requestPaused","params":{"requestId":"interception-job-358.0","request":{"url":"http://localhost:8080/static/js/2.0716afe8.chunk.js","method":"GET","headers":{"Accept":"*/*","Referer":"http://localhost:8080/","User-Agent":"Mozilla/5.0 (Windows NT 10.0; Win64; x64) AppleWebKit/537.36 (KHTML, like Gecko) Chrome/116.0.0.0 Safari/537.36","sec-ch-ua":"\"Chromium\";v=\"116\", \"Not)A;Brand\";v=\"24\", \"Google Chrome\";v=\"116\"","sec-ch-ua-mobile":"?0","sec-ch-ua-platform":"\"Windows\""},"initialPriority":"High","referrerPolicy":"strict-origin-when-cross-origin"},"frameId":"D165F02B89151667DFD1BF49856829E7","resourceType":"Script"},"sessionId":"69DE6D1A85B5D627489871F60443E14A"}
org.openqa.selenium.devtools.DevToolsException: {"id":2214,"error":{"code":-32602,"message":"Invalid InterceptionId."},"sessionId":"69DE6D1A85B5D627489871F60443E14A"}
Build info: version: '4.11.0', revision: '040bc5406b'
System info: os.name: 'Windows 10', os.arch: 'amd64', os.version: '10.0', java.version: '11.0.18'
Driver info: driver.version: unknown
	at org.openqa.selenium.devtools.Connection.sendAndWait(Connection.java:181)
	at org.openqa.selenium.devtools.DevTools.send(DevTools.java:81)
	at org.openqa.selenium.devtools.idealized.Network.lambda$prepareToInterceptTraffic$3(Network.java:211)
	at org.openqa.selenium.remote.http.Filter.lambda$andFinally$1(Filter.java:55)
	at org.openqa.selenium.devtools.idealized.Network.lambda$prepareToInterceptTraffic$4(Network.java:226)
	at org.openqa.selenium.devtools.Connection.lambda$handle$4(Connection.java:321)
	at java.base/java.util.stream.ForEachOps$ForEachOp$OfRef.accept(ForEachOps.java:183)
	at java.base/java.util.stream.ReferencePipeline$2$1.accept(ReferencePipeline.java:177)
	at java.base/java.util.stream.ReferencePipeline$11$1.accept(ReferencePipeline.java:442)
	at java.base/java.util.HashMap$KeySpliterator.forEachRemaining(HashMap.java:1621)
	at java.base/java.util.stream.AbstractPipeline.copyInto(AbstractPipeline.java:484)
	at java.base/java.util.stream.AbstractPipeline.wrapAndCopyInto(AbstractPipeline.java:474)
	at java.base/java.util.stream.ForEachOps$ForEachOp.evaluateSequential(ForEachOps.java:150)
	at java.base/java.util.stream.ForEachOps$ForEachOp$OfRef.evaluateSequential(ForEachOps.java:173)
	at java.base/java.util.stream.AbstractPipeline.evaluate(AbstractPipeline.java:234)
	at java.base/java.util.stream.ReferencePipeline.forEach(ReferencePipeline.java:497)
	at org.openqa.selenium.devtools.Connection.handle(Connection.java:287)
	at org.openqa.selenium.devtools.Connection.access$200(Connection.java:57)
	at org.openqa.selenium.devtools.Connection$Listener.lambda$onText$0(Connection.java:224)
	at java.base/java.util.concurrent.ThreadPoolExecutor.runWorker(ThreadPoolExecutor.java:1128)
	at java.base/java.util.concurrent.ThreadPoolExecutor$Worker.run(ThreadPoolExecutor.java:628)
	at java.base/java.lang.Thread.run(Thread.java:829)
Caused by: org.openqa.selenium.WebDriverException: {"id":2214,"error":{"code":-32602,"message":"Invalid InterceptionId."},"sessionId":"69DE6D1A85B5D627489871F60443E14A"}
Build info: version: '4.11.0', revision: '040bc5406b'
System info: os.name: 'Windows 10', os.arch: 'amd64', os.version: '10.0', java.version: '11.0.18'
Driver info: driver.version: unknown
	at org.openqa.selenium.devtools.Connection.handle(Connection.java:260)
	... 5 more

Exception in thread "CDP Connection" org.openqa.selenium.devtools.DevToolsException: {"id":2214,"error":{"code":-32602,"message":"Invalid InterceptionId."},"sessionId":"69DE6D1A85B5D627489871F60443E14A"}
Build info: version: '4.11.0', revision: '040bc5406b'
System info: os.name: 'Windows 10', os.arch: 'amd64', os.version: '10.0', java.version: '11.0.18'
Driver info: driver.version: unknown
	at org.openqa.selenium.devtools.Connection$Listener.lambda$onText$0(Connection.java:227)
	at java.base/java.util.concurrent.ThreadPoolExecutor.runWorker(ThreadPoolExecutor.java:1128)
	at java.base/java.util.concurrent.ThreadPoolExecutor$Worker.run(ThreadPoolExecutor.java:628)
	at java.base/java.lang.Thread.run(Thread.java:829)
Caused by: org.openqa.selenium.devtools.DevToolsException: {"id":2214,"error":{"code":-32602,"message":"Invalid InterceptionId."},"sessionId":"69DE6D1A85B5D627489871F60443E14A"}
Build info: version: '4.11.0', revision: '040bc5406b'
System info: os.name: 'Windows 10', os.arch: 'amd64', os.version: '10.0', java.version: '11.0.18'
Driver info: driver.version: unknown
	at org.openqa.selenium.devtools.Connection.sendAndWait(Connection.java:181)
	at org.openqa.selenium.devtools.DevTools.send(DevTools.java:81)
	at org.openqa.selenium.devtools.idealized.Network.lambda$prepareToInterceptTraffic$3(Network.java:211)
	at org.openqa.selenium.remote.http.Filter.lambda$andFinally$1(Filter.java:55)
	at org.openqa.selenium.devtools.idealized.Network.lambda$prepareToInterceptTraffic$4(Network.java:226)
	at org.openqa.selenium.devtools.Connection.lambda$handle$4(Connection.java:321)
	at java.base/java.util.stream.ForEachOps$ForEachOp$OfRef.accept(ForEachOps.java:183)
	at java.base/java.util.stream.ReferencePipeline$2$1.accept(ReferencePipeline.java:177)
	at java.base/java.util.stream.ReferencePipeline$11$1.accept(ReferencePipeline.java:442)
	at java.base/java.util.HashMap$KeySpliterator.forEachRemaining(HashMap.java:1621)
	at java.base/java.util.stream.AbstractPipeline.copyInto(AbstractPipeline.java:484)
	at java.base/java.util.stream.AbstractPipeline.wrapAndCopyInto(AbstractPipeline.java:474)
	at java.base/java.util.stream.ForEachOps$ForEachOp.evaluateSequential(ForEachOps.java:150)
	at java.base/java.util.stream.ForEachOps$ForEachOp$OfRef.evaluateSequential(ForEachOps.java:173)
	at java.base/java.util.stream.AbstractPipeline.evaluate(AbstractPipeline.java:234)
	at java.base/java.util.stream.ReferencePipeline.forEach(ReferencePipeline.java:497)
	at org.openqa.selenium.devtools.Connection.handle(Connection.java:287)
	at org.openqa.selenium.devtools.Connection.access$200(Connection.java:57)
	at org.openqa.selenium.devtools.Connection$Listener.lambda$onText$0(Connection.java:224)
	... 3 more
Caused by: org.openqa.selenium.WebDriverException: {"id":2214,"error":{"code":-32602,"message":"Invalid InterceptionId."},"sessionId":"69DE6D1A85B5D627489871F60443E14A"}
Build info: version: '4.11.0', revision: '040bc5406b'
System info: os.name: 'Windows 10', os.arch: 'amd64', os.version: '10.0', java.version: '11.0.18'
Driver info: driver.version: unknown
	at org.openqa.selenium.devtools.Connection.handle(Connection.java:260)
	... 5 more
авг. 16, 2023 4:22:57 PM org.openqa.selenium.devtools.Connection$Listener lambda$onText$0
WARNING: Unable to process: {"method":"Fetch.requestPaused","params":{"requestId":"interception-job-360.0","request":{"url":"http://localhost:8080/static/media/marrakech.869b2a02.jpg","method":"GET","headers":{"Accept":"image/avif,image/webp,image/apng,image/svg+xml,image/*,*/*;q=0.8","Referer":"http://localhost:8080/","User-Agent":"Mozilla/5.0 (Windows NT 10.0; Win64; x64) AppleWebKit/537.36 (KHTML, like Gecko) Chrome/116.0.0.0 Safari/537.36","sec-ch-ua":"\"Chromium\";v=\"116\", \"Not)A;Brand\";v=\"24\", \"Google Chrome\";v=\"116\"","sec-ch-ua-mobile":"?0","sec-ch-ua-platform":"\"Windows\""},"initialPriority":"Low","referrerPolicy":"strict-origin-when-cross-origin"},"frameId":"D165F02B89151667DFD1BF49856829E7","resourceType":"Image"},"sessionId":"69DE6D1A85B5D627489871F60443E14A"}
org.openqa.selenium.devtools.DevToolsException: {"id":2219,"error":{"code":-32602,"message":"Invalid InterceptionId."},"sessionId":"69DE6D1A85B5D627489871F60443E14A"}
Build info: version: '4.11.0', revision: '040bc5406b'
System info: os.name: 'Windows 10', os.arch: 'amd64', os.version: '10.0', java.version: '11.0.18'
Driver info: driver.version: unknown
	at org.openqa.selenium.devtools.Connection.sendAndWait(Connection.java:181)
	at org.openqa.selenium.devtools.DevTools.send(DevTools.java:81)
	at org.openqa.selenium.devtools.idealized.Network.lambda$prepareToInterceptTraffic$3(Network.java:211)
	at org.openqa.selenium.remote.http.Filter.lambda$andFinally$1(Filter.java:55)
	at org.openqa.selenium.devtools.idealized.Network.lambda$prepareToInterceptTraffic$4(Network.java:226)
	at org.openqa.selenium.devtools.Connection.lambda$handle$4(Connection.java:321)
	at java.base/java.util.stream.ForEachOps$ForEachOp$OfRef.accept(ForEachOps.java:183)
	at java.base/java.util.stream.ReferencePipeline$2$1.accept(ReferencePipeline.java:177)
	at java.base/java.util.stream.ReferencePipeline$11$1.accept(ReferencePipeline.java:442)
	at java.base/java.util.HashMap$KeySpliterator.forEachRemaining(HashMap.java:1621)
	at java.base/java.util.stream.AbstractPipeline.copyInto(AbstractPipeline.java:484)
	at java.base/java.util.stream.AbstractPipeline.wrapAndCopyInto(AbstractPipeline.java:474)
	at java.base/java.util.stream.ForEachOps$ForEachOp.evaluateSequential(ForEachOps.java:150)
	at java.base/java.util.stream.ForEachOps$ForEachOp$OfRef.evaluateSequential(ForEachOps.java:173)
	at java.base/java.util.stream.AbstractPipeline.evaluate(AbstractPipeline.java:234)
	at java.base/java.util.stream.ReferencePipeline.forEach(ReferencePipeline.java:497)
	at org.openqa.selenium.devtools.Connection.handle(Connection.java:287)
	at org.openqa.selenium.devtools.Connection.access$200(Connection.java:57)
	at org.openqa.selenium.devtools.Connection$Listener.lambda$onText$0(Connection.java:224)
	at java.base/java.util.concurrent.ThreadPoolExecutor.runWorker(ThreadPoolExecutor.java:1128)
	at java.base/java.util.concurrent.ThreadPoolExecutor$Worker.run(ThreadPoolExecutor.java:628)
	at java.base/java.lang.Thread.run(Thread.java:829)
Caused by: org.openqa.selenium.WebDriverException: {"id":2219,"error":{"code":-32602,"message":"Invalid InterceptionId."},"sessionId":"69DE6D1A85B5D627489871F60443E14A"}
Build info: version: '4.11.0', revision: '040bc5406b'
System info: os.name: 'Windows 10', os.arch: 'amd64', os.version: '10.0', java.version: '11.0.18'
Driver info: driver.version: unknown
	at org.openqa.selenium.devtools.Connection.handle(Connection.java:260)
	... 5 more

Exception in thread "CDP Connection" org.openqa.selenium.devtools.DevToolsException: {"id":2219,"error":{"code":-32602,"message":"Invalid InterceptionId."},"sessionId":"69DE6D1A85B5D627489871F60443E14A"}
Build info: version: '4.11.0', revision: '040bc5406b'
System info: os.name: 'Windows 10', os.arch: 'amd64', os.version: '10.0', java.version: '11.0.18'
Driver info: driver.version: unknown
	at org.openqa.selenium.devtools.Connection$Listener.lambda$onText$0(Connection.java:227)
	at java.base/java.util.concurrent.ThreadPoolExecutor.runWorker(ThreadPoolExecutor.java:1128)
	at java.base/java.util.concurrent.ThreadPoolExecutor$Worker.run(ThreadPoolExecutor.java:628)
	at java.base/java.lang.Thread.run(Thread.java:829)
Caused by: org.openqa.selenium.devtools.DevToolsException: {"id":2219,"error":{"code":-32602,"message":"Invalid InterceptionId."},"sessionId":"69DE6D1A85B5D627489871F60443E14A"}
Build info: version: '4.11.0', revision: '040bc5406b'
System info: os.name: 'Windows 10', os.arch: 'amd64', os.version: '10.0', java.version: '11.0.18'
Driver info: driver.version: unknown
	at org.openqa.selenium.devtools.Connection.sendAndWait(Connection.java:181)
	at org.openqa.selenium.devtools.DevTools.send(DevTools.java:81)
	at org.openqa.selenium.devtools.idealized.Network.lambda$prepareToInterceptTraffic$3(Network.java:211)
	at org.openqa.selenium.remote.http.Filter.lambda$andFinally$1(Filter.java:55)
	at org.openqa.selenium.devtools.idealized.Network.lambda$prepareToInterceptTraffic$4(Network.java:226)
	at org.openqa.selenium.devtools.Connection.lambda$handle$4(Connection.java:321)
	at java.base/java.util.stream.ForEachOps$ForEachOp$OfRef.accept(ForEachOps.java:183)
	at java.base/java.util.stream.ReferencePipeline$2$1.accept(ReferencePipeline.java:177)
	at java.base/java.util.stream.ReferencePipeline$11$1.accept(ReferencePipeline.java:442)
	at java.base/java.util.HashMap$KeySpliterator.forEachRemaining(HashMap.java:1621)
	at java.base/java.util.stream.AbstractPipeline.copyInto(AbstractPipeline.java:484)
	at java.base/java.util.stream.AbstractPipeline.wrapAndCopyInto(AbstractPipeline.java:474)
	at java.base/java.util.stream.ForEachOps$ForEachOp.evaluateSequential(ForEachOps.java:150)
	at java.base/java.util.stream.ForEachOps$ForEachOp$OfRef.evaluateSequential(ForEachOps.java:173)
	at java.base/java.util.stream.AbstractPipeline.evaluate(AbstractPipeline.java:234)
	at java.base/java.util.stream.ReferencePipeline.forEach(ReferencePipeline.java:497)
	at org.openqa.selenium.devtools.Connection.handle(Connection.java:287)
	at org.openqa.selenium.devtools.Connection.access$200(Connection.java:57)
	at org.openqa.selenium.devtools.Connection$Listener.lambda$onText$0(Connection.java:224)
	... 3 more
Caused by: org.openqa.selenium.WebDriverException: {"id":2219,"error":{"code":-32602,"message":"Invalid InterceptionId."},"sessionId":"69DE6D1A85B5D627489871F60443E14A"}
Build info: version: '4.11.0', revision: '040bc5406b'
System info: os.name: 'Windows 10', os.arch: 'amd64', os.version: '10.0', java.version: '11.0.18'
Driver info: driver.version: unknown
	at org.openqa.selenium.devtools.Connection.handle(Connection.java:260)
	... 5 more
авг. 16, 2023 4:22:57 PM org.openqa.selenium.devtools.Connection$Listener lambda$onText$0
WARNING: Unable to process: {"method":"Fetch.requestPaused","params":{"requestId":"interception-job-360.0","request":{"url":"http://localhost:8080/static/media/marrakech.869b2a02.jpg","method":"GET","headers":{"Accept":"image/avif,image/webp,image/apng,image/svg+xml,image/*,*/*;q=0.8","Referer":"http://localhost:8080/","User-Agent":"Mozilla/5.0 (Windows NT 10.0; Win64; x64) AppleWebKit/537.36 (KHTML, like Gecko) Chrome/116.0.0.0 Safari/537.36","sec-ch-ua":"\"Chromium\";v=\"116\", \"Not)A;Brand\";v=\"24\", \"Google Chrome\";v=\"116\"","sec-ch-ua-mobile":"?0","sec-ch-ua-platform":"\"Windows\""},"initialPriority":"Low","referrerPolicy":"unsafe-url"},"frameId":"D165F02B89151667DFD1BF49856829E7","resourceType":"Image","responseStatusCode":200,"responseStatusText":"","responseHeaders":[{"name":"Vary","value":"Origin"},{"name":"Vary","value":"Access-Control-Request-Method"},{"name":"Vary","value":"Access-Control-Request-Headers"},{"name":"Last-Modified","value":"Thu, 03 Aug 2023 10:18:16 GMT"},{"name":"Accept-Ranges","value":"bytes"},{"name":"Content-Type","value":"image/jpeg"},{"name":"Content-Length","value":"85240"},{"name":"Date","value":"Wed, 16 Aug 2023 13:20:22 GMT"}]},"sessionId":"69DE6D1A85B5D627489871F60443E14A"}
org.openqa.selenium.devtools.DevToolsException: {"id":2221,"error":{"code":-32602,"message":"Invalid InterceptionId."},"sessionId":"69DE6D1A85B5D627489871F60443E14A"}
Build info: version: '4.11.0', revision: '040bc5406b'
System info: os.name: 'Windows 10', os.arch: 'amd64', os.version: '10.0', java.version: '11.0.18'
Driver info: driver.version: unknown
	at org.openqa.selenium.devtools.Connection.sendAndWait(Connection.java:181)
	at org.openqa.selenium.devtools.DevTools.send(DevTools.java:81)
	at org.openqa.selenium.devtools.idealized.Network.lambda$prepareToInterceptTraffic$4(Network.java:194)
	at org.openqa.selenium.devtools.Connection.lambda$handle$4(Connection.java:321)
	at java.base/java.util.stream.ForEachOps$ForEachOp$OfRef.accept(ForEachOps.java:183)
	at java.base/java.util.stream.ReferencePipeline$2$1.accept(ReferencePipeline.java:177)
	at java.base/java.util.stream.ReferencePipeline$11$1.accept(ReferencePipeline.java:442)
	at java.base/java.util.HashMap$KeySpliterator.forEachRemaining(HashMap.java:1621)
	at java.base/java.util.stream.AbstractPipeline.copyInto(AbstractPipeline.java:484)
	at java.base/java.util.stream.AbstractPipeline.wrapAndCopyInto(AbstractPipeline.java:474)
	at java.base/java.util.stream.ForEachOps$ForEachOp.evaluateSequential(ForEachOps.java:150)
	at java.base/java.util.stream.ForEachOps$ForEachOp$OfRef.evaluateSequential(ForEachOps.java:173)
	at java.base/java.util.stream.AbstractPipeline.evaluate(AbstractPipeline.java:234)
	at java.base/java.util.stream.ReferencePipeline.forEach(ReferencePipeline.java:497)
	at org.openqa.selenium.devtools.Connection.handle(Connection.java:287)
	at org.openqa.selenium.devtools.Connection.access$200(Connection.java:57)
	at org.openqa.selenium.devtools.Connection$Listener.lambda$onText$0(Connection.java:224)
	at java.base/java.util.concurrent.ThreadPoolExecutor.runWorker(ThreadPoolExecutor.java:1128)
	at java.base/java.util.concurrent.ThreadPoolExecutor$Worker.run(ThreadPoolExecutor.java:628)
	at java.base/java.lang.Thread.run(Thread.java:829)
Caused by: org.openqa.selenium.WebDriverException: {"id":2221,"error":{"code":-32602,"message":"Invalid InterceptionId."},"sessionId":"69DE6D1A85B5D627489871F60443E14A"}
Build info: version: '4.11.0', revision: '040bc5406b'
System info: os.name: 'Windows 10', os.arch: 'amd64', os.version: '10.0', java.version: '11.0.18'
Driver info: driver.version: unknown
	at org.openqa.selenium.devtools.Connection.handle(Connection.java:260)
	... 5 more

Exception in thread "CDP Connection" org.openqa.selenium.devtools.DevToolsException: {"id":2221,"error":{"code":-32602,"message":"Invalid InterceptionId."},"sessionId":"69DE6D1A85B5D627489871F60443E14A"}
Build info: version: '4.11.0', revision: '040bc5406b'
System info: os.name: 'Windows 10', os.arch: 'amd64', os.version: '10.0', java.version: '11.0.18'
Driver info: driver.version: unknown
	at org.openqa.selenium.devtools.Connection$Listener.lambda$onText$0(Connection.java:227)
	at java.base/java.util.concurrent.ThreadPoolExecutor.runWorker(ThreadPoolExecutor.java:1128)
	at java.base/java.util.concurrent.ThreadPoolExecutor$Worker.run(ThreadPoolExecutor.java:628)
	at java.base/java.lang.Thread.run(Thread.java:829)
Caused by: org.openqa.selenium.devtools.DevToolsException: {"id":2221,"error":{"code":-32602,"message":"Invalid InterceptionId."},"sessionId":"69DE6D1A85B5D627489871F60443E14A"}
Build info: version: '4.11.0', revision: '040bc5406b'
System info: os.name: 'Windows 10', os.arch: 'amd64', os.version: '10.0', java.version: '11.0.18'
Driver info: driver.version: unknown
	at org.openqa.selenium.devtools.Connection.sendAndWait(Connection.java:181)
	at org.openqa.selenium.devtools.DevTools.send(DevTools.java:81)
	at org.openqa.selenium.devtools.idealized.Network.lambda$prepareToInterceptTraffic$4(Network.java:194)
	at org.openqa.selenium.devtools.Connection.lambda$handle$4(Connection.java:321)
	at java.base/java.util.stream.ForEachOps$ForEachOp$OfRef.accept(ForEachOps.java:183)
	at java.base/java.util.stream.ReferencePipeline$2$1.accept(ReferencePipeline.java:177)
	at java.base/java.util.stream.ReferencePipeline$11$1.accept(ReferencePipeline.java:442)
	at java.base/java.util.HashMap$KeySpliterator.forEachRemaining(HashMap.java:1621)
	at java.base/java.util.stream.AbstractPipeline.copyInto(AbstractPipeline.java:484)
	at java.base/java.util.stream.AbstractPipeline.wrapAndCopyInto(AbstractPipeline.java:474)
	at java.base/java.util.stream.ForEachOps$ForEachOp.evaluateSequential(ForEachOps.java:150)
	at java.base/java.util.stream.ForEachOps$ForEachOp$OfRef.evaluateSequential(ForEachOps.java:173)
	at java.base/java.util.stream.AbstractPipeline.evaluate(AbstractPipeline.java:234)
	at java.base/java.util.stream.ReferencePipeline.forEach(ReferencePipeline.java:497)
	at org.openqa.selenium.devtools.Connection.handle(Connection.java:287)
	at org.openqa.selenium.devtools.Connection.access$200(Connection.java:57)
	at org.openqa.selenium.devtools.Connection$Listener.lambda$onText$0(Connection.java:224)
	... 3 more
Caused by: org.openqa.selenium.WebDriverException: {"id":2221,"error":{"code":-32602,"message":"Invalid InterceptionId."},"sessionId":"69DE6D1A85B5D627489871F60443E14A"}
Build info: version: '4.11.0', revision: '040bc5406b'
System info: os.name: 'Windows 10', os.arch: 'amd64', os.version: '10.0', java.version: '11.0.18'
Driver info: driver.version: unknown
	at org.openqa.selenium.devtools.Connection.handle(Connection.java:260)
	... 5 more
авг. 16, 2023 4:22:57 PM org.openqa.selenium.devtools.Connection$Listener lambda$onText$0
WARNING: Unable to process: {"method":"Fetch.requestPaused","params":{"requestId":"interception-job-361.0","request":{"url":"http://localhost:8080/manifest.json","method":"GET","headers":{"Accept":"*/*","Referer":"http://localhost:8080/","User-Agent":"Mozilla/5.0 (Windows NT 10.0; Win64; x64) AppleWebKit/537.36 (KHTML, like Gecko) Chrome/116.0.0.0 Safari/537.36","sec-ch-ua":"\"Chromium\";v=\"116\", \"Not)A;Brand\";v=\"24\", \"Google Chrome\";v=\"116\"","sec-ch-ua-mobile":"?0","sec-ch-ua-platform":"\"Windows\""},"initialPriority":"Medium","referrerPolicy":"unsafe-url"},"frameId":"D165F02B89151667DFD1BF49856829E7","resourceType":"Other","responseStatusCode":200,"responseStatusText":"","responseHeaders":[{"name":"Vary","value":"Origin"},{"name":"Vary","value":"Access-Control-Request-Method"},{"name":"Vary","value":"Access-Control-Request-Headers"},{"name":"Last-Modified","value":"Thu, 03 Aug 2023 10:18:16 GMT"},{"name":"Accept-Ranges","value":"bytes"},{"name":"Content-Type","value":"application/json"},{"name":"Content-Length","value":"492"},{"name":"Date","value":"Wed, 16 Aug 2023 13:20:22 GMT"}]},"sessionId":"69DE6D1A85B5D627489871F60443E14A"}
org.openqa.selenium.devtools.DevToolsException: {"id":2230,"error":{"code":-32602,"message":"Invalid InterceptionId."},"sessionId":"69DE6D1A85B5D627489871F60443E14A"}
Build info: version: '4.11.0', revision: '040bc5406b'
System info: os.name: 'Windows 10', os.arch: 'amd64', os.version: '10.0', java.version: '11.0.18'
Driver info: driver.version: unknown
	at org.openqa.selenium.devtools.Connection.sendAndWait(Connection.java:181)
	at org.openqa.selenium.devtools.DevTools.send(DevTools.java:81)
	at org.openqa.selenium.devtools.idealized.Network.lambda$prepareToInterceptTraffic$4(Network.java:194)
	at org.openqa.selenium.devtools.Connection.lambda$handle$4(Connection.java:321)
	at java.base/java.util.stream.ForEachOps$ForEachOp$OfRef.accept(ForEachOps.java:183)
	at java.base/java.util.stream.ReferencePipeline$2$1.accept(ReferencePipeline.java:177)
	at java.base/java.util.stream.ReferencePipeline$11$1.accept(ReferencePipeline.java:442)
	at java.base/java.util.HashMap$KeySpliterator.forEachRemaining(HashMap.java:1621)
	at java.base/java.util.stream.AbstractPipeline.copyInto(AbstractPipeline.java:484)
	at java.base/java.util.stream.AbstractPipeline.wrapAndCopyInto(AbstractPipeline.java:474)
	at java.base/java.util.stream.ForEachOps$ForEachOp.evaluateSequential(ForEachOps.java:150)
	at java.base/java.util.stream.ForEachOps$ForEachOp$OfRef.evaluateSequential(ForEachOps.java:173)
	at java.base/java.util.stream.AbstractPipeline.evaluate(AbstractPipeline.java:234)
	at java.base/java.util.stream.ReferencePipeline.forEach(ReferencePipeline.java:497)
	at org.openqa.selenium.devtools.Connection.handle(Connection.java:287)
	at org.openqa.selenium.devtools.Connection.access$200(Connection.java:57)
	at org.openqa.selenium.devtools.Connection$Listener.lambda$onText$0(Connection.java:224)
	at java.base/java.util.concurrent.ThreadPoolExecutor.runWorker(ThreadPoolExecutor.java:1128)
	at java.base/java.util.concurrent.ThreadPoolExecutor$Worker.run(ThreadPoolExecutor.java:628)
	at java.base/java.lang.Thread.run(Thread.java:829)
Caused by: org.openqa.selenium.WebDriverException: {"id":2230,"error":{"code":-32602,"message":"Invalid InterceptionId."},"sessionId":"69DE6D1A85B5D627489871F60443E14A"}
Build info: version: '4.11.0', revision: '040bc5406b'
System info: os.name: 'Windows 10', os.arch: 'amd64', os.version: '10.0', java.version: '11.0.18'
Driver info: driver.version: unknown
	at org.openqa.selenium.devtools.Connection.handle(Connection.java:260)
	... 5 more

Exception in thread "CDP Connection" org.openqa.selenium.devtools.DevToolsException: {"id":2230,"error":{"code":-32602,"message":"Invalid InterceptionId."},"sessionId":"69DE6D1A85B5D627489871F60443E14A"}
Build info: version: '4.11.0', revision: '040bc5406b'
System info: os.name: 'Windows 10', os.arch: 'amd64', os.version: '10.0', java.version: '11.0.18'
Driver info: driver.version: unknown
	at org.openqa.selenium.devtools.Connection$Listener.lambda$onText$0(Connection.java:227)
	at java.base/java.util.concurrent.ThreadPoolExecutor.runWorker(ThreadPoolExecutor.java:1128)
	at java.base/java.util.concurrent.ThreadPoolExecutor$Worker.run(ThreadPoolExecutor.java:628)
	at java.base/java.lang.Thread.run(Thread.java:829)
Caused by: org.openqa.selenium.devtools.DevToolsException: {"id":2230,"error":{"code":-32602,"message":"Invalid InterceptionId."},"sessionId":"69DE6D1A85B5D627489871F60443E14A"}
Build info: version: '4.11.0', revision: '040bc5406b'
System info: os.name: 'Windows 10', os.arch: 'amd64', os.version: '10.0', java.version: '11.0.18'
Driver info: driver.version: unknown
	at org.openqa.selenium.devtools.Connection.sendAndWait(Connection.java:181)
	at org.openqa.selenium.devtools.DevTools.send(DevTools.java:81)
	at org.openqa.selenium.devtools.idealized.Network.lambda$prepareToInterceptTraffic$4(Network.java:194)
	at org.openqa.selenium.devtools.Connection.lambda$handle$4(Connection.java:321)
	at java.base/java.util.stream.ForEachOps$ForEachOp$OfRef.accept(ForEachOps.java:183)
	at java.base/java.util.stream.ReferencePipeline$2$1.accept(ReferencePipeline.java:177)
	at java.base/java.util.stream.ReferencePipeline$11$1.accept(ReferencePipeline.java:442)
	at java.base/java.util.HashMap$KeySpliterator.forEachRemaining(HashMap.java:1621)
	at java.base/java.util.stream.AbstractPipeline.copyInto(AbstractPipeline.java:484)
	at java.base/java.util.stream.AbstractPipeline.wrapAndCopyInto(AbstractPipeline.java:474)
	at java.base/java.util.stream.ForEachOps$ForEachOp.evaluateSequential(ForEachOps.java:150)
	at java.base/java.util.stream.ForEachOps$ForEachOp$OfRef.evaluateSequential(ForEachOps.java:173)
	at java.base/java.util.stream.AbstractPipeline.evaluate(AbstractPipeline.java:234)
	at java.base/java.util.stream.ReferencePipeline.forEach(ReferencePipeline.java:497)
	at org.openqa.selenium.devtools.Connection.handle(Connection.java:287)
	at org.openqa.selenium.devtools.Connection.access$200(Connection.java:57)
	at org.openqa.selenium.devtools.Connection$Listener.lambda$onText$0(Connection.java:224)
	... 3 more
Caused by: org.openqa.selenium.WebDriverException: {"id":2230,"error":{"code":-32602,"message":"Invalid InterceptionId."},"sessionId":"69DE6D1A85B5D627489871F60443E14A"}
Build info: version: '4.11.0', revision: '040bc5406b'
System info: os.name: 'Windows 10', os.arch: 'amd64', os.version: '10.0', java.version: '11.0.18'
Driver info: driver.version: unknown
	at org.openqa.selenium.devtools.Connection.handle(Connection.java:260)
	... 5 more
авг. 16, 2023 4:22:57 PM org.openqa.selenium.devtools.Connection$Listener lambda$onText$0
WARNING: Unable to process: {"method":"Fetch.requestPaused","params":{"requestId":"interception-job-362.0","request":{"url":"http://localhost:8080/favicon.ico","method":"GET","headers":{"Accept":"image/avif,image/webp,image/apng,image/svg+xml,image/*,*/*;q=0.8","Referer":"http://localhost:8080/","User-Agent":"Mozilla/5.0 (Windows NT 10.0; Win64; x64) AppleWebKit/537.36 (KHTML, like Gecko) Chrome/116.0.0.0 Safari/537.36","sec-ch-ua":"\"Chromium\";v=\"116\", \"Not)A;Brand\";v=\"24\", \"Google Chrome\";v=\"116\"","sec-ch-ua-mobile":"?0","sec-ch-ua-platform":"\"Windows\""},"initialPriority":"High","referrerPolicy":"unsafe-url"},"frameId":"D165F02B89151667DFD1BF49856829E7","resourceType":"Other","responseStatusCode":200,"responseStatusText":"","responseHeaders":[{"name":"Vary","value":"Origin"},{"name":"Vary","value":"Access-Control-Request-Method"},{"name":"Vary","value":"Access-Control-Request-Headers"},{"name":"Last-Modified","value":"Thu, 03 Aug 2023 10:18:16 GMT"},{"name":"Accept-Ranges","value":"bytes"},{"name":"Content-Type","value":"image/x-icon"},{"name":"Content-Length","value":"4286"},{"name":"Date","value":"Wed, 16 Aug 2023 13:20:23 GMT"}]},"sessionId":"69DE6D1A85B5D627489871F60443E14A"}
org.openqa.selenium.devtools.DevToolsException: {"id":2232,"error":{"code":-32602,"message":"Invalid InterceptionId."},"sessionId":"69DE6D1A85B5D627489871F60443E14A"}
Build info: version: '4.11.0', revision: '040bc5406b'
System info: os.name: 'Windows 10', os.arch: 'amd64', os.version: '10.0', java.version: '11.0.18'
Driver info: driver.version: unknown
	at org.openqa.selenium.devtools.Connection.sendAndWait(Connection.java:181)
	at org.openqa.selenium.devtools.DevTools.send(DevTools.java:81)
	at org.openqa.selenium.devtools.idealized.Network.lambda$prepareToInterceptTraffic$4(Network.java:194)
	at org.openqa.selenium.devtools.Connection.lambda$handle$4(Connection.java:321)
	at java.base/java.util.stream.ForEachOps$ForEachOp$OfRef.accept(ForEachOps.java:183)
	at java.base/java.util.stream.ReferencePipeline$2$1.accept(ReferencePipeline.java:177)
	at java.base/java.util.stream.ReferencePipeline$11$1.accept(ReferencePipeline.java:442)
	at java.base/java.util.HashMap$KeySpliterator.forEachRemaining(HashMap.java:1621)
	at java.base/java.util.stream.AbstractPipeline.copyInto(AbstractPipeline.java:484)
	at java.base/java.util.stream.AbstractPipeline.wrapAndCopyInto(AbstractPipeline.java:474)
	at java.base/java.util.stream.ForEachOps$ForEachOp.evaluateSequential(ForEachOps.java:150)
	at java.base/java.util.stream.ForEachOps$ForEachOp$OfRef.evaluateSequential(ForEachOps.java:173)
	at java.base/java.util.stream.AbstractPipeline.evaluate(AbstractPipeline.java:234)
	at java.base/java.util.stream.ReferencePipeline.forEach(ReferencePipeline.java:497)
	at org.openqa.selenium.devtools.Connection.handle(Connection.java:287)
	at org.openqa.selenium.devtools.Connection.access$200(Connection.java:57)
	at org.openqa.selenium.devtools.Connection$Listener.lambda$onText$0(Connection.java:224)
	at java.base/java.util.concurrent.ThreadPoolExecutor.runWorker(ThreadPoolExecutor.java:1128)
	at java.base/java.util.concurrent.ThreadPoolExecutor$Worker.run(ThreadPoolExecutor.java:628)
	at java.base/java.lang.Thread.run(Thread.java:829)
Caused by: org.openqa.selenium.WebDriverException: {"id":2232,"error":{"code":-32602,"message":"Invalid InterceptionId."},"sessionId":"69DE6D1A85B5D627489871F60443E14A"}
Build info: version: '4.11.0', revision: '040bc5406b'
System info: os.name: 'Windows 10', os.arch: 'amd64', os.version: '10.0', java.version: '11.0.18'
Driver info: driver.version: unknown
	at org.openqa.selenium.devtools.Connection.handle(Connection.java:260)
	... 5 more

Exception in thread "CDP Connection" org.openqa.selenium.devtools.DevToolsException: {"id":2232,"error":{"code":-32602,"message":"Invalid InterceptionId."},"sessionId":"69DE6D1A85B5D627489871F60443E14A"}
Build info: version: '4.11.0', revision: '040bc5406b'
System info: os.name: 'Windows 10', os.arch: 'amd64', os.version: '10.0', java.version: '11.0.18'
Driver info: driver.version: unknown
	at org.openqa.selenium.devtools.Connection$Listener.lambda$onText$0(Connection.java:227)
	at java.base/java.util.concurrent.ThreadPoolExecutor.runWorker(ThreadPoolExecutor.java:1128)
	at java.base/java.util.concurrent.ThreadPoolExecutor$Worker.run(ThreadPoolExecutor.java:628)
	at java.base/java.lang.Thread.run(Thread.java:829)
Caused by: org.openqa.selenium.devtools.DevToolsException: {"id":2232,"error":{"code":-32602,"message":"Invalid InterceptionId."},"sessionId":"69DE6D1A85B5D627489871F60443E14A"}
Build info: version: '4.11.0', revision: '040bc5406b'
System info: os.name: 'Windows 10', os.arch: 'amd64', os.version: '10.0', java.version: '11.0.18'
Driver info: driver.version: unknown
	at org.openqa.selenium.devtools.Connection.sendAndWait(Connection.java:181)
	at org.openqa.selenium.devtools.DevTools.send(DevTools.java:81)
	at org.openqa.selenium.devtools.idealized.Network.lambda$prepareToInterceptTraffic$4(Network.java:194)
	at org.openqa.selenium.devtools.Connection.lambda$handle$4(Connection.java:321)
	at java.base/java.util.stream.ForEachOps$ForEachOp$OfRef.accept(ForEachOps.java:183)
	at java.base/java.util.stream.ReferencePipeline$2$1.accept(ReferencePipeline.java:177)
	at java.base/java.util.stream.ReferencePipeline$11$1.accept(ReferencePipeline.java:442)
	at java.base/java.util.HashMap$KeySpliterator.forEachRemaining(HashMap.java:1621)
	at java.base/java.util.stream.AbstractPipeline.copyInto(AbstractPipeline.java:484)
	at java.base/java.util.stream.AbstractPipeline.wrapAndCopyInto(AbstractPipeline.java:474)
	at java.base/java.util.stream.ForEachOps$ForEachOp.evaluateSequential(ForEachOps.java:150)
	at java.base/java.util.stream.ForEachOps$ForEachOp$OfRef.evaluateSequential(ForEachOps.java:173)
	at java.base/java.util.stream.AbstractPipeline.evaluate(AbstractPipeline.java:234)
	at java.base/java.util.stream.ReferencePipeline.forEach(ReferencePipeline.java:497)
	at org.openqa.selenium.devtools.Connection.handle(Connection.java:287)
	at org.openqa.selenium.devtools.Connection.access$200(Connection.java:57)
	at org.openqa.selenium.devtools.Connection$Listener.lambda$onText$0(Connection.java:224)
	... 3 more
Caused by: org.openqa.selenium.WebDriverException: {"id":2232,"error":{"code":-32602,"message":"Invalid InterceptionId."},"sessionId":"69DE6D1A85B5D627489871F60443E14A"}
Build info: version: '4.11.0', revision: '040bc5406b'
System info: os.name: 'Windows 10', os.arch: 'amd64', os.version: '10.0', java.version: '11.0.18'
Driver info: driver.version: unknown
	at org.openqa.selenium.devtools.Connection.handle(Connection.java:260)
	... 5 more
авг. 16, 2023 4:22:57 PM org.openqa.selenium.devtools.Connection$Listener lambda$onText$0
WARNING: Unable to process: {"method":"Fetch.requestPaused","params":{"requestId":"interception-job-361.0","request":{"url":"http://localhost:8080/manifest.json","method":"GET","headers":{"Accept":"*/*","Referer":"http://localhost:8080/","User-Agent":"Mozilla/5.0 (Windows NT 10.0; Win64; x64) AppleWebKit/537.36 (KHTML, like Gecko) Chrome/116.0.0.0 Safari/537.36","sec-ch-ua":"\"Chromium\";v=\"116\", \"Not)A;Brand\";v=\"24\", \"Google Chrome\";v=\"116\"","sec-ch-ua-mobile":"?0","sec-ch-ua-platform":"\"Windows\""},"initialPriority":"Medium","referrerPolicy":"strict-origin-when-cross-origin"},"frameId":"D165F02B89151667DFD1BF49856829E7","resourceType":"Other"},"sessionId":"69DE6D1A85B5D627489871F60443E14A"}
org.openqa.selenium.devtools.DevToolsException: {"id":2231,"error":{"code":-32602,"message":"Invalid InterceptionId."},"sessionId":"69DE6D1A85B5D627489871F60443E14A"}
Build info: version: '4.11.0', revision: '040bc5406b'
System info: os.name: 'Windows 10', os.arch: 'amd64', os.version: '10.0', java.version: '11.0.18'
Driver info: driver.version: unknown
	at org.openqa.selenium.devtools.Connection.sendAndWait(Connection.java:181)
	at org.openqa.selenium.devtools.DevTools.send(DevTools.java:81)
	at org.openqa.selenium.devtools.idealized.Network.lambda$prepareToInterceptTraffic$3(Network.java:211)
	at org.openqa.selenium.remote.http.Filter.lambda$andFinally$1(Filter.java:55)
	at org.openqa.selenium.devtools.idealized.Network.lambda$prepareToInterceptTraffic$4(Network.java:226)
	at org.openqa.selenium.devtools.Connection.lambda$handle$4(Connection.java:321)
	at java.base/java.util.stream.ForEachOps$ForEachOp$OfRef.accept(ForEachOps.java:183)
	at java.base/java.util.stream.ReferencePipeline$2$1.accept(ReferencePipeline.java:177)
	at java.base/java.util.stream.ReferencePipeline$11$1.accept(ReferencePipeline.java:442)
	at java.base/java.util.HashMap$KeySpliterator.forEachRemaining(HashMap.java:1621)
	at java.base/java.util.stream.AbstractPipeline.copyInto(AbstractPipeline.java:484)
	at java.base/java.util.stream.AbstractPipeline.wrapAndCopyInto(AbstractPipeline.java:474)
	at java.base/java.util.stream.ForEachOps$ForEachOp.evaluateSequential(ForEachOps.java:150)
	at java.base/java.util.stream.ForEachOps$ForEachOp$OfRef.evaluateSequential(ForEachOps.java:173)
	at java.base/java.util.stream.AbstractPipeline.evaluate(AbstractPipeline.java:234)
	at java.base/java.util.stream.ReferencePipeline.forEach(ReferencePipeline.java:497)
	at org.openqa.selenium.devtools.Connection.handle(Connection.java:287)
	at org.openqa.selenium.devtools.Connection.access$200(Connection.java:57)
	at org.openqa.selenium.devtools.Connection$Listener.lambda$onText$0(Connection.java:224)
	at java.base/java.util.concurrent.ThreadPoolExecutor.runWorker(ThreadPoolExecutor.java:1128)
	at java.base/java.util.concurrent.ThreadPoolExecutor$Worker.run(ThreadPoolExecutor.java:628)
	at java.base/java.lang.Thread.run(Thread.java:829)
Caused by: org.openqa.selenium.WebDriverException: {"id":2231,"error":{"code":-32602,"message":"Invalid InterceptionId."},"sessionId":"69DE6D1A85B5D627489871F60443E14A"}
Build info: version: '4.11.0', revision: '040bc5406b'
System info: os.name: 'Windows 10', os.arch: 'amd64', os.version: '10.0', java.version: '11.0.18'
Driver info: driver.version: unknown
	at org.openqa.selenium.devtools.Connection.handle(Connection.java:260)
	... 5 more

Exception in thread "CDP Connection" org.openqa.selenium.devtools.DevToolsException: {"id":2231,"error":{"code":-32602,"message":"Invalid InterceptionId."},"sessionId":"69DE6D1A85B5D627489871F60443E14A"}
Build info: version: '4.11.0', revision: '040bc5406b'
System info: os.name: 'Windows 10', os.arch: 'amd64', os.version: '10.0', java.version: '11.0.18'
Driver info: driver.version: unknown
	at org.openqa.selenium.devtools.Connection$Listener.lambda$onText$0(Connection.java:227)
	at java.base/java.util.concurrent.ThreadPoolExecutor.runWorker(ThreadPoolExecutor.java:1128)
	at java.base/java.util.concurrent.ThreadPoolExecutor$Worker.run(ThreadPoolExecutor.java:628)
	at java.base/java.lang.Thread.run(Thread.java:829)
Caused by: org.openqa.selenium.devtools.DevToolsException: {"id":2231,"error":{"code":-32602,"message":"Invalid InterceptionId."},"sessionId":"69DE6D1A85B5D627489871F60443E14A"}
Build info: version: '4.11.0', revision: '040bc5406b'
System info: os.name: 'Windows 10', os.arch: 'amd64', os.version: '10.0', java.version: '11.0.18'
Driver info: driver.version: unknown
	at org.openqa.selenium.devtools.Connection.sendAndWait(Connection.java:181)
	at org.openqa.selenium.devtools.DevTools.send(DevTools.java:81)
	at org.openqa.selenium.devtools.idealized.Network.lambda$prepareToInterceptTraffic$3(Network.java:211)
	at org.openqa.selenium.remote.http.Filter.lambda$andFinally$1(Filter.java:55)
	at org.openqa.selenium.devtools.idealized.Network.lambda$prepareToInterceptTraffic$4(Network.java:226)
	at org.openqa.selenium.devtools.Connection.lambda$handle$4(Connection.java:321)
	at java.base/java.util.stream.ForEachOps$ForEachOp$OfRef.accept(ForEachOps.java:183)
	at java.base/java.util.stream.ReferencePipeline$2$1.accept(ReferencePipeline.java:177)
	at java.base/java.util.stream.ReferencePipeline$11$1.accept(ReferencePipeline.java:442)
	at java.base/java.util.HashMap$KeySpliterator.forEachRemaining(HashMap.java:1621)
	at java.base/java.util.stream.AbstractPipeline.copyInto(AbstractPipeline.java:484)
	at java.base/java.util.stream.AbstractPipeline.wrapAndCopyInto(AbstractPipeline.java:474)
	at java.base/java.util.stream.ForEachOps$ForEachOp.evaluateSequential(ForEachOps.java:150)
	at java.base/java.util.stream.ForEachOps$ForEachOp$OfRef.evaluateSequential(ForEachOps.java:173)
	at java.base/java.util.stream.AbstractPipeline.evaluate(AbstractPipeline.java:234)
	at java.base/java.util.stream.ReferencePipeline.forEach(ReferencePipeline.java:497)
	at org.openqa.selenium.devtools.Connection.handle(Connection.java:287)
	at org.openqa.selenium.devtools.Connection.access$200(Connection.java:57)
	at org.openqa.selenium.devtools.Connection$Listener.lambda$onText$0(Connection.java:224)
	... 3 more
Caused by: org.openqa.selenium.WebDriverException: {"id":2231,"error":{"code":-32602,"message":"Invalid InterceptionId."},"sessionId":"69DE6D1A85B5D627489871F60443E14A"}
Build info: version: '4.11.0', revision: '040bc5406b'
System info: os.name: 'Windows 10', os.arch: 'amd64', os.version: '10.0', java.version: '11.0.18'
Driver info: driver.version: unknown
	at org.openqa.selenium.devtools.Connection.handle(Connection.java:260)
	... 5 more
авг. 16, 2023 4:22:57 PM org.openqa.selenium.devtools.Connection$Listener lambda$onText$0
WARNING: Unable to process: {"method":"Fetch.requestPaused","params":{"requestId":"interception-job-362.0","request":{"url":"http://localhost:8080/favicon.ico","method":"GET","headers":{"Accept":"image/avif,image/webp,image/apng,image/svg+xml,image/*,*/*;q=0.8","Referer":"http://localhost:8080/","User-Agent":"Mozilla/5.0 (Windows NT 10.0; Win64; x64) AppleWebKit/537.36 (KHTML, like Gecko) Chrome/116.0.0.0 Safari/537.36","sec-ch-ua":"\"Chromium\";v=\"116\", \"Not)A;Brand\";v=\"24\", \"Google Chrome\";v=\"116\"","sec-ch-ua-mobile":"?0","sec-ch-ua-platform":"\"Windows\""},"initialPriority":"High","referrerPolicy":"strict-origin-when-cross-origin"},"frameId":"D165F02B89151667DFD1BF49856829E7","resourceType":"Other"},"sessionId":"69DE6D1A85B5D627489871F60443E14A"}
org.openqa.selenium.devtools.DevToolsException: {"id":2233,"error":{"code":-32602,"message":"Invalid InterceptionId."},"sessionId":"69DE6D1A85B5D627489871F60443E14A"}
Build info: version: '4.11.0', revision: '040bc5406b'
System info: os.name: 'Windows 10', os.arch: 'amd64', os.version: '10.0', java.version: '11.0.18'
Driver info: driver.version: unknown
	at org.openqa.selenium.devtools.Connection.sendAndWait(Connection.java:181)
	at org.openqa.selenium.devtools.DevTools.send(DevTools.java:81)
	at org.openqa.selenium.devtools.idealized.Network.lambda$prepareToInterceptTraffic$3(Network.java:211)
	at org.openqa.selenium.remote.http.Filter.lambda$andFinally$1(Filter.java:55)
	at org.openqa.selenium.devtools.idealized.Network.lambda$prepareToInterceptTraffic$4(Network.java:226)
	at org.openqa.selenium.devtools.Connection.lambda$handle$4(Connection.java:321)
	at java.base/java.util.stream.ForEachOps$ForEachOp$OfRef.accept(ForEachOps.java:183)
	at java.base/java.util.stream.ReferencePipeline$2$1.accept(ReferencePipeline.java:177)
	at java.base/java.util.stream.ReferencePipeline$11$1.accept(ReferencePipeline.java:442)
	at java.base/java.util.HashMap$KeySpliterator.forEachRemaining(HashMap.java:1621)
	at java.base/java.util.stream.AbstractPipeline.copyInto(AbstractPipeline.java:484)
	at java.base/java.util.stream.AbstractPipeline.wrapAndCopyInto(AbstractPipeline.java:474)
	at java.base/java.util.stream.ForEachOps$ForEachOp.evaluateSequential(ForEachOps.java:150)
	at java.base/java.util.stream.ForEachOps$ForEachOp$OfRef.evaluateSequential(ForEachOps.java:173)
	at java.base/java.util.stream.AbstractPipeline.evaluate(AbstractPipeline.java:234)
	at java.base/java.util.stream.ReferencePipeline.forEach(ReferencePipeline.java:497)
	at org.openqa.selenium.devtools.Connection.handle(Connection.java:287)
	at org.openqa.selenium.devtools.Connection.access$200(Connection.java:57)
	at org.openqa.selenium.devtools.Connection$Listener.lambda$onText$0(Connection.java:224)
	at java.base/java.util.concurrent.ThreadPoolExecutor.runWorker(ThreadPoolExecutor.java:1128)
	at java.base/java.util.concurrent.ThreadPoolExecutor$Worker.run(ThreadPoolExecutor.java:628)
	at java.base/java.lang.Thread.run(Thread.java:829)
Caused by: org.openqa.selenium.WebDriverException: {"id":2233,"error":{"code":-32602,"message":"Invalid InterceptionId."},"sessionId":"69DE6D1A85B5D627489871F60443E14A"}
Build info: version: '4.11.0', revision: '040bc5406b'
System info: os.name: 'Windows 10', os.arch: 'amd64', os.version: '10.0', java.version: '11.0.18'
Driver info: driver.version: unknown
	at org.openqa.selenium.devtools.Connection.handle(Connection.java:260)
	... 5 more

Exception in thread "CDP Connection" org.openqa.selenium.devtools.DevToolsException: {"id":2233,"error":{"code":-32602,"message":"Invalid InterceptionId."},"sessionId":"69DE6D1A85B5D627489871F60443E14A"}
Build info: version: '4.11.0', revision: '040bc5406b'
System info: os.name: 'Windows 10', os.arch: 'amd64', os.version: '10.0', java.version: '11.0.18'
Driver info: driver.version: unknown
	at org.openqa.selenium.devtools.Connection$Listener.lambda$onText$0(Connection.java:227)
	at java.base/java.util.concurrent.ThreadPoolExecutor.runWorker(ThreadPoolExecutor.java:1128)
	at java.base/java.util.concurrent.ThreadPoolExecutor$Worker.run(ThreadPoolExecutor.java:628)
	at java.base/java.lang.Thread.run(Thread.java:829)
Caused by: org.openqa.selenium.devtools.DevToolsException: {"id":2233,"error":{"code":-32602,"message":"Invalid InterceptionId."},"sessionId":"69DE6D1A85B5D627489871F60443E14A"}
Build info: version: '4.11.0', revision: '040bc5406b'
System info: os.name: 'Windows 10', os.arch: 'amd64', os.version: '10.0', java.version: '11.0.18'
Driver info: driver.version: unknown
	at org.openqa.selenium.devtools.Connection.sendAndWait(Connection.java:181)
	at org.openqa.selenium.devtools.DevTools.send(DevTools.java:81)
	at org.openqa.selenium.devtools.idealized.Network.lambda$prepareToInterceptTraffic$3(Network.java:211)
	at org.openqa.selenium.remote.http.Filter.lambda$andFinally$1(Filter.java:55)
	at org.openqa.selenium.devtools.idealized.Network.lambda$prepareToInterceptTraffic$4(Network.java:226)
	at org.openqa.selenium.devtools.Connection.lambda$handle$4(Connection.java:321)
	at java.base/java.util.stream.ForEachOps$ForEachOp$OfRef.accept(ForEachOps.java:183)
	at java.base/java.util.stream.ReferencePipeline$2$1.accept(ReferencePipeline.java:177)
	at java.base/java.util.stream.ReferencePipeline$11$1.accept(ReferencePipeline.java:442)
	at java.base/java.util.HashMap$KeySpliterator.forEachRemaining(HashMap.java:1621)
	at java.base/java.util.stream.AbstractPipeline.copyInto(AbstractPipeline.java:484)
	at java.base/java.util.stream.AbstractPipeline.wrapAndCopyInto(AbstractPipeline.java:474)
	at java.base/java.util.stream.ForEachOps$ForEachOp.evaluateSequential(ForEachOps.java:150)
	at java.base/java.util.stream.ForEachOps$ForEachOp$OfRef.evaluateSequential(ForEachOps.java:173)
	at java.base/java.util.stream.AbstractPipeline.evaluate(AbstractPipeline.java:234)
	at java.base/java.util.stream.ReferencePipeline.forEach(ReferencePipeline.java:497)
	at org.openqa.selenium.devtools.Connection.handle(Connection.java:287)
	at org.openqa.selenium.devtools.Connection.access$200(Connection.java:57)
	at org.openqa.selenium.devtools.Connection$Listener.lambda$onText$0(Connection.java:224)
	... 3 more
Caused by: org.openqa.selenium.WebDriverException: {"id":2233,"error":{"code":-32602,"message":"Invalid InterceptionId."},"sessionId":"69DE6D1A85B5D627489871F60443E14A"}
Build info: version: '4.11.0', revision: '040bc5406b'
System info: os.name: 'Windows 10', os.arch: 'amd64', os.version: '10.0', java.version: '11.0.18'
Driver info: driver.version: unknown
	at org.openqa.selenium.devtools.Connection.handle(Connection.java:260)
	... 5 more
авг. 16, 2023 4:22:57 PM org.openqa.selenium.devtools.Connection$Listener lambda$onText$0
WARNING: Unable to process: {"method":"Fetch.requestPaused","params":{"requestId":"interception-job-363.0","request":{"url":"http://localhost:8080/logo192.png","method":"GET","headers":{"Accept":"image/avif,image/webp,image/apng,image/svg+xml,image/*,*/*;q=0.8","Referer":"http://localhost:8080/","User-Agent":"Mozilla/5.0 (Windows NT 10.0; Win64; x64) AppleWebKit/537.36 (KHTML, like Gecko) Chrome/116.0.0.0 Safari/537.36","sec-ch-ua":"\"Chromium\";v=\"116\", \"Not)A;Brand\";v=\"24\", \"Google Chrome\";v=\"116\"","sec-ch-ua-mobile":"?0","sec-ch-ua-platform":"\"Windows\""},"initialPriority":"High","referrerPolicy":"unsafe-url"},"frameId":"D165F02B89151667DFD1BF49856829E7","resourceType":"Image","responseStatusCode":200,"responseStatusText":"","responseHeaders":[{"name":"Vary","value":"Origin"},{"name":"Vary","value":"Access-Control-Request-Method"},{"name":"Vary","value":"Access-Control-Request-Headers"},{"name":"Last-Modified","value":"Thu, 03 Aug 2023 10:18:16 GMT"},{"name":"Accept-Ranges","value":"bytes"},{"name":"Content-Type","value":"image/png"},{"name":"Content-Length","value":"8581"},{"name":"Date","value":"Wed, 16 Aug 2023 13:20:23 GMT"}]},"sessionId":"69DE6D1A85B5D627489871F60443E14A"}
org.openqa.selenium.devtools.DevToolsException: {"id":2238,"error":{"code":-32602,"message":"Invalid InterceptionId."},"sessionId":"69DE6D1A85B5D627489871F60443E14A"}
Build info: version: '4.11.0', revision: '040bc5406b'
System info: os.name: 'Windows 10', os.arch: 'amd64', os.version: '10.0', java.version: '11.0.18'
Driver info: driver.version: unknown
	at org.openqa.selenium.devtools.Connection.sendAndWait(Connection.java:181)
	at org.openqa.selenium.devtools.DevTools.send(DevTools.java:81)
	at org.openqa.selenium.devtools.idealized.Network.lambda$prepareToInterceptTraffic$4(Network.java:194)
	at org.openqa.selenium.devtools.Connection.lambda$handle$4(Connection.java:321)
	at java.base/java.util.stream.ForEachOps$ForEachOp$OfRef.accept(ForEachOps.java:183)
	at java.base/java.util.stream.ReferencePipeline$2$1.accept(ReferencePipeline.java:177)
	at java.base/java.util.stream.ReferencePipeline$11$1.accept(ReferencePipeline.java:442)
	at java.base/java.util.HashMap$KeySpliterator.forEachRemaining(HashMap.java:1621)
	at java.base/java.util.stream.AbstractPipeline.copyInto(AbstractPipeline.java:484)
	at java.base/java.util.stream.AbstractPipeline.wrapAndCopyInto(AbstractPipeline.java:474)
	at java.base/java.util.stream.ForEachOps$ForEachOp.evaluateSequential(ForEachOps.java:150)
	at java.base/java.util.stream.ForEachOps$ForEachOp$OfRef.evaluateSequential(ForEachOps.java:173)
	at java.base/java.util.stream.AbstractPipeline.evaluate(AbstractPipeline.java:234)
	at java.base/java.util.stream.ReferencePipeline.forEach(ReferencePipeline.java:497)
	at org.openqa.selenium.devtools.Connection.handle(Connection.java:287)
	at org.openqa.selenium.devtools.Connection.access$200(Connection.java:57)
	at org.openqa.selenium.devtools.Connection$Listener.lambda$onText$0(Connection.java:224)
	at java.base/java.util.concurrent.ThreadPoolExecutor.runWorker(ThreadPoolExecutor.java:1128)
	at java.base/java.util.concurrent.ThreadPoolExecutor$Worker.run(ThreadPoolExecutor.java:628)
	at java.base/java.lang.Thread.run(Thread.java:829)
Caused by: org.openqa.selenium.WebDriverException: {"id":2238,"error":{"code":-32602,"message":"Invalid InterceptionId."},"sessionId":"69DE6D1A85B5D627489871F60443E14A"}
Build info: version: '4.11.0', revision: '040bc5406b'
System info: os.name: 'Windows 10', os.arch: 'amd64', os.version: '10.0', java.version: '11.0.18'
Driver info: driver.version: unknown
	at org.openqa.selenium.devtools.Connection.handle(Connection.java:260)
	... 5 more

Exception in thread "CDP Connection" org.openqa.selenium.devtools.DevToolsException: {"id":2238,"error":{"code":-32602,"message":"Invalid InterceptionId."},"sessionId":"69DE6D1A85B5D627489871F60443E14A"}
Build info: version: '4.11.0', revision: '040bc5406b'
System info: os.name: 'Windows 10', os.arch: 'amd64', os.version: '10.0', java.version: '11.0.18'
Driver info: driver.version: unknown
	at org.openqa.selenium.devtools.Connection$Listener.lambda$onText$0(Connection.java:227)
	at java.base/java.util.concurrent.ThreadPoolExecutor.runWorker(ThreadPoolExecutor.java:1128)
	at java.base/java.util.concurrent.ThreadPoolExecutor$Worker.run(ThreadPoolExecutor.java:628)
	at java.base/java.lang.Thread.run(Thread.java:829)
Caused by: org.openqa.selenium.devtools.DevToolsException: {"id":2238,"error":{"code":-32602,"message":"Invalid InterceptionId."},"sessionId":"69DE6D1A85B5D627489871F60443E14A"}
Build info: version: '4.11.0', revision: '040bc5406b'
System info: os.name: 'Windows 10', os.arch: 'amd64', os.version: '10.0', java.version: '11.0.18'
Driver info: driver.version: unknown
	at org.openqa.selenium.devtools.Connection.sendAndWait(Connection.java:181)
	at org.openqa.selenium.devtools.DevTools.send(DevTools.java:81)
	at org.openqa.selenium.devtools.idealized.Network.lambda$prepareToInterceptTraffic$4(Network.java:194)
	at org.openqa.selenium.devtools.Connection.lambda$handle$4(Connection.java:321)
	at java.base/java.util.stream.ForEachOps$ForEachOp$OfRef.accept(ForEachOps.java:183)
	at java.base/java.util.stream.ReferencePipeline$2$1.accept(ReferencePipeline.java:177)
	at java.base/java.util.stream.ReferencePipeline$11$1.accept(ReferencePipeline.java:442)
	at java.base/java.util.HashMap$KeySpliterator.forEachRemaining(HashMap.java:1621)
	at java.base/java.util.stream.AbstractPipeline.copyInto(AbstractPipeline.java:484)
	at java.base/java.util.stream.AbstractPipeline.wrapAndCopyInto(AbstractPipeline.java:474)
	at java.base/java.util.stream.ForEachOps$ForEachOp.evaluateSequential(ForEachOps.java:150)
	at java.base/java.util.stream.ForEachOps$ForEachOp$OfRef.evaluateSequential(ForEachOps.java:173)
	at java.base/java.util.stream.AbstractPipeline.evaluate(AbstractPipeline.java:234)
	at java.base/java.util.stream.ReferencePipeline.forEach(ReferencePipeline.java:497)
	at org.openqa.selenium.devtools.Connection.handle(Connection.java:287)
	at org.openqa.selenium.devtools.Connection.access$200(Connection.java:57)
	at org.openqa.selenium.devtools.Connection$Listener.lambda$onText$0(Connection.java:224)
	... 3 more
Caused by: org.openqa.selenium.WebDriverException: {"id":2238,"error":{"code":-32602,"message":"Invalid InterceptionId."},"sessionId":"69DE6D1A85B5D627489871F60443E14A"}
Build info: version: '4.11.0', revision: '040bc5406b'
System info: os.name: 'Windows 10', os.arch: 'amd64', os.version: '10.0', java.version: '11.0.18'
Driver info: driver.version: unknown
	at org.openqa.selenium.devtools.Connection.handle(Connection.java:260)
	... 5 more
авг. 16, 2023 4:22:57 PM org.openqa.selenium.devtools.Connection$Listener lambda$onText$0
WARNING: Unable to process: {"method":"Fetch.requestPaused","params":{"requestId":"interception-job-363.0","request":{"url":"http://localhost:8080/logo192.png","method":"GET","headers":{"Accept":"image/avif,image/webp,image/apng,image/svg+xml,image/*,*/*;q=0.8","Referer":"http://localhost:8080/","User-Agent":"Mozilla/5.0 (Windows NT 10.0; Win64; x64) AppleWebKit/537.36 (KHTML, like Gecko) Chrome/116.0.0.0 Safari/537.36","sec-ch-ua":"\"Chromium\";v=\"116\", \"Not)A;Brand\";v=\"24\", \"Google Chrome\";v=\"116\"","sec-ch-ua-mobile":"?0","sec-ch-ua-platform":"\"Windows\""},"initialPriority":"High","referrerPolicy":"strict-origin-when-cross-origin"},"frameId":"D165F02B89151667DFD1BF49856829E7","resourceType":"Image"},"sessionId":"69DE6D1A85B5D627489871F60443E14A"}
org.openqa.selenium.devtools.DevToolsException: {"id":2239,"error":{"code":-32602,"message":"Invalid InterceptionId."},"sessionId":"69DE6D1A85B5D627489871F60443E14A"}
Build info: version: '4.11.0', revision: '040bc5406b'
System info: os.name: 'Windows 10', os.arch: 'amd64', os.version: '10.0', java.version: '11.0.18'
Driver info: driver.version: unknown
	at org.openqa.selenium.devtools.Connection.sendAndWait(Connection.java:181)
	at org.openqa.selenium.devtools.DevTools.send(DevTools.java:81)
	at org.openqa.selenium.devtools.idealized.Network.lambda$prepareToInterceptTraffic$3(Network.java:211)
	at org.openqa.selenium.remote.http.Filter.lambda$andFinally$1(Filter.java:55)
	at org.openqa.selenium.devtools.idealized.Network.lambda$prepareToInterceptTraffic$4(Network.java:226)
	at org.openqa.selenium.devtools.Connection.lambda$handle$4(Connection.java:321)
	at java.base/java.util.stream.ForEachOps$ForEachOp$OfRef.accept(ForEachOps.java:183)
	at java.base/java.util.stream.ReferencePipeline$2$1.accept(ReferencePipeline.java:177)
	at java.base/java.util.stream.ReferencePipeline$11$1.accept(ReferencePipeline.java:442)
	at java.base/java.util.HashMap$KeySpliterator.forEachRemaining(HashMap.java:1621)
	at java.base/java.util.stream.AbstractPipeline.copyInto(AbstractPipeline.java:484)
	at java.base/java.util.stream.AbstractPipeline.wrapAndCopyInto(AbstractPipeline.java:474)
	at java.base/java.util.stream.ForEachOps$ForEachOp.evaluateSequential(ForEachOps.java:150)
	at java.base/java.util.stream.ForEachOps$ForEachOp$OfRef.evaluateSequential(ForEachOps.java:173)
	at java.base/java.util.stream.AbstractPipeline.evaluate(AbstractPipeline.java:234)
	at java.base/java.util.stream.ReferencePipeline.forEach(ReferencePipeline.java:497)
	at org.openqa.selenium.devtools.Connection.handle(Connection.java:287)
	at org.openqa.selenium.devtools.Connection.access$200(Connection.java:57)
	at org.openqa.selenium.devtools.Connection$Listener.lambda$onText$0(Connection.java:224)
	at java.base/java.util.concurrent.ThreadPoolExecutor.runWorker(ThreadPoolExecutor.java:1128)
	at java.base/java.util.concurrent.ThreadPoolExecutor$Worker.run(ThreadPoolExecutor.java:628)
	at java.base/java.lang.Thread.run(Thread.java:829)
Caused by: org.openqa.selenium.WebDriverException: {"id":2239,"error":{"code":-32602,"message":"Invalid InterceptionId."},"sessionId":"69DE6D1A85B5D627489871F60443E14A"}
Build info: version: '4.11.0', revision: '040bc5406b'
System info: os.name: 'Windows 10', os.arch: 'amd64', os.version: '10.0', java.version: '11.0.18'
Driver info: driver.version: unknown
	at org.openqa.selenium.devtools.Connection.handle(Connection.java:260)
	... 5 more

Exception in thread "CDP Connection" org.openqa.selenium.devtools.DevToolsException: {"id":2239,"error":{"code":-32602,"message":"Invalid InterceptionId."},"sessionId":"69DE6D1A85B5D627489871F60443E14A"}
Build info: version: '4.11.0', revision: '040bc5406b'
System info: os.name: 'Windows 10', os.arch: 'amd64', os.version: '10.0', java.version: '11.0.18'
Driver info: driver.version: unknown
	at org.openqa.selenium.devtools.Connection$Listener.lambda$onText$0(Connection.java:227)
	at java.base/java.util.concurrent.ThreadPoolExecutor.runWorker(ThreadPoolExecutor.java:1128)
	at java.base/java.util.concurrent.ThreadPoolExecutor$Worker.run(ThreadPoolExecutor.java:628)
	at java.base/java.lang.Thread.run(Thread.java:829)
Caused by: org.openqa.selenium.devtools.DevToolsException: {"id":2239,"error":{"code":-32602,"message":"Invalid InterceptionId."},"sessionId":"69DE6D1A85B5D627489871F60443E14A"}
Build info: version: '4.11.0', revision: '040bc5406b'
System info: os.name: 'Windows 10', os.arch: 'amd64', os.version: '10.0', java.version: '11.0.18'
Driver info: driver.version: unknown
	at org.openqa.selenium.devtools.Connection.sendAndWait(Connection.java:181)
	at org.openqa.selenium.devtools.DevTools.send(DevTools.java:81)
	at org.openqa.selenium.devtools.idealized.Network.lambda$prepareToInterceptTraffic$3(Network.java:211)
	at org.openqa.selenium.remote.http.Filter.lambda$andFinally$1(Filter.java:55)
	at org.openqa.selenium.devtools.idealized.Network.lambda$prepareToInterceptTraffic$4(Network.java:226)
	at org.openqa.selenium.devtools.Connection.lambda$handle$4(Connection.java:321)
	at java.base/java.util.stream.ForEachOps$ForEachOp$OfRef.accept(ForEachOps.java:183)
	at java.base/java.util.stream.ReferencePipeline$2$1.accept(ReferencePipeline.java:177)
	at java.base/java.util.stream.ReferencePipeline$11$1.accept(ReferencePipeline.java:442)
	at java.base/java.util.HashMap$KeySpliterator.forEachRemaining(HashMap.java:1621)
	at java.base/java.util.stream.AbstractPipeline.copyInto(AbstractPipeline.java:484)
	at java.base/java.util.stream.AbstractPipeline.wrapAndCopyInto(AbstractPipeline.java:474)
	at java.base/java.util.stream.ForEachOps$ForEachOp.evaluateSequential(ForEachOps.java:150)
	at java.base/java.util.stream.ForEachOps$ForEachOp$OfRef.evaluateSequential(ForEachOps.java:173)
	at java.base/java.util.stream.AbstractPipeline.evaluate(AbstractPipeline.java:234)
	at java.base/java.util.stream.ReferencePipeline.forEach(ReferencePipeline.java:497)
	at org.openqa.selenium.devtools.Connection.handle(Connection.java:287)
	at org.openqa.selenium.devtools.Connection.access$200(Connection.java:57)
	at org.openqa.selenium.devtools.Connection$Listener.lambda$onText$0(Connection.java:224)
	... 3 more
Caused by: org.openqa.selenium.WebDriverException: {"id":2239,"error":{"code":-32602,"message":"Invalid InterceptionId."},"sessionId":"69DE6D1A85B5D627489871F60443E14A"}
Build info: version: '4.11.0', revision: '040bc5406b'
System info: os.name: 'Windows 10', os.arch: 'amd64', os.version: '10.0', java.version: '11.0.18'
Driver info: driver.version: unknown
	at org.openqa.selenium.devtools.Connection.handle(Connection.java:260)
	... 5 more
авг. 16, 2023 4:22:57 PM org.openqa.selenium.devtools.Connection$Listener lambda$onText$0
WARNING: Unable to process: {"method":"Fetch.requestPaused","params":{"requestId":"interception-job-364.0","request":{"url":"http://localhost:8080/static/media/icon_ok_m_white.5987da79.svg","method":"GET","headers":{"Accept":"image/avif,image/webp,image/apng,image/svg+xml,image/*,*/*;q=0.8","Referer":"http://localhost:8080/static/css/2.7d875902.chunk.css","User-Agent":"Mozilla/5.0 (Windows NT 10.0; Win64; x64) AppleWebKit/537.36 (KHTML, like Gecko) Chrome/116.0.0.0 Safari/537.36","sec-ch-ua":"\"Chromium\";v=\"116\", \"Not)A;Brand\";v=\"24\", \"Google Chrome\";v=\"116\"","sec-ch-ua-mobile":"?0","sec-ch-ua-platform":"\"Windows\""},"initialPriority":"Low","referrerPolicy":"strict-origin-when-cross-origin"},"frameId":"D165F02B89151667DFD1BF49856829E7","resourceType":"Image"},"sessionId":"69DE6D1A85B5D627489871F60443E14A"}
org.openqa.selenium.devtools.DevToolsException: {"id":2246,"error":{"code":-32602,"message":"Invalid InterceptionId."},"sessionId":"69DE6D1A85B5D627489871F60443E14A"}
Build info: version: '4.11.0', revision: '040bc5406b'
System info: os.name: 'Windows 10', os.arch: 'amd64', os.version: '10.0', java.version: '11.0.18'
Driver info: driver.version: unknown
	at org.openqa.selenium.devtools.Connection.sendAndWait(Connection.java:181)
	at org.openqa.selenium.devtools.DevTools.send(DevTools.java:81)
	at org.openqa.selenium.devtools.idealized.Network.lambda$prepareToInterceptTraffic$4(Network.java:233)
	at org.openqa.selenium.devtools.Connection.lambda$handle$4(Connection.java:321)
	at java.base/java.util.stream.ForEachOps$ForEachOp$OfRef.accept(ForEachOps.java:183)
	at java.base/java.util.stream.ReferencePipeline$2$1.accept(ReferencePipeline.java:177)
	at java.base/java.util.stream.ReferencePipeline$11$1.accept(ReferencePipeline.java:442)
	at java.base/java.util.HashMap$KeySpliterator.forEachRemaining(HashMap.java:1621)
	at java.base/java.util.stream.AbstractPipeline.copyInto(AbstractPipeline.java:484)
	at java.base/java.util.stream.AbstractPipeline.wrapAndCopyInto(AbstractPipeline.java:474)
	at java.base/java.util.stream.ForEachOps$ForEachOp.evaluateSequential(ForEachOps.java:150)
	at java.base/java.util.stream.ForEachOps$ForEachOp$OfRef.evaluateSequential(ForEachOps.java:173)
	at java.base/java.util.stream.AbstractPipeline.evaluate(AbstractPipeline.java:234)
	at java.base/java.util.stream.ReferencePipeline.forEach(ReferencePipeline.java:497)
	at org.openqa.selenium.devtools.Connection.handle(Connection.java:287)
	at org.openqa.selenium.devtools.Connection.access$200(Connection.java:57)
	at org.openqa.selenium.devtools.Connection$Listener.lambda$onText$0(Connection.java:224)
	at java.base/java.util.concurrent.ThreadPoolExecutor.runWorker(ThreadPoolExecutor.java:1128)
	at java.base/java.util.concurrent.ThreadPoolExecutor$Worker.run(ThreadPoolExecutor.java:628)
	at java.base/java.lang.Thread.run(Thread.java:829)
Caused by: org.openqa.selenium.WebDriverException: {"id":2246,"error":{"code":-32602,"message":"Invalid InterceptionId."},"sessionId":"69DE6D1A85B5D627489871F60443E14A"}
Build info: version: '4.11.0', revision: '040bc5406b'
System info: os.name: 'Windows 10', os.arch: 'amd64', os.version: '10.0', java.version: '11.0.18'
Driver info: driver.version: unknown
	at org.openqa.selenium.devtools.Connection.handle(Connection.java:260)
	... 5 more

Exception in thread "CDP Connection" org.openqa.selenium.devtools.DevToolsException: {"id":2246,"error":{"code":-32602,"message":"Invalid InterceptionId."},"sessionId":"69DE6D1A85B5D627489871F60443E14A"}
Build info: version: '4.11.0', revision: '040bc5406b'
System info: os.name: 'Windows 10', os.arch: 'amd64', os.version: '10.0', java.version: '11.0.18'
Driver info: driver.version: unknown
	at org.openqa.selenium.devtools.Connection$Listener.lambda$onText$0(Connection.java:227)
	at java.base/java.util.concurrent.ThreadPoolExecutor.runWorker(ThreadPoolExecutor.java:1128)
	at java.base/java.util.concurrent.ThreadPoolExecutor$Worker.run(ThreadPoolExecutor.java:628)
	at java.base/java.lang.Thread.run(Thread.java:829)
Caused by: org.openqa.selenium.devtools.DevToolsException: {"id":2246,"error":{"code":-32602,"message":"Invalid InterceptionId."},"sessionId":"69DE6D1A85B5D627489871F60443E14A"}
Build info: version: '4.11.0', revision: '040bc5406b'
System info: os.name: 'Windows 10', os.arch: 'amd64', os.version: '10.0', java.version: '11.0.18'
Driver info: driver.version: unknown
	at org.openqa.selenium.devtools.Connection.sendAndWait(Connection.java:181)
	at org.openqa.selenium.devtools.DevTools.send(DevTools.java:81)
	at org.openqa.selenium.devtools.idealized.Network.lambda$prepareToInterceptTraffic$4(Network.java:233)
	at org.openqa.selenium.devtools.Connection.lambda$handle$4(Connection.java:321)
	at java.base/java.util.stream.ForEachOps$ForEachOp$OfRef.accept(ForEachOps.java:183)
	at java.base/java.util.stream.ReferencePipeline$2$1.accept(ReferencePipeline.java:177)
	at java.base/java.util.stream.ReferencePipeline$11$1.accept(ReferencePipeline.java:442)
	at java.base/java.util.HashMap$KeySpliterator.forEachRemaining(HashMap.java:1621)
	at java.base/java.util.stream.AbstractPipeline.copyInto(AbstractPipeline.java:484)
	at java.base/java.util.stream.AbstractPipeline.wrapAndCopyInto(AbstractPipeline.java:474)
	at java.base/java.util.stream.ForEachOps$ForEachOp.evaluateSequential(ForEachOps.java:150)
	at java.base/java.util.stream.ForEachOps$ForEachOp$OfRef.evaluateSequential(ForEachOps.java:173)
	at java.base/java.util.stream.AbstractPipeline.evaluate(AbstractPipeline.java:234)
	at java.base/java.util.stream.ReferencePipeline.forEach(ReferencePipeline.java:497)
	at org.openqa.selenium.devtools.Connection.handle(Connection.java:287)
	at org.openqa.selenium.devtools.Connection.access$200(Connection.java:57)
	at org.openqa.selenium.devtools.Connection$Listener.lambda$onText$0(Connection.java:224)
	... 3 more
Caused by: org.openqa.selenium.WebDriverException: {"id":2246,"error":{"code":-32602,"message":"Invalid InterceptionId."},"sessionId":"69DE6D1A85B5D627489871F60443E14A"}
Build info: version: '4.11.0', revision: '040bc5406b'
System info: os.name: 'Windows 10', os.arch: 'amd64', os.version: '10.0', java.version: '11.0.18'
Driver info: driver.version: unknown
	at org.openqa.selenium.devtools.Connection.handle(Connection.java:260)
	... 5 more
авг. 16, 2023 4:22:57 PM org.openqa.selenium.devtools.Connection$Listener lambda$onText$0
WARNING: Unable to process: {"method":"Fetch.requestPaused","params":{"requestId":"interception-job-364.0","request":{"url":"http://localhost:8080/static/media/icon_ok_m_white.5987da79.svg","method":"GET","headers":{"Accept":"image/avif,image/webp,image/apng,image/svg+xml,image/*,*/*;q=0.8","Referer":"http://localhost:8080/static/css/2.7d875902.chunk.css","User-Agent":"Mozilla/5.0 (Windows NT 10.0; Win64; x64) AppleWebKit/537.36 (KHTML, like Gecko) Chrome/116.0.0.0 Safari/537.36","sec-ch-ua":"\"Chromium\";v=\"116\", \"Not)A;Brand\";v=\"24\", \"Google Chrome\";v=\"116\"","sec-ch-ua-mobile":"?0","sec-ch-ua-platform":"\"Windows\""},"initialPriority":"Low","referrerPolicy":"unsafe-url"},"frameId":"D165F02B89151667DFD1BF49856829E7","resourceType":"Image","responseStatusCode":200,"responseStatusText":"","responseHeaders":[{"name":"Vary","value":"Origin"},{"name":"Vary","value":"Access-Control-Request-Method"},{"name":"Vary","value":"Access-Control-Request-Headers"},{"name":"Last-Modified","value":"Thu, 03 Aug 2023 10:18:16 GMT"},{"name":"Accept-Ranges","value":"bytes"},{"name":"Content-Type","value":"image/svg+xml"},{"name":"Content-Length","value":"687"},{"name":"Date","value":"Wed, 16 Aug 2023 13:20:24 GMT"}]},"sessionId":"69DE6D1A85B5D627489871F60443E14A"}
org.openqa.selenium.devtools.DevToolsException: {"id":2251,"error":{"code":-32602,"message":"Invalid InterceptionId."},"sessionId":"69DE6D1A85B5D627489871F60443E14A"}
Build info: version: '4.11.0', revision: '040bc5406b'
System info: os.name: 'Windows 10', os.arch: 'amd64', os.version: '10.0', java.version: '11.0.18'
Driver info: driver.version: unknown
	at org.openqa.selenium.devtools.Connection.sendAndWait(Connection.java:181)
	at org.openqa.selenium.devtools.DevTools.send(DevTools.java:81)
	at org.openqa.selenium.devtools.idealized.Network.lambda$prepareToInterceptTraffic$4(Network.java:194)
	at org.openqa.selenium.devtools.Connection.lambda$handle$4(Connection.java:321)
	at java.base/java.util.stream.ForEachOps$ForEachOp$OfRef.accept(ForEachOps.java:183)
	at java.base/java.util.stream.ReferencePipeline$2$1.accept(ReferencePipeline.java:177)
	at java.base/java.util.stream.ReferencePipeline$11$1.accept(ReferencePipeline.java:442)
	at java.base/java.util.HashMap$KeySpliterator.forEachRemaining(HashMap.java:1621)
	at java.base/java.util.stream.AbstractPipeline.copyInto(AbstractPipeline.java:484)
	at java.base/java.util.stream.AbstractPipeline.wrapAndCopyInto(AbstractPipeline.java:474)
	at java.base/java.util.stream.ForEachOps$ForEachOp.evaluateSequential(ForEachOps.java:150)
	at java.base/java.util.stream.ForEachOps$ForEachOp$OfRef.evaluateSequential(ForEachOps.java:173)
	at java.base/java.util.stream.AbstractPipeline.evaluate(AbstractPipeline.java:234)
	at java.base/java.util.stream.ReferencePipeline.forEach(ReferencePipeline.java:497)
	at org.openqa.selenium.devtools.Connection.handle(Connection.java:287)
	at org.openqa.selenium.devtools.Connection.access$200(Connection.java:57)
	at org.openqa.selenium.devtools.Connection$Listener.lambda$onText$0(Connection.java:224)
	at java.base/java.util.concurrent.ThreadPoolExecutor.runWorker(ThreadPoolExecutor.java:1128)
	at java.base/java.util.concurrent.ThreadPoolExecutor$Worker.run(ThreadPoolExecutor.java:628)
	at java.base/java.lang.Thread.run(Thread.java:829)
Caused by: org.openqa.selenium.WebDriverException: {"id":2251,"error":{"code":-32602,"message":"Invalid InterceptionId."},"sessionId":"69DE6D1A85B5D627489871F60443E14A"}
Build info: version: '4.11.0', revision: '040bc5406b'
System info: os.name: 'Windows 10', os.arch: 'amd64', os.version: '10.0', java.version: '11.0.18'
Driver info: driver.version: unknown
	at org.openqa.selenium.devtools.Connection.handle(Connection.java:260)
	... 5 more

Exception in thread "CDP Connection" org.openqa.selenium.devtools.DevToolsException: {"id":2251,"error":{"code":-32602,"message":"Invalid InterceptionId."},"sessionId":"69DE6D1A85B5D627489871F60443E14A"}
Build info: version: '4.11.0', revision: '040bc5406b'
System info: os.name: 'Windows 10', os.arch: 'amd64', os.version: '10.0', java.version: '11.0.18'
Driver info: driver.version: unknown
	at org.openqa.selenium.devtools.Connection$Listener.lambda$onText$0(Connection.java:227)
	at java.base/java.util.concurrent.ThreadPoolExecutor.runWorker(ThreadPoolExecutor.java:1128)
	at java.base/java.util.concurrent.ThreadPoolExecutor$Worker.run(ThreadPoolExecutor.java:628)
	at java.base/java.lang.Thread.run(Thread.java:829)
Caused by: org.openqa.selenium.devtools.DevToolsException: {"id":2251,"error":{"code":-32602,"message":"Invalid InterceptionId."},"sessionId":"69DE6D1A85B5D627489871F60443E14A"}
Build info: version: '4.11.0', revision: '040bc5406b'
System info: os.name: 'Windows 10', os.arch: 'amd64', os.version: '10.0', java.version: '11.0.18'
Driver info: driver.version: unknown
	at org.openqa.selenium.devtools.Connection.sendAndWait(Connection.java:181)
	at org.openqa.selenium.devtools.DevTools.send(DevTools.java:81)
	at org.openqa.selenium.devtools.idealized.Network.lambda$prepareToInterceptTraffic$4(Network.java:194)
	at org.openqa.selenium.devtools.Connection.lambda$handle$4(Connection.java:321)
	at java.base/java.util.stream.ForEachOps$ForEachOp$OfRef.accept(ForEachOps.java:183)
	at java.base/java.util.stream.ReferencePipeline$2$1.accept(ReferencePipeline.java:177)
	at java.base/java.util.stream.ReferencePipeline$11$1.accept(ReferencePipeline.java:442)
	at java.base/java.util.HashMap$KeySpliterator.forEachRemaining(HashMap.java:1621)
	at java.base/java.util.stream.AbstractPipeline.copyInto(AbstractPipeline.java:484)
	at java.base/java.util.stream.AbstractPipeline.wrapAndCopyInto(AbstractPipeline.java:474)
	at java.base/java.util.stream.ForEachOps$ForEachOp.evaluateSequential(ForEachOps.java:150)
	at java.base/java.util.stream.ForEachOps$ForEachOp$OfRef.evaluateSequential(ForEachOps.java:173)
	at java.base/java.util.stream.AbstractPipeline.evaluate(AbstractPipeline.java:234)
	at java.base/java.util.stream.ReferencePipeline.forEach(ReferencePipeline.java:497)
	at org.openqa.selenium.devtools.Connection.handle(Connection.java:287)
	at org.openqa.selenium.devtools.Connection.access$200(Connection.java:57)
	at org.openqa.selenium.devtools.Connection$Listener.lambda$onText$0(Connection.java:224)
	... 3 more
Caused by: org.openqa.selenium.WebDriverException: {"id":2251,"error":{"code":-32602,"message":"Invalid InterceptionId."},"sessionId":"69DE6D1A85B5D627489871F60443E14A"}
Build info: version: '4.11.0', revision: '040bc5406b'
System info: os.name: 'Windows 10', os.arch: 'amd64', os.version: '10.0', java.version: '11.0.18'
Driver info: driver.version: unknown
	at org.openqa.selenium.devtools.Connection.handle(Connection.java:260)
	... 5 more
авг. 16, 2023 4:22:57 PM org.openqa.selenium.devtools.Connection$Listener lambda$onText$0
WARNING: Unable to process: {"method":"Fetch.requestPaused","params":{"requestId":"interception-job-365.0","request":{"url":"http://localhost:8080/static/media/icon_close_s_white.cd06f8fb.svg","method":"GET","headers":{"Accept":"image/avif,image/webp,image/apng,image/svg+xml,image/*,*/*;q=0.8","Referer":"http://localhost:8080/static/css/2.7d875902.chunk.css","User-Agent":"Mozilla/5.0 (Windows NT 10.0; Win64; x64) AppleWebKit/537.36 (KHTML, like Gecko) Chrome/116.0.0.0 Safari/537.36","sec-ch-ua":"\"Chromium\";v=\"116\", \"Not)A;Brand\";v=\"24\", \"Google Chrome\";v=\"116\"","sec-ch-ua-mobile":"?0","sec-ch-ua-platform":"\"Windows\""},"initialPriority":"Low","referrerPolicy":"unsafe-url"},"frameId":"D165F02B89151667DFD1BF49856829E7","resourceType":"Image","responseStatusCode":200,"responseStatusText":"","responseHeaders":[{"name":"Vary","value":"Origin"},{"name":"Vary","value":"Access-Control-Request-Method"},{"name":"Vary","value":"Access-Control-Request-Headers"},{"name":"Last-Modified","value":"Thu, 03 Aug 2023 10:18:16 GMT"},{"name":"Accept-Ranges","value":"bytes"},{"name":"Content-Type","value":"image/svg+xml"},{"name":"Content-Length","value":"247"},{"name":"Date","value":"Wed, 16 Aug 2023 13:20:24 GMT"}]},"sessionId":"69DE6D1A85B5D627489871F60443E14A"}
org.openqa.selenium.devtools.DevToolsException: {"id":2253,"error":{"code":-32602,"message":"Invalid InterceptionId."},"sessionId":"69DE6D1A85B5D627489871F60443E14A"}
Build info: version: '4.11.0', revision: '040bc5406b'
System info: os.name: 'Windows 10', os.arch: 'amd64', os.version: '10.0', java.version: '11.0.18'
Driver info: driver.version: unknown
	at org.openqa.selenium.devtools.Connection.sendAndWait(Connection.java:181)
	at org.openqa.selenium.devtools.DevTools.send(DevTools.java:81)
	at org.openqa.selenium.devtools.idealized.Network.lambda$prepareToInterceptTraffic$4(Network.java:194)
	at org.openqa.selenium.devtools.Connection.lambda$handle$4(Connection.java:321)
	at java.base/java.util.stream.ForEachOps$ForEachOp$OfRef.accept(ForEachOps.java:183)
	at java.base/java.util.stream.ReferencePipeline$2$1.accept(ReferencePipeline.java:177)
	at java.base/java.util.stream.ReferencePipeline$11$1.accept(ReferencePipeline.java:442)
	at java.base/java.util.HashMap$KeySpliterator.forEachRemaining(HashMap.java:1621)
	at java.base/java.util.stream.AbstractPipeline.copyInto(AbstractPipeline.java:484)
	at java.base/java.util.stream.AbstractPipeline.wrapAndCopyInto(AbstractPipeline.java:474)
	at java.base/java.util.stream.ForEachOps$ForEachOp.evaluateSequential(ForEachOps.java:150)
	at java.base/java.util.stream.ForEachOps$ForEachOp$OfRef.evaluateSequential(ForEachOps.java:173)
	at java.base/java.util.stream.AbstractPipeline.evaluate(AbstractPipeline.java:234)
	at java.base/java.util.stream.ReferencePipeline.forEach(ReferencePipeline.java:497)
	at org.openqa.selenium.devtools.Connection.handle(Connection.java:287)
	at org.openqa.selenium.devtools.Connection.access$200(Connection.java:57)
	at org.openqa.selenium.devtools.Connection$Listener.lambda$onText$0(Connection.java:224)
	at java.base/java.util.concurrent.ThreadPoolExecutor.runWorker(ThreadPoolExecutor.java:1128)
	at java.base/java.util.concurrent.ThreadPoolExecutor$Worker.run(ThreadPoolExecutor.java:628)
	at java.base/java.lang.Thread.run(Thread.java:829)
Caused by: org.openqa.selenium.WebDriverException: {"id":2253,"error":{"code":-32602,"message":"Invalid InterceptionId."},"sessionId":"69DE6D1A85B5D627489871F60443E14A"}
Build info: version: '4.11.0', revision: '040bc5406b'
System info: os.name: 'Windows 10', os.arch: 'amd64', os.version: '10.0', java.version: '11.0.18'
Driver info: driver.version: unknown
	at org.openqa.selenium.devtools.Connection.handle(Connection.java:260)
	... 5 more

Exception in thread "CDP Connection" org.openqa.selenium.devtools.DevToolsException: {"id":2253,"error":{"code":-32602,"message":"Invalid InterceptionId."},"sessionId":"69DE6D1A85B5D627489871F60443E14A"}
Build info: version: '4.11.0', revision: '040bc5406b'
System info: os.name: 'Windows 10', os.arch: 'amd64', os.version: '10.0', java.version: '11.0.18'
Driver info: driver.version: unknown
	at org.openqa.selenium.devtools.Connection$Listener.lambda$onText$0(Connection.java:227)
	at java.base/java.util.concurrent.ThreadPoolExecutor.runWorker(ThreadPoolExecutor.java:1128)
	at java.base/java.util.concurrent.ThreadPoolExecutor$Worker.run(ThreadPoolExecutor.java:628)
	at java.base/java.lang.Thread.run(Thread.java:829)
Caused by: org.openqa.selenium.devtools.DevToolsException: {"id":2253,"error":{"code":-32602,"message":"Invalid InterceptionId."},"sessionId":"69DE6D1A85B5D627489871F60443E14A"}
Build info: version: '4.11.0', revision: '040bc5406b'
System info: os.name: 'Windows 10', os.arch: 'amd64', os.version: '10.0', java.version: '11.0.18'
Driver info: driver.version: unknown
	at org.openqa.selenium.devtools.Connection.sendAndWait(Connection.java:181)
	at org.openqa.selenium.devtools.DevTools.send(DevTools.java:81)
	at org.openqa.selenium.devtools.idealized.Network.lambda$prepareToInterceptTraffic$4(Network.java:194)
	at org.openqa.selenium.devtools.Connection.lambda$handle$4(Connection.java:321)
	at java.base/java.util.stream.ForEachOps$ForEachOp$OfRef.accept(ForEachOps.java:183)
	at java.base/java.util.stream.ReferencePipeline$2$1.accept(ReferencePipeline.java:177)
	at java.base/java.util.stream.ReferencePipeline$11$1.accept(ReferencePipeline.java:442)
	at java.base/java.util.HashMap$KeySpliterator.forEachRemaining(HashMap.java:1621)
	at java.base/java.util.stream.AbstractPipeline.copyInto(AbstractPipeline.java:484)
	at java.base/java.util.stream.AbstractPipeline.wrapAndCopyInto(AbstractPipeline.java:474)
	at java.base/java.util.stream.ForEachOps$ForEachOp.evaluateSequential(ForEachOps.java:150)
	at java.base/java.util.stream.ForEachOps$ForEachOp$OfRef.evaluateSequential(ForEachOps.java:173)
	at java.base/java.util.stream.AbstractPipeline.evaluate(AbstractPipeline.java:234)
	at java.base/java.util.stream.ReferencePipeline.forEach(ReferencePipeline.java:497)
	at org.openqa.selenium.devtools.Connection.handle(Connection.java:287)
	at org.openqa.selenium.devtools.Connection.access$200(Connection.java:57)
	at org.openqa.selenium.devtools.Connection$Listener.lambda$onText$0(Connection.java:224)
	... 3 more
Caused by: org.openqa.selenium.WebDriverException: {"id":2253,"error":{"code":-32602,"message":"Invalid InterceptionId."},"sessionId":"69DE6D1A85B5D627489871F60443E14A"}
Build info: version: '4.11.0', revision: '040bc5406b'
System info: os.name: 'Windows 10', os.arch: 'amd64', os.version: '10.0', java.version: '11.0.18'
Driver info: driver.version: unknown
	at org.openqa.selenium.devtools.Connection.handle(Connection.java:260)
	... 5 more
авг. 16, 2023 4:22:57 PM org.openqa.selenium.devtools.Connection$Listener lambda$onText$0
WARNING: Unable to process: {"method":"Fetch.requestPaused","params":{"requestId":"interception-job-365.0","request":{"url":"http://localhost:8080/static/media/icon_close_s_white.cd06f8fb.svg","method":"GET","headers":{"Accept":"image/avif,image/webp,image/apng,image/svg+xml,image/*,*/*;q=0.8","Referer":"http://localhost:8080/static/css/2.7d875902.chunk.css","User-Agent":"Mozilla/5.0 (Windows NT 10.0; Win64; x64) AppleWebKit/537.36 (KHTML, like Gecko) Chrome/116.0.0.0 Safari/537.36","sec-ch-ua":"\"Chromium\";v=\"116\", \"Not)A;Brand\";v=\"24\", \"Google Chrome\";v=\"116\"","sec-ch-ua-mobile":"?0","sec-ch-ua-platform":"\"Windows\""},"initialPriority":"Low","referrerPolicy":"strict-origin-when-cross-origin"},"frameId":"D165F02B89151667DFD1BF49856829E7","resourceType":"Image"},"sessionId":"69DE6D1A85B5D627489871F60443E14A"}
org.openqa.selenium.devtools.DevToolsException: {"id":2255,"error":{"code":-32602,"message":"Invalid InterceptionId."},"sessionId":"69DE6D1A85B5D627489871F60443E14A"}
Build info: version: '4.11.0', revision: '040bc5406b'
System info: os.name: 'Windows 10', os.arch: 'amd64', os.version: '10.0', java.version: '11.0.18'
Driver info: driver.version: unknown
	at org.openqa.selenium.devtools.Connection.sendAndWait(Connection.java:181)
	at org.openqa.selenium.devtools.DevTools.send(DevTools.java:81)
	at org.openqa.selenium.devtools.idealized.Network.lambda$prepareToInterceptTraffic$3(Network.java:211)
	at org.openqa.selenium.remote.http.Filter.lambda$andFinally$1(Filter.java:55)
	at org.openqa.selenium.devtools.idealized.Network.lambda$prepareToInterceptTraffic$4(Network.java:226)
	at org.openqa.selenium.devtools.Connection.lambda$handle$4(Connection.java:321)
	at java.base/java.util.stream.ForEachOps$ForEachOp$OfRef.accept(ForEachOps.java:183)
	at java.base/java.util.stream.ReferencePipeline$2$1.accept(ReferencePipeline.java:177)
	at java.base/java.util.stream.ReferencePipeline$11$1.accept(ReferencePipeline.java:442)
	at java.base/java.util.HashMap$KeySpliterator.forEachRemaining(HashMap.java:1621)
	at java.base/java.util.stream.AbstractPipeline.copyInto(AbstractPipeline.java:484)
	at java.base/java.util.stream.AbstractPipeline.wrapAndCopyInto(AbstractPipeline.java:474)
	at java.base/java.util.stream.ForEachOps$ForEachOp.evaluateSequential(ForEachOps.java:150)
	at java.base/java.util.stream.ForEachOps$ForEachOp$OfRef.evaluateSequential(ForEachOps.java:173)
	at java.base/java.util.stream.AbstractPipeline.evaluate(AbstractPipeline.java:234)
	at java.base/java.util.stream.ReferencePipeline.forEach(ReferencePipeline.java:497)
	at org.openqa.selenium.devtools.Connection.handle(Connection.java:287)
	at org.openqa.selenium.devtools.Connection.access$200(Connection.java:57)
	at org.openqa.selenium.devtools.Connection$Listener.lambda$onText$0(Connection.java:224)
	at java.base/java.util.concurrent.ThreadPoolExecutor.runWorker(ThreadPoolExecutor.java:1128)
	at java.base/java.util.concurrent.ThreadPoolExecutor$Worker.run(ThreadPoolExecutor.java:628)
	at java.base/java.lang.Thread.run(Thread.java:829)
Caused by: org.openqa.selenium.WebDriverException: {"id":2255,"error":{"code":-32602,"message":"Invalid InterceptionId."},"sessionId":"69DE6D1A85B5D627489871F60443E14A"}
Build info: version: '4.11.0', revision: '040bc5406b'
System info: os.name: 'Windows 10', os.arch: 'amd64', os.version: '10.0', java.version: '11.0.18'
Driver info: driver.version: unknown
	at org.openqa.selenium.devtools.Connection.handle(Connection.java:260)
	... 5 more

Exception in thread "CDP Connection" org.openqa.selenium.devtools.DevToolsException: {"id":2255,"error":{"code":-32602,"message":"Invalid InterceptionId."},"sessionId":"69DE6D1A85B5D627489871F60443E14A"}
Build info: version: '4.11.0', revision: '040bc5406b'
System info: os.name: 'Windows 10', os.arch: 'amd64', os.version: '10.0', java.version: '11.0.18'
Driver info: driver.version: unknown
	at org.openqa.selenium.devtools.Connection$Listener.lambda$onText$0(Connection.java:227)
	at java.base/java.util.concurrent.ThreadPoolExecutor.runWorker(ThreadPoolExecutor.java:1128)
	at java.base/java.util.concurrent.ThreadPoolExecutor$Worker.run(ThreadPoolExecutor.java:628)
	at java.base/java.lang.Thread.run(Thread.java:829)
Caused by: org.openqa.selenium.devtools.DevToolsException: {"id":2255,"error":{"code":-32602,"message":"Invalid InterceptionId."},"sessionId":"69DE6D1A85B5D627489871F60443E14A"}
Build info: version: '4.11.0', revision: '040bc5406b'
System info: os.name: 'Windows 10', os.arch: 'amd64', os.version: '10.0', java.version: '11.0.18'
Driver info: driver.version: unknown
	at org.openqa.selenium.devtools.Connection.sendAndWait(Connection.java:181)
	at org.openqa.selenium.devtools.DevTools.send(DevTools.java:81)
	at org.openqa.selenium.devtools.idealized.Network.lambda$prepareToInterceptTraffic$3(Network.java:211)
	at org.openqa.selenium.remote.http.Filter.lambda$andFinally$1(Filter.java:55)
	at org.openqa.selenium.devtools.idealized.Network.lambda$prepareToInterceptTraffic$4(Network.java:226)
	at org.openqa.selenium.devtools.Connection.lambda$handle$4(Connection.java:321)
	at java.base/java.util.stream.ForEachOps$ForEachOp$OfRef.accept(ForEachOps.java:183)
	at java.base/java.util.stream.ReferencePipeline$2$1.accept(ReferencePipeline.java:177)
	at java.base/java.util.stream.ReferencePipeline$11$1.accept(ReferencePipeline.java:442)
	at java.base/java.util.HashMap$KeySpliterator.forEachRemaining(HashMap.java:1621)
	at java.base/java.util.stream.AbstractPipeline.copyInto(AbstractPipeline.java:484)
	at java.base/java.util.stream.AbstractPipeline.wrapAndCopyInto(AbstractPipeline.java:474)
	at java.base/java.util.stream.ForEachOps$ForEachOp.evaluateSequential(ForEachOps.java:150)
	at java.base/java.util.stream.ForEachOps$ForEachOp$OfRef.evaluateSequential(ForEachOps.java:173)
	at java.base/java.util.stream.AbstractPipeline.evaluate(AbstractPipeline.java:234)
	at java.base/java.util.stream.ReferencePipeline.forEach(ReferencePipeline.java:497)
	at org.openqa.selenium.devtools.Connection.handle(Connection.java:287)
	at org.openqa.selenium.devtools.Connection.access$200(Connection.java:57)
	at org.openqa.selenium.devtools.Connection$Listener.lambda$onText$0(Connection.java:224)
	... 3 more
Caused by: org.openqa.selenium.WebDriverException: {"id":2255,"error":{"code":-32602,"message":"Invalid InterceptionId."},"sessionId":"69DE6D1A85B5D627489871F60443E14A"}
Build info: version: '4.11.0', revision: '040bc5406b'
System info: os.name: 'Windows 10', os.arch: 'amd64', os.version: '10.0', java.version: '11.0.18'
Driver info: driver.version: unknown
	at org.openqa.selenium.devtools.Connection.handle(Connection.java:260)
	... 5 more
авг. 16, 2023 4:22:57 PM org.openqa.selenium.devtools.Connection$Listener lambda$onText$0
WARNING: Unable to process: {"method":"Fetch.requestPaused","params":{"requestId":"interception-job-366.0","request":{"url":"http://localhost:8080/static/media/icon_error_m_white.143ec85a.svg","method":"GET","headers":{"Accept":"image/avif,image/webp,image/apng,image/svg+xml,image/*,*/*;q=0.8","Referer":"http://localhost:8080/static/css/2.7d875902.chunk.css","User-Agent":"Mozilla/5.0 (Windows NT 10.0; Win64; x64) AppleWebKit/537.36 (KHTML, like Gecko) Chrome/116.0.0.0 Safari/537.36","sec-ch-ua":"\"Chromium\";v=\"116\", \"Not)A;Brand\";v=\"24\", \"Google Chrome\";v=\"116\"","sec-ch-ua-mobile":"?0","sec-ch-ua-platform":"\"Windows\""},"initialPriority":"Low","referrerPolicy":"unsafe-url"},"frameId":"D165F02B89151667DFD1BF49856829E7","resourceType":"Image","responseStatusCode":200,"responseStatusText":"","responseHeaders":[{"name":"Vary","value":"Origin"},{"name":"Vary","value":"Access-Control-Request-Method"},{"name":"Vary","value":"Access-Control-Request-Headers"},{"name":"Last-Modified","value":"Thu, 03 Aug 2023 10:18:16 GMT"},{"name":"Accept-Ranges","value":"bytes"},{"name":"Content-Type","value":"image/svg+xml"},{"name":"Content-Length","value":"380"},{"name":"Date","value":"Wed, 16 Aug 2023 13:20:24 GMT"}]},"sessionId":"69DE6D1A85B5D627489871F60443E14A"}
org.openqa.selenium.devtools.DevToolsException: {"id":2257,"error":{"code":-32602,"message":"Invalid InterceptionId."},"sessionId":"69DE6D1A85B5D627489871F60443E14A"}
Build info: version: '4.11.0', revision: '040bc5406b'
System info: os.name: 'Windows 10', os.arch: 'amd64', os.version: '10.0', java.version: '11.0.18'
Driver info: driver.version: unknown
	at org.openqa.selenium.devtools.Connection.sendAndWait(Connection.java:181)
	at org.openqa.selenium.devtools.DevTools.send(DevTools.java:81)
	at org.openqa.selenium.devtools.idealized.Network.lambda$prepareToInterceptTraffic$4(Network.java:194)
	at org.openqa.selenium.devtools.Connection.lambda$handle$4(Connection.java:321)
	at java.base/java.util.stream.ForEachOps$ForEachOp$OfRef.accept(ForEachOps.java:183)
	at java.base/java.util.stream.ReferencePipeline$2$1.accept(ReferencePipeline.java:177)
	at java.base/java.util.stream.ReferencePipeline$11$1.accept(ReferencePipeline.java:442)
	at java.base/java.util.HashMap$KeySpliterator.forEachRemaining(HashMap.java:1621)
	at java.base/java.util.stream.AbstractPipeline.copyInto(AbstractPipeline.java:484)
	at java.base/java.util.stream.AbstractPipeline.wrapAndCopyInto(AbstractPipeline.java:474)
	at java.base/java.util.stream.ForEachOps$ForEachOp.evaluateSequential(ForEachOps.java:150)
	at java.base/java.util.stream.ForEachOps$ForEachOp$OfRef.evaluateSequential(ForEachOps.java:173)
	at java.base/java.util.stream.AbstractPipeline.evaluate(AbstractPipeline.java:234)
	at java.base/java.util.stream.ReferencePipeline.forEach(ReferencePipeline.java:497)
	at org.openqa.selenium.devtools.Connection.handle(Connection.java:287)
	at org.openqa.selenium.devtools.Connection.access$200(Connection.java:57)
	at org.openqa.selenium.devtools.Connection$Listener.lambda$onText$0(Connection.java:224)
	at java.base/java.util.concurrent.ThreadPoolExecutor.runWorker(ThreadPoolExecutor.java:1128)
	at java.base/java.util.concurrent.ThreadPoolExecutor$Worker.run(ThreadPoolExecutor.java:628)
	at java.base/java.lang.Thread.run(Thread.java:829)
Caused by: org.openqa.selenium.WebDriverException: {"id":2257,"error":{"code":-32602,"message":"Invalid InterceptionId."},"sessionId":"69DE6D1A85B5D627489871F60443E14A"}
Build info: version: '4.11.0', revision: '040bc5406b'
System info: os.name: 'Windows 10', os.arch: 'amd64', os.version: '10.0', java.version: '11.0.18'
Driver info: driver.version: unknown
	at org.openqa.selenium.devtools.Connection.handle(Connection.java:260)
	... 5 more

Exception in thread "CDP Connection" org.openqa.selenium.devtools.DevToolsException: {"id":2257,"error":{"code":-32602,"message":"Invalid InterceptionId."},"sessionId":"69DE6D1A85B5D627489871F60443E14A"}
Build info: version: '4.11.0', revision: '040bc5406b'
System info: os.name: 'Windows 10', os.arch: 'amd64', os.version: '10.0', java.version: '11.0.18'
Driver info: driver.version: unknown
	at org.openqa.selenium.devtools.Connection$Listener.lambda$onText$0(Connection.java:227)
	at java.base/java.util.concurrent.ThreadPoolExecutor.runWorker(ThreadPoolExecutor.java:1128)
	at java.base/java.util.concurrent.ThreadPoolExecutor$Worker.run(ThreadPoolExecutor.java:628)
	at java.base/java.lang.Thread.run(Thread.java:829)
Caused by: org.openqa.selenium.devtools.DevToolsException: {"id":2257,"error":{"code":-32602,"message":"Invalid InterceptionId."},"sessionId":"69DE6D1A85B5D627489871F60443E14A"}
Build info: version: '4.11.0', revision: '040bc5406b'
System info: os.name: 'Windows 10', os.arch: 'amd64', os.version: '10.0', java.version: '11.0.18'
Driver info: driver.version: unknown
	at org.openqa.selenium.devtools.Connection.sendAndWait(Connection.java:181)
	at org.openqa.selenium.devtools.DevTools.send(DevTools.java:81)
	at org.openqa.selenium.devtools.idealized.Network.lambda$prepareToInterceptTraffic$4(Network.java:194)
	at org.openqa.selenium.devtools.Connection.lambda$handle$4(Connection.java:321)
	at java.base/java.util.stream.ForEachOps$ForEachOp$OfRef.accept(ForEachOps.java:183)
	at java.base/java.util.stream.ReferencePipeline$2$1.accept(ReferencePipeline.java:177)
	at java.base/java.util.stream.ReferencePipeline$11$1.accept(ReferencePipeline.java:442)
	at java.base/java.util.HashMap$KeySpliterator.forEachRemaining(HashMap.java:1621)
	at java.base/java.util.stream.AbstractPipeline.copyInto(AbstractPipeline.java:484)
	at java.base/java.util.stream.AbstractPipeline.wrapAndCopyInto(AbstractPipeline.java:474)
	at java.base/java.util.stream.ForEachOps$ForEachOp.evaluateSequential(ForEachOps.java:150)
	at java.base/java.util.stream.ForEachOps$ForEachOp$OfRef.evaluateSequential(ForEachOps.java:173)
	at java.base/java.util.stream.AbstractPipeline.evaluate(AbstractPipeline.java:234)
	at java.base/java.util.stream.ReferencePipeline.forEach(ReferencePipeline.java:497)
	at org.openqa.selenium.devtools.Connection.handle(Connection.java:287)
	at org.openqa.selenium.devtools.Connection.access$200(Connection.java:57)
	at org.openqa.selenium.devtools.Connection$Listener.lambda$onText$0(Connection.java:224)
	... 3 more
Caused by: org.openqa.selenium.WebDriverException: {"id":2257,"error":{"code":-32602,"message":"Invalid InterceptionId."},"sessionId":"69DE6D1A85B5D627489871F60443E14A"}
Build info: version: '4.11.0', revision: '040bc5406b'
System info: os.name: 'Windows 10', os.arch: 'amd64', os.version: '10.0', java.version: '11.0.18'
Driver info: driver.version: unknown
	at org.openqa.selenium.devtools.Connection.handle(Connection.java:260)
	... 5 more
авг. 16, 2023 4:22:57 PM org.openqa.selenium.devtools.Connection$Listener lambda$onText$0
WARNING: Unable to process: {"method":"Fetch.requestPaused","params":{"requestId":"interception-job-366.0","request":{"url":"http://localhost:8080/static/media/icon_error_m_white.143ec85a.svg","method":"GET","headers":{"Accept":"image/avif,image/webp,image/apng,image/svg+xml,image/*,*/*;q=0.8","Referer":"http://localhost:8080/static/css/2.7d875902.chunk.css","User-Agent":"Mozilla/5.0 (Windows NT 10.0; Win64; x64) AppleWebKit/537.36 (KHTML, like Gecko) Chrome/116.0.0.0 Safari/537.36","sec-ch-ua":"\"Chromium\";v=\"116\", \"Not)A;Brand\";v=\"24\", \"Google Chrome\";v=\"116\"","sec-ch-ua-mobile":"?0","sec-ch-ua-platform":"\"Windows\""},"initialPriority":"Low","referrerPolicy":"strict-origin-when-cross-origin"},"frameId":"D165F02B89151667DFD1BF49856829E7","resourceType":"Image"},"sessionId":"69DE6D1A85B5D627489871F60443E14A"}
org.openqa.selenium.devtools.DevToolsException: {"id":2258,"error":{"code":-32602,"message":"Invalid InterceptionId."},"sessionId":"69DE6D1A85B5D627489871F60443E14A"}
Build info: version: '4.11.0', revision: '040bc5406b'
System info: os.name: 'Windows 10', os.arch: 'amd64', os.version: '10.0', java.version: '11.0.18'
Driver info: driver.version: unknown
	at org.openqa.selenium.devtools.Connection.sendAndWait(Connection.java:181)
	at org.openqa.selenium.devtools.DevTools.send(DevTools.java:81)
	at org.openqa.selenium.devtools.idealized.Network.lambda$prepareToInterceptTraffic$3(Network.java:211)
	at org.openqa.selenium.remote.http.Filter.lambda$andFinally$1(Filter.java:55)
	at org.openqa.selenium.devtools.idealized.Network.lambda$prepareToInterceptTraffic$4(Network.java:226)
	at org.openqa.selenium.devtools.Connection.lambda$handle$4(Connection.java:321)
	at java.base/java.util.stream.ForEachOps$ForEachOp$OfRef.accept(ForEachOps.java:183)
	at java.base/java.util.stream.ReferencePipeline$2$1.accept(ReferencePipeline.java:177)
	at java.base/java.util.stream.ReferencePipeline$11$1.accept(ReferencePipeline.java:442)
	at java.base/java.util.HashMap$KeySpliterator.forEachRemaining(HashMap.java:1621)
	at java.base/java.util.stream.AbstractPipeline.copyInto(AbstractPipeline.java:484)
	at java.base/java.util.stream.AbstractPipeline.wrapAndCopyInto(AbstractPipeline.java:474)
	at java.base/java.util.stream.ForEachOps$ForEachOp.evaluateSequential(ForEachOps.java:150)
	at java.base/java.util.stream.ForEachOps$ForEachOp$OfRef.evaluateSequential(ForEachOps.java:173)
	at java.base/java.util.stream.AbstractPipeline.evaluate(AbstractPipeline.java:234)
	at java.base/java.util.stream.ReferencePipeline.forEach(ReferencePipeline.java:497)
	at org.openqa.selenium.devtools.Connection.handle(Connection.java:287)
	at org.openqa.selenium.devtools.Connection.access$200(Connection.java:57)
	at org.openqa.selenium.devtools.Connection$Listener.lambda$onText$0(Connection.java:224)
	at java.base/java.util.concurrent.ThreadPoolExecutor.runWorker(ThreadPoolExecutor.java:1128)
	at java.base/java.util.concurrent.ThreadPoolExecutor$Worker.run(ThreadPoolExecutor.java:628)
	at java.base/java.lang.Thread.run(Thread.java:829)
Caused by: org.openqa.selenium.WebDriverException: {"id":2258,"error":{"code":-32602,"message":"Invalid InterceptionId."},"sessionId":"69DE6D1A85B5D627489871F60443E14A"}
Build info: version: '4.11.0', revision: '040bc5406b'
System info: os.name: 'Windows 10', os.arch: 'amd64', os.version: '10.0', java.version: '11.0.18'
Driver info: driver.version: unknown
	at org.openqa.selenium.devtools.Connection.handle(Connection.java:260)
	... 5 more

Exception in thread "CDP Connection" org.openqa.selenium.devtools.DevToolsException: {"id":2258,"error":{"code":-32602,"message":"Invalid InterceptionId."},"sessionId":"69DE6D1A85B5D627489871F60443E14A"}
Build info: version: '4.11.0', revision: '040bc5406b'
System info: os.name: 'Windows 10', os.arch: 'amd64', os.version: '10.0', java.version: '11.0.18'
Driver info: driver.version: unknown
	at org.openqa.selenium.devtools.Connection$Listener.lambda$onText$0(Connection.java:227)
	at java.base/java.util.concurrent.ThreadPoolExecutor.runWorker(ThreadPoolExecutor.java:1128)
	at java.base/java.util.concurrent.ThreadPoolExecutor$Worker.run(ThreadPoolExecutor.java:628)
	at java.base/java.lang.Thread.run(Thread.java:829)
Caused by: org.openqa.selenium.devtools.DevToolsException: {"id":2258,"error":{"code":-32602,"message":"Invalid InterceptionId."},"sessionId":"69DE6D1A85B5D627489871F60443E14A"}
Build info: version: '4.11.0', revision: '040bc5406b'
System info: os.name: 'Windows 10', os.arch: 'amd64', os.version: '10.0', java.version: '11.0.18'
Driver info: driver.version: unknown
	at org.openqa.selenium.devtools.Connection.sendAndWait(Connection.java:181)
	at org.openqa.selenium.devtools.DevTools.send(DevTools.java:81)
	at org.openqa.selenium.devtools.idealized.Network.lambda$prepareToInterceptTraffic$3(Network.java:211)
	at org.openqa.selenium.remote.http.Filter.lambda$andFinally$1(Filter.java:55)
	at org.openqa.selenium.devtools.idealized.Network.lambda$prepareToInterceptTraffic$4(Network.java:226)
	at org.openqa.selenium.devtools.Connection.lambda$handle$4(Connection.java:321)
	at java.base/java.util.stream.ForEachOps$ForEachOp$OfRef.accept(ForEachOps.java:183)
	at java.base/java.util.stream.ReferencePipeline$2$1.accept(ReferencePipeline.java:177)
	at java.base/java.util.stream.ReferencePipeline$11$1.accept(ReferencePipeline.java:442)
	at java.base/java.util.HashMap$KeySpliterator.forEachRemaining(HashMap.java:1621)
	at java.base/java.util.stream.AbstractPipeline.copyInto(AbstractPipeline.java:484)
	at java.base/java.util.stream.AbstractPipeline.wrapAndCopyInto(AbstractPipeline.java:474)
	at java.base/java.util.stream.ForEachOps$ForEachOp.evaluateSequential(ForEachOps.java:150)
	at java.base/java.util.stream.ForEachOps$ForEachOp$OfRef.evaluateSequential(ForEachOps.java:173)
	at java.base/java.util.stream.AbstractPipeline.evaluate(AbstractPipeline.java:234)
	at java.base/java.util.stream.ReferencePipeline.forEach(ReferencePipeline.java:497)
	at org.openqa.selenium.devtools.Connection.handle(Connection.java:287)
	at org.openqa.selenium.devtools.Connection.access$200(Connection.java:57)
	at org.openqa.selenium.devtools.Connection$Listener.lambda$onText$0(Connection.java:224)
	... 3 more
Caused by: org.openqa.selenium.WebDriverException: {"id":2258,"error":{"code":-32602,"message":"Invalid InterceptionId."},"sessionId":"69DE6D1A85B5D627489871F60443E14A"}
Build info: version: '4.11.0', revision: '040bc5406b'
System info: os.name: 'Windows 10', os.arch: 'amd64', os.version: '10.0', java.version: '11.0.18'
Driver info: driver.version: unknown
	at org.openqa.selenium.devtools.Connection.handle(Connection.java:260)
	... 5 more
авг. 16, 2023 4:22:59 PM org.openqa.selenium.devtools.Connection$Listener lambda$onText$0
WARNING: Unable to process: {"method":"Fetch.requestPaused","params":{"requestId":"interception-job-367.0","request":{"url":"http://localhost:8080/","method":"GET","headers":{"Accept":"text/html,application/xhtml+xml,application/xml;q=0.9,image/avif,image/webp,image/apng,*/*;q=0.8,application/signed-exchange;v=b3;q=0.7","Upgrade-Insecure-Requests":"1","User-Agent":"Mozilla/5.0 (Windows NT 10.0; Win64; x64) AppleWebKit/537.36 (KHTML, like Gecko) Chrome/116.0.0.0 Safari/537.36","sec-ch-ua":"\"Chromium\";v=\"116\", \"Not)A;Brand\";v=\"24\", \"Google Chrome\";v=\"116\"","sec-ch-ua-mobile":"?0","sec-ch-ua-platform":"\"Windows\""},"initialPriority":"VeryHigh","referrerPolicy":"strict-origin-when-cross-origin"},"frameId":"D165F02B89151667DFD1BF49856829E7","resourceType":"Document","responseStatusCode":200,"responseStatusText":"","responseHeaders":[{"name":"Vary","value":"Origin"},{"name":"Vary","value":"Access-Control-Request-Method"},{"name":"Vary","value":"Access-Control-Request-Headers"},{"name":"Last-Modified","value":"Thu, 03 Aug 2023 10:18:16 GMT"},{"name":"Date","value":"Wed, 16 Aug 2023 13:22:59 GMT"},{"name":"Accept-Ranges","value":"bytes"},{"name":"Content-Type","value":"text/html"},{"name":"Content-Language","value":"ru-RU"},{"name":"Content-Length","value":"2308"}]},"sessionId":"69DE6D1A85B5D627489871F60443E14A"}
org.openqa.selenium.devtools.DevToolsException: {"id":2265,"error":{"code":-32602,"message":"Invalid InterceptionId."},"sessionId":"69DE6D1A85B5D627489871F60443E14A"}
Build info: version: '4.11.0', revision: '040bc5406b'
System info: os.name: 'Windows 10', os.arch: 'amd64', os.version: '10.0', java.version: '11.0.18'
Driver info: driver.version: unknown
	at org.openqa.selenium.devtools.Connection.sendAndWait(Connection.java:181)
	at org.openqa.selenium.devtools.DevTools.send(DevTools.java:81)
	at org.openqa.selenium.devtools.idealized.Network.lambda$prepareToInterceptTraffic$4(Network.java:194)
	at org.openqa.selenium.devtools.Connection.lambda$handle$4(Connection.java:321)
	at java.base/java.util.stream.ForEachOps$ForEachOp$OfRef.accept(ForEachOps.java:183)
	at java.base/java.util.stream.ReferencePipeline$2$1.accept(ReferencePipeline.java:177)
	at java.base/java.util.stream.ReferencePipeline$11$1.accept(ReferencePipeline.java:442)
	at java.base/java.util.HashMap$KeySpliterator.forEachRemaining(HashMap.java:1621)
	at java.base/java.util.stream.AbstractPipeline.copyInto(AbstractPipeline.java:484)
	at java.base/java.util.stream.AbstractPipeline.wrapAndCopyInto(AbstractPipeline.java:474)
	at java.base/java.util.stream.ForEachOps$ForEachOp.evaluateSequential(ForEachOps.java:150)
	at java.base/java.util.stream.ForEachOps$ForEachOp$OfRef.evaluateSequential(ForEachOps.java:173)
	at java.base/java.util.stream.AbstractPipeline.evaluate(AbstractPipeline.java:234)
	at java.base/java.util.stream.ReferencePipeline.forEach(ReferencePipeline.java:497)
	at org.openqa.selenium.devtools.Connection.handle(Connection.java:287)
	at org.openqa.selenium.devtools.Connection.access$200(Connection.java:57)
	at org.openqa.selenium.devtools.Connection$Listener.lambda$onText$0(Connection.java:224)
	at java.base/java.util.concurrent.ThreadPoolExecutor.runWorker(ThreadPoolExecutor.java:1128)
	at java.base/java.util.concurrent.ThreadPoolExecutor$Worker.run(ThreadPoolExecutor.java:628)
	at java.base/java.lang.Thread.run(Thread.java:829)
Caused by: org.openqa.selenium.WebDriverException: {"id":2265,"error":{"code":-32602,"message":"Invalid InterceptionId."},"sessionId":"69DE6D1A85B5D627489871F60443E14A"}
Build info: version: '4.11.0', revision: '040bc5406b'
System info: os.name: 'Windows 10', os.arch: 'amd64', os.version: '10.0', java.version: '11.0.18'
Driver info: driver.version: unknown
	at org.openqa.selenium.devtools.Connection.handle(Connection.java:260)
	... 5 more

Exception in thread "CDP Connection" org.openqa.selenium.devtools.DevToolsException: {"id":2265,"error":{"code":-32602,"message":"Invalid InterceptionId."},"sessionId":"69DE6D1A85B5D627489871F60443E14A"}
Build info: version: '4.11.0', revision: '040bc5406b'
System info: os.name: 'Windows 10', os.arch: 'amd64', os.version: '10.0', java.version: '11.0.18'
Driver info: driver.version: unknown
	at org.openqa.selenium.devtools.Connection$Listener.lambda$onText$0(Connection.java:227)
	at java.base/java.util.concurrent.ThreadPoolExecutor.runWorker(ThreadPoolExecutor.java:1128)
	at java.base/java.util.concurrent.ThreadPoolExecutor$Worker.run(ThreadPoolExecutor.java:628)
	at java.base/java.lang.Thread.run(Thread.java:829)
Caused by: org.openqa.selenium.devtools.DevToolsException: {"id":2265,"error":{"code":-32602,"message":"Invalid InterceptionId."},"sessionId":"69DE6D1A85B5D627489871F60443E14A"}
Build info: version: '4.11.0', revision: '040bc5406b'
System info: os.name: 'Windows 10', os.arch: 'amd64', os.version: '10.0', java.version: '11.0.18'
Driver info: driver.version: unknown
	at org.openqa.selenium.devtools.Connection.sendAndWait(Connection.java:181)
	at org.openqa.selenium.devtools.DevTools.send(DevTools.java:81)
	at org.openqa.selenium.devtools.idealized.Network.lambda$prepareToInterceptTraffic$4(Network.java:194)
	at org.openqa.selenium.devtools.Connection.lambda$handle$4(Connection.java:321)
	at java.base/java.util.stream.ForEachOps$ForEachOp$OfRef.accept(ForEachOps.java:183)
	at java.base/java.util.stream.ReferencePipeline$2$1.accept(ReferencePipeline.java:177)
	at java.base/java.util.stream.ReferencePipeline$11$1.accept(ReferencePipeline.java:442)
	at java.base/java.util.HashMap$KeySpliterator.forEachRemaining(HashMap.java:1621)
	at java.base/java.util.stream.AbstractPipeline.copyInto(AbstractPipeline.java:484)
	at java.base/java.util.stream.AbstractPipeline.wrapAndCopyInto(AbstractPipeline.java:474)
	at java.base/java.util.stream.ForEachOps$ForEachOp.evaluateSequential(ForEachOps.java:150)
	at java.base/java.util.stream.ForEachOps$ForEachOp$OfRef.evaluateSequential(ForEachOps.java:173)
	at java.base/java.util.stream.AbstractPipeline.evaluate(AbstractPipeline.java:234)
	at java.base/java.util.stream.ReferencePipeline.forEach(ReferencePipeline.java:497)
	at org.openqa.selenium.devtools.Connection.handle(Connection.java:287)
	at org.openqa.selenium.devtools.Connection.access$200(Connection.java:57)
	at org.openqa.selenium.devtools.Connection$Listener.lambda$onText$0(Connection.java:224)
	... 3 more
Caused by: org.openqa.selenium.WebDriverException: {"id":2265,"error":{"code":-32602,"message":"Invalid InterceptionId."},"sessionId":"69DE6D1A85B5D627489871F60443E14A"}
Build info: version: '4.11.0', revision: '040bc5406b'
System info: os.name: 'Windows 10', os.arch: 'amd64', os.version: '10.0', java.version: '11.0.18'
Driver info: driver.version: unknown
	at org.openqa.selenium.devtools.Connection.handle(Connection.java:260)
	... 5 more
авг. 16, 2023 4:22:59 PM org.openqa.selenium.devtools.Connection$Listener lambda$onText$0
WARNING: Unable to process: {"method":"Fetch.requestPaused","params":{"requestId":"interception-job-367.0","request":{"url":"http://localhost:8080/","method":"GET","headers":{"Accept":"text/html,application/xhtml+xml,application/xml;q=0.9,image/avif,image/webp,image/apng,*/*;q=0.8,application/signed-exchange;v=b3;q=0.7","Upgrade-Insecure-Requests":"1","User-Agent":"Mozilla/5.0 (Windows NT 10.0; Win64; x64) AppleWebKit/537.36 (KHTML, like Gecko) Chrome/116.0.0.0 Safari/537.36","sec-ch-ua":"\"Chromium\";v=\"116\", \"Not)A;Brand\";v=\"24\", \"Google Chrome\";v=\"116\"","sec-ch-ua-mobile":"?0","sec-ch-ua-platform":"\"Windows\""},"initialPriority":"VeryHigh","referrerPolicy":"strict-origin-when-cross-origin"},"frameId":"D165F02B89151667DFD1BF49856829E7","resourceType":"Document"},"sessionId":"69DE6D1A85B5D627489871F60443E14A"}
org.openqa.selenium.devtools.DevToolsException: {"id":2266,"error":{"code":-32602,"message":"Invalid InterceptionId."},"sessionId":"69DE6D1A85B5D627489871F60443E14A"}
Build info: version: '4.11.0', revision: '040bc5406b'
System info: os.name: 'Windows 10', os.arch: 'amd64', os.version: '10.0', java.version: '11.0.18'
Driver info: driver.version: unknown
	at org.openqa.selenium.devtools.Connection.sendAndWait(Connection.java:181)
	at org.openqa.selenium.devtools.DevTools.send(DevTools.java:81)
	at org.openqa.selenium.devtools.idealized.Network.lambda$prepareToInterceptTraffic$3(Network.java:211)
	at org.openqa.selenium.remote.http.Filter.lambda$andFinally$1(Filter.java:55)
	at org.openqa.selenium.devtools.idealized.Network.lambda$prepareToInterceptTraffic$4(Network.java:226)
	at org.openqa.selenium.devtools.Connection.lambda$handle$4(Connection.java:321)
	at java.base/java.util.stream.ForEachOps$ForEachOp$OfRef.accept(ForEachOps.java:183)
	at java.base/java.util.stream.ReferencePipeline$2$1.accept(ReferencePipeline.java:177)
	at java.base/java.util.stream.ReferencePipeline$11$1.accept(ReferencePipeline.java:442)
	at java.base/java.util.HashMap$KeySpliterator.forEachRemaining(HashMap.java:1621)
	at java.base/java.util.stream.AbstractPipeline.copyInto(AbstractPipeline.java:484)
	at java.base/java.util.stream.AbstractPipeline.wrapAndCopyInto(AbstractPipeline.java:474)
	at java.base/java.util.stream.ForEachOps$ForEachOp.evaluateSequential(ForEachOps.java:150)
	at java.base/java.util.stream.ForEachOps$ForEachOp$OfRef.evaluateSequential(ForEachOps.java:173)
	at java.base/java.util.stream.AbstractPipeline.evaluate(AbstractPipeline.java:234)
	at java.base/java.util.stream.ReferencePipeline.forEach(ReferencePipeline.java:497)
	at org.openqa.selenium.devtools.Connection.handle(Connection.java:287)
	at org.openqa.selenium.devtools.Connection.access$200(Connection.java:57)
	at org.openqa.selenium.devtools.Connection$Listener.lambda$onText$0(Connection.java:224)
	at java.base/java.util.concurrent.ThreadPoolExecutor.runWorker(ThreadPoolExecutor.java:1128)
	at java.base/java.util.concurrent.ThreadPoolExecutor$Worker.run(ThreadPoolExecutor.java:628)
	at java.base/java.lang.Thread.run(Thread.java:829)
Caused by: org.openqa.selenium.WebDriverException: {"id":2266,"error":{"code":-32602,"message":"Invalid InterceptionId."},"sessionId":"69DE6D1A85B5D627489871F60443E14A"}
Build info: version: '4.11.0', revision: '040bc5406b'
System info: os.name: 'Windows 10', os.arch: 'amd64', os.version: '10.0', java.version: '11.0.18'
Driver info: driver.version: unknown
	at org.openqa.selenium.devtools.Connection.handle(Connection.java:260)
	... 5 more

Exception in thread "CDP Connection" org.openqa.selenium.devtools.DevToolsException: {"id":2266,"error":{"code":-32602,"message":"Invalid InterceptionId."},"sessionId":"69DE6D1A85B5D627489871F60443E14A"}
Build info: version: '4.11.0', revision: '040bc5406b'
System info: os.name: 'Windows 10', os.arch: 'amd64', os.version: '10.0', java.version: '11.0.18'
Driver info: driver.version: unknown
	at org.openqa.selenium.devtools.Connection$Listener.lambda$onText$0(Connection.java:227)
	at java.base/java.util.concurrent.ThreadPoolExecutor.runWorker(ThreadPoolExecutor.java:1128)
	at java.base/java.util.concurrent.ThreadPoolExecutor$Worker.run(ThreadPoolExecutor.java:628)
	at java.base/java.lang.Thread.run(Thread.java:829)
Caused by: org.openqa.selenium.devtools.DevToolsException: {"id":2266,"error":{"code":-32602,"message":"Invalid InterceptionId."},"sessionId":"69DE6D1A85B5D627489871F60443E14A"}
Build info: version: '4.11.0', revision: '040bc5406b'
System info: os.name: 'Windows 10', os.arch: 'amd64', os.version: '10.0', java.version: '11.0.18'
Driver info: driver.version: unknown
	at org.openqa.selenium.devtools.Connection.sendAndWait(Connection.java:181)
	at org.openqa.selenium.devtools.DevTools.send(DevTools.java:81)
	at org.openqa.selenium.devtools.idealized.Network.lambda$prepareToInterceptTraffic$3(Network.java:211)
	at org.openqa.selenium.remote.http.Filter.lambda$andFinally$1(Filter.java:55)
	at org.openqa.selenium.devtools.idealized.Network.lambda$prepareToInterceptTraffic$4(Network.java:226)
	at org.openqa.selenium.devtools.Connection.lambda$handle$4(Connection.java:321)
	at java.base/java.util.stream.ForEachOps$ForEachOp$OfRef.accept(ForEachOps.java:183)
	at java.base/java.util.stream.ReferencePipeline$2$1.accept(ReferencePipeline.java:177)
	at java.base/java.util.stream.ReferencePipeline$11$1.accept(ReferencePipeline.java:442)
	at java.base/java.util.HashMap$KeySpliterator.forEachRemaining(HashMap.java:1621)
	at java.base/java.util.stream.AbstractPipeline.copyInto(AbstractPipeline.java:484)
	at java.base/java.util.stream.AbstractPipeline.wrapAndCopyInto(AbstractPipeline.java:474)
	at java.base/java.util.stream.ForEachOps$ForEachOp.evaluateSequential(ForEachOps.java:150)
	at java.base/java.util.stream.ForEachOps$ForEachOp$OfRef.evaluateSequential(ForEachOps.java:173)
	at java.base/java.util.stream.AbstractPipeline.evaluate(AbstractPipeline.java:234)
	at java.base/java.util.stream.ReferencePipeline.forEach(ReferencePipeline.java:497)
	at org.openqa.selenium.devtools.Connection.handle(Connection.java:287)
	at org.openqa.selenium.devtools.Connection.access$200(Connection.java:57)
	at org.openqa.selenium.devtools.Connection$Listener.lambda$onText$0(Connection.java:224)
	... 3 more
Caused by: org.openqa.selenium.WebDriverException: {"id":2266,"error":{"code":-32602,"message":"Invalid InterceptionId."},"sessionId":"69DE6D1A85B5D627489871F60443E14A"}
Build info: version: '4.11.0', revision: '040bc5406b'
System info: os.name: 'Windows 10', os.arch: 'amd64', os.version: '10.0', java.version: '11.0.18'
Driver info: driver.version: unknown
	at org.openqa.selenium.devtools.Connection.handle(Connection.java:260)
	... 5 more
авг. 16, 2023 4:22:59 PM org.openqa.selenium.devtools.Connection$Listener lambda$onText$0
WARNING: Unable to process: {"method":"Fetch.requestPaused","params":{"requestId":"interception-job-369.0","request":{"url":"http://localhost:8080/static/css/main.8978894b.chunk.css","method":"GET","headers":{"Accept":"text/css,*/*;q=0.1","Referer":"http://localhost:8080/","User-Agent":"Mozilla/5.0 (Windows NT 10.0; Win64; x64) AppleWebKit/537.36 (KHTML, like Gecko) Chrome/116.0.0.0 Safari/537.36","sec-ch-ua":"\"Chromium\";v=\"116\", \"Not)A;Brand\";v=\"24\", \"Google Chrome\";v=\"116\"","sec-ch-ua-mobile":"?0","sec-ch-ua-platform":"\"Windows\""},"initialPriority":"VeryHigh","referrerPolicy":"unsafe-url"},"frameId":"D165F02B89151667DFD1BF49856829E7","resourceType":"Stylesheet","responseStatusCode":200,"responseStatusText":"","responseHeaders":[{"name":"Vary","value":"Origin"},{"name":"Vary","value":"Access-Control-Request-Method"},{"name":"Vary","value":"Access-Control-Request-Headers"},{"name":"Last-Modified","value":"Thu, 03 Aug 2023 10:18:16 GMT"},{"name":"Accept-Ranges","value":"bytes"},{"name":"Content-Type","value":"text/css"},{"name":"Content-Length","value":"700"},{"name":"Date","value":"Wed, 16 Aug 2023 13:20:22 GMT"}]},"sessionId":"69DE6D1A85B5D627489871F60443E14A"}
org.openqa.selenium.devtools.DevToolsException: {"id":2277,"error":{"code":-32602,"message":"Invalid InterceptionId."},"sessionId":"69DE6D1A85B5D627489871F60443E14A"}
Build info: version: '4.11.0', revision: '040bc5406b'
System info: os.name: 'Windows 10', os.arch: 'amd64', os.version: '10.0', java.version: '11.0.18'
Driver info: driver.version: unknown
	at org.openqa.selenium.devtools.Connection.sendAndWait(Connection.java:181)
	at org.openqa.selenium.devtools.DevTools.send(DevTools.java:81)
	at org.openqa.selenium.devtools.idealized.Network.lambda$prepareToInterceptTraffic$4(Network.java:194)
	at org.openqa.selenium.devtools.Connection.lambda$handle$4(Connection.java:321)
	at java.base/java.util.stream.ForEachOps$ForEachOp$OfRef.accept(ForEachOps.java:183)
	at java.base/java.util.stream.ReferencePipeline$2$1.accept(ReferencePipeline.java:177)
	at java.base/java.util.stream.ReferencePipeline$11$1.accept(ReferencePipeline.java:442)
	at java.base/java.util.HashMap$KeySpliterator.forEachRemaining(HashMap.java:1621)
	at java.base/java.util.stream.AbstractPipeline.copyInto(AbstractPipeline.java:484)
	at java.base/java.util.stream.AbstractPipeline.wrapAndCopyInto(AbstractPipeline.java:474)
	at java.base/java.util.stream.ForEachOps$ForEachOp.evaluateSequential(ForEachOps.java:150)
	at java.base/java.util.stream.ForEachOps$ForEachOp$OfRef.evaluateSequential(ForEachOps.java:173)
	at java.base/java.util.stream.AbstractPipeline.evaluate(AbstractPipeline.java:234)
	at java.base/java.util.stream.ReferencePipeline.forEach(ReferencePipeline.java:497)
	at org.openqa.selenium.devtools.Connection.handle(Connection.java:287)
	at org.openqa.selenium.devtools.Connection.access$200(Connection.java:57)
	at org.openqa.selenium.devtools.Connection$Listener.lambda$onText$0(Connection.java:224)
	at java.base/java.util.concurrent.ThreadPoolExecutor.runWorker(ThreadPoolExecutor.java:1128)
	at java.base/java.util.concurrent.ThreadPoolExecutor$Worker.run(ThreadPoolExecutor.java:628)
	at java.base/java.lang.Thread.run(Thread.java:829)
Caused by: org.openqa.selenium.WebDriverException: {"id":2277,"error":{"code":-32602,"message":"Invalid InterceptionId."},"sessionId":"69DE6D1A85B5D627489871F60443E14A"}
Build info: version: '4.11.0', revision: '040bc5406b'
System info: os.name: 'Windows 10', os.arch: 'amd64', os.version: '10.0', java.version: '11.0.18'
Driver info: driver.version: unknown
	at org.openqa.selenium.devtools.Connection.handle(Connection.java:260)
	... 5 more

Exception in thread "CDP Connection" org.openqa.selenium.devtools.DevToolsException: {"id":2277,"error":{"code":-32602,"message":"Invalid InterceptionId."},"sessionId":"69DE6D1A85B5D627489871F60443E14A"}
Build info: version: '4.11.0', revision: '040bc5406b'
System info: os.name: 'Windows 10', os.arch: 'amd64', os.version: '10.0', java.version: '11.0.18'
Driver info: driver.version: unknown
	at org.openqa.selenium.devtools.Connection$Listener.lambda$onText$0(Connection.java:227)
	at java.base/java.util.concurrent.ThreadPoolExecutor.runWorker(ThreadPoolExecutor.java:1128)
	at java.base/java.util.concurrent.ThreadPoolExecutor$Worker.run(ThreadPoolExecutor.java:628)
	at java.base/java.lang.Thread.run(Thread.java:829)
Caused by: org.openqa.selenium.devtools.DevToolsException: {"id":2277,"error":{"code":-32602,"message":"Invalid InterceptionId."},"sessionId":"69DE6D1A85B5D627489871F60443E14A"}
Build info: version: '4.11.0', revision: '040bc5406b'
System info: os.name: 'Windows 10', os.arch: 'amd64', os.version: '10.0', java.version: '11.0.18'
Driver info: driver.version: unknown
	at org.openqa.selenium.devtools.Connection.sendAndWait(Connection.java:181)
	at org.openqa.selenium.devtools.DevTools.send(DevTools.java:81)
	at org.openqa.selenium.devtools.idealized.Network.lambda$prepareToInterceptTraffic$4(Network.java:194)
	at org.openqa.selenium.devtools.Connection.lambda$handle$4(Connection.java:321)
	at java.base/java.util.stream.ForEachOps$ForEachOp$OfRef.accept(ForEachOps.java:183)
	at java.base/java.util.stream.ReferencePipeline$2$1.accept(ReferencePipeline.java:177)
	at java.base/java.util.stream.ReferencePipeline$11$1.accept(ReferencePipeline.java:442)
	at java.base/java.util.HashMap$KeySpliterator.forEachRemaining(HashMap.java:1621)
	at java.base/java.util.stream.AbstractPipeline.copyInto(AbstractPipeline.java:484)
	at java.base/java.util.stream.AbstractPipeline.wrapAndCopyInto(AbstractPipeline.java:474)
	at java.base/java.util.stream.ForEachOps$ForEachOp.evaluateSequential(ForEachOps.java:150)
	at java.base/java.util.stream.ForEachOps$ForEachOp$OfRef.evaluateSequential(ForEachOps.java:173)
	at java.base/java.util.stream.AbstractPipeline.evaluate(AbstractPipeline.java:234)
	at java.base/java.util.stream.ReferencePipeline.forEach(ReferencePipeline.java:497)
	at org.openqa.selenium.devtools.Connection.handle(Connection.java:287)
	at org.openqa.selenium.devtools.Connection.access$200(Connection.java:57)
	at org.openqa.selenium.devtools.Connection$Listener.lambda$onText$0(Connection.java:224)
	... 3 more
Caused by: org.openqa.selenium.WebDriverException: {"id":2277,"error":{"code":-32602,"message":"Invalid InterceptionId."},"sessionId":"69DE6D1A85B5D627489871F60443E14A"}
Build info: version: '4.11.0', revision: '040bc5406b'
System info: os.name: 'Windows 10', os.arch: 'amd64', os.version: '10.0', java.version: '11.0.18'
Driver info: driver.version: unknown
	at org.openqa.selenium.devtools.Connection.handle(Connection.java:260)
	... 5 more
авг. 16, 2023 4:22:59 PM org.openqa.selenium.devtools.Connection$Listener lambda$onText$0
WARNING: Unable to process: {"method":"Fetch.requestPaused","params":{"requestId":"interception-job-371.0","request":{"url":"http://localhost:8080/static/js/main.aab190f3.chunk.js","method":"GET","headers":{"Accept":"*/*","Referer":"http://localhost:8080/","User-Agent":"Mozilla/5.0 (Windows NT 10.0; Win64; x64) AppleWebKit/537.36 (KHTML, like Gecko) Chrome/116.0.0.0 Safari/537.36","sec-ch-ua":"\"Chromium\";v=\"116\", \"Not)A;Brand\";v=\"24\", \"Google Chrome\";v=\"116\"","sec-ch-ua-mobile":"?0","sec-ch-ua-platform":"\"Windows\""},"initialPriority":"High","referrerPolicy":"unsafe-url"},"frameId":"D165F02B89151667DFD1BF49856829E7","resourceType":"Script","responseStatusCode":200,"responseStatusText":"","responseHeaders":[{"name":"Vary","value":"Origin"},{"name":"Vary","value":"Access-Control-Request-Method"},{"name":"Vary","value":"Access-Control-Request-Headers"},{"name":"Last-Modified","value":"Thu, 03 Aug 2023 10:18:16 GMT"},{"name":"Accept-Ranges","value":"bytes"},{"name":"Content-Type","value":"application/javascript"},{"name":"Content-Length","value":"9137"},{"name":"Date","value":"Wed, 16 Aug 2023 13:20:22 GMT"}]},"sessionId":"69DE6D1A85B5D627489871F60443E14A"}
org.openqa.selenium.devtools.DevToolsException: {"id":2281,"error":{"code":-32602,"message":"Invalid InterceptionId."},"sessionId":"69DE6D1A85B5D627489871F60443E14A"}
Build info: version: '4.11.0', revision: '040bc5406b'
System info: os.name: 'Windows 10', os.arch: 'amd64', os.version: '10.0', java.version: '11.0.18'
Driver info: driver.version: unknown
	at org.openqa.selenium.devtools.Connection.sendAndWait(Connection.java:181)
	at org.openqa.selenium.devtools.DevTools.send(DevTools.java:81)
	at org.openqa.selenium.devtools.idealized.Network.lambda$prepareToInterceptTraffic$4(Network.java:194)
	at org.openqa.selenium.devtools.Connection.lambda$handle$4(Connection.java:321)
	at java.base/java.util.stream.ForEachOps$ForEachOp$OfRef.accept(ForEachOps.java:183)
	at java.base/java.util.stream.ReferencePipeline$2$1.accept(ReferencePipeline.java:177)
	at java.base/java.util.stream.ReferencePipeline$11$1.accept(ReferencePipeline.java:442)
	at java.base/java.util.HashMap$KeySpliterator.forEachRemaining(HashMap.java:1621)
	at java.base/java.util.stream.AbstractPipeline.copyInto(AbstractPipeline.java:484)
	at java.base/java.util.stream.AbstractPipeline.wrapAndCopyInto(AbstractPipeline.java:474)
	at java.base/java.util.stream.ForEachOps$ForEachOp.evaluateSequential(ForEachOps.java:150)
	at java.base/java.util.stream.ForEachOps$ForEachOp$OfRef.evaluateSequential(ForEachOps.java:173)
	at java.base/java.util.stream.AbstractPipeline.evaluate(AbstractPipeline.java:234)
	at java.base/java.util.stream.ReferencePipeline.forEach(ReferencePipeline.java:497)
	at org.openqa.selenium.devtools.Connection.handle(Connection.java:287)
	at org.openqa.selenium.devtools.Connection.access$200(Connection.java:57)
	at org.openqa.selenium.devtools.Connection$Listener.lambda$onText$0(Connection.java:224)
	at java.base/java.util.concurrent.ThreadPoolExecutor.runWorker(ThreadPoolExecutor.java:1128)
	at java.base/java.util.concurrent.ThreadPoolExecutor$Worker.run(ThreadPoolExecutor.java:628)
	at java.base/java.lang.Thread.run(Thread.java:829)
Caused by: org.openqa.selenium.WebDriverException: {"id":2281,"error":{"code":-32602,"message":"Invalid InterceptionId."},"sessionId":"69DE6D1A85B5D627489871F60443E14A"}
Build info: version: '4.11.0', revision: '040bc5406b'
System info: os.name: 'Windows 10', os.arch: 'amd64', os.version: '10.0', java.version: '11.0.18'
Driver info: driver.version: unknown
	at org.openqa.selenium.devtools.Connection.handle(Connection.java:260)
	... 5 more

Exception in thread "CDP Connection" org.openqa.selenium.devtools.DevToolsException: {"id":2281,"error":{"code":-32602,"message":"Invalid InterceptionId."},"sessionId":"69DE6D1A85B5D627489871F60443E14A"}
Build info: version: '4.11.0', revision: '040bc5406b'
System info: os.name: 'Windows 10', os.arch: 'amd64', os.version: '10.0', java.version: '11.0.18'
Driver info: driver.version: unknown
	at org.openqa.selenium.devtools.Connection$Listener.lambda$onText$0(Connection.java:227)
	at java.base/java.util.concurrent.ThreadPoolExecutor.runWorker(ThreadPoolExecutor.java:1128)
	at java.base/java.util.concurrent.ThreadPoolExecutor$Worker.run(ThreadPoolExecutor.java:628)
	at java.base/java.lang.Thread.run(Thread.java:829)
Caused by: org.openqa.selenium.devtools.DevToolsException: {"id":2281,"error":{"code":-32602,"message":"Invalid InterceptionId."},"sessionId":"69DE6D1A85B5D627489871F60443E14A"}
Build info: version: '4.11.0', revision: '040bc5406b'
System info: os.name: 'Windows 10', os.arch: 'amd64', os.version: '10.0', java.version: '11.0.18'
Driver info: driver.version: unknown
	at org.openqa.selenium.devtools.Connection.sendAndWait(Connection.java:181)
	at org.openqa.selenium.devtools.DevTools.send(DevTools.java:81)
	at org.openqa.selenium.devtools.idealized.Network.lambda$prepareToInterceptTraffic$4(Network.java:194)
	at org.openqa.selenium.devtools.Connection.lambda$handle$4(Connection.java:321)
	at java.base/java.util.stream.ForEachOps$ForEachOp$OfRef.accept(ForEachOps.java:183)
	at java.base/java.util.stream.ReferencePipeline$2$1.accept(ReferencePipeline.java:177)
	at java.base/java.util.stream.ReferencePipeline$11$1.accept(ReferencePipeline.java:442)
	at java.base/java.util.HashMap$KeySpliterator.forEachRemaining(HashMap.java:1621)
	at java.base/java.util.stream.AbstractPipeline.copyInto(AbstractPipeline.java:484)
	at java.base/java.util.stream.AbstractPipeline.wrapAndCopyInto(AbstractPipeline.java:474)
	at java.base/java.util.stream.ForEachOps$ForEachOp.evaluateSequential(ForEachOps.java:150)
	at java.base/java.util.stream.ForEachOps$ForEachOp$OfRef.evaluateSequential(ForEachOps.java:173)
	at java.base/java.util.stream.AbstractPipeline.evaluate(AbstractPipeline.java:234)
	at java.base/java.util.stream.ReferencePipeline.forEach(ReferencePipeline.java:497)
	at org.openqa.selenium.devtools.Connection.handle(Connection.java:287)
	at org.openqa.selenium.devtools.Connection.access$200(Connection.java:57)
	at org.openqa.selenium.devtools.Connection$Listener.lambda$onText$0(Connection.java:224)
	... 3 more
Caused by: org.openqa.selenium.WebDriverException: {"id":2281,"error":{"code":-32602,"message":"Invalid InterceptionId."},"sessionId":"69DE6D1A85B5D627489871F60443E14A"}
Build info: version: '4.11.0', revision: '040bc5406b'
System info: os.name: 'Windows 10', os.arch: 'amd64', os.version: '10.0', java.version: '11.0.18'
Driver info: driver.version: unknown
	at org.openqa.selenium.devtools.Connection.handle(Connection.java:260)
	... 5 more
авг. 16, 2023 4:22:59 PM org.openqa.selenium.devtools.Connection$Listener lambda$onText$0
WARNING: Unable to process: {"method":"Fetch.requestPaused","params":{"requestId":"interception-job-369.0","request":{"url":"http://localhost:8080/static/css/main.8978894b.chunk.css","method":"GET","headers":{"Accept":"text/css,*/*;q=0.1","Referer":"http://localhost:8080/","User-Agent":"Mozilla/5.0 (Windows NT 10.0; Win64; x64) AppleWebKit/537.36 (KHTML, like Gecko) Chrome/116.0.0.0 Safari/537.36","sec-ch-ua":"\"Chromium\";v=\"116\", \"Not)A;Brand\";v=\"24\", \"Google Chrome\";v=\"116\"","sec-ch-ua-mobile":"?0","sec-ch-ua-platform":"\"Windows\""},"initialPriority":"VeryHigh","referrerPolicy":"strict-origin-when-cross-origin"},"frameId":"D165F02B89151667DFD1BF49856829E7","resourceType":"Stylesheet"},"sessionId":"69DE6D1A85B5D627489871F60443E14A"}
org.openqa.selenium.devtools.DevToolsException: {"id":2280,"error":{"code":-32602,"message":"Invalid InterceptionId."},"sessionId":"69DE6D1A85B5D627489871F60443E14A"}
Build info: version: '4.11.0', revision: '040bc5406b'
System info: os.name: 'Windows 10', os.arch: 'amd64', os.version: '10.0', java.version: '11.0.18'
Driver info: driver.version: unknown
	at org.openqa.selenium.devtools.Connection.sendAndWait(Connection.java:181)
	at org.openqa.selenium.devtools.DevTools.send(DevTools.java:81)
	at org.openqa.selenium.devtools.idealized.Network.lambda$prepareToInterceptTraffic$3(Network.java:211)
	at org.openqa.selenium.remote.http.Filter.lambda$andFinally$1(Filter.java:55)
	at org.openqa.selenium.devtools.idealized.Network.lambda$prepareToInterceptTraffic$4(Network.java:226)
	at org.openqa.selenium.devtools.Connection.lambda$handle$4(Connection.java:321)
	at java.base/java.util.stream.ForEachOps$ForEachOp$OfRef.accept(ForEachOps.java:183)
	at java.base/java.util.stream.ReferencePipeline$2$1.accept(ReferencePipeline.java:177)
	at java.base/java.util.stream.ReferencePipeline$11$1.accept(ReferencePipeline.java:442)
	at java.base/java.util.HashMap$KeySpliterator.forEachRemaining(HashMap.java:1621)
	at java.base/java.util.stream.AbstractPipeline.copyInto(AbstractPipeline.java:484)
	at java.base/java.util.stream.AbstractPipeline.wrapAndCopyInto(AbstractPipeline.java:474)
	at java.base/java.util.stream.ForEachOps$ForEachOp.evaluateSequential(ForEachOps.java:150)
	at java.base/java.util.stream.ForEachOps$ForEachOp$OfRef.evaluateSequential(ForEachOps.java:173)
	at java.base/java.util.stream.AbstractPipeline.evaluate(AbstractPipeline.java:234)
	at java.base/java.util.stream.ReferencePipeline.forEach(ReferencePipeline.java:497)
	at org.openqa.selenium.devtools.Connection.handle(Connection.java:287)
	at org.openqa.selenium.devtools.Connection.access$200(Connection.java:57)
	at org.openqa.selenium.devtools.Connection$Listener.lambda$onText$0(Connection.java:224)
	at java.base/java.util.concurrent.ThreadPoolExecutor.runWorker(ThreadPoolExecutor.java:1128)
	at java.base/java.util.concurrent.ThreadPoolExecutor$Worker.run(ThreadPoolExecutor.java:628)
	at java.base/java.lang.Thread.run(Thread.java:829)
Caused by: org.openqa.selenium.WebDriverException: {"id":2280,"error":{"code":-32602,"message":"Invalid InterceptionId."},"sessionId":"69DE6D1A85B5D627489871F60443E14A"}
Build info: version: '4.11.0', revision: '040bc5406b'
System info: os.name: 'Windows 10', os.arch: 'amd64', os.version: '10.0', java.version: '11.0.18'
Driver info: driver.version: unknown
	at org.openqa.selenium.devtools.Connection.handle(Connection.java:260)
	... 5 more

Exception in thread "CDP Connection" org.openqa.selenium.devtools.DevToolsException: {"id":2280,"error":{"code":-32602,"message":"Invalid InterceptionId."},"sessionId":"69DE6D1A85B5D627489871F60443E14A"}
Build info: version: '4.11.0', revision: '040bc5406b'
System info: os.name: 'Windows 10', os.arch: 'amd64', os.version: '10.0', java.version: '11.0.18'
Driver info: driver.version: unknown
	at org.openqa.selenium.devtools.Connection$Listener.lambda$onText$0(Connection.java:227)
	at java.base/java.util.concurrent.ThreadPoolExecutor.runWorker(ThreadPoolExecutor.java:1128)
	at java.base/java.util.concurrent.ThreadPoolExecutor$Worker.run(ThreadPoolExecutor.java:628)
	at java.base/java.lang.Thread.run(Thread.java:829)
Caused by: org.openqa.selenium.devtools.DevToolsException: {"id":2280,"error":{"code":-32602,"message":"Invalid InterceptionId."},"sessionId":"69DE6D1A85B5D627489871F60443E14A"}
Build info: version: '4.11.0', revision: '040bc5406b'
System info: os.name: 'Windows 10', os.arch: 'amd64', os.version: '10.0', java.version: '11.0.18'
Driver info: driver.version: unknown
	at org.openqa.selenium.devtools.Connection.sendAndWait(Connection.java:181)
	at org.openqa.selenium.devtools.DevTools.send(DevTools.java:81)
	at org.openqa.selenium.devtools.idealized.Network.lambda$prepareToInterceptTraffic$3(Network.java:211)
	at org.openqa.selenium.remote.http.Filter.lambda$andFinally$1(Filter.java:55)
	at org.openqa.selenium.devtools.idealized.Network.lambda$prepareToInterceptTraffic$4(Network.java:226)
	at org.openqa.selenium.devtools.Connection.lambda$handle$4(Connection.java:321)
	at java.base/java.util.stream.ForEachOps$ForEachOp$OfRef.accept(ForEachOps.java:183)
	at java.base/java.util.stream.ReferencePipeline$2$1.accept(ReferencePipeline.java:177)
	at java.base/java.util.stream.ReferencePipeline$11$1.accept(ReferencePipeline.java:442)
	at java.base/java.util.HashMap$KeySpliterator.forEachRemaining(HashMap.java:1621)
	at java.base/java.util.stream.AbstractPipeline.copyInto(AbstractPipeline.java:484)
	at java.base/java.util.stream.AbstractPipeline.wrapAndCopyInto(AbstractPipeline.java:474)
	at java.base/java.util.stream.ForEachOps$ForEachOp.evaluateSequential(ForEachOps.java:150)
	at java.base/java.util.stream.ForEachOps$ForEachOp$OfRef.evaluateSequential(ForEachOps.java:173)
	at java.base/java.util.stream.AbstractPipeline.evaluate(AbstractPipeline.java:234)
	at java.base/java.util.stream.ReferencePipeline.forEach(ReferencePipeline.java:497)
	at org.openqa.selenium.devtools.Connection.handle(Connection.java:287)
	at org.openqa.selenium.devtools.Connection.access$200(Connection.java:57)
	at org.openqa.selenium.devtools.Connection$Listener.lambda$onText$0(Connection.java:224)
	... 3 more
Caused by: org.openqa.selenium.WebDriverException: {"id":2280,"error":{"code":-32602,"message":"Invalid InterceptionId."},"sessionId":"69DE6D1A85B5D627489871F60443E14A"}
Build info: version: '4.11.0', revision: '040bc5406b'
System info: os.name: 'Windows 10', os.arch: 'amd64', os.version: '10.0', java.version: '11.0.18'
Driver info: driver.version: unknown
	at org.openqa.selenium.devtools.Connection.handle(Connection.java:260)
	... 5 more
авг. 16, 2023 4:22:59 PM org.openqa.selenium.devtools.Connection$Listener lambda$onText$0
WARNING: Unable to process: {"method":"Fetch.requestPaused","params":{"requestId":"interception-job-371.0","request":{"url":"http://localhost:8080/static/js/main.aab190f3.chunk.js","method":"GET","headers":{"Accept":"*/*","Referer":"http://localhost:8080/","User-Agent":"Mozilla/5.0 (Windows NT 10.0; Win64; x64) AppleWebKit/537.36 (KHTML, like Gecko) Chrome/116.0.0.0 Safari/537.36","sec-ch-ua":"\"Chromium\";v=\"116\", \"Not)A;Brand\";v=\"24\", \"Google Chrome\";v=\"116\"","sec-ch-ua-mobile":"?0","sec-ch-ua-platform":"\"Windows\""},"initialPriority":"High","referrerPolicy":"strict-origin-when-cross-origin"},"frameId":"D165F02B89151667DFD1BF49856829E7","resourceType":"Script"},"sessionId":"69DE6D1A85B5D627489871F60443E14A"}
org.openqa.selenium.devtools.DevToolsException: {"id":2282,"error":{"code":-32602,"message":"Invalid InterceptionId."},"sessionId":"69DE6D1A85B5D627489871F60443E14A"}
Build info: version: '4.11.0', revision: '040bc5406b'
System info: os.name: 'Windows 10', os.arch: 'amd64', os.version: '10.0', java.version: '11.0.18'
Driver info: driver.version: unknown
	at org.openqa.selenium.devtools.Connection.sendAndWait(Connection.java:181)
	at org.openqa.selenium.devtools.DevTools.send(DevTools.java:81)
	at org.openqa.selenium.devtools.idealized.Network.lambda$prepareToInterceptTraffic$3(Network.java:211)
	at org.openqa.selenium.remote.http.Filter.lambda$andFinally$1(Filter.java:55)
	at org.openqa.selenium.devtools.idealized.Network.lambda$prepareToInterceptTraffic$4(Network.java:226)
	at org.openqa.selenium.devtools.Connection.lambda$handle$4(Connection.java:321)
	at java.base/java.util.stream.ForEachOps$ForEachOp$OfRef.accept(ForEachOps.java:183)
	at java.base/java.util.stream.ReferencePipeline$2$1.accept(ReferencePipeline.java:177)
	at java.base/java.util.stream.ReferencePipeline$11$1.accept(ReferencePipeline.java:442)
	at java.base/java.util.HashMap$KeySpliterator.forEachRemaining(HashMap.java:1621)
	at java.base/java.util.stream.AbstractPipeline.copyInto(AbstractPipeline.java:484)
	at java.base/java.util.stream.AbstractPipeline.wrapAndCopyInto(AbstractPipeline.java:474)
	at java.base/java.util.stream.ForEachOps$ForEachOp.evaluateSequential(ForEachOps.java:150)
	at java.base/java.util.stream.ForEachOps$ForEachOp$OfRef.evaluateSequential(ForEachOps.java:173)
	at java.base/java.util.stream.AbstractPipeline.evaluate(AbstractPipeline.java:234)
	at java.base/java.util.stream.ReferencePipeline.forEach(ReferencePipeline.java:497)
	at org.openqa.selenium.devtools.Connection.handle(Connection.java:287)
	at org.openqa.selenium.devtools.Connection.access$200(Connection.java:57)
	at org.openqa.selenium.devtools.Connection$Listener.lambda$onText$0(Connection.java:224)
	at java.base/java.util.concurrent.ThreadPoolExecutor.runWorker(ThreadPoolExecutor.java:1128)
	at java.base/java.util.concurrent.ThreadPoolExecutor$Worker.run(ThreadPoolExecutor.java:628)
	at java.base/java.lang.Thread.run(Thread.java:829)
Caused by: org.openqa.selenium.WebDriverException: {"id":2282,"error":{"code":-32602,"message":"Invalid InterceptionId."},"sessionId":"69DE6D1A85B5D627489871F60443E14A"}
Build info: version: '4.11.0', revision: '040bc5406b'
System info: os.name: 'Windows 10', os.arch: 'amd64', os.version: '10.0', java.version: '11.0.18'
Driver info: driver.version: unknown
	at org.openqa.selenium.devtools.Connection.handle(Connection.java:260)
	... 5 more

Exception in thread "CDP Connection" org.openqa.selenium.devtools.DevToolsException: {"id":2282,"error":{"code":-32602,"message":"Invalid InterceptionId."},"sessionId":"69DE6D1A85B5D627489871F60443E14A"}
Build info: version: '4.11.0', revision: '040bc5406b'
System info: os.name: 'Windows 10', os.arch: 'amd64', os.version: '10.0', java.version: '11.0.18'
Driver info: driver.version: unknown
	at org.openqa.selenium.devtools.Connection$Listener.lambda$onText$0(Connection.java:227)
	at java.base/java.util.concurrent.ThreadPoolExecutor.runWorker(ThreadPoolExecutor.java:1128)
	at java.base/java.util.concurrent.ThreadPoolExecutor$Worker.run(ThreadPoolExecutor.java:628)
	at java.base/java.lang.Thread.run(Thread.java:829)
Caused by: org.openqa.selenium.devtools.DevToolsException: {"id":2282,"error":{"code":-32602,"message":"Invalid InterceptionId."},"sessionId":"69DE6D1A85B5D627489871F60443E14A"}
Build info: version: '4.11.0', revision: '040bc5406b'
System info: os.name: 'Windows 10', os.arch: 'amd64', os.version: '10.0', java.version: '11.0.18'
Driver info: driver.version: unknown
	at org.openqa.selenium.devtools.Connection.sendAndWait(Connection.java:181)
	at org.openqa.selenium.devtools.DevTools.send(DevTools.java:81)
	at org.openqa.selenium.devtools.idealized.Network.lambda$prepareToInterceptTraffic$3(Network.java:211)
	at org.openqa.selenium.remote.http.Filter.lambda$andFinally$1(Filter.java:55)
	at org.openqa.selenium.devtools.idealized.Network.lambda$prepareToInterceptTraffic$4(Network.java:226)
	at org.openqa.selenium.devtools.Connection.lambda$handle$4(Connection.java:321)
	at java.base/java.util.stream.ForEachOps$ForEachOp$OfRef.accept(ForEachOps.java:183)
	at java.base/java.util.stream.ReferencePipeline$2$1.accept(ReferencePipeline.java:177)
	at java.base/java.util.stream.ReferencePipeline$11$1.accept(ReferencePipeline.java:442)
	at java.base/java.util.HashMap$KeySpliterator.forEachRemaining(HashMap.java:1621)
	at java.base/java.util.stream.AbstractPipeline.copyInto(AbstractPipeline.java:484)
	at java.base/java.util.stream.AbstractPipeline.wrapAndCopyInto(AbstractPipeline.java:474)
	at java.base/java.util.stream.ForEachOps$ForEachOp.evaluateSequential(ForEachOps.java:150)
	at java.base/java.util.stream.ForEachOps$ForEachOp$OfRef.evaluateSequential(ForEachOps.java:173)
	at java.base/java.util.stream.AbstractPipeline.evaluate(AbstractPipeline.java:234)
	at java.base/java.util.stream.ReferencePipeline.forEach(ReferencePipeline.java:497)
	at org.openqa.selenium.devtools.Connection.handle(Connection.java:287)
	at org.openqa.selenium.devtools.Connection.access$200(Connection.java:57)
	at org.openqa.selenium.devtools.Connection$Listener.lambda$onText$0(Connection.java:224)
	... 3 more
Caused by: org.openqa.selenium.WebDriverException: {"id":2282,"error":{"code":-32602,"message":"Invalid InterceptionId."},"sessionId":"69DE6D1A85B5D627489871F60443E14A"}
Build info: version: '4.11.0', revision: '040bc5406b'
System info: os.name: 'Windows 10', os.arch: 'amd64', os.version: '10.0', java.version: '11.0.18'
Driver info: driver.version: unknown
	at org.openqa.selenium.devtools.Connection.handle(Connection.java:260)
	... 5 more
авг. 16, 2023 4:22:59 PM org.openqa.selenium.devtools.Connection$Listener lambda$onText$0
WARNING: Unable to process: {"method":"Fetch.requestPaused","params":{"requestId":"interception-job-368.0","request":{"url":"http://localhost:8080/static/css/2.7d875902.chunk.css","method":"GET","headers":{"Accept":"text/css,*/*;q=0.1","Referer":"http://localhost:8080/","User-Agent":"Mozilla/5.0 (Windows NT 10.0; Win64; x64) AppleWebKit/537.36 (KHTML, like Gecko) Chrome/116.0.0.0 Safari/537.36","sec-ch-ua":"\"Chromium\";v=\"116\", \"Not)A;Brand\";v=\"24\", \"Google Chrome\";v=\"116\"","sec-ch-ua-mobile":"?0","sec-ch-ua-platform":"\"Windows\""},"initialPriority":"VeryHigh","referrerPolicy":"unsafe-url"},"frameId":"D165F02B89151667DFD1BF49856829E7","resourceType":"Stylesheet","responseStatusCode":200,"responseStatusText":"","responseHeaders":[{"name":"Vary","value":"Origin"},{"name":"Vary","value":"Access-Control-Request-Method"},{"name":"Vary","value":"Access-Control-Request-Headers"},{"name":"Last-Modified","value":"Thu, 03 Aug 2023 10:18:16 GMT"},{"name":"Accept-Ranges","value":"bytes"},{"name":"Content-Type","value":"text/css"},{"name":"Content-Length","value":"87563"},{"name":"Date","value":"Wed, 16 Aug 2023 13:20:22 GMT"}]},"sessionId":"69DE6D1A85B5D627489871F60443E14A"}
org.openqa.selenium.devtools.DevToolsException: {"id":2285,"error":{"code":-32602,"message":"Invalid InterceptionId."},"sessionId":"69DE6D1A85B5D627489871F60443E14A"}
Build info: version: '4.11.0', revision: '040bc5406b'
System info: os.name: 'Windows 10', os.arch: 'amd64', os.version: '10.0', java.version: '11.0.18'
Driver info: driver.version: unknown
	at org.openqa.selenium.devtools.Connection.sendAndWait(Connection.java:181)
	at org.openqa.selenium.devtools.DevTools.send(DevTools.java:81)
	at org.openqa.selenium.devtools.idealized.Network.lambda$prepareToInterceptTraffic$4(Network.java:194)
	at org.openqa.selenium.devtools.Connection.lambda$handle$4(Connection.java:321)
	at java.base/java.util.stream.ForEachOps$ForEachOp$OfRef.accept(ForEachOps.java:183)
	at java.base/java.util.stream.ReferencePipeline$2$1.accept(ReferencePipeline.java:177)
	at java.base/java.util.stream.ReferencePipeline$11$1.accept(ReferencePipeline.java:442)
	at java.base/java.util.HashMap$KeySpliterator.forEachRemaining(HashMap.java:1621)
	at java.base/java.util.stream.AbstractPipeline.copyInto(AbstractPipeline.java:484)
	at java.base/java.util.stream.AbstractPipeline.wrapAndCopyInto(AbstractPipeline.java:474)
	at java.base/java.util.stream.ForEachOps$ForEachOp.evaluateSequential(ForEachOps.java:150)
	at java.base/java.util.stream.ForEachOps$ForEachOp$OfRef.evaluateSequential(ForEachOps.java:173)
	at java.base/java.util.stream.AbstractPipeline.evaluate(AbstractPipeline.java:234)
	at java.base/java.util.stream.ReferencePipeline.forEach(ReferencePipeline.java:497)
	at org.openqa.selenium.devtools.Connection.handle(Connection.java:287)
	at org.openqa.selenium.devtools.Connection.access$200(Connection.java:57)
	at org.openqa.selenium.devtools.Connection$Listener.lambda$onText$0(Connection.java:224)
	at java.base/java.util.concurrent.ThreadPoolExecutor.runWorker(ThreadPoolExecutor.java:1128)
	at java.base/java.util.concurrent.ThreadPoolExecutor$Worker.run(ThreadPoolExecutor.java:628)
	at java.base/java.lang.Thread.run(Thread.java:829)
Caused by: org.openqa.selenium.WebDriverException: {"id":2285,"error":{"code":-32602,"message":"Invalid InterceptionId."},"sessionId":"69DE6D1A85B5D627489871F60443E14A"}
Build info: version: '4.11.0', revision: '040bc5406b'
System info: os.name: 'Windows 10', os.arch: 'amd64', os.version: '10.0', java.version: '11.0.18'
Driver info: driver.version: unknown
	at org.openqa.selenium.devtools.Connection.handle(Connection.java:260)
	... 5 more

Exception in thread "CDP Connection" org.openqa.selenium.devtools.DevToolsException: {"id":2285,"error":{"code":-32602,"message":"Invalid InterceptionId."},"sessionId":"69DE6D1A85B5D627489871F60443E14A"}
Build info: version: '4.11.0', revision: '040bc5406b'
System info: os.name: 'Windows 10', os.arch: 'amd64', os.version: '10.0', java.version: '11.0.18'
Driver info: driver.version: unknown
	at org.openqa.selenium.devtools.Connection$Listener.lambda$onText$0(Connection.java:227)
	at java.base/java.util.concurrent.ThreadPoolExecutor.runWorker(ThreadPoolExecutor.java:1128)
	at java.base/java.util.concurrent.ThreadPoolExecutor$Worker.run(ThreadPoolExecutor.java:628)
	at java.base/java.lang.Thread.run(Thread.java:829)
Caused by: org.openqa.selenium.devtools.DevToolsException: {"id":2285,"error":{"code":-32602,"message":"Invalid InterceptionId."},"sessionId":"69DE6D1A85B5D627489871F60443E14A"}
Build info: version: '4.11.0', revision: '040bc5406b'
System info: os.name: 'Windows 10', os.arch: 'amd64', os.version: '10.0', java.version: '11.0.18'
Driver info: driver.version: unknown
	at org.openqa.selenium.devtools.Connection.sendAndWait(Connection.java:181)
	at org.openqa.selenium.devtools.DevTools.send(DevTools.java:81)
	at org.openqa.selenium.devtools.idealized.Network.lambda$prepareToInterceptTraffic$4(Network.java:194)
	at org.openqa.selenium.devtools.Connection.lambda$handle$4(Connection.java:321)
	at java.base/java.util.stream.ForEachOps$ForEachOp$OfRef.accept(ForEachOps.java:183)
	at java.base/java.util.stream.ReferencePipeline$2$1.accept(ReferencePipeline.java:177)
	at java.base/java.util.stream.ReferencePipeline$11$1.accept(ReferencePipeline.java:442)
	at java.base/java.util.HashMap$KeySpliterator.forEachRemaining(HashMap.java:1621)
	at java.base/java.util.stream.AbstractPipeline.copyInto(AbstractPipeline.java:484)
	at java.base/java.util.stream.AbstractPipeline.wrapAndCopyInto(AbstractPipeline.java:474)
	at java.base/java.util.stream.ForEachOps$ForEachOp.evaluateSequential(ForEachOps.java:150)
	at java.base/java.util.stream.ForEachOps$ForEachOp$OfRef.evaluateSequential(ForEachOps.java:173)
	at java.base/java.util.stream.AbstractPipeline.evaluate(AbstractPipeline.java:234)
	at java.base/java.util.stream.ReferencePipeline.forEach(ReferencePipeline.java:497)
	at org.openqa.selenium.devtools.Connection.handle(Connection.java:287)
	at org.openqa.selenium.devtools.Connection.access$200(Connection.java:57)
	at org.openqa.selenium.devtools.Connection$Listener.lambda$onText$0(Connection.java:224)
	... 3 more
Caused by: org.openqa.selenium.WebDriverException: {"id":2285,"error":{"code":-32602,"message":"Invalid InterceptionId."},"sessionId":"69DE6D1A85B5D627489871F60443E14A"}
Build info: version: '4.11.0', revision: '040bc5406b'
System info: os.name: 'Windows 10', os.arch: 'amd64', os.version: '10.0', java.version: '11.0.18'
Driver info: driver.version: unknown
	at org.openqa.selenium.devtools.Connection.handle(Connection.java:260)
	... 5 more
авг. 16, 2023 4:22:59 PM org.openqa.selenium.devtools.Connection$Listener lambda$onText$0
WARNING: Unable to process: {"method":"Fetch.requestPaused","params":{"requestId":"interception-job-368.0","request":{"url":"http://localhost:8080/static/css/2.7d875902.chunk.css","method":"GET","headers":{"Accept":"text/css,*/*;q=0.1","Referer":"http://localhost:8080/","User-Agent":"Mozilla/5.0 (Windows NT 10.0; Win64; x64) AppleWebKit/537.36 (KHTML, like Gecko) Chrome/116.0.0.0 Safari/537.36","sec-ch-ua":"\"Chromium\";v=\"116\", \"Not)A;Brand\";v=\"24\", \"Google Chrome\";v=\"116\"","sec-ch-ua-mobile":"?0","sec-ch-ua-platform":"\"Windows\""},"initialPriority":"VeryHigh","referrerPolicy":"strict-origin-when-cross-origin"},"frameId":"D165F02B89151667DFD1BF49856829E7","resourceType":"Stylesheet"},"sessionId":"69DE6D1A85B5D627489871F60443E14A"}
org.openqa.selenium.devtools.DevToolsException: {"id":2286,"error":{"code":-32602,"message":"Invalid InterceptionId."},"sessionId":"69DE6D1A85B5D627489871F60443E14A"}
Build info: version: '4.11.0', revision: '040bc5406b'
System info: os.name: 'Windows 10', os.arch: 'amd64', os.version: '10.0', java.version: '11.0.18'
Driver info: driver.version: unknown
	at org.openqa.selenium.devtools.Connection.sendAndWait(Connection.java:181)
	at org.openqa.selenium.devtools.DevTools.send(DevTools.java:81)
	at org.openqa.selenium.devtools.idealized.Network.lambda$prepareToInterceptTraffic$3(Network.java:211)
	at org.openqa.selenium.remote.http.Filter.lambda$andFinally$1(Filter.java:55)
	at org.openqa.selenium.devtools.idealized.Network.lambda$prepareToInterceptTraffic$4(Network.java:226)
	at org.openqa.selenium.devtools.Connection.lambda$handle$4(Connection.java:321)
	at java.base/java.util.stream.ForEachOps$ForEachOp$OfRef.accept(ForEachOps.java:183)
	at java.base/java.util.stream.ReferencePipeline$2$1.accept(ReferencePipeline.java:177)
	at java.base/java.util.stream.ReferencePipeline$11$1.accept(ReferencePipeline.java:442)
	at java.base/java.util.HashMap$KeySpliterator.forEachRemaining(HashMap.java:1621)
	at java.base/java.util.stream.AbstractPipeline.copyInto(AbstractPipeline.java:484)
	at java.base/java.util.stream.AbstractPipeline.wrapAndCopyInto(AbstractPipeline.java:474)
	at java.base/java.util.stream.ForEachOps$ForEachOp.evaluateSequential(ForEachOps.java:150)
	at java.base/java.util.stream.ForEachOps$ForEachOp$OfRef.evaluateSequential(ForEachOps.java:173)
	at java.base/java.util.stream.AbstractPipeline.evaluate(AbstractPipeline.java:234)
	at java.base/java.util.stream.ReferencePipeline.forEach(ReferencePipeline.java:497)
	at org.openqa.selenium.devtools.Connection.handle(Connection.java:287)
	at org.openqa.selenium.devtools.Connection.access$200(Connection.java:57)
	at org.openqa.selenium.devtools.Connection$Listener.lambda$onText$0(Connection.java:224)
	at java.base/java.util.concurrent.ThreadPoolExecutor.runWorker(ThreadPoolExecutor.java:1128)
	at java.base/java.util.concurrent.ThreadPoolExecutor$Worker.run(ThreadPoolExecutor.java:628)
	at java.base/java.lang.Thread.run(Thread.java:829)
Caused by: org.openqa.selenium.WebDriverException: {"id":2286,"error":{"code":-32602,"message":"Invalid InterceptionId."},"sessionId":"69DE6D1A85B5D627489871F60443E14A"}
Build info: version: '4.11.0', revision: '040bc5406b'
System info: os.name: 'Windows 10', os.arch: 'amd64', os.version: '10.0', java.version: '11.0.18'
Driver info: driver.version: unknown
	at org.openqa.selenium.devtools.Connection.handle(Connection.java:260)
	... 5 more

Exception in thread "CDP Connection" org.openqa.selenium.devtools.DevToolsException: {"id":2286,"error":{"code":-32602,"message":"Invalid InterceptionId."},"sessionId":"69DE6D1A85B5D627489871F60443E14A"}
Build info: version: '4.11.0', revision: '040bc5406b'
System info: os.name: 'Windows 10', os.arch: 'amd64', os.version: '10.0', java.version: '11.0.18'
Driver info: driver.version: unknown
	at org.openqa.selenium.devtools.Connection$Listener.lambda$onText$0(Connection.java:227)
	at java.base/java.util.concurrent.ThreadPoolExecutor.runWorker(ThreadPoolExecutor.java:1128)
	at java.base/java.util.concurrent.ThreadPoolExecutor$Worker.run(ThreadPoolExecutor.java:628)
	at java.base/java.lang.Thread.run(Thread.java:829)
Caused by: org.openqa.selenium.devtools.DevToolsException: {"id":2286,"error":{"code":-32602,"message":"Invalid InterceptionId."},"sessionId":"69DE6D1A85B5D627489871F60443E14A"}
Build info: version: '4.11.0', revision: '040bc5406b'
System info: os.name: 'Windows 10', os.arch: 'amd64', os.version: '10.0', java.version: '11.0.18'
Driver info: driver.version: unknown
	at org.openqa.selenium.devtools.Connection.sendAndWait(Connection.java:181)
	at org.openqa.selenium.devtools.DevTools.send(DevTools.java:81)
	at org.openqa.selenium.devtools.idealized.Network.lambda$prepareToInterceptTraffic$3(Network.java:211)
	at org.openqa.selenium.remote.http.Filter.lambda$andFinally$1(Filter.java:55)
	at org.openqa.selenium.devtools.idealized.Network.lambda$prepareToInterceptTraffic$4(Network.java:226)
	at org.openqa.selenium.devtools.Connection.lambda$handle$4(Connection.java:321)
	at java.base/java.util.stream.ForEachOps$ForEachOp$OfRef.accept(ForEachOps.java:183)
	at java.base/java.util.stream.ReferencePipeline$2$1.accept(ReferencePipeline.java:177)
	at java.base/java.util.stream.ReferencePipeline$11$1.accept(ReferencePipeline.java:442)
	at java.base/java.util.HashMap$KeySpliterator.forEachRemaining(HashMap.java:1621)
	at java.base/java.util.stream.AbstractPipeline.copyInto(AbstractPipeline.java:484)
	at java.base/java.util.stream.AbstractPipeline.wrapAndCopyInto(AbstractPipeline.java:474)
	at java.base/java.util.stream.ForEachOps$ForEachOp.evaluateSequential(ForEachOps.java:150)
	at java.base/java.util.stream.ForEachOps$ForEachOp$OfRef.evaluateSequential(ForEachOps.java:173)
	at java.base/java.util.stream.AbstractPipeline.evaluate(AbstractPipeline.java:234)
	at java.base/java.util.stream.ReferencePipeline.forEach(ReferencePipeline.java:497)
	at org.openqa.selenium.devtools.Connection.handle(Connection.java:287)
	at org.openqa.selenium.devtools.Connection.access$200(Connection.java:57)
	at org.openqa.selenium.devtools.Connection$Listener.lambda$onText$0(Connection.java:224)
	... 3 more
Caused by: org.openqa.selenium.WebDriverException: {"id":2286,"error":{"code":-32602,"message":"Invalid InterceptionId."},"sessionId":"69DE6D1A85B5D627489871F60443E14A"}
Build info: version: '4.11.0', revision: '040bc5406b'
System info: os.name: 'Windows 10', os.arch: 'amd64', os.version: '10.0', java.version: '11.0.18'
Driver info: driver.version: unknown
	at org.openqa.selenium.devtools.Connection.handle(Connection.java:260)
	... 5 more
авг. 16, 2023 4:22:59 PM org.openqa.selenium.devtools.Connection$Listener lambda$onText$0
WARNING: Unable to process: {"method":"Fetch.requestPaused","params":{"requestId":"interception-job-370.0","request":{"url":"http://localhost:8080/static/js/2.0716afe8.chunk.js","method":"GET","headers":{"Accept":"*/*","Referer":"http://localhost:8080/","User-Agent":"Mozilla/5.0 (Windows NT 10.0; Win64; x64) AppleWebKit/537.36 (KHTML, like Gecko) Chrome/116.0.0.0 Safari/537.36","sec-ch-ua":"\"Chromium\";v=\"116\", \"Not)A;Brand\";v=\"24\", \"Google Chrome\";v=\"116\"","sec-ch-ua-mobile":"?0","sec-ch-ua-platform":"\"Windows\""},"initialPriority":"High","referrerPolicy":"unsafe-url"},"frameId":"D165F02B89151667DFD1BF49856829E7","resourceType":"Script","responseStatusCode":200,"responseStatusText":"","responseHeaders":[{"name":"Vary","value":"Origin"},{"name":"Vary","value":"Access-Control-Request-Method"},{"name":"Vary","value":"Access-Control-Request-Headers"},{"name":"Last-Modified","value":"Thu, 03 Aug 2023 10:18:16 GMT"},{"name":"Accept-Ranges","value":"bytes"},{"name":"Content-Type","value":"application/javascript"},{"name":"Content-Length","value":"228167"},{"name":"Date","value":"Wed, 16 Aug 2023 13:20:22 GMT"}]},"sessionId":"69DE6D1A85B5D627489871F60443E14A"}
org.openqa.selenium.devtools.DevToolsException: {"id":2289,"error":{"code":-32602,"message":"Invalid InterceptionId."},"sessionId":"69DE6D1A85B5D627489871F60443E14A"}
Build info: version: '4.11.0', revision: '040bc5406b'
System info: os.name: 'Windows 10', os.arch: 'amd64', os.version: '10.0', java.version: '11.0.18'
Driver info: driver.version: unknown
	at org.openqa.selenium.devtools.Connection.sendAndWait(Connection.java:181)
	at org.openqa.selenium.devtools.DevTools.send(DevTools.java:81)
	at org.openqa.selenium.devtools.idealized.Network.lambda$prepareToInterceptTraffic$4(Network.java:194)
	at org.openqa.selenium.devtools.Connection.lambda$handle$4(Connection.java:321)
	at java.base/java.util.stream.ForEachOps$ForEachOp$OfRef.accept(ForEachOps.java:183)
	at java.base/java.util.stream.ReferencePipeline$2$1.accept(ReferencePipeline.java:177)
	at java.base/java.util.stream.ReferencePipeline$11$1.accept(ReferencePipeline.java:442)
	at java.base/java.util.HashMap$KeySpliterator.forEachRemaining(HashMap.java:1621)
	at java.base/java.util.stream.AbstractPipeline.copyInto(AbstractPipeline.java:484)
	at java.base/java.util.stream.AbstractPipeline.wrapAndCopyInto(AbstractPipeline.java:474)
	at java.base/java.util.stream.ForEachOps$ForEachOp.evaluateSequential(ForEachOps.java:150)
	at java.base/java.util.stream.ForEachOps$ForEachOp$OfRef.evaluateSequential(ForEachOps.java:173)
	at java.base/java.util.stream.AbstractPipeline.evaluate(AbstractPipeline.java:234)
	at java.base/java.util.stream.ReferencePipeline.forEach(ReferencePipeline.java:497)
	at org.openqa.selenium.devtools.Connection.handle(Connection.java:287)
	at org.openqa.selenium.devtools.Connection.access$200(Connection.java:57)
	at org.openqa.selenium.devtools.Connection$Listener.lambda$onText$0(Connection.java:224)
	at java.base/java.util.concurrent.ThreadPoolExecutor.runWorker(ThreadPoolExecutor.java:1128)
	at java.base/java.util.concurrent.ThreadPoolExecutor$Worker.run(ThreadPoolExecutor.java:628)
	at java.base/java.lang.Thread.run(Thread.java:829)
Caused by: org.openqa.selenium.WebDriverException: {"id":2289,"error":{"code":-32602,"message":"Invalid InterceptionId."},"sessionId":"69DE6D1A85B5D627489871F60443E14A"}
Build info: version: '4.11.0', revision: '040bc5406b'
System info: os.name: 'Windows 10', os.arch: 'amd64', os.version: '10.0', java.version: '11.0.18'
Driver info: driver.version: unknown
	at org.openqa.selenium.devtools.Connection.handle(Connection.java:260)
	... 5 more

Exception in thread "CDP Connection" org.openqa.selenium.devtools.DevToolsException: {"id":2289,"error":{"code":-32602,"message":"Invalid InterceptionId."},"sessionId":"69DE6D1A85B5D627489871F60443E14A"}
Build info: version: '4.11.0', revision: '040bc5406b'
System info: os.name: 'Windows 10', os.arch: 'amd64', os.version: '10.0', java.version: '11.0.18'
Driver info: driver.version: unknown
	at org.openqa.selenium.devtools.Connection$Listener.lambda$onText$0(Connection.java:227)
	at java.base/java.util.concurrent.ThreadPoolExecutor.runWorker(ThreadPoolExecutor.java:1128)
	at java.base/java.util.concurrent.ThreadPoolExecutor$Worker.run(ThreadPoolExecutor.java:628)
	at java.base/java.lang.Thread.run(Thread.java:829)
Caused by: org.openqa.selenium.devtools.DevToolsException: {"id":2289,"error":{"code":-32602,"message":"Invalid InterceptionId."},"sessionId":"69DE6D1A85B5D627489871F60443E14A"}
Build info: version: '4.11.0', revision: '040bc5406b'
System info: os.name: 'Windows 10', os.arch: 'amd64', os.version: '10.0', java.version: '11.0.18'
Driver info: driver.version: unknown
	at org.openqa.selenium.devtools.Connection.sendAndWait(Connection.java:181)
	at org.openqa.selenium.devtools.DevTools.send(DevTools.java:81)
	at org.openqa.selenium.devtools.idealized.Network.lambda$prepareToInterceptTraffic$4(Network.java:194)
	at org.openqa.selenium.devtools.Connection.lambda$handle$4(Connection.java:321)
	at java.base/java.util.stream.ForEachOps$ForEachOp$OfRef.accept(ForEachOps.java:183)
	at java.base/java.util.stream.ReferencePipeline$2$1.accept(ReferencePipeline.java:177)
	at java.base/java.util.stream.ReferencePipeline$11$1.accept(ReferencePipeline.java:442)
	at java.base/java.util.HashMap$KeySpliterator.forEachRemaining(HashMap.java:1621)
	at java.base/java.util.stream.AbstractPipeline.copyInto(AbstractPipeline.java:484)
	at java.base/java.util.stream.AbstractPipeline.wrapAndCopyInto(AbstractPipeline.java:474)
	at java.base/java.util.stream.ForEachOps$ForEachOp.evaluateSequential(ForEachOps.java:150)
	at java.base/java.util.stream.ForEachOps$ForEachOp$OfRef.evaluateSequential(ForEachOps.java:173)
	at java.base/java.util.stream.AbstractPipeline.evaluate(AbstractPipeline.java:234)
	at java.base/java.util.stream.ReferencePipeline.forEach(ReferencePipeline.java:497)
	at org.openqa.selenium.devtools.Connection.handle(Connection.java:287)
	at org.openqa.selenium.devtools.Connection.access$200(Connection.java:57)
	at org.openqa.selenium.devtools.Connection$Listener.lambda$onText$0(Connection.java:224)
	... 3 more
Caused by: org.openqa.selenium.WebDriverException: {"id":2289,"error":{"code":-32602,"message":"Invalid InterceptionId."},"sessionId":"69DE6D1A85B5D627489871F60443E14A"}
Build info: version: '4.11.0', revision: '040bc5406b'
System info: os.name: 'Windows 10', os.arch: 'amd64', os.version: '10.0', java.version: '11.0.18'
Driver info: driver.version: unknown
	at org.openqa.selenium.devtools.Connection.handle(Connection.java:260)
	... 5 more
авг. 16, 2023 4:22:59 PM org.openqa.selenium.devtools.Connection$Listener lambda$onText$0
WARNING: Unable to process: {"method":"Fetch.requestPaused","params":{"requestId":"interception-job-370.0","request":{"url":"http://localhost:8080/static/js/2.0716afe8.chunk.js","method":"GET","headers":{"Accept":"*/*","Referer":"http://localhost:8080/","User-Agent":"Mozilla/5.0 (Windows NT 10.0; Win64; x64) AppleWebKit/537.36 (KHTML, like Gecko) Chrome/116.0.0.0 Safari/537.36","sec-ch-ua":"\"Chromium\";v=\"116\", \"Not)A;Brand\";v=\"24\", \"Google Chrome\";v=\"116\"","sec-ch-ua-mobile":"?0","sec-ch-ua-platform":"\"Windows\""},"initialPriority":"High","referrerPolicy":"strict-origin-when-cross-origin"},"frameId":"D165F02B89151667DFD1BF49856829E7","resourceType":"Script"},"sessionId":"69DE6D1A85B5D627489871F60443E14A"}
org.openqa.selenium.devtools.DevToolsException: {"id":2290,"error":{"code":-32602,"message":"Invalid InterceptionId."},"sessionId":"69DE6D1A85B5D627489871F60443E14A"}
Build info: version: '4.11.0', revision: '040bc5406b'
System info: os.name: 'Windows 10', os.arch: 'amd64', os.version: '10.0', java.version: '11.0.18'
Driver info: driver.version: unknown
	at org.openqa.selenium.devtools.Connection.sendAndWait(Connection.java:181)
	at org.openqa.selenium.devtools.DevTools.send(DevTools.java:81)
	at org.openqa.selenium.devtools.idealized.Network.lambda$prepareToInterceptTraffic$3(Network.java:211)
	at org.openqa.selenium.remote.http.Filter.lambda$andFinally$1(Filter.java:55)
	at org.openqa.selenium.devtools.idealized.Network.lambda$prepareToInterceptTraffic$4(Network.java:226)
	at org.openqa.selenium.devtools.Connection.lambda$handle$4(Connection.java:321)
	at java.base/java.util.stream.ForEachOps$ForEachOp$OfRef.accept(ForEachOps.java:183)
	at java.base/java.util.stream.ReferencePipeline$2$1.accept(ReferencePipeline.java:177)
	at java.base/java.util.stream.ReferencePipeline$11$1.accept(ReferencePipeline.java:442)
	at java.base/java.util.HashMap$KeySpliterator.forEachRemaining(HashMap.java:1621)
	at java.base/java.util.stream.AbstractPipeline.copyInto(AbstractPipeline.java:484)
	at java.base/java.util.stream.AbstractPipeline.wrapAndCopyInto(AbstractPipeline.java:474)
	at java.base/java.util.stream.ForEachOps$ForEachOp.evaluateSequential(ForEachOps.java:150)
	at java.base/java.util.stream.ForEachOps$ForEachOp$OfRef.evaluateSequential(ForEachOps.java:173)
	at java.base/java.util.stream.AbstractPipeline.evaluate(AbstractPipeline.java:234)
	at java.base/java.util.stream.ReferencePipeline.forEach(ReferencePipeline.java:497)
	at org.openqa.selenium.devtools.Connection.handle(Connection.java:287)
	at org.openqa.selenium.devtools.Connection.access$200(Connection.java:57)
	at org.openqa.selenium.devtools.Connection$Listener.lambda$onText$0(Connection.java:224)
	at java.base/java.util.concurrent.ThreadPoolExecutor.runWorker(ThreadPoolExecutor.java:1128)
	at java.base/java.util.concurrent.ThreadPoolExecutor$Worker.run(ThreadPoolExecutor.java:628)
	at java.base/java.lang.Thread.run(Thread.java:829)
Caused by: org.openqa.selenium.WebDriverException: {"id":2290,"error":{"code":-32602,"message":"Invalid InterceptionId."},"sessionId":"69DE6D1A85B5D627489871F60443E14A"}
Build info: version: '4.11.0', revision: '040bc5406b'
System info: os.name: 'Windows 10', os.arch: 'amd64', os.version: '10.0', java.version: '11.0.18'
Driver info: driver.version: unknown
	at org.openqa.selenium.devtools.Connection.handle(Connection.java:260)
	... 5 more

Exception in thread "CDP Connection" org.openqa.selenium.devtools.DevToolsException: {"id":2290,"error":{"code":-32602,"message":"Invalid InterceptionId."},"sessionId":"69DE6D1A85B5D627489871F60443E14A"}
Build info: version: '4.11.0', revision: '040bc5406b'
System info: os.name: 'Windows 10', os.arch: 'amd64', os.version: '10.0', java.version: '11.0.18'
Driver info: driver.version: unknown
	at org.openqa.selenium.devtools.Connection$Listener.lambda$onText$0(Connection.java:227)
	at java.base/java.util.concurrent.ThreadPoolExecutor.runWorker(ThreadPoolExecutor.java:1128)
	at java.base/java.util.concurrent.ThreadPoolExecutor$Worker.run(ThreadPoolExecutor.java:628)
	at java.base/java.lang.Thread.run(Thread.java:829)
Caused by: org.openqa.selenium.devtools.DevToolsException: {"id":2290,"error":{"code":-32602,"message":"Invalid InterceptionId."},"sessionId":"69DE6D1A85B5D627489871F60443E14A"}
Build info: version: '4.11.0', revision: '040bc5406b'
System info: os.name: 'Windows 10', os.arch: 'amd64', os.version: '10.0', java.version: '11.0.18'
Driver info: driver.version: unknown
	at org.openqa.selenium.devtools.Connection.sendAndWait(Connection.java:181)
	at org.openqa.selenium.devtools.DevTools.send(DevTools.java:81)
	at org.openqa.selenium.devtools.idealized.Network.lambda$prepareToInterceptTraffic$3(Network.java:211)
	at org.openqa.selenium.remote.http.Filter.lambda$andFinally$1(Filter.java:55)
	at org.openqa.selenium.devtools.idealized.Network.lambda$prepareToInterceptTraffic$4(Network.java:226)
	at org.openqa.selenium.devtools.Connection.lambda$handle$4(Connection.java:321)
	at java.base/java.util.stream.ForEachOps$ForEachOp$OfRef.accept(ForEachOps.java:183)
	at java.base/java.util.stream.ReferencePipeline$2$1.accept(ReferencePipeline.java:177)
	at java.base/java.util.stream.ReferencePipeline$11$1.accept(ReferencePipeline.java:442)
	at java.base/java.util.HashMap$KeySpliterator.forEachRemaining(HashMap.java:1621)
	at java.base/java.util.stream.AbstractPipeline.copyInto(AbstractPipeline.java:484)
	at java.base/java.util.stream.AbstractPipeline.wrapAndCopyInto(AbstractPipeline.java:474)
	at java.base/java.util.stream.ForEachOps$ForEachOp.evaluateSequential(ForEachOps.java:150)
	at java.base/java.util.stream.ForEachOps$ForEachOp$OfRef.evaluateSequential(ForEachOps.java:173)
	at java.base/java.util.stream.AbstractPipeline.evaluate(AbstractPipeline.java:234)
	at java.base/java.util.stream.ReferencePipeline.forEach(ReferencePipeline.java:497)
	at org.openqa.selenium.devtools.Connection.handle(Connection.java:287)
	at org.openqa.selenium.devtools.Connection.access$200(Connection.java:57)
	at org.openqa.selenium.devtools.Connection$Listener.lambda$onText$0(Connection.java:224)
	... 3 more
Caused by: org.openqa.selenium.WebDriverException: {"id":2290,"error":{"code":-32602,"message":"Invalid InterceptionId."},"sessionId":"69DE6D1A85B5D627489871F60443E14A"}
Build info: version: '4.11.0', revision: '040bc5406b'
System info: os.name: 'Windows 10', os.arch: 'amd64', os.version: '10.0', java.version: '11.0.18'
Driver info: driver.version: unknown
	at org.openqa.selenium.devtools.Connection.handle(Connection.java:260)
	... 5 more
авг. 16, 2023 4:22:59 PM org.openqa.selenium.devtools.Connection$Listener lambda$onText$0
WARNING: Unable to process: {"method":"Fetch.requestPaused","params":{"requestId":"interception-job-372.0","request":{"url":"http://localhost:8080/static/media/marrakech.869b2a02.jpg","method":"GET","headers":{"Accept":"image/avif,image/webp,image/apng,image/svg+xml,image/*,*/*;q=0.8","Referer":"http://localhost:8080/","User-Agent":"Mozilla/5.0 (Windows NT 10.0; Win64; x64) AppleWebKit/537.36 (KHTML, like Gecko) Chrome/116.0.0.0 Safari/537.36","sec-ch-ua":"\"Chromium\";v=\"116\", \"Not)A;Brand\";v=\"24\", \"Google Chrome\";v=\"116\"","sec-ch-ua-mobile":"?0","sec-ch-ua-platform":"\"Windows\""},"initialPriority":"Low","referrerPolicy":"unsafe-url"},"frameId":"D165F02B89151667DFD1BF49856829E7","resourceType":"Image","responseStatusCode":200,"responseStatusText":"","responseHeaders":[{"name":"Vary","value":"Origin"},{"name":"Vary","value":"Access-Control-Request-Method"},{"name":"Vary","value":"Access-Control-Request-Headers"},{"name":"Last-Modified","value":"Thu, 03 Aug 2023 10:18:16 GMT"},{"name":"Accept-Ranges","value":"bytes"},{"name":"Content-Type","value":"image/jpeg"},{"name":"Content-Length","value":"85240"},{"name":"Date","value":"Wed, 16 Aug 2023 13:20:22 GMT"}]},"sessionId":"69DE6D1A85B5D627489871F60443E14A"}
org.openqa.selenium.devtools.DevToolsException: {"id":2295,"error":{"code":-32602,"message":"Invalid InterceptionId."},"sessionId":"69DE6D1A85B5D627489871F60443E14A"}
Build info: version: '4.11.0', revision: '040bc5406b'
System info: os.name: 'Windows 10', os.arch: 'amd64', os.version: '10.0', java.version: '11.0.18'
Driver info: driver.version: unknown
	at org.openqa.selenium.devtools.Connection.sendAndWait(Connection.java:181)
	at org.openqa.selenium.devtools.DevTools.send(DevTools.java:81)
	at org.openqa.selenium.devtools.idealized.Network.lambda$prepareToInterceptTraffic$4(Network.java:194)
	at org.openqa.selenium.devtools.Connection.lambda$handle$4(Connection.java:321)
	at java.base/java.util.stream.ForEachOps$ForEachOp$OfRef.accept(ForEachOps.java:183)
	at java.base/java.util.stream.ReferencePipeline$2$1.accept(ReferencePipeline.java:177)
	at java.base/java.util.stream.ReferencePipeline$11$1.accept(ReferencePipeline.java:442)
	at java.base/java.util.HashMap$KeySpliterator.forEachRemaining(HashMap.java:1621)
	at java.base/java.util.stream.AbstractPipeline.copyInto(AbstractPipeline.java:484)
	at java.base/java.util.stream.AbstractPipeline.wrapAndCopyInto(AbstractPipeline.java:474)
	at java.base/java.util.stream.ForEachOps$ForEachOp.evaluateSequential(ForEachOps.java:150)
	at java.base/java.util.stream.ForEachOps$ForEachOp$OfRef.evaluateSequential(ForEachOps.java:173)
	at java.base/java.util.stream.AbstractPipeline.evaluate(AbstractPipeline.java:234)
	at java.base/java.util.stream.ReferencePipeline.forEach(ReferencePipeline.java:497)
	at org.openqa.selenium.devtools.Connection.handle(Connection.java:287)
	at org.openqa.selenium.devtools.Connection.access$200(Connection.java:57)
	at org.openqa.selenium.devtools.Connection$Listener.lambda$onText$0(Connection.java:224)
	at java.base/java.util.concurrent.ThreadPoolExecutor.runWorker(ThreadPoolExecutor.java:1128)
	at java.base/java.util.concurrent.ThreadPoolExecutor$Worker.run(ThreadPoolExecutor.java:628)
	at java.base/java.lang.Thread.run(Thread.java:829)
Caused by: org.openqa.selenium.WebDriverException: {"id":2295,"error":{"code":-32602,"message":"Invalid InterceptionId."},"sessionId":"69DE6D1A85B5D627489871F60443E14A"}
Build info: version: '4.11.0', revision: '040bc5406b'
System info: os.name: 'Windows 10', os.arch: 'amd64', os.version: '10.0', java.version: '11.0.18'
Driver info: driver.version: unknown
	at org.openqa.selenium.devtools.Connection.handle(Connection.java:260)
	... 5 more

Exception in thread "CDP Connection" org.openqa.selenium.devtools.DevToolsException: {"id":2295,"error":{"code":-32602,"message":"Invalid InterceptionId."},"sessionId":"69DE6D1A85B5D627489871F60443E14A"}
Build info: version: '4.11.0', revision: '040bc5406b'
System info: os.name: 'Windows 10', os.arch: 'amd64', os.version: '10.0', java.version: '11.0.18'
Driver info: driver.version: unknown
	at org.openqa.selenium.devtools.Connection$Listener.lambda$onText$0(Connection.java:227)
	at java.base/java.util.concurrent.ThreadPoolExecutor.runWorker(ThreadPoolExecutor.java:1128)
	at java.base/java.util.concurrent.ThreadPoolExecutor$Worker.run(ThreadPoolExecutor.java:628)
	at java.base/java.lang.Thread.run(Thread.java:829)
Caused by: org.openqa.selenium.devtools.DevToolsException: {"id":2295,"error":{"code":-32602,"message":"Invalid InterceptionId."},"sessionId":"69DE6D1A85B5D627489871F60443E14A"}
Build info: version: '4.11.0', revision: '040bc5406b'
System info: os.name: 'Windows 10', os.arch: 'amd64', os.version: '10.0', java.version: '11.0.18'
Driver info: driver.version: unknown
	at org.openqa.selenium.devtools.Connection.sendAndWait(Connection.java:181)
	at org.openqa.selenium.devtools.DevTools.send(DevTools.java:81)
	at org.openqa.selenium.devtools.idealized.Network.lambda$prepareToInterceptTraffic$4(Network.java:194)
	at org.openqa.selenium.devtools.Connection.lambda$handle$4(Connection.java:321)
	at java.base/java.util.stream.ForEachOps$ForEachOp$OfRef.accept(ForEachOps.java:183)
	at java.base/java.util.stream.ReferencePipeline$2$1.accept(ReferencePipeline.java:177)
	at java.base/java.util.stream.ReferencePipeline$11$1.accept(ReferencePipeline.java:442)
	at java.base/java.util.HashMap$KeySpliterator.forEachRemaining(HashMap.java:1621)
	at java.base/java.util.stream.AbstractPipeline.copyInto(AbstractPipeline.java:484)
	at java.base/java.util.stream.AbstractPipeline.wrapAndCopyInto(AbstractPipeline.java:474)
	at java.base/java.util.stream.ForEachOps$ForEachOp.evaluateSequential(ForEachOps.java:150)
	at java.base/java.util.stream.ForEachOps$ForEachOp$OfRef.evaluateSequential(ForEachOps.java:173)
	at java.base/java.util.stream.AbstractPipeline.evaluate(AbstractPipeline.java:234)
	at java.base/java.util.stream.ReferencePipeline.forEach(ReferencePipeline.java:497)
	at org.openqa.selenium.devtools.Connection.handle(Connection.java:287)
	at org.openqa.selenium.devtools.Connection.access$200(Connection.java:57)
	at org.openqa.selenium.devtools.Connection$Listener.lambda$onText$0(Connection.java:224)
	... 3 more
Caused by: org.openqa.selenium.WebDriverException: {"id":2295,"error":{"code":-32602,"message":"Invalid InterceptionId."},"sessionId":"69DE6D1A85B5D627489871F60443E14A"}
Build info: version: '4.11.0', revision: '040bc5406b'
System info: os.name: 'Windows 10', os.arch: 'amd64', os.version: '10.0', java.version: '11.0.18'
Driver info: driver.version: unknown
	at org.openqa.selenium.devtools.Connection.handle(Connection.java:260)
	... 5 more
авг. 16, 2023 4:22:59 PM org.openqa.selenium.devtools.Connection$Listener lambda$onText$0
WARNING: Unable to process: {"method":"Fetch.requestPaused","params":{"requestId":"interception-job-372.0","request":{"url":"http://localhost:8080/static/media/marrakech.869b2a02.jpg","method":"GET","headers":{"Accept":"image/avif,image/webp,image/apng,image/svg+xml,image/*,*/*;q=0.8","Referer":"http://localhost:8080/","User-Agent":"Mozilla/5.0 (Windows NT 10.0; Win64; x64) AppleWebKit/537.36 (KHTML, like Gecko) Chrome/116.0.0.0 Safari/537.36","sec-ch-ua":"\"Chromium\";v=\"116\", \"Not)A;Brand\";v=\"24\", \"Google Chrome\";v=\"116\"","sec-ch-ua-mobile":"?0","sec-ch-ua-platform":"\"Windows\""},"initialPriority":"Low","referrerPolicy":"strict-origin-when-cross-origin"},"frameId":"D165F02B89151667DFD1BF49856829E7","resourceType":"Image"},"sessionId":"69DE6D1A85B5D627489871F60443E14A"}
org.openqa.selenium.devtools.DevToolsException: {"id":2296,"error":{"code":-32602,"message":"Invalid InterceptionId."},"sessionId":"69DE6D1A85B5D627489871F60443E14A"}
Build info: version: '4.11.0', revision: '040bc5406b'
System info: os.name: 'Windows 10', os.arch: 'amd64', os.version: '10.0', java.version: '11.0.18'
Driver info: driver.version: unknown
	at org.openqa.selenium.devtools.Connection.sendAndWait(Connection.java:181)
	at org.openqa.selenium.devtools.DevTools.send(DevTools.java:81)
	at org.openqa.selenium.devtools.idealized.Network.lambda$prepareToInterceptTraffic$3(Network.java:211)
	at org.openqa.selenium.remote.http.Filter.lambda$andFinally$1(Filter.java:55)
	at org.openqa.selenium.devtools.idealized.Network.lambda$prepareToInterceptTraffic$4(Network.java:226)
	at org.openqa.selenium.devtools.Connection.lambda$handle$4(Connection.java:321)
	at java.base/java.util.stream.ForEachOps$ForEachOp$OfRef.accept(ForEachOps.java:183)
	at java.base/java.util.stream.ReferencePipeline$2$1.accept(ReferencePipeline.java:177)
	at java.base/java.util.stream.ReferencePipeline$11$1.accept(ReferencePipeline.java:442)
	at java.base/java.util.HashMap$KeySpliterator.forEachRemaining(HashMap.java:1621)
	at java.base/java.util.stream.AbstractPipeline.copyInto(AbstractPipeline.java:484)
	at java.base/java.util.stream.AbstractPipeline.wrapAndCopyInto(AbstractPipeline.java:474)
	at java.base/java.util.stream.ForEachOps$ForEachOp.evaluateSequential(ForEachOps.java:150)
	at java.base/java.util.stream.ForEachOps$ForEachOp$OfRef.evaluateSequential(ForEachOps.java:173)
	at java.base/java.util.stream.AbstractPipeline.evaluate(AbstractPipeline.java:234)
	at java.base/java.util.stream.ReferencePipeline.forEach(ReferencePipeline.java:497)
	at org.openqa.selenium.devtools.Connection.handle(Connection.java:287)
	at org.openqa.selenium.devtools.Connection.access$200(Connection.java:57)
	at org.openqa.selenium.devtools.Connection$Listener.lambda$onText$0(Connection.java:224)
	at java.base/java.util.concurrent.ThreadPoolExecutor.runWorker(ThreadPoolExecutor.java:1128)
	at java.base/java.util.concurrent.ThreadPoolExecutor$Worker.run(ThreadPoolExecutor.java:628)
	at java.base/java.lang.Thread.run(Thread.java:829)
Caused by: org.openqa.selenium.WebDriverException: {"id":2296,"error":{"code":-32602,"message":"Invalid InterceptionId."},"sessionId":"69DE6D1A85B5D627489871F60443E14A"}
Build info: version: '4.11.0', revision: '040bc5406b'
System info: os.name: 'Windows 10', os.arch: 'amd64', os.version: '10.0', java.version: '11.0.18'
Driver info: driver.version: unknown
	at org.openqa.selenium.devtools.Connection.handle(Connection.java:260)
	... 5 more

Exception in thread "CDP Connection" org.openqa.selenium.devtools.DevToolsException: {"id":2296,"error":{"code":-32602,"message":"Invalid InterceptionId."},"sessionId":"69DE6D1A85B5D627489871F60443E14A"}
Build info: version: '4.11.0', revision: '040bc5406b'
System info: os.name: 'Windows 10', os.arch: 'amd64', os.version: '10.0', java.version: '11.0.18'
Driver info: driver.version: unknown
	at org.openqa.selenium.devtools.Connection$Listener.lambda$onText$0(Connection.java:227)
	at java.base/java.util.concurrent.ThreadPoolExecutor.runWorker(ThreadPoolExecutor.java:1128)
	at java.base/java.util.concurrent.ThreadPoolExecutor$Worker.run(ThreadPoolExecutor.java:628)
	at java.base/java.lang.Thread.run(Thread.java:829)
Caused by: org.openqa.selenium.devtools.DevToolsException: {"id":2296,"error":{"code":-32602,"message":"Invalid InterceptionId."},"sessionId":"69DE6D1A85B5D627489871F60443E14A"}
Build info: version: '4.11.0', revision: '040bc5406b'
System info: os.name: 'Windows 10', os.arch: 'amd64', os.version: '10.0', java.version: '11.0.18'
Driver info: driver.version: unknown
	at org.openqa.selenium.devtools.Connection.sendAndWait(Connection.java:181)
	at org.openqa.selenium.devtools.DevTools.send(DevTools.java:81)
	at org.openqa.selenium.devtools.idealized.Network.lambda$prepareToInterceptTraffic$3(Network.java:211)
	at org.openqa.selenium.remote.http.Filter.lambda$andFinally$1(Filter.java:55)
	at org.openqa.selenium.devtools.idealized.Network.lambda$prepareToInterceptTraffic$4(Network.java:226)
	at org.openqa.selenium.devtools.Connection.lambda$handle$4(Connection.java:321)
	at java.base/java.util.stream.ForEachOps$ForEachOp$OfRef.accept(ForEachOps.java:183)
	at java.base/java.util.stream.ReferencePipeline$2$1.accept(ReferencePipeline.java:177)
	at java.base/java.util.stream.ReferencePipeline$11$1.accept(ReferencePipeline.java:442)
	at java.base/java.util.HashMap$KeySpliterator.forEachRemaining(HashMap.java:1621)
	at java.base/java.util.stream.AbstractPipeline.copyInto(AbstractPipeline.java:484)
	at java.base/java.util.stream.AbstractPipeline.wrapAndCopyInto(AbstractPipeline.java:474)
	at java.base/java.util.stream.ForEachOps$ForEachOp.evaluateSequential(ForEachOps.java:150)
	at java.base/java.util.stream.ForEachOps$ForEachOp$OfRef.evaluateSequential(ForEachOps.java:173)
	at java.base/java.util.stream.AbstractPipeline.evaluate(AbstractPipeline.java:234)
	at java.base/java.util.stream.ReferencePipeline.forEach(ReferencePipeline.java:497)
	at org.openqa.selenium.devtools.Connection.handle(Connection.java:287)
	at org.openqa.selenium.devtools.Connection.access$200(Connection.java:57)
	at org.openqa.selenium.devtools.Connection$Listener.lambda$onText$0(Connection.java:224)
	... 3 more
Caused by: org.openqa.selenium.WebDriverException: {"id":2296,"error":{"code":-32602,"message":"Invalid InterceptionId."},"sessionId":"69DE6D1A85B5D627489871F60443E14A"}
Build info: version: '4.11.0', revision: '040bc5406b'
System info: os.name: 'Windows 10', os.arch: 'amd64', os.version: '10.0', java.version: '11.0.18'
Driver info: driver.version: unknown
	at org.openqa.selenium.devtools.Connection.handle(Connection.java:260)
	... 5 more
авг. 16, 2023 4:22:59 PM org.openqa.selenium.devtools.Connection$Listener lambda$onText$0
WARNING: Unable to process: {"method":"Fetch.requestPaused","params":{"requestId":"interception-job-373.0","request":{"url":"http://localhost:8080/manifest.json","method":"GET","headers":{"Accept":"*/*","Referer":"http://localhost:8080/","User-Agent":"Mozilla/5.0 (Windows NT 10.0; Win64; x64) AppleWebKit/537.36 (KHTML, like Gecko) Chrome/116.0.0.0 Safari/537.36","sec-ch-ua":"\"Chromium\";v=\"116\", \"Not)A;Brand\";v=\"24\", \"Google Chrome\";v=\"116\"","sec-ch-ua-mobile":"?0","sec-ch-ua-platform":"\"Windows\""},"initialPriority":"Medium","referrerPolicy":"unsafe-url"},"frameId":"D165F02B89151667DFD1BF49856829E7","resourceType":"Other","responseStatusCode":200,"responseStatusText":"","responseHeaders":[{"name":"Vary","value":"Origin"},{"name":"Vary","value":"Access-Control-Request-Method"},{"name":"Vary","value":"Access-Control-Request-Headers"},{"name":"Last-Modified","value":"Thu, 03 Aug 2023 10:18:16 GMT"},{"name":"Accept-Ranges","value":"bytes"},{"name":"Content-Type","value":"application/json"},{"name":"Content-Length","value":"492"},{"name":"Date","value":"Wed, 16 Aug 2023 13:20:22 GMT"}]},"sessionId":"69DE6D1A85B5D627489871F60443E14A"}
org.openqa.selenium.devtools.DevToolsException: {"id":2303,"error":{"code":-32602,"message":"Invalid InterceptionId."},"sessionId":"69DE6D1A85B5D627489871F60443E14A"}
Build info: version: '4.11.0', revision: '040bc5406b'
System info: os.name: 'Windows 10', os.arch: 'amd64', os.version: '10.0', java.version: '11.0.18'
Driver info: driver.version: unknown
	at org.openqa.selenium.devtools.Connection.sendAndWait(Connection.java:181)
	at org.openqa.selenium.devtools.DevTools.send(DevTools.java:81)
	at org.openqa.selenium.devtools.idealized.Network.lambda$prepareToInterceptTraffic$4(Network.java:194)
	at org.openqa.selenium.devtools.Connection.lambda$handle$4(Connection.java:321)
	at java.base/java.util.stream.ForEachOps$ForEachOp$OfRef.accept(ForEachOps.java:183)
	at java.base/java.util.stream.ReferencePipeline$2$1.accept(ReferencePipeline.java:177)
	at java.base/java.util.stream.ReferencePipeline$11$1.accept(ReferencePipeline.java:442)
	at java.base/java.util.HashMap$KeySpliterator.forEachRemaining(HashMap.java:1621)
	at java.base/java.util.stream.AbstractPipeline.copyInto(AbstractPipeline.java:484)
	at java.base/java.util.stream.AbstractPipeline.wrapAndCopyInto(AbstractPipeline.java:474)
	at java.base/java.util.stream.ForEachOps$ForEachOp.evaluateSequential(ForEachOps.java:150)
	at java.base/java.util.stream.ForEachOps$ForEachOp$OfRef.evaluateSequential(ForEachOps.java:173)
	at java.base/java.util.stream.AbstractPipeline.evaluate(AbstractPipeline.java:234)
	at java.base/java.util.stream.ReferencePipeline.forEach(ReferencePipeline.java:497)
	at org.openqa.selenium.devtools.Connection.handle(Connection.java:287)
	at org.openqa.selenium.devtools.Connection.access$200(Connection.java:57)
	at org.openqa.selenium.devtools.Connection$Listener.lambda$onText$0(Connection.java:224)
	at java.base/java.util.concurrent.ThreadPoolExecutor.runWorker(ThreadPoolExecutor.java:1128)
	at java.base/java.util.concurrent.ThreadPoolExecutor$Worker.run(ThreadPoolExecutor.java:628)
	at java.base/java.lang.Thread.run(Thread.java:829)
Caused by: org.openqa.selenium.WebDriverException: {"id":2303,"error":{"code":-32602,"message":"Invalid InterceptionId."},"sessionId":"69DE6D1A85B5D627489871F60443E14A"}
Build info: version: '4.11.0', revision: '040bc5406b'
System info: os.name: 'Windows 10', os.arch: 'amd64', os.version: '10.0', java.version: '11.0.18'
Driver info: driver.version: unknown
	at org.openqa.selenium.devtools.Connection.handle(Connection.java:260)
	... 5 more

Exception in thread "CDP Connection" org.openqa.selenium.devtools.DevToolsException: {"id":2303,"error":{"code":-32602,"message":"Invalid InterceptionId."},"sessionId":"69DE6D1A85B5D627489871F60443E14A"}
Build info: version: '4.11.0', revision: '040bc5406b'
System info: os.name: 'Windows 10', os.arch: 'amd64', os.version: '10.0', java.version: '11.0.18'
Driver info: driver.version: unknown
	at org.openqa.selenium.devtools.Connection$Listener.lambda$onText$0(Connection.java:227)
	at java.base/java.util.concurrent.ThreadPoolExecutor.runWorker(ThreadPoolExecutor.java:1128)
	at java.base/java.util.concurrent.ThreadPoolExecutor$Worker.run(ThreadPoolExecutor.java:628)
	at java.base/java.lang.Thread.run(Thread.java:829)
Caused by: org.openqa.selenium.devtools.DevToolsException: {"id":2303,"error":{"code":-32602,"message":"Invalid InterceptionId."},"sessionId":"69DE6D1A85B5D627489871F60443E14A"}
Build info: version: '4.11.0', revision: '040bc5406b'
System info: os.name: 'Windows 10', os.arch: 'amd64', os.version: '10.0', java.version: '11.0.18'
Driver info: driver.version: unknown
	at org.openqa.selenium.devtools.Connection.sendAndWait(Connection.java:181)
	at org.openqa.selenium.devtools.DevTools.send(DevTools.java:81)
	at org.openqa.selenium.devtools.idealized.Network.lambda$prepareToInterceptTraffic$4(Network.java:194)
	at org.openqa.selenium.devtools.Connection.lambda$handle$4(Connection.java:321)
	at java.base/java.util.stream.ForEachOps$ForEachOp$OfRef.accept(ForEachOps.java:183)
	at java.base/java.util.stream.ReferencePipeline$2$1.accept(ReferencePipeline.java:177)
	at java.base/java.util.stream.ReferencePipeline$11$1.accept(ReferencePipeline.java:442)
	at java.base/java.util.HashMap$KeySpliterator.forEachRemaining(HashMap.java:1621)
	at java.base/java.util.stream.AbstractPipeline.copyInto(AbstractPipeline.java:484)
	at java.base/java.util.stream.AbstractPipeline.wrapAndCopyInto(AbstractPipeline.java:474)
	at java.base/java.util.stream.ForEachOps$ForEachOp.evaluateSequential(ForEachOps.java:150)
	at java.base/java.util.stream.ForEachOps$ForEachOp$OfRef.evaluateSequential(ForEachOps.java:173)
	at java.base/java.util.stream.AbstractPipeline.evaluate(AbstractPipeline.java:234)
	at java.base/java.util.stream.ReferencePipeline.forEach(ReferencePipeline.java:497)
	at org.openqa.selenium.devtools.Connection.handle(Connection.java:287)
	at org.openqa.selenium.devtools.Connection.access$200(Connection.java:57)
	at org.openqa.selenium.devtools.Connection$Listener.lambda$onText$0(Connection.java:224)
	... 3 more
Caused by: org.openqa.selenium.WebDriverException: {"id":2303,"error":{"code":-32602,"message":"Invalid InterceptionId."},"sessionId":"69DE6D1A85B5D627489871F60443E14A"}
Build info: version: '4.11.0', revision: '040bc5406b'
System info: os.name: 'Windows 10', os.arch: 'amd64', os.version: '10.0', java.version: '11.0.18'
Driver info: driver.version: unknown
	at org.openqa.selenium.devtools.Connection.handle(Connection.java:260)
	... 5 more
авг. 16, 2023 4:22:59 PM org.openqa.selenium.devtools.Connection$Listener lambda$onText$0
WARNING: Unable to process: {"method":"Fetch.requestPaused","params":{"requestId":"interception-job-373.0","request":{"url":"http://localhost:8080/manifest.json","method":"GET","headers":{"Accept":"*/*","Referer":"http://localhost:8080/","User-Agent":"Mozilla/5.0 (Windows NT 10.0; Win64; x64) AppleWebKit/537.36 (KHTML, like Gecko) Chrome/116.0.0.0 Safari/537.36","sec-ch-ua":"\"Chromium\";v=\"116\", \"Not)A;Brand\";v=\"24\", \"Google Chrome\";v=\"116\"","sec-ch-ua-mobile":"?0","sec-ch-ua-platform":"\"Windows\""},"initialPriority":"Medium","referrerPolicy":"strict-origin-when-cross-origin"},"frameId":"D165F02B89151667DFD1BF49856829E7","resourceType":"Other"},"sessionId":"69DE6D1A85B5D627489871F60443E14A"}
org.openqa.selenium.devtools.DevToolsException: {"id":2305,"error":{"code":-32602,"message":"Invalid InterceptionId."},"sessionId":"69DE6D1A85B5D627489871F60443E14A"}
Build info: version: '4.11.0', revision: '040bc5406b'
System info: os.name: 'Windows 10', os.arch: 'amd64', os.version: '10.0', java.version: '11.0.18'
Driver info: driver.version: unknown
	at org.openqa.selenium.devtools.Connection.sendAndWait(Connection.java:181)
	at org.openqa.selenium.devtools.DevTools.send(DevTools.java:81)
	at org.openqa.selenium.devtools.idealized.Network.lambda$prepareToInterceptTraffic$3(Network.java:211)
	at org.openqa.selenium.remote.http.Filter.lambda$andFinally$1(Filter.java:55)
	at org.openqa.selenium.devtools.idealized.Network.lambda$prepareToInterceptTraffic$4(Network.java:226)
	at org.openqa.selenium.devtools.Connection.lambda$handle$4(Connection.java:321)
	at java.base/java.util.stream.ForEachOps$ForEachOp$OfRef.accept(ForEachOps.java:183)
	at java.base/java.util.stream.ReferencePipeline$2$1.accept(ReferencePipeline.java:177)
	at java.base/java.util.stream.ReferencePipeline$11$1.accept(ReferencePipeline.java:442)
	at java.base/java.util.HashMap$KeySpliterator.forEachRemaining(HashMap.java:1621)
	at java.base/java.util.stream.AbstractPipeline.copyInto(AbstractPipeline.java:484)
	at java.base/java.util.stream.AbstractPipeline.wrapAndCopyInto(AbstractPipeline.java:474)
	at java.base/java.util.stream.ForEachOps$ForEachOp.evaluateSequential(ForEachOps.java:150)
	at java.base/java.util.stream.ForEachOps$ForEachOp$OfRef.evaluateSequential(ForEachOps.java:173)
	at java.base/java.util.stream.AbstractPipeline.evaluate(AbstractPipeline.java:234)
	at java.base/java.util.stream.ReferencePipeline.forEach(ReferencePipeline.java:497)
	at org.openqa.selenium.devtools.Connection.handle(Connection.java:287)
	at org.openqa.selenium.devtools.Connection.access$200(Connection.java:57)
	at org.openqa.selenium.devtools.Connection$Listener.lambda$onText$0(Connection.java:224)
	at java.base/java.util.concurrent.ThreadPoolExecutor.runWorker(ThreadPoolExecutor.java:1128)
	at java.base/java.util.concurrent.ThreadPoolExecutor$Worker.run(ThreadPoolExecutor.java:628)
	at java.base/java.lang.Thread.run(Thread.java:829)
Caused by: org.openqa.selenium.WebDriverException: {"id":2305,"error":{"code":-32602,"message":"Invalid InterceptionId."},"sessionId":"69DE6D1A85B5D627489871F60443E14A"}
Build info: version: '4.11.0', revision: '040bc5406b'
System info: os.name: 'Windows 10', os.arch: 'amd64', os.version: '10.0', java.version: '11.0.18'
Driver info: driver.version: unknown
	at org.openqa.selenium.devtools.Connection.handle(Connection.java:260)
	... 5 more

Exception in thread "CDP Connection" org.openqa.selenium.devtools.DevToolsException: {"id":2305,"error":{"code":-32602,"message":"Invalid InterceptionId."},"sessionId":"69DE6D1A85B5D627489871F60443E14A"}
Build info: version: '4.11.0', revision: '040bc5406b'
System info: os.name: 'Windows 10', os.arch: 'amd64', os.version: '10.0', java.version: '11.0.18'
Driver info: driver.version: unknown
	at org.openqa.selenium.devtools.Connection$Listener.lambda$onText$0(Connection.java:227)
	at java.base/java.util.concurrent.ThreadPoolExecutor.runWorker(ThreadPoolExecutor.java:1128)
	at java.base/java.util.concurrent.ThreadPoolExecutor$Worker.run(ThreadPoolExecutor.java:628)
	at java.base/java.lang.Thread.run(Thread.java:829)
Caused by: org.openqa.selenium.devtools.DevToolsException: {"id":2305,"error":{"code":-32602,"message":"Invalid InterceptionId."},"sessionId":"69DE6D1A85B5D627489871F60443E14A"}
Build info: version: '4.11.0', revision: '040bc5406b'
System info: os.name: 'Windows 10', os.arch: 'amd64', os.version: '10.0', java.version: '11.0.18'
Driver info: driver.version: unknown
	at org.openqa.selenium.devtools.Connection.sendAndWait(Connection.java:181)
	at org.openqa.selenium.devtools.DevTools.send(DevTools.java:81)
	at org.openqa.selenium.devtools.idealized.Network.lambda$prepareToInterceptTraffic$3(Network.java:211)
	at org.openqa.selenium.remote.http.Filter.lambda$andFinally$1(Filter.java:55)
	at org.openqa.selenium.devtools.idealized.Network.lambda$prepareToInterceptTraffic$4(Network.java:226)
	at org.openqa.selenium.devtools.Connection.lambda$handle$4(Connection.java:321)
	at java.base/java.util.stream.ForEachOps$ForEachOp$OfRef.accept(ForEachOps.java:183)
	at java.base/java.util.stream.ReferencePipeline$2$1.accept(ReferencePipeline.java:177)
	at java.base/java.util.stream.ReferencePipeline$11$1.accept(ReferencePipeline.java:442)
	at java.base/java.util.HashMap$KeySpliterator.forEachRemaining(HashMap.java:1621)
	at java.base/java.util.stream.AbstractPipeline.copyInto(AbstractPipeline.java:484)
	at java.base/java.util.stream.AbstractPipeline.wrapAndCopyInto(AbstractPipeline.java:474)
	at java.base/java.util.stream.ForEachOps$ForEachOp.evaluateSequential(ForEachOps.java:150)
	at java.base/java.util.stream.ForEachOps$ForEachOp$OfRef.evaluateSequential(ForEachOps.java:173)
	at java.base/java.util.stream.AbstractPipeline.evaluate(AbstractPipeline.java:234)
	at java.base/java.util.stream.ReferencePipeline.forEach(ReferencePipeline.java:497)
	at org.openqa.selenium.devtools.Connection.handle(Connection.java:287)
	at org.openqa.selenium.devtools.Connection.access$200(Connection.java:57)
	at org.openqa.selenium.devtools.Connection$Listener.lambda$onText$0(Connection.java:224)
	... 3 more
авг. 16, 2023 4:22:59 PM org.openqa.selenium.devtools.Connection$Listener lambda$onText$0
WARNING: Unable to process: {"method":"Fetch.requestPaused","params":{"requestId":"interception-job-374.0","request":{"url":"http://localhost:8080/favicon.ico","method":"GET","headers":{"Accept":"image/avif,image/webp,image/apng,image/svg+xml,image/*,*/*;q=0.8","Referer":"http://localhost:8080/","User-Agent":"Mozilla/5.0 (Windows NT 10.0; Win64; x64) AppleWebKit/537.36 (KHTML, like Gecko) Chrome/116.0.0.0 Safari/537.36","sec-ch-ua":"\"Chromium\";v=\"116\", \"Not)A;Brand\";v=\"24\", \"Google Chrome\";v=\"116\"","sec-ch-ua-mobile":"?0","sec-ch-ua-platform":"\"Windows\""},"initialPriority":"High","referrerPolicy":"unsafe-url"},"frameId":"D165F02B89151667DFD1BF49856829E7","resourceType":"Other","responseStatusCode":200,"responseStatusText":"","responseHeaders":[{"name":"Vary","value":"Origin"},{"name":"Vary","value":"Access-Control-Request-Method"},{"name":"Vary","value":"Access-Control-Request-Headers"},{"name":"Last-Modified","value":"Thu, 03 Aug 2023 10:18:16 GMT"},{"name":"Accept-Ranges","value":"bytes"},{"name":"Content-Type","value":"image/x-icon"},{"name":"Content-Length","value":"4286"},{"name":"Date","value":"Wed, 16 Aug 2023 13:20:23 GMT"}]},"sessionId":"69DE6D1A85B5D627489871F60443E14A"}
Caused by: org.openqa.selenium.WebDriverException: {"id":2305,"error":{"code":-32602,"message":"Invalid InterceptionId."},"sessionId":"69DE6D1A85B5D627489871F60443E14A"}
org.openqa.selenium.devtools.DevToolsException: {"id":2308,"error":{"code":-32602,"message":"Invalid InterceptionId."},"sessionId":"69DE6D1A85B5D627489871F60443E14A"}
Build info: version: '4.11.0', revision: '040bc5406b'
System info: os.name: 'Windows 10', os.arch: 'amd64', os.version: '10.0', java.version: '11.0.18'
Driver info: driver.version: unknown
	at org.openqa.selenium.devtools.Connection.handle(Connection.java:260)
	... 5 more
Build info: version: '4.11.0', revision: '040bc5406b'
System info: os.name: 'Windows 10', os.arch: 'amd64', os.version: '10.0', java.version: '11.0.18'
Driver info: driver.version: unknown
	at org.openqa.selenium.devtools.Connection.sendAndWait(Connection.java:181)
	at org.openqa.selenium.devtools.DevTools.send(DevTools.java:81)
	at org.openqa.selenium.devtools.idealized.Network.lambda$prepareToInterceptTraffic$4(Network.java:194)
	at org.openqa.selenium.devtools.Connection.lambda$handle$4(Connection.java:321)
	at java.base/java.util.stream.ForEachOps$ForEachOp$OfRef.accept(ForEachOps.java:183)
	at java.base/java.util.stream.ReferencePipeline$2$1.accept(ReferencePipeline.java:177)
	at java.base/java.util.stream.ReferencePipeline$11$1.accept(ReferencePipeline.java:442)
	at java.base/java.util.HashMap$KeySpliterator.forEachRemaining(HashMap.java:1621)
	at java.base/java.util.stream.AbstractPipeline.copyInto(AbstractPipeline.java:484)
	at java.base/java.util.stream.AbstractPipeline.wrapAndCopyInto(AbstractPipeline.java:474)
	at java.base/java.util.stream.ForEachOps$ForEachOp.evaluateSequential(ForEachOps.java:150)
	at java.base/java.util.stream.ForEachOps$ForEachOp$OfRef.evaluateSequential(ForEachOps.java:173)
	at java.base/java.util.stream.AbstractPipeline.evaluate(AbstractPipeline.java:234)
	at java.base/java.util.stream.ReferencePipeline.forEach(ReferencePipeline.java:497)
	at org.openqa.selenium.devtools.Connection.handle(Connection.java:287)
	at org.openqa.selenium.devtools.Connection.access$200(Connection.java:57)
	at org.openqa.selenium.devtools.Connection$Listener.lambda$onText$0(Connection.java:224)
	at java.base/java.util.concurrent.ThreadPoolExecutor.runWorker(ThreadPoolExecutor.java:1128)
	at java.base/java.util.concurrent.ThreadPoolExecutor$Worker.run(ThreadPoolExecutor.java:628)
	at java.base/java.lang.Thread.run(Thread.java:829)
Caused by: org.openqa.selenium.WebDriverException: {"id":2308,"error":{"code":-32602,"message":"Invalid InterceptionId."},"sessionId":"69DE6D1A85B5D627489871F60443E14A"}
Build info: version: '4.11.0', revision: '040bc5406b'
System info: os.name: 'Windows 10', os.arch: 'amd64', os.version: '10.0', java.version: '11.0.18'
Driver info: driver.version: unknown
	at org.openqa.selenium.devtools.Connection.handle(Connection.java:260)
	... 5 more

Exception in thread "CDP Connection" org.openqa.selenium.devtools.DevToolsException: {"id":2308,"error":{"code":-32602,"message":"Invalid InterceptionId."},"sessionId":"69DE6D1A85B5D627489871F60443E14A"}
Build info: version: '4.11.0', revision: '040bc5406b'
System info: os.name: 'Windows 10', os.arch: 'amd64', os.version: '10.0', java.version: '11.0.18'
Driver info: driver.version: unknown
	at org.openqa.selenium.devtools.Connection$Listener.lambda$onText$0(Connection.java:227)
	at java.base/java.util.concurrent.ThreadPoolExecutor.runWorker(ThreadPoolExecutor.java:1128)
	at java.base/java.util.concurrent.ThreadPoolExecutor$Worker.run(ThreadPoolExecutor.java:628)
	at java.base/java.lang.Thread.run(Thread.java:829)
Caused by: org.openqa.selenium.devtools.DevToolsException: {"id":2308,"error":{"code":-32602,"message":"Invalid InterceptionId."},"sessionId":"69DE6D1A85B5D627489871F60443E14A"}
Build info: version: '4.11.0', revision: '040bc5406b'
System info: os.name: 'Windows 10', os.arch: 'amd64', os.version: '10.0', java.version: '11.0.18'
Driver info: driver.version: unknown
	at org.openqa.selenium.devtools.Connection.sendAndWait(Connection.java:181)
	at org.openqa.selenium.devtools.DevTools.send(DevTools.java:81)
	at org.openqa.selenium.devtools.idealized.Network.lambda$prepareToInterceptTraffic$4(Network.java:194)
	at org.openqa.selenium.devtools.Connection.lambda$handle$4(Connection.java:321)
	at java.base/java.util.stream.ForEachOps$ForEachOp$OfRef.accept(ForEachOps.java:183)
	at java.base/java.util.stream.ReferencePipeline$2$1.accept(ReferencePipeline.java:177)
	at java.base/java.util.stream.ReferencePipeline$11$1.accept(ReferencePipeline.java:442)
	at java.base/java.util.HashMap$KeySpliterator.forEachRemaining(HashMap.java:1621)
	at java.base/java.util.stream.AbstractPipeline.copyInto(AbstractPipeline.java:484)
	at java.base/java.util.stream.AbstractPipeline.wrapAndCopyInto(AbstractPipeline.java:474)
	at java.base/java.util.stream.ForEachOps$ForEachOp.evaluateSequential(ForEachOps.java:150)
	at java.base/java.util.stream.ForEachOps$ForEachOp$OfRef.evaluateSequential(ForEachOps.java:173)
	at java.base/java.util.stream.AbstractPipeline.evaluate(AbstractPipeline.java:234)
	at java.base/java.util.stream.ReferencePipeline.forEach(ReferencePipeline.java:497)
	at org.openqa.selenium.devtools.Connection.handle(Connection.java:287)
	at org.openqa.selenium.devtools.Connection.access$200(Connection.java:57)
	at org.openqa.selenium.devtools.Connection$Listener.lambda$onText$0(Connection.java:224)
	... 3 more
Caused by: org.openqa.selenium.WebDriverException: {"id":2308,"error":{"code":-32602,"message":"Invalid InterceptionId."},"sessionId":"69DE6D1A85B5D627489871F60443E14A"}
Build info: version: '4.11.0', revision: '040bc5406b'
System info: os.name: 'Windows 10', os.arch: 'amd64', os.version: '10.0', java.version: '11.0.18'
Driver info: driver.version: unknown
	at org.openqa.selenium.devtools.Connection.handle(Connection.java:260)
	... 5 more
авг. 16, 2023 4:22:59 PM org.openqa.selenium.devtools.Connection$Listener lambda$onText$0
WARNING: Unable to process: {"method":"Fetch.requestPaused","params":{"requestId":"interception-job-374.0","request":{"url":"http://localhost:8080/favicon.ico","method":"GET","headers":{"Accept":"image/avif,image/webp,image/apng,image/svg+xml,image/*,*/*;q=0.8","Referer":"http://localhost:8080/","User-Agent":"Mozilla/5.0 (Windows NT 10.0; Win64; x64) AppleWebKit/537.36 (KHTML, like Gecko) Chrome/116.0.0.0 Safari/537.36","sec-ch-ua":"\"Chromium\";v=\"116\", \"Not)A;Brand\";v=\"24\", \"Google Chrome\";v=\"116\"","sec-ch-ua-mobile":"?0","sec-ch-ua-platform":"\"Windows\""},"initialPriority":"High","referrerPolicy":"strict-origin-when-cross-origin"},"frameId":"D165F02B89151667DFD1BF49856829E7","resourceType":"Other"},"sessionId":"69DE6D1A85B5D627489871F60443E14A"}
org.openqa.selenium.devtools.DevToolsException: {"id":2309,"error":{"code":-32602,"message":"Invalid InterceptionId."},"sessionId":"69DE6D1A85B5D627489871F60443E14A"}
Build info: version: '4.11.0', revision: '040bc5406b'
System info: os.name: 'Windows 10', os.arch: 'amd64', os.version: '10.0', java.version: '11.0.18'
Driver info: driver.version: unknown
	at org.openqa.selenium.devtools.Connection.sendAndWait(Connection.java:181)
	at org.openqa.selenium.devtools.DevTools.send(DevTools.java:81)
	at org.openqa.selenium.devtools.idealized.Network.lambda$prepareToInterceptTraffic$3(Network.java:211)
	at org.openqa.selenium.remote.http.Filter.lambda$andFinally$1(Filter.java:55)
	at org.openqa.selenium.devtools.idealized.Network.lambda$prepareToInterceptTraffic$4(Network.java:226)
	at org.openqa.selenium.devtools.Connection.lambda$handle$4(Connection.java:321)
	at java.base/java.util.stream.ForEachOps$ForEachOp$OfRef.accept(ForEachOps.java:183)
	at java.base/java.util.stream.ReferencePipeline$2$1.accept(ReferencePipeline.java:177)
	at java.base/java.util.stream.ReferencePipeline$11$1.accept(ReferencePipeline.java:442)
	at java.base/java.util.HashMap$KeySpliterator.forEachRemaining(HashMap.java:1621)
	at java.base/java.util.stream.AbstractPipeline.copyInto(AbstractPipeline.java:484)
	at java.base/java.util.stream.AbstractPipeline.wrapAndCopyInto(AbstractPipeline.java:474)
	at java.base/java.util.stream.ForEachOps$ForEachOp.evaluateSequential(ForEachOps.java:150)
	at java.base/java.util.stream.ForEachOps$ForEachOp$OfRef.evaluateSequential(ForEachOps.java:173)
	at java.base/java.util.stream.AbstractPipeline.evaluate(AbstractPipeline.java:234)
	at java.base/java.util.stream.ReferencePipeline.forEach(ReferencePipeline.java:497)
	at org.openqa.selenium.devtools.Connection.handle(Connection.java:287)
	at org.openqa.selenium.devtools.Connection.access$200(Connection.java:57)
	at org.openqa.selenium.devtools.Connection$Listener.lambda$onText$0(Connection.java:224)
	at java.base/java.util.concurrent.ThreadPoolExecutor.runWorker(ThreadPoolExecutor.java:1128)
	at java.base/java.util.concurrent.ThreadPoolExecutor$Worker.run(ThreadPoolExecutor.java:628)
	at java.base/java.lang.Thread.run(Thread.java:829)
Caused by: org.openqa.selenium.WebDriverException: {"id":2309,"error":{"code":-32602,"message":"Invalid InterceptionId."},"sessionId":"69DE6D1A85B5D627489871F60443E14A"}
Build info: version: '4.11.0', revision: '040bc5406b'
System info: os.name: 'Windows 10', os.arch: 'amd64', os.version: '10.0', java.version: '11.0.18'
Driver info: driver.version: unknown
	at org.openqa.selenium.devtools.Connection.handle(Connection.java:260)
	... 5 more

Exception in thread "CDP Connection" org.openqa.selenium.devtools.DevToolsException: {"id":2309,"error":{"code":-32602,"message":"Invalid InterceptionId."},"sessionId":"69DE6D1A85B5D627489871F60443E14A"}
Build info: version: '4.11.0', revision: '040bc5406b'
System info: os.name: 'Windows 10', os.arch: 'amd64', os.version: '10.0', java.version: '11.0.18'
Driver info: driver.version: unknown
	at org.openqa.selenium.devtools.Connection$Listener.lambda$onText$0(Connection.java:227)
	at java.base/java.util.concurrent.ThreadPoolExecutor.runWorker(ThreadPoolExecutor.java:1128)
	at java.base/java.util.concurrent.ThreadPoolExecutor$Worker.run(ThreadPoolExecutor.java:628)
	at java.base/java.lang.Thread.run(Thread.java:829)
Caused by: org.openqa.selenium.devtools.DevToolsException: {"id":2309,"error":{"code":-32602,"message":"Invalid InterceptionId."},"sessionId":"69DE6D1A85B5D627489871F60443E14A"}
Build info: version: '4.11.0', revision: '040bc5406b'
System info: os.name: 'Windows 10', os.arch: 'amd64', os.version: '10.0', java.version: '11.0.18'
Driver info: driver.version: unknown
	at org.openqa.selenium.devtools.Connection.sendAndWait(Connection.java:181)
	at org.openqa.selenium.devtools.DevTools.send(DevTools.java:81)
	at org.openqa.selenium.devtools.idealized.Network.lambda$prepareToInterceptTraffic$3(Network.java:211)
	at org.openqa.selenium.remote.http.Filter.lambda$andFinally$1(Filter.java:55)
	at org.openqa.selenium.devtools.idealized.Network.lambda$prepareToInterceptTraffic$4(Network.java:226)
	at org.openqa.selenium.devtools.Connection.lambda$handle$4(Connection.java:321)
	at java.base/java.util.stream.ForEachOps$ForEachOp$OfRef.accept(ForEachOps.java:183)
	at java.base/java.util.stream.ReferencePipeline$2$1.accept(ReferencePipeline.java:177)
	at java.base/java.util.stream.ReferencePipeline$11$1.accept(ReferencePipeline.java:442)
	at java.base/java.util.HashMap$KeySpliterator.forEachRemaining(HashMap.java:1621)
	at java.base/java.util.stream.AbstractPipeline.copyInto(AbstractPipeline.java:484)
	at java.base/java.util.stream.AbstractPipeline.wrapAndCopyInto(AbstractPipeline.java:474)
	at java.base/java.util.stream.ForEachOps$ForEachOp.evaluateSequential(ForEachOps.java:150)
	at java.base/java.util.stream.ForEachOps$ForEachOp$OfRef.evaluateSequential(ForEachOps.java:173)
	at java.base/java.util.stream.AbstractPipeline.evaluate(AbstractPipeline.java:234)
	at java.base/java.util.stream.ReferencePipeline.forEach(ReferencePipeline.java:497)
	at org.openqa.selenium.devtools.Connection.handle(Connection.java:287)
	at org.openqa.selenium.devtools.Connection.access$200(Connection.java:57)
	at org.openqa.selenium.devtools.Connection$Listener.lambda$onText$0(Connection.java:224)
	... 3 more
Caused by: org.openqa.selenium.WebDriverException: {"id":2309,"error":{"code":-32602,"message":"Invalid InterceptionId."},"sessionId":"69DE6D1A85B5D627489871F60443E14A"}
Build info: version: '4.11.0', revision: '040bc5406b'
System info: os.name: 'Windows 10', os.arch: 'amd64', os.version: '10.0', java.version: '11.0.18'
Driver info: driver.version: unknown
	at org.openqa.selenium.devtools.Connection.handle(Connection.java:260)
	... 5 more
авг. 16, 2023 4:22:59 PM org.openqa.selenium.devtools.Connection$Listener lambda$onText$0
WARNING: Unable to process: {"method":"Fetch.requestPaused","params":{"requestId":"interception-job-375.0","request":{"url":"http://localhost:8080/logo192.png","method":"GET","headers":{"Accept":"image/avif,image/webp,image/apng,image/svg+xml,image/*,*/*;q=0.8","Referer":"http://localhost:8080/","User-Agent":"Mozilla/5.0 (Windows NT 10.0; Win64; x64) AppleWebKit/537.36 (KHTML, like Gecko) Chrome/116.0.0.0 Safari/537.36","sec-ch-ua":"\"Chromium\";v=\"116\", \"Not)A;Brand\";v=\"24\", \"Google Chrome\";v=\"116\"","sec-ch-ua-mobile":"?0","sec-ch-ua-platform":"\"Windows\""},"initialPriority":"High","referrerPolicy":"unsafe-url"},"frameId":"D165F02B89151667DFD1BF49856829E7","resourceType":"Image","responseStatusCode":200,"responseStatusText":"","responseHeaders":[{"name":"Vary","value":"Origin"},{"name":"Vary","value":"Access-Control-Request-Method"},{"name":"Vary","value":"Access-Control-Request-Headers"},{"name":"Last-Modified","value":"Thu, 03 Aug 2023 10:18:16 GMT"},{"name":"Accept-Ranges","value":"bytes"},{"name":"Content-Type","value":"image/png"},{"name":"Content-Length","value":"8581"},{"name":"Date","value":"Wed, 16 Aug 2023 13:20:23 GMT"}]},"sessionId":"69DE6D1A85B5D627489871F60443E14A"}
org.openqa.selenium.devtools.DevToolsException: {"id":2313,"error":{"code":-32602,"message":"Invalid InterceptionId."},"sessionId":"69DE6D1A85B5D627489871F60443E14A"}
Build info: version: '4.11.0', revision: '040bc5406b'
System info: os.name: 'Windows 10', os.arch: 'amd64', os.version: '10.0', java.version: '11.0.18'
Driver info: driver.version: unknown
	at org.openqa.selenium.devtools.Connection.sendAndWait(Connection.java:181)
	at org.openqa.selenium.devtools.DevTools.send(DevTools.java:81)
	at org.openqa.selenium.devtools.idealized.Network.lambda$prepareToInterceptTraffic$4(Network.java:194)
	at org.openqa.selenium.devtools.Connection.lambda$handle$4(Connection.java:321)
	at java.base/java.util.stream.ForEachOps$ForEachOp$OfRef.accept(ForEachOps.java:183)
	at java.base/java.util.stream.ReferencePipeline$2$1.accept(ReferencePipeline.java:177)
	at java.base/java.util.stream.ReferencePipeline$11$1.accept(ReferencePipeline.java:442)
	at java.base/java.util.HashMap$KeySpliterator.forEachRemaining(HashMap.java:1621)
	at java.base/java.util.stream.AbstractPipeline.copyInto(AbstractPipeline.java:484)
	at java.base/java.util.stream.AbstractPipeline.wrapAndCopyInto(AbstractPipeline.java:474)
	at java.base/java.util.stream.ForEachOps$ForEachOp.evaluateSequential(ForEachOps.java:150)
	at java.base/java.util.stream.ForEachOps$ForEachOp$OfRef.evaluateSequential(ForEachOps.java:173)
	at java.base/java.util.stream.AbstractPipeline.evaluate(AbstractPipeline.java:234)
	at java.base/java.util.stream.ReferencePipeline.forEach(ReferencePipeline.java:497)
	at org.openqa.selenium.devtools.Connection.handle(Connection.java:287)
	at org.openqa.selenium.devtools.Connection.access$200(Connection.java:57)
	at org.openqa.selenium.devtools.Connection$Listener.lambda$onText$0(Connection.java:224)
	at java.base/java.util.concurrent.ThreadPoolExecutor.runWorker(ThreadPoolExecutor.java:1128)
	at java.base/java.util.concurrent.ThreadPoolExecutor$Worker.run(ThreadPoolExecutor.java:628)
	at java.base/java.lang.Thread.run(Thread.java:829)
Caused by: org.openqa.selenium.WebDriverException: {"id":2313,"error":{"code":-32602,"message":"Invalid InterceptionId."},"sessionId":"69DE6D1A85B5D627489871F60443E14A"}
Build info: version: '4.11.0', revision: '040bc5406b'
System info: os.name: 'Windows 10', os.arch: 'amd64', os.version: '10.0', java.version: '11.0.18'
Driver info: driver.version: unknown
	at org.openqa.selenium.devtools.Connection.handle(Connection.java:260)
	... 5 more

Exception in thread "CDP Connection" org.openqa.selenium.devtools.DevToolsException: {"id":2313,"error":{"code":-32602,"message":"Invalid InterceptionId."},"sessionId":"69DE6D1A85B5D627489871F60443E14A"}
Build info: version: '4.11.0', revision: '040bc5406b'
System info: os.name: 'Windows 10', os.arch: 'amd64', os.version: '10.0', java.version: '11.0.18'
Driver info: driver.version: unknown
	at org.openqa.selenium.devtools.Connection$Listener.lambda$onText$0(Connection.java:227)
	at java.base/java.util.concurrent.ThreadPoolExecutor.runWorker(ThreadPoolExecutor.java:1128)
	at java.base/java.util.concurrent.ThreadPoolExecutor$Worker.run(ThreadPoolExecutor.java:628)
	at java.base/java.lang.Thread.run(Thread.java:829)
Caused by: org.openqa.selenium.devtools.DevToolsException: {"id":2313,"error":{"code":-32602,"message":"Invalid InterceptionId."},"sessionId":"69DE6D1A85B5D627489871F60443E14A"}
Build info: version: '4.11.0', revision: '040bc5406b'
System info: os.name: 'Windows 10', os.arch: 'amd64', os.version: '10.0', java.version: '11.0.18'
Driver info: driver.version: unknown
	at org.openqa.selenium.devtools.Connection.sendAndWait(Connection.java:181)
	at org.openqa.selenium.devtools.DevTools.send(DevTools.java:81)
	at org.openqa.selenium.devtools.idealized.Network.lambda$prepareToInterceptTraffic$4(Network.java:194)
	at org.openqa.selenium.devtools.Connection.lambda$handle$4(Connection.java:321)
	at java.base/java.util.stream.ForEachOps$ForEachOp$OfRef.accept(ForEachOps.java:183)
	at java.base/java.util.stream.ReferencePipeline$2$1.accept(ReferencePipeline.java:177)
	at java.base/java.util.stream.ReferencePipeline$11$1.accept(ReferencePipeline.java:442)
	at java.base/java.util.HashMap$KeySpliterator.forEachRemaining(HashMap.java:1621)
	at java.base/java.util.stream.AbstractPipeline.copyInto(AbstractPipeline.java:484)
	at java.base/java.util.stream.AbstractPipeline.wrapAndCopyInto(AbstractPipeline.java:474)
	at java.base/java.util.stream.ForEachOps$ForEachOp.evaluateSequential(ForEachOps.java:150)
	at java.base/java.util.stream.ForEachOps$ForEachOp$OfRef.evaluateSequential(ForEachOps.java:173)
	at java.base/java.util.stream.AbstractPipeline.evaluate(AbstractPipeline.java:234)
	at java.base/java.util.stream.ReferencePipeline.forEach(ReferencePipeline.java:497)
	at org.openqa.selenium.devtools.Connection.handle(Connection.java:287)
	at org.openqa.selenium.devtools.Connection.access$200(Connection.java:57)
	at org.openqa.selenium.devtools.Connection$Listener.lambda$onText$0(Connection.java:224)
	... 3 more
Caused by: org.openqa.selenium.WebDriverException: {"id":2313,"error":{"code":-32602,"message":"Invalid InterceptionId."},"sessionId":"69DE6D1A85B5D627489871F60443E14A"}
Build info: version: '4.11.0', revision: '040bc5406b'
System info: os.name: 'Windows 10', os.arch: 'amd64', os.version: '10.0', java.version: '11.0.18'
Driver info: driver.version: unknown
	at org.openqa.selenium.devtools.Connection.handle(Connection.java:260)
	... 5 more
авг. 16, 2023 4:22:59 PM org.openqa.selenium.devtools.Connection$Listener lambda$onText$0
WARNING: Unable to process: {"method":"Fetch.requestPaused","params":{"requestId":"interception-job-375.0","request":{"url":"http://localhost:8080/logo192.png","method":"GET","headers":{"Accept":"image/avif,image/webp,image/apng,image/svg+xml,image/*,*/*;q=0.8","Referer":"http://localhost:8080/","User-Agent":"Mozilla/5.0 (Windows NT 10.0; Win64; x64) AppleWebKit/537.36 (KHTML, like Gecko) Chrome/116.0.0.0 Safari/537.36","sec-ch-ua":"\"Chromium\";v=\"116\", \"Not)A;Brand\";v=\"24\", \"Google Chrome\";v=\"116\"","sec-ch-ua-mobile":"?0","sec-ch-ua-platform":"\"Windows\""},"initialPriority":"High","referrerPolicy":"strict-origin-when-cross-origin"},"frameId":"D165F02B89151667DFD1BF49856829E7","resourceType":"Image"},"sessionId":"69DE6D1A85B5D627489871F60443E14A"}
org.openqa.selenium.devtools.DevToolsException: {"id":2314,"error":{"code":-32602,"message":"Invalid InterceptionId."},"sessionId":"69DE6D1A85B5D627489871F60443E14A"}
Build info: version: '4.11.0', revision: '040bc5406b'
System info: os.name: 'Windows 10', os.arch: 'amd64', os.version: '10.0', java.version: '11.0.18'
Driver info: driver.version: unknown
	at org.openqa.selenium.devtools.Connection.sendAndWait(Connection.java:181)
	at org.openqa.selenium.devtools.DevTools.send(DevTools.java:81)
	at org.openqa.selenium.devtools.idealized.Network.lambda$prepareToInterceptTraffic$3(Network.java:211)
	at org.openqa.selenium.remote.http.Filter.lambda$andFinally$1(Filter.java:55)
	at org.openqa.selenium.devtools.idealized.Network.lambda$prepareToInterceptTraffic$4(Network.java:226)
	at org.openqa.selenium.devtools.Connection.lambda$handle$4(Connection.java:321)
	at java.base/java.util.stream.ForEachOps$ForEachOp$OfRef.accept(ForEachOps.java:183)
	at java.base/java.util.stream.ReferencePipeline$2$1.accept(ReferencePipeline.java:177)
	at java.base/java.util.stream.ReferencePipeline$11$1.accept(ReferencePipeline.java:442)
	at java.base/java.util.HashMap$KeySpliterator.forEachRemaining(HashMap.java:1621)
	at java.base/java.util.stream.AbstractPipeline.copyInto(AbstractPipeline.java:484)
	at java.base/java.util.stream.AbstractPipeline.wrapAndCopyInto(AbstractPipeline.java:474)
	at java.base/java.util.stream.ForEachOps$ForEachOp.evaluateSequential(ForEachOps.java:150)
	at java.base/java.util.stream.ForEachOps$ForEachOp$OfRef.evaluateSequential(ForEachOps.java:173)
	at java.base/java.util.stream.AbstractPipeline.evaluate(AbstractPipeline.java:234)
	at java.base/java.util.stream.ReferencePipeline.forEach(ReferencePipeline.java:497)
	at org.openqa.selenium.devtools.Connection.handle(Connection.java:287)
	at org.openqa.selenium.devtools.Connection.access$200(Connection.java:57)
	at org.openqa.selenium.devtools.Connection$Listener.lambda$onText$0(Connection.java:224)
	at java.base/java.util.concurrent.ThreadPoolExecutor.runWorker(ThreadPoolExecutor.java:1128)
	at java.base/java.util.concurrent.ThreadPoolExecutor$Worker.run(ThreadPoolExecutor.java:628)
	at java.base/java.lang.Thread.run(Thread.java:829)
Caused by: org.openqa.selenium.WebDriverException: {"id":2314,"error":{"code":-32602,"message":"Invalid InterceptionId."},"sessionId":"69DE6D1A85B5D627489871F60443E14A"}
Build info: version: '4.11.0', revision: '040bc5406b'
System info: os.name: 'Windows 10', os.arch: 'amd64', os.version: '10.0', java.version: '11.0.18'
Driver info: driver.version: unknown
	at org.openqa.selenium.devtools.Connection.handle(Connection.java:260)
	... 5 more

Exception in thread "CDP Connection" org.openqa.selenium.devtools.DevToolsException: {"id":2314,"error":{"code":-32602,"message":"Invalid InterceptionId."},"sessionId":"69DE6D1A85B5D627489871F60443E14A"}
Build info: version: '4.11.0', revision: '040bc5406b'
System info: os.name: 'Windows 10', os.arch: 'amd64', os.version: '10.0', java.version: '11.0.18'
Driver info: driver.version: unknown
	at org.openqa.selenium.devtools.Connection$Listener.lambda$onText$0(Connection.java:227)
	at java.base/java.util.concurrent.ThreadPoolExecutor.runWorker(ThreadPoolExecutor.java:1128)
	at java.base/java.util.concurrent.ThreadPoolExecutor$Worker.run(ThreadPoolExecutor.java:628)
	at java.base/java.lang.Thread.run(Thread.java:829)
Caused by: org.openqa.selenium.devtools.DevToolsException: {"id":2314,"error":{"code":-32602,"message":"Invalid InterceptionId."},"sessionId":"69DE6D1A85B5D627489871F60443E14A"}
Build info: version: '4.11.0', revision: '040bc5406b'
System info: os.name: 'Windows 10', os.arch: 'amd64', os.version: '10.0', java.version: '11.0.18'
Driver info: driver.version: unknown
	at org.openqa.selenium.devtools.Connection.sendAndWait(Connection.java:181)
	at org.openqa.selenium.devtools.DevTools.send(DevTools.java:81)
	at org.openqa.selenium.devtools.idealized.Network.lambda$prepareToInterceptTraffic$3(Network.java:211)
	at org.openqa.selenium.remote.http.Filter.lambda$andFinally$1(Filter.java:55)
	at org.openqa.selenium.devtools.idealized.Network.lambda$prepareToInterceptTraffic$4(Network.java:226)
	at org.openqa.selenium.devtools.Connection.lambda$handle$4(Connection.java:321)
	at java.base/java.util.stream.ForEachOps$ForEachOp$OfRef.accept(ForEachOps.java:183)
	at java.base/java.util.stream.ReferencePipeline$2$1.accept(ReferencePipeline.java:177)
	at java.base/java.util.stream.ReferencePipeline$11$1.accept(ReferencePipeline.java:442)
	at java.base/java.util.HashMap$KeySpliterator.forEachRemaining(HashMap.java:1621)
	at java.base/java.util.stream.AbstractPipeline.copyInto(AbstractPipeline.java:484)
	at java.base/java.util.stream.AbstractPipeline.wrapAndCopyInto(AbstractPipeline.java:474)
	at java.base/java.util.stream.ForEachOps$ForEachOp.evaluateSequential(ForEachOps.java:150)
	at java.base/java.util.stream.ForEachOps$ForEachOp$OfRef.evaluateSequential(ForEachOps.java:173)
	at java.base/java.util.stream.AbstractPipeline.evaluate(AbstractPipeline.java:234)
	at java.base/java.util.stream.ReferencePipeline.forEach(ReferencePipeline.java:497)
	at org.openqa.selenium.devtools.Connection.handle(Connection.java:287)
	at org.openqa.selenium.devtools.Connection.access$200(Connection.java:57)
	at org.openqa.selenium.devtools.Connection$Listener.lambda$onText$0(Connection.java:224)
	... 3 more
Caused by: org.openqa.selenium.WebDriverException: {"id":2314,"error":{"code":-32602,"message":"Invalid InterceptionId."},"sessionId":"69DE6D1A85B5D627489871F60443E14A"}
Build info: version: '4.11.0', revision: '040bc5406b'
System info: os.name: 'Windows 10', os.arch: 'amd64', os.version: '10.0', java.version: '11.0.18'
Driver info: driver.version: unknown
	at org.openqa.selenium.devtools.Connection.handle(Connection.java:260)
	... 5 more
авг. 16, 2023 4:22:59 PM org.openqa.selenium.devtools.Connection$Listener lambda$onText$0
WARNING: Unable to process: {"method":"Fetch.requestPaused","params":{"requestId":"interception-job-376.0","request":{"url":"http://localhost:8080/static/media/icon_ok_m_white.5987da79.svg","method":"GET","headers":{"Accept":"image/avif,image/webp,image/apng,image/svg+xml,image/*,*/*;q=0.8","Referer":"http://localhost:8080/static/css/2.7d875902.chunk.css","User-Agent":"Mozilla/5.0 (Windows NT 10.0; Win64; x64) AppleWebKit/537.36 (KHTML, like Gecko) Chrome/116.0.0.0 Safari/537.36","sec-ch-ua":"\"Chromium\";v=\"116\", \"Not)A;Brand\";v=\"24\", \"Google Chrome\";v=\"116\"","sec-ch-ua-mobile":"?0","sec-ch-ua-platform":"\"Windows\""},"initialPriority":"Low","referrerPolicy":"unsafe-url"},"frameId":"D165F02B89151667DFD1BF49856829E7","resourceType":"Image","responseStatusCode":200,"responseStatusText":"","responseHeaders":[{"name":"Vary","value":"Origin"},{"name":"Vary","value":"Access-Control-Request-Method"},{"name":"Vary","value":"Access-Control-Request-Headers"},{"name":"Last-Modified","value":"Thu, 03 Aug 2023 10:18:16 GMT"},{"name":"Accept-Ranges","value":"bytes"},{"name":"Content-Type","value":"image/svg+xml"},{"name":"Content-Length","value":"687"},{"name":"Date","value":"Wed, 16 Aug 2023 13:20:24 GMT"}]},"sessionId":"69DE6D1A85B5D627489871F60443E14A"}
org.openqa.selenium.devtools.DevToolsException: {"id":2325,"error":{"code":-32602,"message":"Invalid InterceptionId."},"sessionId":"69DE6D1A85B5D627489871F60443E14A"}
Build info: version: '4.11.0', revision: '040bc5406b'
System info: os.name: 'Windows 10', os.arch: 'amd64', os.version: '10.0', java.version: '11.0.18'
Driver info: driver.version: unknown
	at org.openqa.selenium.devtools.Connection.sendAndWait(Connection.java:181)
	at org.openqa.selenium.devtools.DevTools.send(DevTools.java:81)
	at org.openqa.selenium.devtools.idealized.Network.lambda$prepareToInterceptTraffic$4(Network.java:194)
	at org.openqa.selenium.devtools.Connection.lambda$handle$4(Connection.java:321)
	at java.base/java.util.stream.ForEachOps$ForEachOp$OfRef.accept(ForEachOps.java:183)
	at java.base/java.util.stream.ReferencePipeline$2$1.accept(ReferencePipeline.java:177)
	at java.base/java.util.stream.ReferencePipeline$11$1.accept(ReferencePipeline.java:442)
	at java.base/java.util.HashMap$KeySpliterator.forEachRemaining(HashMap.java:1621)
	at java.base/java.util.stream.AbstractPipeline.copyInto(AbstractPipeline.java:484)
	at java.base/java.util.stream.AbstractPipeline.wrapAndCopyInto(AbstractPipeline.java:474)
	at java.base/java.util.stream.ForEachOps$ForEachOp.evaluateSequential(ForEachOps.java:150)
	at java.base/java.util.stream.ForEachOps$ForEachOp$OfRef.evaluateSequential(ForEachOps.java:173)
	at java.base/java.util.stream.AbstractPipeline.evaluate(AbstractPipeline.java:234)
	at java.base/java.util.stream.ReferencePipeline.forEach(ReferencePipeline.java:497)
	at org.openqa.selenium.devtools.Connection.handle(Connection.java:287)
	at org.openqa.selenium.devtools.Connection.access$200(Connection.java:57)
	at org.openqa.selenium.devtools.Connection$Listener.lambda$onText$0(Connection.java:224)
	at java.base/java.util.concurrent.ThreadPoolExecutor.runWorker(ThreadPoolExecutor.java:1128)
	at java.base/java.util.concurrent.ThreadPoolExecutor$Worker.run(ThreadPoolExecutor.java:628)
	at java.base/java.lang.Thread.run(Thread.java:829)
Caused by: org.openqa.selenium.WebDriverException: {"id":2325,"error":{"code":-32602,"message":"Invalid InterceptionId."},"sessionId":"69DE6D1A85B5D627489871F60443E14A"}
Build info: version: '4.11.0', revision: '040bc5406b'
System info: os.name: 'Windows 10', os.arch: 'amd64', os.version: '10.0', java.version: '11.0.18'
Driver info: driver.version: unknown
	at org.openqa.selenium.devtools.Connection.handle(Connection.java:260)
	... 5 more

Exception in thread "CDP Connection" org.openqa.selenium.devtools.DevToolsException: {"id":2325,"error":{"code":-32602,"message":"Invalid InterceptionId."},"sessionId":"69DE6D1A85B5D627489871F60443E14A"}
Build info: version: '4.11.0', revision: '040bc5406b'
System info: os.name: 'Windows 10', os.arch: 'amd64', os.version: '10.0', java.version: '11.0.18'
Driver info: driver.version: unknown
	at org.openqa.selenium.devtools.Connection$Listener.lambda$onText$0(Connection.java:227)
	at java.base/java.util.concurrent.ThreadPoolExecutor.runWorker(ThreadPoolExecutor.java:1128)
	at java.base/java.util.concurrent.ThreadPoolExecutor$Worker.run(ThreadPoolExecutor.java:628)
	at java.base/java.lang.Thread.run(Thread.java:829)
Caused by: org.openqa.selenium.devtools.DevToolsException: {"id":2325,"error":{"code":-32602,"message":"Invalid InterceptionId."},"sessionId":"69DE6D1A85B5D627489871F60443E14A"}
Build info: version: '4.11.0', revision: '040bc5406b'
System info: os.name: 'Windows 10', os.arch: 'amd64', os.version: '10.0', java.version: '11.0.18'
Driver info: driver.version: unknown
	at org.openqa.selenium.devtools.Connection.sendAndWait(Connection.java:181)
	at org.openqa.selenium.devtools.DevTools.send(DevTools.java:81)
	at org.openqa.selenium.devtools.idealized.Network.lambda$prepareToInterceptTraffic$4(Network.java:194)
	at org.openqa.selenium.devtools.Connection.lambda$handle$4(Connection.java:321)
	at java.base/java.util.stream.ForEachOps$ForEachOp$OfRef.accept(ForEachOps.java:183)
	at java.base/java.util.stream.ReferencePipeline$2$1.accept(ReferencePipeline.java:177)
	at java.base/java.util.stream.ReferencePipeline$11$1.accept(ReferencePipeline.java:442)
	at java.base/java.util.HashMap$KeySpliterator.forEachRemaining(HashMap.java:1621)
	at java.base/java.util.stream.AbstractPipeline.copyInto(AbstractPipeline.java:484)
	at java.base/java.util.stream.AbstractPipeline.wrapAndCopyInto(AbstractPipeline.java:474)
	at java.base/java.util.stream.ForEachOps$ForEachOp.evaluateSequential(ForEachOps.java:150)
	at java.base/java.util.stream.ForEachOps$ForEachOp$OfRef.evaluateSequential(ForEachOps.java:173)
	at java.base/java.util.stream.AbstractPipeline.evaluate(AbstractPipeline.java:234)
	at java.base/java.util.stream.ReferencePipeline.forEach(ReferencePipeline.java:497)
	at org.openqa.selenium.devtools.Connection.handle(Connection.java:287)
	at org.openqa.selenium.devtools.Connection.access$200(Connection.java:57)
	at org.openqa.selenium.devtools.Connection$Listener.lambda$onText$0(Connection.java:224)
	... 3 more
Caused by: org.openqa.selenium.WebDriverException: {"id":2325,"error":{"code":-32602,"message":"Invalid InterceptionId."},"sessionId":"69DE6D1A85B5D627489871F60443E14A"}
Build info: version: '4.11.0', revision: '040bc5406b'
System info: os.name: 'Windows 10', os.arch: 'amd64', os.version: '10.0', java.version: '11.0.18'
Driver info: driver.version: unknown
	at org.openqa.selenium.devtools.Connection.handle(Connection.java:260)
	... 5 more
авг. 16, 2023 4:22:59 PM org.openqa.selenium.devtools.Connection$Listener lambda$onText$0
WARNING: Unable to process: {"method":"Fetch.requestPaused","params":{"requestId":"interception-job-377.0","request":{"url":"http://localhost:8080/static/media/icon_close_s_white.cd06f8fb.svg","method":"GET","headers":{"Accept":"image/avif,image/webp,image/apng,image/svg+xml,image/*,*/*;q=0.8","Referer":"http://localhost:8080/static/css/2.7d875902.chunk.css","User-Agent":"Mozilla/5.0 (Windows NT 10.0; Win64; x64) AppleWebKit/537.36 (KHTML, like Gecko) Chrome/116.0.0.0 Safari/537.36","sec-ch-ua":"\"Chromium\";v=\"116\", \"Not)A;Brand\";v=\"24\", \"Google Chrome\";v=\"116\"","sec-ch-ua-mobile":"?0","sec-ch-ua-platform":"\"Windows\""},"initialPriority":"Low","referrerPolicy":"unsafe-url"},"frameId":"D165F02B89151667DFD1BF49856829E7","resourceType":"Image","responseStatusCode":200,"responseStatusText":"","responseHeaders":[{"name":"Vary","value":"Origin"},{"name":"Vary","value":"Access-Control-Request-Method"},{"name":"Vary","value":"Access-Control-Request-Headers"},{"name":"Last-Modified","value":"Thu, 03 Aug 2023 10:18:16 GMT"},{"name":"Accept-Ranges","value":"bytes"},{"name":"Content-Type","value":"image/svg+xml"},{"name":"Content-Length","value":"247"},{"name":"Date","value":"Wed, 16 Aug 2023 13:20:24 GMT"}]},"sessionId":"69DE6D1A85B5D627489871F60443E14A"}
org.openqa.selenium.devtools.DevToolsException: {"id":2326,"error":{"code":-32602,"message":"Invalid InterceptionId."},"sessionId":"69DE6D1A85B5D627489871F60443E14A"}
Build info: version: '4.11.0', revision: '040bc5406b'
System info: os.name: 'Windows 10', os.arch: 'amd64', os.version: '10.0', java.version: '11.0.18'
Driver info: driver.version: unknown
	at org.openqa.selenium.devtools.Connection.sendAndWait(Connection.java:181)
	at org.openqa.selenium.devtools.DevTools.send(DevTools.java:81)
	at org.openqa.selenium.devtools.idealized.Network.lambda$prepareToInterceptTraffic$4(Network.java:194)
	at org.openqa.selenium.devtools.Connection.lambda$handle$4(Connection.java:321)
	at java.base/java.util.stream.ForEachOps$ForEachOp$OfRef.accept(ForEachOps.java:183)
	at java.base/java.util.stream.ReferencePipeline$2$1.accept(ReferencePipeline.java:177)
	at java.base/java.util.stream.ReferencePipeline$11$1.accept(ReferencePipeline.java:442)
	at java.base/java.util.HashMap$KeySpliterator.forEachRemaining(HashMap.java:1621)
	at java.base/java.util.stream.AbstractPipeline.copyInto(AbstractPipeline.java:484)
	at java.base/java.util.stream.AbstractPipeline.wrapAndCopyInto(AbstractPipeline.java:474)
	at java.base/java.util.stream.ForEachOps$ForEachOp.evaluateSequential(ForEachOps.java:150)
	at java.base/java.util.stream.ForEachOps$ForEachOp$OfRef.evaluateSequential(ForEachOps.java:173)
	at java.base/java.util.stream.AbstractPipeline.evaluate(AbstractPipeline.java:234)
	at java.base/java.util.stream.ReferencePipeline.forEach(ReferencePipeline.java:497)
	at org.openqa.selenium.devtools.Connection.handle(Connection.java:287)
	at org.openqa.selenium.devtools.Connection.access$200(Connection.java:57)
	at org.openqa.selenium.devtools.Connection$Listener.lambda$onText$0(Connection.java:224)
	at java.base/java.util.concurrent.ThreadPoolExecutor.runWorker(ThreadPoolExecutor.java:1128)
	at java.base/java.util.concurrent.ThreadPoolExecutor$Worker.run(ThreadPoolExecutor.java:628)
	at java.base/java.lang.Thread.run(Thread.java:829)
Caused by: org.openqa.selenium.WebDriverException: {"id":2326,"error":{"code":-32602,"message":"Invalid InterceptionId."},"sessionId":"69DE6D1A85B5D627489871F60443E14A"}
Build info: version: '4.11.0', revision: '040bc5406b'
System info: os.name: 'Windows 10', os.arch: 'amd64', os.version: '10.0', java.version: '11.0.18'
Driver info: driver.version: unknown
	at org.openqa.selenium.devtools.Connection.handle(Connection.java:260)
	... 5 more

Exception in thread "CDP Connection" org.openqa.selenium.devtools.DevToolsException: {"id":2326,"error":{"code":-32602,"message":"Invalid InterceptionId."},"sessionId":"69DE6D1A85B5D627489871F60443E14A"}
Build info: version: '4.11.0', revision: '040bc5406b'
System info: os.name: 'Windows 10', os.arch: 'amd64', os.version: '10.0', java.version: '11.0.18'
Driver info: driver.version: unknown
	at org.openqa.selenium.devtools.Connection$Listener.lambda$onText$0(Connection.java:227)
	at java.base/java.util.concurrent.ThreadPoolExecutor.runWorker(ThreadPoolExecutor.java:1128)
	at java.base/java.util.concurrent.ThreadPoolExecutor$Worker.run(ThreadPoolExecutor.java:628)
	at java.base/java.lang.Thread.run(Thread.java:829)
Caused by: org.openqa.selenium.devtools.DevToolsException: {"id":2326,"error":{"code":-32602,"message":"Invalid InterceptionId."},"sessionId":"69DE6D1A85B5D627489871F60443E14A"}
Build info: version: '4.11.0', revision: '040bc5406b'
System info: os.name: 'Windows 10', os.arch: 'amd64', os.version: '10.0', java.version: '11.0.18'
Driver info: driver.version: unknown
	at org.openqa.selenium.devtools.Connection.sendAndWait(Connection.java:181)
	at org.openqa.selenium.devtools.DevTools.send(DevTools.java:81)
	at org.openqa.selenium.devtools.idealized.Network.lambda$prepareToInterceptTraffic$4(Network.java:194)
	at org.openqa.selenium.devtools.Connection.lambda$handle$4(Connection.java:321)
	at java.base/java.util.stream.ForEachOps$ForEachOp$OfRef.accept(ForEachOps.java:183)
	at java.base/java.util.stream.ReferencePipeline$2$1.accept(ReferencePipeline.java:177)
	at java.base/java.util.stream.ReferencePipeline$11$1.accept(ReferencePipeline.java:442)
	at java.base/java.util.HashMap$KeySpliterator.forEachRemaining(HashMap.java:1621)
	at java.base/java.util.stream.AbstractPipeline.copyInto(AbstractPipeline.java:484)
	at java.base/java.util.stream.AbstractPipeline.wrapAndCopyInto(AbstractPipeline.java:474)
	at java.base/java.util.stream.ForEachOps$ForEachOp.evaluateSequential(ForEachOps.java:150)
	at java.base/java.util.stream.ForEachOps$ForEachOp$OfRef.evaluateSequential(ForEachOps.java:173)
	at java.base/java.util.stream.AbstractPipeline.evaluate(AbstractPipeline.java:234)
	at java.base/java.util.stream.ReferencePipeline.forEach(ReferencePipeline.java:497)
	at org.openqa.selenium.devtools.Connection.handle(Connection.java:287)
	at org.openqa.selenium.devtools.Connection.access$200(Connection.java:57)
	at org.openqa.selenium.devtools.Connection$Listener.lambda$onText$0(Connection.java:224)
	... 3 more
Caused by: org.openqa.selenium.WebDriverException: {"id":2326,"error":{"code":-32602,"message":"Invalid InterceptionId."},"sessionId":"69DE6D1A85B5D627489871F60443E14A"}
Build info: version: '4.11.0', revision: '040bc5406b'
System info: os.name: 'Windows 10', os.arch: 'amd64', os.version: '10.0', java.version: '11.0.18'
Driver info: driver.version: unknown
	at org.openqa.selenium.devtools.Connection.handle(Connection.java:260)
	... 5 more
авг. 16, 2023 4:22:59 PM org.openqa.selenium.devtools.Connection$Listener lambda$onText$0
WARNING: Unable to process: {"method":"Fetch.requestPaused","params":{"requestId":"interception-job-377.0","request":{"url":"http://localhost:8080/static/media/icon_close_s_white.cd06f8fb.svg","method":"GET","headers":{"Accept":"image/avif,image/webp,image/apng,image/svg+xml,image/*,*/*;q=0.8","Referer":"http://localhost:8080/static/css/2.7d875902.chunk.css","User-Agent":"Mozilla/5.0 (Windows NT 10.0; Win64; x64) AppleWebKit/537.36 (KHTML, like Gecko) Chrome/116.0.0.0 Safari/537.36","sec-ch-ua":"\"Chromium\";v=\"116\", \"Not)A;Brand\";v=\"24\", \"Google Chrome\";v=\"116\"","sec-ch-ua-mobile":"?0","sec-ch-ua-platform":"\"Windows\""},"initialPriority":"Low","referrerPolicy":"strict-origin-when-cross-origin"},"frameId":"D165F02B89151667DFD1BF49856829E7","resourceType":"Image"},"sessionId":"69DE6D1A85B5D627489871F60443E14A"}
org.openqa.selenium.devtools.DevToolsException: {"id":2328,"error":{"code":-32602,"message":"Invalid InterceptionId."},"sessionId":"69DE6D1A85B5D627489871F60443E14A"}
Build info: version: '4.11.0', revision: '040bc5406b'
System info: os.name: 'Windows 10', os.arch: 'amd64', os.version: '10.0', java.version: '11.0.18'
Driver info: driver.version: unknown
	at org.openqa.selenium.devtools.Connection.sendAndWait(Connection.java:181)
	at org.openqa.selenium.devtools.DevTools.send(DevTools.java:81)
	at org.openqa.selenium.devtools.idealized.Network.lambda$prepareToInterceptTraffic$3(Network.java:211)
	at org.openqa.selenium.remote.http.Filter.lambda$andFinally$1(Filter.java:55)
	at org.openqa.selenium.devtools.idealized.Network.lambda$prepareToInterceptTraffic$4(Network.java:226)
	at org.openqa.selenium.devtools.Connection.lambda$handle$4(Connection.java:321)
	at java.base/java.util.stream.ForEachOps$ForEachOp$OfRef.accept(ForEachOps.java:183)
	at java.base/java.util.stream.ReferencePipeline$2$1.accept(ReferencePipeline.java:177)
	at java.base/java.util.stream.ReferencePipeline$11$1.accept(ReferencePipeline.java:442)
	at java.base/java.util.HashMap$KeySpliterator.forEachRemaining(HashMap.java:1621)
	at java.base/java.util.stream.AbstractPipeline.copyInto(AbstractPipeline.java:484)
	at java.base/java.util.stream.AbstractPipeline.wrapAndCopyInto(AbstractPipeline.java:474)
	at java.base/java.util.stream.ForEachOps$ForEachOp.evaluateSequential(ForEachOps.java:150)
	at java.base/java.util.stream.ForEachOps$ForEachOp$OfRef.evaluateSequential(ForEachOps.java:173)
	at java.base/java.util.stream.AbstractPipeline.evaluate(AbstractPipeline.java:234)
	at java.base/java.util.stream.ReferencePipeline.forEach(ReferencePipeline.java:497)
	at org.openqa.selenium.devtools.Connection.handle(Connection.java:287)
	at org.openqa.selenium.devtools.Connection.access$200(Connection.java:57)
	at org.openqa.selenium.devtools.Connection$Listener.lambda$onText$0(Connection.java:224)
	at java.base/java.util.concurrent.ThreadPoolExecutor.runWorker(ThreadPoolExecutor.java:1128)
	at java.base/java.util.concurrent.ThreadPoolExecutor$Worker.run(ThreadPoolExecutor.java:628)
	at java.base/java.lang.Thread.run(Thread.java:829)
Caused by: org.openqa.selenium.WebDriverException: {"id":2328,"error":{"code":-32602,"message":"Invalid InterceptionId."},"sessionId":"69DE6D1A85B5D627489871F60443E14A"}
Build info: version: '4.11.0', revision: '040bc5406b'
System info: os.name: 'Windows 10', os.arch: 'amd64', os.version: '10.0', java.version: '11.0.18'
Driver info: driver.version: unknown
	at org.openqa.selenium.devtools.Connection.handle(Connection.java:260)
	... 5 more

Exception in thread "CDP Connection" org.openqa.selenium.devtools.DevToolsException: {"id":2328,"error":{"code":-32602,"message":"Invalid InterceptionId."},"sessionId":"69DE6D1A85B5D627489871F60443E14A"}
Build info: version: '4.11.0', revision: '040bc5406b'
System info: os.name: 'Windows 10', os.arch: 'amd64', os.version: '10.0', java.version: '11.0.18'
Driver info: driver.version: unknown
	at org.openqa.selenium.devtools.Connection$Listener.lambda$onText$0(Connection.java:227)
	at java.base/java.util.concurrent.ThreadPoolExecutor.runWorker(ThreadPoolExecutor.java:1128)
	at java.base/java.util.concurrent.ThreadPoolExecutor$Worker.run(ThreadPoolExecutor.java:628)
	at java.base/java.lang.Thread.run(Thread.java:829)
Caused by: org.openqa.selenium.devtools.DevToolsException: {"id":2328,"error":{"code":-32602,"message":"Invalid InterceptionId."},"sessionId":"69DE6D1A85B5D627489871F60443E14A"}
Build info: version: '4.11.0', revision: '040bc5406b'
System info: os.name: 'Windows 10', os.arch: 'amd64', os.version: '10.0', java.version: '11.0.18'
Driver info: driver.version: unknown
	at org.openqa.selenium.devtools.Connection.sendAndWait(Connection.java:181)
	at org.openqa.selenium.devtools.DevTools.send(DevTools.java:81)
	at org.openqa.selenium.devtools.idealized.Network.lambda$prepareToInterceptTraffic$3(Network.java:211)
	at org.openqa.selenium.remote.http.Filter.lambda$andFinally$1(Filter.java:55)
	at org.openqa.selenium.devtools.idealized.Network.lambda$prepareToInterceptTraffic$4(Network.java:226)
	at org.openqa.selenium.devtools.Connection.lambda$handle$4(Connection.java:321)
	at java.base/java.util.stream.ForEachOps$ForEachOp$OfRef.accept(ForEachOps.java:183)
	at java.base/java.util.stream.ReferencePipeline$2$1.accept(ReferencePipeline.java:177)
	at java.base/java.util.stream.ReferencePipeline$11$1.accept(ReferencePipeline.java:442)
	at java.base/java.util.HashMap$KeySpliterator.forEachRemaining(HashMap.java:1621)
	at java.base/java.util.stream.AbstractPipeline.copyInto(AbstractPipeline.java:484)
	at java.base/java.util.stream.AbstractPipeline.wrapAndCopyInto(AbstractPipeline.java:474)
	at java.base/java.util.stream.ForEachOps$ForEachOp.evaluateSequential(ForEachOps.java:150)
	at java.base/java.util.stream.ForEachOps$ForEachOp$OfRef.evaluateSequential(ForEachOps.java:173)
	at java.base/java.util.stream.AbstractPipeline.evaluate(AbstractPipeline.java:234)
	at java.base/java.util.stream.ReferencePipeline.forEach(ReferencePipeline.java:497)
	at org.openqa.selenium.devtools.Connection.handle(Connection.java:287)
	at org.openqa.selenium.devtools.Connection.access$200(Connection.java:57)
	at org.openqa.selenium.devtools.Connection$Listener.lambda$onText$0(Connection.java:224)
	... 3 more
Caused by: org.openqa.selenium.WebDriverException: {"id":2328,"error":{"code":-32602,"message":"Invalid InterceptionId."},"sessionId":"69DE6D1A85B5D627489871F60443E14A"}
Build info: version: '4.11.0', revision: '040bc5406b'
System info: os.name: 'Windows 10', os.arch: 'amd64', os.version: '10.0', java.version: '11.0.18'
Driver info: driver.version: unknown
	at org.openqa.selenium.devtools.Connection.handle(Connection.java:260)
	... 5 more
авг. 16, 2023 4:22:59 PM org.openqa.selenium.devtools.Connection$Listener lambda$onText$0
WARNING: Unable to process: {"method":"Fetch.requestPaused","params":{"requestId":"interception-job-376.0","request":{"url":"http://localhost:8080/static/media/icon_ok_m_white.5987da79.svg","method":"GET","headers":{"Accept":"image/avif,image/webp,image/apng,image/svg+xml,image/*,*/*;q=0.8","Referer":"http://localhost:8080/static/css/2.7d875902.chunk.css","User-Agent":"Mozilla/5.0 (Windows NT 10.0; Win64; x64) AppleWebKit/537.36 (KHTML, like Gecko) Chrome/116.0.0.0 Safari/537.36","sec-ch-ua":"\"Chromium\";v=\"116\", \"Not)A;Brand\";v=\"24\", \"Google Chrome\";v=\"116\"","sec-ch-ua-mobile":"?0","sec-ch-ua-platform":"\"Windows\""},"initialPriority":"Low","referrerPolicy":"strict-origin-when-cross-origin"},"frameId":"D165F02B89151667DFD1BF49856829E7","resourceType":"Image"},"sessionId":"69DE6D1A85B5D627489871F60443E14A"}
org.openqa.selenium.devtools.DevToolsException: {"id":2327,"error":{"code":-32602,"message":"Invalid InterceptionId."},"sessionId":"69DE6D1A85B5D627489871F60443E14A"}
Build info: version: '4.11.0', revision: '040bc5406b'
System info: os.name: 'Windows 10', os.arch: 'amd64', os.version: '10.0', java.version: '11.0.18'
Driver info: driver.version: unknown
	at org.openqa.selenium.devtools.Connection.sendAndWait(Connection.java:181)
	at org.openqa.selenium.devtools.DevTools.send(DevTools.java:81)
	at org.openqa.selenium.devtools.idealized.Network.lambda$prepareToInterceptTraffic$3(Network.java:211)
	at org.openqa.selenium.remote.http.Filter.lambda$andFinally$1(Filter.java:55)
	at org.openqa.selenium.devtools.idealized.Network.lambda$prepareToInterceptTraffic$4(Network.java:226)
	at org.openqa.selenium.devtools.Connection.lambda$handle$4(Connection.java:321)
	at java.base/java.util.stream.ForEachOps$ForEachOp$OfRef.accept(ForEachOps.java:183)
	at java.base/java.util.stream.ReferencePipeline$2$1.accept(ReferencePipeline.java:177)
	at java.base/java.util.stream.ReferencePipeline$11$1.accept(ReferencePipeline.java:442)
	at java.base/java.util.HashMap$KeySpliterator.forEachRemaining(HashMap.java:1621)
	at java.base/java.util.stream.AbstractPipeline.copyInto(AbstractPipeline.java:484)
	at java.base/java.util.stream.AbstractPipeline.wrapAndCopyInto(AbstractPipeline.java:474)
	at java.base/java.util.stream.ForEachOps$ForEachOp.evaluateSequential(ForEachOps.java:150)
	at java.base/java.util.stream.ForEachOps$ForEachOp$OfRef.evaluateSequential(ForEachOps.java:173)
	at java.base/java.util.stream.AbstractPipeline.evaluate(AbstractPipeline.java:234)
	at java.base/java.util.stream.ReferencePipeline.forEach(ReferencePipeline.java:497)
	at org.openqa.selenium.devtools.Connection.handle(Connection.java:287)
	at org.openqa.selenium.devtools.Connection.access$200(Connection.java:57)
	at org.openqa.selenium.devtools.Connection$Listener.lambda$onText$0(Connection.java:224)
	at java.base/java.util.concurrent.ThreadPoolExecutor.runWorker(ThreadPoolExecutor.java:1128)
	at java.base/java.util.concurrent.ThreadPoolExecutor$Worker.run(ThreadPoolExecutor.java:628)
	at java.base/java.lang.Thread.run(Thread.java:829)
Caused by: org.openqa.selenium.WebDriverException: {"id":2327,"error":{"code":-32602,"message":"Invalid InterceptionId."},"sessionId":"69DE6D1A85B5D627489871F60443E14A"}
Build info: version: '4.11.0', revision: '040bc5406b'
System info: os.name: 'Windows 10', os.arch: 'amd64', os.version: '10.0', java.version: '11.0.18'
Driver info: driver.version: unknown
	at org.openqa.selenium.devtools.Connection.handle(Connection.java:260)
	... 5 more

Exception in thread "CDP Connection" org.openqa.selenium.devtools.DevToolsException: {"id":2327,"error":{"code":-32602,"message":"Invalid InterceptionId."},"sessionId":"69DE6D1A85B5D627489871F60443E14A"}
Build info: version: '4.11.0', revision: '040bc5406b'
System info: os.name: 'Windows 10', os.arch: 'amd64', os.version: '10.0', java.version: '11.0.18'
Driver info: driver.version: unknown
	at org.openqa.selenium.devtools.Connection$Listener.lambda$onText$0(Connection.java:227)
	at java.base/java.util.concurrent.ThreadPoolExecutor.runWorker(ThreadPoolExecutor.java:1128)
	at java.base/java.util.concurrent.ThreadPoolExecutor$Worker.run(ThreadPoolExecutor.java:628)
	at java.base/java.lang.Thread.run(Thread.java:829)
Caused by: org.openqa.selenium.devtools.DevToolsException: {"id":2327,"error":{"code":-32602,"message":"Invalid InterceptionId."},"sessionId":"69DE6D1A85B5D627489871F60443E14A"}
Build info: version: '4.11.0', revision: '040bc5406b'
System info: os.name: 'Windows 10', os.arch: 'amd64', os.version: '10.0', java.version: '11.0.18'
Driver info: driver.version: unknown
	at org.openqa.selenium.devtools.Connection.sendAndWait(Connection.java:181)
	at org.openqa.selenium.devtools.DevTools.send(DevTools.java:81)
	at org.openqa.selenium.devtools.idealized.Network.lambda$prepareToInterceptTraffic$3(Network.java:211)
	at org.openqa.selenium.remote.http.Filter.lambda$andFinally$1(Filter.java:55)
	at org.openqa.selenium.devtools.idealized.Network.lambda$prepareToInterceptTraffic$4(Network.java:226)
	at org.openqa.selenium.devtools.Connection.lambda$handle$4(Connection.java:321)
	at java.base/java.util.stream.ForEachOps$ForEachOp$OfRef.accept(ForEachOps.java:183)
	at java.base/java.util.stream.ReferencePipeline$2$1.accept(ReferencePipeline.java:177)
	at java.base/java.util.stream.ReferencePipeline$11$1.accept(ReferencePipeline.java:442)
	at java.base/java.util.HashMap$KeySpliterator.forEachRemaining(HashMap.java:1621)
	at java.base/java.util.stream.AbstractPipeline.copyInto(AbstractPipeline.java:484)
	at java.base/java.util.stream.AbstractPipeline.wrapAndCopyInto(AbstractPipeline.java:474)
	at java.base/java.util.stream.ForEachOps$ForEachOp.evaluateSequential(ForEachOps.java:150)
	at java.base/java.util.stream.ForEachOps$ForEachOp$OfRef.evaluateSequential(ForEachOps.java:173)
	at java.base/java.util.stream.AbstractPipeline.evaluate(AbstractPipeline.java:234)
	at java.base/java.util.stream.ReferencePipeline.forEach(ReferencePipeline.java:497)
	at org.openqa.selenium.devtools.Connection.handle(Connection.java:287)
	at org.openqa.selenium.devtools.Connection.access$200(Connection.java:57)
	at org.openqa.selenium.devtools.Connection$Listener.lambda$onText$0(Connection.java:224)
	... 3 more
Caused by: org.openqa.selenium.WebDriverException: {"id":2327,"error":{"code":-32602,"message":"Invalid InterceptionId."},"sessionId":"69DE6D1A85B5D627489871F60443E14A"}
Build info: version: '4.11.0', revision: '040bc5406b'
System info: os.name: 'Windows 10', os.arch: 'amd64', os.version: '10.0', java.version: '11.0.18'
Driver info: driver.version: unknown
	at org.openqa.selenium.devtools.Connection.handle(Connection.java:260)
	... 5 more
авг. 16, 2023 4:22:59 PM org.openqa.selenium.devtools.Connection$Listener lambda$onText$0
WARNING: Unable to process: {"method":"Fetch.requestPaused","params":{"requestId":"interception-job-378.0","request":{"url":"http://localhost:8080/static/media/icon_error_m_white.143ec85a.svg","method":"GET","headers":{"Accept":"image/avif,image/webp,image/apng,image/svg+xml,image/*,*/*;q=0.8","Referer":"http://localhost:8080/static/css/2.7d875902.chunk.css","User-Agent":"Mozilla/5.0 (Windows NT 10.0; Win64; x64) AppleWebKit/537.36 (KHTML, like Gecko) Chrome/116.0.0.0 Safari/537.36","sec-ch-ua":"\"Chromium\";v=\"116\", \"Not)A;Brand\";v=\"24\", \"Google Chrome\";v=\"116\"","sec-ch-ua-mobile":"?0","sec-ch-ua-platform":"\"Windows\""},"initialPriority":"Low","referrerPolicy":"unsafe-url"},"frameId":"D165F02B89151667DFD1BF49856829E7","resourceType":"Image","responseStatusCode":200,"responseStatusText":"","responseHeaders":[{"name":"Vary","value":"Origin"},{"name":"Vary","value":"Access-Control-Request-Method"},{"name":"Vary","value":"Access-Control-Request-Headers"},{"name":"Last-Modified","value":"Thu, 03 Aug 2023 10:18:16 GMT"},{"name":"Accept-Ranges","value":"bytes"},{"name":"Content-Type","value":"image/svg+xml"},{"name":"Content-Length","value":"380"},{"name":"Date","value":"Wed, 16 Aug 2023 13:20:24 GMT"}]},"sessionId":"69DE6D1A85B5D627489871F60443E14A"}
org.openqa.selenium.devtools.DevToolsException: {"id":2331,"error":{"code":-32602,"message":"Invalid InterceptionId."},"sessionId":"69DE6D1A85B5D627489871F60443E14A"}
Build info: version: '4.11.0', revision: '040bc5406b'
System info: os.name: 'Windows 10', os.arch: 'amd64', os.version: '10.0', java.version: '11.0.18'
Driver info: driver.version: unknown
	at org.openqa.selenium.devtools.Connection.sendAndWait(Connection.java:181)
	at org.openqa.selenium.devtools.DevTools.send(DevTools.java:81)
	at org.openqa.selenium.devtools.idealized.Network.lambda$prepareToInterceptTraffic$4(Network.java:194)
	at org.openqa.selenium.devtools.Connection.lambda$handle$4(Connection.java:321)
	at java.base/java.util.stream.ForEachOps$ForEachOp$OfRef.accept(ForEachOps.java:183)
	at java.base/java.util.stream.ReferencePipeline$2$1.accept(ReferencePipeline.java:177)
	at java.base/java.util.stream.ReferencePipeline$11$1.accept(ReferencePipeline.java:442)
	at java.base/java.util.HashMap$KeySpliterator.forEachRemaining(HashMap.java:1621)
	at java.base/java.util.stream.AbstractPipeline.copyInto(AbstractPipeline.java:484)
	at java.base/java.util.stream.AbstractPipeline.wrapAndCopyInto(AbstractPipeline.java:474)
	at java.base/java.util.stream.ForEachOps$ForEachOp.evaluateSequential(ForEachOps.java:150)
	at java.base/java.util.stream.ForEachOps$ForEachOp$OfRef.evaluateSequential(ForEachOps.java:173)
	at java.base/java.util.stream.AbstractPipeline.evaluate(AbstractPipeline.java:234)
	at java.base/java.util.stream.ReferencePipeline.forEach(ReferencePipeline.java:497)
	at org.openqa.selenium.devtools.Connection.handle(Connection.java:287)
	at org.openqa.selenium.devtools.Connection.access$200(Connection.java:57)
	at org.openqa.selenium.devtools.Connection$Listener.lambda$onText$0(Connection.java:224)
	at java.base/java.util.concurrent.ThreadPoolExecutor.runWorker(ThreadPoolExecutor.java:1128)
	at java.base/java.util.concurrent.ThreadPoolExecutor$Worker.run(ThreadPoolExecutor.java:628)
	at java.base/java.lang.Thread.run(Thread.java:829)
Caused by: org.openqa.selenium.WebDriverException: {"id":2331,"error":{"code":-32602,"message":"Invalid InterceptionId."},"sessionId":"69DE6D1A85B5D627489871F60443E14A"}
Build info: version: '4.11.0', revision: '040bc5406b'
System info: os.name: 'Windows 10', os.arch: 'amd64', os.version: '10.0', java.version: '11.0.18'
Driver info: driver.version: unknown
	at org.openqa.selenium.devtools.Connection.handle(Connection.java:260)
	... 5 more

Exception in thread "CDP Connection" org.openqa.selenium.devtools.DevToolsException: {"id":2331,"error":{"code":-32602,"message":"Invalid InterceptionId."},"sessionId":"69DE6D1A85B5D627489871F60443E14A"}
Build info: version: '4.11.0', revision: '040bc5406b'
System info: os.name: 'Windows 10', os.arch: 'amd64', os.version: '10.0', java.version: '11.0.18'
Driver info: driver.version: unknown
	at org.openqa.selenium.devtools.Connection$Listener.lambda$onText$0(Connection.java:227)
	at java.base/java.util.concurrent.ThreadPoolExecutor.runWorker(ThreadPoolExecutor.java:1128)
	at java.base/java.util.concurrent.ThreadPoolExecutor$Worker.run(ThreadPoolExecutor.java:628)
	at java.base/java.lang.Thread.run(Thread.java:829)
Caused by: org.openqa.selenium.devtools.DevToolsException: {"id":2331,"error":{"code":-32602,"message":"Invalid InterceptionId."},"sessionId":"69DE6D1A85B5D627489871F60443E14A"}
Build info: version: '4.11.0', revision: '040bc5406b'
System info: os.name: 'Windows 10', os.arch: 'amd64', os.version: '10.0', java.version: '11.0.18'
Driver info: driver.version: unknown
	at org.openqa.selenium.devtools.Connection.sendAndWait(Connection.java:181)
	at org.openqa.selenium.devtools.DevTools.send(DevTools.java:81)
	at org.openqa.selenium.devtools.idealized.Network.lambda$prepareToInterceptTraffic$4(Network.java:194)
	at org.openqa.selenium.devtools.Connection.lambda$handle$4(Connection.java:321)
	at java.base/java.util.stream.ForEachOps$ForEachOp$OfRef.accept(ForEachOps.java:183)
	at java.base/java.util.stream.ReferencePipeline$2$1.accept(ReferencePipeline.java:177)
	at java.base/java.util.stream.ReferencePipeline$11$1.accept(ReferencePipeline.java:442)
	at java.base/java.util.HashMap$KeySpliterator.forEachRemaining(HashMap.java:1621)
	at java.base/java.util.stream.AbstractPipeline.copyInto(AbstractPipeline.java:484)
	at java.base/java.util.stream.AbstractPipeline.wrapAndCopyInto(AbstractPipeline.java:474)
	at java.base/java.util.stream.ForEachOps$ForEachOp.evaluateSequential(ForEachOps.java:150)
	at java.base/java.util.stream.ForEachOps$ForEachOp$OfRef.evaluateSequential(ForEachOps.java:173)
	at java.base/java.util.stream.AbstractPipeline.evaluate(AbstractPipeline.java:234)
	at java.base/java.util.stream.ReferencePipeline.forEach(ReferencePipeline.java:497)
	at org.openqa.selenium.devtools.Connection.handle(Connection.java:287)
	at org.openqa.selenium.devtools.Connection.access$200(Connection.java:57)
	at org.openqa.selenium.devtools.Connection$Listener.lambda$onText$0(Connection.java:224)
	... 3 more
Caused by: org.openqa.selenium.WebDriverException: {"id":2331,"error":{"code":-32602,"message":"Invalid InterceptionId."},"sessionId":"69DE6D1A85B5D627489871F60443E14A"}
Build info: version: '4.11.0', revision: '040bc5406b'
System info: os.name: 'Windows 10', os.arch: 'amd64', os.version: '10.0', java.version: '11.0.18'
Driver info: driver.version: unknown
	at org.openqa.selenium.devtools.Connection.handle(Connection.java:260)
	... 5 more
авг. 16, 2023 4:22:59 PM org.openqa.selenium.devtools.Connection$Listener lambda$onText$0
WARNING: Unable to process: {"method":"Fetch.requestPaused","params":{"requestId":"interception-job-378.0","request":{"url":"http://localhost:8080/static/media/icon_error_m_white.143ec85a.svg","method":"GET","headers":{"Accept":"image/avif,image/webp,image/apng,image/svg+xml,image/*,*/*;q=0.8","Referer":"http://localhost:8080/static/css/2.7d875902.chunk.css","User-Agent":"Mozilla/5.0 (Windows NT 10.0; Win64; x64) AppleWebKit/537.36 (KHTML, like Gecko) Chrome/116.0.0.0 Safari/537.36","sec-ch-ua":"\"Chromium\";v=\"116\", \"Not)A;Brand\";v=\"24\", \"Google Chrome\";v=\"116\"","sec-ch-ua-mobile":"?0","sec-ch-ua-platform":"\"Windows\""},"initialPriority":"Low","referrerPolicy":"strict-origin-when-cross-origin"},"frameId":"D165F02B89151667DFD1BF49856829E7","resourceType":"Image"},"sessionId":"69DE6D1A85B5D627489871F60443E14A"}
org.openqa.selenium.devtools.DevToolsException: {"id":2332,"error":{"code":-32602,"message":"Invalid InterceptionId."},"sessionId":"69DE6D1A85B5D627489871F60443E14A"}
Build info: version: '4.11.0', revision: '040bc5406b'
System info: os.name: 'Windows 10', os.arch: 'amd64', os.version: '10.0', java.version: '11.0.18'
Driver info: driver.version: unknown
	at org.openqa.selenium.devtools.Connection.sendAndWait(Connection.java:181)
	at org.openqa.selenium.devtools.DevTools.send(DevTools.java:81)
	at org.openqa.selenium.devtools.idealized.Network.lambda$prepareToInterceptTraffic$3(Network.java:211)
	at org.openqa.selenium.remote.http.Filter.lambda$andFinally$1(Filter.java:55)
	at org.openqa.selenium.devtools.idealized.Network.lambda$prepareToInterceptTraffic$4(Network.java:226)
	at org.openqa.selenium.devtools.Connection.lambda$handle$4(Connection.java:321)
	at java.base/java.util.stream.ForEachOps$ForEachOp$OfRef.accept(ForEachOps.java:183)
	at java.base/java.util.stream.ReferencePipeline$2$1.accept(ReferencePipeline.java:177)
	at java.base/java.util.stream.ReferencePipeline$11$1.accept(ReferencePipeline.java:442)
	at java.base/java.util.HashMap$KeySpliterator.forEachRemaining(HashMap.java:1621)
	at java.base/java.util.stream.AbstractPipeline.copyInto(AbstractPipeline.java:484)
	at java.base/java.util.stream.AbstractPipeline.wrapAndCopyInto(AbstractPipeline.java:474)
	at java.base/java.util.stream.ForEachOps$ForEachOp.evaluateSequential(ForEachOps.java:150)
	at java.base/java.util.stream.ForEachOps$ForEachOp$OfRef.evaluateSequential(ForEachOps.java:173)
	at java.base/java.util.stream.AbstractPipeline.evaluate(AbstractPipeline.java:234)
	at java.base/java.util.stream.ReferencePipeline.forEach(ReferencePipeline.java:497)
	at org.openqa.selenium.devtools.Connection.handle(Connection.java:287)
	at org.openqa.selenium.devtools.Connection.access$200(Connection.java:57)
	at org.openqa.selenium.devtools.Connection$Listener.lambda$onText$0(Connection.java:224)
	at java.base/java.util.concurrent.ThreadPoolExecutor.runWorker(ThreadPoolExecutor.java:1128)
	at java.base/java.util.concurrent.ThreadPoolExecutor$Worker.run(ThreadPoolExecutor.java:628)
	at java.base/java.lang.Thread.run(Thread.java:829)
Caused by: org.openqa.selenium.WebDriverException: {"id":2332,"error":{"code":-32602,"message":"Invalid InterceptionId."},"sessionId":"69DE6D1A85B5D627489871F60443E14A"}
Build info: version: '4.11.0', revision: '040bc5406b'
System info: os.name: 'Windows 10', os.arch: 'amd64', os.version: '10.0', java.version: '11.0.18'
Driver info: driver.version: unknown
	at org.openqa.selenium.devtools.Connection.handle(Connection.java:260)
	... 5 more

Exception in thread "CDP Connection" org.openqa.selenium.devtools.DevToolsException: {"id":2332,"error":{"code":-32602,"message":"Invalid InterceptionId."},"sessionId":"69DE6D1A85B5D627489871F60443E14A"}
Build info: version: '4.11.0', revision: '040bc5406b'
System info: os.name: 'Windows 10', os.arch: 'amd64', os.version: '10.0', java.version: '11.0.18'
Driver info: driver.version: unknown
	at org.openqa.selenium.devtools.Connection$Listener.lambda$onText$0(Connection.java:227)
	at java.base/java.util.concurrent.ThreadPoolExecutor.runWorker(ThreadPoolExecutor.java:1128)
	at java.base/java.util.concurrent.ThreadPoolExecutor$Worker.run(ThreadPoolExecutor.java:628)
	at java.base/java.lang.Thread.run(Thread.java:829)
Caused by: org.openqa.selenium.devtools.DevToolsException: {"id":2332,"error":{"code":-32602,"message":"Invalid InterceptionId."},"sessionId":"69DE6D1A85B5D627489871F60443E14A"}
Build info: version: '4.11.0', revision: '040bc5406b'
System info: os.name: 'Windows 10', os.arch: 'amd64', os.version: '10.0', java.version: '11.0.18'
Driver info: driver.version: unknown
	at org.openqa.selenium.devtools.Connection.sendAndWait(Connection.java:181)
	at org.openqa.selenium.devtools.DevTools.send(DevTools.java:81)
	at org.openqa.selenium.devtools.idealized.Network.lambda$prepareToInterceptTraffic$3(Network.java:211)
	at org.openqa.selenium.remote.http.Filter.lambda$andFinally$1(Filter.java:55)
	at org.openqa.selenium.devtools.idealized.Network.lambda$prepareToInterceptTraffic$4(Network.java:226)
	at org.openqa.selenium.devtools.Connection.lambda$handle$4(Connection.java:321)
	at java.base/java.util.stream.ForEachOps$ForEachOp$OfRef.accept(ForEachOps.java:183)
	at java.base/java.util.stream.ReferencePipeline$2$1.accept(ReferencePipeline.java:177)
	at java.base/java.util.stream.ReferencePipeline$11$1.accept(ReferencePipeline.java:442)
	at java.base/java.util.HashMap$KeySpliterator.forEachRemaining(HashMap.java:1621)
	at java.base/java.util.stream.AbstractPipeline.copyInto(AbstractPipeline.java:484)
	at java.base/java.util.stream.AbstractPipeline.wrapAndCopyInto(AbstractPipeline.java:474)
	at java.base/java.util.stream.ForEachOps$ForEachOp.evaluateSequential(ForEachOps.java:150)
	at java.base/java.util.stream.ForEachOps$ForEachOp$OfRef.evaluateSequential(ForEachOps.java:173)
	at java.base/java.util.stream.AbstractPipeline.evaluate(AbstractPipeline.java:234)
	at java.base/java.util.stream.ReferencePipeline.forEach(ReferencePipeline.java:497)
	at org.openqa.selenium.devtools.Connection.handle(Connection.java:287)
	at org.openqa.selenium.devtools.Connection.access$200(Connection.java:57)
	at org.openqa.selenium.devtools.Connection$Listener.lambda$onText$0(Connection.java:224)
	... 3 more
Caused by: org.openqa.selenium.WebDriverException: {"id":2332,"error":{"code":-32602,"message":"Invalid InterceptionId."},"sessionId":"69DE6D1A85B5D627489871F60443E14A"}
Build info: version: '4.11.0', revision: '040bc5406b'
System info: os.name: 'Windows 10', os.arch: 'amd64', os.version: '10.0', java.version: '11.0.18'
Driver info: driver.version: unknown
	at org.openqa.selenium.devtools.Connection.handle(Connection.java:260)
	... 5 more
авг. 16, 2023 4:23:01 PM org.openqa.selenium.devtools.Connection$Listener lambda$onText$0
WARNING: Unable to process: {"method":"Fetch.requestPaused","params":{"requestId":"interception-job-379.0","request":{"url":"http://localhost:8080/","method":"GET","headers":{"Accept":"text/html,application/xhtml+xml,application/xml;q=0.9,image/avif,image/webp,image/apng,*/*;q=0.8,application/signed-exchange;v=b3;q=0.7","Upgrade-Insecure-Requests":"1","User-Agent":"Mozilla/5.0 (Windows NT 10.0; Win64; x64) AppleWebKit/537.36 (KHTML, like Gecko) Chrome/116.0.0.0 Safari/537.36","sec-ch-ua":"\"Chromium\";v=\"116\", \"Not)A;Brand\";v=\"24\", \"Google Chrome\";v=\"116\"","sec-ch-ua-mobile":"?0","sec-ch-ua-platform":"\"Windows\""},"initialPriority":"VeryHigh","referrerPolicy":"strict-origin-when-cross-origin"},"frameId":"D165F02B89151667DFD1BF49856829E7","resourceType":"Document","responseStatusCode":200,"responseStatusText":"","responseHeaders":[{"name":"Vary","value":"Origin"},{"name":"Vary","value":"Access-Control-Request-Method"},{"name":"Vary","value":"Access-Control-Request-Headers"},{"name":"Last-Modified","value":"Thu, 03 Aug 2023 10:18:16 GMT"},{"name":"Date","value":"Wed, 16 Aug 2023 13:23:01 GMT"},{"name":"Accept-Ranges","value":"bytes"},{"name":"Content-Type","value":"text/html"},{"name":"Content-Language","value":"ru-RU"},{"name":"Content-Length","value":"2308"}]},"sessionId":"69DE6D1A85B5D627489871F60443E14A"}
org.openqa.selenium.devtools.DevToolsException: {"id":2339,"error":{"code":-32602,"message":"Invalid InterceptionId."},"sessionId":"69DE6D1A85B5D627489871F60443E14A"}
Build info: version: '4.11.0', revision: '040bc5406b'
System info: os.name: 'Windows 10', os.arch: 'amd64', os.version: '10.0', java.version: '11.0.18'
Driver info: driver.version: unknown
	at org.openqa.selenium.devtools.Connection.sendAndWait(Connection.java:181)
	at org.openqa.selenium.devtools.DevTools.send(DevTools.java:81)
	at org.openqa.selenium.devtools.idealized.Network.lambda$prepareToInterceptTraffic$4(Network.java:194)
	at org.openqa.selenium.devtools.Connection.lambda$handle$4(Connection.java:321)
	at java.base/java.util.stream.ForEachOps$ForEachOp$OfRef.accept(ForEachOps.java:183)
	at java.base/java.util.stream.ReferencePipeline$2$1.accept(ReferencePipeline.java:177)
	at java.base/java.util.stream.ReferencePipeline$11$1.accept(ReferencePipeline.java:442)
	at java.base/java.util.HashMap$KeySpliterator.forEachRemaining(HashMap.java:1621)
	at java.base/java.util.stream.AbstractPipeline.copyInto(AbstractPipeline.java:484)
	at java.base/java.util.stream.AbstractPipeline.wrapAndCopyInto(AbstractPipeline.java:474)
	at java.base/java.util.stream.ForEachOps$ForEachOp.evaluateSequential(ForEachOps.java:150)
	at java.base/java.util.stream.ForEachOps$ForEachOp$OfRef.evaluateSequential(ForEachOps.java:173)
	at java.base/java.util.stream.AbstractPipeline.evaluate(AbstractPipeline.java:234)
	at java.base/java.util.stream.ReferencePipeline.forEach(ReferencePipeline.java:497)
	at org.openqa.selenium.devtools.Connection.handle(Connection.java:287)
	at org.openqa.selenium.devtools.Connection.access$200(Connection.java:57)
	at org.openqa.selenium.devtools.Connection$Listener.lambda$onText$0(Connection.java:224)
	at java.base/java.util.concurrent.ThreadPoolExecutor.runWorker(ThreadPoolExecutor.java:1128)
	at java.base/java.util.concurrent.ThreadPoolExecutor$Worker.run(ThreadPoolExecutor.java:628)
	at java.base/java.lang.Thread.run(Thread.java:829)
Caused by: org.openqa.selenium.WebDriverException: {"id":2339,"error":{"code":-32602,"message":"Invalid InterceptionId."},"sessionId":"69DE6D1A85B5D627489871F60443E14A"}
Build info: version: '4.11.0', revision: '040bc5406b'
System info: os.name: 'Windows 10', os.arch: 'amd64', os.version: '10.0', java.version: '11.0.18'
Driver info: driver.version: unknown
	at org.openqa.selenium.devtools.Connection.handle(Connection.java:260)
	... 5 more

Exception in thread "CDP Connection" org.openqa.selenium.devtools.DevToolsException: {"id":2339,"error":{"code":-32602,"message":"Invalid InterceptionId."},"sessionId":"69DE6D1A85B5D627489871F60443E14A"}
Build info: version: '4.11.0', revision: '040bc5406b'
System info: os.name: 'Windows 10', os.arch: 'amd64', os.version: '10.0', java.version: '11.0.18'
Driver info: driver.version: unknown
	at org.openqa.selenium.devtools.Connection$Listener.lambda$onText$0(Connection.java:227)
	at java.base/java.util.concurrent.ThreadPoolExecutor.runWorker(ThreadPoolExecutor.java:1128)
	at java.base/java.util.concurrent.ThreadPoolExecutor$Worker.run(ThreadPoolExecutor.java:628)
	at java.base/java.lang.Thread.run(Thread.java:829)
Caused by: org.openqa.selenium.devtools.DevToolsException: {"id":2339,"error":{"code":-32602,"message":"Invalid InterceptionId."},"sessionId":"69DE6D1A85B5D627489871F60443E14A"}
Build info: version: '4.11.0', revision: '040bc5406b'
System info: os.name: 'Windows 10', os.arch: 'amd64', os.version: '10.0', java.version: '11.0.18'
Driver info: driver.version: unknown
	at org.openqa.selenium.devtools.Connection.sendAndWait(Connection.java:181)
	at org.openqa.selenium.devtools.DevTools.send(DevTools.java:81)
	at org.openqa.selenium.devtools.idealized.Network.lambda$prepareToInterceptTraffic$4(Network.java:194)
	at org.openqa.selenium.devtools.Connection.lambda$handle$4(Connection.java:321)
	at java.base/java.util.stream.ForEachOps$ForEachOp$OfRef.accept(ForEachOps.java:183)
	at java.base/java.util.stream.ReferencePipeline$2$1.accept(ReferencePipeline.java:177)
	at java.base/java.util.stream.ReferencePipeline$11$1.accept(ReferencePipeline.java:442)
	at java.base/java.util.HashMap$KeySpliterator.forEachRemaining(HashMap.java:1621)
	at java.base/java.util.stream.AbstractPipeline.copyInto(AbstractPipeline.java:484)
	at java.base/java.util.stream.AbstractPipeline.wrapAndCopyInto(AbstractPipeline.java:474)
	at java.base/java.util.stream.ForEachOps$ForEachOp.evaluateSequential(ForEachOps.java:150)
	at java.base/java.util.stream.ForEachOps$ForEachOp$OfRef.evaluateSequential(ForEachOps.java:173)
	at java.base/java.util.stream.AbstractPipeline.evaluate(AbstractPipeline.java:234)
	at java.base/java.util.stream.ReferencePipeline.forEach(ReferencePipeline.java:497)
	at org.openqa.selenium.devtools.Connection.handle(Connection.java:287)
	at org.openqa.selenium.devtools.Connection.access$200(Connection.java:57)
	at org.openqa.selenium.devtools.Connection$Listener.lambda$onText$0(Connection.java:224)
	... 3 more
Caused by: org.openqa.selenium.WebDriverException: {"id":2339,"error":{"code":-32602,"message":"Invalid InterceptionId."},"sessionId":"69DE6D1A85B5D627489871F60443E14A"}
Build info: version: '4.11.0', revision: '040bc5406b'
System info: os.name: 'Windows 10', os.arch: 'amd64', os.version: '10.0', java.version: '11.0.18'
Driver info: driver.version: unknown
	at org.openqa.selenium.devtools.Connection.handle(Connection.java:260)
	... 5 more
авг. 16, 2023 4:23:01 PM org.openqa.selenium.devtools.Connection$Listener lambda$onText$0
WARNING: Unable to process: {"method":"Fetch.requestPaused","params":{"requestId":"interception-job-379.0","request":{"url":"http://localhost:8080/","method":"GET","headers":{"Accept":"text/html,application/xhtml+xml,application/xml;q=0.9,image/avif,image/webp,image/apng,*/*;q=0.8,application/signed-exchange;v=b3;q=0.7","Upgrade-Insecure-Requests":"1","User-Agent":"Mozilla/5.0 (Windows NT 10.0; Win64; x64) AppleWebKit/537.36 (KHTML, like Gecko) Chrome/116.0.0.0 Safari/537.36","sec-ch-ua":"\"Chromium\";v=\"116\", \"Not)A;Brand\";v=\"24\", \"Google Chrome\";v=\"116\"","sec-ch-ua-mobile":"?0","sec-ch-ua-platform":"\"Windows\""},"initialPriority":"VeryHigh","referrerPolicy":"strict-origin-when-cross-origin"},"frameId":"D165F02B89151667DFD1BF49856829E7","resourceType":"Document"},"sessionId":"69DE6D1A85B5D627489871F60443E14A"}
org.openqa.selenium.devtools.DevToolsException: {"id":2340,"error":{"code":-32602,"message":"Invalid InterceptionId."},"sessionId":"69DE6D1A85B5D627489871F60443E14A"}
Build info: version: '4.11.0', revision: '040bc5406b'
System info: os.name: 'Windows 10', os.arch: 'amd64', os.version: '10.0', java.version: '11.0.18'
Driver info: driver.version: unknown
	at org.openqa.selenium.devtools.Connection.sendAndWait(Connection.java:181)
	at org.openqa.selenium.devtools.DevTools.send(DevTools.java:81)
	at org.openqa.selenium.devtools.idealized.Network.lambda$prepareToInterceptTraffic$3(Network.java:211)
	at org.openqa.selenium.remote.http.Filter.lambda$andFinally$1(Filter.java:55)
	at org.openqa.selenium.devtools.idealized.Network.lambda$prepareToInterceptTraffic$4(Network.java:226)
	at org.openqa.selenium.devtools.Connection.lambda$handle$4(Connection.java:321)
	at java.base/java.util.stream.ForEachOps$ForEachOp$OfRef.accept(ForEachOps.java:183)
	at java.base/java.util.stream.ReferencePipeline$2$1.accept(ReferencePipeline.java:177)
	at java.base/java.util.stream.ReferencePipeline$11$1.accept(ReferencePipeline.java:442)
	at java.base/java.util.HashMap$KeySpliterator.forEachRemaining(HashMap.java:1621)
	at java.base/java.util.stream.AbstractPipeline.copyInto(AbstractPipeline.java:484)
	at java.base/java.util.stream.AbstractPipeline.wrapAndCopyInto(AbstractPipeline.java:474)
	at java.base/java.util.stream.ForEachOps$ForEachOp.evaluateSequential(ForEachOps.java:150)
	at java.base/java.util.stream.ForEachOps$ForEachOp$OfRef.evaluateSequential(ForEachOps.java:173)
	at java.base/java.util.stream.AbstractPipeline.evaluate(AbstractPipeline.java:234)
	at java.base/java.util.stream.ReferencePipeline.forEach(ReferencePipeline.java:497)
	at org.openqa.selenium.devtools.Connection.handle(Connection.java:287)
	at org.openqa.selenium.devtools.Connection.access$200(Connection.java:57)
	at org.openqa.selenium.devtools.Connection$Listener.lambda$onText$0(Connection.java:224)
	at java.base/java.util.concurrent.ThreadPoolExecutor.runWorker(ThreadPoolExecutor.java:1128)
	at java.base/java.util.concurrent.ThreadPoolExecutor$Worker.run(ThreadPoolExecutor.java:628)
	at java.base/java.lang.Thread.run(Thread.java:829)
Caused by: org.openqa.selenium.WebDriverException: {"id":2340,"error":{"code":-32602,"message":"Invalid InterceptionId."},"sessionId":"69DE6D1A85B5D627489871F60443E14A"}
Build info: version: '4.11.0', revision: '040bc5406b'
System info: os.name: 'Windows 10', os.arch: 'amd64', os.version: '10.0', java.version: '11.0.18'
Driver info: driver.version: unknown
	at org.openqa.selenium.devtools.Connection.handle(Connection.java:260)
	... 5 more

Exception in thread "CDP Connection" org.openqa.selenium.devtools.DevToolsException: {"id":2340,"error":{"code":-32602,"message":"Invalid InterceptionId."},"sessionId":"69DE6D1A85B5D627489871F60443E14A"}
Build info: version: '4.11.0', revision: '040bc5406b'
System info: os.name: 'Windows 10', os.arch: 'amd64', os.version: '10.0', java.version: '11.0.18'
Driver info: driver.version: unknown
	at org.openqa.selenium.devtools.Connection$Listener.lambda$onText$0(Connection.java:227)
	at java.base/java.util.concurrent.ThreadPoolExecutor.runWorker(ThreadPoolExecutor.java:1128)
	at java.base/java.util.concurrent.ThreadPoolExecutor$Worker.run(ThreadPoolExecutor.java:628)
	at java.base/java.lang.Thread.run(Thread.java:829)
Caused by: org.openqa.selenium.devtools.DevToolsException: {"id":2340,"error":{"code":-32602,"message":"Invalid InterceptionId."},"sessionId":"69DE6D1A85B5D627489871F60443E14A"}
Build info: version: '4.11.0', revision: '040bc5406b'
System info: os.name: 'Windows 10', os.arch: 'amd64', os.version: '10.0', java.version: '11.0.18'
Driver info: driver.version: unknown
	at org.openqa.selenium.devtools.Connection.sendAndWait(Connection.java:181)
	at org.openqa.selenium.devtools.DevTools.send(DevTools.java:81)
	at org.openqa.selenium.devtools.idealized.Network.lambda$prepareToInterceptTraffic$3(Network.java:211)
	at org.openqa.selenium.remote.http.Filter.lambda$andFinally$1(Filter.java:55)
	at org.openqa.selenium.devtools.idealized.Network.lambda$prepareToInterceptTraffic$4(Network.java:226)
	at org.openqa.selenium.devtools.Connection.lambda$handle$4(Connection.java:321)
	at java.base/java.util.stream.ForEachOps$ForEachOp$OfRef.accept(ForEachOps.java:183)
	at java.base/java.util.stream.ReferencePipeline$2$1.accept(ReferencePipeline.java:177)
	at java.base/java.util.stream.ReferencePipeline$11$1.accept(ReferencePipeline.java:442)
	at java.base/java.util.HashMap$KeySpliterator.forEachRemaining(HashMap.java:1621)
	at java.base/java.util.stream.AbstractPipeline.copyInto(AbstractPipeline.java:484)
	at java.base/java.util.stream.AbstractPipeline.wrapAndCopyInto(AbstractPipeline.java:474)
	at java.base/java.util.stream.ForEachOps$ForEachOp.evaluateSequential(ForEachOps.java:150)
	at java.base/java.util.stream.ForEachOps$ForEachOp$OfRef.evaluateSequential(ForEachOps.java:173)
	at java.base/java.util.stream.AbstractPipeline.evaluate(AbstractPipeline.java:234)
	at java.base/java.util.stream.ReferencePipeline.forEach(ReferencePipeline.java:497)
	at org.openqa.selenium.devtools.Connection.handle(Connection.java:287)
	at org.openqa.selenium.devtools.Connection.access$200(Connection.java:57)
	at org.openqa.selenium.devtools.Connection$Listener.lambda$onText$0(Connection.java:224)
	... 3 more
Caused by: org.openqa.selenium.WebDriverException: {"id":2340,"error":{"code":-32602,"message":"Invalid InterceptionId."},"sessionId":"69DE6D1A85B5D627489871F60443E14A"}
Build info: version: '4.11.0', revision: '040bc5406b'
System info: os.name: 'Windows 10', os.arch: 'amd64', os.version: '10.0', java.version: '11.0.18'
Driver info: driver.version: unknown
	at org.openqa.selenium.devtools.Connection.handle(Connection.java:260)
	... 5 more
авг. 16, 2023 4:23:01 PM org.openqa.selenium.devtools.Connection$Listener lambda$onText$0
WARNING: Unable to process: {"method":"Fetch.requestPaused","params":{"requestId":"interception-job-381.0","request":{"url":"http://localhost:8080/static/css/main.8978894b.chunk.css","method":"GET","headers":{"Accept":"text/css,*/*;q=0.1","Referer":"http://localhost:8080/","User-Agent":"Mozilla/5.0 (Windows NT 10.0; Win64; x64) AppleWebKit/537.36 (KHTML, like Gecko) Chrome/116.0.0.0 Safari/537.36","sec-ch-ua":"\"Chromium\";v=\"116\", \"Not)A;Brand\";v=\"24\", \"Google Chrome\";v=\"116\"","sec-ch-ua-mobile":"?0","sec-ch-ua-platform":"\"Windows\""},"initialPriority":"VeryHigh","referrerPolicy":"unsafe-url"},"frameId":"D165F02B89151667DFD1BF49856829E7","resourceType":"Stylesheet","responseStatusCode":200,"responseStatusText":"","responseHeaders":[{"name":"Vary","value":"Origin"},{"name":"Vary","value":"Access-Control-Request-Method"},{"name":"Vary","value":"Access-Control-Request-Headers"},{"name":"Last-Modified","value":"Thu, 03 Aug 2023 10:18:16 GMT"},{"name":"Accept-Ranges","value":"bytes"},{"name":"Content-Type","value":"text/css"},{"name":"Content-Length","value":"700"},{"name":"Date","value":"Wed, 16 Aug 2023 13:20:22 GMT"}]},"sessionId":"69DE6D1A85B5D627489871F60443E14A"}
org.openqa.selenium.devtools.DevToolsException: {"id":2351,"error":{"code":-32602,"message":"Invalid InterceptionId."},"sessionId":"69DE6D1A85B5D627489871F60443E14A"}
Build info: version: '4.11.0', revision: '040bc5406b'
System info: os.name: 'Windows 10', os.arch: 'amd64', os.version: '10.0', java.version: '11.0.18'
Driver info: driver.version: unknown
	at org.openqa.selenium.devtools.Connection.sendAndWait(Connection.java:181)
	at org.openqa.selenium.devtools.DevTools.send(DevTools.java:81)
	at org.openqa.selenium.devtools.idealized.Network.lambda$prepareToInterceptTraffic$4(Network.java:194)
	at org.openqa.selenium.devtools.Connection.lambda$handle$4(Connection.java:321)
	at java.base/java.util.stream.ForEachOps$ForEachOp$OfRef.accept(ForEachOps.java:183)
	at java.base/java.util.stream.ReferencePipeline$2$1.accept(ReferencePipeline.java:177)
	at java.base/java.util.stream.ReferencePipeline$11$1.accept(ReferencePipeline.java:442)
	at java.base/java.util.HashMap$KeySpliterator.forEachRemaining(HashMap.java:1621)
	at java.base/java.util.stream.AbstractPipeline.copyInto(AbstractPipeline.java:484)
	at java.base/java.util.stream.AbstractPipeline.wrapAndCopyInto(AbstractPipeline.java:474)
	at java.base/java.util.stream.ForEachOps$ForEachOp.evaluateSequential(ForEachOps.java:150)
	at java.base/java.util.stream.ForEachOps$ForEachOp$OfRef.evaluateSequential(ForEachOps.java:173)
	at java.base/java.util.stream.AbstractPipeline.evaluate(AbstractPipeline.java:234)
	at java.base/java.util.stream.ReferencePipeline.forEach(ReferencePipeline.java:497)
	at org.openqa.selenium.devtools.Connection.handle(Connection.java:287)
	at org.openqa.selenium.devtools.Connection.access$200(Connection.java:57)
	at org.openqa.selenium.devtools.Connection$Listener.lambda$onText$0(Connection.java:224)
	at java.base/java.util.concurrent.ThreadPoolExecutor.runWorker(ThreadPoolExecutor.java:1128)
	at java.base/java.util.concurrent.ThreadPoolExecutor$Worker.run(ThreadPoolExecutor.java:628)
	at java.base/java.lang.Thread.run(Thread.java:829)
Caused by: org.openqa.selenium.WebDriverException: {"id":2351,"error":{"code":-32602,"message":"Invalid InterceptionId."},"sessionId":"69DE6D1A85B5D627489871F60443E14A"}
Build info: version: '4.11.0', revision: '040bc5406b'
System info: os.name: 'Windows 10', os.arch: 'amd64', os.version: '10.0', java.version: '11.0.18'
Driver info: driver.version: unknown
	at org.openqa.selenium.devtools.Connection.handle(Connection.java:260)
	... 5 more

Exception in thread "CDP Connection" org.openqa.selenium.devtools.DevToolsException: {"id":2351,"error":{"code":-32602,"message":"Invalid InterceptionId."},"sessionId":"69DE6D1A85B5D627489871F60443E14A"}
Build info: version: '4.11.0', revision: '040bc5406b'
System info: os.name: 'Windows 10', os.arch: 'amd64', os.version: '10.0', java.version: '11.0.18'
Driver info: driver.version: unknown
	at org.openqa.selenium.devtools.Connection$Listener.lambda$onText$0(Connection.java:227)
	at java.base/java.util.concurrent.ThreadPoolExecutor.runWorker(ThreadPoolExecutor.java:1128)
	at java.base/java.util.concurrent.ThreadPoolExecutor$Worker.run(ThreadPoolExecutor.java:628)
	at java.base/java.lang.Thread.run(Thread.java:829)
Caused by: org.openqa.selenium.devtools.DevToolsException: {"id":2351,"error":{"code":-32602,"message":"Invalid InterceptionId."},"sessionId":"69DE6D1A85B5D627489871F60443E14A"}
Build info: version: '4.11.0', revision: '040bc5406b'
System info: os.name: 'Windows 10', os.arch: 'amd64', os.version: '10.0', java.version: '11.0.18'
Driver info: driver.version: unknown
	at org.openqa.selenium.devtools.Connection.sendAndWait(Connection.java:181)
	at org.openqa.selenium.devtools.DevTools.send(DevTools.java:81)
	at org.openqa.selenium.devtools.idealized.Network.lambda$prepareToInterceptTraffic$4(Network.java:194)
	at org.openqa.selenium.devtools.Connection.lambda$handle$4(Connection.java:321)
	at java.base/java.util.stream.ForEachOps$ForEachOp$OfRef.accept(ForEachOps.java:183)
	at java.base/java.util.stream.ReferencePipeline$2$1.accept(ReferencePipeline.java:177)
	at java.base/java.util.stream.ReferencePipeline$11$1.accept(ReferencePipeline.java:442)
	at java.base/java.util.HashMap$KeySpliterator.forEachRemaining(HashMap.java:1621)
	at java.base/java.util.stream.AbstractPipeline.copyInto(AbstractPipeline.java:484)
	at java.base/java.util.stream.AbstractPipeline.wrapAndCopyInto(AbstractPipeline.java:474)
	at java.base/java.util.stream.ForEachOps$ForEachOp.evaluateSequential(ForEachOps.java:150)
	at java.base/java.util.stream.ForEachOps$ForEachOp$OfRef.evaluateSequential(ForEachOps.java:173)
	at java.base/java.util.stream.AbstractPipeline.evaluate(AbstractPipeline.java:234)
	at java.base/java.util.stream.ReferencePipeline.forEach(ReferencePipeline.java:497)
	at org.openqa.selenium.devtools.Connection.handle(Connection.java:287)
	at org.openqa.selenium.devtools.Connection.access$200(Connection.java:57)
	at org.openqa.selenium.devtools.Connection$Listener.lambda$onText$0(Connection.java:224)
	... 3 more
Caused by: org.openqa.selenium.WebDriverException: {"id":2351,"error":{"code":-32602,"message":"Invalid InterceptionId."},"sessionId":"69DE6D1A85B5D627489871F60443E14A"}
Build info: version: '4.11.0', revision: '040bc5406b'
System info: os.name: 'Windows 10', os.arch: 'amd64', os.version: '10.0', java.version: '11.0.18'
Driver info: driver.version: unknown
	at org.openqa.selenium.devtools.Connection.handle(Connection.java:260)
	... 5 more
авг. 16, 2023 4:23:01 PM org.openqa.selenium.devtools.Connection$Listener lambda$onText$0
WARNING: Unable to process: {"method":"Fetch.requestPaused","params":{"requestId":"interception-job-381.0","request":{"url":"http://localhost:8080/static/css/main.8978894b.chunk.css","method":"GET","headers":{"Accept":"text/css,*/*;q=0.1","Referer":"http://localhost:8080/","User-Agent":"Mozilla/5.0 (Windows NT 10.0; Win64; x64) AppleWebKit/537.36 (KHTML, like Gecko) Chrome/116.0.0.0 Safari/537.36","sec-ch-ua":"\"Chromium\";v=\"116\", \"Not)A;Brand\";v=\"24\", \"Google Chrome\";v=\"116\"","sec-ch-ua-mobile":"?0","sec-ch-ua-platform":"\"Windows\""},"initialPriority":"VeryHigh","referrerPolicy":"strict-origin-when-cross-origin"},"frameId":"D165F02B89151667DFD1BF49856829E7","resourceType":"Stylesheet"},"sessionId":"69DE6D1A85B5D627489871F60443E14A"}
org.openqa.selenium.devtools.DevToolsException: {"id":2352,"error":{"code":-32602,"message":"Invalid InterceptionId."},"sessionId":"69DE6D1A85B5D627489871F60443E14A"}
Build info: version: '4.11.0', revision: '040bc5406b'
System info: os.name: 'Windows 10', os.arch: 'amd64', os.version: '10.0', java.version: '11.0.18'
Driver info: driver.version: unknown
	at org.openqa.selenium.devtools.Connection.sendAndWait(Connection.java:181)
	at org.openqa.selenium.devtools.DevTools.send(DevTools.java:81)
	at org.openqa.selenium.devtools.idealized.Network.lambda$prepareToInterceptTraffic$3(Network.java:211)
	at org.openqa.selenium.remote.http.Filter.lambda$andFinally$1(Filter.java:55)
	at org.openqa.selenium.devtools.idealized.Network.lambda$prepareToInterceptTraffic$4(Network.java:226)
	at org.openqa.selenium.devtools.Connection.lambda$handle$4(Connection.java:321)
	at java.base/java.util.stream.ForEachOps$ForEachOp$OfRef.accept(ForEachOps.java:183)
	at java.base/java.util.stream.ReferencePipeline$2$1.accept(ReferencePipeline.java:177)
	at java.base/java.util.stream.ReferencePipeline$11$1.accept(ReferencePipeline.java:442)
	at java.base/java.util.HashMap$KeySpliterator.forEachRemaining(HashMap.java:1621)
	at java.base/java.util.stream.AbstractPipeline.copyInto(AbstractPipeline.java:484)
	at java.base/java.util.stream.AbstractPipeline.wrapAndCopyInto(AbstractPipeline.java:474)
	at java.base/java.util.stream.ForEachOps$ForEachOp.evaluateSequential(ForEachOps.java:150)
	at java.base/java.util.stream.ForEachOps$ForEachOp$OfRef.evaluateSequential(ForEachOps.java:173)
	at java.base/java.util.stream.AbstractPipeline.evaluate(AbstractPipeline.java:234)
	at java.base/java.util.stream.ReferencePipeline.forEach(ReferencePipeline.java:497)
	at org.openqa.selenium.devtools.Connection.handle(Connection.java:287)
	at org.openqa.selenium.devtools.Connection.access$200(Connection.java:57)
	at org.openqa.selenium.devtools.Connection$Listener.lambda$onText$0(Connection.java:224)
	at java.base/java.util.concurrent.ThreadPoolExecutor.runWorker(ThreadPoolExecutor.java:1128)
	at java.base/java.util.concurrent.ThreadPoolExecutor$Worker.run(ThreadPoolExecutor.java:628)
	at java.base/java.lang.Thread.run(Thread.java:829)
Caused by: org.openqa.selenium.WebDriverException: {"id":2352,"error":{"code":-32602,"message":"Invalid InterceptionId."},"sessionId":"69DE6D1A85B5D627489871F60443E14A"}
Build info: version: '4.11.0', revision: '040bc5406b'
System info: os.name: 'Windows 10', os.arch: 'amd64', os.version: '10.0', java.version: '11.0.18'
Driver info: driver.version: unknown
	at org.openqa.selenium.devtools.Connection.handle(Connection.java:260)
	... 5 more

Exception in thread "CDP Connection" org.openqa.selenium.devtools.DevToolsException: {"id":2352,"error":{"code":-32602,"message":"Invalid InterceptionId."},"sessionId":"69DE6D1A85B5D627489871F60443E14A"}
Build info: version: '4.11.0', revision: '040bc5406b'
System info: os.name: 'Windows 10', os.arch: 'amd64', os.version: '10.0', java.version: '11.0.18'
Driver info: driver.version: unknown
	at org.openqa.selenium.devtools.Connection$Listener.lambda$onText$0(Connection.java:227)
	at java.base/java.util.concurrent.ThreadPoolExecutor.runWorker(ThreadPoolExecutor.java:1128)
	at java.base/java.util.concurrent.ThreadPoolExecutor$Worker.run(ThreadPoolExecutor.java:628)
	at java.base/java.lang.Thread.run(Thread.java:829)
Caused by: org.openqa.selenium.devtools.DevToolsException: {"id":2352,"error":{"code":-32602,"message":"Invalid InterceptionId."},"sessionId":"69DE6D1A85B5D627489871F60443E14A"}
Build info: version: '4.11.0', revision: '040bc5406b'
System info: os.name: 'Windows 10', os.arch: 'amd64', os.version: '10.0', java.version: '11.0.18'
Driver info: driver.version: unknown
	at org.openqa.selenium.devtools.Connection.sendAndWait(Connection.java:181)
	at org.openqa.selenium.devtools.DevTools.send(DevTools.java:81)
	at org.openqa.selenium.devtools.idealized.Network.lambda$prepareToInterceptTraffic$3(Network.java:211)
	at org.openqa.selenium.remote.http.Filter.lambda$andFinally$1(Filter.java:55)
	at org.openqa.selenium.devtools.idealized.Network.lambda$prepareToInterceptTraffic$4(Network.java:226)
	at org.openqa.selenium.devtools.Connection.lambda$handle$4(Connection.java:321)
	at java.base/java.util.stream.ForEachOps$ForEachOp$OfRef.accept(ForEachOps.java:183)
	at java.base/java.util.stream.ReferencePipeline$2$1.accept(ReferencePipeline.java:177)
	at java.base/java.util.stream.ReferencePipeline$11$1.accept(ReferencePipeline.java:442)
	at java.base/java.util.HashMap$KeySpliterator.forEachRemaining(HashMap.java:1621)
	at java.base/java.util.stream.AbstractPipeline.copyInto(AbstractPipeline.java:484)
	at java.base/java.util.stream.AbstractPipeline.wrapAndCopyInto(AbstractPipeline.java:474)
	at java.base/java.util.stream.ForEachOps$ForEachOp.evaluateSequential(ForEachOps.java:150)
	at java.base/java.util.stream.ForEachOps$ForEachOp$OfRef.evaluateSequential(ForEachOps.java:173)
	at java.base/java.util.stream.AbstractPipeline.evaluate(AbstractPipeline.java:234)
	at java.base/java.util.stream.ReferencePipeline.forEach(ReferencePipeline.java:497)
	at org.openqa.selenium.devtools.Connection.handle(Connection.java:287)
	at org.openqa.selenium.devtools.Connection.access$200(Connection.java:57)
	at org.openqa.selenium.devtools.Connection$Listener.lambda$onText$0(Connection.java:224)
	... 3 more
Caused by: org.openqa.selenium.WebDriverException: {"id":2352,"error":{"code":-32602,"message":"Invalid InterceptionId."},"sessionId":"69DE6D1A85B5D627489871F60443E14A"}
Build info: version: '4.11.0', revision: '040bc5406b'
System info: os.name: 'Windows 10', os.arch: 'amd64', os.version: '10.0', java.version: '11.0.18'
Driver info: driver.version: unknown
	at org.openqa.selenium.devtools.Connection.handle(Connection.java:260)
	... 5 more
авг. 16, 2023 4:23:01 PM org.openqa.selenium.devtools.Connection$Listener lambda$onText$0
WARNING: Unable to process: {"method":"Fetch.requestPaused","params":{"requestId":"interception-job-383.0","request":{"url":"http://localhost:8080/static/js/main.aab190f3.chunk.js","method":"GET","headers":{"Accept":"*/*","Referer":"http://localhost:8080/","User-Agent":"Mozilla/5.0 (Windows NT 10.0; Win64; x64) AppleWebKit/537.36 (KHTML, like Gecko) Chrome/116.0.0.0 Safari/537.36","sec-ch-ua":"\"Chromium\";v=\"116\", \"Not)A;Brand\";v=\"24\", \"Google Chrome\";v=\"116\"","sec-ch-ua-mobile":"?0","sec-ch-ua-platform":"\"Windows\""},"initialPriority":"High","referrerPolicy":"strict-origin-when-cross-origin"},"frameId":"D165F02B89151667DFD1BF49856829E7","resourceType":"Script"},"sessionId":"69DE6D1A85B5D627489871F60443E14A"}
org.openqa.selenium.devtools.DevToolsException: {"id":2356,"error":{"code":-32602,"message":"Invalid InterceptionId."},"sessionId":"69DE6D1A85B5D627489871F60443E14A"}
Build info: version: '4.11.0', revision: '040bc5406b'
System info: os.name: 'Windows 10', os.arch: 'amd64', os.version: '10.0', java.version: '11.0.18'
Driver info: driver.version: unknown
	at org.openqa.selenium.devtools.Connection.sendAndWait(Connection.java:181)
	at org.openqa.selenium.devtools.DevTools.send(DevTools.java:81)
	at org.openqa.selenium.devtools.idealized.Network.lambda$prepareToInterceptTraffic$3(Network.java:211)
	at org.openqa.selenium.remote.http.Filter.lambda$andFinally$1(Filter.java:55)
	at org.openqa.selenium.devtools.idealized.Network.lambda$prepareToInterceptTraffic$4(Network.java:226)
	at org.openqa.selenium.devtools.Connection.lambda$handle$4(Connection.java:321)
	at java.base/java.util.stream.ForEachOps$ForEachOp$OfRef.accept(ForEachOps.java:183)
	at java.base/java.util.stream.ReferencePipeline$2$1.accept(ReferencePipeline.java:177)
	at java.base/java.util.stream.ReferencePipeline$11$1.accept(ReferencePipeline.java:442)
	at java.base/java.util.HashMap$KeySpliterator.forEachRemaining(HashMap.java:1621)
	at java.base/java.util.stream.AbstractPipeline.copyInto(AbstractPipeline.java:484)
	at java.base/java.util.stream.AbstractPipeline.wrapAndCopyInto(AbstractPipeline.java:474)
	at java.base/java.util.stream.ForEachOps$ForEachOp.evaluateSequential(ForEachOps.java:150)
	at java.base/java.util.stream.ForEachOps$ForEachOp$OfRef.evaluateSequential(ForEachOps.java:173)
	at java.base/java.util.stream.AbstractPipeline.evaluate(AbstractPipeline.java:234)
	at java.base/java.util.stream.ReferencePipeline.forEach(ReferencePipeline.java:497)
	at org.openqa.selenium.devtools.Connection.handle(Connection.java:287)
	at org.openqa.selenium.devtools.Connection.access$200(Connection.java:57)
	at org.openqa.selenium.devtools.Connection$Listener.lambda$onText$0(Connection.java:224)
	at java.base/java.util.concurrent.ThreadPoolExecutor.runWorker(ThreadPoolExecutor.java:1128)
	at java.base/java.util.concurrent.ThreadPoolExecutor$Worker.run(ThreadPoolExecutor.java:628)
	at java.base/java.lang.Thread.run(Thread.java:829)
Caused by: org.openqa.selenium.WebDriverException: {"id":2356,"error":{"code":-32602,"message":"Invalid InterceptionId."},"sessionId":"69DE6D1A85B5D627489871F60443E14A"}
Build info: version: '4.11.0', revision: '040bc5406b'
System info: os.name: 'Windows 10', os.arch: 'amd64', os.version: '10.0', java.version: '11.0.18'
Driver info: driver.version: unknown
	at org.openqa.selenium.devtools.Connection.handle(Connection.java:260)
	... 5 more

Exception in thread "CDP Connection" org.openqa.selenium.devtools.DevToolsException: {"id":2356,"error":{"code":-32602,"message":"Invalid InterceptionId."},"sessionId":"69DE6D1A85B5D627489871F60443E14A"}
Build info: version: '4.11.0', revision: '040bc5406b'
System info: os.name: 'Windows 10', os.arch: 'amd64', os.version: '10.0', java.version: '11.0.18'
Driver info: driver.version: unknown
	at org.openqa.selenium.devtools.Connection$Listener.lambda$onText$0(Connection.java:227)
	at java.base/java.util.concurrent.ThreadPoolExecutor.runWorker(ThreadPoolExecutor.java:1128)
	at java.base/java.util.concurrent.ThreadPoolExecutor$Worker.run(ThreadPoolExecutor.java:628)
	at java.base/java.lang.Thread.run(Thread.java:829)
Caused by: org.openqa.selenium.devtools.DevToolsException: {"id":2356,"error":{"code":-32602,"message":"Invalid InterceptionId."},"sessionId":"69DE6D1A85B5D627489871F60443E14A"}
Build info: version: '4.11.0', revision: '040bc5406b'
System info: os.name: 'Windows 10', os.arch: 'amd64', os.version: '10.0', java.version: '11.0.18'
Driver info: driver.version: unknown
	at org.openqa.selenium.devtools.Connection.sendAndWait(Connection.java:181)
	at org.openqa.selenium.devtools.DevTools.send(DevTools.java:81)
	at org.openqa.selenium.devtools.idealized.Network.lambda$prepareToInterceptTraffic$3(Network.java:211)
	at org.openqa.selenium.remote.http.Filter.lambda$andFinally$1(Filter.java:55)
	at org.openqa.selenium.devtools.idealized.Network.lambda$prepareToInterceptTraffic$4(Network.java:226)
	at org.openqa.selenium.devtools.Connection.lambda$handle$4(Connection.java:321)
	at java.base/java.util.stream.ForEachOps$ForEachOp$OfRef.accept(ForEachOps.java:183)
	at java.base/java.util.stream.ReferencePipeline$2$1.accept(ReferencePipeline.java:177)
	at java.base/java.util.stream.ReferencePipeline$11$1.accept(ReferencePipeline.java:442)
	at java.base/java.util.HashMap$KeySpliterator.forEachRemaining(HashMap.java:1621)
	at java.base/java.util.stream.AbstractPipeline.copyInto(AbstractPipeline.java:484)
	at java.base/java.util.stream.AbstractPipeline.wrapAndCopyInto(AbstractPipeline.java:474)
	at java.base/java.util.stream.ForEachOps$ForEachOp.evaluateSequential(ForEachOps.java:150)
	at java.base/java.util.stream.ForEachOps$ForEachOp$OfRef.evaluateSequential(ForEachOps.java:173)
	at java.base/java.util.stream.AbstractPipeline.evaluate(AbstractPipeline.java:234)
	at java.base/java.util.stream.ReferencePipeline.forEach(ReferencePipeline.java:497)
	at org.openqa.selenium.devtools.Connection.handle(Connection.java:287)
	at org.openqa.selenium.devtools.Connection.access$200(Connection.java:57)
	at org.openqa.selenium.devtools.Connection$Listener.lambda$onText$0(Connection.java:224)
	... 3 more
Caused by: org.openqa.selenium.WebDriverException: {"id":2356,"error":{"code":-32602,"message":"Invalid InterceptionId."},"sessionId":"69DE6D1A85B5D627489871F60443E14A"}
Build info: version: '4.11.0', revision: '040bc5406b'
System info: os.name: 'Windows 10', os.arch: 'amd64', os.version: '10.0', java.version: '11.0.18'
Driver info: driver.version: unknown
	at org.openqa.selenium.devtools.Connection.handle(Connection.java:260)
	... 5 more
авг. 16, 2023 4:23:01 PM org.openqa.selenium.devtools.Connection$Listener lambda$onText$0
WARNING: Unable to process: {"method":"Fetch.requestPaused","params":{"requestId":"interception-job-380.0","request":{"url":"http://localhost:8080/static/css/2.7d875902.chunk.css","method":"GET","headers":{"Accept":"text/css,*/*;q=0.1","Referer":"http://localhost:8080/","User-Agent":"Mozilla/5.0 (Windows NT 10.0; Win64; x64) AppleWebKit/537.36 (KHTML, like Gecko) Chrome/116.0.0.0 Safari/537.36","sec-ch-ua":"\"Chromium\";v=\"116\", \"Not)A;Brand\";v=\"24\", \"Google Chrome\";v=\"116\"","sec-ch-ua-mobile":"?0","sec-ch-ua-platform":"\"Windows\""},"initialPriority":"VeryHigh","referrerPolicy":"unsafe-url"},"frameId":"D165F02B89151667DFD1BF49856829E7","resourceType":"Stylesheet","responseStatusCode":200,"responseStatusText":"","responseHeaders":[{"name":"Vary","value":"Origin"},{"name":"Vary","value":"Access-Control-Request-Method"},{"name":"Vary","value":"Access-Control-Request-Headers"},{"name":"Last-Modified","value":"Thu, 03 Aug 2023 10:18:16 GMT"},{"name":"Accept-Ranges","value":"bytes"},{"name":"Content-Type","value":"text/css"},{"name":"Content-Length","value":"87563"},{"name":"Date","value":"Wed, 16 Aug 2023 13:20:22 GMT"}]},"sessionId":"69DE6D1A85B5D627489871F60443E14A"}
org.openqa.selenium.devtools.DevToolsException: {"id":2359,"error":{"code":-32602,"message":"Invalid InterceptionId."},"sessionId":"69DE6D1A85B5D627489871F60443E14A"}
Build info: version: '4.11.0', revision: '040bc5406b'
System info: os.name: 'Windows 10', os.arch: 'amd64', os.version: '10.0', java.version: '11.0.18'
Driver info: driver.version: unknown
	at org.openqa.selenium.devtools.Connection.sendAndWait(Connection.java:181)
	at org.openqa.selenium.devtools.DevTools.send(DevTools.java:81)
	at org.openqa.selenium.devtools.idealized.Network.lambda$prepareToInterceptTraffic$4(Network.java:194)
	at org.openqa.selenium.devtools.Connection.lambda$handle$4(Connection.java:321)
	at java.base/java.util.stream.ForEachOps$ForEachOp$OfRef.accept(ForEachOps.java:183)
	at java.base/java.util.stream.ReferencePipeline$2$1.accept(ReferencePipeline.java:177)
	at java.base/java.util.stream.ReferencePipeline$11$1.accept(ReferencePipeline.java:442)
	at java.base/java.util.HashMap$KeySpliterator.forEachRemaining(HashMap.java:1621)
	at java.base/java.util.stream.AbstractPipeline.copyInto(AbstractPipeline.java:484)
	at java.base/java.util.stream.AbstractPipeline.wrapAndCopyInto(AbstractPipeline.java:474)
	at java.base/java.util.stream.ForEachOps$ForEachOp.evaluateSequential(ForEachOps.java:150)
	at java.base/java.util.stream.ForEachOps$ForEachOp$OfRef.evaluateSequential(ForEachOps.java:173)
	at java.base/java.util.stream.AbstractPipeline.evaluate(AbstractPipeline.java:234)
	at java.base/java.util.stream.ReferencePipeline.forEach(ReferencePipeline.java:497)
	at org.openqa.selenium.devtools.Connection.handle(Connection.java:287)
	at org.openqa.selenium.devtools.Connection.access$200(Connection.java:57)
	at org.openqa.selenium.devtools.Connection$Listener.lambda$onText$0(Connection.java:224)
	at java.base/java.util.concurrent.ThreadPoolExecutor.runWorker(ThreadPoolExecutor.java:1128)
	at java.base/java.util.concurrent.ThreadPoolExecutor$Worker.run(ThreadPoolExecutor.java:628)
	at java.base/java.lang.Thread.run(Thread.java:829)
Caused by: org.openqa.selenium.WebDriverException: {"id":2359,"error":{"code":-32602,"message":"Invalid InterceptionId."},"sessionId":"69DE6D1A85B5D627489871F60443E14A"}
Build info: version: '4.11.0', revision: '040bc5406b'
System info: os.name: 'Windows 10', os.arch: 'amd64', os.version: '10.0', java.version: '11.0.18'
Driver info: driver.version: unknown
	at org.openqa.selenium.devtools.Connection.handle(Connection.java:260)
	... 5 more

Exception in thread "CDP Connection" org.openqa.selenium.devtools.DevToolsException: {"id":2359,"error":{"code":-32602,"message":"Invalid InterceptionId."},"sessionId":"69DE6D1A85B5D627489871F60443E14A"}
Build info: version: '4.11.0', revision: '040bc5406b'
System info: os.name: 'Windows 10', os.arch: 'amd64', os.version: '10.0', java.version: '11.0.18'
Driver info: driver.version: unknown
	at org.openqa.selenium.devtools.Connection$Listener.lambda$onText$0(Connection.java:227)
	at java.base/java.util.concurrent.ThreadPoolExecutor.runWorker(ThreadPoolExecutor.java:1128)
	at java.base/java.util.concurrent.ThreadPoolExecutor$Worker.run(ThreadPoolExecutor.java:628)
	at java.base/java.lang.Thread.run(Thread.java:829)
Caused by: org.openqa.selenium.devtools.DevToolsException: {"id":2359,"error":{"code":-32602,"message":"Invalid InterceptionId."},"sessionId":"69DE6D1A85B5D627489871F60443E14A"}
Build info: version: '4.11.0', revision: '040bc5406b'
System info: os.name: 'Windows 10', os.arch: 'amd64', os.version: '10.0', java.version: '11.0.18'
Driver info: driver.version: unknown
	at org.openqa.selenium.devtools.Connection.sendAndWait(Connection.java:181)
	at org.openqa.selenium.devtools.DevTools.send(DevTools.java:81)
	at org.openqa.selenium.devtools.idealized.Network.lambda$prepareToInterceptTraffic$4(Network.java:194)
	at org.openqa.selenium.devtools.Connection.lambda$handle$4(Connection.java:321)
	at java.base/java.util.stream.ForEachOps$ForEachOp$OfRef.accept(ForEachOps.java:183)
	at java.base/java.util.stream.ReferencePipeline$2$1.accept(ReferencePipeline.java:177)
	at java.base/java.util.stream.ReferencePipeline$11$1.accept(ReferencePipeline.java:442)
	at java.base/java.util.HashMap$KeySpliterator.forEachRemaining(HashMap.java:1621)
	at java.base/java.util.stream.AbstractPipeline.copyInto(AbstractPipeline.java:484)
	at java.base/java.util.stream.AbstractPipeline.wrapAndCopyInto(AbstractPipeline.java:474)
	at java.base/java.util.stream.ForEachOps$ForEachOp.evaluateSequential(ForEachOps.java:150)
	at java.base/java.util.stream.ForEachOps$ForEachOp$OfRef.evaluateSequential(ForEachOps.java:173)
	at java.base/java.util.stream.AbstractPipeline.evaluate(AbstractPipeline.java:234)
	at java.base/java.util.stream.ReferencePipeline.forEach(ReferencePipeline.java:497)
	at org.openqa.selenium.devtools.Connection.handle(Connection.java:287)
	at org.openqa.selenium.devtools.Connection.access$200(Connection.java:57)
	at org.openqa.selenium.devtools.Connection$Listener.lambda$onText$0(Connection.java:224)
	... 3 more
Caused by: org.openqa.selenium.WebDriverException: {"id":2359,"error":{"code":-32602,"message":"Invalid InterceptionId."},"sessionId":"69DE6D1A85B5D627489871F60443E14A"}
Build info: version: '4.11.0', revision: '040bc5406b'
System info: os.name: 'Windows 10', os.arch: 'amd64', os.version: '10.0', java.version: '11.0.18'
Driver info: driver.version: unknown
	at org.openqa.selenium.devtools.Connection.handle(Connection.java:260)
	... 5 more
авг. 16, 2023 4:23:01 PM org.openqa.selenium.devtools.Connection$Listener lambda$onText$0
WARNING: Unable to process: {"method":"Fetch.requestPaused","params":{"requestId":"interception-job-383.0","request":{"url":"http://localhost:8080/static/js/main.aab190f3.chunk.js","method":"GET","headers":{"Accept":"*/*","Referer":"http://localhost:8080/","User-Agent":"Mozilla/5.0 (Windows NT 10.0; Win64; x64) AppleWebKit/537.36 (KHTML, like Gecko) Chrome/116.0.0.0 Safari/537.36","sec-ch-ua":"\"Chromium\";v=\"116\", \"Not)A;Brand\";v=\"24\", \"Google Chrome\";v=\"116\"","sec-ch-ua-mobile":"?0","sec-ch-ua-platform":"\"Windows\""},"initialPriority":"High","referrerPolicy":"unsafe-url"},"frameId":"D165F02B89151667DFD1BF49856829E7","resourceType":"Script","responseStatusCode":200,"responseStatusText":"","responseHeaders":[{"name":"Vary","value":"Origin"},{"name":"Vary","value":"Access-Control-Request-Method"},{"name":"Vary","value":"Access-Control-Request-Headers"},{"name":"Last-Modified","value":"Thu, 03 Aug 2023 10:18:16 GMT"},{"name":"Accept-Ranges","value":"bytes"},{"name":"Content-Type","value":"application/javascript"},{"name":"Content-Length","value":"9137"},{"name":"Date","value":"Wed, 16 Aug 2023 13:20:22 GMT"}]},"sessionId":"69DE6D1A85B5D627489871F60443E14A"}
org.openqa.selenium.devtools.DevToolsException: {"id":2360,"error":{"code":-32602,"message":"Invalid InterceptionId."},"sessionId":"69DE6D1A85B5D627489871F60443E14A"}
Build info: version: '4.11.0', revision: '040bc5406b'
System info: os.name: 'Windows 10', os.arch: 'amd64', os.version: '10.0', java.version: '11.0.18'
Driver info: driver.version: unknown
	at org.openqa.selenium.devtools.Connection.sendAndWait(Connection.java:181)
	at org.openqa.selenium.devtools.DevTools.send(DevTools.java:81)
	at org.openqa.selenium.devtools.idealized.Network.lambda$prepareToInterceptTraffic$4(Network.java:194)
	at org.openqa.selenium.devtools.Connection.lambda$handle$4(Connection.java:321)
	at java.base/java.util.stream.ForEachOps$ForEachOp$OfRef.accept(ForEachOps.java:183)
	at java.base/java.util.stream.ReferencePipeline$2$1.accept(ReferencePipeline.java:177)
	at java.base/java.util.stream.ReferencePipeline$11$1.accept(ReferencePipeline.java:442)
	at java.base/java.util.HashMap$KeySpliterator.forEachRemaining(HashMap.java:1621)
	at java.base/java.util.stream.AbstractPipeline.copyInto(AbstractPipeline.java:484)
	at java.base/java.util.stream.AbstractPipeline.wrapAndCopyInto(AbstractPipeline.java:474)
	at java.base/java.util.stream.ForEachOps$ForEachOp.evaluateSequential(ForEachOps.java:150)
	at java.base/java.util.stream.ForEachOps$ForEachOp$OfRef.evaluateSequential(ForEachOps.java:173)
	at java.base/java.util.stream.AbstractPipeline.evaluate(AbstractPipeline.java:234)
	at java.base/java.util.stream.ReferencePipeline.forEach(ReferencePipeline.java:497)
	at org.openqa.selenium.devtools.Connection.handle(Connection.java:287)
	at org.openqa.selenium.devtools.Connection.access$200(Connection.java:57)
	at org.openqa.selenium.devtools.Connection$Listener.lambda$onText$0(Connection.java:224)
	at java.base/java.util.concurrent.ThreadPoolExecutor.runWorker(ThreadPoolExecutor.java:1128)
	at java.base/java.util.concurrent.ThreadPoolExecutor$Worker.run(ThreadPoolExecutor.java:628)
	at java.base/java.lang.Thread.run(Thread.java:829)
Caused by: org.openqa.selenium.WebDriverException: {"id":2360,"error":{"code":-32602,"message":"Invalid InterceptionId."},"sessionId":"69DE6D1A85B5D627489871F60443E14A"}
Build info: version: '4.11.0', revision: '040bc5406b'
System info: os.name: 'Windows 10', os.arch: 'amd64', os.version: '10.0', java.version: '11.0.18'
Driver info: driver.version: unknown
	at org.openqa.selenium.devtools.Connection.handle(Connection.java:260)
	... 5 more

Exception in thread "CDP Connection" org.openqa.selenium.devtools.DevToolsException: {"id":2360,"error":{"code":-32602,"message":"Invalid InterceptionId."},"sessionId":"69DE6D1A85B5D627489871F60443E14A"}
Build info: version: '4.11.0', revision: '040bc5406b'
System info: os.name: 'Windows 10', os.arch: 'amd64', os.version: '10.0', java.version: '11.0.18'
Driver info: driver.version: unknown
	at org.openqa.selenium.devtools.Connection$Listener.lambda$onText$0(Connection.java:227)
	at java.base/java.util.concurrent.ThreadPoolExecutor.runWorker(ThreadPoolExecutor.java:1128)
	at java.base/java.util.concurrent.ThreadPoolExecutor$Worker.run(ThreadPoolExecutor.java:628)
	at java.base/java.lang.Thread.run(Thread.java:829)
Caused by: org.openqa.selenium.devtools.DevToolsException: {"id":2360,"error":{"code":-32602,"message":"Invalid InterceptionId."},"sessionId":"69DE6D1A85B5D627489871F60443E14A"}
Build info: version: '4.11.0', revision: '040bc5406b'
System info: os.name: 'Windows 10', os.arch: 'amd64', os.version: '10.0', java.version: '11.0.18'
Driver info: driver.version: unknown
	at org.openqa.selenium.devtools.Connection.sendAndWait(Connection.java:181)
	at org.openqa.selenium.devtools.DevTools.send(DevTools.java:81)
	at org.openqa.selenium.devtools.idealized.Network.lambda$prepareToInterceptTraffic$4(Network.java:194)
	at org.openqa.selenium.devtools.Connection.lambda$handle$4(Connection.java:321)
	at java.base/java.util.stream.ForEachOps$ForEachOp$OfRef.accept(ForEachOps.java:183)
	at java.base/java.util.stream.ReferencePipeline$2$1.accept(ReferencePipeline.java:177)
	at java.base/java.util.stream.ReferencePipeline$11$1.accept(ReferencePipeline.java:442)
	at java.base/java.util.HashMap$KeySpliterator.forEachRemaining(HashMap.java:1621)
	at java.base/java.util.stream.AbstractPipeline.copyInto(AbstractPipeline.java:484)
	at java.base/java.util.stream.AbstractPipeline.wrapAndCopyInto(AbstractPipeline.java:474)
	at java.base/java.util.stream.ForEachOps$ForEachOp.evaluateSequential(ForEachOps.java:150)
	at java.base/java.util.stream.ForEachOps$ForEachOp$OfRef.evaluateSequential(ForEachOps.java:173)
	at java.base/java.util.stream.AbstractPipeline.evaluate(AbstractPipeline.java:234)
	at java.base/java.util.stream.ReferencePipeline.forEach(ReferencePipeline.java:497)
	at org.openqa.selenium.devtools.Connection.handle(Connection.java:287)
	at org.openqa.selenium.devtools.Connection.access$200(Connection.java:57)
	at org.openqa.selenium.devtools.Connection$Listener.lambda$onText$0(Connection.java:224)
	... 3 more
Caused by: org.openqa.selenium.WebDriverException: {"id":2360,"error":{"code":-32602,"message":"Invalid InterceptionId."},"sessionId":"69DE6D1A85B5D627489871F60443E14A"}
Build info: version: '4.11.0', revision: '040bc5406b'
System info: os.name: 'Windows 10', os.arch: 'amd64', os.version: '10.0', java.version: '11.0.18'
Driver info: driver.version: unknown
	at org.openqa.selenium.devtools.Connection.handle(Connection.java:260)
	... 5 more
авг. 16, 2023 4:23:01 PM org.openqa.selenium.devtools.Connection$Listener lambda$onText$0
WARNING: Unable to process: {"method":"Fetch.requestPaused","params":{"requestId":"interception-job-380.0","request":{"url":"http://localhost:8080/static/css/2.7d875902.chunk.css","method":"GET","headers":{"Accept":"text/css,*/*;q=0.1","Referer":"http://localhost:8080/","User-Agent":"Mozilla/5.0 (Windows NT 10.0; Win64; x64) AppleWebKit/537.36 (KHTML, like Gecko) Chrome/116.0.0.0 Safari/537.36","sec-ch-ua":"\"Chromium\";v=\"116\", \"Not)A;Brand\";v=\"24\", \"Google Chrome\";v=\"116\"","sec-ch-ua-mobile":"?0","sec-ch-ua-platform":"\"Windows\""},"initialPriority":"VeryHigh","referrerPolicy":"strict-origin-when-cross-origin"},"frameId":"D165F02B89151667DFD1BF49856829E7","resourceType":"Stylesheet"},"sessionId":"69DE6D1A85B5D627489871F60443E14A"}
org.openqa.selenium.devtools.DevToolsException: {"id":2362,"error":{"code":-32602,"message":"Invalid InterceptionId."},"sessionId":"69DE6D1A85B5D627489871F60443E14A"}
Build info: version: '4.11.0', revision: '040bc5406b'
System info: os.name: 'Windows 10', os.arch: 'amd64', os.version: '10.0', java.version: '11.0.18'
Driver info: driver.version: unknown
	at org.openqa.selenium.devtools.Connection.sendAndWait(Connection.java:181)
	at org.openqa.selenium.devtools.DevTools.send(DevTools.java:81)
	at org.openqa.selenium.devtools.idealized.Network.lambda$prepareToInterceptTraffic$3(Network.java:211)
	at org.openqa.selenium.remote.http.Filter.lambda$andFinally$1(Filter.java:55)
	at org.openqa.selenium.devtools.idealized.Network.lambda$prepareToInterceptTraffic$4(Network.java:226)
	at org.openqa.selenium.devtools.Connection.lambda$handle$4(Connection.java:321)
	at java.base/java.util.stream.ForEachOps$ForEachOp$OfRef.accept(ForEachOps.java:183)
	at java.base/java.util.stream.ReferencePipeline$2$1.accept(ReferencePipeline.java:177)
	at java.base/java.util.stream.ReferencePipeline$11$1.accept(ReferencePipeline.java:442)
	at java.base/java.util.HashMap$KeySpliterator.forEachRemaining(HashMap.java:1621)
	at java.base/java.util.stream.AbstractPipeline.copyInto(AbstractPipeline.java:484)
	at java.base/java.util.stream.AbstractPipeline.wrapAndCopyInto(AbstractPipeline.java:474)
	at java.base/java.util.stream.ForEachOps$ForEachOp.evaluateSequential(ForEachOps.java:150)
	at java.base/java.util.stream.ForEachOps$ForEachOp$OfRef.evaluateSequential(ForEachOps.java:173)
	at java.base/java.util.stream.AbstractPipeline.evaluate(AbstractPipeline.java:234)
	at java.base/java.util.stream.ReferencePipeline.forEach(ReferencePipeline.java:497)
	at org.openqa.selenium.devtools.Connection.handle(Connection.java:287)
	at org.openqa.selenium.devtools.Connection.access$200(Connection.java:57)
	at org.openqa.selenium.devtools.Connection$Listener.lambda$onText$0(Connection.java:224)
	at java.base/java.util.concurrent.ThreadPoolExecutor.runWorker(ThreadPoolExecutor.java:1128)
	at java.base/java.util.concurrent.ThreadPoolExecutor$Worker.run(ThreadPoolExecutor.java:628)
	at java.base/java.lang.Thread.run(Thread.java:829)
Caused by: org.openqa.selenium.WebDriverException: {"id":2362,"error":{"code":-32602,"message":"Invalid InterceptionId."},"sessionId":"69DE6D1A85B5D627489871F60443E14A"}
Build info: version: '4.11.0', revision: '040bc5406b'
System info: os.name: 'Windows 10', os.arch: 'amd64', os.version: '10.0', java.version: '11.0.18'
Driver info: driver.version: unknown
	at org.openqa.selenium.devtools.Connection.handle(Connection.java:260)
	... 5 more

Exception in thread "CDP Connection" org.openqa.selenium.devtools.DevToolsException: {"id":2362,"error":{"code":-32602,"message":"Invalid InterceptionId."},"sessionId":"69DE6D1A85B5D627489871F60443E14A"}
Build info: version: '4.11.0', revision: '040bc5406b'
System info: os.name: 'Windows 10', os.arch: 'amd64', os.version: '10.0', java.version: '11.0.18'
Driver info: driver.version: unknown
	at org.openqa.selenium.devtools.Connection$Listener.lambda$onText$0(Connection.java:227)
	at java.base/java.util.concurrent.ThreadPoolExecutor.runWorker(ThreadPoolExecutor.java:1128)
	at java.base/java.util.concurrent.ThreadPoolExecutor$Worker.run(ThreadPoolExecutor.java:628)
	at java.base/java.lang.Thread.run(Thread.java:829)
Caused by: org.openqa.selenium.devtools.DevToolsException: {"id":2362,"error":{"code":-32602,"message":"Invalid InterceptionId."},"sessionId":"69DE6D1A85B5D627489871F60443E14A"}
Build info: version: '4.11.0', revision: '040bc5406b'
System info: os.name: 'Windows 10', os.arch: 'amd64', os.version: '10.0', java.version: '11.0.18'
Driver info: driver.version: unknown
	at org.openqa.selenium.devtools.Connection.sendAndWait(Connection.java:181)
	at org.openqa.selenium.devtools.DevTools.send(DevTools.java:81)
	at org.openqa.selenium.devtools.idealized.Network.lambda$prepareToInterceptTraffic$3(Network.java:211)
	at org.openqa.selenium.remote.http.Filter.lambda$andFinally$1(Filter.java:55)
	at org.openqa.selenium.devtools.idealized.Network.lambda$prepareToInterceptTraffic$4(Network.java:226)
	at org.openqa.selenium.devtools.Connection.lambda$handle$4(Connection.java:321)
	at java.base/java.util.stream.ForEachOps$ForEachOp$OfRef.accept(ForEachOps.java:183)
	at java.base/java.util.stream.ReferencePipeline$2$1.accept(ReferencePipeline.java:177)
	at java.base/java.util.stream.ReferencePipeline$11$1.accept(ReferencePipeline.java:442)
	at java.base/java.util.HashMap$KeySpliterator.forEachRemaining(HashMap.java:1621)
	at java.base/java.util.stream.AbstractPipeline.copyInto(AbstractPipeline.java:484)
	at java.base/java.util.stream.AbstractPipeline.wrapAndCopyInto(AbstractPipeline.java:474)
	at java.base/java.util.stream.ForEachOps$ForEachOp.evaluateSequential(ForEachOps.java:150)
	at java.base/java.util.stream.ForEachOps$ForEachOp$OfRef.evaluateSequential(ForEachOps.java:173)
	at java.base/java.util.stream.AbstractPipeline.evaluate(AbstractPipeline.java:234)
	at java.base/java.util.stream.ReferencePipeline.forEach(ReferencePipeline.java:497)
	at org.openqa.selenium.devtools.Connection.handle(Connection.java:287)
	at org.openqa.selenium.devtools.Connection.access$200(Connection.java:57)
	at org.openqa.selenium.devtools.Connection$Listener.lambda$onText$0(Connection.java:224)
	... 3 more
Caused by: org.openqa.selenium.WebDriverException: {"id":2362,"error":{"code":-32602,"message":"Invalid InterceptionId."},"sessionId":"69DE6D1A85B5D627489871F60443E14A"}
Build info: version: '4.11.0', revision: '040bc5406b'
System info: os.name: 'Windows 10', os.arch: 'amd64', os.version: '10.0', java.version: '11.0.18'
Driver info: driver.version: unknown
	at org.openqa.selenium.devtools.Connection.handle(Connection.java:260)
	... 5 more
авг. 16, 2023 4:23:01 PM org.openqa.selenium.devtools.Connection$Listener lambda$onText$0
WARNING: Unable to process: {"method":"Fetch.requestPaused","params":{"requestId":"interception-job-382.0","request":{"url":"http://localhost:8080/static/js/2.0716afe8.chunk.js","method":"GET","headers":{"Accept":"*/*","Referer":"http://localhost:8080/","User-Agent":"Mozilla/5.0 (Windows NT 10.0; Win64; x64) AppleWebKit/537.36 (KHTML, like Gecko) Chrome/116.0.0.0 Safari/537.36","sec-ch-ua":"\"Chromium\";v=\"116\", \"Not)A;Brand\";v=\"24\", \"Google Chrome\";v=\"116\"","sec-ch-ua-mobile":"?0","sec-ch-ua-platform":"\"Windows\""},"initialPriority":"High","referrerPolicy":"unsafe-url"},"frameId":"D165F02B89151667DFD1BF49856829E7","resourceType":"Script","responseStatusCode":200,"responseStatusText":"","responseHeaders":[{"name":"Vary","value":"Origin"},{"name":"Vary","value":"Access-Control-Request-Method"},{"name":"Vary","value":"Access-Control-Request-Headers"},{"name":"Last-Modified","value":"Thu, 03 Aug 2023 10:18:16 GMT"},{"name":"Accept-Ranges","value":"bytes"},{"name":"Content-Type","value":"application/javascript"},{"name":"Content-Length","value":"228167"},{"name":"Date","value":"Wed, 16 Aug 2023 13:20:22 GMT"}]},"sessionId":"69DE6D1A85B5D627489871F60443E14A"}
org.openqa.selenium.devtools.DevToolsException: {"id":2364,"error":{"code":-32602,"message":"Invalid InterceptionId."},"sessionId":"69DE6D1A85B5D627489871F60443E14A"}
Build info: version: '4.11.0', revision: '040bc5406b'
System info: os.name: 'Windows 10', os.arch: 'amd64', os.version: '10.0', java.version: '11.0.18'
Driver info: driver.version: unknown
	at org.openqa.selenium.devtools.Connection.sendAndWait(Connection.java:181)
	at org.openqa.selenium.devtools.DevTools.send(DevTools.java:81)
	at org.openqa.selenium.devtools.idealized.Network.lambda$prepareToInterceptTraffic$4(Network.java:194)
	at org.openqa.selenium.devtools.Connection.lambda$handle$4(Connection.java:321)
	at java.base/java.util.stream.ForEachOps$ForEachOp$OfRef.accept(ForEachOps.java:183)
	at java.base/java.util.stream.ReferencePipeline$2$1.accept(ReferencePipeline.java:177)
	at java.base/java.util.stream.ReferencePipeline$11$1.accept(ReferencePipeline.java:442)
	at java.base/java.util.HashMap$KeySpliterator.forEachRemaining(HashMap.java:1621)
	at java.base/java.util.stream.AbstractPipeline.copyInto(AbstractPipeline.java:484)
	at java.base/java.util.stream.AbstractPipeline.wrapAndCopyInto(AbstractPipeline.java:474)
	at java.base/java.util.stream.ForEachOps$ForEachOp.evaluateSequential(ForEachOps.java:150)
	at java.base/java.util.stream.ForEachOps$ForEachOp$OfRef.evaluateSequential(ForEachOps.java:173)
	at java.base/java.util.stream.AbstractPipeline.evaluate(AbstractPipeline.java:234)
	at java.base/java.util.stream.ReferencePipeline.forEach(ReferencePipeline.java:497)
	at org.openqa.selenium.devtools.Connection.handle(Connection.java:287)
	at org.openqa.selenium.devtools.Connection.access$200(Connection.java:57)
	at org.openqa.selenium.devtools.Connection$Listener.lambda$onText$0(Connection.java:224)
	at java.base/java.util.concurrent.ThreadPoolExecutor.runWorker(ThreadPoolExecutor.java:1128)
	at java.base/java.util.concurrent.ThreadPoolExecutor$Worker.run(ThreadPoolExecutor.java:628)
	at java.base/java.lang.Thread.run(Thread.java:829)
Caused by: org.openqa.selenium.WebDriverException: {"id":2364,"error":{"code":-32602,"message":"Invalid InterceptionId."},"sessionId":"69DE6D1A85B5D627489871F60443E14A"}
Build info: version: '4.11.0', revision: '040bc5406b'
System info: os.name: 'Windows 10', os.arch: 'amd64', os.version: '10.0', java.version: '11.0.18'
Driver info: driver.version: unknown
	at org.openqa.selenium.devtools.Connection.handle(Connection.java:260)
	... 5 more

Exception in thread "CDP Connection" org.openqa.selenium.devtools.DevToolsException: {"id":2364,"error":{"code":-32602,"message":"Invalid InterceptionId."},"sessionId":"69DE6D1A85B5D627489871F60443E14A"}
Build info: version: '4.11.0', revision: '040bc5406b'
System info: os.name: 'Windows 10', os.arch: 'amd64', os.version: '10.0', java.version: '11.0.18'
Driver info: driver.version: unknown
	at org.openqa.selenium.devtools.Connection$Listener.lambda$onText$0(Connection.java:227)
	at java.base/java.util.concurrent.ThreadPoolExecutor.runWorker(ThreadPoolExecutor.java:1128)
	at java.base/java.util.concurrent.ThreadPoolExecutor$Worker.run(ThreadPoolExecutor.java:628)
	at java.base/java.lang.Thread.run(Thread.java:829)
Caused by: org.openqa.selenium.devtools.DevToolsException: {"id":2364,"error":{"code":-32602,"message":"Invalid InterceptionId."},"sessionId":"69DE6D1A85B5D627489871F60443E14A"}
Build info: version: '4.11.0', revision: '040bc5406b'
System info: os.name: 'Windows 10', os.arch: 'amd64', os.version: '10.0', java.version: '11.0.18'
Driver info: driver.version: unknown
	at org.openqa.selenium.devtools.Connection.sendAndWait(Connection.java:181)
	at org.openqa.selenium.devtools.DevTools.send(DevTools.java:81)
	at org.openqa.selenium.devtools.idealized.Network.lambda$prepareToInterceptTraffic$4(Network.java:194)
	at org.openqa.selenium.devtools.Connection.lambda$handle$4(Connection.java:321)
	at java.base/java.util.stream.ForEachOps$ForEachOp$OfRef.accept(ForEachOps.java:183)
	at java.base/java.util.stream.ReferencePipeline$2$1.accept(ReferencePipeline.java:177)
	at java.base/java.util.stream.ReferencePipeline$11$1.accept(ReferencePipeline.java:442)
	at java.base/java.util.HashMap$KeySpliterator.forEachRemaining(HashMap.java:1621)
	at java.base/java.util.stream.AbstractPipeline.copyInto(AbstractPipeline.java:484)
	at java.base/java.util.stream.AbstractPipeline.wrapAndCopyInto(AbstractPipeline.java:474)
	at java.base/java.util.stream.ForEachOps$ForEachOp.evaluateSequential(ForEachOps.java:150)
	at java.base/java.util.stream.ForEachOps$ForEachOp$OfRef.evaluateSequential(ForEachOps.java:173)
	at java.base/java.util.stream.AbstractPipeline.evaluate(AbstractPipeline.java:234)
	at java.base/java.util.stream.ReferencePipeline.forEach(ReferencePipeline.java:497)
	at org.openqa.selenium.devtools.Connection.handle(Connection.java:287)
	at org.openqa.selenium.devtools.Connection.access$200(Connection.java:57)
	at org.openqa.selenium.devtools.Connection$Listener.lambda$onText$0(Connection.java:224)
	... 3 more
Caused by: org.openqa.selenium.WebDriverException: {"id":2364,"error":{"code":-32602,"message":"Invalid InterceptionId."},"sessionId":"69DE6D1A85B5D627489871F60443E14A"}
Build info: version: '4.11.0', revision: '040bc5406b'
System info: os.name: 'Windows 10', os.arch: 'amd64', os.version: '10.0', java.version: '11.0.18'
Driver info: driver.version: unknown
	at org.openqa.selenium.devtools.Connection.handle(Connection.java:260)
	... 5 more
авг. 16, 2023 4:23:01 PM org.openqa.selenium.devtools.Connection$Listener lambda$onText$0
WARNING: Unable to process: {"method":"Fetch.requestPaused","params":{"requestId":"interception-job-382.0","request":{"url":"http://localhost:8080/static/js/2.0716afe8.chunk.js","method":"GET","headers":{"Accept":"*/*","Referer":"http://localhost:8080/","User-Agent":"Mozilla/5.0 (Windows NT 10.0; Win64; x64) AppleWebKit/537.36 (KHTML, like Gecko) Chrome/116.0.0.0 Safari/537.36","sec-ch-ua":"\"Chromium\";v=\"116\", \"Not)A;Brand\";v=\"24\", \"Google Chrome\";v=\"116\"","sec-ch-ua-mobile":"?0","sec-ch-ua-platform":"\"Windows\""},"initialPriority":"High","referrerPolicy":"strict-origin-when-cross-origin"},"frameId":"D165F02B89151667DFD1BF49856829E7","resourceType":"Script"},"sessionId":"69DE6D1A85B5D627489871F60443E14A"}
org.openqa.selenium.devtools.DevToolsException: {"id":2365,"error":{"code":-32602,"message":"Invalid InterceptionId."},"sessionId":"69DE6D1A85B5D627489871F60443E14A"}
Build info: version: '4.11.0', revision: '040bc5406b'
System info: os.name: 'Windows 10', os.arch: 'amd64', os.version: '10.0', java.version: '11.0.18'
Driver info: driver.version: unknown
	at org.openqa.selenium.devtools.Connection.sendAndWait(Connection.java:181)
	at org.openqa.selenium.devtools.DevTools.send(DevTools.java:81)
	at org.openqa.selenium.devtools.idealized.Network.lambda$prepareToInterceptTraffic$3(Network.java:211)
	at org.openqa.selenium.remote.http.Filter.lambda$andFinally$1(Filter.java:55)
	at org.openqa.selenium.devtools.idealized.Network.lambda$prepareToInterceptTraffic$4(Network.java:226)
	at org.openqa.selenium.devtools.Connection.lambda$handle$4(Connection.java:321)
	at java.base/java.util.stream.ForEachOps$ForEachOp$OfRef.accept(ForEachOps.java:183)
	at java.base/java.util.stream.ReferencePipeline$2$1.accept(ReferencePipeline.java:177)
	at java.base/java.util.stream.ReferencePipeline$11$1.accept(ReferencePipeline.java:442)
	at java.base/java.util.HashMap$KeySpliterator.forEachRemaining(HashMap.java:1621)
	at java.base/java.util.stream.AbstractPipeline.copyInto(AbstractPipeline.java:484)
	at java.base/java.util.stream.AbstractPipeline.wrapAndCopyInto(AbstractPipeline.java:474)
	at java.base/java.util.stream.ForEachOps$ForEachOp.evaluateSequential(ForEachOps.java:150)
	at java.base/java.util.stream.ForEachOps$ForEachOp$OfRef.evaluateSequential(ForEachOps.java:173)
	at java.base/java.util.stream.AbstractPipeline.evaluate(AbstractPipeline.java:234)
	at java.base/java.util.stream.ReferencePipeline.forEach(ReferencePipeline.java:497)
	at org.openqa.selenium.devtools.Connection.handle(Connection.java:287)
	at org.openqa.selenium.devtools.Connection.access$200(Connection.java:57)
	at org.openqa.selenium.devtools.Connection$Listener.lambda$onText$0(Connection.java:224)
	at java.base/java.util.concurrent.ThreadPoolExecutor.runWorker(ThreadPoolExecutor.java:1128)
	at java.base/java.util.concurrent.ThreadPoolExecutor$Worker.run(ThreadPoolExecutor.java:628)
	at java.base/java.lang.Thread.run(Thread.java:829)
Caused by: org.openqa.selenium.WebDriverException: {"id":2365,"error":{"code":-32602,"message":"Invalid InterceptionId."},"sessionId":"69DE6D1A85B5D627489871F60443E14A"}
Build info: version: '4.11.0', revision: '040bc5406b'
System info: os.name: 'Windows 10', os.arch: 'amd64', os.version: '10.0', java.version: '11.0.18'
Driver info: driver.version: unknown
	at org.openqa.selenium.devtools.Connection.handle(Connection.java:260)
	... 5 more

Exception in thread "CDP Connection" org.openqa.selenium.devtools.DevToolsException: {"id":2365,"error":{"code":-32602,"message":"Invalid InterceptionId."},"sessionId":"69DE6D1A85B5D627489871F60443E14A"}
Build info: version: '4.11.0', revision: '040bc5406b'
System info: os.name: 'Windows 10', os.arch: 'amd64', os.version: '10.0', java.version: '11.0.18'
Driver info: driver.version: unknown
	at org.openqa.selenium.devtools.Connection$Listener.lambda$onText$0(Connection.java:227)
	at java.base/java.util.concurrent.ThreadPoolExecutor.runWorker(ThreadPoolExecutor.java:1128)
	at java.base/java.util.concurrent.ThreadPoolExecutor$Worker.run(ThreadPoolExecutor.java:628)
	at java.base/java.lang.Thread.run(Thread.java:829)
Caused by: org.openqa.selenium.devtools.DevToolsException: {"id":2365,"error":{"code":-32602,"message":"Invalid InterceptionId."},"sessionId":"69DE6D1A85B5D627489871F60443E14A"}
Build info: version: '4.11.0', revision: '040bc5406b'
System info: os.name: 'Windows 10', os.arch: 'amd64', os.version: '10.0', java.version: '11.0.18'
Driver info: driver.version: unknown
	at org.openqa.selenium.devtools.Connection.sendAndWait(Connection.java:181)
	at org.openqa.selenium.devtools.DevTools.send(DevTools.java:81)
	at org.openqa.selenium.devtools.idealized.Network.lambda$prepareToInterceptTraffic$3(Network.java:211)
	at org.openqa.selenium.remote.http.Filter.lambda$andFinally$1(Filter.java:55)
	at org.openqa.selenium.devtools.idealized.Network.lambda$prepareToInterceptTraffic$4(Network.java:226)
	at org.openqa.selenium.devtools.Connection.lambda$handle$4(Connection.java:321)
	at java.base/java.util.stream.ForEachOps$ForEachOp$OfRef.accept(ForEachOps.java:183)
	at java.base/java.util.stream.ReferencePipeline$2$1.accept(ReferencePipeline.java:177)
	at java.base/java.util.stream.ReferencePipeline$11$1.accept(ReferencePipeline.java:442)
	at java.base/java.util.HashMap$KeySpliterator.forEachRemaining(HashMap.java:1621)
	at java.base/java.util.stream.AbstractPipeline.copyInto(AbstractPipeline.java:484)
	at java.base/java.util.stream.AbstractPipeline.wrapAndCopyInto(AbstractPipeline.java:474)
	at java.base/java.util.stream.ForEachOps$ForEachOp.evaluateSequential(ForEachOps.java:150)
	at java.base/java.util.stream.ForEachOps$ForEachOp$OfRef.evaluateSequential(ForEachOps.java:173)
	at java.base/java.util.stream.AbstractPipeline.evaluate(AbstractPipeline.java:234)
	at java.base/java.util.stream.ReferencePipeline.forEach(ReferencePipeline.java:497)
	at org.openqa.selenium.devtools.Connection.handle(Connection.java:287)
	at org.openqa.selenium.devtools.Connection.access$200(Connection.java:57)
	at org.openqa.selenium.devtools.Connection$Listener.lambda$onText$0(Connection.java:224)
	... 3 more
Caused by: org.openqa.selenium.WebDriverException: {"id":2365,"error":{"code":-32602,"message":"Invalid InterceptionId."},"sessionId":"69DE6D1A85B5D627489871F60443E14A"}
Build info: version: '4.11.0', revision: '040bc5406b'
System info: os.name: 'Windows 10', os.arch: 'amd64', os.version: '10.0', java.version: '11.0.18'
Driver info: driver.version: unknown
	at org.openqa.selenium.devtools.Connection.handle(Connection.java:260)
	... 5 more
авг. 16, 2023 4:23:01 PM org.openqa.selenium.devtools.Connection$Listener lambda$onText$0
WARNING: Unable to process: {"method":"Fetch.requestPaused","params":{"requestId":"interception-job-384.0","request":{"url":"http://localhost:8080/static/media/marrakech.869b2a02.jpg","method":"GET","headers":{"Accept":"image/avif,image/webp,image/apng,image/svg+xml,image/*,*/*;q=0.8","Referer":"http://localhost:8080/","User-Agent":"Mozilla/5.0 (Windows NT 10.0; Win64; x64) AppleWebKit/537.36 (KHTML, like Gecko) Chrome/116.0.0.0 Safari/537.36","sec-ch-ua":"\"Chromium\";v=\"116\", \"Not)A;Brand\";v=\"24\", \"Google Chrome\";v=\"116\"","sec-ch-ua-mobile":"?0","sec-ch-ua-platform":"\"Windows\""},"initialPriority":"Low","referrerPolicy":"unsafe-url"},"frameId":"D165F02B89151667DFD1BF49856829E7","resourceType":"Image","responseStatusCode":200,"responseStatusText":"","responseHeaders":[{"name":"Vary","value":"Origin"},{"name":"Vary","value":"Access-Control-Request-Method"},{"name":"Vary","value":"Access-Control-Request-Headers"},{"name":"Last-Modified","value":"Thu, 03 Aug 2023 10:18:16 GMT"},{"name":"Accept-Ranges","value":"bytes"},{"name":"Content-Type","value":"image/jpeg"},{"name":"Content-Length","value":"85240"},{"name":"Date","value":"Wed, 16 Aug 2023 13:20:22 GMT"}]},"sessionId":"69DE6D1A85B5D627489871F60443E14A"}
org.openqa.selenium.devtools.DevToolsException: {"id":2370,"error":{"code":-32602,"message":"Invalid InterceptionId."},"sessionId":"69DE6D1A85B5D627489871F60443E14A"}
Build info: version: '4.11.0', revision: '040bc5406b'
System info: os.name: 'Windows 10', os.arch: 'amd64', os.version: '10.0', java.version: '11.0.18'
Driver info: driver.version: unknown
	at org.openqa.selenium.devtools.Connection.sendAndWait(Connection.java:181)
	at org.openqa.selenium.devtools.DevTools.send(DevTools.java:81)
	at org.openqa.selenium.devtools.idealized.Network.lambda$prepareToInterceptTraffic$4(Network.java:194)
	at org.openqa.selenium.devtools.Connection.lambda$handle$4(Connection.java:321)
	at java.base/java.util.stream.ForEachOps$ForEachOp$OfRef.accept(ForEachOps.java:183)
	at java.base/java.util.stream.ReferencePipeline$2$1.accept(ReferencePipeline.java:177)
	at java.base/java.util.stream.ReferencePipeline$11$1.accept(ReferencePipeline.java:442)
	at java.base/java.util.HashMap$KeySpliterator.forEachRemaining(HashMap.java:1621)
	at java.base/java.util.stream.AbstractPipeline.copyInto(AbstractPipeline.java:484)
	at java.base/java.util.stream.AbstractPipeline.wrapAndCopyInto(AbstractPipeline.java:474)
	at java.base/java.util.stream.ForEachOps$ForEachOp.evaluateSequential(ForEachOps.java:150)
	at java.base/java.util.stream.ForEachOps$ForEachOp$OfRef.evaluateSequential(ForEachOps.java:173)
	at java.base/java.util.stream.AbstractPipeline.evaluate(AbstractPipeline.java:234)
	at java.base/java.util.stream.ReferencePipeline.forEach(ReferencePipeline.java:497)
	at org.openqa.selenium.devtools.Connection.handle(Connection.java:287)
	at org.openqa.selenium.devtools.Connection.access$200(Connection.java:57)
	at org.openqa.selenium.devtools.Connection$Listener.lambda$onText$0(Connection.java:224)
	at java.base/java.util.concurrent.ThreadPoolExecutor.runWorker(ThreadPoolExecutor.java:1128)
	at java.base/java.util.concurrent.ThreadPoolExecutor$Worker.run(ThreadPoolExecutor.java:628)
	at java.base/java.lang.Thread.run(Thread.java:829)
Caused by: org.openqa.selenium.WebDriverException: {"id":2370,"error":{"code":-32602,"message":"Invalid InterceptionId."},"sessionId":"69DE6D1A85B5D627489871F60443E14A"}
Build info: version: '4.11.0', revision: '040bc5406b'
System info: os.name: 'Windows 10', os.arch: 'amd64', os.version: '10.0', java.version: '11.0.18'
Driver info: driver.version: unknown
	at org.openqa.selenium.devtools.Connection.handle(Connection.java:260)
	... 5 more

Exception in thread "CDP Connection" org.openqa.selenium.devtools.DevToolsException: {"id":2370,"error":{"code":-32602,"message":"Invalid InterceptionId."},"sessionId":"69DE6D1A85B5D627489871F60443E14A"}
Build info: version: '4.11.0', revision: '040bc5406b'
System info: os.name: 'Windows 10', os.arch: 'amd64', os.version: '10.0', java.version: '11.0.18'
Driver info: driver.version: unknown
	at org.openqa.selenium.devtools.Connection$Listener.lambda$onText$0(Connection.java:227)
	at java.base/java.util.concurrent.ThreadPoolExecutor.runWorker(ThreadPoolExecutor.java:1128)
	at java.base/java.util.concurrent.ThreadPoolExecutor$Worker.run(ThreadPoolExecutor.java:628)
	at java.base/java.lang.Thread.run(Thread.java:829)
Caused by: org.openqa.selenium.devtools.DevToolsException: {"id":2370,"error":{"code":-32602,"message":"Invalid InterceptionId."},"sessionId":"69DE6D1A85B5D627489871F60443E14A"}
Build info: version: '4.11.0', revision: '040bc5406b'
System info: os.name: 'Windows 10', os.arch: 'amd64', os.version: '10.0', java.version: '11.0.18'
Driver info: driver.version: unknown
	at org.openqa.selenium.devtools.Connection.sendAndWait(Connection.java:181)
	at org.openqa.selenium.devtools.DevTools.send(DevTools.java:81)
	at org.openqa.selenium.devtools.idealized.Network.lambda$prepareToInterceptTraffic$4(Network.java:194)
	at org.openqa.selenium.devtools.Connection.lambda$handle$4(Connection.java:321)
	at java.base/java.util.stream.ForEachOps$ForEachOp$OfRef.accept(ForEachOps.java:183)
	at java.base/java.util.stream.ReferencePipeline$2$1.accept(ReferencePipeline.java:177)
	at java.base/java.util.stream.ReferencePipeline$11$1.accept(ReferencePipeline.java:442)
	at java.base/java.util.HashMap$KeySpliterator.forEachRemaining(HashMap.java:1621)
	at java.base/java.util.stream.AbstractPipeline.copyInto(AbstractPipeline.java:484)
	at java.base/java.util.stream.AbstractPipeline.wrapAndCopyInto(AbstractPipeline.java:474)
	at java.base/java.util.stream.ForEachOps$ForEachOp.evaluateSequential(ForEachOps.java:150)
	at java.base/java.util.stream.ForEachOps$ForEachOp$OfRef.evaluateSequential(ForEachOps.java:173)
	at java.base/java.util.stream.AbstractPipeline.evaluate(AbstractPipeline.java:234)
	at java.base/java.util.stream.ReferencePipeline.forEach(ReferencePipeline.java:497)
	at org.openqa.selenium.devtools.Connection.handle(Connection.java:287)
	at org.openqa.selenium.devtools.Connection.access$200(Connection.java:57)
	at org.openqa.selenium.devtools.Connection$Listener.lambda$onText$0(Connection.java:224)
	... 3 more
Caused by: org.openqa.selenium.WebDriverException: {"id":2370,"error":{"code":-32602,"message":"Invalid InterceptionId."},"sessionId":"69DE6D1A85B5D627489871F60443E14A"}
Build info: version: '4.11.0', revision: '040bc5406b'
System info: os.name: 'Windows 10', os.arch: 'amd64', os.version: '10.0', java.version: '11.0.18'
Driver info: driver.version: unknown
	at org.openqa.selenium.devtools.Connection.handle(Connection.java:260)
	... 5 more
авг. 16, 2023 4:23:01 PM org.openqa.selenium.devtools.Connection$Listener lambda$onText$0
WARNING: Unable to process: {"method":"Fetch.requestPaused","params":{"requestId":"interception-job-384.0","request":{"url":"http://localhost:8080/static/media/marrakech.869b2a02.jpg","method":"GET","headers":{"Accept":"image/avif,image/webp,image/apng,image/svg+xml,image/*,*/*;q=0.8","Referer":"http://localhost:8080/","User-Agent":"Mozilla/5.0 (Windows NT 10.0; Win64; x64) AppleWebKit/537.36 (KHTML, like Gecko) Chrome/116.0.0.0 Safari/537.36","sec-ch-ua":"\"Chromium\";v=\"116\", \"Not)A;Brand\";v=\"24\", \"Google Chrome\";v=\"116\"","sec-ch-ua-mobile":"?0","sec-ch-ua-platform":"\"Windows\""},"initialPriority":"Low","referrerPolicy":"strict-origin-when-cross-origin"},"frameId":"D165F02B89151667DFD1BF49856829E7","resourceType":"Image"},"sessionId":"69DE6D1A85B5D627489871F60443E14A"}
org.openqa.selenium.devtools.DevToolsException: {"id":2371,"error":{"code":-32602,"message":"Invalid InterceptionId."},"sessionId":"69DE6D1A85B5D627489871F60443E14A"}
Build info: version: '4.11.0', revision: '040bc5406b'
System info: os.name: 'Windows 10', os.arch: 'amd64', os.version: '10.0', java.version: '11.0.18'
Driver info: driver.version: unknown
	at org.openqa.selenium.devtools.Connection.sendAndWait(Connection.java:181)
	at org.openqa.selenium.devtools.DevTools.send(DevTools.java:81)
	at org.openqa.selenium.devtools.idealized.Network.lambda$prepareToInterceptTraffic$3(Network.java:211)
	at org.openqa.selenium.remote.http.Filter.lambda$andFinally$1(Filter.java:55)
	at org.openqa.selenium.devtools.idealized.Network.lambda$prepareToInterceptTraffic$4(Network.java:226)
	at org.openqa.selenium.devtools.Connection.lambda$handle$4(Connection.java:321)
	at java.base/java.util.stream.ForEachOps$ForEachOp$OfRef.accept(ForEachOps.java:183)
	at java.base/java.util.stream.ReferencePipeline$2$1.accept(ReferencePipeline.java:177)
	at java.base/java.util.stream.ReferencePipeline$11$1.accept(ReferencePipeline.java:442)
	at java.base/java.util.HashMap$KeySpliterator.forEachRemaining(HashMap.java:1621)
	at java.base/java.util.stream.AbstractPipeline.copyInto(AbstractPipeline.java:484)
	at java.base/java.util.stream.AbstractPipeline.wrapAndCopyInto(AbstractPipeline.java:474)
	at java.base/java.util.stream.ForEachOps$ForEachOp.evaluateSequential(ForEachOps.java:150)
	at java.base/java.util.stream.ForEachOps$ForEachOp$OfRef.evaluateSequential(ForEachOps.java:173)
	at java.base/java.util.stream.AbstractPipeline.evaluate(AbstractPipeline.java:234)
	at java.base/java.util.stream.ReferencePipeline.forEach(ReferencePipeline.java:497)
	at org.openqa.selenium.devtools.Connection.handle(Connection.java:287)
	at org.openqa.selenium.devtools.Connection.access$200(Connection.java:57)
	at org.openqa.selenium.devtools.Connection$Listener.lambda$onText$0(Connection.java:224)
	at java.base/java.util.concurrent.ThreadPoolExecutor.runWorker(ThreadPoolExecutor.java:1128)
	at java.base/java.util.concurrent.ThreadPoolExecutor$Worker.run(ThreadPoolExecutor.java:628)
	at java.base/java.lang.Thread.run(Thread.java:829)
Caused by: org.openqa.selenium.WebDriverException: {"id":2371,"error":{"code":-32602,"message":"Invalid InterceptionId."},"sessionId":"69DE6D1A85B5D627489871F60443E14A"}
Build info: version: '4.11.0', revision: '040bc5406b'
System info: os.name: 'Windows 10', os.arch: 'amd64', os.version: '10.0', java.version: '11.0.18'
Driver info: driver.version: unknown
	at org.openqa.selenium.devtools.Connection.handle(Connection.java:260)
	... 5 more

Exception in thread "CDP Connection" org.openqa.selenium.devtools.DevToolsException: {"id":2371,"error":{"code":-32602,"message":"Invalid InterceptionId."},"sessionId":"69DE6D1A85B5D627489871F60443E14A"}
Build info: version: '4.11.0', revision: '040bc5406b'
System info: os.name: 'Windows 10', os.arch: 'amd64', os.version: '10.0', java.version: '11.0.18'
Driver info: driver.version: unknown
	at org.openqa.selenium.devtools.Connection$Listener.lambda$onText$0(Connection.java:227)
	at java.base/java.util.concurrent.ThreadPoolExecutor.runWorker(ThreadPoolExecutor.java:1128)
	at java.base/java.util.concurrent.ThreadPoolExecutor$Worker.run(ThreadPoolExecutor.java:628)
	at java.base/java.lang.Thread.run(Thread.java:829)
Caused by: org.openqa.selenium.devtools.DevToolsException: {"id":2371,"error":{"code":-32602,"message":"Invalid InterceptionId."},"sessionId":"69DE6D1A85B5D627489871F60443E14A"}
Build info: version: '4.11.0', revision: '040bc5406b'
System info: os.name: 'Windows 10', os.arch: 'amd64', os.version: '10.0', java.version: '11.0.18'
Driver info: driver.version: unknown
	at org.openqa.selenium.devtools.Connection.sendAndWait(Connection.java:181)
	at org.openqa.selenium.devtools.DevTools.send(DevTools.java:81)
	at org.openqa.selenium.devtools.idealized.Network.lambda$prepareToInterceptTraffic$3(Network.java:211)
	at org.openqa.selenium.remote.http.Filter.lambda$andFinally$1(Filter.java:55)
	at org.openqa.selenium.devtools.idealized.Network.lambda$prepareToInterceptTraffic$4(Network.java:226)
	at org.openqa.selenium.devtools.Connection.lambda$handle$4(Connection.java:321)
	at java.base/java.util.stream.ForEachOps$ForEachOp$OfRef.accept(ForEachOps.java:183)
	at java.base/java.util.stream.ReferencePipeline$2$1.accept(ReferencePipeline.java:177)
	at java.base/java.util.stream.ReferencePipeline$11$1.accept(ReferencePipeline.java:442)
	at java.base/java.util.HashMap$KeySpliterator.forEachRemaining(HashMap.java:1621)
	at java.base/java.util.stream.AbstractPipeline.copyInto(AbstractPipeline.java:484)
	at java.base/java.util.stream.AbstractPipeline.wrapAndCopyInto(AbstractPipeline.java:474)
	at java.base/java.util.stream.ForEachOps$ForEachOp.evaluateSequential(ForEachOps.java:150)
	at java.base/java.util.stream.ForEachOps$ForEachOp$OfRef.evaluateSequential(ForEachOps.java:173)
	at java.base/java.util.stream.AbstractPipeline.evaluate(AbstractPipeline.java:234)
	at java.base/java.util.stream.ReferencePipeline.forEach(ReferencePipeline.java:497)
	at org.openqa.selenium.devtools.Connection.handle(Connection.java:287)
	at org.openqa.selenium.devtools.Connection.access$200(Connection.java:57)
	at org.openqa.selenium.devtools.Connection$Listener.lambda$onText$0(Connection.java:224)
	... 3 more
Caused by: org.openqa.selenium.WebDriverException: {"id":2371,"error":{"code":-32602,"message":"Invalid InterceptionId."},"sessionId":"69DE6D1A85B5D627489871F60443E14A"}
Build info: version: '4.11.0', revision: '040bc5406b'
System info: os.name: 'Windows 10', os.arch: 'amd64', os.version: '10.0', java.version: '11.0.18'
Driver info: driver.version: unknown
	at org.openqa.selenium.devtools.Connection.handle(Connection.java:260)
	... 5 more
авг. 16, 2023 4:23:01 PM org.openqa.selenium.devtools.Connection$Listener lambda$onText$0
WARNING: Unable to process: {"method":"Fetch.requestPaused","params":{"requestId":"interception-job-385.0","request":{"url":"http://localhost:8080/manifest.json","method":"GET","headers":{"Accept":"*/*","Referer":"http://localhost:8080/","User-Agent":"Mozilla/5.0 (Windows NT 10.0; Win64; x64) AppleWebKit/537.36 (KHTML, like Gecko) Chrome/116.0.0.0 Safari/537.36","sec-ch-ua":"\"Chromium\";v=\"116\", \"Not)A;Brand\";v=\"24\", \"Google Chrome\";v=\"116\"","sec-ch-ua-mobile":"?0","sec-ch-ua-platform":"\"Windows\""},"initialPriority":"Medium","referrerPolicy":"unsafe-url"},"frameId":"D165F02B89151667DFD1BF49856829E7","resourceType":"Other","responseStatusCode":200,"responseStatusText":"","responseHeaders":[{"name":"Vary","value":"Origin"},{"name":"Vary","value":"Access-Control-Request-Method"},{"name":"Vary","value":"Access-Control-Request-Headers"},{"name":"Last-Modified","value":"Thu, 03 Aug 2023 10:18:16 GMT"},{"name":"Accept-Ranges","value":"bytes"},{"name":"Content-Type","value":"application/json"},{"name":"Content-Length","value":"492"},{"name":"Date","value":"Wed, 16 Aug 2023 13:20:22 GMT"}]},"sessionId":"69DE6D1A85B5D627489871F60443E14A"}
org.openqa.selenium.devtools.DevToolsException: {"id":2378,"error":{"code":-32602,"message":"Invalid InterceptionId."},"sessionId":"69DE6D1A85B5D627489871F60443E14A"}
Build info: version: '4.11.0', revision: '040bc5406b'
System info: os.name: 'Windows 10', os.arch: 'amd64', os.version: '10.0', java.version: '11.0.18'
Driver info: driver.version: unknown
	at org.openqa.selenium.devtools.Connection.sendAndWait(Connection.java:181)
	at org.openqa.selenium.devtools.DevTools.send(DevTools.java:81)
	at org.openqa.selenium.devtools.idealized.Network.lambda$prepareToInterceptTraffic$4(Network.java:194)
	at org.openqa.selenium.devtools.Connection.lambda$handle$4(Connection.java:321)
	at java.base/java.util.stream.ForEachOps$ForEachOp$OfRef.accept(ForEachOps.java:183)
	at java.base/java.util.stream.ReferencePipeline$2$1.accept(ReferencePipeline.java:177)
	at java.base/java.util.stream.ReferencePipeline$11$1.accept(ReferencePipeline.java:442)
	at java.base/java.util.HashMap$KeySpliterator.forEachRemaining(HashMap.java:1621)
	at java.base/java.util.stream.AbstractPipeline.copyInto(AbstractPipeline.java:484)
	at java.base/java.util.stream.AbstractPipeline.wrapAndCopyInto(AbstractPipeline.java:474)
	at java.base/java.util.stream.ForEachOps$ForEachOp.evaluateSequential(ForEachOps.java:150)
	at java.base/java.util.stream.ForEachOps$ForEachOp$OfRef.evaluateSequential(ForEachOps.java:173)
	at java.base/java.util.stream.AbstractPipeline.evaluate(AbstractPipeline.java:234)
	at java.base/java.util.stream.ReferencePipeline.forEach(ReferencePipeline.java:497)
	at org.openqa.selenium.devtools.Connection.handle(Connection.java:287)
	at org.openqa.selenium.devtools.Connection.access$200(Connection.java:57)
	at org.openqa.selenium.devtools.Connection$Listener.lambda$onText$0(Connection.java:224)
	at java.base/java.util.concurrent.ThreadPoolExecutor.runWorker(ThreadPoolExecutor.java:1128)
	at java.base/java.util.concurrent.ThreadPoolExecutor$Worker.run(ThreadPoolExecutor.java:628)
	at java.base/java.lang.Thread.run(Thread.java:829)
Caused by: org.openqa.selenium.WebDriverException: {"id":2378,"error":{"code":-32602,"message":"Invalid InterceptionId."},"sessionId":"69DE6D1A85B5D627489871F60443E14A"}
Build info: version: '4.11.0', revision: '040bc5406b'
System info: os.name: 'Windows 10', os.arch: 'amd64', os.version: '10.0', java.version: '11.0.18'
Driver info: driver.version: unknown
	at org.openqa.selenium.devtools.Connection.handle(Connection.java:260)
	... 5 more

Exception in thread "CDP Connection" org.openqa.selenium.devtools.DevToolsException: {"id":2378,"error":{"code":-32602,"message":"Invalid InterceptionId."},"sessionId":"69DE6D1A85B5D627489871F60443E14A"}
Build info: version: '4.11.0', revision: '040bc5406b'
System info: os.name: 'Windows 10', os.arch: 'amd64', os.version: '10.0', java.version: '11.0.18'
Driver info: driver.version: unknown
	at org.openqa.selenium.devtools.Connection$Listener.lambda$onText$0(Connection.java:227)
	at java.base/java.util.concurrent.ThreadPoolExecutor.runWorker(ThreadPoolExecutor.java:1128)
	at java.base/java.util.concurrent.ThreadPoolExecutor$Worker.run(ThreadPoolExecutor.java:628)
	at java.base/java.lang.Thread.run(Thread.java:829)
Caused by: org.openqa.selenium.devtools.DevToolsException: {"id":2378,"error":{"code":-32602,"message":"Invalid InterceptionId."},"sessionId":"69DE6D1A85B5D627489871F60443E14A"}
Build info: version: '4.11.0', revision: '040bc5406b'
System info: os.name: 'Windows 10', os.arch: 'amd64', os.version: '10.0', java.version: '11.0.18'
Driver info: driver.version: unknown
	at org.openqa.selenium.devtools.Connection.sendAndWait(Connection.java:181)
	at org.openqa.selenium.devtools.DevTools.send(DevTools.java:81)
	at org.openqa.selenium.devtools.idealized.Network.lambda$prepareToInterceptTraffic$4(Network.java:194)
	at org.openqa.selenium.devtools.Connection.lambda$handle$4(Connection.java:321)
	at java.base/java.util.stream.ForEachOps$ForEachOp$OfRef.accept(ForEachOps.java:183)
	at java.base/java.util.stream.ReferencePipeline$2$1.accept(ReferencePipeline.java:177)
	at java.base/java.util.stream.ReferencePipeline$11$1.accept(ReferencePipeline.java:442)
	at java.base/java.util.HashMap$KeySpliterator.forEachRemaining(HashMap.java:1621)
	at java.base/java.util.stream.AbstractPipeline.copyInto(AbstractPipeline.java:484)
	at java.base/java.util.stream.AbstractPipeline.wrapAndCopyInto(AbstractPipeline.java:474)
	at java.base/java.util.stream.ForEachOps$ForEachOp.evaluateSequential(ForEachOps.java:150)
	at java.base/java.util.stream.ForEachOps$ForEachOp$OfRef.evaluateSequential(ForEachOps.java:173)
	at java.base/java.util.stream.AbstractPipeline.evaluate(AbstractPipeline.java:234)
	at java.base/java.util.stream.ReferencePipeline.forEach(ReferencePipeline.java:497)
	at org.openqa.selenium.devtools.Connection.handle(Connection.java:287)
	at org.openqa.selenium.devtools.Connection.access$200(Connection.java:57)
	at org.openqa.selenium.devtools.Connection$Listener.lambda$onText$0(Connection.java:224)
	... 3 more
Caused by: org.openqa.selenium.WebDriverException: {"id":2378,"error":{"code":-32602,"message":"Invalid InterceptionId."},"sessionId":"69DE6D1A85B5D627489871F60443E14A"}
Build info: version: '4.11.0', revision: '040bc5406b'
System info: os.name: 'Windows 10', os.arch: 'amd64', os.version: '10.0', java.version: '11.0.18'
Driver info: driver.version: unknown
	at org.openqa.selenium.devtools.Connection.handle(Connection.java:260)
	... 5 more
авг. 16, 2023 4:23:01 PM org.openqa.selenium.devtools.Connection$Listener lambda$onText$0
WARNING: Unable to process: {"method":"Fetch.requestPaused","params":{"requestId":"interception-job-385.0","request":{"url":"http://localhost:8080/manifest.json","method":"GET","headers":{"Accept":"*/*","Referer":"http://localhost:8080/","User-Agent":"Mozilla/5.0 (Windows NT 10.0; Win64; x64) AppleWebKit/537.36 (KHTML, like Gecko) Chrome/116.0.0.0 Safari/537.36","sec-ch-ua":"\"Chromium\";v=\"116\", \"Not)A;Brand\";v=\"24\", \"Google Chrome\";v=\"116\"","sec-ch-ua-mobile":"?0","sec-ch-ua-platform":"\"Windows\""},"initialPriority":"Medium","referrerPolicy":"strict-origin-when-cross-origin"},"frameId":"D165F02B89151667DFD1BF49856829E7","resourceType":"Other"},"sessionId":"69DE6D1A85B5D627489871F60443E14A"}
org.openqa.selenium.devtools.DevToolsException: {"id":2379,"error":{"code":-32602,"message":"Invalid InterceptionId."},"sessionId":"69DE6D1A85B5D627489871F60443E14A"}
Build info: version: '4.11.0', revision: '040bc5406b'
System info: os.name: 'Windows 10', os.arch: 'amd64', os.version: '10.0', java.version: '11.0.18'
Driver info: driver.version: unknown
	at org.openqa.selenium.devtools.Connection.sendAndWait(Connection.java:181)
	at org.openqa.selenium.devtools.DevTools.send(DevTools.java:81)
	at org.openqa.selenium.devtools.idealized.Network.lambda$prepareToInterceptTraffic$3(Network.java:211)
	at org.openqa.selenium.remote.http.Filter.lambda$andFinally$1(Filter.java:55)
	at org.openqa.selenium.devtools.idealized.Network.lambda$prepareToInterceptTraffic$4(Network.java:226)
	at org.openqa.selenium.devtools.Connection.lambda$handle$4(Connection.java:321)
	at java.base/java.util.stream.ForEachOps$ForEachOp$OfRef.accept(ForEachOps.java:183)
	at java.base/java.util.stream.ReferencePipeline$2$1.accept(ReferencePipeline.java:177)
	at java.base/java.util.stream.ReferencePipeline$11$1.accept(ReferencePipeline.java:442)
	at java.base/java.util.HashMap$KeySpliterator.forEachRemaining(HashMap.java:1621)
	at java.base/java.util.stream.AbstractPipeline.copyInto(AbstractPipeline.java:484)
	at java.base/java.util.stream.AbstractPipeline.wrapAndCopyInto(AbstractPipeline.java:474)
	at java.base/java.util.stream.ForEachOps$ForEachOp.evaluateSequential(ForEachOps.java:150)
	at java.base/java.util.stream.ForEachOps$ForEachOp$OfRef.evaluateSequential(ForEachOps.java:173)
	at java.base/java.util.stream.AbstractPipeline.evaluate(AbstractPipeline.java:234)
	at java.base/java.util.stream.ReferencePipeline.forEach(ReferencePipeline.java:497)
	at org.openqa.selenium.devtools.Connection.handle(Connection.java:287)
	at org.openqa.selenium.devtools.Connection.access$200(Connection.java:57)
	at org.openqa.selenium.devtools.Connection$Listener.lambda$onText$0(Connection.java:224)
	at java.base/java.util.concurrent.ThreadPoolExecutor.runWorker(ThreadPoolExecutor.java:1128)
	at java.base/java.util.concurrent.ThreadPoolExecutor$Worker.run(ThreadPoolExecutor.java:628)
	at java.base/java.lang.Thread.run(Thread.java:829)
Caused by: org.openqa.selenium.WebDriverException: {"id":2379,"error":{"code":-32602,"message":"Invalid InterceptionId."},"sessionId":"69DE6D1A85B5D627489871F60443E14A"}
Build info: version: '4.11.0', revision: '040bc5406b'
System info: os.name: 'Windows 10', os.arch: 'amd64', os.version: '10.0', java.version: '11.0.18'
Driver info: driver.version: unknown
	at org.openqa.selenium.devtools.Connection.handle(Connection.java:260)
	... 5 more

Exception in thread "CDP Connection" org.openqa.selenium.devtools.DevToolsException: {"id":2379,"error":{"code":-32602,"message":"Invalid InterceptionId."},"sessionId":"69DE6D1A85B5D627489871F60443E14A"}
Build info: version: '4.11.0', revision: '040bc5406b'
System info: os.name: 'Windows 10', os.arch: 'amd64', os.version: '10.0', java.version: '11.0.18'
Driver info: driver.version: unknown
	at org.openqa.selenium.devtools.Connection$Listener.lambda$onText$0(Connection.java:227)
	at java.base/java.util.concurrent.ThreadPoolExecutor.runWorker(ThreadPoolExecutor.java:1128)
	at java.base/java.util.concurrent.ThreadPoolExecutor$Worker.run(ThreadPoolExecutor.java:628)
	at java.base/java.lang.Thread.run(Thread.java:829)
Caused by: org.openqa.selenium.devtools.DevToolsException: {"id":2379,"error":{"code":-32602,"message":"Invalid InterceptionId."},"sessionId":"69DE6D1A85B5D627489871F60443E14A"}
Build info: version: '4.11.0', revision: '040bc5406b'
System info: os.name: 'Windows 10', os.arch: 'amd64', os.version: '10.0', java.version: '11.0.18'
Driver info: driver.version: unknown
	at org.openqa.selenium.devtools.Connection.sendAndWait(Connection.java:181)
	at org.openqa.selenium.devtools.DevTools.send(DevTools.java:81)
	at org.openqa.selenium.devtools.idealized.Network.lambda$prepareToInterceptTraffic$3(Network.java:211)
	at org.openqa.selenium.remote.http.Filter.lambda$andFinally$1(Filter.java:55)
	at org.openqa.selenium.devtools.idealized.Network.lambda$prepareToInterceptTraffic$4(Network.java:226)
	at org.openqa.selenium.devtools.Connection.lambda$handle$4(Connection.java:321)
	at java.base/java.util.stream.ForEachOps$ForEachOp$OfRef.accept(ForEachOps.java:183)
	at java.base/java.util.stream.ReferencePipeline$2$1.accept(ReferencePipeline.java:177)
	at java.base/java.util.stream.ReferencePipeline$11$1.accept(ReferencePipeline.java:442)
	at java.base/java.util.HashMap$KeySpliterator.forEachRemaining(HashMap.java:1621)
	at java.base/java.util.stream.AbstractPipeline.copyInto(AbstractPipeline.java:484)
	at java.base/java.util.stream.AbstractPipeline.wrapAndCopyInto(AbstractPipeline.java:474)
	at java.base/java.util.stream.ForEachOps$ForEachOp.evaluateSequential(ForEachOps.java:150)
	at java.base/java.util.stream.ForEachOps$ForEachOp$OfRef.evaluateSequential(ForEachOps.java:173)
	at java.base/java.util.stream.AbstractPipeline.evaluate(AbstractPipeline.java:234)
	at java.base/java.util.stream.ReferencePipeline.forEach(ReferencePipeline.java:497)
	at org.openqa.selenium.devtools.Connection.handle(Connection.java:287)
	at org.openqa.selenium.devtools.Connection.access$200(Connection.java:57)
	at org.openqa.selenium.devtools.Connection$Listener.lambda$onText$0(Connection.java:224)
	... 3 more
Caused by: org.openqa.selenium.WebDriverException: {"id":2379,"error":{"code":-32602,"message":"Invalid InterceptionId."},"sessionId":"69DE6D1A85B5D627489871F60443E14A"}
Build info: version: '4.11.0', revision: '040bc5406b'
System info: os.name: 'Windows 10', os.arch: 'amd64', os.version: '10.0', java.version: '11.0.18'
Driver info: driver.version: unknown
	at org.openqa.selenium.devtools.Connection.handle(Connection.java:260)
	... 5 more
авг. 16, 2023 4:23:01 PM org.openqa.selenium.devtools.Connection$Listener lambda$onText$0
WARNING: Unable to process: {"method":"Fetch.requestPaused","params":{"requestId":"interception-job-386.0","request":{"url":"http://localhost:8080/favicon.ico","method":"GET","headers":{"Accept":"image/avif,image/webp,image/apng,image/svg+xml,image/*,*/*;q=0.8","Referer":"http://localhost:8080/","User-Agent":"Mozilla/5.0 (Windows NT 10.0; Win64; x64) AppleWebKit/537.36 (KHTML, like Gecko) Chrome/116.0.0.0 Safari/537.36","sec-ch-ua":"\"Chromium\";v=\"116\", \"Not)A;Brand\";v=\"24\", \"Google Chrome\";v=\"116\"","sec-ch-ua-mobile":"?0","sec-ch-ua-platform":"\"Windows\""},"initialPriority":"High","referrerPolicy":"unsafe-url"},"frameId":"D165F02B89151667DFD1BF49856829E7","resourceType":"Other","responseStatusCode":200,"responseStatusText":"","responseHeaders":[{"name":"Vary","value":"Origin"},{"name":"Vary","value":"Access-Control-Request-Method"},{"name":"Vary","value":"Access-Control-Request-Headers"},{"name":"Last-Modified","value":"Thu, 03 Aug 2023 10:18:16 GMT"},{"name":"Accept-Ranges","value":"bytes"},{"name":"Content-Type","value":"image/x-icon"},{"name":"Content-Length","value":"4286"},{"name":"Date","value":"Wed, 16 Aug 2023 13:20:23 GMT"}]},"sessionId":"69DE6D1A85B5D627489871F60443E14A"}
org.openqa.selenium.devtools.DevToolsException: {"id":2383,"error":{"code":-32602,"message":"Invalid InterceptionId."},"sessionId":"69DE6D1A85B5D627489871F60443E14A"}
Build info: version: '4.11.0', revision: '040bc5406b'
System info: os.name: 'Windows 10', os.arch: 'amd64', os.version: '10.0', java.version: '11.0.18'
Driver info: driver.version: unknown
	at org.openqa.selenium.devtools.Connection.sendAndWait(Connection.java:181)
	at org.openqa.selenium.devtools.DevTools.send(DevTools.java:81)
	at org.openqa.selenium.devtools.idealized.Network.lambda$prepareToInterceptTraffic$4(Network.java:194)
	at org.openqa.selenium.devtools.Connection.lambda$handle$4(Connection.java:321)
	at java.base/java.util.stream.ForEachOps$ForEachOp$OfRef.accept(ForEachOps.java:183)
	at java.base/java.util.stream.ReferencePipeline$2$1.accept(ReferencePipeline.java:177)
	at java.base/java.util.stream.ReferencePipeline$11$1.accept(ReferencePipeline.java:442)
	at java.base/java.util.HashMap$KeySpliterator.forEachRemaining(HashMap.java:1621)
	at java.base/java.util.stream.AbstractPipeline.copyInto(AbstractPipeline.java:484)
	at java.base/java.util.stream.AbstractPipeline.wrapAndCopyInto(AbstractPipeline.java:474)
	at java.base/java.util.stream.ForEachOps$ForEachOp.evaluateSequential(ForEachOps.java:150)
	at java.base/java.util.stream.ForEachOps$ForEachOp$OfRef.evaluateSequential(ForEachOps.java:173)
	at java.base/java.util.stream.AbstractPipeline.evaluate(AbstractPipeline.java:234)
	at java.base/java.util.stream.ReferencePipeline.forEach(ReferencePipeline.java:497)
	at org.openqa.selenium.devtools.Connection.handle(Connection.java:287)
	at org.openqa.selenium.devtools.Connection.access$200(Connection.java:57)
	at org.openqa.selenium.devtools.Connection$Listener.lambda$onText$0(Connection.java:224)
	at java.base/java.util.concurrent.ThreadPoolExecutor.runWorker(ThreadPoolExecutor.java:1128)
	at java.base/java.util.concurrent.ThreadPoolExecutor$Worker.run(ThreadPoolExecutor.java:628)
	at java.base/java.lang.Thread.run(Thread.java:829)
Caused by: org.openqa.selenium.WebDriverException: {"id":2383,"error":{"code":-32602,"message":"Invalid InterceptionId."},"sessionId":"69DE6D1A85B5D627489871F60443E14A"}
Build info: version: '4.11.0', revision: '040bc5406b'
System info: os.name: 'Windows 10', os.arch: 'amd64', os.version: '10.0', java.version: '11.0.18'
Driver info: driver.version: unknown
	at org.openqa.selenium.devtools.Connection.handle(Connection.java:260)
	... 5 more

Exception in thread "CDP Connection" org.openqa.selenium.devtools.DevToolsException: {"id":2383,"error":{"code":-32602,"message":"Invalid InterceptionId."},"sessionId":"69DE6D1A85B5D627489871F60443E14A"}
Build info: version: '4.11.0', revision: '040bc5406b'
System info: os.name: 'Windows 10', os.arch: 'amd64', os.version: '10.0', java.version: '11.0.18'
Driver info: driver.version: unknown
	at org.openqa.selenium.devtools.Connection$Listener.lambda$onText$0(Connection.java:227)
	at java.base/java.util.concurrent.ThreadPoolExecutor.runWorker(ThreadPoolExecutor.java:1128)
	at java.base/java.util.concurrent.ThreadPoolExecutor$Worker.run(ThreadPoolExecutor.java:628)
	at java.base/java.lang.Thread.run(Thread.java:829)
Caused by: org.openqa.selenium.devtools.DevToolsException: {"id":2383,"error":{"code":-32602,"message":"Invalid InterceptionId."},"sessionId":"69DE6D1A85B5D627489871F60443E14A"}
Build info: version: '4.11.0', revision: '040bc5406b'
System info: os.name: 'Windows 10', os.arch: 'amd64', os.version: '10.0', java.version: '11.0.18'
Driver info: driver.version: unknown
	at org.openqa.selenium.devtools.Connection.sendAndWait(Connection.java:181)
	at org.openqa.selenium.devtools.DevTools.send(DevTools.java:81)
	at org.openqa.selenium.devtools.idealized.Network.lambda$prepareToInterceptTraffic$4(Network.java:194)
	at org.openqa.selenium.devtools.Connection.lambda$handle$4(Connection.java:321)
	at java.base/java.util.stream.ForEachOps$ForEachOp$OfRef.accept(ForEachOps.java:183)
	at java.base/java.util.stream.ReferencePipeline$2$1.accept(ReferencePipeline.java:177)
	at java.base/java.util.stream.ReferencePipeline$11$1.accept(ReferencePipeline.java:442)
	at java.base/java.util.HashMap$KeySpliterator.forEachRemaining(HashMap.java:1621)
	at java.base/java.util.stream.AbstractPipeline.copyInto(AbstractPipeline.java:484)
	at java.base/java.util.stream.AbstractPipeline.wrapAndCopyInto(AbstractPipeline.java:474)
	at java.base/java.util.stream.ForEachOps$ForEachOp.evaluateSequential(ForEachOps.java:150)
	at java.base/java.util.stream.ForEachOps$ForEachOp$OfRef.evaluateSequential(ForEachOps.java:173)
	at java.base/java.util.stream.AbstractPipeline.evaluate(AbstractPipeline.java:234)
	at java.base/java.util.stream.ReferencePipeline.forEach(ReferencePipeline.java:497)
	at org.openqa.selenium.devtools.Connection.handle(Connection.java:287)
	at org.openqa.selenium.devtools.Connection.access$200(Connection.java:57)
	at org.openqa.selenium.devtools.Connection$Listener.lambda$onText$0(Connection.java:224)
	... 3 more
Caused by: org.openqa.selenium.WebDriverException: {"id":2383,"error":{"code":-32602,"message":"Invalid InterceptionId."},"sessionId":"69DE6D1A85B5D627489871F60443E14A"}
Build info: version: '4.11.0', revision: '040bc5406b'
System info: os.name: 'Windows 10', os.arch: 'amd64', os.version: '10.0', java.version: '11.0.18'
Driver info: driver.version: unknown
	at org.openqa.selenium.devtools.Connection.handle(Connection.java:260)
	... 5 more
авг. 16, 2023 4:23:01 PM org.openqa.selenium.devtools.Connection$Listener lambda$onText$0
WARNING: Unable to process: {"method":"Fetch.requestPaused","params":{"requestId":"interception-job-386.0","request":{"url":"http://localhost:8080/favicon.ico","method":"GET","headers":{"Accept":"image/avif,image/webp,image/apng,image/svg+xml,image/*,*/*;q=0.8","Referer":"http://localhost:8080/","User-Agent":"Mozilla/5.0 (Windows NT 10.0; Win64; x64) AppleWebKit/537.36 (KHTML, like Gecko) Chrome/116.0.0.0 Safari/537.36","sec-ch-ua":"\"Chromium\";v=\"116\", \"Not)A;Brand\";v=\"24\", \"Google Chrome\";v=\"116\"","sec-ch-ua-mobile":"?0","sec-ch-ua-platform":"\"Windows\""},"initialPriority":"High","referrerPolicy":"strict-origin-when-cross-origin"},"frameId":"D165F02B89151667DFD1BF49856829E7","resourceType":"Other"},"sessionId":"69DE6D1A85B5D627489871F60443E14A"}
org.openqa.selenium.devtools.DevToolsException: {"id":2384,"error":{"code":-32602,"message":"Invalid InterceptionId."},"sessionId":"69DE6D1A85B5D627489871F60443E14A"}
Build info: version: '4.11.0', revision: '040bc5406b'
System info: os.name: 'Windows 10', os.arch: 'amd64', os.version: '10.0', java.version: '11.0.18'
Driver info: driver.version: unknown
	at org.openqa.selenium.devtools.Connection.sendAndWait(Connection.java:181)
	at org.openqa.selenium.devtools.DevTools.send(DevTools.java:81)
	at org.openqa.selenium.devtools.idealized.Network.lambda$prepareToInterceptTraffic$3(Network.java:211)
	at org.openqa.selenium.remote.http.Filter.lambda$andFinally$1(Filter.java:55)
	at org.openqa.selenium.devtools.idealized.Network.lambda$prepareToInterceptTraffic$4(Network.java:226)
	at org.openqa.selenium.devtools.Connection.lambda$handle$4(Connection.java:321)
	at java.base/java.util.stream.ForEachOps$ForEachOp$OfRef.accept(ForEachOps.java:183)
	at java.base/java.util.stream.ReferencePipeline$2$1.accept(ReferencePipeline.java:177)
	at java.base/java.util.stream.ReferencePipeline$11$1.accept(ReferencePipeline.java:442)
	at java.base/java.util.HashMap$KeySpliterator.forEachRemaining(HashMap.java:1621)
	at java.base/java.util.stream.AbstractPipeline.copyInto(AbstractPipeline.java:484)
	at java.base/java.util.stream.AbstractPipeline.wrapAndCopyInto(AbstractPipeline.java:474)
	at java.base/java.util.stream.ForEachOps$ForEachOp.evaluateSequential(ForEachOps.java:150)
	at java.base/java.util.stream.ForEachOps$ForEachOp$OfRef.evaluateSequential(ForEachOps.java:173)
	at java.base/java.util.stream.AbstractPipeline.evaluate(AbstractPipeline.java:234)
	at java.base/java.util.stream.ReferencePipeline.forEach(ReferencePipeline.java:497)
	at org.openqa.selenium.devtools.Connection.handle(Connection.java:287)
	at org.openqa.selenium.devtools.Connection.access$200(Connection.java:57)
	at org.openqa.selenium.devtools.Connection$Listener.lambda$onText$0(Connection.java:224)
	at java.base/java.util.concurrent.ThreadPoolExecutor.runWorker(ThreadPoolExecutor.java:1128)
	at java.base/java.util.concurrent.ThreadPoolExecutor$Worker.run(ThreadPoolExecutor.java:628)
	at java.base/java.lang.Thread.run(Thread.java:829)
Caused by: org.openqa.selenium.WebDriverException: {"id":2384,"error":{"code":-32602,"message":"Invalid InterceptionId."},"sessionId":"69DE6D1A85B5D627489871F60443E14A"}
Build info: version: '4.11.0', revision: '040bc5406b'
System info: os.name: 'Windows 10', os.arch: 'amd64', os.version: '10.0', java.version: '11.0.18'
Driver info: driver.version: unknown
	at org.openqa.selenium.devtools.Connection.handle(Connection.java:260)
	... 5 more

Exception in thread "CDP Connection" org.openqa.selenium.devtools.DevToolsException: {"id":2384,"error":{"code":-32602,"message":"Invalid InterceptionId."},"sessionId":"69DE6D1A85B5D627489871F60443E14A"}
Build info: version: '4.11.0', revision: '040bc5406b'
System info: os.name: 'Windows 10', os.arch: 'amd64', os.version: '10.0', java.version: '11.0.18'
Driver info: driver.version: unknown
	at org.openqa.selenium.devtools.Connection$Listener.lambda$onText$0(Connection.java:227)
	at java.base/java.util.concurrent.ThreadPoolExecutor.runWorker(ThreadPoolExecutor.java:1128)
	at java.base/java.util.concurrent.ThreadPoolExecutor$Worker.run(ThreadPoolExecutor.java:628)
	at java.base/java.lang.Thread.run(Thread.java:829)
Caused by: org.openqa.selenium.devtools.DevToolsException: {"id":2384,"error":{"code":-32602,"message":"Invalid InterceptionId."},"sessionId":"69DE6D1A85B5D627489871F60443E14A"}
Build info: version: '4.11.0', revision: '040bc5406b'
System info: os.name: 'Windows 10', os.arch: 'amd64', os.version: '10.0', java.version: '11.0.18'
Driver info: driver.version: unknown
	at org.openqa.selenium.devtools.Connection.sendAndWait(Connection.java:181)
	at org.openqa.selenium.devtools.DevTools.send(DevTools.java:81)
	at org.openqa.selenium.devtools.idealized.Network.lambda$prepareToInterceptTraffic$3(Network.java:211)
	at org.openqa.selenium.remote.http.Filter.lambda$andFinally$1(Filter.java:55)
	at org.openqa.selenium.devtools.idealized.Network.lambda$prepareToInterceptTraffic$4(Network.java:226)
	at org.openqa.selenium.devtools.Connection.lambda$handle$4(Connection.java:321)
	at java.base/java.util.stream.ForEachOps$ForEachOp$OfRef.accept(ForEachOps.java:183)
	at java.base/java.util.stream.ReferencePipeline$2$1.accept(ReferencePipeline.java:177)
	at java.base/java.util.stream.ReferencePipeline$11$1.accept(ReferencePipeline.java:442)
	at java.base/java.util.HashMap$KeySpliterator.forEachRemaining(HashMap.java:1621)
	at java.base/java.util.stream.AbstractPipeline.copyInto(AbstractPipeline.java:484)
	at java.base/java.util.stream.AbstractPipeline.wrapAndCopyInto(AbstractPipeline.java:474)
	at java.base/java.util.stream.ForEachOps$ForEachOp.evaluateSequential(ForEachOps.java:150)
	at java.base/java.util.stream.ForEachOps$ForEachOp$OfRef.evaluateSequential(ForEachOps.java:173)
	at java.base/java.util.stream.AbstractPipeline.evaluate(AbstractPipeline.java:234)
	at java.base/java.util.stream.ReferencePipeline.forEach(ReferencePipeline.java:497)
	at org.openqa.selenium.devtools.Connection.handle(Connection.java:287)
	at org.openqa.selenium.devtools.Connection.access$200(Connection.java:57)
	at org.openqa.selenium.devtools.Connection$Listener.lambda$onText$0(Connection.java:224)
	... 3 more
Caused by: org.openqa.selenium.WebDriverException: {"id":2384,"error":{"code":-32602,"message":"Invalid InterceptionId."},"sessionId":"69DE6D1A85B5D627489871F60443E14A"}
Build info: version: '4.11.0', revision: '040bc5406b'
System info: os.name: 'Windows 10', os.arch: 'amd64', os.version: '10.0', java.version: '11.0.18'
Driver info: driver.version: unknown
	at org.openqa.selenium.devtools.Connection.handle(Connection.java:260)
	... 5 more
авг. 16, 2023 4:23:01 PM org.openqa.selenium.devtools.Connection$Listener lambda$onText$0
WARNING: Unable to process: {"method":"Fetch.requestPaused","params":{"requestId":"interception-job-387.0","request":{"url":"http://localhost:8080/logo192.png","method":"GET","headers":{"Accept":"image/avif,image/webp,image/apng,image/svg+xml,image/*,*/*;q=0.8","Referer":"http://localhost:8080/","User-Agent":"Mozilla/5.0 (Windows NT 10.0; Win64; x64) AppleWebKit/537.36 (KHTML, like Gecko) Chrome/116.0.0.0 Safari/537.36","sec-ch-ua":"\"Chromium\";v=\"116\", \"Not)A;Brand\";v=\"24\", \"Google Chrome\";v=\"116\"","sec-ch-ua-mobile":"?0","sec-ch-ua-platform":"\"Windows\""},"initialPriority":"High","referrerPolicy":"strict-origin-when-cross-origin"},"frameId":"D165F02B89151667DFD1BF49856829E7","resourceType":"Image"},"sessionId":"69DE6D1A85B5D627489871F60443E14A"}
org.openqa.selenium.devtools.DevToolsException: {"id":2388,"error":{"code":-32602,"message":"Invalid InterceptionId."},"sessionId":"69DE6D1A85B5D627489871F60443E14A"}
Build info: version: '4.11.0', revision: '040bc5406b'
System info: os.name: 'Windows 10', os.arch: 'amd64', os.version: '10.0', java.version: '11.0.18'
Driver info: driver.version: unknown
	at org.openqa.selenium.devtools.Connection.sendAndWait(Connection.java:181)
	at org.openqa.selenium.devtools.DevTools.send(DevTools.java:81)
	at org.openqa.selenium.devtools.idealized.Network.lambda$prepareToInterceptTraffic$3(Network.java:211)
	at org.openqa.selenium.remote.http.Filter.lambda$andFinally$1(Filter.java:55)
	at org.openqa.selenium.devtools.idealized.Network.lambda$prepareToInterceptTraffic$4(Network.java:226)
	at org.openqa.selenium.devtools.Connection.lambda$handle$4(Connection.java:321)
	at java.base/java.util.stream.ForEachOps$ForEachOp$OfRef.accept(ForEachOps.java:183)
	at java.base/java.util.stream.ReferencePipeline$2$1.accept(ReferencePipeline.java:177)
	at java.base/java.util.stream.ReferencePipeline$11$1.accept(ReferencePipeline.java:442)
	at java.base/java.util.HashMap$KeySpliterator.forEachRemaining(HashMap.java:1621)
	at java.base/java.util.stream.AbstractPipeline.copyInto(AbstractPipeline.java:484)
	at java.base/java.util.stream.AbstractPipeline.wrapAndCopyInto(AbstractPipeline.java:474)
	at java.base/java.util.stream.ForEachOps$ForEachOp.evaluateSequential(ForEachOps.java:150)
	at java.base/java.util.stream.ForEachOps$ForEachOp$OfRef.evaluateSequential(ForEachOps.java:173)
	at java.base/java.util.stream.AbstractPipeline.evaluate(AbstractPipeline.java:234)
	at java.base/java.util.stream.ReferencePipeline.forEach(ReferencePipeline.java:497)
	at org.openqa.selenium.devtools.Connection.handle(Connection.java:287)
	at org.openqa.selenium.devtools.Connection.access$200(Connection.java:57)
	at org.openqa.selenium.devtools.Connection$Listener.lambda$onText$0(Connection.java:224)
	at java.base/java.util.concurrent.ThreadPoolExecutor.runWorker(ThreadPoolExecutor.java:1128)
	at java.base/java.util.concurrent.ThreadPoolExecutor$Worker.run(ThreadPoolExecutor.java:628)
	at java.base/java.lang.Thread.run(Thread.java:829)
Caused by: org.openqa.selenium.WebDriverException: {"id":2388,"error":{"code":-32602,"message":"Invalid InterceptionId."},"sessionId":"69DE6D1A85B5D627489871F60443E14A"}
Build info: version: '4.11.0', revision: '040bc5406b'
System info: os.name: 'Windows 10', os.arch: 'amd64', os.version: '10.0', java.version: '11.0.18'
Driver info: driver.version: unknown
	at org.openqa.selenium.devtools.Connection.handle(Connection.java:260)
	... 5 more

Exception in thread "CDP Connection" org.openqa.selenium.devtools.DevToolsException: {"id":2388,"error":{"code":-32602,"message":"Invalid InterceptionId."},"sessionId":"69DE6D1A85B5D627489871F60443E14A"}
Build info: version: '4.11.0', revision: '040bc5406b'
System info: os.name: 'Windows 10', os.arch: 'amd64', os.version: '10.0', java.version: '11.0.18'
Driver info: driver.version: unknown
	at org.openqa.selenium.devtools.Connection$Listener.lambda$onText$0(Connection.java:227)
	at java.base/java.util.concurrent.ThreadPoolExecutor.runWorker(ThreadPoolExecutor.java:1128)
	at java.base/java.util.concurrent.ThreadPoolExecutor$Worker.run(ThreadPoolExecutor.java:628)
	at java.base/java.lang.Thread.run(Thread.java:829)
Caused by: org.openqa.selenium.devtools.DevToolsException: {"id":2388,"error":{"code":-32602,"message":"Invalid InterceptionId."},"sessionId":"69DE6D1A85B5D627489871F60443E14A"}
Build info: version: '4.11.0', revision: '040bc5406b'
System info: os.name: 'Windows 10', os.arch: 'amd64', os.version: '10.0', java.version: '11.0.18'
Driver info: driver.version: unknown
	at org.openqa.selenium.devtools.Connection.sendAndWait(Connection.java:181)
	at org.openqa.selenium.devtools.DevTools.send(DevTools.java:81)
	at org.openqa.selenium.devtools.idealized.Network.lambda$prepareToInterceptTraffic$3(Network.java:211)
	at org.openqa.selenium.remote.http.Filter.lambda$andFinally$1(Filter.java:55)
	at org.openqa.selenium.devtools.idealized.Network.lambda$prepareToInterceptTraffic$4(Network.java:226)
	at org.openqa.selenium.devtools.Connection.lambda$handle$4(Connection.java:321)
	at java.base/java.util.stream.ForEachOps$ForEachOp$OfRef.accept(ForEachOps.java:183)
	at java.base/java.util.stream.ReferencePipeline$2$1.accept(ReferencePipeline.java:177)
	at java.base/java.util.stream.ReferencePipeline$11$1.accept(ReferencePipeline.java:442)
	at java.base/java.util.HashMap$KeySpliterator.forEachRemaining(HashMap.java:1621)
	at java.base/java.util.stream.AbstractPipeline.copyInto(AbstractPipeline.java:484)
	at java.base/java.util.stream.AbstractPipeline.wrapAndCopyInto(AbstractPipeline.java:474)
	at java.base/java.util.stream.ForEachOps$ForEachOp.evaluateSequential(ForEachOps.java:150)
	at java.base/java.util.stream.ForEachOps$ForEachOp$OfRef.evaluateSequential(ForEachOps.java:173)
	at java.base/java.util.stream.AbstractPipeline.evaluate(AbstractPipeline.java:234)
	at java.base/java.util.stream.ReferencePipeline.forEach(ReferencePipeline.java:497)
	at org.openqa.selenium.devtools.Connection.handle(Connection.java:287)
	at org.openqa.selenium.devtools.Connection.access$200(Connection.java:57)
	at org.openqa.selenium.devtools.Connection$Listener.lambda$onText$0(Connection.java:224)
	... 3 more
Caused by: org.openqa.selenium.WebDriverException: {"id":2388,"error":{"code":-32602,"message":"Invalid InterceptionId."},"sessionId":"69DE6D1A85B5D627489871F60443E14A"}
Build info: version: '4.11.0', revision: '040bc5406b'
System info: os.name: 'Windows 10', os.arch: 'amd64', os.version: '10.0', java.version: '11.0.18'
Driver info: driver.version: unknown
	at org.openqa.selenium.devtools.Connection.handle(Connection.java:260)
	... 5 more
авг. 16, 2023 4:23:01 PM org.openqa.selenium.devtools.Connection$Listener lambda$onText$0
WARNING: Unable to process: {"method":"Fetch.requestPaused","params":{"requestId":"interception-job-387.0","request":{"url":"http://localhost:8080/logo192.png","method":"GET","headers":{"Accept":"image/avif,image/webp,image/apng,image/svg+xml,image/*,*/*;q=0.8","Referer":"http://localhost:8080/","User-Agent":"Mozilla/5.0 (Windows NT 10.0; Win64; x64) AppleWebKit/537.36 (KHTML, like Gecko) Chrome/116.0.0.0 Safari/537.36","sec-ch-ua":"\"Chromium\";v=\"116\", \"Not)A;Brand\";v=\"24\", \"Google Chrome\";v=\"116\"","sec-ch-ua-mobile":"?0","sec-ch-ua-platform":"\"Windows\""},"initialPriority":"High","referrerPolicy":"unsafe-url"},"frameId":"D165F02B89151667DFD1BF49856829E7","resourceType":"Image","responseStatusCode":200,"responseStatusText":"","responseHeaders":[{"name":"Vary","value":"Origin"},{"name":"Vary","value":"Access-Control-Request-Method"},{"name":"Vary","value":"Access-Control-Request-Headers"},{"name":"Last-Modified","value":"Thu, 03 Aug 2023 10:18:16 GMT"},{"name":"Accept-Ranges","value":"bytes"},{"name":"Content-Type","value":"image/png"},{"name":"Content-Length","value":"8581"},{"name":"Date","value":"Wed, 16 Aug 2023 13:20:23 GMT"}]},"sessionId":"69DE6D1A85B5D627489871F60443E14A"}
org.openqa.selenium.devtools.DevToolsException: {"id":2390,"error":{"code":-32602,"message":"Invalid InterceptionId."},"sessionId":"69DE6D1A85B5D627489871F60443E14A"}
Build info: version: '4.11.0', revision: '040bc5406b'
System info: os.name: 'Windows 10', os.arch: 'amd64', os.version: '10.0', java.version: '11.0.18'
Driver info: driver.version: unknown
	at org.openqa.selenium.devtools.Connection.sendAndWait(Connection.java:181)
	at org.openqa.selenium.devtools.DevTools.send(DevTools.java:81)
	at org.openqa.selenium.devtools.idealized.Network.lambda$prepareToInterceptTraffic$4(Network.java:194)
	at org.openqa.selenium.devtools.Connection.lambda$handle$4(Connection.java:321)
	at java.base/java.util.stream.ForEachOps$ForEachOp$OfRef.accept(ForEachOps.java:183)
	at java.base/java.util.stream.ReferencePipeline$2$1.accept(ReferencePipeline.java:177)
	at java.base/java.util.stream.ReferencePipeline$11$1.accept(ReferencePipeline.java:442)
	at java.base/java.util.HashMap$KeySpliterator.forEachRemaining(HashMap.java:1621)
	at java.base/java.util.stream.AbstractPipeline.copyInto(AbstractPipeline.java:484)
	at java.base/java.util.stream.AbstractPipeline.wrapAndCopyInto(AbstractPipeline.java:474)
	at java.base/java.util.stream.ForEachOps$ForEachOp.evaluateSequential(ForEachOps.java:150)
	at java.base/java.util.stream.ForEachOps$ForEachOp$OfRef.evaluateSequential(ForEachOps.java:173)
	at java.base/java.util.stream.AbstractPipeline.evaluate(AbstractPipeline.java:234)
	at java.base/java.util.stream.ReferencePipeline.forEach(ReferencePipeline.java:497)
	at org.openqa.selenium.devtools.Connection.handle(Connection.java:287)
	at org.openqa.selenium.devtools.Connection.access$200(Connection.java:57)
	at org.openqa.selenium.devtools.Connection$Listener.lambda$onText$0(Connection.java:224)
	at java.base/java.util.concurrent.ThreadPoolExecutor.runWorker(ThreadPoolExecutor.java:1128)
	at java.base/java.util.concurrent.ThreadPoolExecutor$Worker.run(ThreadPoolExecutor.java:628)
	at java.base/java.lang.Thread.run(Thread.java:829)
Caused by: org.openqa.selenium.WebDriverException: {"id":2390,"error":{"code":-32602,"message":"Invalid InterceptionId."},"sessionId":"69DE6D1A85B5D627489871F60443E14A"}
Build info: version: '4.11.0', revision: '040bc5406b'
System info: os.name: 'Windows 10', os.arch: 'amd64', os.version: '10.0', java.version: '11.0.18'
Driver info: driver.version: unknown
	at org.openqa.selenium.devtools.Connection.handle(Connection.java:260)
	... 5 more

Exception in thread "CDP Connection" org.openqa.selenium.devtools.DevToolsException: {"id":2390,"error":{"code":-32602,"message":"Invalid InterceptionId."},"sessionId":"69DE6D1A85B5D627489871F60443E14A"}
Build info: version: '4.11.0', revision: '040bc5406b'
System info: os.name: 'Windows 10', os.arch: 'amd64', os.version: '10.0', java.version: '11.0.18'
Driver info: driver.version: unknown
	at org.openqa.selenium.devtools.Connection$Listener.lambda$onText$0(Connection.java:227)
	at java.base/java.util.concurrent.ThreadPoolExecutor.runWorker(ThreadPoolExecutor.java:1128)
	at java.base/java.util.concurrent.ThreadPoolExecutor$Worker.run(ThreadPoolExecutor.java:628)
	at java.base/java.lang.Thread.run(Thread.java:829)
Caused by: org.openqa.selenium.devtools.DevToolsException: {"id":2390,"error":{"code":-32602,"message":"Invalid InterceptionId."},"sessionId":"69DE6D1A85B5D627489871F60443E14A"}
Build info: version: '4.11.0', revision: '040bc5406b'
System info: os.name: 'Windows 10', os.arch: 'amd64', os.version: '10.0', java.version: '11.0.18'
Driver info: driver.version: unknown
	at org.openqa.selenium.devtools.Connection.sendAndWait(Connection.java:181)
	at org.openqa.selenium.devtools.DevTools.send(DevTools.java:81)
	at org.openqa.selenium.devtools.idealized.Network.lambda$prepareToInterceptTraffic$4(Network.java:194)
	at org.openqa.selenium.devtools.Connection.lambda$handle$4(Connection.java:321)
	at java.base/java.util.stream.ForEachOps$ForEachOp$OfRef.accept(ForEachOps.java:183)
	at java.base/java.util.stream.ReferencePipeline$2$1.accept(ReferencePipeline.java:177)
	at java.base/java.util.stream.ReferencePipeline$11$1.accept(ReferencePipeline.java:442)
	at java.base/java.util.HashMap$KeySpliterator.forEachRemaining(HashMap.java:1621)
	at java.base/java.util.stream.AbstractPipeline.copyInto(AbstractPipeline.java:484)
	at java.base/java.util.stream.AbstractPipeline.wrapAndCopyInto(AbstractPipeline.java:474)
	at java.base/java.util.stream.ForEachOps$ForEachOp.evaluateSequential(ForEachOps.java:150)
	at java.base/java.util.stream.ForEachOps$ForEachOp$OfRef.evaluateSequential(ForEachOps.java:173)
	at java.base/java.util.stream.AbstractPipeline.evaluate(AbstractPipeline.java:234)
	at java.base/java.util.stream.ReferencePipeline.forEach(ReferencePipeline.java:497)
	at org.openqa.selenium.devtools.Connection.handle(Connection.java:287)
	at org.openqa.selenium.devtools.Connection.access$200(Connection.java:57)
	at org.openqa.selenium.devtools.Connection$Listener.lambda$onText$0(Connection.java:224)
	... 3 more
Caused by: org.openqa.selenium.WebDriverException: {"id":2390,"error":{"code":-32602,"message":"Invalid InterceptionId."},"sessionId":"69DE6D1A85B5D627489871F60443E14A"}
Build info: version: '4.11.0', revision: '040bc5406b'
System info: os.name: 'Windows 10', os.arch: 'amd64', os.version: '10.0', java.version: '11.0.18'
Driver info: driver.version: unknown
	at org.openqa.selenium.devtools.Connection.handle(Connection.java:260)
	... 5 more
авг. 16, 2023 4:23:01 PM org.openqa.selenium.devtools.Connection$Listener lambda$onText$0
WARNING: Unable to process: {"method":"Fetch.requestPaused","params":{"requestId":"interception-job-390.0","request":{"url":"http://localhost:8080/static/media/icon_error_m_white.143ec85a.svg","method":"GET","headers":{"Accept":"image/avif,image/webp,image/apng,image/svg+xml,image/*,*/*;q=0.8","Referer":"http://localhost:8080/static/css/2.7d875902.chunk.css","User-Agent":"Mozilla/5.0 (Windows NT 10.0; Win64; x64) AppleWebKit/537.36 (KHTML, like Gecko) Chrome/116.0.0.0 Safari/537.36","sec-ch-ua":"\"Chromium\";v=\"116\", \"Not)A;Brand\";v=\"24\", \"Google Chrome\";v=\"116\"","sec-ch-ua-mobile":"?0","sec-ch-ua-platform":"\"Windows\""},"initialPriority":"Low","referrerPolicy":"unsafe-url"},"frameId":"D165F02B89151667DFD1BF49856829E7","resourceType":"Image","responseStatusCode":200,"responseStatusText":"","responseHeaders":[{"name":"Vary","value":"Origin"},{"name":"Vary","value":"Access-Control-Request-Method"},{"name":"Vary","value":"Access-Control-Request-Headers"},{"name":"Last-Modified","value":"Thu, 03 Aug 2023 10:18:16 GMT"},{"name":"Accept-Ranges","value":"bytes"},{"name":"Content-Type","value":"image/svg+xml"},{"name":"Content-Length","value":"380"},{"name":"Date","value":"Wed, 16 Aug 2023 13:20:24 GMT"}]},"sessionId":"69DE6D1A85B5D627489871F60443E14A"}
org.openqa.selenium.devtools.DevToolsException: {"id":2403,"error":{"code":-32602,"message":"Invalid InterceptionId."},"sessionId":"69DE6D1A85B5D627489871F60443E14A"}
Build info: version: '4.11.0', revision: '040bc5406b'
System info: os.name: 'Windows 10', os.arch: 'amd64', os.version: '10.0', java.version: '11.0.18'
Driver info: driver.version: unknown
	at org.openqa.selenium.devtools.Connection.sendAndWait(Connection.java:181)
	at org.openqa.selenium.devtools.DevTools.send(DevTools.java:81)
	at org.openqa.selenium.devtools.idealized.Network.lambda$prepareToInterceptTraffic$4(Network.java:194)
	at org.openqa.selenium.devtools.Connection.lambda$handle$4(Connection.java:321)
	at java.base/java.util.stream.ForEachOps$ForEachOp$OfRef.accept(ForEachOps.java:183)
	at java.base/java.util.stream.ReferencePipeline$2$1.accept(ReferencePipeline.java:177)
	at java.base/java.util.stream.ReferencePipeline$11$1.accept(ReferencePipeline.java:442)
	at java.base/java.util.HashMap$KeySpliterator.forEachRemaining(HashMap.java:1621)
	at java.base/java.util.stream.AbstractPipeline.copyInto(AbstractPipeline.java:484)
	at java.base/java.util.stream.AbstractPipeline.wrapAndCopyInto(AbstractPipeline.java:474)
	at java.base/java.util.stream.ForEachOps$ForEachOp.evaluateSequential(ForEachOps.java:150)
	at java.base/java.util.stream.ForEachOps$ForEachOp$OfRef.evaluateSequential(ForEachOps.java:173)
	at java.base/java.util.stream.AbstractPipeline.evaluate(AbstractPipeline.java:234)
	at java.base/java.util.stream.ReferencePipeline.forEach(ReferencePipeline.java:497)
	at org.openqa.selenium.devtools.Connection.handle(Connection.java:287)
	at org.openqa.selenium.devtools.Connection.access$200(Connection.java:57)
	at org.openqa.selenium.devtools.Connection$Listener.lambda$onText$0(Connection.java:224)
	at java.base/java.util.concurrent.ThreadPoolExecutor.runWorker(ThreadPoolExecutor.java:1128)
	at java.base/java.util.concurrent.ThreadPoolExecutor$Worker.run(ThreadPoolExecutor.java:628)
	at java.base/java.lang.Thread.run(Thread.java:829)
Caused by: org.openqa.selenium.WebDriverException: {"id":2403,"error":{"code":-32602,"message":"Invalid InterceptionId."},"sessionId":"69DE6D1A85B5D627489871F60443E14A"}
Build info: version: '4.11.0', revision: '040bc5406b'
System info: os.name: 'Windows 10', os.arch: 'amd64', os.version: '10.0', java.version: '11.0.18'
Driver info: driver.version: unknown
	at org.openqa.selenium.devtools.Connection.handle(Connection.java:260)
	... 5 more

Exception in thread "CDP Connection" org.openqa.selenium.devtools.DevToolsException: {"id":2403,"error":{"code":-32602,"message":"Invalid InterceptionId."},"sessionId":"69DE6D1A85B5D627489871F60443E14A"}
Build info: version: '4.11.0', revision: '040bc5406b'
System info: os.name: 'Windows 10', os.arch: 'amd64', os.version: '10.0', java.version: '11.0.18'
Driver info: driver.version: unknown
	at org.openqa.selenium.devtools.Connection$Listener.lambda$onText$0(Connection.java:227)
	at java.base/java.util.concurrent.ThreadPoolExecutor.runWorker(ThreadPoolExecutor.java:1128)
	at java.base/java.util.concurrent.ThreadPoolExecutor$Worker.run(ThreadPoolExecutor.java:628)
	at java.base/java.lang.Thread.run(Thread.java:829)
Caused by: org.openqa.selenium.devtools.DevToolsException: {"id":2403,"error":{"code":-32602,"message":"Invalid InterceptionId."},"sessionId":"69DE6D1A85B5D627489871F60443E14A"}
Build info: version: '4.11.0', revision: '040bc5406b'
System info: os.name: 'Windows 10', os.arch: 'amd64', os.version: '10.0', java.version: '11.0.18'
Driver info: driver.version: unknown
	at org.openqa.selenium.devtools.Connection.sendAndWait(Connection.java:181)
	at org.openqa.selenium.devtools.DevTools.send(DevTools.java:81)
	at org.openqa.selenium.devtools.idealized.Network.lambda$prepareToInterceptTraffic$4(Network.java:194)
	at org.openqa.selenium.devtools.Connection.lambda$handle$4(Connection.java:321)
	at java.base/java.util.stream.ForEachOps$ForEachOp$OfRef.accept(ForEachOps.java:183)
	at java.base/java.util.stream.ReferencePipeline$2$1.accept(ReferencePipeline.java:177)
	at java.base/java.util.stream.ReferencePipeline$11$1.accept(ReferencePipeline.java:442)
	at java.base/java.util.HashMap$KeySpliterator.forEachRemaining(HashMap.java:1621)
	at java.base/java.util.stream.AbstractPipeline.copyInto(AbstractPipeline.java:484)
	at java.base/java.util.stream.AbstractPipeline.wrapAndCopyInto(AbstractPipeline.java:474)
	at java.base/java.util.stream.ForEachOps$ForEachOp.evaluateSequential(ForEachOps.java:150)
	at java.base/java.util.stream.ForEachOps$ForEachOp$OfRef.evaluateSequential(ForEachOps.java:173)
	at java.base/java.util.stream.AbstractPipeline.evaluate(AbstractPipeline.java:234)
	at java.base/java.util.stream.ReferencePipeline.forEach(ReferencePipeline.java:497)
	at org.openqa.selenium.devtools.Connection.handle(Connection.java:287)
	at org.openqa.selenium.devtools.Connection.access$200(Connection.java:57)
	at org.openqa.selenium.devtools.Connection$Listener.lambda$onText$0(Connection.java:224)
	... 3 more
Caused by: org.openqa.selenium.WebDriverException: {"id":2403,"error":{"code":-32602,"message":"Invalid InterceptionId."},"sessionId":"69DE6D1A85B5D627489871F60443E14A"}
Build info: version: '4.11.0', revision: '040bc5406b'
System info: os.name: 'Windows 10', os.arch: 'amd64', os.version: '10.0', java.version: '11.0.18'
Driver info: driver.version: unknown
	at org.openqa.selenium.devtools.Connection.handle(Connection.java:260)
	... 5 more
авг. 16, 2023 4:23:01 PM org.openqa.selenium.devtools.Connection$Listener lambda$onText$0
WARNING: Unable to process: {"method":"Fetch.requestPaused","params":{"requestId":"interception-job-388.0","request":{"url":"http://localhost:8080/static/media/icon_ok_m_white.5987da79.svg","method":"GET","headers":{"Accept":"image/avif,image/webp,image/apng,image/svg+xml,image/*,*/*;q=0.8","Referer":"http://localhost:8080/static/css/2.7d875902.chunk.css","User-Agent":"Mozilla/5.0 (Windows NT 10.0; Win64; x64) AppleWebKit/537.36 (KHTML, like Gecko) Chrome/116.0.0.0 Safari/537.36","sec-ch-ua":"\"Chromium\";v=\"116\", \"Not)A;Brand\";v=\"24\", \"Google Chrome\";v=\"116\"","sec-ch-ua-mobile":"?0","sec-ch-ua-platform":"\"Windows\""},"initialPriority":"Low","referrerPolicy":"unsafe-url"},"frameId":"D165F02B89151667DFD1BF49856829E7","resourceType":"Image","responseStatusCode":200,"responseStatusText":"","responseHeaders":[{"name":"Vary","value":"Origin"},{"name":"Vary","value":"Access-Control-Request-Method"},{"name":"Vary","value":"Access-Control-Request-Headers"},{"name":"Last-Modified","value":"Thu, 03 Aug 2023 10:18:16 GMT"},{"name":"Accept-Ranges","value":"bytes"},{"name":"Content-Type","value":"image/svg+xml"},{"name":"Content-Length","value":"687"},{"name":"Date","value":"Wed, 16 Aug 2023 13:20:24 GMT"}]},"sessionId":"69DE6D1A85B5D627489871F60443E14A"}
org.openqa.selenium.devtools.DevToolsException: {"id":2404,"error":{"code":-32602,"message":"Invalid InterceptionId."},"sessionId":"69DE6D1A85B5D627489871F60443E14A"}
Build info: version: '4.11.0', revision: '040bc5406b'
System info: os.name: 'Windows 10', os.arch: 'amd64', os.version: '10.0', java.version: '11.0.18'
Driver info: driver.version: unknown
	at org.openqa.selenium.devtools.Connection.sendAndWait(Connection.java:181)
	at org.openqa.selenium.devtools.DevTools.send(DevTools.java:81)
	at org.openqa.selenium.devtools.idealized.Network.lambda$prepareToInterceptTraffic$4(Network.java:194)
	at org.openqa.selenium.devtools.Connection.lambda$handle$4(Connection.java:321)
	at java.base/java.util.stream.ForEachOps$ForEachOp$OfRef.accept(ForEachOps.java:183)
	at java.base/java.util.stream.ReferencePipeline$2$1.accept(ReferencePipeline.java:177)
	at java.base/java.util.stream.ReferencePipeline$11$1.accept(ReferencePipeline.java:442)
	at java.base/java.util.HashMap$KeySpliterator.forEachRemaining(HashMap.java:1621)
	at java.base/java.util.stream.AbstractPipeline.copyInto(AbstractPipeline.java:484)
	at java.base/java.util.stream.AbstractPipeline.wrapAndCopyInto(AbstractPipeline.java:474)
	at java.base/java.util.stream.ForEachOps$ForEachOp.evaluateSequential(ForEachOps.java:150)
	at java.base/java.util.stream.ForEachOps$ForEachOp$OfRef.evaluateSequential(ForEachOps.java:173)
	at java.base/java.util.stream.AbstractPipeline.evaluate(AbstractPipeline.java:234)
	at java.base/java.util.stream.ReferencePipeline.forEach(ReferencePipeline.java:497)
	at org.openqa.selenium.devtools.Connection.handle(Connection.java:287)
	at org.openqa.selenium.devtools.Connection.access$200(Connection.java:57)
	at org.openqa.selenium.devtools.Connection$Listener.lambda$onText$0(Connection.java:224)
	at java.base/java.util.concurrent.ThreadPoolExecutor.runWorker(ThreadPoolExecutor.java:1128)
	at java.base/java.util.concurrent.ThreadPoolExecutor$Worker.run(ThreadPoolExecutor.java:628)
	at java.base/java.lang.Thread.run(Thread.java:829)
Caused by: org.openqa.selenium.WebDriverException: {"id":2404,"error":{"code":-32602,"message":"Invalid InterceptionId."},"sessionId":"69DE6D1A85B5D627489871F60443E14A"}
Build info: version: '4.11.0', revision: '040bc5406b'
System info: os.name: 'Windows 10', os.arch: 'amd64', os.version: '10.0', java.version: '11.0.18'
Driver info: driver.version: unknown
	at org.openqa.selenium.devtools.Connection.handle(Connection.java:260)
	... 5 more

Exception in thread "CDP Connection" org.openqa.selenium.devtools.DevToolsException: {"id":2404,"error":{"code":-32602,"message":"Invalid InterceptionId."},"sessionId":"69DE6D1A85B5D627489871F60443E14A"}
Build info: version: '4.11.0', revision: '040bc5406b'
System info: os.name: 'Windows 10', os.arch: 'amd64', os.version: '10.0', java.version: '11.0.18'
Driver info: driver.version: unknown
	at org.openqa.selenium.devtools.Connection$Listener.lambda$onText$0(Connection.java:227)
	at java.base/java.util.concurrent.ThreadPoolExecutor.runWorker(ThreadPoolExecutor.java:1128)
	at java.base/java.util.concurrent.ThreadPoolExecutor$Worker.run(ThreadPoolExecutor.java:628)
	at java.base/java.lang.Thread.run(Thread.java:829)
Caused by: org.openqa.selenium.devtools.DevToolsException: {"id":2404,"error":{"code":-32602,"message":"Invalid InterceptionId."},"sessionId":"69DE6D1A85B5D627489871F60443E14A"}
Build info: version: '4.11.0', revision: '040bc5406b'
System info: os.name: 'Windows 10', os.arch: 'amd64', os.version: '10.0', java.version: '11.0.18'
Driver info: driver.version: unknown
	at org.openqa.selenium.devtools.Connection.sendAndWait(Connection.java:181)
	at org.openqa.selenium.devtools.DevTools.send(DevTools.java:81)
	at org.openqa.selenium.devtools.idealized.Network.lambda$prepareToInterceptTraffic$4(Network.java:194)
	at org.openqa.selenium.devtools.Connection.lambda$handle$4(Connection.java:321)
	at java.base/java.util.stream.ForEachOps$ForEachOp$OfRef.accept(ForEachOps.java:183)
	at java.base/java.util.stream.ReferencePipeline$2$1.accept(ReferencePipeline.java:177)
	at java.base/java.util.stream.ReferencePipeline$11$1.accept(ReferencePipeline.java:442)
	at java.base/java.util.HashMap$KeySpliterator.forEachRemaining(HashMap.java:1621)
	at java.base/java.util.stream.AbstractPipeline.copyInto(AbstractPipeline.java:484)
	at java.base/java.util.stream.AbstractPipeline.wrapAndCopyInto(AbstractPipeline.java:474)
	at java.base/java.util.stream.ForEachOps$ForEachOp.evaluateSequential(ForEachOps.java:150)
	at java.base/java.util.stream.ForEachOps$ForEachOp$OfRef.evaluateSequential(ForEachOps.java:173)
	at java.base/java.util.stream.AbstractPipeline.evaluate(AbstractPipeline.java:234)
	at java.base/java.util.stream.ReferencePipeline.forEach(ReferencePipeline.java:497)
	at org.openqa.selenium.devtools.Connection.handle(Connection.java:287)
	at org.openqa.selenium.devtools.Connection.access$200(Connection.java:57)
	at org.openqa.selenium.devtools.Connection$Listener.lambda$onText$0(Connection.java:224)
	... 3 more
Caused by: org.openqa.selenium.WebDriverException: {"id":2404,"error":{"code":-32602,"message":"Invalid InterceptionId."},"sessionId":"69DE6D1A85B5D627489871F60443E14A"}
Build info: version: '4.11.0', revision: '040bc5406b'
System info: os.name: 'Windows 10', os.arch: 'amd64', os.version: '10.0', java.version: '11.0.18'
Driver info: driver.version: unknown
	at org.openqa.selenium.devtools.Connection.handle(Connection.java:260)
	... 5 more
авг. 16, 2023 4:23:01 PM org.openqa.selenium.devtools.Connection$Listener lambda$onText$0
WARNING: Unable to process: {"method":"Fetch.requestPaused","params":{"requestId":"interception-job-389.0","request":{"url":"http://localhost:8080/static/media/icon_close_s_white.cd06f8fb.svg","method":"GET","headers":{"Accept":"image/avif,image/webp,image/apng,image/svg+xml,image/*,*/*;q=0.8","Referer":"http://localhost:8080/static/css/2.7d875902.chunk.css","User-Agent":"Mozilla/5.0 (Windows NT 10.0; Win64; x64) AppleWebKit/537.36 (KHTML, like Gecko) Chrome/116.0.0.0 Safari/537.36","sec-ch-ua":"\"Chromium\";v=\"116\", \"Not)A;Brand\";v=\"24\", \"Google Chrome\";v=\"116\"","sec-ch-ua-mobile":"?0","sec-ch-ua-platform":"\"Windows\""},"initialPriority":"Low","referrerPolicy":"unsafe-url"},"frameId":"D165F02B89151667DFD1BF49856829E7","resourceType":"Image","responseStatusCode":200,"responseStatusText":"","responseHeaders":[{"name":"Vary","value":"Origin"},{"name":"Vary","value":"Access-Control-Request-Method"},{"name":"Vary","value":"Access-Control-Request-Headers"},{"name":"Last-Modified","value":"Thu, 03 Aug 2023 10:18:16 GMT"},{"name":"Accept-Ranges","value":"bytes"},{"name":"Content-Type","value":"image/svg+xml"},{"name":"Content-Length","value":"247"},{"name":"Date","value":"Wed, 16 Aug 2023 13:20:24 GMT"}]},"sessionId":"69DE6D1A85B5D627489871F60443E14A"}
org.openqa.selenium.devtools.DevToolsException: {"id":2405,"error":{"code":-32602,"message":"Invalid InterceptionId."},"sessionId":"69DE6D1A85B5D627489871F60443E14A"}
Build info: version: '4.11.0', revision: '040bc5406b'
System info: os.name: 'Windows 10', os.arch: 'amd64', os.version: '10.0', java.version: '11.0.18'
Driver info: driver.version: unknown
	at org.openqa.selenium.devtools.Connection.sendAndWait(Connection.java:181)
	at org.openqa.selenium.devtools.DevTools.send(DevTools.java:81)
	at org.openqa.selenium.devtools.idealized.Network.lambda$prepareToInterceptTraffic$4(Network.java:194)
	at org.openqa.selenium.devtools.Connection.lambda$handle$4(Connection.java:321)
	at java.base/java.util.stream.ForEachOps$ForEachOp$OfRef.accept(ForEachOps.java:183)
	at java.base/java.util.stream.ReferencePipeline$2$1.accept(ReferencePipeline.java:177)
	at java.base/java.util.stream.ReferencePipeline$11$1.accept(ReferencePipeline.java:442)
	at java.base/java.util.HashMap$KeySpliterator.forEachRemaining(HashMap.java:1621)
	at java.base/java.util.stream.AbstractPipeline.copyInto(AbstractPipeline.java:484)
	at java.base/java.util.stream.AbstractPipeline.wrapAndCopyInto(AbstractPipeline.java:474)
	at java.base/java.util.stream.ForEachOps$ForEachOp.evaluateSequential(ForEachOps.java:150)
	at java.base/java.util.stream.ForEachOps$ForEachOp$OfRef.evaluateSequential(ForEachOps.java:173)
	at java.base/java.util.stream.AbstractPipeline.evaluate(AbstractPipeline.java:234)
	at java.base/java.util.stream.ReferencePipeline.forEach(ReferencePipeline.java:497)
	at org.openqa.selenium.devtools.Connection.handle(Connection.java:287)
	at org.openqa.selenium.devtools.Connection.access$200(Connection.java:57)
	at org.openqa.selenium.devtools.Connection$Listener.lambda$onText$0(Connection.java:224)
	at java.base/java.util.concurrent.ThreadPoolExecutor.runWorker(ThreadPoolExecutor.java:1128)
	at java.base/java.util.concurrent.ThreadPoolExecutor$Worker.run(ThreadPoolExecutor.java:628)
	at java.base/java.lang.Thread.run(Thread.java:829)
Caused by: org.openqa.selenium.WebDriverException: {"id":2405,"error":{"code":-32602,"message":"Invalid InterceptionId."},"sessionId":"69DE6D1A85B5D627489871F60443E14A"}
Build info: version: '4.11.0', revision: '040bc5406b'
System info: os.name: 'Windows 10', os.arch: 'amd64', os.version: '10.0', java.version: '11.0.18'
Driver info: driver.version: unknown
	at org.openqa.selenium.devtools.Connection.handle(Connection.java:260)
	... 5 more

Exception in thread "CDP Connection" org.openqa.selenium.devtools.DevToolsException: {"id":2405,"error":{"code":-32602,"message":"Invalid InterceptionId."},"sessionId":"69DE6D1A85B5D627489871F60443E14A"}
Build info: version: '4.11.0', revision: '040bc5406b'
System info: os.name: 'Windows 10', os.arch: 'amd64', os.version: '10.0', java.version: '11.0.18'
Driver info: driver.version: unknown
	at org.openqa.selenium.devtools.Connection$Listener.lambda$onText$0(Connection.java:227)
	at java.base/java.util.concurrent.ThreadPoolExecutor.runWorker(ThreadPoolExecutor.java:1128)
	at java.base/java.util.concurrent.ThreadPoolExecutor$Worker.run(ThreadPoolExecutor.java:628)
	at java.base/java.lang.Thread.run(Thread.java:829)
Caused by: org.openqa.selenium.devtools.DevToolsException: {"id":2405,"error":{"code":-32602,"message":"Invalid InterceptionId."},"sessionId":"69DE6D1A85B5D627489871F60443E14A"}
Build info: version: '4.11.0', revision: '040bc5406b'
System info: os.name: 'Windows 10', os.arch: 'amd64', os.version: '10.0', java.version: '11.0.18'
Driver info: driver.version: unknown
	at org.openqa.selenium.devtools.Connection.sendAndWait(Connection.java:181)
	at org.openqa.selenium.devtools.DevTools.send(DevTools.java:81)
	at org.openqa.selenium.devtools.idealized.Network.lambda$prepareToInterceptTraffic$4(Network.java:194)
	at org.openqa.selenium.devtools.Connection.lambda$handle$4(Connection.java:321)
	at java.base/java.util.stream.ForEachOps$ForEachOp$OfRef.accept(ForEachOps.java:183)
	at java.base/java.util.stream.ReferencePipeline$2$1.accept(ReferencePipeline.java:177)
	at java.base/java.util.stream.ReferencePipeline$11$1.accept(ReferencePipeline.java:442)
	at java.base/java.util.HashMap$KeySpliterator.forEachRemaining(HashMap.java:1621)
	at java.base/java.util.stream.AbstractPipeline.copyInto(AbstractPipeline.java:484)
	at java.base/java.util.stream.AbstractPipeline.wrapAndCopyInto(AbstractPipeline.java:474)
	at java.base/java.util.stream.ForEachOps$ForEachOp.evaluateSequential(ForEachOps.java:150)
	at java.base/java.util.stream.ForEachOps$ForEachOp$OfRef.evaluateSequential(ForEachOps.java:173)
	at java.base/java.util.stream.AbstractPipeline.evaluate(AbstractPipeline.java:234)
	at java.base/java.util.stream.ReferencePipeline.forEach(ReferencePipeline.java:497)
	at org.openqa.selenium.devtools.Connection.handle(Connection.java:287)
	at org.openqa.selenium.devtools.Connection.access$200(Connection.java:57)
	at org.openqa.selenium.devtools.Connection$Listener.lambda$onText$0(Connection.java:224)
	... 3 more
Caused by: org.openqa.selenium.WebDriverException: {"id":2405,"error":{"code":-32602,"message":"Invalid InterceptionId."},"sessionId":"69DE6D1A85B5D627489871F60443E14A"}
Build info: version: '4.11.0', revision: '040bc5406b'
System info: os.name: 'Windows 10', os.arch: 'amd64', os.version: '10.0', java.version: '11.0.18'
Driver info: driver.version: unknown
	at org.openqa.selenium.devtools.Connection.handle(Connection.java:260)
	... 5 more
авг. 16, 2023 4:23:01 PM org.openqa.selenium.devtools.Connection$Listener lambda$onText$0
WARNING: Unable to process: {"method":"Fetch.requestPaused","params":{"requestId":"interception-job-390.0","request":{"url":"http://localhost:8080/static/media/icon_error_m_white.143ec85a.svg","method":"GET","headers":{"Accept":"image/avif,image/webp,image/apng,image/svg+xml,image/*,*/*;q=0.8","Referer":"http://localhost:8080/static/css/2.7d875902.chunk.css","User-Agent":"Mozilla/5.0 (Windows NT 10.0; Win64; x64) AppleWebKit/537.36 (KHTML, like Gecko) Chrome/116.0.0.0 Safari/537.36","sec-ch-ua":"\"Chromium\";v=\"116\", \"Not)A;Brand\";v=\"24\", \"Google Chrome\";v=\"116\"","sec-ch-ua-mobile":"?0","sec-ch-ua-platform":"\"Windows\""},"initialPriority":"Low","referrerPolicy":"strict-origin-when-cross-origin"},"frameId":"D165F02B89151667DFD1BF49856829E7","resourceType":"Image"},"sessionId":"69DE6D1A85B5D627489871F60443E14A"}
org.openqa.selenium.devtools.DevToolsException: {"id":2406,"error":{"code":-32602,"message":"Invalid InterceptionId."},"sessionId":"69DE6D1A85B5D627489871F60443E14A"}
Build info: version: '4.11.0', revision: '040bc5406b'
System info: os.name: 'Windows 10', os.arch: 'amd64', os.version: '10.0', java.version: '11.0.18'
Driver info: driver.version: unknown
	at org.openqa.selenium.devtools.Connection.sendAndWait(Connection.java:181)
	at org.openqa.selenium.devtools.DevTools.send(DevTools.java:81)
	at org.openqa.selenium.devtools.idealized.Network.lambda$prepareToInterceptTraffic$3(Network.java:211)
	at org.openqa.selenium.remote.http.Filter.lambda$andFinally$1(Filter.java:55)
	at org.openqa.selenium.devtools.idealized.Network.lambda$prepareToInterceptTraffic$4(Network.java:226)
	at org.openqa.selenium.devtools.Connection.lambda$handle$4(Connection.java:321)
	at java.base/java.util.stream.ForEachOps$ForEachOp$OfRef.accept(ForEachOps.java:183)
	at java.base/java.util.stream.ReferencePipeline$2$1.accept(ReferencePipeline.java:177)
	at java.base/java.util.stream.ReferencePipeline$11$1.accept(ReferencePipeline.java:442)
	at java.base/java.util.HashMap$KeySpliterator.forEachRemaining(HashMap.java:1621)
	at java.base/java.util.stream.AbstractPipeline.copyInto(AbstractPipeline.java:484)
	at java.base/java.util.stream.AbstractPipeline.wrapAndCopyInto(AbstractPipeline.java:474)
	at java.base/java.util.stream.ForEachOps$ForEachOp.evaluateSequential(ForEachOps.java:150)
	at java.base/java.util.stream.ForEachOps$ForEachOp$OfRef.evaluateSequential(ForEachOps.java:173)
	at java.base/java.util.stream.AbstractPipeline.evaluate(AbstractPipeline.java:234)
	at java.base/java.util.stream.ReferencePipeline.forEach(ReferencePipeline.java:497)
	at org.openqa.selenium.devtools.Connection.handle(Connection.java:287)
	at org.openqa.selenium.devtools.Connection.access$200(Connection.java:57)
	at org.openqa.selenium.devtools.Connection$Listener.lambda$onText$0(Connection.java:224)
	at java.base/java.util.concurrent.ThreadPoolExecutor.runWorker(ThreadPoolExecutor.java:1128)
	at java.base/java.util.concurrent.ThreadPoolExecutor$Worker.run(ThreadPoolExecutor.java:628)
	at java.base/java.lang.Thread.run(Thread.java:829)
Caused by: org.openqa.selenium.WebDriverException: {"id":2406,"error":{"code":-32602,"message":"Invalid InterceptionId."},"sessionId":"69DE6D1A85B5D627489871F60443E14A"}
Build info: version: '4.11.0', revision: '040bc5406b'
System info: os.name: 'Windows 10', os.arch: 'amd64', os.version: '10.0', java.version: '11.0.18'
Driver info: driver.version: unknown
	at org.openqa.selenium.devtools.Connection.handle(Connection.java:260)
	... 5 more

Exception in thread "CDP Connection" org.openqa.selenium.devtools.DevToolsException: {"id":2406,"error":{"code":-32602,"message":"Invalid InterceptionId."},"sessionId":"69DE6D1A85B5D627489871F60443E14A"}
Build info: version: '4.11.0', revision: '040bc5406b'
System info: os.name: 'Windows 10', os.arch: 'amd64', os.version: '10.0', java.version: '11.0.18'
Driver info: driver.version: unknown
	at org.openqa.selenium.devtools.Connection$Listener.lambda$onText$0(Connection.java:227)
	at java.base/java.util.concurrent.ThreadPoolExecutor.runWorker(ThreadPoolExecutor.java:1128)
	at java.base/java.util.concurrent.ThreadPoolExecutor$Worker.run(ThreadPoolExecutor.java:628)
	at java.base/java.lang.Thread.run(Thread.java:829)
Caused by: org.openqa.selenium.devtools.DevToolsException: {"id":2406,"error":{"code":-32602,"message":"Invalid InterceptionId."},"sessionId":"69DE6D1A85B5D627489871F60443E14A"}
Build info: version: '4.11.0', revision: '040bc5406b'
System info: os.name: 'Windows 10', os.arch: 'amd64', os.version: '10.0', java.version: '11.0.18'
Driver info: driver.version: unknown
	at org.openqa.selenium.devtools.Connection.sendAndWait(Connection.java:181)
	at org.openqa.selenium.devtools.DevTools.send(DevTools.java:81)
	at org.openqa.selenium.devtools.idealized.Network.lambda$prepareToInterceptTraffic$3(Network.java:211)
	at org.openqa.selenium.remote.http.Filter.lambda$andFinally$1(Filter.java:55)
	at org.openqa.selenium.devtools.idealized.Network.lambda$prepareToInterceptTraffic$4(Network.java:226)
	at org.openqa.selenium.devtools.Connection.lambda$handle$4(Connection.java:321)
	at java.base/java.util.stream.ForEachOps$ForEachOp$OfRef.accept(ForEachOps.java:183)
	at java.base/java.util.stream.ReferencePipeline$2$1.accept(ReferencePipeline.java:177)
	at java.base/java.util.stream.ReferencePipeline$11$1.accept(ReferencePipeline.java:442)
	at java.base/java.util.HashMap$KeySpliterator.forEachRemaining(HashMap.java:1621)
	at java.base/java.util.stream.AbstractPipeline.copyInto(AbstractPipeline.java:484)
	at java.base/java.util.stream.AbstractPipeline.wrapAndCopyInto(AbstractPipeline.java:474)
	at java.base/java.util.stream.ForEachOps$ForEachOp.evaluateSequential(ForEachOps.java:150)
	at java.base/java.util.stream.ForEachOps$ForEachOp$OfRef.evaluateSequential(ForEachOps.java:173)
	at java.base/java.util.stream.AbstractPipeline.evaluate(AbstractPipeline.java:234)
	at java.base/java.util.stream.ReferencePipeline.forEach(ReferencePipeline.java:497)
	at org.openqa.selenium.devtools.Connection.handle(Connection.java:287)
	at org.openqa.selenium.devtools.Connection.access$200(Connection.java:57)
	at org.openqa.selenium.devtools.Connection$Listener.lambda$onText$0(Connection.java:224)
	... 3 more
Caused by: org.openqa.selenium.WebDriverException: {"id":2406,"error":{"code":-32602,"message":"Invalid InterceptionId."},"sessionId":"69DE6D1A85B5D627489871F60443E14A"}
Build info: version: '4.11.0', revision: '040bc5406b'
System info: os.name: 'Windows 10', os.arch: 'amd64', os.version: '10.0', java.version: '11.0.18'
Driver info: driver.version: unknown
	at org.openqa.selenium.devtools.Connection.handle(Connection.java:260)
	... 5 more
авг. 16, 2023 4:23:01 PM org.openqa.selenium.devtools.Connection$Listener lambda$onText$0
WARNING: Unable to process: {"method":"Fetch.requestPaused","params":{"requestId":"interception-job-389.0","request":{"url":"http://localhost:8080/static/media/icon_close_s_white.cd06f8fb.svg","method":"GET","headers":{"Accept":"image/avif,image/webp,image/apng,image/svg+xml,image/*,*/*;q=0.8","Referer":"http://localhost:8080/static/css/2.7d875902.chunk.css","User-Agent":"Mozilla/5.0 (Windows NT 10.0; Win64; x64) AppleWebKit/537.36 (KHTML, like Gecko) Chrome/116.0.0.0 Safari/537.36","sec-ch-ua":"\"Chromium\";v=\"116\", \"Not)A;Brand\";v=\"24\", \"Google Chrome\";v=\"116\"","sec-ch-ua-mobile":"?0","sec-ch-ua-platform":"\"Windows\""},"initialPriority":"Low","referrerPolicy":"strict-origin-when-cross-origin"},"frameId":"D165F02B89151667DFD1BF49856829E7","resourceType":"Image"},"sessionId":"69DE6D1A85B5D627489871F60443E14A"}
org.openqa.selenium.devtools.DevToolsException: {"id":2408,"error":{"code":-32602,"message":"Invalid InterceptionId."},"sessionId":"69DE6D1A85B5D627489871F60443E14A"}
Build info: version: '4.11.0', revision: '040bc5406b'
System info: os.name: 'Windows 10', os.arch: 'amd64', os.version: '10.0', java.version: '11.0.18'
Driver info: driver.version: unknown
	at org.openqa.selenium.devtools.Connection.sendAndWait(Connection.java:181)
	at org.openqa.selenium.devtools.DevTools.send(DevTools.java:81)
	at org.openqa.selenium.devtools.idealized.Network.lambda$prepareToInterceptTraffic$3(Network.java:211)
	at org.openqa.selenium.remote.http.Filter.lambda$andFinally$1(Filter.java:55)
	at org.openqa.selenium.devtools.idealized.Network.lambda$prepareToInterceptTraffic$4(Network.java:226)
	at org.openqa.selenium.devtools.Connection.lambda$handle$4(Connection.java:321)
	at java.base/java.util.stream.ForEachOps$ForEachOp$OfRef.accept(ForEachOps.java:183)
	at java.base/java.util.stream.ReferencePipeline$2$1.accept(ReferencePipeline.java:177)
	at java.base/java.util.stream.ReferencePipeline$11$1.accept(ReferencePipeline.java:442)
	at java.base/java.util.HashMap$KeySpliterator.forEachRemaining(HashMap.java:1621)
	at java.base/java.util.stream.AbstractPipeline.copyInto(AbstractPipeline.java:484)
	at java.base/java.util.stream.AbstractPipeline.wrapAndCopyInto(AbstractPipeline.java:474)
	at java.base/java.util.stream.ForEachOps$ForEachOp.evaluateSequential(ForEachOps.java:150)
	at java.base/java.util.stream.ForEachOps$ForEachOp$OfRef.evaluateSequential(ForEachOps.java:173)
	at java.base/java.util.stream.AbstractPipeline.evaluate(AbstractPipeline.java:234)
	at java.base/java.util.stream.ReferencePipeline.forEach(ReferencePipeline.java:497)
	at org.openqa.selenium.devtools.Connection.handle(Connection.java:287)
	at org.openqa.selenium.devtools.Connection.access$200(Connection.java:57)
	at org.openqa.selenium.devtools.Connection$Listener.lambda$onText$0(Connection.java:224)
	at java.base/java.util.concurrent.ThreadPoolExecutor.runWorker(ThreadPoolExecutor.java:1128)
	at java.base/java.util.concurrent.ThreadPoolExecutor$Worker.run(ThreadPoolExecutor.java:628)
	at java.base/java.lang.Thread.run(Thread.java:829)
Caused by: org.openqa.selenium.WebDriverException: {"id":2408,"error":{"code":-32602,"message":"Invalid InterceptionId."},"sessionId":"69DE6D1A85B5D627489871F60443E14A"}
Build info: version: '4.11.0', revision: '040bc5406b'
System info: os.name: 'Windows 10', os.arch: 'amd64', os.version: '10.0', java.version: '11.0.18'
Driver info: driver.version: unknown
	at org.openqa.selenium.devtools.Connection.handle(Connection.java:260)
	... 5 more

Exception in thread "CDP Connection" org.openqa.selenium.devtools.DevToolsException: {"id":2408,"error":{"code":-32602,"message":"Invalid InterceptionId."},"sessionId":"69DE6D1A85B5D627489871F60443E14A"}
Build info: version: '4.11.0', revision: '040bc5406b'
System info: os.name: 'Windows 10', os.arch: 'amd64', os.version: '10.0', java.version: '11.0.18'
Driver info: driver.version: unknown
	at org.openqa.selenium.devtools.Connection$Listener.lambda$onText$0(Connection.java:227)
	at java.base/java.util.concurrent.ThreadPoolExecutor.runWorker(ThreadPoolExecutor.java:1128)
	at java.base/java.util.concurrent.ThreadPoolExecutor$Worker.run(ThreadPoolExecutor.java:628)
	at java.base/java.lang.Thread.run(Thread.java:829)
Caused by: org.openqa.selenium.devtools.DevToolsException: {"id":2408,"error":{"code":-32602,"message":"Invalid InterceptionId."},"sessionId":"69DE6D1A85B5D627489871F60443E14A"}
Build info: version: '4.11.0', revision: '040bc5406b'
System info: os.name: 'Windows 10', os.arch: 'amd64', os.version: '10.0', java.version: '11.0.18'
Driver info: driver.version: unknown
	at org.openqa.selenium.devtools.Connection.sendAndWait(Connection.java:181)
	at org.openqa.selenium.devtools.DevTools.send(DevTools.java:81)
	at org.openqa.selenium.devtools.idealized.Network.lambda$prepareToInterceptTraffic$3(Network.java:211)
	at org.openqa.selenium.remote.http.Filter.lambda$andFinally$1(Filter.java:55)
	at org.openqa.selenium.devtools.idealized.Network.lambda$prepareToInterceptTraffic$4(Network.java:226)
	at org.openqa.selenium.devtools.Connection.lambda$handle$4(Connection.java:321)
	at java.base/java.util.stream.ForEachOps$ForEachOp$OfRef.accept(ForEachOps.java:183)
	at java.base/java.util.stream.ReferencePipeline$2$1.accept(ReferencePipeline.java:177)
	at java.base/java.util.stream.ReferencePipeline$11$1.accept(ReferencePipeline.java:442)
	at java.base/java.util.HashMap$KeySpliterator.forEachRemaining(HashMap.java:1621)
	at java.base/java.util.stream.AbstractPipeline.copyInto(AbstractPipeline.java:484)
	at java.base/java.util.stream.AbstractPipeline.wrapAndCopyInto(AbstractPipeline.java:474)
	at java.base/java.util.stream.ForEachOps$ForEachOp.evaluateSequential(ForEachOps.java:150)
	at java.base/java.util.stream.ForEachOps$ForEachOp$OfRef.evaluateSequential(ForEachOps.java:173)
	at java.base/java.util.stream.AbstractPipeline.evaluate(AbstractPipeline.java:234)
	at java.base/java.util.stream.ReferencePipeline.forEach(ReferencePipeline.java:497)
	at org.openqa.selenium.devtools.Connection.handle(Connection.java:287)
	at org.openqa.selenium.devtools.Connection.access$200(Connection.java:57)
	at org.openqa.selenium.devtools.Connection$Listener.lambda$onText$0(Connection.java:224)
	... 3 more
Caused by: org.openqa.selenium.WebDriverException: {"id":2408,"error":{"code":-32602,"message":"Invalid InterceptionId."},"sessionId":"69DE6D1A85B5D627489871F60443E14A"}
Build info: version: '4.11.0', revision: '040bc5406b'
System info: os.name: 'Windows 10', os.arch: 'amd64', os.version: '10.0', java.version: '11.0.18'
Driver info: driver.version: unknown
	at org.openqa.selenium.devtools.Connection.handle(Connection.java:260)
	... 5 more
авг. 16, 2023 4:23:01 PM org.openqa.selenium.devtools.Connection$Listener lambda$onText$0
WARNING: Unable to process: {"method":"Fetch.requestPaused","params":{"requestId":"interception-job-388.0","request":{"url":"http://localhost:8080/static/media/icon_ok_m_white.5987da79.svg","method":"GET","headers":{"Accept":"image/avif,image/webp,image/apng,image/svg+xml,image/*,*/*;q=0.8","Referer":"http://localhost:8080/static/css/2.7d875902.chunk.css","User-Agent":"Mozilla/5.0 (Windows NT 10.0; Win64; x64) AppleWebKit/537.36 (KHTML, like Gecko) Chrome/116.0.0.0 Safari/537.36","sec-ch-ua":"\"Chromium\";v=\"116\", \"Not)A;Brand\";v=\"24\", \"Google Chrome\";v=\"116\"","sec-ch-ua-mobile":"?0","sec-ch-ua-platform":"\"Windows\""},"initialPriority":"Low","referrerPolicy":"strict-origin-when-cross-origin"},"frameId":"D165F02B89151667DFD1BF49856829E7","resourceType":"Image"},"sessionId":"69DE6D1A85B5D627489871F60443E14A"}
org.openqa.selenium.devtools.DevToolsException: {"id":2407,"error":{"code":-32602,"message":"Invalid InterceptionId."},"sessionId":"69DE6D1A85B5D627489871F60443E14A"}
Build info: version: '4.11.0', revision: '040bc5406b'
System info: os.name: 'Windows 10', os.arch: 'amd64', os.version: '10.0', java.version: '11.0.18'
Driver info: driver.version: unknown
	at org.openqa.selenium.devtools.Connection.sendAndWait(Connection.java:181)
	at org.openqa.selenium.devtools.DevTools.send(DevTools.java:81)
	at org.openqa.selenium.devtools.idealized.Network.lambda$prepareToInterceptTraffic$3(Network.java:211)
	at org.openqa.selenium.remote.http.Filter.lambda$andFinally$1(Filter.java:55)
	at org.openqa.selenium.devtools.idealized.Network.lambda$prepareToInterceptTraffic$4(Network.java:226)
	at org.openqa.selenium.devtools.Connection.lambda$handle$4(Connection.java:321)
	at java.base/java.util.stream.ForEachOps$ForEachOp$OfRef.accept(ForEachOps.java:183)
	at java.base/java.util.stream.ReferencePipeline$2$1.accept(ReferencePipeline.java:177)
	at java.base/java.util.stream.ReferencePipeline$11$1.accept(ReferencePipeline.java:442)
	at java.base/java.util.HashMap$KeySpliterator.forEachRemaining(HashMap.java:1621)
	at java.base/java.util.stream.AbstractPipeline.copyInto(AbstractPipeline.java:484)
	at java.base/java.util.stream.AbstractPipeline.wrapAndCopyInto(AbstractPipeline.java:474)
	at java.base/java.util.stream.ForEachOps$ForEachOp.evaluateSequential(ForEachOps.java:150)
	at java.base/java.util.stream.ForEachOps$ForEachOp$OfRef.evaluateSequential(ForEachOps.java:173)
	at java.base/java.util.stream.AbstractPipeline.evaluate(AbstractPipeline.java:234)
	at java.base/java.util.stream.ReferencePipeline.forEach(ReferencePipeline.java:497)
	at org.openqa.selenium.devtools.Connection.handle(Connection.java:287)
	at org.openqa.selenium.devtools.Connection.access$200(Connection.java:57)
	at org.openqa.selenium.devtools.Connection$Listener.lambda$onText$0(Connection.java:224)
	at java.base/java.util.concurrent.ThreadPoolExecutor.runWorker(ThreadPoolExecutor.java:1128)
	at java.base/java.util.concurrent.ThreadPoolExecutor$Worker.run(ThreadPoolExecutor.java:628)
	at java.base/java.lang.Thread.run(Thread.java:829)
Caused by: org.openqa.selenium.WebDriverException: {"id":2407,"error":{"code":-32602,"message":"Invalid InterceptionId."},"sessionId":"69DE6D1A85B5D627489871F60443E14A"}
Build info: version: '4.11.0', revision: '040bc5406b'
System info: os.name: 'Windows 10', os.arch: 'amd64', os.version: '10.0', java.version: '11.0.18'
Driver info: driver.version: unknown
	at org.openqa.selenium.devtools.Connection.handle(Connection.java:260)
	... 5 more

Exception in thread "CDP Connection" org.openqa.selenium.devtools.DevToolsException: {"id":2407,"error":{"code":-32602,"message":"Invalid InterceptionId."},"sessionId":"69DE6D1A85B5D627489871F60443E14A"}
Build info: version: '4.11.0', revision: '040bc5406b'
System info: os.name: 'Windows 10', os.arch: 'amd64', os.version: '10.0', java.version: '11.0.18'
Driver info: driver.version: unknown
	at org.openqa.selenium.devtools.Connection$Listener.lambda$onText$0(Connection.java:227)
	at java.base/java.util.concurrent.ThreadPoolExecutor.runWorker(ThreadPoolExecutor.java:1128)
	at java.base/java.util.concurrent.ThreadPoolExecutor$Worker.run(ThreadPoolExecutor.java:628)
	at java.base/java.lang.Thread.run(Thread.java:829)
Caused by: org.openqa.selenium.devtools.DevToolsException: {"id":2407,"error":{"code":-32602,"message":"Invalid InterceptionId."},"sessionId":"69DE6D1A85B5D627489871F60443E14A"}
Build info: version: '4.11.0', revision: '040bc5406b'
System info: os.name: 'Windows 10', os.arch: 'amd64', os.version: '10.0', java.version: '11.0.18'
Driver info: driver.version: unknown
	at org.openqa.selenium.devtools.Connection.sendAndWait(Connection.java:181)
	at org.openqa.selenium.devtools.DevTools.send(DevTools.java:81)
	at org.openqa.selenium.devtools.idealized.Network.lambda$prepareToInterceptTraffic$3(Network.java:211)
	at org.openqa.selenium.remote.http.Filter.lambda$andFinally$1(Filter.java:55)
	at org.openqa.selenium.devtools.idealized.Network.lambda$prepareToInterceptTraffic$4(Network.java:226)
	at org.openqa.selenium.devtools.Connection.lambda$handle$4(Connection.java:321)
	at java.base/java.util.stream.ForEachOps$ForEachOp$OfRef.accept(ForEachOps.java:183)
	at java.base/java.util.stream.ReferencePipeline$2$1.accept(ReferencePipeline.java:177)
	at java.base/java.util.stream.ReferencePipeline$11$1.accept(ReferencePipeline.java:442)
	at java.base/java.util.HashMap$KeySpliterator.forEachRemaining(HashMap.java:1621)
	at java.base/java.util.stream.AbstractPipeline.copyInto(AbstractPipeline.java:484)
	at java.base/java.util.stream.AbstractPipeline.wrapAndCopyInto(AbstractPipeline.java:474)
	at java.base/java.util.stream.ForEachOps$ForEachOp.evaluateSequential(ForEachOps.java:150)
	at java.base/java.util.stream.ForEachOps$ForEachOp$OfRef.evaluateSequential(ForEachOps.java:173)
	at java.base/java.util.stream.AbstractPipeline.evaluate(AbstractPipeline.java:234)
	at java.base/java.util.stream.ReferencePipeline.forEach(ReferencePipeline.java:497)
	at org.openqa.selenium.devtools.Connection.handle(Connection.java:287)
	at org.openqa.selenium.devtools.Connection.access$200(Connection.java:57)
	at org.openqa.selenium.devtools.Connection$Listener.lambda$onText$0(Connection.java:224)
	... 3 more
Caused by: org.openqa.selenium.WebDriverException: {"id":2407,"error":{"code":-32602,"message":"Invalid InterceptionId."},"sessionId":"69DE6D1A85B5D627489871F60443E14A"}
Build info: version: '4.11.0', revision: '040bc5406b'
System info: os.name: 'Windows 10', os.arch: 'amd64', os.version: '10.0', java.version: '11.0.18'
Driver info: driver.version: unknown
	at org.openqa.selenium.devtools.Connection.handle(Connection.java:260)
	... 5 more
авг. 16, 2023 4:23:07 PM org.openqa.selenium.devtools.Connection$Listener lambda$onText$0
WARNING: Unable to process: {"method":"Fetch.requestPaused","params":{"requestId":"interception-job-391.0","request":{"url":"http://localhost:8080/","method":"GET","headers":{"Accept":"text/html,application/xhtml+xml,application/xml;q=0.9,image/avif,image/webp,image/apng,*/*;q=0.8,application/signed-exchange;v=b3;q=0.7","Upgrade-Insecure-Requests":"1","User-Agent":"Mozilla/5.0 (Windows NT 10.0; Win64; x64) AppleWebKit/537.36 (KHTML, like Gecko) Chrome/116.0.0.0 Safari/537.36","sec-ch-ua":"\"Chromium\";v=\"116\", \"Not)A;Brand\";v=\"24\", \"Google Chrome\";v=\"116\"","sec-ch-ua-mobile":"?0","sec-ch-ua-platform":"\"Windows\""},"initialPriority":"VeryHigh","referrerPolicy":"strict-origin-when-cross-origin"},"frameId":"D165F02B89151667DFD1BF49856829E7","resourceType":"Document","responseStatusCode":200,"responseStatusText":"","responseHeaders":[{"name":"Vary","value":"Origin"},{"name":"Vary","value":"Access-Control-Request-Method"},{"name":"Vary","value":"Access-Control-Request-Headers"},{"name":"Last-Modified","value":"Thu, 03 Aug 2023 10:18:16 GMT"},{"name":"Date","value":"Wed, 16 Aug 2023 13:23:07 GMT"},{"name":"Accept-Ranges","value":"bytes"},{"name":"Content-Type","value":"text/html"},{"name":"Content-Language","value":"ru-RU"},{"name":"Content-Length","value":"2308"}]},"sessionId":"69DE6D1A85B5D627489871F60443E14A"}
org.openqa.selenium.devtools.DevToolsException: {"id":2415,"error":{"code":-32602,"message":"Invalid InterceptionId."},"sessionId":"69DE6D1A85B5D627489871F60443E14A"}
Build info: version: '4.11.0', revision: '040bc5406b'
System info: os.name: 'Windows 10', os.arch: 'amd64', os.version: '10.0', java.version: '11.0.18'
Driver info: driver.version: unknown
	at org.openqa.selenium.devtools.Connection.sendAndWait(Connection.java:181)
	at org.openqa.selenium.devtools.DevTools.send(DevTools.java:81)
	at org.openqa.selenium.devtools.idealized.Network.lambda$prepareToInterceptTraffic$4(Network.java:194)
	at org.openqa.selenium.devtools.Connection.lambda$handle$4(Connection.java:321)
	at java.base/java.util.stream.ForEachOps$ForEachOp$OfRef.accept(ForEachOps.java:183)
	at java.base/java.util.stream.ReferencePipeline$2$1.accept(ReferencePipeline.java:177)
	at java.base/java.util.stream.ReferencePipeline$11$1.accept(ReferencePipeline.java:442)
	at java.base/java.util.HashMap$KeySpliterator.forEachRemaining(HashMap.java:1621)
	at java.base/java.util.stream.AbstractPipeline.copyInto(AbstractPipeline.java:484)
	at java.base/java.util.stream.AbstractPipeline.wrapAndCopyInto(AbstractPipeline.java:474)
	at java.base/java.util.stream.ForEachOps$ForEachOp.evaluateSequential(ForEachOps.java:150)
	at java.base/java.util.stream.ForEachOps$ForEachOp$OfRef.evaluateSequential(ForEachOps.java:173)
	at java.base/java.util.stream.AbstractPipeline.evaluate(AbstractPipeline.java:234)
	at java.base/java.util.stream.ReferencePipeline.forEach(ReferencePipeline.java:497)
	at org.openqa.selenium.devtools.Connection.handle(Connection.java:287)
	at org.openqa.selenium.devtools.Connection.access$200(Connection.java:57)
	at org.openqa.selenium.devtools.Connection$Listener.lambda$onText$0(Connection.java:224)
	at java.base/java.util.concurrent.ThreadPoolExecutor.runWorker(ThreadPoolExecutor.java:1128)
	at java.base/java.util.concurrent.ThreadPoolExecutor$Worker.run(ThreadPoolExecutor.java:628)
	at java.base/java.lang.Thread.run(Thread.java:829)
Caused by: org.openqa.selenium.WebDriverException: {"id":2415,"error":{"code":-32602,"message":"Invalid InterceptionId."},"sessionId":"69DE6D1A85B5D627489871F60443E14A"}
Build info: version: '4.11.0', revision: '040bc5406b'
System info: os.name: 'Windows 10', os.arch: 'amd64', os.version: '10.0', java.version: '11.0.18'
Driver info: driver.version: unknown
	at org.openqa.selenium.devtools.Connection.handle(Connection.java:260)
	... 5 more

Exception in thread "CDP Connection" org.openqa.selenium.devtools.DevToolsException: {"id":2415,"error":{"code":-32602,"message":"Invalid InterceptionId."},"sessionId":"69DE6D1A85B5D627489871F60443E14A"}
Build info: version: '4.11.0', revision: '040bc5406b'
System info: os.name: 'Windows 10', os.arch: 'amd64', os.version: '10.0', java.version: '11.0.18'
Driver info: driver.version: unknown
	at org.openqa.selenium.devtools.Connection$Listener.lambda$onText$0(Connection.java:227)
	at java.base/java.util.concurrent.ThreadPoolExecutor.runWorker(ThreadPoolExecutor.java:1128)
	at java.base/java.util.concurrent.ThreadPoolExecutor$Worker.run(ThreadPoolExecutor.java:628)
	at java.base/java.lang.Thread.run(Thread.java:829)
Caused by: org.openqa.selenium.devtools.DevToolsException: {"id":2415,"error":{"code":-32602,"message":"Invalid InterceptionId."},"sessionId":"69DE6D1A85B5D627489871F60443E14A"}
Build info: version: '4.11.0', revision: '040bc5406b'
System info: os.name: 'Windows 10', os.arch: 'amd64', os.version: '10.0', java.version: '11.0.18'
Driver info: driver.version: unknown
	at org.openqa.selenium.devtools.Connection.sendAndWait(Connection.java:181)
	at org.openqa.selenium.devtools.DevTools.send(DevTools.java:81)
	at org.openqa.selenium.devtools.idealized.Network.lambda$prepareToInterceptTraffic$4(Network.java:194)
	at org.openqa.selenium.devtools.Connection.lambda$handle$4(Connection.java:321)
	at java.base/java.util.stream.ForEachOps$ForEachOp$OfRef.accept(ForEachOps.java:183)
	at java.base/java.util.stream.ReferencePipeline$2$1.accept(ReferencePipeline.java:177)
	at java.base/java.util.stream.ReferencePipeline$11$1.accept(ReferencePipeline.java:442)
	at java.base/java.util.HashMap$KeySpliterator.forEachRemaining(HashMap.java:1621)
	at java.base/java.util.stream.AbstractPipeline.copyInto(AbstractPipeline.java:484)
	at java.base/java.util.stream.AbstractPipeline.wrapAndCopyInto(AbstractPipeline.java:474)
	at java.base/java.util.stream.ForEachOps$ForEachOp.evaluateSequential(ForEachOps.java:150)
	at java.base/java.util.stream.ForEachOps$ForEachOp$OfRef.evaluateSequential(ForEachOps.java:173)
	at java.base/java.util.stream.AbstractPipeline.evaluate(AbstractPipeline.java:234)
	at java.base/java.util.stream.ReferencePipeline.forEach(ReferencePipeline.java:497)
	at org.openqa.selenium.devtools.Connection.handle(Connection.java:287)
	at org.openqa.selenium.devtools.Connection.access$200(Connection.java:57)
	at org.openqa.selenium.devtools.Connection$Listener.lambda$onText$0(Connection.java:224)
	... 3 more
Caused by: org.openqa.selenium.WebDriverException: {"id":2415,"error":{"code":-32602,"message":"Invalid InterceptionId."},"sessionId":"69DE6D1A85B5D627489871F60443E14A"}
Build info: version: '4.11.0', revision: '040bc5406b'
System info: os.name: 'Windows 10', os.arch: 'amd64', os.version: '10.0', java.version: '11.0.18'
Driver info: driver.version: unknown
	at org.openqa.selenium.devtools.Connection.handle(Connection.java:260)
	... 5 more
авг. 16, 2023 4:23:07 PM org.openqa.selenium.devtools.Connection$Listener lambda$onText$0
WARNING: Unable to process: {"method":"Fetch.requestPaused","params":{"requestId":"interception-job-391.0","request":{"url":"http://localhost:8080/","method":"GET","headers":{"Accept":"text/html,application/xhtml+xml,application/xml;q=0.9,image/avif,image/webp,image/apng,*/*;q=0.8,application/signed-exchange;v=b3;q=0.7","Upgrade-Insecure-Requests":"1","User-Agent":"Mozilla/5.0 (Windows NT 10.0; Win64; x64) AppleWebKit/537.36 (KHTML, like Gecko) Chrome/116.0.0.0 Safari/537.36","sec-ch-ua":"\"Chromium\";v=\"116\", \"Not)A;Brand\";v=\"24\", \"Google Chrome\";v=\"116\"","sec-ch-ua-mobile":"?0","sec-ch-ua-platform":"\"Windows\""},"initialPriority":"VeryHigh","referrerPolicy":"strict-origin-when-cross-origin"},"frameId":"D165F02B89151667DFD1BF49856829E7","resourceType":"Document"},"sessionId":"69DE6D1A85B5D627489871F60443E14A"}
org.openqa.selenium.devtools.DevToolsException: {"id":2416,"error":{"code":-32602,"message":"Invalid InterceptionId."},"sessionId":"69DE6D1A85B5D627489871F60443E14A"}
Build info: version: '4.11.0', revision: '040bc5406b'
System info: os.name: 'Windows 10', os.arch: 'amd64', os.version: '10.0', java.version: '11.0.18'
Driver info: driver.version: unknown
	at org.openqa.selenium.devtools.Connection.sendAndWait(Connection.java:181)
	at org.openqa.selenium.devtools.DevTools.send(DevTools.java:81)
	at org.openqa.selenium.devtools.idealized.Network.lambda$prepareToInterceptTraffic$3(Network.java:211)
	at org.openqa.selenium.remote.http.Filter.lambda$andFinally$1(Filter.java:55)
	at org.openqa.selenium.devtools.idealized.Network.lambda$prepareToInterceptTraffic$4(Network.java:226)
	at org.openqa.selenium.devtools.Connection.lambda$handle$4(Connection.java:321)
	at java.base/java.util.stream.ForEachOps$ForEachOp$OfRef.accept(ForEachOps.java:183)
	at java.base/java.util.stream.ReferencePipeline$2$1.accept(ReferencePipeline.java:177)
	at java.base/java.util.stream.ReferencePipeline$11$1.accept(ReferencePipeline.java:442)
	at java.base/java.util.HashMap$KeySpliterator.forEachRemaining(HashMap.java:1621)
	at java.base/java.util.stream.AbstractPipeline.copyInto(AbstractPipeline.java:484)
	at java.base/java.util.stream.AbstractPipeline.wrapAndCopyInto(AbstractPipeline.java:474)
	at java.base/java.util.stream.ForEachOps$ForEachOp.evaluateSequential(ForEachOps.java:150)
	at java.base/java.util.stream.ForEachOps$ForEachOp$OfRef.evaluateSequential(ForEachOps.java:173)
	at java.base/java.util.stream.AbstractPipeline.evaluate(AbstractPipeline.java:234)
	at java.base/java.util.stream.ReferencePipeline.forEach(ReferencePipeline.java:497)
	at org.openqa.selenium.devtools.Connection.handle(Connection.java:287)
	at org.openqa.selenium.devtools.Connection.access$200(Connection.java:57)
	at org.openqa.selenium.devtools.Connection$Listener.lambda$onText$0(Connection.java:224)
	at java.base/java.util.concurrent.ThreadPoolExecutor.runWorker(ThreadPoolExecutor.java:1128)
	at java.base/java.util.concurrent.ThreadPoolExecutor$Worker.run(ThreadPoolExecutor.java:628)
	at java.base/java.lang.Thread.run(Thread.java:829)
Caused by: org.openqa.selenium.WebDriverException: {"id":2416,"error":{"code":-32602,"message":"Invalid InterceptionId."},"sessionId":"69DE6D1A85B5D627489871F60443E14A"}
Build info: version: '4.11.0', revision: '040bc5406b'
System info: os.name: 'Windows 10', os.arch: 'amd64', os.version: '10.0', java.version: '11.0.18'
Driver info: driver.version: unknown
	at org.openqa.selenium.devtools.Connection.handle(Connection.java:260)
	... 5 more

Exception in thread "CDP Connection" org.openqa.selenium.devtools.DevToolsException: {"id":2416,"error":{"code":-32602,"message":"Invalid InterceptionId."},"sessionId":"69DE6D1A85B5D627489871F60443E14A"}
Build info: version: '4.11.0', revision: '040bc5406b'
System info: os.name: 'Windows 10', os.arch: 'amd64', os.version: '10.0', java.version: '11.0.18'
Driver info: driver.version: unknown
	at org.openqa.selenium.devtools.Connection$Listener.lambda$onText$0(Connection.java:227)
	at java.base/java.util.concurrent.ThreadPoolExecutor.runWorker(ThreadPoolExecutor.java:1128)
	at java.base/java.util.concurrent.ThreadPoolExecutor$Worker.run(ThreadPoolExecutor.java:628)
	at java.base/java.lang.Thread.run(Thread.java:829)
Caused by: org.openqa.selenium.devtools.DevToolsException: {"id":2416,"error":{"code":-32602,"message":"Invalid InterceptionId."},"sessionId":"69DE6D1A85B5D627489871F60443E14A"}
Build info: version: '4.11.0', revision: '040bc5406b'
System info: os.name: 'Windows 10', os.arch: 'amd64', os.version: '10.0', java.version: '11.0.18'
Driver info: driver.version: unknown
	at org.openqa.selenium.devtools.Connection.sendAndWait(Connection.java:181)
	at org.openqa.selenium.devtools.DevTools.send(DevTools.java:81)
	at org.openqa.selenium.devtools.idealized.Network.lambda$prepareToInterceptTraffic$3(Network.java:211)
	at org.openqa.selenium.remote.http.Filter.lambda$andFinally$1(Filter.java:55)
	at org.openqa.selenium.devtools.idealized.Network.lambda$prepareToInterceptTraffic$4(Network.java:226)
	at org.openqa.selenium.devtools.Connection.lambda$handle$4(Connection.java:321)
	at java.base/java.util.stream.ForEachOps$ForEachOp$OfRef.accept(ForEachOps.java:183)
	at java.base/java.util.stream.ReferencePipeline$2$1.accept(ReferencePipeline.java:177)
	at java.base/java.util.stream.ReferencePipeline$11$1.accept(ReferencePipeline.java:442)
	at java.base/java.util.HashMap$KeySpliterator.forEachRemaining(HashMap.java:1621)
	at java.base/java.util.stream.AbstractPipeline.copyInto(AbstractPipeline.java:484)
	at java.base/java.util.stream.AbstractPipeline.wrapAndCopyInto(AbstractPipeline.java:474)
	at java.base/java.util.stream.ForEachOps$ForEachOp.evaluateSequential(ForEachOps.java:150)
	at java.base/java.util.stream.ForEachOps$ForEachOp$OfRef.evaluateSequential(ForEachOps.java:173)
	at java.base/java.util.stream.AbstractPipeline.evaluate(AbstractPipeline.java:234)
	at java.base/java.util.stream.ReferencePipeline.forEach(ReferencePipeline.java:497)
	at org.openqa.selenium.devtools.Connection.handle(Connection.java:287)
	at org.openqa.selenium.devtools.Connection.access$200(Connection.java:57)
	at org.openqa.selenium.devtools.Connection$Listener.lambda$onText$0(Connection.java:224)
	... 3 more
Caused by: org.openqa.selenium.WebDriverException: {"id":2416,"error":{"code":-32602,"message":"Invalid InterceptionId."},"sessionId":"69DE6D1A85B5D627489871F60443E14A"}
Build info: version: '4.11.0', revision: '040bc5406b'
System info: os.name: 'Windows 10', os.arch: 'amd64', os.version: '10.0', java.version: '11.0.18'
Driver info: driver.version: unknown
	at org.openqa.selenium.devtools.Connection.handle(Connection.java:260)
	... 5 more
авг. 16, 2023 4:23:07 PM org.openqa.selenium.devtools.Connection$Listener lambda$onText$0
WARNING: Unable to process: {"method":"Fetch.requestPaused","params":{"requestId":"interception-job-395.0","request":{"url":"http://localhost:8080/static/js/main.aab190f3.chunk.js","method":"GET","headers":{"Accept":"*/*","Referer":"http://localhost:8080/","User-Agent":"Mozilla/5.0 (Windows NT 10.0; Win64; x64) AppleWebKit/537.36 (KHTML, like Gecko) Chrome/116.0.0.0 Safari/537.36","sec-ch-ua":"\"Chromium\";v=\"116\", \"Not)A;Brand\";v=\"24\", \"Google Chrome\";v=\"116\"","sec-ch-ua-mobile":"?0","sec-ch-ua-platform":"\"Windows\""},"initialPriority":"High","referrerPolicy":"unsafe-url"},"frameId":"D165F02B89151667DFD1BF49856829E7","resourceType":"Script","responseStatusCode":200,"responseStatusText":"","responseHeaders":[{"name":"Vary","value":"Origin"},{"name":"Vary","value":"Access-Control-Request-Method"},{"name":"Vary","value":"Access-Control-Request-Headers"},{"name":"Last-Modified","value":"Thu, 03 Aug 2023 10:18:16 GMT"},{"name":"Accept-Ranges","value":"bytes"},{"name":"Content-Type","value":"application/javascript"},{"name":"Content-Length","value":"9137"},{"name":"Date","value":"Wed, 16 Aug 2023 13:20:22 GMT"}]},"sessionId":"69DE6D1A85B5D627489871F60443E14A"}
org.openqa.selenium.devtools.DevToolsException: {"id":2426,"error":{"code":-32602,"message":"Invalid InterceptionId."},"sessionId":"69DE6D1A85B5D627489871F60443E14A"}
Build info: version: '4.11.0', revision: '040bc5406b'
System info: os.name: 'Windows 10', os.arch: 'amd64', os.version: '10.0', java.version: '11.0.18'
Driver info: driver.version: unknown
	at org.openqa.selenium.devtools.Connection.sendAndWait(Connection.java:181)
	at org.openqa.selenium.devtools.DevTools.send(DevTools.java:81)
	at org.openqa.selenium.devtools.idealized.Network.lambda$prepareToInterceptTraffic$4(Network.java:194)
	at org.openqa.selenium.devtools.Connection.lambda$handle$4(Connection.java:321)
	at java.base/java.util.stream.ForEachOps$ForEachOp$OfRef.accept(ForEachOps.java:183)
	at java.base/java.util.stream.ReferencePipeline$2$1.accept(ReferencePipeline.java:177)
	at java.base/java.util.stream.ReferencePipeline$11$1.accept(ReferencePipeline.java:442)
	at java.base/java.util.HashMap$KeySpliterator.forEachRemaining(HashMap.java:1621)
	at java.base/java.util.stream.AbstractPipeline.copyInto(AbstractPipeline.java:484)
	at java.base/java.util.stream.AbstractPipeline.wrapAndCopyInto(AbstractPipeline.java:474)
	at java.base/java.util.stream.ForEachOps$ForEachOp.evaluateSequential(ForEachOps.java:150)
	at java.base/java.util.stream.ForEachOps$ForEachOp$OfRef.evaluateSequential(ForEachOps.java:173)
	at java.base/java.util.stream.AbstractPipeline.evaluate(AbstractPipeline.java:234)
	at java.base/java.util.stream.ReferencePipeline.forEach(ReferencePipeline.java:497)
	at org.openqa.selenium.devtools.Connection.handle(Connection.java:287)
	at org.openqa.selenium.devtools.Connection.access$200(Connection.java:57)
	at org.openqa.selenium.devtools.Connection$Listener.lambda$onText$0(Connection.java:224)
	at java.base/java.util.concurrent.ThreadPoolExecutor.runWorker(ThreadPoolExecutor.java:1128)
	at java.base/java.util.concurrent.ThreadPoolExecutor$Worker.run(ThreadPoolExecutor.java:628)
	at java.base/java.lang.Thread.run(Thread.java:829)
Caused by: org.openqa.selenium.WebDriverException: {"id":2426,"error":{"code":-32602,"message":"Invalid InterceptionId."},"sessionId":"69DE6D1A85B5D627489871F60443E14A"}
Build info: version: '4.11.0', revision: '040bc5406b'
System info: os.name: 'Windows 10', os.arch: 'amd64', os.version: '10.0', java.version: '11.0.18'
Driver info: driver.version: unknown
	at org.openqa.selenium.devtools.Connection.handle(Connection.java:260)
	... 5 more

Exception in thread "CDP Connection" org.openqa.selenium.devtools.DevToolsException: {"id":2426,"error":{"code":-32602,"message":"Invalid InterceptionId."},"sessionId":"69DE6D1A85B5D627489871F60443E14A"}
Build info: version: '4.11.0', revision: '040bc5406b'
System info: os.name: 'Windows 10', os.arch: 'amd64', os.version: '10.0', java.version: '11.0.18'
Driver info: driver.version: unknown
	at org.openqa.selenium.devtools.Connection$Listener.lambda$onText$0(Connection.java:227)
	at java.base/java.util.concurrent.ThreadPoolExecutor.runWorker(ThreadPoolExecutor.java:1128)
	at java.base/java.util.concurrent.ThreadPoolExecutor$Worker.run(ThreadPoolExecutor.java:628)
	at java.base/java.lang.Thread.run(Thread.java:829)
Caused by: org.openqa.selenium.devtools.DevToolsException: {"id":2426,"error":{"code":-32602,"message":"Invalid InterceptionId."},"sessionId":"69DE6D1A85B5D627489871F60443E14A"}
Build info: version: '4.11.0', revision: '040bc5406b'
System info: os.name: 'Windows 10', os.arch: 'amd64', os.version: '10.0', java.version: '11.0.18'
Driver info: driver.version: unknown
	at org.openqa.selenium.devtools.Connection.sendAndWait(Connection.java:181)
	at org.openqa.selenium.devtools.DevTools.send(DevTools.java:81)
	at org.openqa.selenium.devtools.idealized.Network.lambda$prepareToInterceptTraffic$4(Network.java:194)
	at org.openqa.selenium.devtools.Connection.lambda$handle$4(Connection.java:321)
	at java.base/java.util.stream.ForEachOps$ForEachOp$OfRef.accept(ForEachOps.java:183)
	at java.base/java.util.stream.ReferencePipeline$2$1.accept(ReferencePipeline.java:177)
	at java.base/java.util.stream.ReferencePipeline$11$1.accept(ReferencePipeline.java:442)
	at java.base/java.util.HashMap$KeySpliterator.forEachRemaining(HashMap.java:1621)
	at java.base/java.util.stream.AbstractPipeline.copyInto(AbstractPipeline.java:484)
	at java.base/java.util.stream.AbstractPipeline.wrapAndCopyInto(AbstractPipeline.java:474)
	at java.base/java.util.stream.ForEachOps$ForEachOp.evaluateSequential(ForEachOps.java:150)
	at java.base/java.util.stream.ForEachOps$ForEachOp$OfRef.evaluateSequential(ForEachOps.java:173)
	at java.base/java.util.stream.AbstractPipeline.evaluate(AbstractPipeline.java:234)
	at java.base/java.util.stream.ReferencePipeline.forEach(ReferencePipeline.java:497)
	at org.openqa.selenium.devtools.Connection.handle(Connection.java:287)
	at org.openqa.selenium.devtools.Connection.access$200(Connection.java:57)
	at org.openqa.selenium.devtools.Connection$Listener.lambda$onText$0(Connection.java:224)
	... 3 more
Caused by: org.openqa.selenium.WebDriverException: {"id":2426,"error":{"code":-32602,"message":"Invalid InterceptionId."},"sessionId":"69DE6D1A85B5D627489871F60443E14A"}
Build info: version: '4.11.0', revision: '040bc5406b'
System info: os.name: 'Windows 10', os.arch: 'amd64', os.version: '10.0', java.version: '11.0.18'
Driver info: driver.version: unknown
	at org.openqa.selenium.devtools.Connection.handle(Connection.java:260)
	... 5 more
авг. 16, 2023 4:23:07 PM org.openqa.selenium.devtools.Connection$Listener lambda$onText$0
WARNING: Unable to process: {"method":"Fetch.requestPaused","params":{"requestId":"interception-job-395.0","request":{"url":"http://localhost:8080/static/js/main.aab190f3.chunk.js","method":"GET","headers":{"Accept":"*/*","Referer":"http://localhost:8080/","User-Agent":"Mozilla/5.0 (Windows NT 10.0; Win64; x64) AppleWebKit/537.36 (KHTML, like Gecko) Chrome/116.0.0.0 Safari/537.36","sec-ch-ua":"\"Chromium\";v=\"116\", \"Not)A;Brand\";v=\"24\", \"Google Chrome\";v=\"116\"","sec-ch-ua-mobile":"?0","sec-ch-ua-platform":"\"Windows\""},"initialPriority":"High","referrerPolicy":"strict-origin-when-cross-origin"},"frameId":"D165F02B89151667DFD1BF49856829E7","resourceType":"Script"},"sessionId":"69DE6D1A85B5D627489871F60443E14A"}
org.openqa.selenium.devtools.DevToolsException: {"id":2428,"error":{"code":-32602,"message":"Invalid InterceptionId."},"sessionId":"69DE6D1A85B5D627489871F60443E14A"}
Build info: version: '4.11.0', revision: '040bc5406b'
System info: os.name: 'Windows 10', os.arch: 'amd64', os.version: '10.0', java.version: '11.0.18'
Driver info: driver.version: unknown
	at org.openqa.selenium.devtools.Connection.sendAndWait(Connection.java:181)
	at org.openqa.selenium.devtools.DevTools.send(DevTools.java:81)
	at org.openqa.selenium.devtools.idealized.Network.lambda$prepareToInterceptTraffic$3(Network.java:211)
	at org.openqa.selenium.remote.http.Filter.lambda$andFinally$1(Filter.java:55)
	at org.openqa.selenium.devtools.idealized.Network.lambda$prepareToInterceptTraffic$4(Network.java:226)
	at org.openqa.selenium.devtools.Connection.lambda$handle$4(Connection.java:321)
	at java.base/java.util.stream.ForEachOps$ForEachOp$OfRef.accept(ForEachOps.java:183)
	at java.base/java.util.stream.ReferencePipeline$2$1.accept(ReferencePipeline.java:177)
	at java.base/java.util.stream.ReferencePipeline$11$1.accept(ReferencePipeline.java:442)
	at java.base/java.util.HashMap$KeySpliterator.forEachRemaining(HashMap.java:1621)
	at java.base/java.util.stream.AbstractPipeline.copyInto(AbstractPipeline.java:484)
	at java.base/java.util.stream.AbstractPipeline.wrapAndCopyInto(AbstractPipeline.java:474)
	at java.base/java.util.stream.ForEachOps$ForEachOp.evaluateSequential(ForEachOps.java:150)
	at java.base/java.util.stream.ForEachOps$ForEachOp$OfRef.evaluateSequential(ForEachOps.java:173)
	at java.base/java.util.stream.AbstractPipeline.evaluate(AbstractPipeline.java:234)
	at java.base/java.util.stream.ReferencePipeline.forEach(ReferencePipeline.java:497)
	at org.openqa.selenium.devtools.Connection.handle(Connection.java:287)
	at org.openqa.selenium.devtools.Connection.access$200(Connection.java:57)
	at org.openqa.selenium.devtools.Connection$Listener.lambda$onText$0(Connection.java:224)
	at java.base/java.util.concurrent.ThreadPoolExecutor.runWorker(ThreadPoolExecutor.java:1128)
	at java.base/java.util.concurrent.ThreadPoolExecutor$Worker.run(ThreadPoolExecutor.java:628)
	at java.base/java.lang.Thread.run(Thread.java:829)
Caused by: org.openqa.selenium.WebDriverException: {"id":2428,"error":{"code":-32602,"message":"Invalid InterceptionId."},"sessionId":"69DE6D1A85B5D627489871F60443E14A"}
Build info: version: '4.11.0', revision: '040bc5406b'
System info: os.name: 'Windows 10', os.arch: 'amd64', os.version: '10.0', java.version: '11.0.18'
Driver info: driver.version: unknown
	at org.openqa.selenium.devtools.Connection.handle(Connection.java:260)
	... 5 more

Exception in thread "CDP Connection" org.openqa.selenium.devtools.DevToolsException: {"id":2428,"error":{"code":-32602,"message":"Invalid InterceptionId."},"sessionId":"69DE6D1A85B5D627489871F60443E14A"}
Build info: version: '4.11.0', revision: '040bc5406b'
System info: os.name: 'Windows 10', os.arch: 'amd64', os.version: '10.0', java.version: '11.0.18'
Driver info: driver.version: unknown
	at org.openqa.selenium.devtools.Connection$Listener.lambda$onText$0(Connection.java:227)
	at java.base/java.util.concurrent.ThreadPoolExecutor.runWorker(ThreadPoolExecutor.java:1128)
	at java.base/java.util.concurrent.ThreadPoolExecutor$Worker.run(ThreadPoolExecutor.java:628)
	at java.base/java.lang.Thread.run(Thread.java:829)
Caused by: org.openqa.selenium.devtools.DevToolsException: {"id":2428,"error":{"code":-32602,"message":"Invalid InterceptionId."},"sessionId":"69DE6D1A85B5D627489871F60443E14A"}
Build info: version: '4.11.0', revision: '040bc5406b'
System info: os.name: 'Windows 10', os.arch: 'amd64', os.version: '10.0', java.version: '11.0.18'
Driver info: driver.version: unknown
	at org.openqa.selenium.devtools.Connection.sendAndWait(Connection.java:181)
	at org.openqa.selenium.devtools.DevTools.send(DevTools.java:81)
	at org.openqa.selenium.devtools.idealized.Network.lambda$prepareToInterceptTraffic$3(Network.java:211)
	at org.openqa.selenium.remote.http.Filter.lambda$andFinally$1(Filter.java:55)
	at org.openqa.selenium.devtools.idealized.Network.lambda$prepareToInterceptTraffic$4(Network.java:226)
	at org.openqa.selenium.devtools.Connection.lambda$handle$4(Connection.java:321)
	at java.base/java.util.stream.ForEachOps$ForEachOp$OfRef.accept(ForEachOps.java:183)
	at java.base/java.util.stream.ReferencePipeline$2$1.accept(ReferencePipeline.java:177)
	at java.base/java.util.stream.ReferencePipeline$11$1.accept(ReferencePipeline.java:442)
	at java.base/java.util.HashMap$KeySpliterator.forEachRemaining(HashMap.java:1621)
	at java.base/java.util.stream.AbstractPipeline.copyInto(AbstractPipeline.java:484)
	at java.base/java.util.stream.AbstractPipeline.wrapAndCopyInto(AbstractPipeline.java:474)
	at java.base/java.util.stream.ForEachOps$ForEachOp.evaluateSequential(ForEachOps.java:150)
	at java.base/java.util.stream.ForEachOps$ForEachOp$OfRef.evaluateSequential(ForEachOps.java:173)
	at java.base/java.util.stream.AbstractPipeline.evaluate(AbstractPipeline.java:234)
	at java.base/java.util.stream.ReferencePipeline.forEach(ReferencePipeline.java:497)
	at org.openqa.selenium.devtools.Connection.handle(Connection.java:287)
	at org.openqa.selenium.devtools.Connection.access$200(Connection.java:57)
	at org.openqa.selenium.devtools.Connection$Listener.lambda$onText$0(Connection.java:224)
	... 3 more
Caused by: org.openqa.selenium.WebDriverException: {"id":2428,"error":{"code":-32602,"message":"Invalid InterceptionId."},"sessionId":"69DE6D1A85B5D627489871F60443E14A"}
Build info: version: '4.11.0', revision: '040bc5406b'
System info: os.name: 'Windows 10', os.arch: 'amd64', os.version: '10.0', java.version: '11.0.18'
Driver info: driver.version: unknown
	at org.openqa.selenium.devtools.Connection.handle(Connection.java:260)
	... 5 more
авг. 16, 2023 4:23:07 PM org.openqa.selenium.devtools.Connection$Listener lambda$onText$0
WARNING: Unable to process: {"method":"Fetch.requestPaused","params":{"requestId":"interception-job-393.0","request":{"url":"http://localhost:8080/static/css/main.8978894b.chunk.css","method":"GET","headers":{"Accept":"text/css,*/*;q=0.1","Referer":"http://localhost:8080/","User-Agent":"Mozilla/5.0 (Windows NT 10.0; Win64; x64) AppleWebKit/537.36 (KHTML, like Gecko) Chrome/116.0.0.0 Safari/537.36","sec-ch-ua":"\"Chromium\";v=\"116\", \"Not)A;Brand\";v=\"24\", \"Google Chrome\";v=\"116\"","sec-ch-ua-mobile":"?0","sec-ch-ua-platform":"\"Windows\""},"initialPriority":"VeryHigh","referrerPolicy":"strict-origin-when-cross-origin"},"frameId":"D165F02B89151667DFD1BF49856829E7","resourceType":"Stylesheet"},"sessionId":"69DE6D1A85B5D627489871F60443E14A"}
org.openqa.selenium.devtools.DevToolsException: {"id":2430,"error":{"code":-32602,"message":"Invalid InterceptionId."},"sessionId":"69DE6D1A85B5D627489871F60443E14A"}
Build info: version: '4.11.0', revision: '040bc5406b'
System info: os.name: 'Windows 10', os.arch: 'amd64', os.version: '10.0', java.version: '11.0.18'
Driver info: driver.version: unknown
	at org.openqa.selenium.devtools.Connection.sendAndWait(Connection.java:181)
	at org.openqa.selenium.devtools.DevTools.send(DevTools.java:81)
	at org.openqa.selenium.devtools.idealized.Network.lambda$prepareToInterceptTraffic$4(Network.java:233)
	at org.openqa.selenium.devtools.Connection.lambda$handle$4(Connection.java:321)
	at java.base/java.util.stream.ForEachOps$ForEachOp$OfRef.accept(ForEachOps.java:183)
	at java.base/java.util.stream.ReferencePipeline$2$1.accept(ReferencePipeline.java:177)
	at java.base/java.util.stream.ReferencePipeline$11$1.accept(ReferencePipeline.java:442)
	at java.base/java.util.HashMap$KeySpliterator.forEachRemaining(HashMap.java:1621)
	at java.base/java.util.stream.AbstractPipeline.copyInto(AbstractPipeline.java:484)
	at java.base/java.util.stream.AbstractPipeline.wrapAndCopyInto(AbstractPipeline.java:474)
	at java.base/java.util.stream.ForEachOps$ForEachOp.evaluateSequential(ForEachOps.java:150)
	at java.base/java.util.stream.ForEachOps$ForEachOp$OfRef.evaluateSequential(ForEachOps.java:173)
	at java.base/java.util.stream.AbstractPipeline.evaluate(AbstractPipeline.java:234)
	at java.base/java.util.stream.ReferencePipeline.forEach(ReferencePipeline.java:497)
	at org.openqa.selenium.devtools.Connection.handle(Connection.java:287)
	at org.openqa.selenium.devtools.Connection.access$200(Connection.java:57)
	at org.openqa.selenium.devtools.Connection$Listener.lambda$onText$0(Connection.java:224)
	at java.base/java.util.concurrent.ThreadPoolExecutor.runWorker(ThreadPoolExecutor.java:1128)
	at java.base/java.util.concurrent.ThreadPoolExecutor$Worker.run(ThreadPoolExecutor.java:628)
	at java.base/java.lang.Thread.run(Thread.java:829)
Caused by: org.openqa.selenium.WebDriverException: {"id":2430,"error":{"code":-32602,"message":"Invalid InterceptionId."},"sessionId":"69DE6D1A85B5D627489871F60443E14A"}
Build info: version: '4.11.0', revision: '040bc5406b'
System info: os.name: 'Windows 10', os.arch: 'amd64', os.version: '10.0', java.version: '11.0.18'
Driver info: driver.version: unknown
	at org.openqa.selenium.devtools.Connection.handle(Connection.java:260)
	... 5 more

Exception in thread "CDP Connection" org.openqa.selenium.devtools.DevToolsException: {"id":2430,"error":{"code":-32602,"message":"Invalid InterceptionId."},"sessionId":"69DE6D1A85B5D627489871F60443E14A"}
Build info: version: '4.11.0', revision: '040bc5406b'
System info: os.name: 'Windows 10', os.arch: 'amd64', os.version: '10.0', java.version: '11.0.18'
Driver info: driver.version: unknown
	at org.openqa.selenium.devtools.Connection$Listener.lambda$onText$0(Connection.java:227)
	at java.base/java.util.concurrent.ThreadPoolExecutor.runWorker(ThreadPoolExecutor.java:1128)
	at java.base/java.util.concurrent.ThreadPoolExecutor$Worker.run(ThreadPoolExecutor.java:628)
	at java.base/java.lang.Thread.run(Thread.java:829)
Caused by: org.openqa.selenium.devtools.DevToolsException: {"id":2430,"error":{"code":-32602,"message":"Invalid InterceptionId."},"sessionId":"69DE6D1A85B5D627489871F60443E14A"}
Build info: version: '4.11.0', revision: '040bc5406b'
System info: os.name: 'Windows 10', os.arch: 'amd64', os.version: '10.0', java.version: '11.0.18'
Driver info: driver.version: unknown
	at org.openqa.selenium.devtools.Connection.sendAndWait(Connection.java:181)
	at org.openqa.selenium.devtools.DevTools.send(DevTools.java:81)
	at org.openqa.selenium.devtools.idealized.Network.lambda$prepareToInterceptTraffic$4(Network.java:233)
	at org.openqa.selenium.devtools.Connection.lambda$handle$4(Connection.java:321)
	at java.base/java.util.stream.ForEachOps$ForEachOp$OfRef.accept(ForEachOps.java:183)
	at java.base/java.util.stream.ReferencePipeline$2$1.accept(ReferencePipeline.java:177)
	at java.base/java.util.stream.ReferencePipeline$11$1.accept(ReferencePipeline.java:442)
	at java.base/java.util.HashMap$KeySpliterator.forEachRemaining(HashMap.java:1621)
	at java.base/java.util.stream.AbstractPipeline.copyInto(AbstractPipeline.java:484)
	at java.base/java.util.stream.AbstractPipeline.wrapAndCopyInto(AbstractPipeline.java:474)
	at java.base/java.util.stream.ForEachOps$ForEachOp.evaluateSequential(ForEachOps.java:150)
	at java.base/java.util.stream.ForEachOps$ForEachOp$OfRef.evaluateSequential(ForEachOps.java:173)
	at java.base/java.util.stream.AbstractPipeline.evaluate(AbstractPipeline.java:234)
	at java.base/java.util.stream.ReferencePipeline.forEach(ReferencePipeline.java:497)
	at org.openqa.selenium.devtools.Connection.handle(Connection.java:287)
	at org.openqa.selenium.devtools.Connection.access$200(Connection.java:57)
	at org.openqa.selenium.devtools.Connection$Listener.lambda$onText$0(Connection.java:224)
	... 3 more
Caused by: org.openqa.selenium.WebDriverException: {"id":2430,"error":{"code":-32602,"message":"Invalid InterceptionId."},"sessionId":"69DE6D1A85B5D627489871F60443E14A"}
Build info: version: '4.11.0', revision: '040bc5406b'
System info: os.name: 'Windows 10', os.arch: 'amd64', os.version: '10.0', java.version: '11.0.18'
Driver info: driver.version: unknown
	at org.openqa.selenium.devtools.Connection.handle(Connection.java:260)
	... 5 more
авг. 16, 2023 4:23:07 PM org.openqa.selenium.devtools.Connection$Listener lambda$onText$0
WARNING: Unable to process: {"method":"Fetch.requestPaused","params":{"requestId":"interception-job-393.0","request":{"url":"http://localhost:8080/static/css/main.8978894b.chunk.css","method":"GET","headers":{"Accept":"text/css,*/*;q=0.1","Referer":"http://localhost:8080/","User-Agent":"Mozilla/5.0 (Windows NT 10.0; Win64; x64) AppleWebKit/537.36 (KHTML, like Gecko) Chrome/116.0.0.0 Safari/537.36","sec-ch-ua":"\"Chromium\";v=\"116\", \"Not)A;Brand\";v=\"24\", \"Google Chrome\";v=\"116\"","sec-ch-ua-mobile":"?0","sec-ch-ua-platform":"\"Windows\""},"initialPriority":"VeryHigh","referrerPolicy":"unsafe-url"},"frameId":"D165F02B89151667DFD1BF49856829E7","resourceType":"Stylesheet","responseStatusCode":200,"responseStatusText":"","responseHeaders":[{"name":"Vary","value":"Origin"},{"name":"Vary","value":"Access-Control-Request-Method"},{"name":"Vary","value":"Access-Control-Request-Headers"},{"name":"Last-Modified","value":"Thu, 03 Aug 2023 10:18:16 GMT"},{"name":"Accept-Ranges","value":"bytes"},{"name":"Content-Type","value":"text/css"},{"name":"Content-Length","value":"700"},{"name":"Date","value":"Wed, 16 Aug 2023 13:20:22 GMT"}]},"sessionId":"69DE6D1A85B5D627489871F60443E14A"}
org.openqa.selenium.devtools.DevToolsException: {"id":2433,"error":{"code":-32602,"message":"Invalid InterceptionId."},"sessionId":"69DE6D1A85B5D627489871F60443E14A"}
Build info: version: '4.11.0', revision: '040bc5406b'
System info: os.name: 'Windows 10', os.arch: 'amd64', os.version: '10.0', java.version: '11.0.18'
Driver info: driver.version: unknown
	at org.openqa.selenium.devtools.Connection.sendAndWait(Connection.java:181)
	at org.openqa.selenium.devtools.DevTools.send(DevTools.java:81)
	at org.openqa.selenium.devtools.idealized.Network.lambda$prepareToInterceptTraffic$4(Network.java:194)
	at org.openqa.selenium.devtools.Connection.lambda$handle$4(Connection.java:321)
	at java.base/java.util.stream.ForEachOps$ForEachOp$OfRef.accept(ForEachOps.java:183)
	at java.base/java.util.stream.ReferencePipeline$2$1.accept(ReferencePipeline.java:177)
	at java.base/java.util.stream.ReferencePipeline$11$1.accept(ReferencePipeline.java:442)
	at java.base/java.util.HashMap$KeySpliterator.forEachRemaining(HashMap.java:1621)
	at java.base/java.util.stream.AbstractPipeline.copyInto(AbstractPipeline.java:484)
	at java.base/java.util.stream.AbstractPipeline.wrapAndCopyInto(AbstractPipeline.java:474)
	at java.base/java.util.stream.ForEachOps$ForEachOp.evaluateSequential(ForEachOps.java:150)
	at java.base/java.util.stream.ForEachOps$ForEachOp$OfRef.evaluateSequential(ForEachOps.java:173)
	at java.base/java.util.stream.AbstractPipeline.evaluate(AbstractPipeline.java:234)
	at java.base/java.util.stream.ReferencePipeline.forEach(ReferencePipeline.java:497)
	at org.openqa.selenium.devtools.Connection.handle(Connection.java:287)
	at org.openqa.selenium.devtools.Connection.access$200(Connection.java:57)
	at org.openqa.selenium.devtools.Connection$Listener.lambda$onText$0(Connection.java:224)
	at java.base/java.util.concurrent.ThreadPoolExecutor.runWorker(ThreadPoolExecutor.java:1128)
	at java.base/java.util.concurrent.ThreadPoolExecutor$Worker.run(ThreadPoolExecutor.java:628)
	at java.base/java.lang.Thread.run(Thread.java:829)
Caused by: org.openqa.selenium.WebDriverException: {"id":2433,"error":{"code":-32602,"message":"Invalid InterceptionId."},"sessionId":"69DE6D1A85B5D627489871F60443E14A"}
Build info: version: '4.11.0', revision: '040bc5406b'
System info: os.name: 'Windows 10', os.arch: 'amd64', os.version: '10.0', java.version: '11.0.18'
Driver info: driver.version: unknown
	at org.openqa.selenium.devtools.Connection.handle(Connection.java:260)
	... 5 more

Exception in thread "CDP Connection" org.openqa.selenium.devtools.DevToolsException: {"id":2433,"error":{"code":-32602,"message":"Invalid InterceptionId."},"sessionId":"69DE6D1A85B5D627489871F60443E14A"}
Build info: version: '4.11.0', revision: '040bc5406b'
System info: os.name: 'Windows 10', os.arch: 'amd64', os.version: '10.0', java.version: '11.0.18'
Driver info: driver.version: unknown
	at org.openqa.selenium.devtools.Connection$Listener.lambda$onText$0(Connection.java:227)
	at java.base/java.util.concurrent.ThreadPoolExecutor.runWorker(ThreadPoolExecutor.java:1128)
	at java.base/java.util.concurrent.ThreadPoolExecutor$Worker.run(ThreadPoolExecutor.java:628)
	at java.base/java.lang.Thread.run(Thread.java:829)
Caused by: org.openqa.selenium.devtools.DevToolsException: {"id":2433,"error":{"code":-32602,"message":"Invalid InterceptionId."},"sessionId":"69DE6D1A85B5D627489871F60443E14A"}
Build info: version: '4.11.0', revision: '040bc5406b'
System info: os.name: 'Windows 10', os.arch: 'amd64', os.version: '10.0', java.version: '11.0.18'
Driver info: driver.version: unknown
	at org.openqa.selenium.devtools.Connection.sendAndWait(Connection.java:181)
	at org.openqa.selenium.devtools.DevTools.send(DevTools.java:81)
	at org.openqa.selenium.devtools.idealized.Network.lambda$prepareToInterceptTraffic$4(Network.java:194)
	at org.openqa.selenium.devtools.Connection.lambda$handle$4(Connection.java:321)
	at java.base/java.util.stream.ForEachOps$ForEachOp$OfRef.accept(ForEachOps.java:183)
	at java.base/java.util.stream.ReferencePipeline$2$1.accept(ReferencePipeline.java:177)
	at java.base/java.util.stream.ReferencePipeline$11$1.accept(ReferencePipeline.java:442)
	at java.base/java.util.HashMap$KeySpliterator.forEachRemaining(HashMap.java:1621)
	at java.base/java.util.stream.AbstractPipeline.copyInto(AbstractPipeline.java:484)
	at java.base/java.util.stream.AbstractPipeline.wrapAndCopyInto(AbstractPipeline.java:474)
	at java.base/java.util.stream.ForEachOps$ForEachOp.evaluateSequential(ForEachOps.java:150)
	at java.base/java.util.stream.ForEachOps$ForEachOp$OfRef.evaluateSequential(ForEachOps.java:173)
	at java.base/java.util.stream.AbstractPipeline.evaluate(AbstractPipeline.java:234)
	at java.base/java.util.stream.ReferencePipeline.forEach(ReferencePipeline.java:497)
	at org.openqa.selenium.devtools.Connection.handle(Connection.java:287)
	at org.openqa.selenium.devtools.Connection.access$200(Connection.java:57)
	at org.openqa.selenium.devtools.Connection$Listener.lambda$onText$0(Connection.java:224)
	... 3 more
Caused by: org.openqa.selenium.WebDriverException: {"id":2433,"error":{"code":-32602,"message":"Invalid InterceptionId."},"sessionId":"69DE6D1A85B5D627489871F60443E14A"}
Build info: version: '4.11.0', revision: '040bc5406b'
System info: os.name: 'Windows 10', os.arch: 'amd64', os.version: '10.0', java.version: '11.0.18'
Driver info: driver.version: unknown
	at org.openqa.selenium.devtools.Connection.handle(Connection.java:260)
	... 5 more
авг. 16, 2023 4:23:07 PM org.openqa.selenium.devtools.Connection$Listener lambda$onText$0
WARNING: Unable to process: {"method":"Fetch.requestPaused","params":{"requestId":"interception-job-392.0","request":{"url":"http://localhost:8080/static/css/2.7d875902.chunk.css","method":"GET","headers":{"Accept":"text/css,*/*;q=0.1","Referer":"http://localhost:8080/","User-Agent":"Mozilla/5.0 (Windows NT 10.0; Win64; x64) AppleWebKit/537.36 (KHTML, like Gecko) Chrome/116.0.0.0 Safari/537.36","sec-ch-ua":"\"Chromium\";v=\"116\", \"Not)A;Brand\";v=\"24\", \"Google Chrome\";v=\"116\"","sec-ch-ua-mobile":"?0","sec-ch-ua-platform":"\"Windows\""},"initialPriority":"VeryHigh","referrerPolicy":"unsafe-url"},"frameId":"D165F02B89151667DFD1BF49856829E7","resourceType":"Stylesheet","responseStatusCode":200,"responseStatusText":"","responseHeaders":[{"name":"Vary","value":"Origin"},{"name":"Vary","value":"Access-Control-Request-Method"},{"name":"Vary","value":"Access-Control-Request-Headers"},{"name":"Last-Modified","value":"Thu, 03 Aug 2023 10:18:16 GMT"},{"name":"Accept-Ranges","value":"bytes"},{"name":"Content-Type","value":"text/css"},{"name":"Content-Length","value":"87563"},{"name":"Date","value":"Wed, 16 Aug 2023 13:20:22 GMT"}]},"sessionId":"69DE6D1A85B5D627489871F60443E14A"}
org.openqa.selenium.devtools.DevToolsException: {"id":2436,"error":{"code":-32602,"message":"Invalid InterceptionId."},"sessionId":"69DE6D1A85B5D627489871F60443E14A"}
Build info: version: '4.11.0', revision: '040bc5406b'
System info: os.name: 'Windows 10', os.arch: 'amd64', os.version: '10.0', java.version: '11.0.18'
Driver info: driver.version: unknown
	at org.openqa.selenium.devtools.Connection.sendAndWait(Connection.java:181)
	at org.openqa.selenium.devtools.DevTools.send(DevTools.java:81)
	at org.openqa.selenium.devtools.idealized.Network.lambda$prepareToInterceptTraffic$4(Network.java:194)
	at org.openqa.selenium.devtools.Connection.lambda$handle$4(Connection.java:321)
	at java.base/java.util.stream.ForEachOps$ForEachOp$OfRef.accept(ForEachOps.java:183)
	at java.base/java.util.stream.ReferencePipeline$2$1.accept(ReferencePipeline.java:177)
	at java.base/java.util.stream.ReferencePipeline$11$1.accept(ReferencePipeline.java:442)
	at java.base/java.util.HashMap$KeySpliterator.forEachRemaining(HashMap.java:1621)
	at java.base/java.util.stream.AbstractPipeline.copyInto(AbstractPipeline.java:484)
	at java.base/java.util.stream.AbstractPipeline.wrapAndCopyInto(AbstractPipeline.java:474)
	at java.base/java.util.stream.ForEachOps$ForEachOp.evaluateSequential(ForEachOps.java:150)
	at java.base/java.util.stream.ForEachOps$ForEachOp$OfRef.evaluateSequential(ForEachOps.java:173)
	at java.base/java.util.stream.AbstractPipeline.evaluate(AbstractPipeline.java:234)
	at java.base/java.util.stream.ReferencePipeline.forEach(ReferencePipeline.java:497)
	at org.openqa.selenium.devtools.Connection.handle(Connection.java:287)
	at org.openqa.selenium.devtools.Connection.access$200(Connection.java:57)
	at org.openqa.selenium.devtools.Connection$Listener.lambda$onText$0(Connection.java:224)
	at java.base/java.util.concurrent.ThreadPoolExecutor.runWorker(ThreadPoolExecutor.java:1128)
	at java.base/java.util.concurrent.ThreadPoolExecutor$Worker.run(ThreadPoolExecutor.java:628)
	at java.base/java.lang.Thread.run(Thread.java:829)
Caused by: org.openqa.selenium.WebDriverException: {"id":2436,"error":{"code":-32602,"message":"Invalid InterceptionId."},"sessionId":"69DE6D1A85B5D627489871F60443E14A"}
Build info: version: '4.11.0', revision: '040bc5406b'
System info: os.name: 'Windows 10', os.arch: 'amd64', os.version: '10.0', java.version: '11.0.18'
Driver info: driver.version: unknown
	at org.openqa.selenium.devtools.Connection.handle(Connection.java:260)
	... 5 more

Exception in thread "CDP Connection" org.openqa.selenium.devtools.DevToolsException: {"id":2436,"error":{"code":-32602,"message":"Invalid InterceptionId."},"sessionId":"69DE6D1A85B5D627489871F60443E14A"}
Build info: version: '4.11.0', revision: '040bc5406b'
System info: os.name: 'Windows 10', os.arch: 'amd64', os.version: '10.0', java.version: '11.0.18'
Driver info: driver.version: unknown
	at org.openqa.selenium.devtools.Connection$Listener.lambda$onText$0(Connection.java:227)
	at java.base/java.util.concurrent.ThreadPoolExecutor.runWorker(ThreadPoolExecutor.java:1128)
	at java.base/java.util.concurrent.ThreadPoolExecutor$Worker.run(ThreadPoolExecutor.java:628)
	at java.base/java.lang.Thread.run(Thread.java:829)
Caused by: org.openqa.selenium.devtools.DevToolsException: {"id":2436,"error":{"code":-32602,"message":"Invalid InterceptionId."},"sessionId":"69DE6D1A85B5D627489871F60443E14A"}
Build info: version: '4.11.0', revision: '040bc5406b'
System info: os.name: 'Windows 10', os.arch: 'amd64', os.version: '10.0', java.version: '11.0.18'
Driver info: driver.version: unknown
	at org.openqa.selenium.devtools.Connection.sendAndWait(Connection.java:181)
	at org.openqa.selenium.devtools.DevTools.send(DevTools.java:81)
	at org.openqa.selenium.devtools.idealized.Network.lambda$prepareToInterceptTraffic$4(Network.java:194)
	at org.openqa.selenium.devtools.Connection.lambda$handle$4(Connection.java:321)
	at java.base/java.util.stream.ForEachOps$ForEachOp$OfRef.accept(ForEachOps.java:183)
	at java.base/java.util.stream.ReferencePipeline$2$1.accept(ReferencePipeline.java:177)
	at java.base/java.util.stream.ReferencePipeline$11$1.accept(ReferencePipeline.java:442)
	at java.base/java.util.HashMap$KeySpliterator.forEachRemaining(HashMap.java:1621)
	at java.base/java.util.stream.AbstractPipeline.copyInto(AbstractPipeline.java:484)
	at java.base/java.util.stream.AbstractPipeline.wrapAndCopyInto(AbstractPipeline.java:474)
	at java.base/java.util.stream.ForEachOps$ForEachOp.evaluateSequential(ForEachOps.java:150)
	at java.base/java.util.stream.ForEachOps$ForEachOp$OfRef.evaluateSequential(ForEachOps.java:173)
	at java.base/java.util.stream.AbstractPipeline.evaluate(AbstractPipeline.java:234)
	at java.base/java.util.stream.ReferencePipeline.forEach(ReferencePipeline.java:497)
	at org.openqa.selenium.devtools.Connection.handle(Connection.java:287)
	at org.openqa.selenium.devtools.Connection.access$200(Connection.java:57)
	at org.openqa.selenium.devtools.Connection$Listener.lambda$onText$0(Connection.java:224)
	... 3 more
Caused by: org.openqa.selenium.WebDriverException: {"id":2436,"error":{"code":-32602,"message":"Invalid InterceptionId."},"sessionId":"69DE6D1A85B5D627489871F60443E14A"}
Build info: version: '4.11.0', revision: '040bc5406b'
System info: os.name: 'Windows 10', os.arch: 'amd64', os.version: '10.0', java.version: '11.0.18'
Driver info: driver.version: unknown
	at org.openqa.selenium.devtools.Connection.handle(Connection.java:260)
	... 5 more
авг. 16, 2023 4:23:07 PM org.openqa.selenium.devtools.Connection$Listener lambda$onText$0
WARNING: Unable to process: {"method":"Fetch.requestPaused","params":{"requestId":"interception-job-392.0","request":{"url":"http://localhost:8080/static/css/2.7d875902.chunk.css","method":"GET","headers":{"Accept":"text/css,*/*;q=0.1","Referer":"http://localhost:8080/","User-Agent":"Mozilla/5.0 (Windows NT 10.0; Win64; x64) AppleWebKit/537.36 (KHTML, like Gecko) Chrome/116.0.0.0 Safari/537.36","sec-ch-ua":"\"Chromium\";v=\"116\", \"Not)A;Brand\";v=\"24\", \"Google Chrome\";v=\"116\"","sec-ch-ua-mobile":"?0","sec-ch-ua-platform":"\"Windows\""},"initialPriority":"VeryHigh","referrerPolicy":"strict-origin-when-cross-origin"},"frameId":"D165F02B89151667DFD1BF49856829E7","resourceType":"Stylesheet"},"sessionId":"69DE6D1A85B5D627489871F60443E14A"}
org.openqa.selenium.devtools.DevToolsException: {"id":2437,"error":{"code":-32602,"message":"Invalid InterceptionId."},"sessionId":"69DE6D1A85B5D627489871F60443E14A"}
Build info: version: '4.11.0', revision: '040bc5406b'
System info: os.name: 'Windows 10', os.arch: 'amd64', os.version: '10.0', java.version: '11.0.18'
Driver info: driver.version: unknown
	at org.openqa.selenium.devtools.Connection.sendAndWait(Connection.java:181)
	at org.openqa.selenium.devtools.DevTools.send(DevTools.java:81)
	at org.openqa.selenium.devtools.idealized.Network.lambda$prepareToInterceptTraffic$3(Network.java:211)
	at org.openqa.selenium.remote.http.Filter.lambda$andFinally$1(Filter.java:55)
	at org.openqa.selenium.devtools.idealized.Network.lambda$prepareToInterceptTraffic$4(Network.java:226)
	at org.openqa.selenium.devtools.Connection.lambda$handle$4(Connection.java:321)
	at java.base/java.util.stream.ForEachOps$ForEachOp$OfRef.accept(ForEachOps.java:183)
	at java.base/java.util.stream.ReferencePipeline$2$1.accept(ReferencePipeline.java:177)
	at java.base/java.util.stream.ReferencePipeline$11$1.accept(ReferencePipeline.java:442)
	at java.base/java.util.HashMap$KeySpliterator.forEachRemaining(HashMap.java:1621)
	at java.base/java.util.stream.AbstractPipeline.copyInto(AbstractPipeline.java:484)
	at java.base/java.util.stream.AbstractPipeline.wrapAndCopyInto(AbstractPipeline.java:474)
	at java.base/java.util.stream.ForEachOps$ForEachOp.evaluateSequential(ForEachOps.java:150)
	at java.base/java.util.stream.ForEachOps$ForEachOp$OfRef.evaluateSequential(ForEachOps.java:173)
	at java.base/java.util.stream.AbstractPipeline.evaluate(AbstractPipeline.java:234)
	at java.base/java.util.stream.ReferencePipeline.forEach(ReferencePipeline.java:497)
	at org.openqa.selenium.devtools.Connection.handle(Connection.java:287)
	at org.openqa.selenium.devtools.Connection.access$200(Connection.java:57)
	at org.openqa.selenium.devtools.Connection$Listener.lambda$onText$0(Connection.java:224)
	at java.base/java.util.concurrent.ThreadPoolExecutor.runWorker(ThreadPoolExecutor.java:1128)
	at java.base/java.util.concurrent.ThreadPoolExecutor$Worker.run(ThreadPoolExecutor.java:628)
	at java.base/java.lang.Thread.run(Thread.java:829)
Caused by: org.openqa.selenium.WebDriverException: {"id":2437,"error":{"code":-32602,"message":"Invalid InterceptionId."},"sessionId":"69DE6D1A85B5D627489871F60443E14A"}
Build info: version: '4.11.0', revision: '040bc5406b'
System info: os.name: 'Windows 10', os.arch: 'amd64', os.version: '10.0', java.version: '11.0.18'
Driver info: driver.version: unknown
	at org.openqa.selenium.devtools.Connection.handle(Connection.java:260)
	... 5 more

Exception in thread "CDP Connection" org.openqa.selenium.devtools.DevToolsException: {"id":2437,"error":{"code":-32602,"message":"Invalid InterceptionId."},"sessionId":"69DE6D1A85B5D627489871F60443E14A"}
Build info: version: '4.11.0', revision: '040bc5406b'
System info: os.name: 'Windows 10', os.arch: 'amd64', os.version: '10.0', java.version: '11.0.18'
Driver info: driver.version: unknown
	at org.openqa.selenium.devtools.Connection$Listener.lambda$onText$0(Connection.java:227)
	at java.base/java.util.concurrent.ThreadPoolExecutor.runWorker(ThreadPoolExecutor.java:1128)
	at java.base/java.util.concurrent.ThreadPoolExecutor$Worker.run(ThreadPoolExecutor.java:628)
	at java.base/java.lang.Thread.run(Thread.java:829)
Caused by: org.openqa.selenium.devtools.DevToolsException: {"id":2437,"error":{"code":-32602,"message":"Invalid InterceptionId."},"sessionId":"69DE6D1A85B5D627489871F60443E14A"}
Build info: version: '4.11.0', revision: '040bc5406b'
System info: os.name: 'Windows 10', os.arch: 'amd64', os.version: '10.0', java.version: '11.0.18'
Driver info: driver.version: unknown
	at org.openqa.selenium.devtools.Connection.sendAndWait(Connection.java:181)
	at org.openqa.selenium.devtools.DevTools.send(DevTools.java:81)
	at org.openqa.selenium.devtools.idealized.Network.lambda$prepareToInterceptTraffic$3(Network.java:211)
	at org.openqa.selenium.remote.http.Filter.lambda$andFinally$1(Filter.java:55)
	at org.openqa.selenium.devtools.idealized.Network.lambda$prepareToInterceptTraffic$4(Network.java:226)
	at org.openqa.selenium.devtools.Connection.lambda$handle$4(Connection.java:321)
	at java.base/java.util.stream.ForEachOps$ForEachOp$OfRef.accept(ForEachOps.java:183)
	at java.base/java.util.stream.ReferencePipeline$2$1.accept(ReferencePipeline.java:177)
	at java.base/java.util.stream.ReferencePipeline$11$1.accept(ReferencePipeline.java:442)
	at java.base/java.util.HashMap$KeySpliterator.forEachRemaining(HashMap.java:1621)
	at java.base/java.util.stream.AbstractPipeline.copyInto(AbstractPipeline.java:484)
	at java.base/java.util.stream.AbstractPipeline.wrapAndCopyInto(AbstractPipeline.java:474)
	at java.base/java.util.stream.ForEachOps$ForEachOp.evaluateSequential(ForEachOps.java:150)
	at java.base/java.util.stream.ForEachOps$ForEachOp$OfRef.evaluateSequential(ForEachOps.java:173)
	at java.base/java.util.stream.AbstractPipeline.evaluate(AbstractPipeline.java:234)
	at java.base/java.util.stream.ReferencePipeline.forEach(ReferencePipeline.java:497)
	at org.openqa.selenium.devtools.Connection.handle(Connection.java:287)
	at org.openqa.selenium.devtools.Connection.access$200(Connection.java:57)
	at org.openqa.selenium.devtools.Connection$Listener.lambda$onText$0(Connection.java:224)
	... 3 more
Caused by: org.openqa.selenium.WebDriverException: {"id":2437,"error":{"code":-32602,"message":"Invalid InterceptionId."},"sessionId":"69DE6D1A85B5D627489871F60443E14A"}
Build info: version: '4.11.0', revision: '040bc5406b'
System info: os.name: 'Windows 10', os.arch: 'amd64', os.version: '10.0', java.version: '11.0.18'
Driver info: driver.version: unknown
	at org.openqa.selenium.devtools.Connection.handle(Connection.java:260)
	... 5 more
авг. 16, 2023 4:23:07 PM org.openqa.selenium.devtools.Connection$Listener lambda$onText$0
WARNING: Unable to process: {"method":"Fetch.requestPaused","params":{"requestId":"interception-job-394.0","request":{"url":"http://localhost:8080/static/js/2.0716afe8.chunk.js","method":"GET","headers":{"Accept":"*/*","Referer":"http://localhost:8080/","User-Agent":"Mozilla/5.0 (Windows NT 10.0; Win64; x64) AppleWebKit/537.36 (KHTML, like Gecko) Chrome/116.0.0.0 Safari/537.36","sec-ch-ua":"\"Chromium\";v=\"116\", \"Not)A;Brand\";v=\"24\", \"Google Chrome\";v=\"116\"","sec-ch-ua-mobile":"?0","sec-ch-ua-platform":"\"Windows\""},"initialPriority":"High","referrerPolicy":"strict-origin-when-cross-origin"},"frameId":"D165F02B89151667DFD1BF49856829E7","resourceType":"Script"},"sessionId":"69DE6D1A85B5D627489871F60443E14A"}
org.openqa.selenium.devtools.DevToolsException: {"id":2440,"error":{"code":-32602,"message":"Invalid InterceptionId."},"sessionId":"69DE6D1A85B5D627489871F60443E14A"}
Build info: version: '4.11.0', revision: '040bc5406b'
System info: os.name: 'Windows 10', os.arch: 'amd64', os.version: '10.0', java.version: '11.0.18'
Driver info: driver.version: unknown
	at org.openqa.selenium.devtools.Connection.sendAndWait(Connection.java:181)
	at org.openqa.selenium.devtools.DevTools.send(DevTools.java:81)
	at org.openqa.selenium.devtools.idealized.Network.lambda$prepareToInterceptTraffic$3(Network.java:211)
	at org.openqa.selenium.remote.http.Filter.lambda$andFinally$1(Filter.java:55)
	at org.openqa.selenium.devtools.idealized.Network.lambda$prepareToInterceptTraffic$4(Network.java:226)
	at org.openqa.selenium.devtools.Connection.lambda$handle$4(Connection.java:321)
	at java.base/java.util.stream.ForEachOps$ForEachOp$OfRef.accept(ForEachOps.java:183)
	at java.base/java.util.stream.ReferencePipeline$2$1.accept(ReferencePipeline.java:177)
	at java.base/java.util.stream.ReferencePipeline$11$1.accept(ReferencePipeline.java:442)
	at java.base/java.util.HashMap$KeySpliterator.forEachRemaining(HashMap.java:1621)
	at java.base/java.util.stream.AbstractPipeline.copyInto(AbstractPipeline.java:484)
	at java.base/java.util.stream.AbstractPipeline.wrapAndCopyInto(AbstractPipeline.java:474)
	at java.base/java.util.stream.ForEachOps$ForEachOp.evaluateSequential(ForEachOps.java:150)
	at java.base/java.util.stream.ForEachOps$ForEachOp$OfRef.evaluateSequential(ForEachOps.java:173)
	at java.base/java.util.stream.AbstractPipeline.evaluate(AbstractPipeline.java:234)
	at java.base/java.util.stream.ReferencePipeline.forEach(ReferencePipeline.java:497)
	at org.openqa.selenium.devtools.Connection.handle(Connection.java:287)
	at org.openqa.selenium.devtools.Connection.access$200(Connection.java:57)
	at org.openqa.selenium.devtools.Connection$Listener.lambda$onText$0(Connection.java:224)
	at java.base/java.util.concurrent.ThreadPoolExecutor.runWorker(ThreadPoolExecutor.java:1128)
	at java.base/java.util.concurrent.ThreadPoolExecutor$Worker.run(ThreadPoolExecutor.java:628)
	at java.base/java.lang.Thread.run(Thread.java:829)
Caused by: org.openqa.selenium.WebDriverException: {"id":2440,"error":{"code":-32602,"message":"Invalid InterceptionId."},"sessionId":"69DE6D1A85B5D627489871F60443E14A"}
Build info: version: '4.11.0', revision: '040bc5406b'
System info: os.name: 'Windows 10', os.arch: 'amd64', os.version: '10.0', java.version: '11.0.18'
Driver info: driver.version: unknown
	at org.openqa.selenium.devtools.Connection.handle(Connection.java:260)
	... 5 more

Exception in thread "CDP Connection" org.openqa.selenium.devtools.DevToolsException: {"id":2440,"error":{"code":-32602,"message":"Invalid InterceptionId."},"sessionId":"69DE6D1A85B5D627489871F60443E14A"}
Build info: version: '4.11.0', revision: '040bc5406b'
System info: os.name: 'Windows 10', os.arch: 'amd64', os.version: '10.0', java.version: '11.0.18'
Driver info: driver.version: unknown
	at org.openqa.selenium.devtools.Connection$Listener.lambda$onText$0(Connection.java:227)
	at java.base/java.util.concurrent.ThreadPoolExecutor.runWorker(ThreadPoolExecutor.java:1128)
	at java.base/java.util.concurrent.ThreadPoolExecutor$Worker.run(ThreadPoolExecutor.java:628)
	at java.base/java.lang.Thread.run(Thread.java:829)
Caused by: org.openqa.selenium.devtools.DevToolsException: {"id":2440,"error":{"code":-32602,"message":"Invalid InterceptionId."},"sessionId":"69DE6D1A85B5D627489871F60443E14A"}
Build info: version: '4.11.0', revision: '040bc5406b'
System info: os.name: 'Windows 10', os.arch: 'amd64', os.version: '10.0', java.version: '11.0.18'
Driver info: driver.version: unknown
	at org.openqa.selenium.devtools.Connection.sendAndWait(Connection.java:181)
	at org.openqa.selenium.devtools.DevTools.send(DevTools.java:81)
	at org.openqa.selenium.devtools.idealized.Network.lambda$prepareToInterceptTraffic$3(Network.java:211)
	at org.openqa.selenium.remote.http.Filter.lambda$andFinally$1(Filter.java:55)
	at org.openqa.selenium.devtools.idealized.Network.lambda$prepareToInterceptTraffic$4(Network.java:226)
	at org.openqa.selenium.devtools.Connection.lambda$handle$4(Connection.java:321)
	at java.base/java.util.stream.ForEachOps$ForEachOp$OfRef.accept(ForEachOps.java:183)
	at java.base/java.util.stream.ReferencePipeline$2$1.accept(ReferencePipeline.java:177)
	at java.base/java.util.stream.ReferencePipeline$11$1.accept(ReferencePipeline.java:442)
	at java.base/java.util.HashMap$KeySpliterator.forEachRemaining(HashMap.java:1621)
	at java.base/java.util.stream.AbstractPipeline.copyInto(AbstractPipeline.java:484)
	at java.base/java.util.stream.AbstractPipeline.wrapAndCopyInto(AbstractPipeline.java:474)
	at java.base/java.util.stream.ForEachOps$ForEachOp.evaluateSequential(ForEachOps.java:150)
	at java.base/java.util.stream.ForEachOps$ForEachOp$OfRef.evaluateSequential(ForEachOps.java:173)
	at java.base/java.util.stream.AbstractPipeline.evaluate(AbstractPipeline.java:234)
	at java.base/java.util.stream.ReferencePipeline.forEach(ReferencePipeline.java:497)
	at org.openqa.selenium.devtools.Connection.handle(Connection.java:287)
	at org.openqa.selenium.devtools.Connection.access$200(Connection.java:57)
	at org.openqa.selenium.devtools.Connection$Listener.lambda$onText$0(Connection.java:224)
	... 3 more
Caused by: org.openqa.selenium.WebDriverException: {"id":2440,"error":{"code":-32602,"message":"Invalid InterceptionId."},"sessionId":"69DE6D1A85B5D627489871F60443E14A"}
Build info: version: '4.11.0', revision: '040bc5406b'
System info: os.name: 'Windows 10', os.arch: 'amd64', os.version: '10.0', java.version: '11.0.18'
Driver info: driver.version: unknown
	at org.openqa.selenium.devtools.Connection.handle(Connection.java:260)
	... 5 more
авг. 16, 2023 4:23:07 PM org.openqa.selenium.devtools.Connection$Listener lambda$onText$0
WARNING: Unable to process: {"method":"Fetch.requestPaused","params":{"requestId":"interception-job-394.0","request":{"url":"http://localhost:8080/static/js/2.0716afe8.chunk.js","method":"GET","headers":{"Accept":"*/*","Referer":"http://localhost:8080/","User-Agent":"Mozilla/5.0 (Windows NT 10.0; Win64; x64) AppleWebKit/537.36 (KHTML, like Gecko) Chrome/116.0.0.0 Safari/537.36","sec-ch-ua":"\"Chromium\";v=\"116\", \"Not)A;Brand\";v=\"24\", \"Google Chrome\";v=\"116\"","sec-ch-ua-mobile":"?0","sec-ch-ua-platform":"\"Windows\""},"initialPriority":"High","referrerPolicy":"unsafe-url"},"frameId":"D165F02B89151667DFD1BF49856829E7","resourceType":"Script","responseStatusCode":200,"responseStatusText":"","responseHeaders":[{"name":"Vary","value":"Origin"},{"name":"Vary","value":"Access-Control-Request-Method"},{"name":"Vary","value":"Access-Control-Request-Headers"},{"name":"Last-Modified","value":"Thu, 03 Aug 2023 10:18:16 GMT"},{"name":"Accept-Ranges","value":"bytes"},{"name":"Content-Type","value":"application/javascript"},{"name":"Content-Length","value":"228167"},{"name":"Date","value":"Wed, 16 Aug 2023 13:20:22 GMT"}]},"sessionId":"69DE6D1A85B5D627489871F60443E14A"}
org.openqa.selenium.devtools.DevToolsException: {"id":2442,"error":{"code":-32602,"message":"Invalid InterceptionId."},"sessionId":"69DE6D1A85B5D627489871F60443E14A"}
Build info: version: '4.11.0', revision: '040bc5406b'
System info: os.name: 'Windows 10', os.arch: 'amd64', os.version: '10.0', java.version: '11.0.18'
Driver info: driver.version: unknown
	at org.openqa.selenium.devtools.Connection.sendAndWait(Connection.java:181)
	at org.openqa.selenium.devtools.DevTools.send(DevTools.java:81)
	at org.openqa.selenium.devtools.idealized.Network.lambda$prepareToInterceptTraffic$4(Network.java:194)
	at org.openqa.selenium.devtools.Connection.lambda$handle$4(Connection.java:321)
	at java.base/java.util.stream.ForEachOps$ForEachOp$OfRef.accept(ForEachOps.java:183)
	at java.base/java.util.stream.ReferencePipeline$2$1.accept(ReferencePipeline.java:177)
	at java.base/java.util.stream.ReferencePipeline$11$1.accept(ReferencePipeline.java:442)
	at java.base/java.util.HashMap$KeySpliterator.forEachRemaining(HashMap.java:1621)
	at java.base/java.util.stream.AbstractPipeline.copyInto(AbstractPipeline.java:484)
	at java.base/java.util.stream.AbstractPipeline.wrapAndCopyInto(AbstractPipeline.java:474)
	at java.base/java.util.stream.ForEachOps$ForEachOp.evaluateSequential(ForEachOps.java:150)
	at java.base/java.util.stream.ForEachOps$ForEachOp$OfRef.evaluateSequential(ForEachOps.java:173)
	at java.base/java.util.stream.AbstractPipeline.evaluate(AbstractPipeline.java:234)
	at java.base/java.util.stream.ReferencePipeline.forEach(ReferencePipeline.java:497)
	at org.openqa.selenium.devtools.Connection.handle(Connection.java:287)
	at org.openqa.selenium.devtools.Connection.access$200(Connection.java:57)
	at org.openqa.selenium.devtools.Connection$Listener.lambda$onText$0(Connection.java:224)
	at java.base/java.util.concurrent.ThreadPoolExecutor.runWorker(ThreadPoolExecutor.java:1128)
	at java.base/java.util.concurrent.ThreadPoolExecutor$Worker.run(ThreadPoolExecutor.java:628)
	at java.base/java.lang.Thread.run(Thread.java:829)
Caused by: org.openqa.selenium.WebDriverException: {"id":2442,"error":{"code":-32602,"message":"Invalid InterceptionId."},"sessionId":"69DE6D1A85B5D627489871F60443E14A"}
Build info: version: '4.11.0', revision: '040bc5406b'
System info: os.name: 'Windows 10', os.arch: 'amd64', os.version: '10.0', java.version: '11.0.18'
Driver info: driver.version: unknown
	at org.openqa.selenium.devtools.Connection.handle(Connection.java:260)
	... 5 more

Exception in thread "CDP Connection" org.openqa.selenium.devtools.DevToolsException: {"id":2442,"error":{"code":-32602,"message":"Invalid InterceptionId."},"sessionId":"69DE6D1A85B5D627489871F60443E14A"}
Build info: version: '4.11.0', revision: '040bc5406b'
System info: os.name: 'Windows 10', os.arch: 'amd64', os.version: '10.0', java.version: '11.0.18'
Driver info: driver.version: unknown
	at org.openqa.selenium.devtools.Connection$Listener.lambda$onText$0(Connection.java:227)
	at java.base/java.util.concurrent.ThreadPoolExecutor.runWorker(ThreadPoolExecutor.java:1128)
	at java.base/java.util.concurrent.ThreadPoolExecutor$Worker.run(ThreadPoolExecutor.java:628)
	at java.base/java.lang.Thread.run(Thread.java:829)
Caused by: org.openqa.selenium.devtools.DevToolsException: {"id":2442,"error":{"code":-32602,"message":"Invalid InterceptionId."},"sessionId":"69DE6D1A85B5D627489871F60443E14A"}
Build info: version: '4.11.0', revision: '040bc5406b'
System info: os.name: 'Windows 10', os.arch: 'amd64', os.version: '10.0', java.version: '11.0.18'
Driver info: driver.version: unknown
	at org.openqa.selenium.devtools.Connection.sendAndWait(Connection.java:181)
	at org.openqa.selenium.devtools.DevTools.send(DevTools.java:81)
	at org.openqa.selenium.devtools.idealized.Network.lambda$prepareToInterceptTraffic$4(Network.java:194)
	at org.openqa.selenium.devtools.Connection.lambda$handle$4(Connection.java:321)
	at java.base/java.util.stream.ForEachOps$ForEachOp$OfRef.accept(ForEachOps.java:183)
	at java.base/java.util.stream.ReferencePipeline$2$1.accept(ReferencePipeline.java:177)
	at java.base/java.util.stream.ReferencePipeline$11$1.accept(ReferencePipeline.java:442)
	at java.base/java.util.HashMap$KeySpliterator.forEachRemaining(HashMap.java:1621)
	at java.base/java.util.stream.AbstractPipeline.copyInto(AbstractPipeline.java:484)
	at java.base/java.util.stream.AbstractPipeline.wrapAndCopyInto(AbstractPipeline.java:474)
	at java.base/java.util.stream.ForEachOps$ForEachOp.evaluateSequential(ForEachOps.java:150)
	at java.base/java.util.stream.ForEachOps$ForEachOp$OfRef.evaluateSequential(ForEachOps.java:173)
	at java.base/java.util.stream.AbstractPipeline.evaluate(AbstractPipeline.java:234)
	at java.base/java.util.stream.ReferencePipeline.forEach(ReferencePipeline.java:497)
	at org.openqa.selenium.devtools.Connection.handle(Connection.java:287)
	at org.openqa.selenium.devtools.Connection.access$200(Connection.java:57)
	at org.openqa.selenium.devtools.Connection$Listener.lambda$onText$0(Connection.java:224)
	... 3 more
Caused by: org.openqa.selenium.WebDriverException: {"id":2442,"error":{"code":-32602,"message":"Invalid InterceptionId."},"sessionId":"69DE6D1A85B5D627489871F60443E14A"}
Build info: version: '4.11.0', revision: '040bc5406b'
System info: os.name: 'Windows 10', os.arch: 'amd64', os.version: '10.0', java.version: '11.0.18'
Driver info: driver.version: unknown
	at org.openqa.selenium.devtools.Connection.handle(Connection.java:260)
	... 5 more
авг. 16, 2023 4:23:07 PM org.openqa.selenium.devtools.Connection$Listener lambda$onText$0
WARNING: Unable to process: {"method":"Fetch.requestPaused","params":{"requestId":"interception-job-396.0","request":{"url":"http://localhost:8080/static/media/marrakech.869b2a02.jpg","method":"GET","headers":{"Accept":"image/avif,image/webp,image/apng,image/svg+xml,image/*,*/*;q=0.8","Referer":"http://localhost:8080/","User-Agent":"Mozilla/5.0 (Windows NT 10.0; Win64; x64) AppleWebKit/537.36 (KHTML, like Gecko) Chrome/116.0.0.0 Safari/537.36","sec-ch-ua":"\"Chromium\";v=\"116\", \"Not)A;Brand\";v=\"24\", \"Google Chrome\";v=\"116\"","sec-ch-ua-mobile":"?0","sec-ch-ua-platform":"\"Windows\""},"initialPriority":"Low","referrerPolicy":"unsafe-url"},"frameId":"D165F02B89151667DFD1BF49856829E7","resourceType":"Image","responseStatusCode":200,"responseStatusText":"","responseHeaders":[{"name":"Vary","value":"Origin"},{"name":"Vary","value":"Access-Control-Request-Method"},{"name":"Vary","value":"Access-Control-Request-Headers"},{"name":"Last-Modified","value":"Thu, 03 Aug 2023 10:18:16 GMT"},{"name":"Accept-Ranges","value":"bytes"},{"name":"Content-Type","value":"image/jpeg"},{"name":"Content-Length","value":"85240"},{"name":"Date","value":"Wed, 16 Aug 2023 13:20:22 GMT"}]},"sessionId":"69DE6D1A85B5D627489871F60443E14A"}
org.openqa.selenium.devtools.DevToolsException: {"id":2447,"error":{"code":-32602,"message":"Invalid InterceptionId."},"sessionId":"69DE6D1A85B5D627489871F60443E14A"}
Build info: version: '4.11.0', revision: '040bc5406b'
System info: os.name: 'Windows 10', os.arch: 'amd64', os.version: '10.0', java.version: '11.0.18'
Driver info: driver.version: unknown
	at org.openqa.selenium.devtools.Connection.sendAndWait(Connection.java:181)
	at org.openqa.selenium.devtools.DevTools.send(DevTools.java:81)
	at org.openqa.selenium.devtools.idealized.Network.lambda$prepareToInterceptTraffic$4(Network.java:194)
	at org.openqa.selenium.devtools.Connection.lambda$handle$4(Connection.java:321)
	at java.base/java.util.stream.ForEachOps$ForEachOp$OfRef.accept(ForEachOps.java:183)
	at java.base/java.util.stream.ReferencePipeline$2$1.accept(ReferencePipeline.java:177)
	at java.base/java.util.stream.ReferencePipeline$11$1.accept(ReferencePipeline.java:442)
	at java.base/java.util.HashMap$KeySpliterator.forEachRemaining(HashMap.java:1621)
	at java.base/java.util.stream.AbstractPipeline.copyInto(AbstractPipeline.java:484)
	at java.base/java.util.stream.AbstractPipeline.wrapAndCopyInto(AbstractPipeline.java:474)
	at java.base/java.util.stream.ForEachOps$ForEachOp.evaluateSequential(ForEachOps.java:150)
	at java.base/java.util.stream.ForEachOps$ForEachOp$OfRef.evaluateSequential(ForEachOps.java:173)
	at java.base/java.util.stream.AbstractPipeline.evaluate(AbstractPipeline.java:234)
	at java.base/java.util.stream.ReferencePipeline.forEach(ReferencePipeline.java:497)
	at org.openqa.selenium.devtools.Connection.handle(Connection.java:287)
	at org.openqa.selenium.devtools.Connection.access$200(Connection.java:57)
	at org.openqa.selenium.devtools.Connection$Listener.lambda$onText$0(Connection.java:224)
	at java.base/java.util.concurrent.ThreadPoolExecutor.runWorker(ThreadPoolExecutor.java:1128)
	at java.base/java.util.concurrent.ThreadPoolExecutor$Worker.run(ThreadPoolExecutor.java:628)
	at java.base/java.lang.Thread.run(Thread.java:829)
Caused by: org.openqa.selenium.WebDriverException: {"id":2447,"error":{"code":-32602,"message":"Invalid InterceptionId."},"sessionId":"69DE6D1A85B5D627489871F60443E14A"}
Build info: version: '4.11.0', revision: '040bc5406b'
System info: os.name: 'Windows 10', os.arch: 'amd64', os.version: '10.0', java.version: '11.0.18'
Driver info: driver.version: unknown
	at org.openqa.selenium.devtools.Connection.handle(Connection.java:260)
	... 5 more

Exception in thread "CDP Connection" org.openqa.selenium.devtools.DevToolsException: {"id":2447,"error":{"code":-32602,"message":"Invalid InterceptionId."},"sessionId":"69DE6D1A85B5D627489871F60443E14A"}
Build info: version: '4.11.0', revision: '040bc5406b'
System info: os.name: 'Windows 10', os.arch: 'amd64', os.version: '10.0', java.version: '11.0.18'
Driver info: driver.version: unknown
	at org.openqa.selenium.devtools.Connection$Listener.lambda$onText$0(Connection.java:227)
	at java.base/java.util.concurrent.ThreadPoolExecutor.runWorker(ThreadPoolExecutor.java:1128)
	at java.base/java.util.concurrent.ThreadPoolExecutor$Worker.run(ThreadPoolExecutor.java:628)
	at java.base/java.lang.Thread.run(Thread.java:829)
Caused by: org.openqa.selenium.devtools.DevToolsException: {"id":2447,"error":{"code":-32602,"message":"Invalid InterceptionId."},"sessionId":"69DE6D1A85B5D627489871F60443E14A"}
Build info: version: '4.11.0', revision: '040bc5406b'
System info: os.name: 'Windows 10', os.arch: 'amd64', os.version: '10.0', java.version: '11.0.18'
Driver info: driver.version: unknown
	at org.openqa.selenium.devtools.Connection.sendAndWait(Connection.java:181)
	at org.openqa.selenium.devtools.DevTools.send(DevTools.java:81)
	at org.openqa.selenium.devtools.idealized.Network.lambda$prepareToInterceptTraffic$4(Network.java:194)
	at org.openqa.selenium.devtools.Connection.lambda$handle$4(Connection.java:321)
	at java.base/java.util.stream.ForEachOps$ForEachOp$OfRef.accept(ForEachOps.java:183)
	at java.base/java.util.stream.ReferencePipeline$2$1.accept(ReferencePipeline.java:177)
	at java.base/java.util.stream.ReferencePipeline$11$1.accept(ReferencePipeline.java:442)
	at java.base/java.util.HashMap$KeySpliterator.forEachRemaining(HashMap.java:1621)
	at java.base/java.util.stream.AbstractPipeline.copyInto(AbstractPipeline.java:484)
	at java.base/java.util.stream.AbstractPipeline.wrapAndCopyInto(AbstractPipeline.java:474)
	at java.base/java.util.stream.ForEachOps$ForEachOp.evaluateSequential(ForEachOps.java:150)
	at java.base/java.util.stream.ForEachOps$ForEachOp$OfRef.evaluateSequential(ForEachOps.java:173)
	at java.base/java.util.stream.AbstractPipeline.evaluate(AbstractPipeline.java:234)
	at java.base/java.util.stream.ReferencePipeline.forEach(ReferencePipeline.java:497)
	at org.openqa.selenium.devtools.Connection.handle(Connection.java:287)
	at org.openqa.selenium.devtools.Connection.access$200(Connection.java:57)
	at org.openqa.selenium.devtools.Connection$Listener.lambda$onText$0(Connection.java:224)
	... 3 more
Caused by: org.openqa.selenium.WebDriverException: {"id":2447,"error":{"code":-32602,"message":"Invalid InterceptionId."},"sessionId":"69DE6D1A85B5D627489871F60443E14A"}
Build info: version: '4.11.0', revision: '040bc5406b'
System info: os.name: 'Windows 10', os.arch: 'amd64', os.version: '10.0', java.version: '11.0.18'
Driver info: driver.version: unknown
	at org.openqa.selenium.devtools.Connection.handle(Connection.java:260)
	... 5 more
авг. 16, 2023 4:23:07 PM org.openqa.selenium.devtools.Connection$Listener lambda$onText$0
WARNING: Unable to process: {"method":"Fetch.requestPaused","params":{"requestId":"interception-job-396.0","request":{"url":"http://localhost:8080/static/media/marrakech.869b2a02.jpg","method":"GET","headers":{"Accept":"image/avif,image/webp,image/apng,image/svg+xml,image/*,*/*;q=0.8","Referer":"http://localhost:8080/","User-Agent":"Mozilla/5.0 (Windows NT 10.0; Win64; x64) AppleWebKit/537.36 (KHTML, like Gecko) Chrome/116.0.0.0 Safari/537.36","sec-ch-ua":"\"Chromium\";v=\"116\", \"Not)A;Brand\";v=\"24\", \"Google Chrome\";v=\"116\"","sec-ch-ua-mobile":"?0","sec-ch-ua-platform":"\"Windows\""},"initialPriority":"Low","referrerPolicy":"strict-origin-when-cross-origin"},"frameId":"D165F02B89151667DFD1BF49856829E7","resourceType":"Image"},"sessionId":"69DE6D1A85B5D627489871F60443E14A"}
org.openqa.selenium.devtools.DevToolsException: {"id":2448,"error":{"code":-32602,"message":"Invalid InterceptionId."},"sessionId":"69DE6D1A85B5D627489871F60443E14A"}
Build info: version: '4.11.0', revision: '040bc5406b'
System info: os.name: 'Windows 10', os.arch: 'amd64', os.version: '10.0', java.version: '11.0.18'
Driver info: driver.version: unknown
	at org.openqa.selenium.devtools.Connection.sendAndWait(Connection.java:181)
	at org.openqa.selenium.devtools.DevTools.send(DevTools.java:81)
	at org.openqa.selenium.devtools.idealized.Network.lambda$prepareToInterceptTraffic$3(Network.java:211)
	at org.openqa.selenium.remote.http.Filter.lambda$andFinally$1(Filter.java:55)
	at org.openqa.selenium.devtools.idealized.Network.lambda$prepareToInterceptTraffic$4(Network.java:226)
	at org.openqa.selenium.devtools.Connection.lambda$handle$4(Connection.java:321)
	at java.base/java.util.stream.ForEachOps$ForEachOp$OfRef.accept(ForEachOps.java:183)
	at java.base/java.util.stream.ReferencePipeline$2$1.accept(ReferencePipeline.java:177)
	at java.base/java.util.stream.ReferencePipeline$11$1.accept(ReferencePipeline.java:442)
	at java.base/java.util.HashMap$KeySpliterator.forEachRemaining(HashMap.java:1621)
	at java.base/java.util.stream.AbstractPipeline.copyInto(AbstractPipeline.java:484)
	at java.base/java.util.stream.AbstractPipeline.wrapAndCopyInto(AbstractPipeline.java:474)
	at java.base/java.util.stream.ForEachOps$ForEachOp.evaluateSequential(ForEachOps.java:150)
	at java.base/java.util.stream.ForEachOps$ForEachOp$OfRef.evaluateSequential(ForEachOps.java:173)
	at java.base/java.util.stream.AbstractPipeline.evaluate(AbstractPipeline.java:234)
	at java.base/java.util.stream.ReferencePipeline.forEach(ReferencePipeline.java:497)
	at org.openqa.selenium.devtools.Connection.handle(Connection.java:287)
	at org.openqa.selenium.devtools.Connection.access$200(Connection.java:57)
	at org.openqa.selenium.devtools.Connection$Listener.lambda$onText$0(Connection.java:224)
	at java.base/java.util.concurrent.ThreadPoolExecutor.runWorker(ThreadPoolExecutor.java:1128)
	at java.base/java.util.concurrent.ThreadPoolExecutor$Worker.run(ThreadPoolExecutor.java:628)
	at java.base/java.lang.Thread.run(Thread.java:829)
Caused by: org.openqa.selenium.WebDriverException: {"id":2448,"error":{"code":-32602,"message":"Invalid InterceptionId."},"sessionId":"69DE6D1A85B5D627489871F60443E14A"}
Build info: version: '4.11.0', revision: '040bc5406b'
System info: os.name: 'Windows 10', os.arch: 'amd64', os.version: '10.0', java.version: '11.0.18'
Driver info: driver.version: unknown
	at org.openqa.selenium.devtools.Connection.handle(Connection.java:260)
	... 5 more

Exception in thread "CDP Connection" org.openqa.selenium.devtools.DevToolsException: {"id":2448,"error":{"code":-32602,"message":"Invalid InterceptionId."},"sessionId":"69DE6D1A85B5D627489871F60443E14A"}
Build info: version: '4.11.0', revision: '040bc5406b'
System info: os.name: 'Windows 10', os.arch: 'amd64', os.version: '10.0', java.version: '11.0.18'
Driver info: driver.version: unknown
	at org.openqa.selenium.devtools.Connection$Listener.lambda$onText$0(Connection.java:227)
	at java.base/java.util.concurrent.ThreadPoolExecutor.runWorker(ThreadPoolExecutor.java:1128)
	at java.base/java.util.concurrent.ThreadPoolExecutor$Worker.run(ThreadPoolExecutor.java:628)
	at java.base/java.lang.Thread.run(Thread.java:829)
Caused by: org.openqa.selenium.devtools.DevToolsException: {"id":2448,"error":{"code":-32602,"message":"Invalid InterceptionId."},"sessionId":"69DE6D1A85B5D627489871F60443E14A"}
Build info: version: '4.11.0', revision: '040bc5406b'
System info: os.name: 'Windows 10', os.arch: 'amd64', os.version: '10.0', java.version: '11.0.18'
Driver info: driver.version: unknown
	at org.openqa.selenium.devtools.Connection.sendAndWait(Connection.java:181)
	at org.openqa.selenium.devtools.DevTools.send(DevTools.java:81)
	at org.openqa.selenium.devtools.idealized.Network.lambda$prepareToInterceptTraffic$3(Network.java:211)
	at org.openqa.selenium.remote.http.Filter.lambda$andFinally$1(Filter.java:55)
	at org.openqa.selenium.devtools.idealized.Network.lambda$prepareToInterceptTraffic$4(Network.java:226)
	at org.openqa.selenium.devtools.Connection.lambda$handle$4(Connection.java:321)
	at java.base/java.util.stream.ForEachOps$ForEachOp$OfRef.accept(ForEachOps.java:183)
	at java.base/java.util.stream.ReferencePipeline$2$1.accept(ReferencePipeline.java:177)
	at java.base/java.util.stream.ReferencePipeline$11$1.accept(ReferencePipeline.java:442)
	at java.base/java.util.HashMap$KeySpliterator.forEachRemaining(HashMap.java:1621)
	at java.base/java.util.stream.AbstractPipeline.copyInto(AbstractPipeline.java:484)
	at java.base/java.util.stream.AbstractPipeline.wrapAndCopyInto(AbstractPipeline.java:474)
	at java.base/java.util.stream.ForEachOps$ForEachOp.evaluateSequential(ForEachOps.java:150)
	at java.base/java.util.stream.ForEachOps$ForEachOp$OfRef.evaluateSequential(ForEachOps.java:173)
	at java.base/java.util.stream.AbstractPipeline.evaluate(AbstractPipeline.java:234)
	at java.base/java.util.stream.ReferencePipeline.forEach(ReferencePipeline.java:497)
	at org.openqa.selenium.devtools.Connection.handle(Connection.java:287)
	at org.openqa.selenium.devtools.Connection.access$200(Connection.java:57)
	at org.openqa.selenium.devtools.Connection$Listener.lambda$onText$0(Connection.java:224)
	... 3 more
Caused by: org.openqa.selenium.WebDriverException: {"id":2448,"error":{"code":-32602,"message":"Invalid InterceptionId."},"sessionId":"69DE6D1A85B5D627489871F60443E14A"}
Build info: version: '4.11.0', revision: '040bc5406b'
System info: os.name: 'Windows 10', os.arch: 'amd64', os.version: '10.0', java.version: '11.0.18'
Driver info: driver.version: unknown
	at org.openqa.selenium.devtools.Connection.handle(Connection.java:260)
	... 5 more
авг. 16, 2023 4:23:07 PM org.openqa.selenium.devtools.Connection$Listener lambda$onText$0
WARNING: Unable to process: {"method":"Fetch.requestPaused","params":{"requestId":"interception-job-397.0","request":{"url":"http://localhost:8080/manifest.json","method":"GET","headers":{"Accept":"*/*","Referer":"http://localhost:8080/","User-Agent":"Mozilla/5.0 (Windows NT 10.0; Win64; x64) AppleWebKit/537.36 (KHTML, like Gecko) Chrome/116.0.0.0 Safari/537.36","sec-ch-ua":"\"Chromium\";v=\"116\", \"Not)A;Brand\";v=\"24\", \"Google Chrome\";v=\"116\"","sec-ch-ua-mobile":"?0","sec-ch-ua-platform":"\"Windows\""},"initialPriority":"Medium","referrerPolicy":"unsafe-url"},"frameId":"D165F02B89151667DFD1BF49856829E7","resourceType":"Other","responseStatusCode":200,"responseStatusText":"","responseHeaders":[{"name":"Vary","value":"Origin"},{"name":"Vary","value":"Access-Control-Request-Method"},{"name":"Vary","value":"Access-Control-Request-Headers"},{"name":"Last-Modified","value":"Thu, 03 Aug 2023 10:18:16 GMT"},{"name":"Accept-Ranges","value":"bytes"},{"name":"Content-Type","value":"application/json"},{"name":"Content-Length","value":"492"},{"name":"Date","value":"Wed, 16 Aug 2023 13:20:22 GMT"}]},"sessionId":"69DE6D1A85B5D627489871F60443E14A"}
org.openqa.selenium.devtools.DevToolsException: {"id":2455,"error":{"code":-32602,"message":"Invalid InterceptionId."},"sessionId":"69DE6D1A85B5D627489871F60443E14A"}
Build info: version: '4.11.0', revision: '040bc5406b'
System info: os.name: 'Windows 10', os.arch: 'amd64', os.version: '10.0', java.version: '11.0.18'
Driver info: driver.version: unknown
	at org.openqa.selenium.devtools.Connection.sendAndWait(Connection.java:181)
	at org.openqa.selenium.devtools.DevTools.send(DevTools.java:81)
	at org.openqa.selenium.devtools.idealized.Network.lambda$prepareToInterceptTraffic$4(Network.java:194)
	at org.openqa.selenium.devtools.Connection.lambda$handle$4(Connection.java:321)
	at java.base/java.util.stream.ForEachOps$ForEachOp$OfRef.accept(ForEachOps.java:183)
	at java.base/java.util.stream.ReferencePipeline$2$1.accept(ReferencePipeline.java:177)
	at java.base/java.util.stream.ReferencePipeline$11$1.accept(ReferencePipeline.java:442)
	at java.base/java.util.HashMap$KeySpliterator.forEachRemaining(HashMap.java:1621)
	at java.base/java.util.stream.AbstractPipeline.copyInto(AbstractPipeline.java:484)
	at java.base/java.util.stream.AbstractPipeline.wrapAndCopyInto(AbstractPipeline.java:474)
	at java.base/java.util.stream.ForEachOps$ForEachOp.evaluateSequential(ForEachOps.java:150)
	at java.base/java.util.stream.ForEachOps$ForEachOp$OfRef.evaluateSequential(ForEachOps.java:173)
	at java.base/java.util.stream.AbstractPipeline.evaluate(AbstractPipeline.java:234)
	at java.base/java.util.stream.ReferencePipeline.forEach(ReferencePipeline.java:497)
	at org.openqa.selenium.devtools.Connection.handle(Connection.java:287)
	at org.openqa.selenium.devtools.Connection.access$200(Connection.java:57)
	at org.openqa.selenium.devtools.Connection$Listener.lambda$onText$0(Connection.java:224)
	at java.base/java.util.concurrent.ThreadPoolExecutor.runWorker(ThreadPoolExecutor.java:1128)
	at java.base/java.util.concurrent.ThreadPoolExecutor$Worker.run(ThreadPoolExecutor.java:628)
	at java.base/java.lang.Thread.run(Thread.java:829)
Caused by: org.openqa.selenium.WebDriverException: {"id":2455,"error":{"code":-32602,"message":"Invalid InterceptionId."},"sessionId":"69DE6D1A85B5D627489871F60443E14A"}
Build info: version: '4.11.0', revision: '040bc5406b'
System info: os.name: 'Windows 10', os.arch: 'amd64', os.version: '10.0', java.version: '11.0.18'
Driver info: driver.version: unknown
	at org.openqa.selenium.devtools.Connection.handle(Connection.java:260)
	... 5 more

Exception in thread "CDP Connection" org.openqa.selenium.devtools.DevToolsException: {"id":2455,"error":{"code":-32602,"message":"Invalid InterceptionId."},"sessionId":"69DE6D1A85B5D627489871F60443E14A"}
Build info: version: '4.11.0', revision: '040bc5406b'
System info: os.name: 'Windows 10', os.arch: 'amd64', os.version: '10.0', java.version: '11.0.18'
Driver info: driver.version: unknown
	at org.openqa.selenium.devtools.Connection$Listener.lambda$onText$0(Connection.java:227)
	at java.base/java.util.concurrent.ThreadPoolExecutor.runWorker(ThreadPoolExecutor.java:1128)
	at java.base/java.util.concurrent.ThreadPoolExecutor$Worker.run(ThreadPoolExecutor.java:628)
	at java.base/java.lang.Thread.run(Thread.java:829)
Caused by: org.openqa.selenium.devtools.DevToolsException: {"id":2455,"error":{"code":-32602,"message":"Invalid InterceptionId."},"sessionId":"69DE6D1A85B5D627489871F60443E14A"}
Build info: version: '4.11.0', revision: '040bc5406b'
System info: os.name: 'Windows 10', os.arch: 'amd64', os.version: '10.0', java.version: '11.0.18'
Driver info: driver.version: unknown
	at org.openqa.selenium.devtools.Connection.sendAndWait(Connection.java:181)
	at org.openqa.selenium.devtools.DevTools.send(DevTools.java:81)
	at org.openqa.selenium.devtools.idealized.Network.lambda$prepareToInterceptTraffic$4(Network.java:194)
	at org.openqa.selenium.devtools.Connection.lambda$handle$4(Connection.java:321)
	at java.base/java.util.stream.ForEachOps$ForEachOp$OfRef.accept(ForEachOps.java:183)
	at java.base/java.util.stream.ReferencePipeline$2$1.accept(ReferencePipeline.java:177)
	at java.base/java.util.stream.ReferencePipeline$11$1.accept(ReferencePipeline.java:442)
	at java.base/java.util.HashMap$KeySpliterator.forEachRemaining(HashMap.java:1621)
	at java.base/java.util.stream.AbstractPipeline.copyInto(AbstractPipeline.java:484)
	at java.base/java.util.stream.AbstractPipeline.wrapAndCopyInto(AbstractPipeline.java:474)
	at java.base/java.util.stream.ForEachOps$ForEachOp.evaluateSequential(ForEachOps.java:150)
	at java.base/java.util.stream.ForEachOps$ForEachOp$OfRef.evaluateSequential(ForEachOps.java:173)
	at java.base/java.util.stream.AbstractPipeline.evaluate(AbstractPipeline.java:234)
	at java.base/java.util.stream.ReferencePipeline.forEach(ReferencePipeline.java:497)
	at org.openqa.selenium.devtools.Connection.handle(Connection.java:287)
	at org.openqa.selenium.devtools.Connection.access$200(Connection.java:57)
	at org.openqa.selenium.devtools.Connection$Listener.lambda$onText$0(Connection.java:224)
	... 3 more
Caused by: org.openqa.selenium.WebDriverException: {"id":2455,"error":{"code":-32602,"message":"Invalid InterceptionId."},"sessionId":"69DE6D1A85B5D627489871F60443E14A"}
Build info: version: '4.11.0', revision: '040bc5406b'
System info: os.name: 'Windows 10', os.arch: 'amd64', os.version: '10.0', java.version: '11.0.18'
Driver info: driver.version: unknown
	at org.openqa.selenium.devtools.Connection.handle(Connection.java:260)
	... 5 more
авг. 16, 2023 4:23:07 PM org.openqa.selenium.devtools.Connection$Listener lambda$onText$0
WARNING: Unable to process: {"method":"Fetch.requestPaused","params":{"requestId":"interception-job-397.0","request":{"url":"http://localhost:8080/manifest.json","method":"GET","headers":{"Accept":"*/*","Referer":"http://localhost:8080/","User-Agent":"Mozilla/5.0 (Windows NT 10.0; Win64; x64) AppleWebKit/537.36 (KHTML, like Gecko) Chrome/116.0.0.0 Safari/537.36","sec-ch-ua":"\"Chromium\";v=\"116\", \"Not)A;Brand\";v=\"24\", \"Google Chrome\";v=\"116\"","sec-ch-ua-mobile":"?0","sec-ch-ua-platform":"\"Windows\""},"initialPriority":"Medium","referrerPolicy":"strict-origin-when-cross-origin"},"frameId":"D165F02B89151667DFD1BF49856829E7","resourceType":"Other"},"sessionId":"69DE6D1A85B5D627489871F60443E14A"}
org.openqa.selenium.devtools.DevToolsException: {"id":2458,"error":{"code":-32602,"message":"Invalid InterceptionId."},"sessionId":"69DE6D1A85B5D627489871F60443E14A"}
Build info: version: '4.11.0', revision: '040bc5406b'
System info: os.name: 'Windows 10', os.arch: 'amd64', os.version: '10.0', java.version: '11.0.18'
Driver info: driver.version: unknown
	at org.openqa.selenium.devtools.Connection.sendAndWait(Connection.java:181)
	at org.openqa.selenium.devtools.DevTools.send(DevTools.java:81)
	at org.openqa.selenium.devtools.idealized.Network.lambda$prepareToInterceptTraffic$3(Network.java:211)
	at org.openqa.selenium.remote.http.Filter.lambda$andFinally$1(Filter.java:55)
	at org.openqa.selenium.devtools.idealized.Network.lambda$prepareToInterceptTraffic$4(Network.java:226)
	at org.openqa.selenium.devtools.Connection.lambda$handle$4(Connection.java:321)
	at java.base/java.util.stream.ForEachOps$ForEachOp$OfRef.accept(ForEachOps.java:183)
	at java.base/java.util.stream.ReferencePipeline$2$1.accept(ReferencePipeline.java:177)
	at java.base/java.util.stream.ReferencePipeline$11$1.accept(ReferencePipeline.java:442)
	at java.base/java.util.HashMap$KeySpliterator.forEachRemaining(HashMap.java:1621)
	at java.base/java.util.stream.AbstractPipeline.copyInto(AbstractPipeline.java:484)
	at java.base/java.util.stream.AbstractPipeline.wrapAndCopyInto(AbstractPipeline.java:474)
	at java.base/java.util.stream.ForEachOps$ForEachOp.evaluateSequential(ForEachOps.java:150)
	at java.base/java.util.stream.ForEachOps$ForEachOp$OfRef.evaluateSequential(ForEachOps.java:173)
	at java.base/java.util.stream.AbstractPipeline.evaluate(AbstractPipeline.java:234)
	at java.base/java.util.stream.ReferencePipeline.forEach(ReferencePipeline.java:497)
	at org.openqa.selenium.devtools.Connection.handle(Connection.java:287)
	at org.openqa.selenium.devtools.Connection.access$200(Connection.java:57)
	at org.openqa.selenium.devtools.Connection$Listener.lambda$onText$0(Connection.java:224)
	at java.base/java.util.concurrent.ThreadPoolExecutor.runWorker(ThreadPoolExecutor.java:1128)
	at java.base/java.util.concurrent.ThreadPoolExecutor$Worker.run(ThreadPoolExecutor.java:628)
	at java.base/java.lang.Thread.run(Thread.java:829)
Caused by: org.openqa.selenium.WebDriverException: {"id":2458,"error":{"code":-32602,"message":"Invalid InterceptionId."},"sessionId":"69DE6D1A85B5D627489871F60443E14A"}
Build info: version: '4.11.0', revision: '040bc5406b'
System info: os.name: 'Windows 10', os.arch: 'amd64', os.version: '10.0', java.version: '11.0.18'
Driver info: driver.version: unknown
	at org.openqa.selenium.devtools.Connection.handle(Connection.java:260)
	... 5 more

Exception in thread "CDP Connection" org.openqa.selenium.devtools.DevToolsException: {"id":2458,"error":{"code":-32602,"message":"Invalid InterceptionId."},"sessionId":"69DE6D1A85B5D627489871F60443E14A"}
Build info: version: '4.11.0', revision: '040bc5406b'
System info: os.name: 'Windows 10', os.arch: 'amd64', os.version: '10.0', java.version: '11.0.18'
Driver info: driver.version: unknown
	at org.openqa.selenium.devtools.Connection$Listener.lambda$onText$0(Connection.java:227)
	at java.base/java.util.concurrent.ThreadPoolExecutor.runWorker(ThreadPoolExecutor.java:1128)
	at java.base/java.util.concurrent.ThreadPoolExecutor$Worker.run(ThreadPoolExecutor.java:628)
	at java.base/java.lang.Thread.run(Thread.java:829)
Caused by: org.openqa.selenium.devtools.DevToolsException: {"id":2458,"error":{"code":-32602,"message":"Invalid InterceptionId."},"sessionId":"69DE6D1A85B5D627489871F60443E14A"}
Build info: version: '4.11.0', revision: '040bc5406b'
System info: os.name: 'Windows 10', os.arch: 'amd64', os.version: '10.0', java.version: '11.0.18'
Driver info: driver.version: unknown
	at org.openqa.selenium.devtools.Connection.sendAndWait(Connection.java:181)
	at org.openqa.selenium.devtools.DevTools.send(DevTools.java:81)
	at org.openqa.selenium.devtools.idealized.Network.lambda$prepareToInterceptTraffic$3(Network.java:211)
	at org.openqa.selenium.remote.http.Filter.lambda$andFinally$1(Filter.java:55)
	at org.openqa.selenium.devtools.idealized.Network.lambda$prepareToInterceptTraffic$4(Network.java:226)
	at org.openqa.selenium.devtools.Connection.lambda$handle$4(Connection.java:321)
	at java.base/java.util.stream.ForEachOps$ForEachOp$OfRef.accept(ForEachOps.java:183)
	at java.base/java.util.stream.ReferencePipeline$2$1.accept(ReferencePipeline.java:177)
	at java.base/java.util.stream.ReferencePipeline$11$1.accept(ReferencePipeline.java:442)
	at java.base/java.util.HashMap$KeySpliterator.forEachRemaining(HashMap.java:1621)
	at java.base/java.util.stream.AbstractPipeline.copyInto(AbstractPipeline.java:484)
	at java.base/java.util.stream.AbstractPipeline.wrapAndCopyInto(AbstractPipeline.java:474)
	at java.base/java.util.stream.ForEachOps$ForEachOp.evaluateSequential(ForEachOps.java:150)
	at java.base/java.util.stream.ForEachOps$ForEachOp$OfRef.evaluateSequential(ForEachOps.java:173)
	at java.base/java.util.stream.AbstractPipeline.evaluate(AbstractPipeline.java:234)
	at java.base/java.util.stream.ReferencePipeline.forEach(ReferencePipeline.java:497)
	at org.openqa.selenium.devtools.Connection.handle(Connection.java:287)
	at org.openqa.selenium.devtools.Connection.access$200(Connection.java:57)
	at org.openqa.selenium.devtools.Connection$Listener.lambda$onText$0(Connection.java:224)
	... 3 more
Caused by: org.openqa.selenium.WebDriverException: {"id":2458,"error":{"code":-32602,"message":"Invalid InterceptionId."},"sessionId":"69DE6D1A85B5D627489871F60443E14A"}
Build info: version: '4.11.0', revision: '040bc5406b'
System info: os.name: 'Windows 10', os.arch: 'amd64', os.version: '10.0', java.version: '11.0.18'
Driver info: driver.version: unknown
	at org.openqa.selenium.devtools.Connection.handle(Connection.java:260)
	... 5 more
авг. 16, 2023 4:23:07 PM org.openqa.selenium.devtools.Connection$Listener lambda$onText$0
WARNING: Unable to process: {"method":"Fetch.requestPaused","params":{"requestId":"interception-job-398.0","request":{"url":"http://localhost:8080/favicon.ico","method":"GET","headers":{"Accept":"image/avif,image/webp,image/apng,image/svg+xml,image/*,*/*;q=0.8","Referer":"http://localhost:8080/","User-Agent":"Mozilla/5.0 (Windows NT 10.0; Win64; x64) AppleWebKit/537.36 (KHTML, like Gecko) Chrome/116.0.0.0 Safari/537.36","sec-ch-ua":"\"Chromium\";v=\"116\", \"Not)A;Brand\";v=\"24\", \"Google Chrome\";v=\"116\"","sec-ch-ua-mobile":"?0","sec-ch-ua-platform":"\"Windows\""},"initialPriority":"High","referrerPolicy":"unsafe-url"},"frameId":"D165F02B89151667DFD1BF49856829E7","resourceType":"Other","responseStatusCode":200,"responseStatusText":"","responseHeaders":[{"name":"Vary","value":"Origin"},{"name":"Vary","value":"Access-Control-Request-Method"},{"name":"Vary","value":"Access-Control-Request-Headers"},{"name":"Last-Modified","value":"Thu, 03 Aug 2023 10:18:16 GMT"},{"name":"Accept-Ranges","value":"bytes"},{"name":"Content-Type","value":"image/x-icon"},{"name":"Content-Length","value":"4286"},{"name":"Date","value":"Wed, 16 Aug 2023 13:20:23 GMT"}]},"sessionId":"69DE6D1A85B5D627489871F60443E14A"}
org.openqa.selenium.devtools.DevToolsException: {"id":2459,"error":{"code":-32602,"message":"Invalid InterceptionId."},"sessionId":"69DE6D1A85B5D627489871F60443E14A"}
Build info: version: '4.11.0', revision: '040bc5406b'
System info: os.name: 'Windows 10', os.arch: 'amd64', os.version: '10.0', java.version: '11.0.18'
Driver info: driver.version: unknown
	at org.openqa.selenium.devtools.Connection.sendAndWait(Connection.java:181)
	at org.openqa.selenium.devtools.DevTools.send(DevTools.java:81)
	at org.openqa.selenium.devtools.idealized.Network.lambda$prepareToInterceptTraffic$4(Network.java:194)
	at org.openqa.selenium.devtools.Connection.lambda$handle$4(Connection.java:321)
	at java.base/java.util.stream.ForEachOps$ForEachOp$OfRef.accept(ForEachOps.java:183)
	at java.base/java.util.stream.ReferencePipeline$2$1.accept(ReferencePipeline.java:177)
	at java.base/java.util.stream.ReferencePipeline$11$1.accept(ReferencePipeline.java:442)
	at java.base/java.util.HashMap$KeySpliterator.forEachRemaining(HashMap.java:1621)
	at java.base/java.util.stream.AbstractPipeline.copyInto(AbstractPipeline.java:484)
	at java.base/java.util.stream.AbstractPipeline.wrapAndCopyInto(AbstractPipeline.java:474)
	at java.base/java.util.stream.ForEachOps$ForEachOp.evaluateSequential(ForEachOps.java:150)
	at java.base/java.util.stream.ForEachOps$ForEachOp$OfRef.evaluateSequential(ForEachOps.java:173)
	at java.base/java.util.stream.AbstractPipeline.evaluate(AbstractPipeline.java:234)
	at java.base/java.util.stream.ReferencePipeline.forEach(ReferencePipeline.java:497)
	at org.openqa.selenium.devtools.Connection.handle(Connection.java:287)
	at org.openqa.selenium.devtools.Connection.access$200(Connection.java:57)
	at org.openqa.selenium.devtools.Connection$Listener.lambda$onText$0(Connection.java:224)
	at java.base/java.util.concurrent.ThreadPoolExecutor.runWorker(ThreadPoolExecutor.java:1128)
	at java.base/java.util.concurrent.ThreadPoolExecutor$Worker.run(ThreadPoolExecutor.java:628)
	at java.base/java.lang.Thread.run(Thread.java:829)
Caused by: org.openqa.selenium.WebDriverException: {"id":2459,"error":{"code":-32602,"message":"Invalid InterceptionId."},"sessionId":"69DE6D1A85B5D627489871F60443E14A"}
Build info: version: '4.11.0', revision: '040bc5406b'
System info: os.name: 'Windows 10', os.arch: 'amd64', os.version: '10.0', java.version: '11.0.18'
Driver info: driver.version: unknown
	at org.openqa.selenium.devtools.Connection.handle(Connection.java:260)
	... 5 more

Exception in thread "CDP Connection" org.openqa.selenium.devtools.DevToolsException: {"id":2459,"error":{"code":-32602,"message":"Invalid InterceptionId."},"sessionId":"69DE6D1A85B5D627489871F60443E14A"}
Build info: version: '4.11.0', revision: '040bc5406b'
System info: os.name: 'Windows 10', os.arch: 'amd64', os.version: '10.0', java.version: '11.0.18'
Driver info: driver.version: unknown
	at org.openqa.selenium.devtools.Connection$Listener.lambda$onText$0(Connection.java:227)
	at java.base/java.util.concurrent.ThreadPoolExecutor.runWorker(ThreadPoolExecutor.java:1128)
	at java.base/java.util.concurrent.ThreadPoolExecutor$Worker.run(ThreadPoolExecutor.java:628)
	at java.base/java.lang.Thread.run(Thread.java:829)
Caused by: org.openqa.selenium.devtools.DevToolsException: {"id":2459,"error":{"code":-32602,"message":"Invalid InterceptionId."},"sessionId":"69DE6D1A85B5D627489871F60443E14A"}
Build info: version: '4.11.0', revision: '040bc5406b'
System info: os.name: 'Windows 10', os.arch: 'amd64', os.version: '10.0', java.version: '11.0.18'
Driver info: driver.version: unknown
	at org.openqa.selenium.devtools.Connection.sendAndWait(Connection.java:181)
	at org.openqa.selenium.devtools.DevTools.send(DevTools.java:81)
	at org.openqa.selenium.devtools.idealized.Network.lambda$prepareToInterceptTraffic$4(Network.java:194)
	at org.openqa.selenium.devtools.Connection.lambda$handle$4(Connection.java:321)
	at java.base/java.util.stream.ForEachOps$ForEachOp$OfRef.accept(ForEachOps.java:183)
	at java.base/java.util.stream.ReferencePipeline$2$1.accept(ReferencePipeline.java:177)
	at java.base/java.util.stream.ReferencePipeline$11$1.accept(ReferencePipeline.java:442)
	at java.base/java.util.HashMap$KeySpliterator.forEachRemaining(HashMap.java:1621)
	at java.base/java.util.stream.AbstractPipeline.copyInto(AbstractPipeline.java:484)
	at java.base/java.util.stream.AbstractPipeline.wrapAndCopyInto(AbstractPipeline.java:474)
	at java.base/java.util.stream.ForEachOps$ForEachOp.evaluateSequential(ForEachOps.java:150)
	at java.base/java.util.stream.ForEachOps$ForEachOp$OfRef.evaluateSequential(ForEachOps.java:173)
	at java.base/java.util.stream.AbstractPipeline.evaluate(AbstractPipeline.java:234)
	at java.base/java.util.stream.ReferencePipeline.forEach(ReferencePipeline.java:497)
	at org.openqa.selenium.devtools.Connection.handle(Connection.java:287)
	at org.openqa.selenium.devtools.Connection.access$200(Connection.java:57)
	at org.openqa.selenium.devtools.Connection$Listener.lambda$onText$0(Connection.java:224)
	... 3 more
Caused by: org.openqa.selenium.WebDriverException: {"id":2459,"error":{"code":-32602,"message":"Invalid InterceptionId."},"sessionId":"69DE6D1A85B5D627489871F60443E14A"}
Build info: version: '4.11.0', revision: '040bc5406b'
System info: os.name: 'Windows 10', os.arch: 'amd64', os.version: '10.0', java.version: '11.0.18'
Driver info: driver.version: unknown
	at org.openqa.selenium.devtools.Connection.handle(Connection.java:260)
	... 5 more
авг. 16, 2023 4:23:07 PM org.openqa.selenium.devtools.Connection$Listener lambda$onText$0
WARNING: Unable to process: {"method":"Fetch.requestPaused","params":{"requestId":"interception-job-398.0","request":{"url":"http://localhost:8080/favicon.ico","method":"GET","headers":{"Accept":"image/avif,image/webp,image/apng,image/svg+xml,image/*,*/*;q=0.8","Referer":"http://localhost:8080/","User-Agent":"Mozilla/5.0 (Windows NT 10.0; Win64; x64) AppleWebKit/537.36 (KHTML, like Gecko) Chrome/116.0.0.0 Safari/537.36","sec-ch-ua":"\"Chromium\";v=\"116\", \"Not)A;Brand\";v=\"24\", \"Google Chrome\";v=\"116\"","sec-ch-ua-mobile":"?0","sec-ch-ua-platform":"\"Windows\""},"initialPriority":"High","referrerPolicy":"strict-origin-when-cross-origin"},"frameId":"D165F02B89151667DFD1BF49856829E7","resourceType":"Other"},"sessionId":"69DE6D1A85B5D627489871F60443E14A"}
org.openqa.selenium.devtools.DevToolsException: {"id":2460,"error":{"code":-32602,"message":"Invalid InterceptionId."},"sessionId":"69DE6D1A85B5D627489871F60443E14A"}
Build info: version: '4.11.0', revision: '040bc5406b'
System info: os.name: 'Windows 10', os.arch: 'amd64', os.version: '10.0', java.version: '11.0.18'
Driver info: driver.version: unknown
	at org.openqa.selenium.devtools.Connection.sendAndWait(Connection.java:181)
	at org.openqa.selenium.devtools.DevTools.send(DevTools.java:81)
	at org.openqa.selenium.devtools.idealized.Network.lambda$prepareToInterceptTraffic$3(Network.java:211)
	at org.openqa.selenium.remote.http.Filter.lambda$andFinally$1(Filter.java:55)
	at org.openqa.selenium.devtools.idealized.Network.lambda$prepareToInterceptTraffic$4(Network.java:226)
	at org.openqa.selenium.devtools.Connection.lambda$handle$4(Connection.java:321)
	at java.base/java.util.stream.ForEachOps$ForEachOp$OfRef.accept(ForEachOps.java:183)
	at java.base/java.util.stream.ReferencePipeline$2$1.accept(ReferencePipeline.java:177)
	at java.base/java.util.stream.ReferencePipeline$11$1.accept(ReferencePipeline.java:442)
	at java.base/java.util.HashMap$KeySpliterator.forEachRemaining(HashMap.java:1621)
	at java.base/java.util.stream.AbstractPipeline.copyInto(AbstractPipeline.java:484)
	at java.base/java.util.stream.AbstractPipeline.wrapAndCopyInto(AbstractPipeline.java:474)
	at java.base/java.util.stream.ForEachOps$ForEachOp.evaluateSequential(ForEachOps.java:150)
	at java.base/java.util.stream.ForEachOps$ForEachOp$OfRef.evaluateSequential(ForEachOps.java:173)
	at java.base/java.util.stream.AbstractPipeline.evaluate(AbstractPipeline.java:234)
	at java.base/java.util.stream.ReferencePipeline.forEach(ReferencePipeline.java:497)
	at org.openqa.selenium.devtools.Connection.handle(Connection.java:287)
	at org.openqa.selenium.devtools.Connection.access$200(Connection.java:57)
	at org.openqa.selenium.devtools.Connection$Listener.lambda$onText$0(Connection.java:224)
	at java.base/java.util.concurrent.ThreadPoolExecutor.runWorker(ThreadPoolExecutor.java:1128)
	at java.base/java.util.concurrent.ThreadPoolExecutor$Worker.run(ThreadPoolExecutor.java:628)
	at java.base/java.lang.Thread.run(Thread.java:829)
Caused by: org.openqa.selenium.WebDriverException: {"id":2460,"error":{"code":-32602,"message":"Invalid InterceptionId."},"sessionId":"69DE6D1A85B5D627489871F60443E14A"}
Build info: version: '4.11.0', revision: '040bc5406b'
System info: os.name: 'Windows 10', os.arch: 'amd64', os.version: '10.0', java.version: '11.0.18'
Driver info: driver.version: unknown
	at org.openqa.selenium.devtools.Connection.handle(Connection.java:260)
	... 5 more

Exception in thread "CDP Connection" org.openqa.selenium.devtools.DevToolsException: {"id":2460,"error":{"code":-32602,"message":"Invalid InterceptionId."},"sessionId":"69DE6D1A85B5D627489871F60443E14A"}
Build info: version: '4.11.0', revision: '040bc5406b'
System info: os.name: 'Windows 10', os.arch: 'amd64', os.version: '10.0', java.version: '11.0.18'
Driver info: driver.version: unknown
	at org.openqa.selenium.devtools.Connection$Listener.lambda$onText$0(Connection.java:227)
	at java.base/java.util.concurrent.ThreadPoolExecutor.runWorker(ThreadPoolExecutor.java:1128)
	at java.base/java.util.concurrent.ThreadPoolExecutor$Worker.run(ThreadPoolExecutor.java:628)
	at java.base/java.lang.Thread.run(Thread.java:829)
Caused by: org.openqa.selenium.devtools.DevToolsException: {"id":2460,"error":{"code":-32602,"message":"Invalid InterceptionId."},"sessionId":"69DE6D1A85B5D627489871F60443E14A"}
Build info: version: '4.11.0', revision: '040bc5406b'
System info: os.name: 'Windows 10', os.arch: 'amd64', os.version: '10.0', java.version: '11.0.18'
Driver info: driver.version: unknown
	at org.openqa.selenium.devtools.Connection.sendAndWait(Connection.java:181)
	at org.openqa.selenium.devtools.DevTools.send(DevTools.java:81)
	at org.openqa.selenium.devtools.idealized.Network.lambda$prepareToInterceptTraffic$3(Network.java:211)
	at org.openqa.selenium.remote.http.Filter.lambda$andFinally$1(Filter.java:55)
	at org.openqa.selenium.devtools.idealized.Network.lambda$prepareToInterceptTraffic$4(Network.java:226)
	at org.openqa.selenium.devtools.Connection.lambda$handle$4(Connection.java:321)
	at java.base/java.util.stream.ForEachOps$ForEachOp$OfRef.accept(ForEachOps.java:183)
	at java.base/java.util.stream.ReferencePipeline$2$1.accept(ReferencePipeline.java:177)
	at java.base/java.util.stream.ReferencePipeline$11$1.accept(ReferencePipeline.java:442)
	at java.base/java.util.HashMap$KeySpliterator.forEachRemaining(HashMap.java:1621)
	at java.base/java.util.stream.AbstractPipeline.copyInto(AbstractPipeline.java:484)
	at java.base/java.util.stream.AbstractPipeline.wrapAndCopyInto(AbstractPipeline.java:474)
	at java.base/java.util.stream.ForEachOps$ForEachOp.evaluateSequential(ForEachOps.java:150)
	at java.base/java.util.stream.ForEachOps$ForEachOp$OfRef.evaluateSequential(ForEachOps.java:173)
	at java.base/java.util.stream.AbstractPipeline.evaluate(AbstractPipeline.java:234)
	at java.base/java.util.stream.ReferencePipeline.forEach(ReferencePipeline.java:497)
	at org.openqa.selenium.devtools.Connection.handle(Connection.java:287)
	at org.openqa.selenium.devtools.Connection.access$200(Connection.java:57)
	at org.openqa.selenium.devtools.Connection$Listener.lambda$onText$0(Connection.java:224)
	... 3 more
Caused by: org.openqa.selenium.WebDriverException: {"id":2460,"error":{"code":-32602,"message":"Invalid InterceptionId."},"sessionId":"69DE6D1A85B5D627489871F60443E14A"}
Build info: version: '4.11.0', revision: '040bc5406b'
System info: os.name: 'Windows 10', os.arch: 'amd64', os.version: '10.0', java.version: '11.0.18'
Driver info: driver.version: unknown
	at org.openqa.selenium.devtools.Connection.handle(Connection.java:260)
	... 5 more
авг. 16, 2023 4:23:07 PM org.openqa.selenium.devtools.Connection$Listener lambda$onText$0
WARNING: Unable to process: {"method":"Fetch.requestPaused","params":{"requestId":"interception-job-399.0","request":{"url":"http://localhost:8080/logo192.png","method":"GET","headers":{"Accept":"image/avif,image/webp,image/apng,image/svg+xml,image/*,*/*;q=0.8","Referer":"http://localhost:8080/","User-Agent":"Mozilla/5.0 (Windows NT 10.0; Win64; x64) AppleWebKit/537.36 (KHTML, like Gecko) Chrome/116.0.0.0 Safari/537.36","sec-ch-ua":"\"Chromium\";v=\"116\", \"Not)A;Brand\";v=\"24\", \"Google Chrome\";v=\"116\"","sec-ch-ua-mobile":"?0","sec-ch-ua-platform":"\"Windows\""},"initialPriority":"High","referrerPolicy":"strict-origin-when-cross-origin"},"frameId":"D165F02B89151667DFD1BF49856829E7","resourceType":"Image"},"sessionId":"69DE6D1A85B5D627489871F60443E14A"}
org.openqa.selenium.devtools.DevToolsException: {"id":2465,"error":{"code":-32602,"message":"Invalid InterceptionId."},"sessionId":"69DE6D1A85B5D627489871F60443E14A"}
Build info: version: '4.11.0', revision: '040bc5406b'
System info: os.name: 'Windows 10', os.arch: 'amd64', os.version: '10.0', java.version: '11.0.18'
Driver info: driver.version: unknown
	at org.openqa.selenium.devtools.Connection.sendAndWait(Connection.java:181)
	at org.openqa.selenium.devtools.DevTools.send(DevTools.java:81)
	at org.openqa.selenium.devtools.idealized.Network.lambda$prepareToInterceptTraffic$3(Network.java:211)
	at org.openqa.selenium.remote.http.Filter.lambda$andFinally$1(Filter.java:55)
	at org.openqa.selenium.devtools.idealized.Network.lambda$prepareToInterceptTraffic$4(Network.java:226)
	at org.openqa.selenium.devtools.Connection.lambda$handle$4(Connection.java:321)
	at java.base/java.util.stream.ForEachOps$ForEachOp$OfRef.accept(ForEachOps.java:183)
	at java.base/java.util.stream.ReferencePipeline$2$1.accept(ReferencePipeline.java:177)
	at java.base/java.util.stream.ReferencePipeline$11$1.accept(ReferencePipeline.java:442)
	at java.base/java.util.HashMap$KeySpliterator.forEachRemaining(HashMap.java:1621)
	at java.base/java.util.stream.AbstractPipeline.copyInto(AbstractPipeline.java:484)
	at java.base/java.util.stream.AbstractPipeline.wrapAndCopyInto(AbstractPipeline.java:474)
	at java.base/java.util.stream.ForEachOps$ForEachOp.evaluateSequential(ForEachOps.java:150)
	at java.base/java.util.stream.ForEachOps$ForEachOp$OfRef.evaluateSequential(ForEachOps.java:173)
	at java.base/java.util.stream.AbstractPipeline.evaluate(AbstractPipeline.java:234)
	at java.base/java.util.stream.ReferencePipeline.forEach(ReferencePipeline.java:497)
	at org.openqa.selenium.devtools.Connection.handle(Connection.java:287)
	at org.openqa.selenium.devtools.Connection.access$200(Connection.java:57)
	at org.openqa.selenium.devtools.Connection$Listener.lambda$onText$0(Connection.java:224)
	at java.base/java.util.concurrent.ThreadPoolExecutor.runWorker(ThreadPoolExecutor.java:1128)
	at java.base/java.util.concurrent.ThreadPoolExecutor$Worker.run(ThreadPoolExecutor.java:628)
	at java.base/java.lang.Thread.run(Thread.java:829)
Caused by: org.openqa.selenium.WebDriverException: {"id":2465,"error":{"code":-32602,"message":"Invalid InterceptionId."},"sessionId":"69DE6D1A85B5D627489871F60443E14A"}
Build info: version: '4.11.0', revision: '040bc5406b'
System info: os.name: 'Windows 10', os.arch: 'amd64', os.version: '10.0', java.version: '11.0.18'
Driver info: driver.version: unknown
	at org.openqa.selenium.devtools.Connection.handle(Connection.java:260)
	... 5 more

Exception in thread "CDP Connection" org.openqa.selenium.devtools.DevToolsException: {"id":2465,"error":{"code":-32602,"message":"Invalid InterceptionId."},"sessionId":"69DE6D1A85B5D627489871F60443E14A"}
Build info: version: '4.11.0', revision: '040bc5406b'
System info: os.name: 'Windows 10', os.arch: 'amd64', os.version: '10.0', java.version: '11.0.18'
Driver info: driver.version: unknown
	at org.openqa.selenium.devtools.Connection$Listener.lambda$onText$0(Connection.java:227)
	at java.base/java.util.concurrent.ThreadPoolExecutor.runWorker(ThreadPoolExecutor.java:1128)
	at java.base/java.util.concurrent.ThreadPoolExecutor$Worker.run(ThreadPoolExecutor.java:628)
	at java.base/java.lang.Thread.run(Thread.java:829)
Caused by: org.openqa.selenium.devtools.DevToolsException: {"id":2465,"error":{"code":-32602,"message":"Invalid InterceptionId."},"sessionId":"69DE6D1A85B5D627489871F60443E14A"}
Build info: version: '4.11.0', revision: '040bc5406b'
System info: os.name: 'Windows 10', os.arch: 'amd64', os.version: '10.0', java.version: '11.0.18'
Driver info: driver.version: unknown
	at org.openqa.selenium.devtools.Connection.sendAndWait(Connection.java:181)
	at org.openqa.selenium.devtools.DevTools.send(DevTools.java:81)
	at org.openqa.selenium.devtools.idealized.Network.lambda$prepareToInterceptTraffic$3(Network.java:211)
	at org.openqa.selenium.remote.http.Filter.lambda$andFinally$1(Filter.java:55)
	at org.openqa.selenium.devtools.idealized.Network.lambda$prepareToInterceptTraffic$4(Network.java:226)
	at org.openqa.selenium.devtools.Connection.lambda$handle$4(Connection.java:321)
	at java.base/java.util.stream.ForEachOps$ForEachOp$OfRef.accept(ForEachOps.java:183)
	at java.base/java.util.stream.ReferencePipeline$2$1.accept(ReferencePipeline.java:177)
	at java.base/java.util.stream.ReferencePipeline$11$1.accept(ReferencePipeline.java:442)
	at java.base/java.util.HashMap$KeySpliterator.forEachRemaining(HashMap.java:1621)
	at java.base/java.util.stream.AbstractPipeline.copyInto(AbstractPipeline.java:484)
	at java.base/java.util.stream.AbstractPipeline.wrapAndCopyInto(AbstractPipeline.java:474)
	at java.base/java.util.stream.ForEachOps$ForEachOp.evaluateSequential(ForEachOps.java:150)
	at java.base/java.util.stream.ForEachOps$ForEachOp$OfRef.evaluateSequential(ForEachOps.java:173)
	at java.base/java.util.stream.AbstractPipeline.evaluate(AbstractPipeline.java:234)
	at java.base/java.util.stream.ReferencePipeline.forEach(ReferencePipeline.java:497)
	at org.openqa.selenium.devtools.Connection.handle(Connection.java:287)
	at org.openqa.selenium.devtools.Connection.access$200(Connection.java:57)
	at org.openqa.selenium.devtools.Connection$Listener.lambda$onText$0(Connection.java:224)
	... 3 more
Caused by: org.openqa.selenium.WebDriverException: {"id":2465,"error":{"code":-32602,"message":"Invalid InterceptionId."},"sessionId":"69DE6D1A85B5D627489871F60443E14A"}
Build info: version: '4.11.0', revision: '040bc5406b'
System info: os.name: 'Windows 10', os.arch: 'amd64', os.version: '10.0', java.version: '11.0.18'
Driver info: driver.version: unknown
	at org.openqa.selenium.devtools.Connection.handle(Connection.java:260)
	... 5 more
авг. 16, 2023 4:23:07 PM org.openqa.selenium.devtools.Connection$Listener lambda$onText$0
WARNING: Unable to process: {"method":"Fetch.requestPaused","params":{"requestId":"interception-job-399.0","request":{"url":"http://localhost:8080/logo192.png","method":"GET","headers":{"Accept":"image/avif,image/webp,image/apng,image/svg+xml,image/*,*/*;q=0.8","Referer":"http://localhost:8080/","User-Agent":"Mozilla/5.0 (Windows NT 10.0; Win64; x64) AppleWebKit/537.36 (KHTML, like Gecko) Chrome/116.0.0.0 Safari/537.36","sec-ch-ua":"\"Chromium\";v=\"116\", \"Not)A;Brand\";v=\"24\", \"Google Chrome\";v=\"116\"","sec-ch-ua-mobile":"?0","sec-ch-ua-platform":"\"Windows\""},"initialPriority":"High","referrerPolicy":"unsafe-url"},"frameId":"D165F02B89151667DFD1BF49856829E7","resourceType":"Image","responseStatusCode":200,"responseStatusText":"","responseHeaders":[{"name":"Vary","value":"Origin"},{"name":"Vary","value":"Access-Control-Request-Method"},{"name":"Vary","value":"Access-Control-Request-Headers"},{"name":"Last-Modified","value":"Thu, 03 Aug 2023 10:18:16 GMT"},{"name":"Accept-Ranges","value":"bytes"},{"name":"Content-Type","value":"image/png"},{"name":"Content-Length","value":"8581"},{"name":"Date","value":"Wed, 16 Aug 2023 13:20:23 GMT"}]},"sessionId":"69DE6D1A85B5D627489871F60443E14A"}
org.openqa.selenium.devtools.DevToolsException: {"id":2467,"error":{"code":-32602,"message":"Invalid InterceptionId."},"sessionId":"69DE6D1A85B5D627489871F60443E14A"}
Build info: version: '4.11.0', revision: '040bc5406b'
System info: os.name: 'Windows 10', os.arch: 'amd64', os.version: '10.0', java.version: '11.0.18'
Driver info: driver.version: unknown
	at org.openqa.selenium.devtools.Connection.sendAndWait(Connection.java:181)
	at org.openqa.selenium.devtools.DevTools.send(DevTools.java:81)
	at org.openqa.selenium.devtools.idealized.Network.lambda$prepareToInterceptTraffic$4(Network.java:194)
	at org.openqa.selenium.devtools.Connection.lambda$handle$4(Connection.java:321)
	at java.base/java.util.stream.ForEachOps$ForEachOp$OfRef.accept(ForEachOps.java:183)
	at java.base/java.util.stream.ReferencePipeline$2$1.accept(ReferencePipeline.java:177)
	at java.base/java.util.stream.ReferencePipeline$11$1.accept(ReferencePipeline.java:442)
	at java.base/java.util.HashMap$KeySpliterator.forEachRemaining(HashMap.java:1621)
	at java.base/java.util.stream.AbstractPipeline.copyInto(AbstractPipeline.java:484)
	at java.base/java.util.stream.AbstractPipeline.wrapAndCopyInto(AbstractPipeline.java:474)
	at java.base/java.util.stream.ForEachOps$ForEachOp.evaluateSequential(ForEachOps.java:150)
	at java.base/java.util.stream.ForEachOps$ForEachOp$OfRef.evaluateSequential(ForEachOps.java:173)
	at java.base/java.util.stream.AbstractPipeline.evaluate(AbstractPipeline.java:234)
	at java.base/java.util.stream.ReferencePipeline.forEach(ReferencePipeline.java:497)
	at org.openqa.selenium.devtools.Connection.handle(Connection.java:287)
	at org.openqa.selenium.devtools.Connection.access$200(Connection.java:57)
	at org.openqa.selenium.devtools.Connection$Listener.lambda$onText$0(Connection.java:224)
	at java.base/java.util.concurrent.ThreadPoolExecutor.runWorker(ThreadPoolExecutor.java:1128)
	at java.base/java.util.concurrent.ThreadPoolExecutor$Worker.run(ThreadPoolExecutor.java:628)
	at java.base/java.lang.Thread.run(Thread.java:829)
Caused by: org.openqa.selenium.WebDriverException: {"id":2467,"error":{"code":-32602,"message":"Invalid InterceptionId."},"sessionId":"69DE6D1A85B5D627489871F60443E14A"}
Build info: version: '4.11.0', revision: '040bc5406b'
System info: os.name: 'Windows 10', os.arch: 'amd64', os.version: '10.0', java.version: '11.0.18'
Driver info: driver.version: unknown
	at org.openqa.selenium.devtools.Connection.handle(Connection.java:260)
	... 5 more

Exception in thread "CDP Connection" org.openqa.selenium.devtools.DevToolsException: {"id":2467,"error":{"code":-32602,"message":"Invalid InterceptionId."},"sessionId":"69DE6D1A85B5D627489871F60443E14A"}
Build info: version: '4.11.0', revision: '040bc5406b'
System info: os.name: 'Windows 10', os.arch: 'amd64', os.version: '10.0', java.version: '11.0.18'
Driver info: driver.version: unknown
	at org.openqa.selenium.devtools.Connection$Listener.lambda$onText$0(Connection.java:227)
	at java.base/java.util.concurrent.ThreadPoolExecutor.runWorker(ThreadPoolExecutor.java:1128)
	at java.base/java.util.concurrent.ThreadPoolExecutor$Worker.run(ThreadPoolExecutor.java:628)
	at java.base/java.lang.Thread.run(Thread.java:829)
Caused by: org.openqa.selenium.devtools.DevToolsException: {"id":2467,"error":{"code":-32602,"message":"Invalid InterceptionId."},"sessionId":"69DE6D1A85B5D627489871F60443E14A"}
Build info: version: '4.11.0', revision: '040bc5406b'
System info: os.name: 'Windows 10', os.arch: 'amd64', os.version: '10.0', java.version: '11.0.18'
Driver info: driver.version: unknown
	at org.openqa.selenium.devtools.Connection.sendAndWait(Connection.java:181)
	at org.openqa.selenium.devtools.DevTools.send(DevTools.java:81)
	at org.openqa.selenium.devtools.idealized.Network.lambda$prepareToInterceptTraffic$4(Network.java:194)
	at org.openqa.selenium.devtools.Connection.lambda$handle$4(Connection.java:321)
	at java.base/java.util.stream.ForEachOps$ForEachOp$OfRef.accept(ForEachOps.java:183)
	at java.base/java.util.stream.ReferencePipeline$2$1.accept(ReferencePipeline.java:177)
	at java.base/java.util.stream.ReferencePipeline$11$1.accept(ReferencePipeline.java:442)
	at java.base/java.util.HashMap$KeySpliterator.forEachRemaining(HashMap.java:1621)
	at java.base/java.util.stream.AbstractPipeline.copyInto(AbstractPipeline.java:484)
	at java.base/java.util.stream.AbstractPipeline.wrapAndCopyInto(AbstractPipeline.java:474)
	at java.base/java.util.stream.ForEachOps$ForEachOp.evaluateSequential(ForEachOps.java:150)
	at java.base/java.util.stream.ForEachOps$ForEachOp$OfRef.evaluateSequential(ForEachOps.java:173)
	at java.base/java.util.stream.AbstractPipeline.evaluate(AbstractPipeline.java:234)
	at java.base/java.util.stream.ReferencePipeline.forEach(ReferencePipeline.java:497)
	at org.openqa.selenium.devtools.Connection.handle(Connection.java:287)
	at org.openqa.selenium.devtools.Connection.access$200(Connection.java:57)
	at org.openqa.selenium.devtools.Connection$Listener.lambda$onText$0(Connection.java:224)
	... 3 more
Caused by: org.openqa.selenium.WebDriverException: {"id":2467,"error":{"code":-32602,"message":"Invalid InterceptionId."},"sessionId":"69DE6D1A85B5D627489871F60443E14A"}
Build info: version: '4.11.0', revision: '040bc5406b'
System info: os.name: 'Windows 10', os.arch: 'amd64', os.version: '10.0', java.version: '11.0.18'
Driver info: driver.version: unknown
	at org.openqa.selenium.devtools.Connection.handle(Connection.java:260)
	... 5 more
авг. 16, 2023 4:23:08 PM org.openqa.selenium.devtools.Connection$Listener lambda$onText$0
WARNING: Unable to process: {"method":"Fetch.requestPaused","params":{"requestId":"interception-job-400.0","request":{"url":"http://localhost:8080/static/media/icon_ok_m_white.5987da79.svg","method":"GET","headers":{"Accept":"image/avif,image/webp,image/apng,image/svg+xml,image/*,*/*;q=0.8","Referer":"http://localhost:8080/static/css/2.7d875902.chunk.css","User-Agent":"Mozilla/5.0 (Windows NT 10.0; Win64; x64) AppleWebKit/537.36 (KHTML, like Gecko) Chrome/116.0.0.0 Safari/537.36","sec-ch-ua":"\"Chromium\";v=\"116\", \"Not)A;Brand\";v=\"24\", \"Google Chrome\";v=\"116\"","sec-ch-ua-mobile":"?0","sec-ch-ua-platform":"\"Windows\""},"initialPriority":"Low","referrerPolicy":"unsafe-url"},"frameId":"D165F02B89151667DFD1BF49856829E7","resourceType":"Image","responseStatusCode":200,"responseStatusText":"","responseHeaders":[{"name":"Vary","value":"Origin"},{"name":"Vary","value":"Access-Control-Request-Method"},{"name":"Vary","value":"Access-Control-Request-Headers"},{"name":"Last-Modified","value":"Thu, 03 Aug 2023 10:18:16 GMT"},{"name":"Accept-Ranges","value":"bytes"},{"name":"Content-Type","value":"image/svg+xml"},{"name":"Content-Length","value":"687"},{"name":"Date","value":"Wed, 16 Aug 2023 13:20:24 GMT"}]},"sessionId":"69DE6D1A85B5D627489871F60443E14A"}
org.openqa.selenium.devtools.DevToolsException: {"id":2478,"error":{"code":-32602,"message":"Invalid InterceptionId."},"sessionId":"69DE6D1A85B5D627489871F60443E14A"}
Build info: version: '4.11.0', revision: '040bc5406b'
System info: os.name: 'Windows 10', os.arch: 'amd64', os.version: '10.0', java.version: '11.0.18'
Driver info: driver.version: unknown
	at org.openqa.selenium.devtools.Connection.sendAndWait(Connection.java:181)
	at org.openqa.selenium.devtools.DevTools.send(DevTools.java:81)
	at org.openqa.selenium.devtools.idealized.Network.lambda$prepareToInterceptTraffic$4(Network.java:194)
	at org.openqa.selenium.devtools.Connection.lambda$handle$4(Connection.java:321)
	at java.base/java.util.stream.ForEachOps$ForEachOp$OfRef.accept(ForEachOps.java:183)
	at java.base/java.util.stream.ReferencePipeline$2$1.accept(ReferencePipeline.java:177)
	at java.base/java.util.stream.ReferencePipeline$11$1.accept(ReferencePipeline.java:442)
	at java.base/java.util.HashMap$KeySpliterator.forEachRemaining(HashMap.java:1621)
	at java.base/java.util.stream.AbstractPipeline.copyInto(AbstractPipeline.java:484)
	at java.base/java.util.stream.AbstractPipeline.wrapAndCopyInto(AbstractPipeline.java:474)
	at java.base/java.util.stream.ForEachOps$ForEachOp.evaluateSequential(ForEachOps.java:150)
	at java.base/java.util.stream.ForEachOps$ForEachOp$OfRef.evaluateSequential(ForEachOps.java:173)
	at java.base/java.util.stream.AbstractPipeline.evaluate(AbstractPipeline.java:234)
	at java.base/java.util.stream.ReferencePipeline.forEach(ReferencePipeline.java:497)
	at org.openqa.selenium.devtools.Connection.handle(Connection.java:287)
	at org.openqa.selenium.devtools.Connection.access$200(Connection.java:57)
	at org.openqa.selenium.devtools.Connection$Listener.lambda$onText$0(Connection.java:224)
	at java.base/java.util.concurrent.ThreadPoolExecutor.runWorker(ThreadPoolExecutor.java:1128)
	at java.base/java.util.concurrent.ThreadPoolExecutor$Worker.run(ThreadPoolExecutor.java:628)
	at java.base/java.lang.Thread.run(Thread.java:829)
Caused by: org.openqa.selenium.WebDriverException: {"id":2478,"error":{"code":-32602,"message":"Invalid InterceptionId."},"sessionId":"69DE6D1A85B5D627489871F60443E14A"}
Build info: version: '4.11.0', revision: '040bc5406b'
System info: os.name: 'Windows 10', os.arch: 'amd64', os.version: '10.0', java.version: '11.0.18'
Driver info: driver.version: unknown
	at org.openqa.selenium.devtools.Connection.handle(Connection.java:260)
	... 5 more

Exception in thread "CDP Connection" org.openqa.selenium.devtools.DevToolsException: {"id":2478,"error":{"code":-32602,"message":"Invalid InterceptionId."},"sessionId":"69DE6D1A85B5D627489871F60443E14A"}
Build info: version: '4.11.0', revision: '040bc5406b'
System info: os.name: 'Windows 10', os.arch: 'amd64', os.version: '10.0', java.version: '11.0.18'
Driver info: driver.version: unknown
	at org.openqa.selenium.devtools.Connection$Listener.lambda$onText$0(Connection.java:227)
	at java.base/java.util.concurrent.ThreadPoolExecutor.runWorker(ThreadPoolExecutor.java:1128)
	at java.base/java.util.concurrent.ThreadPoolExecutor$Worker.run(ThreadPoolExecutor.java:628)
	at java.base/java.lang.Thread.run(Thread.java:829)
Caused by: org.openqa.selenium.devtools.DevToolsException: {"id":2478,"error":{"code":-32602,"message":"Invalid InterceptionId."},"sessionId":"69DE6D1A85B5D627489871F60443E14A"}
Build info: version: '4.11.0', revision: '040bc5406b'
System info: os.name: 'Windows 10', os.arch: 'amd64', os.version: '10.0', java.version: '11.0.18'
Driver info: driver.version: unknown
	at org.openqa.selenium.devtools.Connection.sendAndWait(Connection.java:181)
	at org.openqa.selenium.devtools.DevTools.send(DevTools.java:81)
	at org.openqa.selenium.devtools.idealized.Network.lambda$prepareToInterceptTraffic$4(Network.java:194)
	at org.openqa.selenium.devtools.Connection.lambda$handle$4(Connection.java:321)
	at java.base/java.util.stream.ForEachOps$ForEachOp$OfRef.accept(ForEachOps.java:183)
	at java.base/java.util.stream.ReferencePipeline$2$1.accept(ReferencePipeline.java:177)
	at java.base/java.util.stream.ReferencePipeline$11$1.accept(ReferencePipeline.java:442)
	at java.base/java.util.HashMap$KeySpliterator.forEachRemaining(HashMap.java:1621)
	at java.base/java.util.stream.AbstractPipeline.copyInto(AbstractPipeline.java:484)
	at java.base/java.util.stream.AbstractPipeline.wrapAndCopyInto(AbstractPipeline.java:474)
	at java.base/java.util.stream.ForEachOps$ForEachOp.evaluateSequential(ForEachOps.java:150)
	at java.base/java.util.stream.ForEachOps$ForEachOp$OfRef.evaluateSequential(ForEachOps.java:173)
	at java.base/java.util.stream.AbstractPipeline.evaluate(AbstractPipeline.java:234)
	at java.base/java.util.stream.ReferencePipeline.forEach(ReferencePipeline.java:497)
	at org.openqa.selenium.devtools.Connection.handle(Connection.java:287)
	at org.openqa.selenium.devtools.Connection.access$200(Connection.java:57)
	at org.openqa.selenium.devtools.Connection$Listener.lambda$onText$0(Connection.java:224)
	... 3 more
Caused by: org.openqa.selenium.WebDriverException: {"id":2478,"error":{"code":-32602,"message":"Invalid InterceptionId."},"sessionId":"69DE6D1A85B5D627489871F60443E14A"}
Build info: version: '4.11.0', revision: '040bc5406b'
System info: os.name: 'Windows 10', os.arch: 'amd64', os.version: '10.0', java.version: '11.0.18'
Driver info: driver.version: unknown
	at org.openqa.selenium.devtools.Connection.handle(Connection.java:260)
	... 5 more
авг. 16, 2023 4:23:08 PM org.openqa.selenium.devtools.Connection$Listener lambda$onText$0
WARNING: Unable to process: {"method":"Fetch.requestPaused","params":{"requestId":"interception-job-400.0","request":{"url":"http://localhost:8080/static/media/icon_ok_m_white.5987da79.svg","method":"GET","headers":{"Accept":"image/avif,image/webp,image/apng,image/svg+xml,image/*,*/*;q=0.8","Referer":"http://localhost:8080/static/css/2.7d875902.chunk.css","User-Agent":"Mozilla/5.0 (Windows NT 10.0; Win64; x64) AppleWebKit/537.36 (KHTML, like Gecko) Chrome/116.0.0.0 Safari/537.36","sec-ch-ua":"\"Chromium\";v=\"116\", \"Not)A;Brand\";v=\"24\", \"Google Chrome\";v=\"116\"","sec-ch-ua-mobile":"?0","sec-ch-ua-platform":"\"Windows\""},"initialPriority":"Low","referrerPolicy":"strict-origin-when-cross-origin"},"frameId":"D165F02B89151667DFD1BF49856829E7","resourceType":"Image"},"sessionId":"69DE6D1A85B5D627489871F60443E14A"}
org.openqa.selenium.devtools.DevToolsException: {"id":2480,"error":{"code":-32602,"message":"Invalid InterceptionId."},"sessionId":"69DE6D1A85B5D627489871F60443E14A"}
Build info: version: '4.11.0', revision: '040bc5406b'
System info: os.name: 'Windows 10', os.arch: 'amd64', os.version: '10.0', java.version: '11.0.18'
Driver info: driver.version: unknown
	at org.openqa.selenium.devtools.Connection.sendAndWait(Connection.java:181)
	at org.openqa.selenium.devtools.DevTools.send(DevTools.java:81)
	at org.openqa.selenium.devtools.idealized.Network.lambda$prepareToInterceptTraffic$3(Network.java:211)
	at org.openqa.selenium.remote.http.Filter.lambda$andFinally$1(Filter.java:55)
	at org.openqa.selenium.devtools.idealized.Network.lambda$prepareToInterceptTraffic$4(Network.java:226)
	at org.openqa.selenium.devtools.Connection.lambda$handle$4(Connection.java:321)
	at java.base/java.util.stream.ForEachOps$ForEachOp$OfRef.accept(ForEachOps.java:183)
	at java.base/java.util.stream.ReferencePipeline$2$1.accept(ReferencePipeline.java:177)
	at java.base/java.util.stream.ReferencePipeline$11$1.accept(ReferencePipeline.java:442)
	at java.base/java.util.HashMap$KeySpliterator.forEachRemaining(HashMap.java:1621)
	at java.base/java.util.stream.AbstractPipeline.copyInto(AbstractPipeline.java:484)
	at java.base/java.util.stream.AbstractPipeline.wrapAndCopyInto(AbstractPipeline.java:474)
	at java.base/java.util.stream.ForEachOps$ForEachOp.evaluateSequential(ForEachOps.java:150)
	at java.base/java.util.stream.ForEachOps$ForEachOp$OfRef.evaluateSequential(ForEachOps.java:173)
	at java.base/java.util.stream.AbstractPipeline.evaluate(AbstractPipeline.java:234)
	at java.base/java.util.stream.ReferencePipeline.forEach(ReferencePipeline.java:497)
	at org.openqa.selenium.devtools.Connection.handle(Connection.java:287)
	at org.openqa.selenium.devtools.Connection.access$200(Connection.java:57)
	at org.openqa.selenium.devtools.Connection$Listener.lambda$onText$0(Connection.java:224)
	at java.base/java.util.concurrent.ThreadPoolExecutor.runWorker(ThreadPoolExecutor.java:1128)
	at java.base/java.util.concurrent.ThreadPoolExecutor$Worker.run(ThreadPoolExecutor.java:628)
	at java.base/java.lang.Thread.run(Thread.java:829)
Caused by: org.openqa.selenium.WebDriverException: {"id":2480,"error":{"code":-32602,"message":"Invalid InterceptionId."},"sessionId":"69DE6D1A85B5D627489871F60443E14A"}
Build info: version: '4.11.0', revision: '040bc5406b'
System info: os.name: 'Windows 10', os.arch: 'amd64', os.version: '10.0', java.version: '11.0.18'
Driver info: driver.version: unknown
	at org.openqa.selenium.devtools.Connection.handle(Connection.java:260)
	... 5 more

Exception in thread "CDP Connection" org.openqa.selenium.devtools.DevToolsException: {"id":2480,"error":{"code":-32602,"message":"Invalid InterceptionId."},"sessionId":"69DE6D1A85B5D627489871F60443E14A"}
Build info: version: '4.11.0', revision: '040bc5406b'
System info: os.name: 'Windows 10', os.arch: 'amd64', os.version: '10.0', java.version: '11.0.18'
Driver info: driver.version: unknown
	at org.openqa.selenium.devtools.Connection$Listener.lambda$onText$0(Connection.java:227)
	at java.base/java.util.concurrent.ThreadPoolExecutor.runWorker(ThreadPoolExecutor.java:1128)
	at java.base/java.util.concurrent.ThreadPoolExecutor$Worker.run(ThreadPoolExecutor.java:628)
	at java.base/java.lang.Thread.run(Thread.java:829)
Caused by: org.openqa.selenium.devtools.DevToolsException: {"id":2480,"error":{"code":-32602,"message":"Invalid InterceptionId."},"sessionId":"69DE6D1A85B5D627489871F60443E14A"}
Build info: version: '4.11.0', revision: '040bc5406b'
System info: os.name: 'Windows 10', os.arch: 'amd64', os.version: '10.0', java.version: '11.0.18'
Driver info: driver.version: unknown
	at org.openqa.selenium.devtools.Connection.sendAndWait(Connection.java:181)
	at org.openqa.selenium.devtools.DevTools.send(DevTools.java:81)
	at org.openqa.selenium.devtools.idealized.Network.lambda$prepareToInterceptTraffic$3(Network.java:211)
	at org.openqa.selenium.remote.http.Filter.lambda$andFinally$1(Filter.java:55)
	at org.openqa.selenium.devtools.idealized.Network.lambda$prepareToInterceptTraffic$4(Network.java:226)
	at org.openqa.selenium.devtools.Connection.lambda$handle$4(Connection.java:321)
	at java.base/java.util.stream.ForEachOps$ForEachOp$OfRef.accept(ForEachOps.java:183)
	at java.base/java.util.stream.ReferencePipeline$2$1.accept(ReferencePipeline.java:177)
	at java.base/java.util.stream.ReferencePipeline$11$1.accept(ReferencePipeline.java:442)
	at java.base/java.util.HashMap$KeySpliterator.forEachRemaining(HashMap.java:1621)
	at java.base/java.util.stream.AbstractPipeline.copyInto(AbstractPipeline.java:484)
	at java.base/java.util.stream.AbstractPipeline.wrapAndCopyInto(AbstractPipeline.java:474)
	at java.base/java.util.stream.ForEachOps$ForEachOp.evaluateSequential(ForEachOps.java:150)
	at java.base/java.util.stream.ForEachOps$ForEachOp$OfRef.evaluateSequential(ForEachOps.java:173)
	at java.base/java.util.stream.AbstractPipeline.evaluate(AbstractPipeline.java:234)
	at java.base/java.util.stream.ReferencePipeline.forEach(ReferencePipeline.java:497)
	at org.openqa.selenium.devtools.Connection.handle(Connection.java:287)
	at org.openqa.selenium.devtools.Connection.access$200(Connection.java:57)
	at org.openqa.selenium.devtools.Connection$Listener.lambda$onText$0(Connection.java:224)
	... 3 more
Caused by: org.openqa.selenium.WebDriverException: {"id":2480,"error":{"code":-32602,"message":"Invalid InterceptionId."},"sessionId":"69DE6D1A85B5D627489871F60443E14A"}
Build info: version: '4.11.0', revision: '040bc5406b'
System info: os.name: 'Windows 10', os.arch: 'amd64', os.version: '10.0', java.version: '11.0.18'
Driver info: driver.version: unknown
	at org.openqa.selenium.devtools.Connection.handle(Connection.java:260)
	... 5 more
авг. 16, 2023 4:23:08 PM org.openqa.selenium.devtools.Connection$Listener lambda$onText$0
WARNING: Unable to process: {"method":"Fetch.requestPaused","params":{"requestId":"interception-job-401.0","request":{"url":"http://localhost:8080/static/media/icon_close_s_white.cd06f8fb.svg","method":"GET","headers":{"Accept":"image/avif,image/webp,image/apng,image/svg+xml,image/*,*/*;q=0.8","Referer":"http://localhost:8080/static/css/2.7d875902.chunk.css","User-Agent":"Mozilla/5.0 (Windows NT 10.0; Win64; x64) AppleWebKit/537.36 (KHTML, like Gecko) Chrome/116.0.0.0 Safari/537.36","sec-ch-ua":"\"Chromium\";v=\"116\", \"Not)A;Brand\";v=\"24\", \"Google Chrome\";v=\"116\"","sec-ch-ua-mobile":"?0","sec-ch-ua-platform":"\"Windows\""},"initialPriority":"Low","referrerPolicy":"unsafe-url"},"frameId":"D165F02B89151667DFD1BF49856829E7","resourceType":"Image","responseStatusCode":200,"responseStatusText":"","responseHeaders":[{"name":"Vary","value":"Origin"},{"name":"Vary","value":"Access-Control-Request-Method"},{"name":"Vary","value":"Access-Control-Request-Headers"},{"name":"Last-Modified","value":"Thu, 03 Aug 2023 10:18:16 GMT"},{"name":"Accept-Ranges","value":"bytes"},{"name":"Content-Type","value":"image/svg+xml"},{"name":"Content-Length","value":"247"},{"name":"Date","value":"Wed, 16 Aug 2023 13:20:24 GMT"}]},"sessionId":"69DE6D1A85B5D627489871F60443E14A"}
org.openqa.selenium.devtools.DevToolsException: {"id":2479,"error":{"code":-32602,"message":"Invalid InterceptionId."},"sessionId":"69DE6D1A85B5D627489871F60443E14A"}
Build info: version: '4.11.0', revision: '040bc5406b'
System info: os.name: 'Windows 10', os.arch: 'amd64', os.version: '10.0', java.version: '11.0.18'
Driver info: driver.version: unknown
	at org.openqa.selenium.devtools.Connection.sendAndWait(Connection.java:181)
	at org.openqa.selenium.devtools.DevTools.send(DevTools.java:81)
	at org.openqa.selenium.devtools.idealized.Network.lambda$prepareToInterceptTraffic$4(Network.java:194)
	at org.openqa.selenium.devtools.Connection.lambda$handle$4(Connection.java:321)
	at java.base/java.util.stream.ForEachOps$ForEachOp$OfRef.accept(ForEachOps.java:183)
	at java.base/java.util.stream.ReferencePipeline$2$1.accept(ReferencePipeline.java:177)
	at java.base/java.util.stream.ReferencePipeline$11$1.accept(ReferencePipeline.java:442)
	at java.base/java.util.HashMap$KeySpliterator.forEachRemaining(HashMap.java:1621)
	at java.base/java.util.stream.AbstractPipeline.copyInto(AbstractPipeline.java:484)
	at java.base/java.util.stream.AbstractPipeline.wrapAndCopyInto(AbstractPipeline.java:474)
	at java.base/java.util.stream.ForEachOps$ForEachOp.evaluateSequential(ForEachOps.java:150)
	at java.base/java.util.stream.ForEachOps$ForEachOp$OfRef.evaluateSequential(ForEachOps.java:173)
	at java.base/java.util.stream.AbstractPipeline.evaluate(AbstractPipeline.java:234)
	at java.base/java.util.stream.ReferencePipeline.forEach(ReferencePipeline.java:497)
	at org.openqa.selenium.devtools.Connection.handle(Connection.java:287)
	at org.openqa.selenium.devtools.Connection.access$200(Connection.java:57)
	at org.openqa.selenium.devtools.Connection$Listener.lambda$onText$0(Connection.java:224)
	at java.base/java.util.concurrent.ThreadPoolExecutor.runWorker(ThreadPoolExecutor.java:1128)
	at java.base/java.util.concurrent.ThreadPoolExecutor$Worker.run(ThreadPoolExecutor.java:628)
	at java.base/java.lang.Thread.run(Thread.java:829)
Caused by: org.openqa.selenium.WebDriverException: {"id":2479,"error":{"code":-32602,"message":"Invalid InterceptionId."},"sessionId":"69DE6D1A85B5D627489871F60443E14A"}
Build info: version: '4.11.0', revision: '040bc5406b'
System info: os.name: 'Windows 10', os.arch: 'amd64', os.version: '10.0', java.version: '11.0.18'
Driver info: driver.version: unknown
	at org.openqa.selenium.devtools.Connection.handle(Connection.java:260)
	... 5 more

Exception in thread "CDP Connection" org.openqa.selenium.devtools.DevToolsException: {"id":2479,"error":{"code":-32602,"message":"Invalid InterceptionId."},"sessionId":"69DE6D1A85B5D627489871F60443E14A"}
Build info: version: '4.11.0', revision: '040bc5406b'
System info: os.name: 'Windows 10', os.arch: 'amd64', os.version: '10.0', java.version: '11.0.18'
Driver info: driver.version: unknown
	at org.openqa.selenium.devtools.Connection$Listener.lambda$onText$0(Connection.java:227)
	at java.base/java.util.concurrent.ThreadPoolExecutor.runWorker(ThreadPoolExecutor.java:1128)
	at java.base/java.util.concurrent.ThreadPoolExecutor$Worker.run(ThreadPoolExecutor.java:628)
	at java.base/java.lang.Thread.run(Thread.java:829)
Caused by: org.openqa.selenium.devtools.DevToolsException: {"id":2479,"error":{"code":-32602,"message":"Invalid InterceptionId."},"sessionId":"69DE6D1A85B5D627489871F60443E14A"}
Build info: version: '4.11.0', revision: '040bc5406b'
System info: os.name: 'Windows 10', os.arch: 'amd64', os.version: '10.0', java.version: '11.0.18'
Driver info: driver.version: unknown
	at org.openqa.selenium.devtools.Connection.sendAndWait(Connection.java:181)
	at org.openqa.selenium.devtools.DevTools.send(DevTools.java:81)
	at org.openqa.selenium.devtools.idealized.Network.lambda$prepareToInterceptTraffic$4(Network.java:194)
	at org.openqa.selenium.devtools.Connection.lambda$handle$4(Connection.java:321)
	at java.base/java.util.stream.ForEachOps$ForEachOp$OfRef.accept(ForEachOps.java:183)
	at java.base/java.util.stream.ReferencePipeline$2$1.accept(ReferencePipeline.java:177)
	at java.base/java.util.stream.ReferencePipeline$11$1.accept(ReferencePipeline.java:442)
	at java.base/java.util.HashMap$KeySpliterator.forEachRemaining(HashMap.java:1621)
	at java.base/java.util.stream.AbstractPipeline.copyInto(AbstractPipeline.java:484)
	at java.base/java.util.stream.AbstractPipeline.wrapAndCopyInto(AbstractPipeline.java:474)
	at java.base/java.util.stream.ForEachOps$ForEachOp.evaluateSequential(ForEachOps.java:150)
	at java.base/java.util.stream.ForEachOps$ForEachOp$OfRef.evaluateSequential(ForEachOps.java:173)
	at java.base/java.util.stream.AbstractPipeline.evaluate(AbstractPipeline.java:234)
	at java.base/java.util.stream.ReferencePipeline.forEach(ReferencePipeline.java:497)
	at org.openqa.selenium.devtools.Connection.handle(Connection.java:287)
	at org.openqa.selenium.devtools.Connection.access$200(Connection.java:57)
	at org.openqa.selenium.devtools.Connection$Listener.lambda$onText$0(Connection.java:224)
	... 3 more
Caused by: org.openqa.selenium.WebDriverException: {"id":2479,"error":{"code":-32602,"message":"Invalid InterceptionId."},"sessionId":"69DE6D1A85B5D627489871F60443E14A"}
Build info: version: '4.11.0', revision: '040bc5406b'
System info: os.name: 'Windows 10', os.arch: 'amd64', os.version: '10.0', java.version: '11.0.18'
Driver info: driver.version: unknown
	at org.openqa.selenium.devtools.Connection.handle(Connection.java:260)
	... 5 more
авг. 16, 2023 4:23:08 PM org.openqa.selenium.devtools.Connection$Listener lambda$onText$0
WARNING: Unable to process: {"method":"Fetch.requestPaused","params":{"requestId":"interception-job-401.0","request":{"url":"http://localhost:8080/static/media/icon_close_s_white.cd06f8fb.svg","method":"GET","headers":{"Accept":"image/avif,image/webp,image/apng,image/svg+xml,image/*,*/*;q=0.8","Referer":"http://localhost:8080/static/css/2.7d875902.chunk.css","User-Agent":"Mozilla/5.0 (Windows NT 10.0; Win64; x64) AppleWebKit/537.36 (KHTML, like Gecko) Chrome/116.0.0.0 Safari/537.36","sec-ch-ua":"\"Chromium\";v=\"116\", \"Not)A;Brand\";v=\"24\", \"Google Chrome\";v=\"116\"","sec-ch-ua-mobile":"?0","sec-ch-ua-platform":"\"Windows\""},"initialPriority":"Low","referrerPolicy":"strict-origin-when-cross-origin"},"frameId":"D165F02B89151667DFD1BF49856829E7","resourceType":"Image"},"sessionId":"69DE6D1A85B5D627489871F60443E14A"}
org.openqa.selenium.devtools.DevToolsException: {"id":2481,"error":{"code":-32602,"message":"Invalid InterceptionId."},"sessionId":"69DE6D1A85B5D627489871F60443E14A"}
Build info: version: '4.11.0', revision: '040bc5406b'
System info: os.name: 'Windows 10', os.arch: 'amd64', os.version: '10.0', java.version: '11.0.18'
Driver info: driver.version: unknown
	at org.openqa.selenium.devtools.Connection.sendAndWait(Connection.java:181)
	at org.openqa.selenium.devtools.DevTools.send(DevTools.java:81)
	at org.openqa.selenium.devtools.idealized.Network.lambda$prepareToInterceptTraffic$3(Network.java:211)
	at org.openqa.selenium.remote.http.Filter.lambda$andFinally$1(Filter.java:55)
	at org.openqa.selenium.devtools.idealized.Network.lambda$prepareToInterceptTraffic$4(Network.java:226)
	at org.openqa.selenium.devtools.Connection.lambda$handle$4(Connection.java:321)
	at java.base/java.util.stream.ForEachOps$ForEachOp$OfRef.accept(ForEachOps.java:183)
	at java.base/java.util.stream.ReferencePipeline$2$1.accept(ReferencePipeline.java:177)
	at java.base/java.util.stream.ReferencePipeline$11$1.accept(ReferencePipeline.java:442)
	at java.base/java.util.HashMap$KeySpliterator.forEachRemaining(HashMap.java:1621)
	at java.base/java.util.stream.AbstractPipeline.copyInto(AbstractPipeline.java:484)
	at java.base/java.util.stream.AbstractPipeline.wrapAndCopyInto(AbstractPipeline.java:474)
	at java.base/java.util.stream.ForEachOps$ForEachOp.evaluateSequential(ForEachOps.java:150)
	at java.base/java.util.stream.ForEachOps$ForEachOp$OfRef.evaluateSequential(ForEachOps.java:173)
	at java.base/java.util.stream.AbstractPipeline.evaluate(AbstractPipeline.java:234)
	at java.base/java.util.stream.ReferencePipeline.forEach(ReferencePipeline.java:497)
	at org.openqa.selenium.devtools.Connection.handle(Connection.java:287)
	at org.openqa.selenium.devtools.Connection.access$200(Connection.java:57)
	at org.openqa.selenium.devtools.Connection$Listener.lambda$onText$0(Connection.java:224)
	at java.base/java.util.concurrent.ThreadPoolExecutor.runWorker(ThreadPoolExecutor.java:1128)
	at java.base/java.util.concurrent.ThreadPoolExecutor$Worker.run(ThreadPoolExecutor.java:628)
	at java.base/java.lang.Thread.run(Thread.java:829)
Caused by: org.openqa.selenium.WebDriverException: {"id":2481,"error":{"code":-32602,"message":"Invalid InterceptionId."},"sessionId":"69DE6D1A85B5D627489871F60443E14A"}
Build info: version: '4.11.0', revision: '040bc5406b'
System info: os.name: 'Windows 10', os.arch: 'amd64', os.version: '10.0', java.version: '11.0.18'
Driver info: driver.version: unknown
	at org.openqa.selenium.devtools.Connection.handle(Connection.java:260)
	... 5 more

Exception in thread "CDP Connection" org.openqa.selenium.devtools.DevToolsException: {"id":2481,"error":{"code":-32602,"message":"Invalid InterceptionId."},"sessionId":"69DE6D1A85B5D627489871F60443E14A"}
Build info: version: '4.11.0', revision: '040bc5406b'
System info: os.name: 'Windows 10', os.arch: 'amd64', os.version: '10.0', java.version: '11.0.18'
Driver info: driver.version: unknown
	at org.openqa.selenium.devtools.Connection$Listener.lambda$onText$0(Connection.java:227)
	at java.base/java.util.concurrent.ThreadPoolExecutor.runWorker(ThreadPoolExecutor.java:1128)
	at java.base/java.util.concurrent.ThreadPoolExecutor$Worker.run(ThreadPoolExecutor.java:628)
	at java.base/java.lang.Thread.run(Thread.java:829)
Caused by: org.openqa.selenium.devtools.DevToolsException: {"id":2481,"error":{"code":-32602,"message":"Invalid InterceptionId."},"sessionId":"69DE6D1A85B5D627489871F60443E14A"}
Build info: version: '4.11.0', revision: '040bc5406b'
System info: os.name: 'Windows 10', os.arch: 'amd64', os.version: '10.0', java.version: '11.0.18'
Driver info: driver.version: unknown
	at org.openqa.selenium.devtools.Connection.sendAndWait(Connection.java:181)
	at org.openqa.selenium.devtools.DevTools.send(DevTools.java:81)
	at org.openqa.selenium.devtools.idealized.Network.lambda$prepareToInterceptTraffic$3(Network.java:211)
	at org.openqa.selenium.remote.http.Filter.lambda$andFinally$1(Filter.java:55)
	at org.openqa.selenium.devtools.idealized.Network.lambda$prepareToInterceptTraffic$4(Network.java:226)
	at org.openqa.selenium.devtools.Connection.lambda$handle$4(Connection.java:321)
	at java.base/java.util.stream.ForEachOps$ForEachOp$OfRef.accept(ForEachOps.java:183)
	at java.base/java.util.stream.ReferencePipeline$2$1.accept(ReferencePipeline.java:177)
	at java.base/java.util.stream.ReferencePipeline$11$1.accept(ReferencePipeline.java:442)
	at java.base/java.util.HashMap$KeySpliterator.forEachRemaining(HashMap.java:1621)
	at java.base/java.util.stream.AbstractPipeline.copyInto(AbstractPipeline.java:484)
	at java.base/java.util.stream.AbstractPipeline.wrapAndCopyInto(AbstractPipeline.java:474)
	at java.base/java.util.stream.ForEachOps$ForEachOp.evaluateSequential(ForEachOps.java:150)
	at java.base/java.util.stream.ForEachOps$ForEachOp$OfRef.evaluateSequential(ForEachOps.java:173)
	at java.base/java.util.stream.AbstractPipeline.evaluate(AbstractPipeline.java:234)
	at java.base/java.util.stream.ReferencePipeline.forEach(ReferencePipeline.java:497)
	at org.openqa.selenium.devtools.Connection.handle(Connection.java:287)
	at org.openqa.selenium.devtools.Connection.access$200(Connection.java:57)
	at org.openqa.selenium.devtools.Connection$Listener.lambda$onText$0(Connection.java:224)
	... 3 more
Caused by: org.openqa.selenium.WebDriverException: {"id":2481,"error":{"code":-32602,"message":"Invalid InterceptionId."},"sessionId":"69DE6D1A85B5D627489871F60443E14A"}
Build info: version: '4.11.0', revision: '040bc5406b'
System info: os.name: 'Windows 10', os.arch: 'amd64', os.version: '10.0', java.version: '11.0.18'
Driver info: driver.version: unknown
	at org.openqa.selenium.devtools.Connection.handle(Connection.java:260)
	... 5 more
авг. 16, 2023 4:23:08 PM org.openqa.selenium.devtools.Connection$Listener lambda$onText$0
WARNING: Unable to process: {"method":"Fetch.requestPaused","params":{"requestId":"interception-job-402.0","request":{"url":"http://localhost:8080/static/media/icon_error_m_white.143ec85a.svg","method":"GET","headers":{"Accept":"image/avif,image/webp,image/apng,image/svg+xml,image/*,*/*;q=0.8","Referer":"http://localhost:8080/static/css/2.7d875902.chunk.css","User-Agent":"Mozilla/5.0 (Windows NT 10.0; Win64; x64) AppleWebKit/537.36 (KHTML, like Gecko) Chrome/116.0.0.0 Safari/537.36","sec-ch-ua":"\"Chromium\";v=\"116\", \"Not)A;Brand\";v=\"24\", \"Google Chrome\";v=\"116\"","sec-ch-ua-mobile":"?0","sec-ch-ua-platform":"\"Windows\""},"initialPriority":"Low","referrerPolicy":"unsafe-url"},"frameId":"D165F02B89151667DFD1BF49856829E7","resourceType":"Image","responseStatusCode":200,"responseStatusText":"","responseHeaders":[{"name":"Vary","value":"Origin"},{"name":"Vary","value":"Access-Control-Request-Method"},{"name":"Vary","value":"Access-Control-Request-Headers"},{"name":"Last-Modified","value":"Thu, 03 Aug 2023 10:18:16 GMT"},{"name":"Accept-Ranges","value":"bytes"},{"name":"Content-Type","value":"image/svg+xml"},{"name":"Content-Length","value":"380"},{"name":"Date","value":"Wed, 16 Aug 2023 13:20:24 GMT"}]},"sessionId":"69DE6D1A85B5D627489871F60443E14A"}
org.openqa.selenium.devtools.DevToolsException: {"id":2484,"error":{"code":-32602,"message":"Invalid InterceptionId."},"sessionId":"69DE6D1A85B5D627489871F60443E14A"}
Build info: version: '4.11.0', revision: '040bc5406b'
System info: os.name: 'Windows 10', os.arch: 'amd64', os.version: '10.0', java.version: '11.0.18'
Driver info: driver.version: unknown
	at org.openqa.selenium.devtools.Connection.sendAndWait(Connection.java:181)
	at org.openqa.selenium.devtools.DevTools.send(DevTools.java:81)
	at org.openqa.selenium.devtools.idealized.Network.lambda$prepareToInterceptTraffic$4(Network.java:194)
	at org.openqa.selenium.devtools.Connection.lambda$handle$4(Connection.java:321)
	at java.base/java.util.stream.ForEachOps$ForEachOp$OfRef.accept(ForEachOps.java:183)
	at java.base/java.util.stream.ReferencePipeline$2$1.accept(ReferencePipeline.java:177)
	at java.base/java.util.stream.ReferencePipeline$11$1.accept(ReferencePipeline.java:442)
	at java.base/java.util.HashMap$KeySpliterator.forEachRemaining(HashMap.java:1621)
	at java.base/java.util.stream.AbstractPipeline.copyInto(AbstractPipeline.java:484)
	at java.base/java.util.stream.AbstractPipeline.wrapAndCopyInto(AbstractPipeline.java:474)
	at java.base/java.util.stream.ForEachOps$ForEachOp.evaluateSequential(ForEachOps.java:150)
	at java.base/java.util.stream.ForEachOps$ForEachOp$OfRef.evaluateSequential(ForEachOps.java:173)
	at java.base/java.util.stream.AbstractPipeline.evaluate(AbstractPipeline.java:234)
	at java.base/java.util.stream.ReferencePipeline.forEach(ReferencePipeline.java:497)
	at org.openqa.selenium.devtools.Connection.handle(Connection.java:287)
	at org.openqa.selenium.devtools.Connection.access$200(Connection.java:57)
	at org.openqa.selenium.devtools.Connection$Listener.lambda$onText$0(Connection.java:224)
	at java.base/java.util.concurrent.ThreadPoolExecutor.runWorker(ThreadPoolExecutor.java:1128)
	at java.base/java.util.concurrent.ThreadPoolExecutor$Worker.run(ThreadPoolExecutor.java:628)
	at java.base/java.lang.Thread.run(Thread.java:829)
Caused by: org.openqa.selenium.WebDriverException: {"id":2484,"error":{"code":-32602,"message":"Invalid InterceptionId."},"sessionId":"69DE6D1A85B5D627489871F60443E14A"}
Build info: version: '4.11.0', revision: '040bc5406b'
System info: os.name: 'Windows 10', os.arch: 'amd64', os.version: '10.0', java.version: '11.0.18'
Driver info: driver.version: unknown
	at org.openqa.selenium.devtools.Connection.handle(Connection.java:260)
	... 5 more

Exception in thread "CDP Connection" org.openqa.selenium.devtools.DevToolsException: {"id":2484,"error":{"code":-32602,"message":"Invalid InterceptionId."},"sessionId":"69DE6D1A85B5D627489871F60443E14A"}
Build info: version: '4.11.0', revision: '040bc5406b'
System info: os.name: 'Windows 10', os.arch: 'amd64', os.version: '10.0', java.version: '11.0.18'
Driver info: driver.version: unknown
	at org.openqa.selenium.devtools.Connection$Listener.lambda$onText$0(Connection.java:227)
	at java.base/java.util.concurrent.ThreadPoolExecutor.runWorker(ThreadPoolExecutor.java:1128)
	at java.base/java.util.concurrent.ThreadPoolExecutor$Worker.run(ThreadPoolExecutor.java:628)
	at java.base/java.lang.Thread.run(Thread.java:829)
Caused by: org.openqa.selenium.devtools.DevToolsException: {"id":2484,"error":{"code":-32602,"message":"Invalid InterceptionId."},"sessionId":"69DE6D1A85B5D627489871F60443E14A"}
Build info: version: '4.11.0', revision: '040bc5406b'
System info: os.name: 'Windows 10', os.arch: 'amd64', os.version: '10.0', java.version: '11.0.18'
Driver info: driver.version: unknown
	at org.openqa.selenium.devtools.Connection.sendAndWait(Connection.java:181)
	at org.openqa.selenium.devtools.DevTools.send(DevTools.java:81)
	at org.openqa.selenium.devtools.idealized.Network.lambda$prepareToInterceptTraffic$4(Network.java:194)
	at org.openqa.selenium.devtools.Connection.lambda$handle$4(Connection.java:321)
	at java.base/java.util.stream.ForEachOps$ForEachOp$OfRef.accept(ForEachOps.java:183)
	at java.base/java.util.stream.ReferencePipeline$2$1.accept(ReferencePipeline.java:177)
	at java.base/java.util.stream.ReferencePipeline$11$1.accept(ReferencePipeline.java:442)
	at java.base/java.util.HashMap$KeySpliterator.forEachRemaining(HashMap.java:1621)
	at java.base/java.util.stream.AbstractPipeline.copyInto(AbstractPipeline.java:484)
	at java.base/java.util.stream.AbstractPipeline.wrapAndCopyInto(AbstractPipeline.java:474)
	at java.base/java.util.stream.ForEachOps$ForEachOp.evaluateSequential(ForEachOps.java:150)
	at java.base/java.util.stream.ForEachOps$ForEachOp$OfRef.evaluateSequential(ForEachOps.java:173)
	at java.base/java.util.stream.AbstractPipeline.evaluate(AbstractPipeline.java:234)
	at java.base/java.util.stream.ReferencePipeline.forEach(ReferencePipeline.java:497)
	at org.openqa.selenium.devtools.Connection.handle(Connection.java:287)
	at org.openqa.selenium.devtools.Connection.access$200(Connection.java:57)
	at org.openqa.selenium.devtools.Connection$Listener.lambda$onText$0(Connection.java:224)
	... 3 more
Caused by: org.openqa.selenium.WebDriverException: {"id":2484,"error":{"code":-32602,"message":"Invalid InterceptionId."},"sessionId":"69DE6D1A85B5D627489871F60443E14A"}
Build info: version: '4.11.0', revision: '040bc5406b'
System info: os.name: 'Windows 10', os.arch: 'amd64', os.version: '10.0', java.version: '11.0.18'
Driver info: driver.version: unknown
	at org.openqa.selenium.devtools.Connection.handle(Connection.java:260)
	... 5 more
авг. 16, 2023 4:23:08 PM org.openqa.selenium.devtools.Connection$Listener lambda$onText$0
WARNING: Unable to process: {"method":"Fetch.requestPaused","params":{"requestId":"interception-job-402.0","request":{"url":"http://localhost:8080/static/media/icon_error_m_white.143ec85a.svg","method":"GET","headers":{"Accept":"image/avif,image/webp,image/apng,image/svg+xml,image/*,*/*;q=0.8","Referer":"http://localhost:8080/static/css/2.7d875902.chunk.css","User-Agent":"Mozilla/5.0 (Windows NT 10.0; Win64; x64) AppleWebKit/537.36 (KHTML, like Gecko) Chrome/116.0.0.0 Safari/537.36","sec-ch-ua":"\"Chromium\";v=\"116\", \"Not)A;Brand\";v=\"24\", \"Google Chrome\";v=\"116\"","sec-ch-ua-mobile":"?0","sec-ch-ua-platform":"\"Windows\""},"initialPriority":"Low","referrerPolicy":"strict-origin-when-cross-origin"},"frameId":"D165F02B89151667DFD1BF49856829E7","resourceType":"Image"},"sessionId":"69DE6D1A85B5D627489871F60443E14A"}
org.openqa.selenium.devtools.DevToolsException: {"id":2485,"error":{"code":-32602,"message":"Invalid InterceptionId."},"sessionId":"69DE6D1A85B5D627489871F60443E14A"}
Build info: version: '4.11.0', revision: '040bc5406b'
System info: os.name: 'Windows 10', os.arch: 'amd64', os.version: '10.0', java.version: '11.0.18'
Driver info: driver.version: unknown
	at org.openqa.selenium.devtools.Connection.sendAndWait(Connection.java:181)
	at org.openqa.selenium.devtools.DevTools.send(DevTools.java:81)
	at org.openqa.selenium.devtools.idealized.Network.lambda$prepareToInterceptTraffic$3(Network.java:211)
	at org.openqa.selenium.remote.http.Filter.lambda$andFinally$1(Filter.java:55)
	at org.openqa.selenium.devtools.idealized.Network.lambda$prepareToInterceptTraffic$4(Network.java:226)
	at org.openqa.selenium.devtools.Connection.lambda$handle$4(Connection.java:321)
	at java.base/java.util.stream.ForEachOps$ForEachOp$OfRef.accept(ForEachOps.java:183)
	at java.base/java.util.stream.ReferencePipeline$2$1.accept(ReferencePipeline.java:177)
	at java.base/java.util.stream.ReferencePipeline$11$1.accept(ReferencePipeline.java:442)
	at java.base/java.util.HashMap$KeySpliterator.forEachRemaining(HashMap.java:1621)
	at java.base/java.util.stream.AbstractPipeline.copyInto(AbstractPipeline.java:484)
	at java.base/java.util.stream.AbstractPipeline.wrapAndCopyInto(AbstractPipeline.java:474)
	at java.base/java.util.stream.ForEachOps$ForEachOp.evaluateSequential(ForEachOps.java:150)
	at java.base/java.util.stream.ForEachOps$ForEachOp$OfRef.evaluateSequential(ForEachOps.java:173)
	at java.base/java.util.stream.AbstractPipeline.evaluate(AbstractPipeline.java:234)
	at java.base/java.util.stream.ReferencePipeline.forEach(ReferencePipeline.java:497)
	at org.openqa.selenium.devtools.Connection.handle(Connection.java:287)
	at org.openqa.selenium.devtools.Connection.access$200(Connection.java:57)
	at org.openqa.selenium.devtools.Connection$Listener.lambda$onText$0(Connection.java:224)
	at java.base/java.util.concurrent.ThreadPoolExecutor.runWorker(ThreadPoolExecutor.java:1128)
	at java.base/java.util.concurrent.ThreadPoolExecutor$Worker.run(ThreadPoolExecutor.java:628)
	at java.base/java.lang.Thread.run(Thread.java:829)
Caused by: org.openqa.selenium.WebDriverException: {"id":2485,"error":{"code":-32602,"message":"Invalid InterceptionId."},"sessionId":"69DE6D1A85B5D627489871F60443E14A"}
Build info: version: '4.11.0', revision: '040bc5406b'
System info: os.name: 'Windows 10', os.arch: 'amd64', os.version: '10.0', java.version: '11.0.18'
Driver info: driver.version: unknown
	at org.openqa.selenium.devtools.Connection.handle(Connection.java:260)
	... 5 more

Exception in thread "CDP Connection" org.openqa.selenium.devtools.DevToolsException: {"id":2485,"error":{"code":-32602,"message":"Invalid InterceptionId."},"sessionId":"69DE6D1A85B5D627489871F60443E14A"}
Build info: version: '4.11.0', revision: '040bc5406b'
System info: os.name: 'Windows 10', os.arch: 'amd64', os.version: '10.0', java.version: '11.0.18'
Driver info: driver.version: unknown
	at org.openqa.selenium.devtools.Connection$Listener.lambda$onText$0(Connection.java:227)
	at java.base/java.util.concurrent.ThreadPoolExecutor.runWorker(ThreadPoolExecutor.java:1128)
	at java.base/java.util.concurrent.ThreadPoolExecutor$Worker.run(ThreadPoolExecutor.java:628)
	at java.base/java.lang.Thread.run(Thread.java:829)
Caused by: org.openqa.selenium.devtools.DevToolsException: {"id":2485,"error":{"code":-32602,"message":"Invalid InterceptionId."},"sessionId":"69DE6D1A85B5D627489871F60443E14A"}
Build info: version: '4.11.0', revision: '040bc5406b'
System info: os.name: 'Windows 10', os.arch: 'amd64', os.version: '10.0', java.version: '11.0.18'
Driver info: driver.version: unknown
	at org.openqa.selenium.devtools.Connection.sendAndWait(Connection.java:181)
	at org.openqa.selenium.devtools.DevTools.send(DevTools.java:81)
	at org.openqa.selenium.devtools.idealized.Network.lambda$prepareToInterceptTraffic$3(Network.java:211)
	at org.openqa.selenium.remote.http.Filter.lambda$andFinally$1(Filter.java:55)
	at org.openqa.selenium.devtools.idealized.Network.lambda$prepareToInterceptTraffic$4(Network.java:226)
	at org.openqa.selenium.devtools.Connection.lambda$handle$4(Connection.java:321)
	at java.base/java.util.stream.ForEachOps$ForEachOp$OfRef.accept(ForEachOps.java:183)
	at java.base/java.util.stream.ReferencePipeline$2$1.accept(ReferencePipeline.java:177)
	at java.base/java.util.stream.ReferencePipeline$11$1.accept(ReferencePipeline.java:442)
	at java.base/java.util.HashMap$KeySpliterator.forEachRemaining(HashMap.java:1621)
	at java.base/java.util.stream.AbstractPipeline.copyInto(AbstractPipeline.java:484)
	at java.base/java.util.stream.AbstractPipeline.wrapAndCopyInto(AbstractPipeline.java:474)
	at java.base/java.util.stream.ForEachOps$ForEachOp.evaluateSequential(ForEachOps.java:150)
	at java.base/java.util.stream.ForEachOps$ForEachOp$OfRef.evaluateSequential(ForEachOps.java:173)
	at java.base/java.util.stream.AbstractPipeline.evaluate(AbstractPipeline.java:234)
	at java.base/java.util.stream.ReferencePipeline.forEach(ReferencePipeline.java:497)
	at org.openqa.selenium.devtools.Connection.handle(Connection.java:287)
	at org.openqa.selenium.devtools.Connection.access$200(Connection.java:57)
	at org.openqa.selenium.devtools.Connection$Listener.lambda$onText$0(Connection.java:224)
	... 3 more
Caused by: org.openqa.selenium.WebDriverException: {"id":2485,"error":{"code":-32602,"message":"Invalid InterceptionId."},"sessionId":"69DE6D1A85B5D627489871F60443E14A"}
Build info: version: '4.11.0', revision: '040bc5406b'
System info: os.name: 'Windows 10', os.arch: 'amd64', os.version: '10.0', java.version: '11.0.18'
Driver info: driver.version: unknown
	at org.openqa.selenium.devtools.Connection.handle(Connection.java:260)
	... 5 more
авг. 16, 2023 4:23:19 PM org.openqa.selenium.devtools.Connection$Listener lambda$onText$0
WARNING: Unable to process: {"method":"Fetch.requestPaused","params":{"requestId":"interception-job-403.0","request":{"url":"http://localhost:8080/api/v1/credit","method":"POST","headers":{"Accept":"*/*","Content-Type":"application/json","Origin":"http://localhost:8080","Referer":"http://localhost:8080/","User-Agent":"Mozilla/5.0 (Windows NT 10.0; Win64; x64) AppleWebKit/537.36 (KHTML, like Gecko) Chrome/116.0.0.0 Safari/537.36","sec-ch-ua":"\"Chromium\";v=\"116\", \"Not)A;Brand\";v=\"24\", \"Google Chrome\";v=\"116\"","sec-ch-ua-mobile":"?0","sec-ch-ua-platform":"\"Windows\""},"postData":"{\"number\":\"4444 4444 4444 4441\",\"year\":\"23\",\"month\":\"10\",\"holder\":\"Ivan Vasilev\",\"cvc\":\"888\"}","hasPostData":true,"postDataEntries":[{"bytes":"eyJudW1iZXIiOiI0NDQ0IDQ0NDQgNDQ0NCA0NDQxIiwieWVhciI6IjIzIiwibW9udGgiOiIxMCIsImhvbGRlciI6Ikl2YW4gVmFzaWxldiIsImN2YyI6Ijg4OCJ9"}],"initialPriority":"High","referrerPolicy":"unsafe-url"},"frameId":"D165F02B89151667DFD1BF49856829E7","resourceType":"XHR","responseStatusCode":200,"responseStatusText":"","responseHeaders":[{"name":"Vary","value":"Origin"},{"name":"Vary","value":"Access-Control-Request-Method"},{"name":"Vary","value":"Access-Control-Request-Headers"},{"name":"Content-Type","value":"application/json"},{"name":"Transfer-Encoding","value":"chunked"},{"name":"Date","value":"Wed, 16 Aug 2023 13:23:19 GMT"}]},"sessionId":"69DE6D1A85B5D627489871F60443E14A"}
org.openqa.selenium.devtools.DevToolsException: {"id":2490,"error":{"code":-32602,"message":"Invalid InterceptionId."},"sessionId":"69DE6D1A85B5D627489871F60443E14A"}
Build info: version: '4.11.0', revision: '040bc5406b'
System info: os.name: 'Windows 10', os.arch: 'amd64', os.version: '10.0', java.version: '11.0.18'
Driver info: driver.version: unknown
	at org.openqa.selenium.devtools.Connection.sendAndWait(Connection.java:181)
	at org.openqa.selenium.devtools.DevTools.send(DevTools.java:81)
	at org.openqa.selenium.devtools.idealized.Network.lambda$prepareToInterceptTraffic$4(Network.java:194)
	at org.openqa.selenium.devtools.Connection.lambda$handle$4(Connection.java:321)
	at java.base/java.util.stream.ForEachOps$ForEachOp$OfRef.accept(ForEachOps.java:183)
	at java.base/java.util.stream.ReferencePipeline$2$1.accept(ReferencePipeline.java:177)
	at java.base/java.util.stream.ReferencePipeline$11$1.accept(ReferencePipeline.java:442)
	at java.base/java.util.HashMap$KeySpliterator.forEachRemaining(HashMap.java:1621)
	at java.base/java.util.stream.AbstractPipeline.copyInto(AbstractPipeline.java:484)
	at java.base/java.util.stream.AbstractPipeline.wrapAndCopyInto(AbstractPipeline.java:474)
	at java.base/java.util.stream.ForEachOps$ForEachOp.evaluateSequential(ForEachOps.java:150)
	at java.base/java.util.stream.ForEachOps$ForEachOp$OfRef.evaluateSequential(ForEachOps.java:173)
	at java.base/java.util.stream.AbstractPipeline.evaluate(AbstractPipeline.java:234)
	at java.base/java.util.stream.ReferencePipeline.forEach(ReferencePipeline.java:497)
	at org.openqa.selenium.devtools.Connection.handle(Connection.java:287)
	at org.openqa.selenium.devtools.Connection.access$200(Connection.java:57)
	at org.openqa.selenium.devtools.Connection$Listener.lambda$onText$0(Connection.java:224)
	at java.base/java.util.concurrent.ThreadPoolExecutor.runWorker(ThreadPoolExecutor.java:1128)
	at java.base/java.util.concurrent.ThreadPoolExecutor$Worker.run(ThreadPoolExecutor.java:628)
	at java.base/java.lang.Thread.run(Thread.java:829)
Caused by: org.openqa.selenium.WebDriverException: {"id":2490,"error":{"code":-32602,"message":"Invalid InterceptionId."},"sessionId":"69DE6D1A85B5D627489871F60443E14A"}
Build info: version: '4.11.0', revision: '040bc5406b'
System info: os.name: 'Windows 10', os.arch: 'amd64', os.version: '10.0', java.version: '11.0.18'
Driver info: driver.version: unknown
	at org.openqa.selenium.devtools.Connection.handle(Connection.java:260)
	... 5 more

Exception in thread "CDP Connection" org.openqa.selenium.devtools.DevToolsException: {"id":2490,"error":{"code":-32602,"message":"Invalid InterceptionId."},"sessionId":"69DE6D1A85B5D627489871F60443E14A"}
Build info: version: '4.11.0', revision: '040bc5406b'
System info: os.name: 'Windows 10', os.arch: 'amd64', os.version: '10.0', java.version: '11.0.18'
Driver info: driver.version: unknown
	at org.openqa.selenium.devtools.Connection$Listener.lambda$onText$0(Connection.java:227)
	at java.base/java.util.concurrent.ThreadPoolExecutor.runWorker(ThreadPoolExecutor.java:1128)
	at java.base/java.util.concurrent.ThreadPoolExecutor$Worker.run(ThreadPoolExecutor.java:628)
	at java.base/java.lang.Thread.run(Thread.java:829)
Caused by: org.openqa.selenium.devtools.DevToolsException: {"id":2490,"error":{"code":-32602,"message":"Invalid InterceptionId."},"sessionId":"69DE6D1A85B5D627489871F60443E14A"}
Build info: version: '4.11.0', revision: '040bc5406b'
System info: os.name: 'Windows 10', os.arch: 'amd64', os.version: '10.0', java.version: '11.0.18'
Driver info: driver.version: unknown
	at org.openqa.selenium.devtools.Connection.sendAndWait(Connection.java:181)
	at org.openqa.selenium.devtools.DevTools.send(DevTools.java:81)
	at org.openqa.selenium.devtools.idealized.Network.lambda$prepareToInterceptTraffic$4(Network.java:194)
	at org.openqa.selenium.devtools.Connection.lambda$handle$4(Connection.java:321)
	at java.base/java.util.stream.ForEachOps$ForEachOp$OfRef.accept(ForEachOps.java:183)
	at java.base/java.util.stream.ReferencePipeline$2$1.accept(ReferencePipeline.java:177)
	at java.base/java.util.stream.ReferencePipeline$11$1.accept(ReferencePipeline.java:442)
	at java.base/java.util.HashMap$KeySpliterator.forEachRemaining(HashMap.java:1621)
	at java.base/java.util.stream.AbstractPipeline.copyInto(AbstractPipeline.java:484)
	at java.base/java.util.stream.AbstractPipeline.wrapAndCopyInto(AbstractPipeline.java:474)
	at java.base/java.util.stream.ForEachOps$ForEachOp.evaluateSequential(ForEachOps.java:150)
	at java.base/java.util.stream.ForEachOps$ForEachOp$OfRef.evaluateSequential(ForEachOps.java:173)
	at java.base/java.util.stream.AbstractPipeline.evaluate(AbstractPipeline.java:234)
	at java.base/java.util.stream.ReferencePipeline.forEach(ReferencePipeline.java:497)
	at org.openqa.selenium.devtools.Connection.handle(Connection.java:287)
	at org.openqa.selenium.devtools.Connection.access$200(Connection.java:57)
	at org.openqa.selenium.devtools.Connection$Listener.lambda$onText$0(Connection.java:224)
	... 3 more
Caused by: org.openqa.selenium.WebDriverException: {"id":2490,"error":{"code":-32602,"message":"Invalid InterceptionId."},"sessionId":"69DE6D1A85B5D627489871F60443E14A"}
Build info: version: '4.11.0', revision: '040bc5406b'
System info: os.name: 'Windows 10', os.arch: 'amd64', os.version: '10.0', java.version: '11.0.18'
Driver info: driver.version: unknown
	at org.openqa.selenium.devtools.Connection.handle(Connection.java:260)
	... 5 more
авг. 16, 2023 4:23:19 PM org.openqa.selenium.devtools.Connection$Listener lambda$onText$0
WARNING: Unable to process: {"method":"Fetch.requestPaused","params":{"requestId":"interception-job-403.0","request":{"url":"http://localhost:8080/api/v1/credit","method":"POST","headers":{"Accept":"*/*","Content-Type":"application/json","Origin":"http://localhost:8080","Referer":"http://localhost:8080/","User-Agent":"Mozilla/5.0 (Windows NT 10.0; Win64; x64) AppleWebKit/537.36 (KHTML, like Gecko) Chrome/116.0.0.0 Safari/537.36","sec-ch-ua":"\"Chromium\";v=\"116\", \"Not)A;Brand\";v=\"24\", \"Google Chrome\";v=\"116\"","sec-ch-ua-mobile":"?0","sec-ch-ua-platform":"\"Windows\""},"postData":"{\"number\":\"4444 4444 4444 4441\",\"year\":\"23\",\"month\":\"10\",\"holder\":\"Ivan Vasilev\",\"cvc\":\"888\"}","hasPostData":true,"postDataEntries":[{"bytes":"eyJudW1iZXIiOiI0NDQ0IDQ0NDQgNDQ0NCA0NDQxIiwieWVhciI6IjIzIiwibW9udGgiOiIxMCIsImhvbGRlciI6Ikl2YW4gVmFzaWxldiIsImN2YyI6Ijg4OCJ9"}],"initialPriority":"High","referrerPolicy":"strict-origin-when-cross-origin"},"frameId":"D165F02B89151667DFD1BF49856829E7","resourceType":"XHR"},"sessionId":"69DE6D1A85B5D627489871F60443E14A"}
org.openqa.selenium.devtools.DevToolsException: {"id":2491,"error":{"code":-32602,"message":"Invalid InterceptionId."},"sessionId":"69DE6D1A85B5D627489871F60443E14A"}
Build info: version: '4.11.0', revision: '040bc5406b'
System info: os.name: 'Windows 10', os.arch: 'amd64', os.version: '10.0', java.version: '11.0.18'
Driver info: driver.version: unknown
	at org.openqa.selenium.devtools.Connection.sendAndWait(Connection.java:181)
	at org.openqa.selenium.devtools.DevTools.send(DevTools.java:81)
	at org.openqa.selenium.devtools.idealized.Network.lambda$prepareToInterceptTraffic$3(Network.java:211)
	at org.openqa.selenium.remote.http.Filter.lambda$andFinally$1(Filter.java:55)
	at org.openqa.selenium.devtools.idealized.Network.lambda$prepareToInterceptTraffic$4(Network.java:226)
	at org.openqa.selenium.devtools.Connection.lambda$handle$4(Connection.java:321)
	at java.base/java.util.stream.ForEachOps$ForEachOp$OfRef.accept(ForEachOps.java:183)
	at java.base/java.util.stream.ReferencePipeline$2$1.accept(ReferencePipeline.java:177)
	at java.base/java.util.stream.ReferencePipeline$11$1.accept(ReferencePipeline.java:442)
	at java.base/java.util.HashMap$KeySpliterator.forEachRemaining(HashMap.java:1621)
	at java.base/java.util.stream.AbstractPipeline.copyInto(AbstractPipeline.java:484)
	at java.base/java.util.stream.AbstractPipeline.wrapAndCopyInto(AbstractPipeline.java:474)
	at java.base/java.util.stream.ForEachOps$ForEachOp.evaluateSequential(ForEachOps.java:150)
	at java.base/java.util.stream.ForEachOps$ForEachOp$OfRef.evaluateSequential(ForEachOps.java:173)
	at java.base/java.util.stream.AbstractPipeline.evaluate(AbstractPipeline.java:234)
	at java.base/java.util.stream.ReferencePipeline.forEach(ReferencePipeline.java:497)
	at org.openqa.selenium.devtools.Connection.handle(Connection.java:287)
	at org.openqa.selenium.devtools.Connection.access$200(Connection.java:57)
	at org.openqa.selenium.devtools.Connection$Listener.lambda$onText$0(Connection.java:224)
	at java.base/java.util.concurrent.ThreadPoolExecutor.runWorker(ThreadPoolExecutor.java:1128)
	at java.base/java.util.concurrent.ThreadPoolExecutor$Worker.run(ThreadPoolExecutor.java:628)
	at java.base/java.lang.Thread.run(Thread.java:829)
Caused by: org.openqa.selenium.WebDriverException: {"id":2491,"error":{"code":-32602,"message":"Invalid InterceptionId."},"sessionId":"69DE6D1A85B5D627489871F60443E14A"}
Build info: version: '4.11.0', revision: '040bc5406b'
System info: os.name: 'Windows 10', os.arch: 'amd64', os.version: '10.0', java.version: '11.0.18'
Driver info: driver.version: unknown
	at org.openqa.selenium.devtools.Connection.handle(Connection.java:260)
	... 5 more

Exception in thread "CDP Connection" org.openqa.selenium.devtools.DevToolsException: {"id":2491,"error":{"code":-32602,"message":"Invalid InterceptionId."},"sessionId":"69DE6D1A85B5D627489871F60443E14A"}
Build info: version: '4.11.0', revision: '040bc5406b'
System info: os.name: 'Windows 10', os.arch: 'amd64', os.version: '10.0', java.version: '11.0.18'
Driver info: driver.version: unknown
	at org.openqa.selenium.devtools.Connection$Listener.lambda$onText$0(Connection.java:227)
	at java.base/java.util.concurrent.ThreadPoolExecutor.runWorker(ThreadPoolExecutor.java:1128)
	at java.base/java.util.concurrent.ThreadPoolExecutor$Worker.run(ThreadPoolExecutor.java:628)
	at java.base/java.lang.Thread.run(Thread.java:829)
Caused by: org.openqa.selenium.devtools.DevToolsException: {"id":2491,"error":{"code":-32602,"message":"Invalid InterceptionId."},"sessionId":"69DE6D1A85B5D627489871F60443E14A"}
Build info: version: '4.11.0', revision: '040bc5406b'
System info: os.name: 'Windows 10', os.arch: 'amd64', os.version: '10.0', java.version: '11.0.18'
Driver info: driver.version: unknown
	at org.openqa.selenium.devtools.Connection.sendAndWait(Connection.java:181)
	at org.openqa.selenium.devtools.DevTools.send(DevTools.java:81)
	at org.openqa.selenium.devtools.idealized.Network.lambda$prepareToInterceptTraffic$3(Network.java:211)
	at org.openqa.selenium.remote.http.Filter.lambda$andFinally$1(Filter.java:55)
	at org.openqa.selenium.devtools.idealized.Network.lambda$prepareToInterceptTraffic$4(Network.java:226)
	at org.openqa.selenium.devtools.Connection.lambda$handle$4(Connection.java:321)
	at java.base/java.util.stream.ForEachOps$ForEachOp$OfRef.accept(ForEachOps.java:183)
	at java.base/java.util.stream.ReferencePipeline$2$1.accept(ReferencePipeline.java:177)
	at java.base/java.util.stream.ReferencePipeline$11$1.accept(ReferencePipeline.java:442)
	at java.base/java.util.HashMap$KeySpliterator.forEachRemaining(HashMap.java:1621)
	at java.base/java.util.stream.AbstractPipeline.copyInto(AbstractPipeline.java:484)
	at java.base/java.util.stream.AbstractPipeline.wrapAndCopyInto(AbstractPipeline.java:474)
	at java.base/java.util.stream.ForEachOps$ForEachOp.evaluateSequential(ForEachOps.java:150)
	at java.base/java.util.stream.ForEachOps$ForEachOp$OfRef.evaluateSequential(ForEachOps.java:173)
	at java.base/java.util.stream.AbstractPipeline.evaluate(AbstractPipeline.java:234)
	at java.base/java.util.stream.ReferencePipeline.forEach(ReferencePipeline.java:497)
	at org.openqa.selenium.devtools.Connection.handle(Connection.java:287)
	at org.openqa.selenium.devtools.Connection.access$200(Connection.java:57)
	at org.openqa.selenium.devtools.Connection$Listener.lambda$onText$0(Connection.java:224)
	... 3 more
Caused by: org.openqa.selenium.WebDriverException: {"id":2491,"error":{"code":-32602,"message":"Invalid InterceptionId."},"sessionId":"69DE6D1A85B5D627489871F60443E14A"}
Build info: version: '4.11.0', revision: '040bc5406b'
System info: os.name: 'Windows 10', os.arch: 'amd64', os.version: '10.0', java.version: '11.0.18'
Driver info: driver.version: unknown
	at org.openqa.selenium.devtools.Connection.handle(Connection.java:260)
	... 5 more
авг. 16, 2023 4:23:19 PM org.openqa.selenium.devtools.Connection$Listener lambda$onText$0
WARNING: Unable to process: {"method":"Fetch.requestPaused","params":{"requestId":"interception-job-404.0","request":{"url":"http://localhost:8080/","method":"GET","headers":{"Accept":"text/html,application/xhtml+xml,application/xml;q=0.9,image/avif,image/webp,image/apng,*/*;q=0.8,application/signed-exchange;v=b3;q=0.7","Upgrade-Insecure-Requests":"1","User-Agent":"Mozilla/5.0 (Windows NT 10.0; Win64; x64) AppleWebKit/537.36 (KHTML, like Gecko) Chrome/116.0.0.0 Safari/537.36","sec-ch-ua":"\"Chromium\";v=\"116\", \"Not)A;Brand\";v=\"24\", \"Google Chrome\";v=\"116\"","sec-ch-ua-mobile":"?0","sec-ch-ua-platform":"\"Windows\""},"initialPriority":"VeryHigh","referrerPolicy":"strict-origin-when-cross-origin"},"frameId":"D165F02B89151667DFD1BF49856829E7","resourceType":"Document","responseStatusCode":200,"responseStatusText":"","responseHeaders":[{"name":"Vary","value":"Origin"},{"name":"Vary","value":"Access-Control-Request-Method"},{"name":"Vary","value":"Access-Control-Request-Headers"},{"name":"Last-Modified","value":"Thu, 03 Aug 2023 10:18:16 GMT"},{"name":"Date","value":"Wed, 16 Aug 2023 13:23:19 GMT"},{"name":"Accept-Ranges","value":"bytes"},{"name":"Content-Type","value":"text/html"},{"name":"Content-Language","value":"ru-RU"},{"name":"Content-Length","value":"2308"}]},"sessionId":"69DE6D1A85B5D627489871F60443E14A"}
org.openqa.selenium.devtools.DevToolsException: {"id":2498,"error":{"code":-32602,"message":"Invalid InterceptionId."},"sessionId":"69DE6D1A85B5D627489871F60443E14A"}
Build info: version: '4.11.0', revision: '040bc5406b'
System info: os.name: 'Windows 10', os.arch: 'amd64', os.version: '10.0', java.version: '11.0.18'
Driver info: driver.version: unknown
	at org.openqa.selenium.devtools.Connection.sendAndWait(Connection.java:181)
	at org.openqa.selenium.devtools.DevTools.send(DevTools.java:81)
	at org.openqa.selenium.devtools.idealized.Network.lambda$prepareToInterceptTraffic$4(Network.java:194)
	at org.openqa.selenium.devtools.Connection.lambda$handle$4(Connection.java:321)
	at java.base/java.util.stream.ForEachOps$ForEachOp$OfRef.accept(ForEachOps.java:183)
	at java.base/java.util.stream.ReferencePipeline$2$1.accept(ReferencePipeline.java:177)
	at java.base/java.util.stream.ReferencePipeline$11$1.accept(ReferencePipeline.java:442)
	at java.base/java.util.HashMap$KeySpliterator.forEachRemaining(HashMap.java:1621)
	at java.base/java.util.stream.AbstractPipeline.copyInto(AbstractPipeline.java:484)
	at java.base/java.util.stream.AbstractPipeline.wrapAndCopyInto(AbstractPipeline.java:474)
	at java.base/java.util.stream.ForEachOps$ForEachOp.evaluateSequential(ForEachOps.java:150)
	at java.base/java.util.stream.ForEachOps$ForEachOp$OfRef.evaluateSequential(ForEachOps.java:173)
	at java.base/java.util.stream.AbstractPipeline.evaluate(AbstractPipeline.java:234)
	at java.base/java.util.stream.ReferencePipeline.forEach(ReferencePipeline.java:497)
	at org.openqa.selenium.devtools.Connection.handle(Connection.java:287)
	at org.openqa.selenium.devtools.Connection.access$200(Connection.java:57)
	at org.openqa.selenium.devtools.Connection$Listener.lambda$onText$0(Connection.java:224)
	at java.base/java.util.concurrent.ThreadPoolExecutor.runWorker(ThreadPoolExecutor.java:1128)
	at java.base/java.util.concurrent.ThreadPoolExecutor$Worker.run(ThreadPoolExecutor.java:628)
	at java.base/java.lang.Thread.run(Thread.java:829)
Caused by: org.openqa.selenium.WebDriverException: {"id":2498,"error":{"code":-32602,"message":"Invalid InterceptionId."},"sessionId":"69DE6D1A85B5D627489871F60443E14A"}
Build info: version: '4.11.0', revision: '040bc5406b'
System info: os.name: 'Windows 10', os.arch: 'amd64', os.version: '10.0', java.version: '11.0.18'
Driver info: driver.version: unknown
	at org.openqa.selenium.devtools.Connection.handle(Connection.java:260)
	... 5 more

Exception in thread "CDP Connection" org.openqa.selenium.devtools.DevToolsException: {"id":2498,"error":{"code":-32602,"message":"Invalid InterceptionId."},"sessionId":"69DE6D1A85B5D627489871F60443E14A"}
Build info: version: '4.11.0', revision: '040bc5406b'
System info: os.name: 'Windows 10', os.arch: 'amd64', os.version: '10.0', java.version: '11.0.18'
Driver info: driver.version: unknown
	at org.openqa.selenium.devtools.Connection$Listener.lambda$onText$0(Connection.java:227)
	at java.base/java.util.concurrent.ThreadPoolExecutor.runWorker(ThreadPoolExecutor.java:1128)
	at java.base/java.util.concurrent.ThreadPoolExecutor$Worker.run(ThreadPoolExecutor.java:628)
	at java.base/java.lang.Thread.run(Thread.java:829)
Caused by: org.openqa.selenium.devtools.DevToolsException: {"id":2498,"error":{"code":-32602,"message":"Invalid InterceptionId."},"sessionId":"69DE6D1A85B5D627489871F60443E14A"}
Build info: version: '4.11.0', revision: '040bc5406b'
System info: os.name: 'Windows 10', os.arch: 'amd64', os.version: '10.0', java.version: '11.0.18'
Driver info: driver.version: unknown
	at org.openqa.selenium.devtools.Connection.sendAndWait(Connection.java:181)
	at org.openqa.selenium.devtools.DevTools.send(DevTools.java:81)
	at org.openqa.selenium.devtools.idealized.Network.lambda$prepareToInterceptTraffic$4(Network.java:194)
	at org.openqa.selenium.devtools.Connection.lambda$handle$4(Connection.java:321)
	at java.base/java.util.stream.ForEachOps$ForEachOp$OfRef.accept(ForEachOps.java:183)
	at java.base/java.util.stream.ReferencePipeline$2$1.accept(ReferencePipeline.java:177)
	at java.base/java.util.stream.ReferencePipeline$11$1.accept(ReferencePipeline.java:442)
	at java.base/java.util.HashMap$KeySpliterator.forEachRemaining(HashMap.java:1621)
	at java.base/java.util.stream.AbstractPipeline.copyInto(AbstractPipeline.java:484)
	at java.base/java.util.stream.AbstractPipeline.wrapAndCopyInto(AbstractPipeline.java:474)
	at java.base/java.util.stream.ForEachOps$ForEachOp.evaluateSequential(ForEachOps.java:150)
	at java.base/java.util.stream.ForEachOps$ForEachOp$OfRef.evaluateSequential(ForEachOps.java:173)
	at java.base/java.util.stream.AbstractPipeline.evaluate(AbstractPipeline.java:234)
	at java.base/java.util.stream.ReferencePipeline.forEach(ReferencePipeline.java:497)
	at org.openqa.selenium.devtools.Connection.handle(Connection.java:287)
	at org.openqa.selenium.devtools.Connection.access$200(Connection.java:57)
	at org.openqa.selenium.devtools.Connection$Listener.lambda$onText$0(Connection.java:224)
	... 3 more
Caused by: org.openqa.selenium.WebDriverException: {"id":2498,"error":{"code":-32602,"message":"Invalid InterceptionId."},"sessionId":"69DE6D1A85B5D627489871F60443E14A"}
Build info: version: '4.11.0', revision: '040bc5406b'
System info: os.name: 'Windows 10', os.arch: 'amd64', os.version: '10.0', java.version: '11.0.18'
Driver info: driver.version: unknown
	at org.openqa.selenium.devtools.Connection.handle(Connection.java:260)
	... 5 more
авг. 16, 2023 4:23:19 PM org.openqa.selenium.devtools.Connection$Listener lambda$onText$0
WARNING: Unable to process: {"method":"Fetch.requestPaused","params":{"requestId":"interception-job-404.0","request":{"url":"http://localhost:8080/","method":"GET","headers":{"Accept":"text/html,application/xhtml+xml,application/xml;q=0.9,image/avif,image/webp,image/apng,*/*;q=0.8,application/signed-exchange;v=b3;q=0.7","Upgrade-Insecure-Requests":"1","User-Agent":"Mozilla/5.0 (Windows NT 10.0; Win64; x64) AppleWebKit/537.36 (KHTML, like Gecko) Chrome/116.0.0.0 Safari/537.36","sec-ch-ua":"\"Chromium\";v=\"116\", \"Not)A;Brand\";v=\"24\", \"Google Chrome\";v=\"116\"","sec-ch-ua-mobile":"?0","sec-ch-ua-platform":"\"Windows\""},"initialPriority":"VeryHigh","referrerPolicy":"strict-origin-when-cross-origin"},"frameId":"D165F02B89151667DFD1BF49856829E7","resourceType":"Document"},"sessionId":"69DE6D1A85B5D627489871F60443E14A"}
org.openqa.selenium.devtools.DevToolsException: {"id":2499,"error":{"code":-32602,"message":"Invalid InterceptionId."},"sessionId":"69DE6D1A85B5D627489871F60443E14A"}
Build info: version: '4.11.0', revision: '040bc5406b'
System info: os.name: 'Windows 10', os.arch: 'amd64', os.version: '10.0', java.version: '11.0.18'
Driver info: driver.version: unknown
	at org.openqa.selenium.devtools.Connection.sendAndWait(Connection.java:181)
	at org.openqa.selenium.devtools.DevTools.send(DevTools.java:81)
	at org.openqa.selenium.devtools.idealized.Network.lambda$prepareToInterceptTraffic$3(Network.java:211)
	at org.openqa.selenium.remote.http.Filter.lambda$andFinally$1(Filter.java:55)
	at org.openqa.selenium.devtools.idealized.Network.lambda$prepareToInterceptTraffic$4(Network.java:226)
	at org.openqa.selenium.devtools.Connection.lambda$handle$4(Connection.java:321)
	at java.base/java.util.stream.ForEachOps$ForEachOp$OfRef.accept(ForEachOps.java:183)
	at java.base/java.util.stream.ReferencePipeline$2$1.accept(ReferencePipeline.java:177)
	at java.base/java.util.stream.ReferencePipeline$11$1.accept(ReferencePipeline.java:442)
	at java.base/java.util.HashMap$KeySpliterator.forEachRemaining(HashMap.java:1621)
	at java.base/java.util.stream.AbstractPipeline.copyInto(AbstractPipeline.java:484)
	at java.base/java.util.stream.AbstractPipeline.wrapAndCopyInto(AbstractPipeline.java:474)
	at java.base/java.util.stream.ForEachOps$ForEachOp.evaluateSequential(ForEachOps.java:150)
	at java.base/java.util.stream.ForEachOps$ForEachOp$OfRef.evaluateSequential(ForEachOps.java:173)
	at java.base/java.util.stream.AbstractPipeline.evaluate(AbstractPipeline.java:234)
	at java.base/java.util.stream.ReferencePipeline.forEach(ReferencePipeline.java:497)
	at org.openqa.selenium.devtools.Connection.handle(Connection.java:287)
	at org.openqa.selenium.devtools.Connection.access$200(Connection.java:57)
	at org.openqa.selenium.devtools.Connection$Listener.lambda$onText$0(Connection.java:224)
	at java.base/java.util.concurrent.ThreadPoolExecutor.runWorker(ThreadPoolExecutor.java:1128)
	at java.base/java.util.concurrent.ThreadPoolExecutor$Worker.run(ThreadPoolExecutor.java:628)
	at java.base/java.lang.Thread.run(Thread.java:829)
Caused by: org.openqa.selenium.WebDriverException: {"id":2499,"error":{"code":-32602,"message":"Invalid InterceptionId."},"sessionId":"69DE6D1A85B5D627489871F60443E14A"}
Build info: version: '4.11.0', revision: '040bc5406b'
System info: os.name: 'Windows 10', os.arch: 'amd64', os.version: '10.0', java.version: '11.0.18'
Driver info: driver.version: unknown
	at org.openqa.selenium.devtools.Connection.handle(Connection.java:260)
	... 5 more

Exception in thread "CDP Connection" org.openqa.selenium.devtools.DevToolsException: {"id":2499,"error":{"code":-32602,"message":"Invalid InterceptionId."},"sessionId":"69DE6D1A85B5D627489871F60443E14A"}
Build info: version: '4.11.0', revision: '040bc5406b'
System info: os.name: 'Windows 10', os.arch: 'amd64', os.version: '10.0', java.version: '11.0.18'
Driver info: driver.version: unknown
	at org.openqa.selenium.devtools.Connection$Listener.lambda$onText$0(Connection.java:227)
	at java.base/java.util.concurrent.ThreadPoolExecutor.runWorker(ThreadPoolExecutor.java:1128)
	at java.base/java.util.concurrent.ThreadPoolExecutor$Worker.run(ThreadPoolExecutor.java:628)
	at java.base/java.lang.Thread.run(Thread.java:829)
Caused by: org.openqa.selenium.devtools.DevToolsException: {"id":2499,"error":{"code":-32602,"message":"Invalid InterceptionId."},"sessionId":"69DE6D1A85B5D627489871F60443E14A"}
Build info: version: '4.11.0', revision: '040bc5406b'
System info: os.name: 'Windows 10', os.arch: 'amd64', os.version: '10.0', java.version: '11.0.18'
Driver info: driver.version: unknown
	at org.openqa.selenium.devtools.Connection.sendAndWait(Connection.java:181)
	at org.openqa.selenium.devtools.DevTools.send(DevTools.java:81)
	at org.openqa.selenium.devtools.idealized.Network.lambda$prepareToInterceptTraffic$3(Network.java:211)
	at org.openqa.selenium.remote.http.Filter.lambda$andFinally$1(Filter.java:55)
	at org.openqa.selenium.devtools.idealized.Network.lambda$prepareToInterceptTraffic$4(Network.java:226)
	at org.openqa.selenium.devtools.Connection.lambda$handle$4(Connection.java:321)
	at java.base/java.util.stream.ForEachOps$ForEachOp$OfRef.accept(ForEachOps.java:183)
	at java.base/java.util.stream.ReferencePipeline$2$1.accept(ReferencePipeline.java:177)
	at java.base/java.util.stream.ReferencePipeline$11$1.accept(ReferencePipeline.java:442)
	at java.base/java.util.HashMap$KeySpliterator.forEachRemaining(HashMap.java:1621)
	at java.base/java.util.stream.AbstractPipeline.copyInto(AbstractPipeline.java:484)
	at java.base/java.util.stream.AbstractPipeline.wrapAndCopyInto(AbstractPipeline.java:474)
	at java.base/java.util.stream.ForEachOps$ForEachOp.evaluateSequential(ForEachOps.java:150)
	at java.base/java.util.stream.ForEachOps$ForEachOp$OfRef.evaluateSequential(ForEachOps.java:173)
	at java.base/java.util.stream.AbstractPipeline.evaluate(AbstractPipeline.java:234)
	at java.base/java.util.stream.ReferencePipeline.forEach(ReferencePipeline.java:497)
	at org.openqa.selenium.devtools.Connection.handle(Connection.java:287)
	at org.openqa.selenium.devtools.Connection.access$200(Connection.java:57)
	at org.openqa.selenium.devtools.Connection$Listener.lambda$onText$0(Connection.java:224)
	... 3 more
Caused by: org.openqa.selenium.WebDriverException: {"id":2499,"error":{"code":-32602,"message":"Invalid InterceptionId."},"sessionId":"69DE6D1A85B5D627489871F60443E14A"}
Build info: version: '4.11.0', revision: '040bc5406b'
System info: os.name: 'Windows 10', os.arch: 'amd64', os.version: '10.0', java.version: '11.0.18'
Driver info: driver.version: unknown
	at org.openqa.selenium.devtools.Connection.handle(Connection.java:260)
	... 5 more
авг. 16, 2023 4:23:19 PM org.openqa.selenium.devtools.Connection$Listener lambda$onText$0
WARNING: Unable to process: {"method":"Fetch.requestPaused","params":{"requestId":"interception-job-406.0","request":{"url":"http://localhost:8080/static/css/main.8978894b.chunk.css","method":"GET","headers":{"Accept":"text/css,*/*;q=0.1","Referer":"http://localhost:8080/","User-Agent":"Mozilla/5.0 (Windows NT 10.0; Win64; x64) AppleWebKit/537.36 (KHTML, like Gecko) Chrome/116.0.0.0 Safari/537.36","sec-ch-ua":"\"Chromium\";v=\"116\", \"Not)A;Brand\";v=\"24\", \"Google Chrome\";v=\"116\"","sec-ch-ua-mobile":"?0","sec-ch-ua-platform":"\"Windows\""},"initialPriority":"VeryHigh","referrerPolicy":"unsafe-url"},"frameId":"D165F02B89151667DFD1BF49856829E7","resourceType":"Stylesheet","responseStatusCode":200,"responseStatusText":"","responseHeaders":[{"name":"Vary","value":"Origin"},{"name":"Vary","value":"Access-Control-Request-Method"},{"name":"Vary","value":"Access-Control-Request-Headers"},{"name":"Last-Modified","value":"Thu, 03 Aug 2023 10:18:16 GMT"},{"name":"Accept-Ranges","value":"bytes"},{"name":"Content-Type","value":"text/css"},{"name":"Content-Length","value":"700"},{"name":"Date","value":"Wed, 16 Aug 2023 13:20:22 GMT"}]},"sessionId":"69DE6D1A85B5D627489871F60443E14A"}
org.openqa.selenium.devtools.DevToolsException: {"id":2509,"error":{"code":-32602,"message":"Invalid InterceptionId."},"sessionId":"69DE6D1A85B5D627489871F60443E14A"}
Build info: version: '4.11.0', revision: '040bc5406b'
System info: os.name: 'Windows 10', os.arch: 'amd64', os.version: '10.0', java.version: '11.0.18'
Driver info: driver.version: unknown
	at org.openqa.selenium.devtools.Connection.sendAndWait(Connection.java:181)
	at org.openqa.selenium.devtools.DevTools.send(DevTools.java:81)
	at org.openqa.selenium.devtools.idealized.Network.lambda$prepareToInterceptTraffic$4(Network.java:194)
	at org.openqa.selenium.devtools.Connection.lambda$handle$4(Connection.java:321)
	at java.base/java.util.stream.ForEachOps$ForEachOp$OfRef.accept(ForEachOps.java:183)
	at java.base/java.util.stream.ReferencePipeline$2$1.accept(ReferencePipeline.java:177)
	at java.base/java.util.stream.ReferencePipeline$11$1.accept(ReferencePipeline.java:442)
	at java.base/java.util.HashMap$KeySpliterator.forEachRemaining(HashMap.java:1621)
	at java.base/java.util.stream.AbstractPipeline.copyInto(AbstractPipeline.java:484)
	at java.base/java.util.stream.AbstractPipeline.wrapAndCopyInto(AbstractPipeline.java:474)
	at java.base/java.util.stream.ForEachOps$ForEachOp.evaluateSequential(ForEachOps.java:150)
	at java.base/java.util.stream.ForEachOps$ForEachOp$OfRef.evaluateSequential(ForEachOps.java:173)
	at java.base/java.util.stream.AbstractPipeline.evaluate(AbstractPipeline.java:234)
	at java.base/java.util.stream.ReferencePipeline.forEach(ReferencePipeline.java:497)
	at org.openqa.selenium.devtools.Connection.handle(Connection.java:287)
	at org.openqa.selenium.devtools.Connection.access$200(Connection.java:57)
	at org.openqa.selenium.devtools.Connection$Listener.lambda$onText$0(Connection.java:224)
	at java.base/java.util.concurrent.ThreadPoolExecutor.runWorker(ThreadPoolExecutor.java:1128)
	at java.base/java.util.concurrent.ThreadPoolExecutor$Worker.run(ThreadPoolExecutor.java:628)
	at java.base/java.lang.Thread.run(Thread.java:829)
Caused by: org.openqa.selenium.WebDriverException: {"id":2509,"error":{"code":-32602,"message":"Invalid InterceptionId."},"sessionId":"69DE6D1A85B5D627489871F60443E14A"}
Build info: version: '4.11.0', revision: '040bc5406b'
System info: os.name: 'Windows 10', os.arch: 'amd64', os.version: '10.0', java.version: '11.0.18'
Driver info: driver.version: unknown
	at org.openqa.selenium.devtools.Connection.handle(Connection.java:260)
	... 5 more

Exception in thread "CDP Connection" org.openqa.selenium.devtools.DevToolsException: {"id":2509,"error":{"code":-32602,"message":"Invalid InterceptionId."},"sessionId":"69DE6D1A85B5D627489871F60443E14A"}
Build info: version: '4.11.0', revision: '040bc5406b'
System info: os.name: 'Windows 10', os.arch: 'amd64', os.version: '10.0', java.version: '11.0.18'
Driver info: driver.version: unknown
	at org.openqa.selenium.devtools.Connection$Listener.lambda$onText$0(Connection.java:227)
	at java.base/java.util.concurrent.ThreadPoolExecutor.runWorker(ThreadPoolExecutor.java:1128)
	at java.base/java.util.concurrent.ThreadPoolExecutor$Worker.run(ThreadPoolExecutor.java:628)
	at java.base/java.lang.Thread.run(Thread.java:829)
Caused by: org.openqa.selenium.devtools.DevToolsException: {"id":2509,"error":{"code":-32602,"message":"Invalid InterceptionId."},"sessionId":"69DE6D1A85B5D627489871F60443E14A"}
Build info: version: '4.11.0', revision: '040bc5406b'
System info: os.name: 'Windows 10', os.arch: 'amd64', os.version: '10.0', java.version: '11.0.18'
Driver info: driver.version: unknown
	at org.openqa.selenium.devtools.Connection.sendAndWait(Connection.java:181)
	at org.openqa.selenium.devtools.DevTools.send(DevTools.java:81)
	at org.openqa.selenium.devtools.idealized.Network.lambda$prepareToInterceptTraffic$4(Network.java:194)
	at org.openqa.selenium.devtools.Connection.lambda$handle$4(Connection.java:321)
	at java.base/java.util.stream.ForEachOps$ForEachOp$OfRef.accept(ForEachOps.java:183)
	at java.base/java.util.stream.ReferencePipeline$2$1.accept(ReferencePipeline.java:177)
	at java.base/java.util.stream.ReferencePipeline$11$1.accept(ReferencePipeline.java:442)
	at java.base/java.util.HashMap$KeySpliterator.forEachRemaining(HashMap.java:1621)
	at java.base/java.util.stream.AbstractPipeline.copyInto(AbstractPipeline.java:484)
	at java.base/java.util.stream.AbstractPipeline.wrapAndCopyInto(AbstractPipeline.java:474)
	at java.base/java.util.stream.ForEachOps$ForEachOp.evaluateSequential(ForEachOps.java:150)
	at java.base/java.util.stream.ForEachOps$ForEachOp$OfRef.evaluateSequential(ForEachOps.java:173)
	at java.base/java.util.stream.AbstractPipeline.evaluate(AbstractPipeline.java:234)
	at java.base/java.util.stream.ReferencePipeline.forEach(ReferencePipeline.java:497)
	at org.openqa.selenium.devtools.Connection.handle(Connection.java:287)
	at org.openqa.selenium.devtools.Connection.access$200(Connection.java:57)
	at org.openqa.selenium.devtools.Connection$Listener.lambda$onText$0(Connection.java:224)
	... 3 more
Caused by: org.openqa.selenium.WebDriverException: {"id":2509,"error":{"code":-32602,"message":"Invalid InterceptionId."},"sessionId":"69DE6D1A85B5D627489871F60443E14A"}
Build info: version: '4.11.0', revision: '040bc5406b'
System info: os.name: 'Windows 10', os.arch: 'amd64', os.version: '10.0', java.version: '11.0.18'
Driver info: driver.version: unknown
	at org.openqa.selenium.devtools.Connection.handle(Connection.java:260)
	... 5 more
авг. 16, 2023 4:23:19 PM org.openqa.selenium.devtools.Connection$Listener lambda$onText$0
WARNING: Unable to process: {"method":"Fetch.requestPaused","params":{"requestId":"interception-job-406.0","request":{"url":"http://localhost:8080/static/css/main.8978894b.chunk.css","method":"GET","headers":{"Accept":"text/css,*/*;q=0.1","Referer":"http://localhost:8080/","User-Agent":"Mozilla/5.0 (Windows NT 10.0; Win64; x64) AppleWebKit/537.36 (KHTML, like Gecko) Chrome/116.0.0.0 Safari/537.36","sec-ch-ua":"\"Chromium\";v=\"116\", \"Not)A;Brand\";v=\"24\", \"Google Chrome\";v=\"116\"","sec-ch-ua-mobile":"?0","sec-ch-ua-platform":"\"Windows\""},"initialPriority":"VeryHigh","referrerPolicy":"strict-origin-when-cross-origin"},"frameId":"D165F02B89151667DFD1BF49856829E7","resourceType":"Stylesheet"},"sessionId":"69DE6D1A85B5D627489871F60443E14A"}
org.openqa.selenium.devtools.DevToolsException: {"id":2510,"error":{"code":-32602,"message":"Invalid InterceptionId."},"sessionId":"69DE6D1A85B5D627489871F60443E14A"}
Build info: version: '4.11.0', revision: '040bc5406b'
System info: os.name: 'Windows 10', os.arch: 'amd64', os.version: '10.0', java.version: '11.0.18'
Driver info: driver.version: unknown
	at org.openqa.selenium.devtools.Connection.sendAndWait(Connection.java:181)
	at org.openqa.selenium.devtools.DevTools.send(DevTools.java:81)
	at org.openqa.selenium.devtools.idealized.Network.lambda$prepareToInterceptTraffic$3(Network.java:211)
	at org.openqa.selenium.remote.http.Filter.lambda$andFinally$1(Filter.java:55)
	at org.openqa.selenium.devtools.idealized.Network.lambda$prepareToInterceptTraffic$4(Network.java:226)
	at org.openqa.selenium.devtools.Connection.lambda$handle$4(Connection.java:321)
	at java.base/java.util.stream.ForEachOps$ForEachOp$OfRef.accept(ForEachOps.java:183)
	at java.base/java.util.stream.ReferencePipeline$2$1.accept(ReferencePipeline.java:177)
	at java.base/java.util.stream.ReferencePipeline$11$1.accept(ReferencePipeline.java:442)
	at java.base/java.util.HashMap$KeySpliterator.forEachRemaining(HashMap.java:1621)
	at java.base/java.util.stream.AbstractPipeline.copyInto(AbstractPipeline.java:484)
	at java.base/java.util.stream.AbstractPipeline.wrapAndCopyInto(AbstractPipeline.java:474)
	at java.base/java.util.stream.ForEachOps$ForEachOp.evaluateSequential(ForEachOps.java:150)
	at java.base/java.util.stream.ForEachOps$ForEachOp$OfRef.evaluateSequential(ForEachOps.java:173)
	at java.base/java.util.stream.AbstractPipeline.evaluate(AbstractPipeline.java:234)
	at java.base/java.util.stream.ReferencePipeline.forEach(ReferencePipeline.java:497)
	at org.openqa.selenium.devtools.Connection.handle(Connection.java:287)
	at org.openqa.selenium.devtools.Connection.access$200(Connection.java:57)
	at org.openqa.selenium.devtools.Connection$Listener.lambda$onText$0(Connection.java:224)
	at java.base/java.util.concurrent.ThreadPoolExecutor.runWorker(ThreadPoolExecutor.java:1128)
	at java.base/java.util.concurrent.ThreadPoolExecutor$Worker.run(ThreadPoolExecutor.java:628)
	at java.base/java.lang.Thread.run(Thread.java:829)
Caused by: org.openqa.selenium.WebDriverException: {"id":2510,"error":{"code":-32602,"message":"Invalid InterceptionId."},"sessionId":"69DE6D1A85B5D627489871F60443E14A"}
Build info: version: '4.11.0', revision: '040bc5406b'
System info: os.name: 'Windows 10', os.arch: 'amd64', os.version: '10.0', java.version: '11.0.18'
Driver info: driver.version: unknown
	at org.openqa.selenium.devtools.Connection.handle(Connection.java:260)
	... 5 more

Exception in thread "CDP Connection" org.openqa.selenium.devtools.DevToolsException: {"id":2510,"error":{"code":-32602,"message":"Invalid InterceptionId."},"sessionId":"69DE6D1A85B5D627489871F60443E14A"}
Build info: version: '4.11.0', revision: '040bc5406b'
System info: os.name: 'Windows 10', os.arch: 'amd64', os.version: '10.0', java.version: '11.0.18'
Driver info: driver.version: unknown
	at org.openqa.selenium.devtools.Connection$Listener.lambda$onText$0(Connection.java:227)
	at java.base/java.util.concurrent.ThreadPoolExecutor.runWorker(ThreadPoolExecutor.java:1128)
	at java.base/java.util.concurrent.ThreadPoolExecutor$Worker.run(ThreadPoolExecutor.java:628)
	at java.base/java.lang.Thread.run(Thread.java:829)
Caused by: org.openqa.selenium.devtools.DevToolsException: {"id":2510,"error":{"code":-32602,"message":"Invalid InterceptionId."},"sessionId":"69DE6D1A85B5D627489871F60443E14A"}
Build info: version: '4.11.0', revision: '040bc5406b'
System info: os.name: 'Windows 10', os.arch: 'amd64', os.version: '10.0', java.version: '11.0.18'
Driver info: driver.version: unknown
	at org.openqa.selenium.devtools.Connection.sendAndWait(Connection.java:181)
	at org.openqa.selenium.devtools.DevTools.send(DevTools.java:81)
	at org.openqa.selenium.devtools.idealized.Network.lambda$prepareToInterceptTraffic$3(Network.java:211)
	at org.openqa.selenium.remote.http.Filter.lambda$andFinally$1(Filter.java:55)
	at org.openqa.selenium.devtools.idealized.Network.lambda$prepareToInterceptTraffic$4(Network.java:226)
	at org.openqa.selenium.devtools.Connection.lambda$handle$4(Connection.java:321)
	at java.base/java.util.stream.ForEachOps$ForEachOp$OfRef.accept(ForEachOps.java:183)
	at java.base/java.util.stream.ReferencePipeline$2$1.accept(ReferencePipeline.java:177)
	at java.base/java.util.stream.ReferencePipeline$11$1.accept(ReferencePipeline.java:442)
	at java.base/java.util.HashMap$KeySpliterator.forEachRemaining(HashMap.java:1621)
	at java.base/java.util.stream.AbstractPipeline.copyInto(AbstractPipeline.java:484)
	at java.base/java.util.stream.AbstractPipeline.wrapAndCopyInto(AbstractPipeline.java:474)
	at java.base/java.util.stream.ForEachOps$ForEachOp.evaluateSequential(ForEachOps.java:150)
	at java.base/java.util.stream.ForEachOps$ForEachOp$OfRef.evaluateSequential(ForEachOps.java:173)
	at java.base/java.util.stream.AbstractPipeline.evaluate(AbstractPipeline.java:234)
	at java.base/java.util.stream.ReferencePipeline.forEach(ReferencePipeline.java:497)
	at org.openqa.selenium.devtools.Connection.handle(Connection.java:287)
	at org.openqa.selenium.devtools.Connection.access$200(Connection.java:57)
	at org.openqa.selenium.devtools.Connection$Listener.lambda$onText$0(Connection.java:224)
	... 3 more
Caused by: org.openqa.selenium.WebDriverException: {"id":2510,"error":{"code":-32602,"message":"Invalid InterceptionId."},"sessionId":"69DE6D1A85B5D627489871F60443E14A"}
Build info: version: '4.11.0', revision: '040bc5406b'
System info: os.name: 'Windows 10', os.arch: 'amd64', os.version: '10.0', java.version: '11.0.18'
Driver info: driver.version: unknown
	at org.openqa.selenium.devtools.Connection.handle(Connection.java:260)
	... 5 more
авг. 16, 2023 4:23:19 PM org.openqa.selenium.devtools.Connection$Listener lambda$onText$0
WARNING: Unable to process: {"method":"Fetch.requestPaused","params":{"requestId":"interception-job-405.0","request":{"url":"http://localhost:8080/static/css/2.7d875902.chunk.css","method":"GET","headers":{"Accept":"text/css,*/*;q=0.1","Referer":"http://localhost:8080/","User-Agent":"Mozilla/5.0 (Windows NT 10.0; Win64; x64) AppleWebKit/537.36 (KHTML, like Gecko) Chrome/116.0.0.0 Safari/537.36","sec-ch-ua":"\"Chromium\";v=\"116\", \"Not)A;Brand\";v=\"24\", \"Google Chrome\";v=\"116\"","sec-ch-ua-mobile":"?0","sec-ch-ua-platform":"\"Windows\""},"initialPriority":"VeryHigh","referrerPolicy":"unsafe-url"},"frameId":"D165F02B89151667DFD1BF49856829E7","resourceType":"Stylesheet","responseStatusCode":200,"responseStatusText":"","responseHeaders":[{"name":"Vary","value":"Origin"},{"name":"Vary","value":"Access-Control-Request-Method"},{"name":"Vary","value":"Access-Control-Request-Headers"},{"name":"Last-Modified","value":"Thu, 03 Aug 2023 10:18:16 GMT"},{"name":"Accept-Ranges","value":"bytes"},{"name":"Content-Type","value":"text/css"},{"name":"Content-Length","value":"87563"},{"name":"Date","value":"Wed, 16 Aug 2023 13:20:22 GMT"}]},"sessionId":"69DE6D1A85B5D627489871F60443E14A"}
org.openqa.selenium.devtools.DevToolsException: {"id":2514,"error":{"code":-32602,"message":"Invalid InterceptionId."},"sessionId":"69DE6D1A85B5D627489871F60443E14A"}
Build info: version: '4.11.0', revision: '040bc5406b'
System info: os.name: 'Windows 10', os.arch: 'amd64', os.version: '10.0', java.version: '11.0.18'
Driver info: driver.version: unknown
	at org.openqa.selenium.devtools.Connection.sendAndWait(Connection.java:181)
	at org.openqa.selenium.devtools.DevTools.send(DevTools.java:81)
	at org.openqa.selenium.devtools.idealized.Network.lambda$prepareToInterceptTraffic$4(Network.java:194)
	at org.openqa.selenium.devtools.Connection.lambda$handle$4(Connection.java:321)
	at java.base/java.util.stream.ForEachOps$ForEachOp$OfRef.accept(ForEachOps.java:183)
	at java.base/java.util.stream.ReferencePipeline$2$1.accept(ReferencePipeline.java:177)
	at java.base/java.util.stream.ReferencePipeline$11$1.accept(ReferencePipeline.java:442)
	at java.base/java.util.HashMap$KeySpliterator.forEachRemaining(HashMap.java:1621)
	at java.base/java.util.stream.AbstractPipeline.copyInto(AbstractPipeline.java:484)
	at java.base/java.util.stream.AbstractPipeline.wrapAndCopyInto(AbstractPipeline.java:474)
	at java.base/java.util.stream.ForEachOps$ForEachOp.evaluateSequential(ForEachOps.java:150)
	at java.base/java.util.stream.ForEachOps$ForEachOp$OfRef.evaluateSequential(ForEachOps.java:173)
	at java.base/java.util.stream.AbstractPipeline.evaluate(AbstractPipeline.java:234)
	at java.base/java.util.stream.ReferencePipeline.forEach(ReferencePipeline.java:497)
	at org.openqa.selenium.devtools.Connection.handle(Connection.java:287)
	at org.openqa.selenium.devtools.Connection.access$200(Connection.java:57)
	at org.openqa.selenium.devtools.Connection$Listener.lambda$onText$0(Connection.java:224)
	at java.base/java.util.concurrent.ThreadPoolExecutor.runWorker(ThreadPoolExecutor.java:1128)
	at java.base/java.util.concurrent.ThreadPoolExecutor$Worker.run(ThreadPoolExecutor.java:628)
	at java.base/java.lang.Thread.run(Thread.java:829)
Caused by: org.openqa.selenium.WebDriverException: {"id":2514,"error":{"code":-32602,"message":"Invalid InterceptionId."},"sessionId":"69DE6D1A85B5D627489871F60443E14A"}
Build info: version: '4.11.0', revision: '040bc5406b'
System info: os.name: 'Windows 10', os.arch: 'amd64', os.version: '10.0', java.version: '11.0.18'
Driver info: driver.version: unknown
	at org.openqa.selenium.devtools.Connection.handle(Connection.java:260)
	... 5 more

Exception in thread "CDP Connection" org.openqa.selenium.devtools.DevToolsException: {"id":2514,"error":{"code":-32602,"message":"Invalid InterceptionId."},"sessionId":"69DE6D1A85B5D627489871F60443E14A"}
Build info: version: '4.11.0', revision: '040bc5406b'
System info: os.name: 'Windows 10', os.arch: 'amd64', os.version: '10.0', java.version: '11.0.18'
Driver info: driver.version: unknown
	at org.openqa.selenium.devtools.Connection$Listener.lambda$onText$0(Connection.java:227)
	at java.base/java.util.concurrent.ThreadPoolExecutor.runWorker(ThreadPoolExecutor.java:1128)
	at java.base/java.util.concurrent.ThreadPoolExecutor$Worker.run(ThreadPoolExecutor.java:628)
	at java.base/java.lang.Thread.run(Thread.java:829)
Caused by: org.openqa.selenium.devtools.DevToolsException: {"id":2514,"error":{"code":-32602,"message":"Invalid InterceptionId."},"sessionId":"69DE6D1A85B5D627489871F60443E14A"}
Build info: version: '4.11.0', revision: '040bc5406b'
System info: os.name: 'Windows 10', os.arch: 'amd64', os.version: '10.0', java.version: '11.0.18'
Driver info: driver.version: unknown
	at org.openqa.selenium.devtools.Connection.sendAndWait(Connection.java:181)
	at org.openqa.selenium.devtools.DevTools.send(DevTools.java:81)
	at org.openqa.selenium.devtools.idealized.Network.lambda$prepareToInterceptTraffic$4(Network.java:194)
	at org.openqa.selenium.devtools.Connection.lambda$handle$4(Connection.java:321)
	at java.base/java.util.stream.ForEachOps$ForEachOp$OfRef.accept(ForEachOps.java:183)
	at java.base/java.util.stream.ReferencePipeline$2$1.accept(ReferencePipeline.java:177)
	at java.base/java.util.stream.ReferencePipeline$11$1.accept(ReferencePipeline.java:442)
	at java.base/java.util.HashMap$KeySpliterator.forEachRemaining(HashMap.java:1621)
	at java.base/java.util.stream.AbstractPipeline.copyInto(AbstractPipeline.java:484)
	at java.base/java.util.stream.AbstractPipeline.wrapAndCopyInto(AbstractPipeline.java:474)
	at java.base/java.util.stream.ForEachOps$ForEachOp.evaluateSequential(ForEachOps.java:150)
	at java.base/java.util.stream.ForEachOps$ForEachOp$OfRef.evaluateSequential(ForEachOps.java:173)
	at java.base/java.util.stream.AbstractPipeline.evaluate(AbstractPipeline.java:234)
	at java.base/java.util.stream.ReferencePipeline.forEach(ReferencePipeline.java:497)
	at org.openqa.selenium.devtools.Connection.handle(Connection.java:287)
	at org.openqa.selenium.devtools.Connection.access$200(Connection.java:57)
	at org.openqa.selenium.devtools.Connection$Listener.lambda$onText$0(Connection.java:224)
	... 3 more
Caused by: org.openqa.selenium.WebDriverException: {"id":2514,"error":{"code":-32602,"message":"Invalid InterceptionId."},"sessionId":"69DE6D1A85B5D627489871F60443E14A"}
Build info: version: '4.11.0', revision: '040bc5406b'
System info: os.name: 'Windows 10', os.arch: 'amd64', os.version: '10.0', java.version: '11.0.18'
Driver info: driver.version: unknown
	at org.openqa.selenium.devtools.Connection.handle(Connection.java:260)
	... 5 more
авг. 16, 2023 4:23:19 PM org.openqa.selenium.devtools.Connection$Listener lambda$onText$0
WARNING: Unable to process: {"method":"Fetch.requestPaused","params":{"requestId":"interception-job-405.0","request":{"url":"http://localhost:8080/static/css/2.7d875902.chunk.css","method":"GET","headers":{"Accept":"text/css,*/*;q=0.1","Referer":"http://localhost:8080/","User-Agent":"Mozilla/5.0 (Windows NT 10.0; Win64; x64) AppleWebKit/537.36 (KHTML, like Gecko) Chrome/116.0.0.0 Safari/537.36","sec-ch-ua":"\"Chromium\";v=\"116\", \"Not)A;Brand\";v=\"24\", \"Google Chrome\";v=\"116\"","sec-ch-ua-mobile":"?0","sec-ch-ua-platform":"\"Windows\""},"initialPriority":"VeryHigh","referrerPolicy":"strict-origin-when-cross-origin"},"frameId":"D165F02B89151667DFD1BF49856829E7","resourceType":"Stylesheet"},"sessionId":"69DE6D1A85B5D627489871F60443E14A"}
org.openqa.selenium.devtools.DevToolsException: {"id":2516,"error":{"code":-32602,"message":"Invalid InterceptionId."},"sessionId":"69DE6D1A85B5D627489871F60443E14A"}
Build info: version: '4.11.0', revision: '040bc5406b'
System info: os.name: 'Windows 10', os.arch: 'amd64', os.version: '10.0', java.version: '11.0.18'
Driver info: driver.version: unknown
	at org.openqa.selenium.devtools.Connection.sendAndWait(Connection.java:181)
	at org.openqa.selenium.devtools.DevTools.send(DevTools.java:81)
	at org.openqa.selenium.devtools.idealized.Network.lambda$prepareToInterceptTraffic$3(Network.java:211)
	at org.openqa.selenium.remote.http.Filter.lambda$andFinally$1(Filter.java:55)
	at org.openqa.selenium.devtools.idealized.Network.lambda$prepareToInterceptTraffic$4(Network.java:226)
	at org.openqa.selenium.devtools.Connection.lambda$handle$4(Connection.java:321)
	at java.base/java.util.stream.ForEachOps$ForEachOp$OfRef.accept(ForEachOps.java:183)
	at java.base/java.util.stream.ReferencePipeline$2$1.accept(ReferencePipeline.java:177)
	at java.base/java.util.stream.ReferencePipeline$11$1.accept(ReferencePipeline.java:442)
	at java.base/java.util.HashMap$KeySpliterator.forEachRemaining(HashMap.java:1621)
	at java.base/java.util.stream.AbstractPipeline.copyInto(AbstractPipeline.java:484)
	at java.base/java.util.stream.AbstractPipeline.wrapAndCopyInto(AbstractPipeline.java:474)
	at java.base/java.util.stream.ForEachOps$ForEachOp.evaluateSequential(ForEachOps.java:150)
	at java.base/java.util.stream.ForEachOps$ForEachOp$OfRef.evaluateSequential(ForEachOps.java:173)
	at java.base/java.util.stream.AbstractPipeline.evaluate(AbstractPipeline.java:234)
	at java.base/java.util.stream.ReferencePipeline.forEach(ReferencePipeline.java:497)
	at org.openqa.selenium.devtools.Connection.handle(Connection.java:287)
	at org.openqa.selenium.devtools.Connection.access$200(Connection.java:57)
	at org.openqa.selenium.devtools.Connection$Listener.lambda$onText$0(Connection.java:224)
	at java.base/java.util.concurrent.ThreadPoolExecutor.runWorker(ThreadPoolExecutor.java:1128)
	at java.base/java.util.concurrent.ThreadPoolExecutor$Worker.run(ThreadPoolExecutor.java:628)
	at java.base/java.lang.Thread.run(Thread.java:829)
Caused by: org.openqa.selenium.WebDriverException: {"id":2516,"error":{"code":-32602,"message":"Invalid InterceptionId."},"sessionId":"69DE6D1A85B5D627489871F60443E14A"}
Build info: version: '4.11.0', revision: '040bc5406b'
System info: os.name: 'Windows 10', os.arch: 'amd64', os.version: '10.0', java.version: '11.0.18'
Driver info: driver.version: unknown
	at org.openqa.selenium.devtools.Connection.handle(Connection.java:260)
	... 5 more

Exception in thread "CDP Connection" org.openqa.selenium.devtools.DevToolsException: {"id":2516,"error":{"code":-32602,"message":"Invalid InterceptionId."},"sessionId":"69DE6D1A85B5D627489871F60443E14A"}
Build info: version: '4.11.0', revision: '040bc5406b'
System info: os.name: 'Windows 10', os.arch: 'amd64', os.version: '10.0', java.version: '11.0.18'
Driver info: driver.version: unknown
	at org.openqa.selenium.devtools.Connection$Listener.lambda$onText$0(Connection.java:227)
	at java.base/java.util.concurrent.ThreadPoolExecutor.runWorker(ThreadPoolExecutor.java:1128)
	at java.base/java.util.concurrent.ThreadPoolExecutor$Worker.run(ThreadPoolExecutor.java:628)
	at java.base/java.lang.Thread.run(Thread.java:829)
Caused by: org.openqa.selenium.devtools.DevToolsException: {"id":2516,"error":{"code":-32602,"message":"Invalid InterceptionId."},"sessionId":"69DE6D1A85B5D627489871F60443E14A"}
Build info: version: '4.11.0', revision: '040bc5406b'
System info: os.name: 'Windows 10', os.arch: 'amd64', os.version: '10.0', java.version: '11.0.18'
Driver info: driver.version: unknown
	at org.openqa.selenium.devtools.Connection.sendAndWait(Connection.java:181)
	at org.openqa.selenium.devtools.DevTools.send(DevTools.java:81)
	at org.openqa.selenium.devtools.idealized.Network.lambda$prepareToInterceptTraffic$3(Network.java:211)
	at org.openqa.selenium.remote.http.Filter.lambda$andFinally$1(Filter.java:55)
	at org.openqa.selenium.devtools.idealized.Network.lambda$prepareToInterceptTraffic$4(Network.java:226)
	at org.openqa.selenium.devtools.Connection.lambda$handle$4(Connection.java:321)
	at java.base/java.util.stream.ForEachOps$ForEachOp$OfRef.accept(ForEachOps.java:183)
	at java.base/java.util.stream.ReferencePipeline$2$1.accept(ReferencePipeline.java:177)
	at java.base/java.util.stream.ReferencePipeline$11$1.accept(ReferencePipeline.java:442)
	at java.base/java.util.HashMap$KeySpliterator.forEachRemaining(HashMap.java:1621)
	at java.base/java.util.stream.AbstractPipeline.copyInto(AbstractPipeline.java:484)
	at java.base/java.util.stream.AbstractPipeline.wrapAndCopyInto(AbstractPipeline.java:474)
	at java.base/java.util.stream.ForEachOps$ForEachOp.evaluateSequential(ForEachOps.java:150)
	at java.base/java.util.stream.ForEachOps$ForEachOp$OfRef.evaluateSequential(ForEachOps.java:173)
	at java.base/java.util.stream.AbstractPipeline.evaluate(AbstractPipeline.java:234)
	at java.base/java.util.stream.ReferencePipeline.forEach(ReferencePipeline.java:497)
	at org.openqa.selenium.devtools.Connection.handle(Connection.java:287)
	at org.openqa.selenium.devtools.Connection.access$200(Connection.java:57)
	at org.openqa.selenium.devtools.Connection$Listener.lambda$onText$0(Connection.java:224)
	... 3 more
Caused by: org.openqa.selenium.WebDriverException: {"id":2516,"error":{"code":-32602,"message":"Invalid InterceptionId."},"sessionId":"69DE6D1A85B5D627489871F60443E14A"}
Build info: version: '4.11.0', revision: '040bc5406b'
System info: os.name: 'Windows 10', os.arch: 'amd64', os.version: '10.0', java.version: '11.0.18'
Driver info: driver.version: unknown
	at org.openqa.selenium.devtools.Connection.handle(Connection.java:260)
	... 5 more
авг. 16, 2023 4:23:19 PM org.openqa.selenium.devtools.Connection$Listener lambda$onText$0
WARNING: Unable to process: {"method":"Fetch.requestPaused","params":{"requestId":"interception-job-408.0","request":{"url":"http://localhost:8080/static/js/main.aab190f3.chunk.js","method":"GET","headers":{"Accept":"*/*","Referer":"http://localhost:8080/","User-Agent":"Mozilla/5.0 (Windows NT 10.0; Win64; x64) AppleWebKit/537.36 (KHTML, like Gecko) Chrome/116.0.0.0 Safari/537.36","sec-ch-ua":"\"Chromium\";v=\"116\", \"Not)A;Brand\";v=\"24\", \"Google Chrome\";v=\"116\"","sec-ch-ua-mobile":"?0","sec-ch-ua-platform":"\"Windows\""},"initialPriority":"High","referrerPolicy":"unsafe-url"},"frameId":"D165F02B89151667DFD1BF49856829E7","resourceType":"Script","responseStatusCode":200,"responseStatusText":"","responseHeaders":[{"name":"Vary","value":"Origin"},{"name":"Vary","value":"Access-Control-Request-Method"},{"name":"Vary","value":"Access-Control-Request-Headers"},{"name":"Last-Modified","value":"Thu, 03 Aug 2023 10:18:16 GMT"},{"name":"Accept-Ranges","value":"bytes"},{"name":"Content-Type","value":"application/javascript"},{"name":"Content-Length","value":"9137"},{"name":"Date","value":"Wed, 16 Aug 2023 13:20:22 GMT"}]},"sessionId":"69DE6D1A85B5D627489871F60443E14A"}
org.openqa.selenium.devtools.DevToolsException: {"id":2518,"error":{"code":-32602,"message":"Invalid InterceptionId."},"sessionId":"69DE6D1A85B5D627489871F60443E14A"}
Build info: version: '4.11.0', revision: '040bc5406b'
System info: os.name: 'Windows 10', os.arch: 'amd64', os.version: '10.0', java.version: '11.0.18'
Driver info: driver.version: unknown
	at org.openqa.selenium.devtools.Connection.sendAndWait(Connection.java:181)
	at org.openqa.selenium.devtools.DevTools.send(DevTools.java:81)
	at org.openqa.selenium.devtools.idealized.Network.lambda$prepareToInterceptTraffic$4(Network.java:194)
	at org.openqa.selenium.devtools.Connection.lambda$handle$4(Connection.java:321)
	at java.base/java.util.stream.ForEachOps$ForEachOp$OfRef.accept(ForEachOps.java:183)
	at java.base/java.util.stream.ReferencePipeline$2$1.accept(ReferencePipeline.java:177)
	at java.base/java.util.stream.ReferencePipeline$11$1.accept(ReferencePipeline.java:442)
	at java.base/java.util.HashMap$KeySpliterator.forEachRemaining(HashMap.java:1621)
	at java.base/java.util.stream.AbstractPipeline.copyInto(AbstractPipeline.java:484)
	at java.base/java.util.stream.AbstractPipeline.wrapAndCopyInto(AbstractPipeline.java:474)
	at java.base/java.util.stream.ForEachOps$ForEachOp.evaluateSequential(ForEachOps.java:150)
	at java.base/java.util.stream.ForEachOps$ForEachOp$OfRef.evaluateSequential(ForEachOps.java:173)
	at java.base/java.util.stream.AbstractPipeline.evaluate(AbstractPipeline.java:234)
	at java.base/java.util.stream.ReferencePipeline.forEach(ReferencePipeline.java:497)
	at org.openqa.selenium.devtools.Connection.handle(Connection.java:287)
	at org.openqa.selenium.devtools.Connection.access$200(Connection.java:57)
	at org.openqa.selenium.devtools.Connection$Listener.lambda$onText$0(Connection.java:224)
	at java.base/java.util.concurrent.ThreadPoolExecutor.runWorker(ThreadPoolExecutor.java:1128)
	at java.base/java.util.concurrent.ThreadPoolExecutor$Worker.run(ThreadPoolExecutor.java:628)
	at java.base/java.lang.Thread.run(Thread.java:829)
Caused by: org.openqa.selenium.WebDriverException: {"id":2518,"error":{"code":-32602,"message":"Invalid InterceptionId."},"sessionId":"69DE6D1A85B5D627489871F60443E14A"}
Build info: version: '4.11.0', revision: '040bc5406b'
System info: os.name: 'Windows 10', os.arch: 'amd64', os.version: '10.0', java.version: '11.0.18'
Driver info: driver.version: unknown
	at org.openqa.selenium.devtools.Connection.handle(Connection.java:260)
	... 5 more

Exception in thread "CDP Connection" org.openqa.selenium.devtools.DevToolsException: {"id":2518,"error":{"code":-32602,"message":"Invalid InterceptionId."},"sessionId":"69DE6D1A85B5D627489871F60443E14A"}
Build info: version: '4.11.0', revision: '040bc5406b'
System info: os.name: 'Windows 10', os.arch: 'amd64', os.version: '10.0', java.version: '11.0.18'
Driver info: driver.version: unknown
	at org.openqa.selenium.devtools.Connection$Listener.lambda$onText$0(Connection.java:227)
	at java.base/java.util.concurrent.ThreadPoolExecutor.runWorker(ThreadPoolExecutor.java:1128)
	at java.base/java.util.concurrent.ThreadPoolExecutor$Worker.run(ThreadPoolExecutor.java:628)
	at java.base/java.lang.Thread.run(Thread.java:829)
Caused by: org.openqa.selenium.devtools.DevToolsException: {"id":2518,"error":{"code":-32602,"message":"Invalid InterceptionId."},"sessionId":"69DE6D1A85B5D627489871F60443E14A"}
Build info: version: '4.11.0', revision: '040bc5406b'
System info: os.name: 'Windows 10', os.arch: 'amd64', os.version: '10.0', java.version: '11.0.18'
Driver info: driver.version: unknown
	at org.openqa.selenium.devtools.Connection.sendAndWait(Connection.java:181)
	at org.openqa.selenium.devtools.DevTools.send(DevTools.java:81)
	at org.openqa.selenium.devtools.idealized.Network.lambda$prepareToInterceptTraffic$4(Network.java:194)
	at org.openqa.selenium.devtools.Connection.lambda$handle$4(Connection.java:321)
	at java.base/java.util.stream.ForEachOps$ForEachOp$OfRef.accept(ForEachOps.java:183)
	at java.base/java.util.stream.ReferencePipeline$2$1.accept(ReferencePipeline.java:177)
	at java.base/java.util.stream.ReferencePipeline$11$1.accept(ReferencePipeline.java:442)
	at java.base/java.util.HashMap$KeySpliterator.forEachRemaining(HashMap.java:1621)
	at java.base/java.util.stream.AbstractPipeline.copyInto(AbstractPipeline.java:484)
	at java.base/java.util.stream.AbstractPipeline.wrapAndCopyInto(AbstractPipeline.java:474)
	at java.base/java.util.stream.ForEachOps$ForEachOp.evaluateSequential(ForEachOps.java:150)
	at java.base/java.util.stream.ForEachOps$ForEachOp$OfRef.evaluateSequential(ForEachOps.java:173)
	at java.base/java.util.stream.AbstractPipeline.evaluate(AbstractPipeline.java:234)
	at java.base/java.util.stream.ReferencePipeline.forEach(ReferencePipeline.java:497)
	at org.openqa.selenium.devtools.Connection.handle(Connection.java:287)
	at org.openqa.selenium.devtools.Connection.access$200(Connection.java:57)
	at org.openqa.selenium.devtools.Connection$Listener.lambda$onText$0(Connection.java:224)
	... 3 more
Caused by: org.openqa.selenium.WebDriverException: {"id":2518,"error":{"code":-32602,"message":"Invalid InterceptionId."},"sessionId":"69DE6D1A85B5D627489871F60443E14A"}
Build info: version: '4.11.0', revision: '040bc5406b'
System info: os.name: 'Windows 10', os.arch: 'amd64', os.version: '10.0', java.version: '11.0.18'
Driver info: driver.version: unknown
	at org.openqa.selenium.devtools.Connection.handle(Connection.java:260)
	... 5 more
авг. 16, 2023 4:23:19 PM org.openqa.selenium.devtools.Connection$Listener lambda$onText$0
WARNING: Unable to process: {"method":"Fetch.requestPaused","params":{"requestId":"interception-job-408.0","request":{"url":"http://localhost:8080/static/js/main.aab190f3.chunk.js","method":"GET","headers":{"Accept":"*/*","Referer":"http://localhost:8080/","User-Agent":"Mozilla/5.0 (Windows NT 10.0; Win64; x64) AppleWebKit/537.36 (KHTML, like Gecko) Chrome/116.0.0.0 Safari/537.36","sec-ch-ua":"\"Chromium\";v=\"116\", \"Not)A;Brand\";v=\"24\", \"Google Chrome\";v=\"116\"","sec-ch-ua-mobile":"?0","sec-ch-ua-platform":"\"Windows\""},"initialPriority":"High","referrerPolicy":"strict-origin-when-cross-origin"},"frameId":"D165F02B89151667DFD1BF49856829E7","resourceType":"Script"},"sessionId":"69DE6D1A85B5D627489871F60443E14A"}
org.openqa.selenium.devtools.DevToolsException: {"id":2519,"error":{"code":-32602,"message":"Invalid InterceptionId."},"sessionId":"69DE6D1A85B5D627489871F60443E14A"}
Build info: version: '4.11.0', revision: '040bc5406b'
System info: os.name: 'Windows 10', os.arch: 'amd64', os.version: '10.0', java.version: '11.0.18'
Driver info: driver.version: unknown
	at org.openqa.selenium.devtools.Connection.sendAndWait(Connection.java:181)
	at org.openqa.selenium.devtools.DevTools.send(DevTools.java:81)
	at org.openqa.selenium.devtools.idealized.Network.lambda$prepareToInterceptTraffic$3(Network.java:211)
	at org.openqa.selenium.remote.http.Filter.lambda$andFinally$1(Filter.java:55)
	at org.openqa.selenium.devtools.idealized.Network.lambda$prepareToInterceptTraffic$4(Network.java:226)
	at org.openqa.selenium.devtools.Connection.lambda$handle$4(Connection.java:321)
	at java.base/java.util.stream.ForEachOps$ForEachOp$OfRef.accept(ForEachOps.java:183)
	at java.base/java.util.stream.ReferencePipeline$2$1.accept(ReferencePipeline.java:177)
	at java.base/java.util.stream.ReferencePipeline$11$1.accept(ReferencePipeline.java:442)
	at java.base/java.util.HashMap$KeySpliterator.forEachRemaining(HashMap.java:1621)
	at java.base/java.util.stream.AbstractPipeline.copyInto(AbstractPipeline.java:484)
	at java.base/java.util.stream.AbstractPipeline.wrapAndCopyInto(AbstractPipeline.java:474)
	at java.base/java.util.stream.ForEachOps$ForEachOp.evaluateSequential(ForEachOps.java:150)
	at java.base/java.util.stream.ForEachOps$ForEachOp$OfRef.evaluateSequential(ForEachOps.java:173)
	at java.base/java.util.stream.AbstractPipeline.evaluate(AbstractPipeline.java:234)
	at java.base/java.util.stream.ReferencePipeline.forEach(ReferencePipeline.java:497)
	at org.openqa.selenium.devtools.Connection.handle(Connection.java:287)
	at org.openqa.selenium.devtools.Connection.access$200(Connection.java:57)
	at org.openqa.selenium.devtools.Connection$Listener.lambda$onText$0(Connection.java:224)
	at java.base/java.util.concurrent.ThreadPoolExecutor.runWorker(ThreadPoolExecutor.java:1128)
	at java.base/java.util.concurrent.ThreadPoolExecutor$Worker.run(ThreadPoolExecutor.java:628)
	at java.base/java.lang.Thread.run(Thread.java:829)
Caused by: org.openqa.selenium.WebDriverException: {"id":2519,"error":{"code":-32602,"message":"Invalid InterceptionId."},"sessionId":"69DE6D1A85B5D627489871F60443E14A"}
Build info: version: '4.11.0', revision: '040bc5406b'
System info: os.name: 'Windows 10', os.arch: 'amd64', os.version: '10.0', java.version: '11.0.18'
Driver info: driver.version: unknown
	at org.openqa.selenium.devtools.Connection.handle(Connection.java:260)
	... 5 more

Exception in thread "CDP Connection" org.openqa.selenium.devtools.DevToolsException: {"id":2519,"error":{"code":-32602,"message":"Invalid InterceptionId."},"sessionId":"69DE6D1A85B5D627489871F60443E14A"}
Build info: version: '4.11.0', revision: '040bc5406b'
System info: os.name: 'Windows 10', os.arch: 'amd64', os.version: '10.0', java.version: '11.0.18'
Driver info: driver.version: unknown
	at org.openqa.selenium.devtools.Connection$Listener.lambda$onText$0(Connection.java:227)
	at java.base/java.util.concurrent.ThreadPoolExecutor.runWorker(ThreadPoolExecutor.java:1128)
	at java.base/java.util.concurrent.ThreadPoolExecutor$Worker.run(ThreadPoolExecutor.java:628)
	at java.base/java.lang.Thread.run(Thread.java:829)
Caused by: org.openqa.selenium.devtools.DevToolsException: {"id":2519,"error":{"code":-32602,"message":"Invalid InterceptionId."},"sessionId":"69DE6D1A85B5D627489871F60443E14A"}
Build info: version: '4.11.0', revision: '040bc5406b'
System info: os.name: 'Windows 10', os.arch: 'amd64', os.version: '10.0', java.version: '11.0.18'
Driver info: driver.version: unknown
	at org.openqa.selenium.devtools.Connection.sendAndWait(Connection.java:181)
	at org.openqa.selenium.devtools.DevTools.send(DevTools.java:81)
	at org.openqa.selenium.devtools.idealized.Network.lambda$prepareToInterceptTraffic$3(Network.java:211)
	at org.openqa.selenium.remote.http.Filter.lambda$andFinally$1(Filter.java:55)
	at org.openqa.selenium.devtools.idealized.Network.lambda$prepareToInterceptTraffic$4(Network.java:226)
	at org.openqa.selenium.devtools.Connection.lambda$handle$4(Connection.java:321)
	at java.base/java.util.stream.ForEachOps$ForEachOp$OfRef.accept(ForEachOps.java:183)
	at java.base/java.util.stream.ReferencePipeline$2$1.accept(ReferencePipeline.java:177)
	at java.base/java.util.stream.ReferencePipeline$11$1.accept(ReferencePipeline.java:442)
	at java.base/java.util.HashMap$KeySpliterator.forEachRemaining(HashMap.java:1621)
	at java.base/java.util.stream.AbstractPipeline.copyInto(AbstractPipeline.java:484)
	at java.base/java.util.stream.AbstractPipeline.wrapAndCopyInto(AbstractPipeline.java:474)
	at java.base/java.util.stream.ForEachOps$ForEachOp.evaluateSequential(ForEachOps.java:150)
	at java.base/java.util.stream.ForEachOps$ForEachOp$OfRef.evaluateSequential(ForEachOps.java:173)
	at java.base/java.util.stream.AbstractPipeline.evaluate(AbstractPipeline.java:234)
	at java.base/java.util.stream.ReferencePipeline.forEach(ReferencePipeline.java:497)
	at org.openqa.selenium.devtools.Connection.handle(Connection.java:287)
	at org.openqa.selenium.devtools.Connection.access$200(Connection.java:57)
	at org.openqa.selenium.devtools.Connection$Listener.lambda$onText$0(Connection.java:224)
	... 3 more
Caused by: org.openqa.selenium.WebDriverException: {"id":2519,"error":{"code":-32602,"message":"Invalid InterceptionId."},"sessionId":"69DE6D1A85B5D627489871F60443E14A"}
Build info: version: '4.11.0', revision: '040bc5406b'
System info: os.name: 'Windows 10', os.arch: 'amd64', os.version: '10.0', java.version: '11.0.18'
Driver info: driver.version: unknown
	at org.openqa.selenium.devtools.Connection.handle(Connection.java:260)
	... 5 more
авг. 16, 2023 4:23:19 PM org.openqa.selenium.devtools.Connection$Listener lambda$onText$0
WARNING: Unable to process: {"method":"Fetch.requestPaused","params":{"requestId":"interception-job-407.0","request":{"url":"http://localhost:8080/static/js/2.0716afe8.chunk.js","method":"GET","headers":{"Accept":"*/*","Referer":"http://localhost:8080/","User-Agent":"Mozilla/5.0 (Windows NT 10.0; Win64; x64) AppleWebKit/537.36 (KHTML, like Gecko) Chrome/116.0.0.0 Safari/537.36","sec-ch-ua":"\"Chromium\";v=\"116\", \"Not)A;Brand\";v=\"24\", \"Google Chrome\";v=\"116\"","sec-ch-ua-mobile":"?0","sec-ch-ua-platform":"\"Windows\""},"initialPriority":"High","referrerPolicy":"strict-origin-when-cross-origin"},"frameId":"D165F02B89151667DFD1BF49856829E7","resourceType":"Script"},"sessionId":"69DE6D1A85B5D627489871F60443E14A"}
org.openqa.selenium.devtools.DevToolsException: {"id":2521,"error":{"code":-32602,"message":"Invalid InterceptionId."},"sessionId":"69DE6D1A85B5D627489871F60443E14A"}
Build info: version: '4.11.0', revision: '040bc5406b'
System info: os.name: 'Windows 10', os.arch: 'amd64', os.version: '10.0', java.version: '11.0.18'
Driver info: driver.version: unknown
	at org.openqa.selenium.devtools.Connection.sendAndWait(Connection.java:181)
	at org.openqa.selenium.devtools.DevTools.send(DevTools.java:81)
	at org.openqa.selenium.devtools.idealized.Network.lambda$prepareToInterceptTraffic$4(Network.java:233)
	at org.openqa.selenium.devtools.Connection.lambda$handle$4(Connection.java:321)
	at java.base/java.util.stream.ForEachOps$ForEachOp$OfRef.accept(ForEachOps.java:183)
	at java.base/java.util.stream.ReferencePipeline$2$1.accept(ReferencePipeline.java:177)
	at java.base/java.util.stream.ReferencePipeline$11$1.accept(ReferencePipeline.java:442)
	at java.base/java.util.HashMap$KeySpliterator.forEachRemaining(HashMap.java:1621)
	at java.base/java.util.stream.AbstractPipeline.copyInto(AbstractPipeline.java:484)
	at java.base/java.util.stream.AbstractPipeline.wrapAndCopyInto(AbstractPipeline.java:474)
	at java.base/java.util.stream.ForEachOps$ForEachOp.evaluateSequential(ForEachOps.java:150)
	at java.base/java.util.stream.ForEachOps$ForEachOp$OfRef.evaluateSequential(ForEachOps.java:173)
	at java.base/java.util.stream.AbstractPipeline.evaluate(AbstractPipeline.java:234)
	at java.base/java.util.stream.ReferencePipeline.forEach(ReferencePipeline.java:497)
	at org.openqa.selenium.devtools.Connection.handle(Connection.java:287)
	at org.openqa.selenium.devtools.Connection.access$200(Connection.java:57)
	at org.openqa.selenium.devtools.Connection$Listener.lambda$onText$0(Connection.java:224)
	at java.base/java.util.concurrent.ThreadPoolExecutor.runWorker(ThreadPoolExecutor.java:1128)
	at java.base/java.util.concurrent.ThreadPoolExecutor$Worker.run(ThreadPoolExecutor.java:628)
	at java.base/java.lang.Thread.run(Thread.java:829)
Caused by: org.openqa.selenium.WebDriverException: {"id":2521,"error":{"code":-32602,"message":"Invalid InterceptionId."},"sessionId":"69DE6D1A85B5D627489871F60443E14A"}
Build info: version: '4.11.0', revision: '040bc5406b'
System info: os.name: 'Windows 10', os.arch: 'amd64', os.version: '10.0', java.version: '11.0.18'
Driver info: driver.version: unknown
	at org.openqa.selenium.devtools.Connection.handle(Connection.java:260)
	... 5 more

Exception in thread "CDP Connection" org.openqa.selenium.devtools.DevToolsException: {"id":2521,"error":{"code":-32602,"message":"Invalid InterceptionId."},"sessionId":"69DE6D1A85B5D627489871F60443E14A"}
Build info: version: '4.11.0', revision: '040bc5406b'
System info: os.name: 'Windows 10', os.arch: 'amd64', os.version: '10.0', java.version: '11.0.18'
Driver info: driver.version: unknown
	at org.openqa.selenium.devtools.Connection$Listener.lambda$onText$0(Connection.java:227)
	at java.base/java.util.concurrent.ThreadPoolExecutor.runWorker(ThreadPoolExecutor.java:1128)
	at java.base/java.util.concurrent.ThreadPoolExecutor$Worker.run(ThreadPoolExecutor.java:628)
	at java.base/java.lang.Thread.run(Thread.java:829)
Caused by: org.openqa.selenium.devtools.DevToolsException: {"id":2521,"error":{"code":-32602,"message":"Invalid InterceptionId."},"sessionId":"69DE6D1A85B5D627489871F60443E14A"}
Build info: version: '4.11.0', revision: '040bc5406b'
System info: os.name: 'Windows 10', os.arch: 'amd64', os.version: '10.0', java.version: '11.0.18'
Driver info: driver.version: unknown
	at org.openqa.selenium.devtools.Connection.sendAndWait(Connection.java:181)
	at org.openqa.selenium.devtools.DevTools.send(DevTools.java:81)
	at org.openqa.selenium.devtools.idealized.Network.lambda$prepareToInterceptTraffic$4(Network.java:233)
	at org.openqa.selenium.devtools.Connection.lambda$handle$4(Connection.java:321)
	at java.base/java.util.stream.ForEachOps$ForEachOp$OfRef.accept(ForEachOps.java:183)
	at java.base/java.util.stream.ReferencePipeline$2$1.accept(ReferencePipeline.java:177)
	at java.base/java.util.stream.ReferencePipeline$11$1.accept(ReferencePipeline.java:442)
	at java.base/java.util.HashMap$KeySpliterator.forEachRemaining(HashMap.java:1621)
	at java.base/java.util.stream.AbstractPipeline.copyInto(AbstractPipeline.java:484)
	at java.base/java.util.stream.AbstractPipeline.wrapAndCopyInto(AbstractPipeline.java:474)
	at java.base/java.util.stream.ForEachOps$ForEachOp.evaluateSequential(ForEachOps.java:150)
	at java.base/java.util.stream.ForEachOps$ForEachOp$OfRef.evaluateSequential(ForEachOps.java:173)
	at java.base/java.util.stream.AbstractPipeline.evaluate(AbstractPipeline.java:234)
	at java.base/java.util.stream.ReferencePipeline.forEach(ReferencePipeline.java:497)
	at org.openqa.selenium.devtools.Connection.handle(Connection.java:287)
	at org.openqa.selenium.devtools.Connection.access$200(Connection.java:57)
	at org.openqa.selenium.devtools.Connection$Listener.lambda$onText$0(Connection.java:224)
	... 3 more
Caused by: org.openqa.selenium.WebDriverException: {"id":2521,"error":{"code":-32602,"message":"Invalid InterceptionId."},"sessionId":"69DE6D1A85B5D627489871F60443E14A"}
Build info: version: '4.11.0', revision: '040bc5406b'
System info: os.name: 'Windows 10', os.arch: 'amd64', os.version: '10.0', java.version: '11.0.18'
Driver info: driver.version: unknown
	at org.openqa.selenium.devtools.Connection.handle(Connection.java:260)
	... 5 more
авг. 16, 2023 4:23:19 PM org.openqa.selenium.devtools.Connection$Listener lambda$onText$0
WARNING: Unable to process: {"method":"Fetch.requestPaused","params":{"requestId":"interception-job-407.0","request":{"url":"http://localhost:8080/static/js/2.0716afe8.chunk.js","method":"GET","headers":{"Accept":"*/*","Referer":"http://localhost:8080/","User-Agent":"Mozilla/5.0 (Windows NT 10.0; Win64; x64) AppleWebKit/537.36 (KHTML, like Gecko) Chrome/116.0.0.0 Safari/537.36","sec-ch-ua":"\"Chromium\";v=\"116\", \"Not)A;Brand\";v=\"24\", \"Google Chrome\";v=\"116\"","sec-ch-ua-mobile":"?0","sec-ch-ua-platform":"\"Windows\""},"initialPriority":"High","referrerPolicy":"unsafe-url"},"frameId":"D165F02B89151667DFD1BF49856829E7","resourceType":"Script","responseStatusCode":200,"responseStatusText":"","responseHeaders":[{"name":"Vary","value":"Origin"},{"name":"Vary","value":"Access-Control-Request-Method"},{"name":"Vary","value":"Access-Control-Request-Headers"},{"name":"Last-Modified","value":"Thu, 03 Aug 2023 10:18:16 GMT"},{"name":"Accept-Ranges","value":"bytes"},{"name":"Content-Type","value":"application/javascript"},{"name":"Content-Length","value":"228167"},{"name":"Date","value":"Wed, 16 Aug 2023 13:20:22 GMT"}]},"sessionId":"69DE6D1A85B5D627489871F60443E14A"}
org.openqa.selenium.devtools.DevToolsException: {"id":2524,"error":{"code":-32602,"message":"Invalid InterceptionId."},"sessionId":"69DE6D1A85B5D627489871F60443E14A"}
Build info: version: '4.11.0', revision: '040bc5406b'
System info: os.name: 'Windows 10', os.arch: 'amd64', os.version: '10.0', java.version: '11.0.18'
Driver info: driver.version: unknown
	at org.openqa.selenium.devtools.Connection.sendAndWait(Connection.java:181)
	at org.openqa.selenium.devtools.DevTools.send(DevTools.java:81)
	at org.openqa.selenium.devtools.idealized.Network.lambda$prepareToInterceptTraffic$4(Network.java:194)
	at org.openqa.selenium.devtools.Connection.lambda$handle$4(Connection.java:321)
	at java.base/java.util.stream.ForEachOps$ForEachOp$OfRef.accept(ForEachOps.java:183)
	at java.base/java.util.stream.ReferencePipeline$2$1.accept(ReferencePipeline.java:177)
	at java.base/java.util.stream.ReferencePipeline$11$1.accept(ReferencePipeline.java:442)
	at java.base/java.util.HashMap$KeySpliterator.forEachRemaining(HashMap.java:1621)
	at java.base/java.util.stream.AbstractPipeline.copyInto(AbstractPipeline.java:484)
	at java.base/java.util.stream.AbstractPipeline.wrapAndCopyInto(AbstractPipeline.java:474)
	at java.base/java.util.stream.ForEachOps$ForEachOp.evaluateSequential(ForEachOps.java:150)
	at java.base/java.util.stream.ForEachOps$ForEachOp$OfRef.evaluateSequential(ForEachOps.java:173)
	at java.base/java.util.stream.AbstractPipeline.evaluate(AbstractPipeline.java:234)
	at java.base/java.util.stream.ReferencePipeline.forEach(ReferencePipeline.java:497)
	at org.openqa.selenium.devtools.Connection.handle(Connection.java:287)
	at org.openqa.selenium.devtools.Connection.access$200(Connection.java:57)
	at org.openqa.selenium.devtools.Connection$Listener.lambda$onText$0(Connection.java:224)
	at java.base/java.util.concurrent.ThreadPoolExecutor.runWorker(ThreadPoolExecutor.java:1128)
	at java.base/java.util.concurrent.ThreadPoolExecutor$Worker.run(ThreadPoolExecutor.java:628)
	at java.base/java.lang.Thread.run(Thread.java:829)
Caused by: org.openqa.selenium.WebDriverException: {"id":2524,"error":{"code":-32602,"message":"Invalid InterceptionId."},"sessionId":"69DE6D1A85B5D627489871F60443E14A"}
Build info: version: '4.11.0', revision: '040bc5406b'
System info: os.name: 'Windows 10', os.arch: 'amd64', os.version: '10.0', java.version: '11.0.18'
Driver info: driver.version: unknown
	at org.openqa.selenium.devtools.Connection.handle(Connection.java:260)
	... 5 more

Exception in thread "CDP Connection" org.openqa.selenium.devtools.DevToolsException: {"id":2524,"error":{"code":-32602,"message":"Invalid InterceptionId."},"sessionId":"69DE6D1A85B5D627489871F60443E14A"}
Build info: version: '4.11.0', revision: '040bc5406b'
System info: os.name: 'Windows 10', os.arch: 'amd64', os.version: '10.0', java.version: '11.0.18'
Driver info: driver.version: unknown
	at org.openqa.selenium.devtools.Connection$Listener.lambda$onText$0(Connection.java:227)
	at java.base/java.util.concurrent.ThreadPoolExecutor.runWorker(ThreadPoolExecutor.java:1128)
	at java.base/java.util.concurrent.ThreadPoolExecutor$Worker.run(ThreadPoolExecutor.java:628)
	at java.base/java.lang.Thread.run(Thread.java:829)
Caused by: org.openqa.selenium.devtools.DevToolsException: {"id":2524,"error":{"code":-32602,"message":"Invalid InterceptionId."},"sessionId":"69DE6D1A85B5D627489871F60443E14A"}
Build info: version: '4.11.0', revision: '040bc5406b'
System info: os.name: 'Windows 10', os.arch: 'amd64', os.version: '10.0', java.version: '11.0.18'
Driver info: driver.version: unknown
	at org.openqa.selenium.devtools.Connection.sendAndWait(Connection.java:181)
	at org.openqa.selenium.devtools.DevTools.send(DevTools.java:81)
	at org.openqa.selenium.devtools.idealized.Network.lambda$prepareToInterceptTraffic$4(Network.java:194)
	at org.openqa.selenium.devtools.Connection.lambda$handle$4(Connection.java:321)
	at java.base/java.util.stream.ForEachOps$ForEachOp$OfRef.accept(ForEachOps.java:183)
	at java.base/java.util.stream.ReferencePipeline$2$1.accept(ReferencePipeline.java:177)
	at java.base/java.util.stream.ReferencePipeline$11$1.accept(ReferencePipeline.java:442)
	at java.base/java.util.HashMap$KeySpliterator.forEachRemaining(HashMap.java:1621)
	at java.base/java.util.stream.AbstractPipeline.copyInto(AbstractPipeline.java:484)
	at java.base/java.util.stream.AbstractPipeline.wrapAndCopyInto(AbstractPipeline.java:474)
	at java.base/java.util.stream.ForEachOps$ForEachOp.evaluateSequential(ForEachOps.java:150)
	at java.base/java.util.stream.ForEachOps$ForEachOp$OfRef.evaluateSequential(ForEachOps.java:173)
	at java.base/java.util.stream.AbstractPipeline.evaluate(AbstractPipeline.java:234)
	at java.base/java.util.stream.ReferencePipeline.forEach(ReferencePipeline.java:497)
	at org.openqa.selenium.devtools.Connection.handle(Connection.java:287)
	at org.openqa.selenium.devtools.Connection.access$200(Connection.java:57)
	at org.openqa.selenium.devtools.Connection$Listener.lambda$onText$0(Connection.java:224)
	... 3 more
Caused by: org.openqa.selenium.WebDriverException: {"id":2524,"error":{"code":-32602,"message":"Invalid InterceptionId."},"sessionId":"69DE6D1A85B5D627489871F60443E14A"}
Build info: version: '4.11.0', revision: '040bc5406b'
System info: os.name: 'Windows 10', os.arch: 'amd64', os.version: '10.0', java.version: '11.0.18'
Driver info: driver.version: unknown
	at org.openqa.selenium.devtools.Connection.handle(Connection.java:260)
	... 5 more
авг. 16, 2023 4:23:19 PM org.openqa.selenium.devtools.Connection$Listener lambda$onText$0
WARNING: Unable to process: {"method":"Fetch.requestPaused","params":{"requestId":"interception-job-409.0","request":{"url":"http://localhost:8080/static/media/marrakech.869b2a02.jpg","method":"GET","headers":{"Accept":"image/avif,image/webp,image/apng,image/svg+xml,image/*,*/*;q=0.8","Referer":"http://localhost:8080/","User-Agent":"Mozilla/5.0 (Windows NT 10.0; Win64; x64) AppleWebKit/537.36 (KHTML, like Gecko) Chrome/116.0.0.0 Safari/537.36","sec-ch-ua":"\"Chromium\";v=\"116\", \"Not)A;Brand\";v=\"24\", \"Google Chrome\";v=\"116\"","sec-ch-ua-mobile":"?0","sec-ch-ua-platform":"\"Windows\""},"initialPriority":"Low","referrerPolicy":"unsafe-url"},"frameId":"D165F02B89151667DFD1BF49856829E7","resourceType":"Image","responseStatusCode":200,"responseStatusText":"","responseHeaders":[{"name":"Vary","value":"Origin"},{"name":"Vary","value":"Access-Control-Request-Method"},{"name":"Vary","value":"Access-Control-Request-Headers"},{"name":"Last-Modified","value":"Thu, 03 Aug 2023 10:18:16 GMT"},{"name":"Accept-Ranges","value":"bytes"},{"name":"Content-Type","value":"image/jpeg"},{"name":"Content-Length","value":"85240"},{"name":"Date","value":"Wed, 16 Aug 2023 13:20:22 GMT"}]},"sessionId":"69DE6D1A85B5D627489871F60443E14A"}
org.openqa.selenium.devtools.DevToolsException: {"id":2529,"error":{"code":-32602,"message":"Invalid InterceptionId."},"sessionId":"69DE6D1A85B5D627489871F60443E14A"}
Build info: version: '4.11.0', revision: '040bc5406b'
System info: os.name: 'Windows 10', os.arch: 'amd64', os.version: '10.0', java.version: '11.0.18'
Driver info: driver.version: unknown
	at org.openqa.selenium.devtools.Connection.sendAndWait(Connection.java:181)
	at org.openqa.selenium.devtools.DevTools.send(DevTools.java:81)
	at org.openqa.selenium.devtools.idealized.Network.lambda$prepareToInterceptTraffic$4(Network.java:194)
	at org.openqa.selenium.devtools.Connection.lambda$handle$4(Connection.java:321)
	at java.base/java.util.stream.ForEachOps$ForEachOp$OfRef.accept(ForEachOps.java:183)
	at java.base/java.util.stream.ReferencePipeline$2$1.accept(ReferencePipeline.java:177)
	at java.base/java.util.stream.ReferencePipeline$11$1.accept(ReferencePipeline.java:442)
	at java.base/java.util.HashMap$KeySpliterator.forEachRemaining(HashMap.java:1621)
	at java.base/java.util.stream.AbstractPipeline.copyInto(AbstractPipeline.java:484)
	at java.base/java.util.stream.AbstractPipeline.wrapAndCopyInto(AbstractPipeline.java:474)
	at java.base/java.util.stream.ForEachOps$ForEachOp.evaluateSequential(ForEachOps.java:150)
	at java.base/java.util.stream.ForEachOps$ForEachOp$OfRef.evaluateSequential(ForEachOps.java:173)
	at java.base/java.util.stream.AbstractPipeline.evaluate(AbstractPipeline.java:234)
	at java.base/java.util.stream.ReferencePipeline.forEach(ReferencePipeline.java:497)
	at org.openqa.selenium.devtools.Connection.handle(Connection.java:287)
	at org.openqa.selenium.devtools.Connection.access$200(Connection.java:57)
	at org.openqa.selenium.devtools.Connection$Listener.lambda$onText$0(Connection.java:224)
	at java.base/java.util.concurrent.ThreadPoolExecutor.runWorker(ThreadPoolExecutor.java:1128)
	at java.base/java.util.concurrent.ThreadPoolExecutor$Worker.run(ThreadPoolExecutor.java:628)
	at java.base/java.lang.Thread.run(Thread.java:829)
Caused by: org.openqa.selenium.WebDriverException: {"id":2529,"error":{"code":-32602,"message":"Invalid InterceptionId."},"sessionId":"69DE6D1A85B5D627489871F60443E14A"}
Build info: version: '4.11.0', revision: '040bc5406b'
System info: os.name: 'Windows 10', os.arch: 'amd64', os.version: '10.0', java.version: '11.0.18'
Driver info: driver.version: unknown
	at org.openqa.selenium.devtools.Connection.handle(Connection.java:260)
	... 5 more

Exception in thread "CDP Connection" org.openqa.selenium.devtools.DevToolsException: {"id":2529,"error":{"code":-32602,"message":"Invalid InterceptionId."},"sessionId":"69DE6D1A85B5D627489871F60443E14A"}
Build info: version: '4.11.0', revision: '040bc5406b'
System info: os.name: 'Windows 10', os.arch: 'amd64', os.version: '10.0', java.version: '11.0.18'
Driver info: driver.version: unknown
	at org.openqa.selenium.devtools.Connection$Listener.lambda$onText$0(Connection.java:227)
	at java.base/java.util.concurrent.ThreadPoolExecutor.runWorker(ThreadPoolExecutor.java:1128)
	at java.base/java.util.concurrent.ThreadPoolExecutor$Worker.run(ThreadPoolExecutor.java:628)
	at java.base/java.lang.Thread.run(Thread.java:829)
Caused by: org.openqa.selenium.devtools.DevToolsException: {"id":2529,"error":{"code":-32602,"message":"Invalid InterceptionId."},"sessionId":"69DE6D1A85B5D627489871F60443E14A"}
Build info: version: '4.11.0', revision: '040bc5406b'
System info: os.name: 'Windows 10', os.arch: 'amd64', os.version: '10.0', java.version: '11.0.18'
Driver info: driver.version: unknown
	at org.openqa.selenium.devtools.Connection.sendAndWait(Connection.java:181)
	at org.openqa.selenium.devtools.DevTools.send(DevTools.java:81)
	at org.openqa.selenium.devtools.idealized.Network.lambda$prepareToInterceptTraffic$4(Network.java:194)
	at org.openqa.selenium.devtools.Connection.lambda$handle$4(Connection.java:321)
	at java.base/java.util.stream.ForEachOps$ForEachOp$OfRef.accept(ForEachOps.java:183)
	at java.base/java.util.stream.ReferencePipeline$2$1.accept(ReferencePipeline.java:177)
	at java.base/java.util.stream.ReferencePipeline$11$1.accept(ReferencePipeline.java:442)
	at java.base/java.util.HashMap$KeySpliterator.forEachRemaining(HashMap.java:1621)
	at java.base/java.util.stream.AbstractPipeline.copyInto(AbstractPipeline.java:484)
	at java.base/java.util.stream.AbstractPipeline.wrapAndCopyInto(AbstractPipeline.java:474)
	at java.base/java.util.stream.ForEachOps$ForEachOp.evaluateSequential(ForEachOps.java:150)
	at java.base/java.util.stream.ForEachOps$ForEachOp$OfRef.evaluateSequential(ForEachOps.java:173)
	at java.base/java.util.stream.AbstractPipeline.evaluate(AbstractPipeline.java:234)
	at java.base/java.util.stream.ReferencePipeline.forEach(ReferencePipeline.java:497)
	at org.openqa.selenium.devtools.Connection.handle(Connection.java:287)
	at org.openqa.selenium.devtools.Connection.access$200(Connection.java:57)
	at org.openqa.selenium.devtools.Connection$Listener.lambda$onText$0(Connection.java:224)
	... 3 more
Caused by: org.openqa.selenium.WebDriverException: {"id":2529,"error":{"code":-32602,"message":"Invalid InterceptionId."},"sessionId":"69DE6D1A85B5D627489871F60443E14A"}
Build info: version: '4.11.0', revision: '040bc5406b'
System info: os.name: 'Windows 10', os.arch: 'amd64', os.version: '10.0', java.version: '11.0.18'
Driver info: driver.version: unknown
	at org.openqa.selenium.devtools.Connection.handle(Connection.java:260)
	... 5 more
авг. 16, 2023 4:23:19 PM org.openqa.selenium.devtools.Connection$Listener lambda$onText$0
WARNING: Unable to process: {"method":"Fetch.requestPaused","params":{"requestId":"interception-job-409.0","request":{"url":"http://localhost:8080/static/media/marrakech.869b2a02.jpg","method":"GET","headers":{"Accept":"image/avif,image/webp,image/apng,image/svg+xml,image/*,*/*;q=0.8","Referer":"http://localhost:8080/","User-Agent":"Mozilla/5.0 (Windows NT 10.0; Win64; x64) AppleWebKit/537.36 (KHTML, like Gecko) Chrome/116.0.0.0 Safari/537.36","sec-ch-ua":"\"Chromium\";v=\"116\", \"Not)A;Brand\";v=\"24\", \"Google Chrome\";v=\"116\"","sec-ch-ua-mobile":"?0","sec-ch-ua-platform":"\"Windows\""},"initialPriority":"Low","referrerPolicy":"strict-origin-when-cross-origin"},"frameId":"D165F02B89151667DFD1BF49856829E7","resourceType":"Image"},"sessionId":"69DE6D1A85B5D627489871F60443E14A"}
org.openqa.selenium.devtools.DevToolsException: {"id":2530,"error":{"code":-32602,"message":"Invalid InterceptionId."},"sessionId":"69DE6D1A85B5D627489871F60443E14A"}
Build info: version: '4.11.0', revision: '040bc5406b'
System info: os.name: 'Windows 10', os.arch: 'amd64', os.version: '10.0', java.version: '11.0.18'
Driver info: driver.version: unknown
	at org.openqa.selenium.devtools.Connection.sendAndWait(Connection.java:181)
	at org.openqa.selenium.devtools.DevTools.send(DevTools.java:81)
	at org.openqa.selenium.devtools.idealized.Network.lambda$prepareToInterceptTraffic$3(Network.java:211)
	at org.openqa.selenium.remote.http.Filter.lambda$andFinally$1(Filter.java:55)
	at org.openqa.selenium.devtools.idealized.Network.lambda$prepareToInterceptTraffic$4(Network.java:226)
	at org.openqa.selenium.devtools.Connection.lambda$handle$4(Connection.java:321)
	at java.base/java.util.stream.ForEachOps$ForEachOp$OfRef.accept(ForEachOps.java:183)
	at java.base/java.util.stream.ReferencePipeline$2$1.accept(ReferencePipeline.java:177)
	at java.base/java.util.stream.ReferencePipeline$11$1.accept(ReferencePipeline.java:442)
	at java.base/java.util.HashMap$KeySpliterator.forEachRemaining(HashMap.java:1621)
	at java.base/java.util.stream.AbstractPipeline.copyInto(AbstractPipeline.java:484)
	at java.base/java.util.stream.AbstractPipeline.wrapAndCopyInto(AbstractPipeline.java:474)
	at java.base/java.util.stream.ForEachOps$ForEachOp.evaluateSequential(ForEachOps.java:150)
	at java.base/java.util.stream.ForEachOps$ForEachOp$OfRef.evaluateSequential(ForEachOps.java:173)
	at java.base/java.util.stream.AbstractPipeline.evaluate(AbstractPipeline.java:234)
	at java.base/java.util.stream.ReferencePipeline.forEach(ReferencePipeline.java:497)
	at org.openqa.selenium.devtools.Connection.handle(Connection.java:287)
	at org.openqa.selenium.devtools.Connection.access$200(Connection.java:57)
	at org.openqa.selenium.devtools.Connection$Listener.lambda$onText$0(Connection.java:224)
	at java.base/java.util.concurrent.ThreadPoolExecutor.runWorker(ThreadPoolExecutor.java:1128)
	at java.base/java.util.concurrent.ThreadPoolExecutor$Worker.run(ThreadPoolExecutor.java:628)
	at java.base/java.lang.Thread.run(Thread.java:829)
Caused by: org.openqa.selenium.WebDriverException: {"id":2530,"error":{"code":-32602,"message":"Invalid InterceptionId."},"sessionId":"69DE6D1A85B5D627489871F60443E14A"}
Build info: version: '4.11.0', revision: '040bc5406b'
System info: os.name: 'Windows 10', os.arch: 'amd64', os.version: '10.0', java.version: '11.0.18'
Driver info: driver.version: unknown
	at org.openqa.selenium.devtools.Connection.handle(Connection.java:260)
	... 5 more

Exception in thread "CDP Connection" org.openqa.selenium.devtools.DevToolsException: {"id":2530,"error":{"code":-32602,"message":"Invalid InterceptionId."},"sessionId":"69DE6D1A85B5D627489871F60443E14A"}
Build info: version: '4.11.0', revision: '040bc5406b'
System info: os.name: 'Windows 10', os.arch: 'amd64', os.version: '10.0', java.version: '11.0.18'
Driver info: driver.version: unknown
	at org.openqa.selenium.devtools.Connection$Listener.lambda$onText$0(Connection.java:227)
	at java.base/java.util.concurrent.ThreadPoolExecutor.runWorker(ThreadPoolExecutor.java:1128)
	at java.base/java.util.concurrent.ThreadPoolExecutor$Worker.run(ThreadPoolExecutor.java:628)
	at java.base/java.lang.Thread.run(Thread.java:829)
Caused by: org.openqa.selenium.devtools.DevToolsException: {"id":2530,"error":{"code":-32602,"message":"Invalid InterceptionId."},"sessionId":"69DE6D1A85B5D627489871F60443E14A"}
Build info: version: '4.11.0', revision: '040bc5406b'
System info: os.name: 'Windows 10', os.arch: 'amd64', os.version: '10.0', java.version: '11.0.18'
Driver info: driver.version: unknown
	at org.openqa.selenium.devtools.Connection.sendAndWait(Connection.java:181)
	at org.openqa.selenium.devtools.DevTools.send(DevTools.java:81)
	at org.openqa.selenium.devtools.idealized.Network.lambda$prepareToInterceptTraffic$3(Network.java:211)
	at org.openqa.selenium.remote.http.Filter.lambda$andFinally$1(Filter.java:55)
	at org.openqa.selenium.devtools.idealized.Network.lambda$prepareToInterceptTraffic$4(Network.java:226)
	at org.openqa.selenium.devtools.Connection.lambda$handle$4(Connection.java:321)
	at java.base/java.util.stream.ForEachOps$ForEachOp$OfRef.accept(ForEachOps.java:183)
	at java.base/java.util.stream.ReferencePipeline$2$1.accept(ReferencePipeline.java:177)
	at java.base/java.util.stream.ReferencePipeline$11$1.accept(ReferencePipeline.java:442)
	at java.base/java.util.HashMap$KeySpliterator.forEachRemaining(HashMap.java:1621)
	at java.base/java.util.stream.AbstractPipeline.copyInto(AbstractPipeline.java:484)
	at java.base/java.util.stream.AbstractPipeline.wrapAndCopyInto(AbstractPipeline.java:474)
	at java.base/java.util.stream.ForEachOps$ForEachOp.evaluateSequential(ForEachOps.java:150)
	at java.base/java.util.stream.ForEachOps$ForEachOp$OfRef.evaluateSequential(ForEachOps.java:173)
	at java.base/java.util.stream.AbstractPipeline.evaluate(AbstractPipeline.java:234)
	at java.base/java.util.stream.ReferencePipeline.forEach(ReferencePipeline.java:497)
	at org.openqa.selenium.devtools.Connection.handle(Connection.java:287)
	at org.openqa.selenium.devtools.Connection.access$200(Connection.java:57)
	at org.openqa.selenium.devtools.Connection$Listener.lambda$onText$0(Connection.java:224)
	... 3 more
Caused by: org.openqa.selenium.WebDriverException: {"id":2530,"error":{"code":-32602,"message":"Invalid InterceptionId."},"sessionId":"69DE6D1A85B5D627489871F60443E14A"}
Build info: version: '4.11.0', revision: '040bc5406b'
System info: os.name: 'Windows 10', os.arch: 'amd64', os.version: '10.0', java.version: '11.0.18'
Driver info: driver.version: unknown
	at org.openqa.selenium.devtools.Connection.handle(Connection.java:260)
	... 5 more
авг. 16, 2023 4:23:19 PM org.openqa.selenium.devtools.Connection$Listener lambda$onText$0
WARNING: Unable to process: {"method":"Fetch.requestPaused","params":{"requestId":"interception-job-410.0","request":{"url":"http://localhost:8080/manifest.json","method":"GET","headers":{"Accept":"*/*","Referer":"http://localhost:8080/","User-Agent":"Mozilla/5.0 (Windows NT 10.0; Win64; x64) AppleWebKit/537.36 (KHTML, like Gecko) Chrome/116.0.0.0 Safari/537.36","sec-ch-ua":"\"Chromium\";v=\"116\", \"Not)A;Brand\";v=\"24\", \"Google Chrome\";v=\"116\"","sec-ch-ua-mobile":"?0","sec-ch-ua-platform":"\"Windows\""},"initialPriority":"Medium","referrerPolicy":"unsafe-url"},"frameId":"D165F02B89151667DFD1BF49856829E7","resourceType":"Other","responseStatusCode":200,"responseStatusText":"","responseHeaders":[{"name":"Vary","value":"Origin"},{"name":"Vary","value":"Access-Control-Request-Method"},{"name":"Vary","value":"Access-Control-Request-Headers"},{"name":"Last-Modified","value":"Thu, 03 Aug 2023 10:18:16 GMT"},{"name":"Accept-Ranges","value":"bytes"},{"name":"Content-Type","value":"application/json"},{"name":"Content-Length","value":"492"},{"name":"Date","value":"Wed, 16 Aug 2023 13:20:22 GMT"}]},"sessionId":"69DE6D1A85B5D627489871F60443E14A"}
org.openqa.selenium.devtools.DevToolsException: {"id":2537,"error":{"code":-32602,"message":"Invalid InterceptionId."},"sessionId":"69DE6D1A85B5D627489871F60443E14A"}
Build info: version: '4.11.0', revision: '040bc5406b'
System info: os.name: 'Windows 10', os.arch: 'amd64', os.version: '10.0', java.version: '11.0.18'
Driver info: driver.version: unknown
	at org.openqa.selenium.devtools.Connection.sendAndWait(Connection.java:181)
	at org.openqa.selenium.devtools.DevTools.send(DevTools.java:81)
	at org.openqa.selenium.devtools.idealized.Network.lambda$prepareToInterceptTraffic$4(Network.java:194)
	at org.openqa.selenium.devtools.Connection.lambda$handle$4(Connection.java:321)
	at java.base/java.util.stream.ForEachOps$ForEachOp$OfRef.accept(ForEachOps.java:183)
	at java.base/java.util.stream.ReferencePipeline$2$1.accept(ReferencePipeline.java:177)
	at java.base/java.util.stream.ReferencePipeline$11$1.accept(ReferencePipeline.java:442)
	at java.base/java.util.HashMap$KeySpliterator.forEachRemaining(HashMap.java:1621)
	at java.base/java.util.stream.AbstractPipeline.copyInto(AbstractPipeline.java:484)
	at java.base/java.util.stream.AbstractPipeline.wrapAndCopyInto(AbstractPipeline.java:474)
	at java.base/java.util.stream.ForEachOps$ForEachOp.evaluateSequential(ForEachOps.java:150)
	at java.base/java.util.stream.ForEachOps$ForEachOp$OfRef.evaluateSequential(ForEachOps.java:173)
	at java.base/java.util.stream.AbstractPipeline.evaluate(AbstractPipeline.java:234)
	at java.base/java.util.stream.ReferencePipeline.forEach(ReferencePipeline.java:497)
	at org.openqa.selenium.devtools.Connection.handle(Connection.java:287)
	at org.openqa.selenium.devtools.Connection.access$200(Connection.java:57)
	at org.openqa.selenium.devtools.Connection$Listener.lambda$onText$0(Connection.java:224)
	at java.base/java.util.concurrent.ThreadPoolExecutor.runWorker(ThreadPoolExecutor.java:1128)
	at java.base/java.util.concurrent.ThreadPoolExecutor$Worker.run(ThreadPoolExecutor.java:628)
	at java.base/java.lang.Thread.run(Thread.java:829)
Caused by: org.openqa.selenium.WebDriverException: {"id":2537,"error":{"code":-32602,"message":"Invalid InterceptionId."},"sessionId":"69DE6D1A85B5D627489871F60443E14A"}
Build info: version: '4.11.0', revision: '040bc5406b'
System info: os.name: 'Windows 10', os.arch: 'amd64', os.version: '10.0', java.version: '11.0.18'
Driver info: driver.version: unknown
	at org.openqa.selenium.devtools.Connection.handle(Connection.java:260)
	... 5 more

Exception in thread "CDP Connection" org.openqa.selenium.devtools.DevToolsException: {"id":2537,"error":{"code":-32602,"message":"Invalid InterceptionId."},"sessionId":"69DE6D1A85B5D627489871F60443E14A"}
Build info: version: '4.11.0', revision: '040bc5406b'
System info: os.name: 'Windows 10', os.arch: 'amd64', os.version: '10.0', java.version: '11.0.18'
Driver info: driver.version: unknown
	at org.openqa.selenium.devtools.Connection$Listener.lambda$onText$0(Connection.java:227)
	at java.base/java.util.concurrent.ThreadPoolExecutor.runWorker(ThreadPoolExecutor.java:1128)
	at java.base/java.util.concurrent.ThreadPoolExecutor$Worker.run(ThreadPoolExecutor.java:628)
	at java.base/java.lang.Thread.run(Thread.java:829)
Caused by: org.openqa.selenium.devtools.DevToolsException: {"id":2537,"error":{"code":-32602,"message":"Invalid InterceptionId."},"sessionId":"69DE6D1A85B5D627489871F60443E14A"}
Build info: version: '4.11.0', revision: '040bc5406b'
System info: os.name: 'Windows 10', os.arch: 'amd64', os.version: '10.0', java.version: '11.0.18'
Driver info: driver.version: unknown
	at org.openqa.selenium.devtools.Connection.sendAndWait(Connection.java:181)
	at org.openqa.selenium.devtools.DevTools.send(DevTools.java:81)
	at org.openqa.selenium.devtools.idealized.Network.lambda$prepareToInterceptTraffic$4(Network.java:194)
	at org.openqa.selenium.devtools.Connection.lambda$handle$4(Connection.java:321)
	at java.base/java.util.stream.ForEachOps$ForEachOp$OfRef.accept(ForEachOps.java:183)
	at java.base/java.util.stream.ReferencePipeline$2$1.accept(ReferencePipeline.java:177)
	at java.base/java.util.stream.ReferencePipeline$11$1.accept(ReferencePipeline.java:442)
	at java.base/java.util.HashMap$KeySpliterator.forEachRemaining(HashMap.java:1621)
	at java.base/java.util.stream.AbstractPipeline.copyInto(AbstractPipeline.java:484)
	at java.base/java.util.stream.AbstractPipeline.wrapAndCopyInto(AbstractPipeline.java:474)
	at java.base/java.util.stream.ForEachOps$ForEachOp.evaluateSequential(ForEachOps.java:150)
	at java.base/java.util.stream.ForEachOps$ForEachOp$OfRef.evaluateSequential(ForEachOps.java:173)
	at java.base/java.util.stream.AbstractPipeline.evaluate(AbstractPipeline.java:234)
	at java.base/java.util.stream.ReferencePipeline.forEach(ReferencePipeline.java:497)
	at org.openqa.selenium.devtools.Connection.handle(Connection.java:287)
	at org.openqa.selenium.devtools.Connection.access$200(Connection.java:57)
	at org.openqa.selenium.devtools.Connection$Listener.lambda$onText$0(Connection.java:224)
	... 3 more
Caused by: org.openqa.selenium.WebDriverException: {"id":2537,"error":{"code":-32602,"message":"Invalid InterceptionId."},"sessionId":"69DE6D1A85B5D627489871F60443E14A"}
Build info: version: '4.11.0', revision: '040bc5406b'
System info: os.name: 'Windows 10', os.arch: 'amd64', os.version: '10.0', java.version: '11.0.18'
Driver info: driver.version: unknown
	at org.openqa.selenium.devtools.Connection.handle(Connection.java:260)
	... 5 more
авг. 16, 2023 4:23:19 PM org.openqa.selenium.devtools.Connection$Listener lambda$onText$0
WARNING: Unable to process: {"method":"Fetch.requestPaused","params":{"requestId":"interception-job-410.0","request":{"url":"http://localhost:8080/manifest.json","method":"GET","headers":{"Accept":"*/*","Referer":"http://localhost:8080/","User-Agent":"Mozilla/5.0 (Windows NT 10.0; Win64; x64) AppleWebKit/537.36 (KHTML, like Gecko) Chrome/116.0.0.0 Safari/537.36","sec-ch-ua":"\"Chromium\";v=\"116\", \"Not)A;Brand\";v=\"24\", \"Google Chrome\";v=\"116\"","sec-ch-ua-mobile":"?0","sec-ch-ua-platform":"\"Windows\""},"initialPriority":"Medium","referrerPolicy":"strict-origin-when-cross-origin"},"frameId":"D165F02B89151667DFD1BF49856829E7","resourceType":"Other"},"sessionId":"69DE6D1A85B5D627489871F60443E14A"}
org.openqa.selenium.devtools.DevToolsException: {"id":2538,"error":{"code":-32602,"message":"Invalid InterceptionId."},"sessionId":"69DE6D1A85B5D627489871F60443E14A"}
Build info: version: '4.11.0', revision: '040bc5406b'
System info: os.name: 'Windows 10', os.arch: 'amd64', os.version: '10.0', java.version: '11.0.18'
Driver info: driver.version: unknown
	at org.openqa.selenium.devtools.Connection.sendAndWait(Connection.java:181)
	at org.openqa.selenium.devtools.DevTools.send(DevTools.java:81)
	at org.openqa.selenium.devtools.idealized.Network.lambda$prepareToInterceptTraffic$3(Network.java:211)
	at org.openqa.selenium.remote.http.Filter.lambda$andFinally$1(Filter.java:55)
	at org.openqa.selenium.devtools.idealized.Network.lambda$prepareToInterceptTraffic$4(Network.java:226)
	at org.openqa.selenium.devtools.Connection.lambda$handle$4(Connection.java:321)
	at java.base/java.util.stream.ForEachOps$ForEachOp$OfRef.accept(ForEachOps.java:183)
	at java.base/java.util.stream.ReferencePipeline$2$1.accept(ReferencePipeline.java:177)
	at java.base/java.util.stream.ReferencePipeline$11$1.accept(ReferencePipeline.java:442)
	at java.base/java.util.HashMap$KeySpliterator.forEachRemaining(HashMap.java:1621)
	at java.base/java.util.stream.AbstractPipeline.copyInto(AbstractPipeline.java:484)
	at java.base/java.util.stream.AbstractPipeline.wrapAndCopyInto(AbstractPipeline.java:474)
	at java.base/java.util.stream.ForEachOps$ForEachOp.evaluateSequential(ForEachOps.java:150)
	at java.base/java.util.stream.ForEachOps$ForEachOp$OfRef.evaluateSequential(ForEachOps.java:173)
	at java.base/java.util.stream.AbstractPipeline.evaluate(AbstractPipeline.java:234)
	at java.base/java.util.stream.ReferencePipeline.forEach(ReferencePipeline.java:497)
	at org.openqa.selenium.devtools.Connection.handle(Connection.java:287)
	at org.openqa.selenium.devtools.Connection.access$200(Connection.java:57)
	at org.openqa.selenium.devtools.Connection$Listener.lambda$onText$0(Connection.java:224)
	at java.base/java.util.concurrent.ThreadPoolExecutor.runWorker(ThreadPoolExecutor.java:1128)
	at java.base/java.util.concurrent.ThreadPoolExecutor$Worker.run(ThreadPoolExecutor.java:628)
	at java.base/java.lang.Thread.run(Thread.java:829)
Caused by: org.openqa.selenium.WebDriverException: {"id":2538,"error":{"code":-32602,"message":"Invalid InterceptionId."},"sessionId":"69DE6D1A85B5D627489871F60443E14A"}
Build info: version: '4.11.0', revision: '040bc5406b'
System info: os.name: 'Windows 10', os.arch: 'amd64', os.version: '10.0', java.version: '11.0.18'
Driver info: driver.version: unknown
	at org.openqa.selenium.devtools.Connection.handle(Connection.java:260)
	... 5 more

Exception in thread "CDP Connection" org.openqa.selenium.devtools.DevToolsException: {"id":2538,"error":{"code":-32602,"message":"Invalid InterceptionId."},"sessionId":"69DE6D1A85B5D627489871F60443E14A"}
Build info: version: '4.11.0', revision: '040bc5406b'
System info: os.name: 'Windows 10', os.arch: 'amd64', os.version: '10.0', java.version: '11.0.18'
Driver info: driver.version: unknown
	at org.openqa.selenium.devtools.Connection$Listener.lambda$onText$0(Connection.java:227)
	at java.base/java.util.concurrent.ThreadPoolExecutor.runWorker(ThreadPoolExecutor.java:1128)
	at java.base/java.util.concurrent.ThreadPoolExecutor$Worker.run(ThreadPoolExecutor.java:628)
	at java.base/java.lang.Thread.run(Thread.java:829)
Caused by: org.openqa.selenium.devtools.DevToolsException: {"id":2538,"error":{"code":-32602,"message":"Invalid InterceptionId."},"sessionId":"69DE6D1A85B5D627489871F60443E14A"}
Build info: version: '4.11.0', revision: '040bc5406b'
System info: os.name: 'Windows 10', os.arch: 'amd64', os.version: '10.0', java.version: '11.0.18'
Driver info: driver.version: unknown
	at org.openqa.selenium.devtools.Connection.sendAndWait(Connection.java:181)
	at org.openqa.selenium.devtools.DevTools.send(DevTools.java:81)
	at org.openqa.selenium.devtools.idealized.Network.lambda$prepareToInterceptTraffic$3(Network.java:211)
	at org.openqa.selenium.remote.http.Filter.lambda$andFinally$1(Filter.java:55)
	at org.openqa.selenium.devtools.idealized.Network.lambda$prepareToInterceptTraffic$4(Network.java:226)
	at org.openqa.selenium.devtools.Connection.lambda$handle$4(Connection.java:321)
	at java.base/java.util.stream.ForEachOps$ForEachOp$OfRef.accept(ForEachOps.java:183)
	at java.base/java.util.stream.ReferencePipeline$2$1.accept(ReferencePipeline.java:177)
	at java.base/java.util.stream.ReferencePipeline$11$1.accept(ReferencePipeline.java:442)
	at java.base/java.util.HashMap$KeySpliterator.forEachRemaining(HashMap.java:1621)
	at java.base/java.util.stream.AbstractPipeline.copyInto(AbstractPipeline.java:484)
	at java.base/java.util.stream.AbstractPipeline.wrapAndCopyInto(AbstractPipeline.java:474)
	at java.base/java.util.stream.ForEachOps$ForEachOp.evaluateSequential(ForEachOps.java:150)
	at java.base/java.util.stream.ForEachOps$ForEachOp$OfRef.evaluateSequential(ForEachOps.java:173)
	at java.base/java.util.stream.AbstractPipeline.evaluate(AbstractPipeline.java:234)
	at java.base/java.util.stream.ReferencePipeline.forEach(ReferencePipeline.java:497)
	at org.openqa.selenium.devtools.Connection.handle(Connection.java:287)
	at org.openqa.selenium.devtools.Connection.access$200(Connection.java:57)
	at org.openqa.selenium.devtools.Connection$Listener.lambda$onText$0(Connection.java:224)
	... 3 more
Caused by: org.openqa.selenium.WebDriverException: {"id":2538,"error":{"code":-32602,"message":"Invalid InterceptionId."},"sessionId":"69DE6D1A85B5D627489871F60443E14A"}
Build info: version: '4.11.0', revision: '040bc5406b'
System info: os.name: 'Windows 10', os.arch: 'amd64', os.version: '10.0', java.version: '11.0.18'
Driver info: driver.version: unknown
	at org.openqa.selenium.devtools.Connection.handle(Connection.java:260)
	... 5 more
авг. 16, 2023 4:23:19 PM org.openqa.selenium.devtools.Connection$Listener lambda$onText$0
WARNING: Unable to process: {"method":"Fetch.requestPaused","params":{"requestId":"interception-job-411.0","request":{"url":"http://localhost:8080/favicon.ico","method":"GET","headers":{"Accept":"image/avif,image/webp,image/apng,image/svg+xml,image/*,*/*;q=0.8","Referer":"http://localhost:8080/","User-Agent":"Mozilla/5.0 (Windows NT 10.0; Win64; x64) AppleWebKit/537.36 (KHTML, like Gecko) Chrome/116.0.0.0 Safari/537.36","sec-ch-ua":"\"Chromium\";v=\"116\", \"Not)A;Brand\";v=\"24\", \"Google Chrome\";v=\"116\"","sec-ch-ua-mobile":"?0","sec-ch-ua-platform":"\"Windows\""},"initialPriority":"High","referrerPolicy":"unsafe-url"},"frameId":"D165F02B89151667DFD1BF49856829E7","resourceType":"Other","responseStatusCode":200,"responseStatusText":"","responseHeaders":[{"name":"Vary","value":"Origin"},{"name":"Vary","value":"Access-Control-Request-Method"},{"name":"Vary","value":"Access-Control-Request-Headers"},{"name":"Last-Modified","value":"Thu, 03 Aug 2023 10:18:16 GMT"},{"name":"Accept-Ranges","value":"bytes"},{"name":"Content-Type","value":"image/x-icon"},{"name":"Content-Length","value":"4286"},{"name":"Date","value":"Wed, 16 Aug 2023 13:20:23 GMT"}]},"sessionId":"69DE6D1A85B5D627489871F60443E14A"}
org.openqa.selenium.devtools.DevToolsException: {"id":2542,"error":{"code":-32602,"message":"Invalid InterceptionId."},"sessionId":"69DE6D1A85B5D627489871F60443E14A"}
Build info: version: '4.11.0', revision: '040bc5406b'
System info: os.name: 'Windows 10', os.arch: 'amd64', os.version: '10.0', java.version: '11.0.18'
Driver info: driver.version: unknown
	at org.openqa.selenium.devtools.Connection.sendAndWait(Connection.java:181)
	at org.openqa.selenium.devtools.DevTools.send(DevTools.java:81)
	at org.openqa.selenium.devtools.idealized.Network.lambda$prepareToInterceptTraffic$4(Network.java:194)
	at org.openqa.selenium.devtools.Connection.lambda$handle$4(Connection.java:321)
	at java.base/java.util.stream.ForEachOps$ForEachOp$OfRef.accept(ForEachOps.java:183)
	at java.base/java.util.stream.ReferencePipeline$2$1.accept(ReferencePipeline.java:177)
	at java.base/java.util.stream.ReferencePipeline$11$1.accept(ReferencePipeline.java:442)
	at java.base/java.util.HashMap$KeySpliterator.forEachRemaining(HashMap.java:1621)
	at java.base/java.util.stream.AbstractPipeline.copyInto(AbstractPipeline.java:484)
	at java.base/java.util.stream.AbstractPipeline.wrapAndCopyInto(AbstractPipeline.java:474)
	at java.base/java.util.stream.ForEachOps$ForEachOp.evaluateSequential(ForEachOps.java:150)
	at java.base/java.util.stream.ForEachOps$ForEachOp$OfRef.evaluateSequential(ForEachOps.java:173)
	at java.base/java.util.stream.AbstractPipeline.evaluate(AbstractPipeline.java:234)
	at java.base/java.util.stream.ReferencePipeline.forEach(ReferencePipeline.java:497)
	at org.openqa.selenium.devtools.Connection.handle(Connection.java:287)
	at org.openqa.selenium.devtools.Connection.access$200(Connection.java:57)
	at org.openqa.selenium.devtools.Connection$Listener.lambda$onText$0(Connection.java:224)
	at java.base/java.util.concurrent.ThreadPoolExecutor.runWorker(ThreadPoolExecutor.java:1128)
	at java.base/java.util.concurrent.ThreadPoolExecutor$Worker.run(ThreadPoolExecutor.java:628)
	at java.base/java.lang.Thread.run(Thread.java:829)
Caused by: org.openqa.selenium.WebDriverException: {"id":2542,"error":{"code":-32602,"message":"Invalid InterceptionId."},"sessionId":"69DE6D1A85B5D627489871F60443E14A"}
Build info: version: '4.11.0', revision: '040bc5406b'
System info: os.name: 'Windows 10', os.arch: 'amd64', os.version: '10.0', java.version: '11.0.18'
Driver info: driver.version: unknown
	at org.openqa.selenium.devtools.Connection.handle(Connection.java:260)
	... 5 more

Exception in thread "CDP Connection" org.openqa.selenium.devtools.DevToolsException: {"id":2542,"error":{"code":-32602,"message":"Invalid InterceptionId."},"sessionId":"69DE6D1A85B5D627489871F60443E14A"}
Build info: version: '4.11.0', revision: '040bc5406b'
System info: os.name: 'Windows 10', os.arch: 'amd64', os.version: '10.0', java.version: '11.0.18'
Driver info: driver.version: unknown
	at org.openqa.selenium.devtools.Connection$Listener.lambda$onText$0(Connection.java:227)
	at java.base/java.util.concurrent.ThreadPoolExecutor.runWorker(ThreadPoolExecutor.java:1128)
	at java.base/java.util.concurrent.ThreadPoolExecutor$Worker.run(ThreadPoolExecutor.java:628)
	at java.base/java.lang.Thread.run(Thread.java:829)
Caused by: org.openqa.selenium.devtools.DevToolsException: {"id":2542,"error":{"code":-32602,"message":"Invalid InterceptionId."},"sessionId":"69DE6D1A85B5D627489871F60443E14A"}
Build info: version: '4.11.0', revision: '040bc5406b'
System info: os.name: 'Windows 10', os.arch: 'amd64', os.version: '10.0', java.version: '11.0.18'
Driver info: driver.version: unknown
	at org.openqa.selenium.devtools.Connection.sendAndWait(Connection.java:181)
	at org.openqa.selenium.devtools.DevTools.send(DevTools.java:81)
	at org.openqa.selenium.devtools.idealized.Network.lambda$prepareToInterceptTraffic$4(Network.java:194)
	at org.openqa.selenium.devtools.Connection.lambda$handle$4(Connection.java:321)
	at java.base/java.util.stream.ForEachOps$ForEachOp$OfRef.accept(ForEachOps.java:183)
	at java.base/java.util.stream.ReferencePipeline$2$1.accept(ReferencePipeline.java:177)
	at java.base/java.util.stream.ReferencePipeline$11$1.accept(ReferencePipeline.java:442)
	at java.base/java.util.HashMap$KeySpliterator.forEachRemaining(HashMap.java:1621)
	at java.base/java.util.stream.AbstractPipeline.copyInto(AbstractPipeline.java:484)
	at java.base/java.util.stream.AbstractPipeline.wrapAndCopyInto(AbstractPipeline.java:474)
	at java.base/java.util.stream.ForEachOps$ForEachOp.evaluateSequential(ForEachOps.java:150)
	at java.base/java.util.stream.ForEachOps$ForEachOp$OfRef.evaluateSequential(ForEachOps.java:173)
	at java.base/java.util.stream.AbstractPipeline.evaluate(AbstractPipeline.java:234)
	at java.base/java.util.stream.ReferencePipeline.forEach(ReferencePipeline.java:497)
	at org.openqa.selenium.devtools.Connection.handle(Connection.java:287)
	at org.openqa.selenium.devtools.Connection.access$200(Connection.java:57)
	at org.openqa.selenium.devtools.Connection$Listener.lambda$onText$0(Connection.java:224)
	... 3 more
Caused by: org.openqa.selenium.WebDriverException: {"id":2542,"error":{"code":-32602,"message":"Invalid InterceptionId."},"sessionId":"69DE6D1A85B5D627489871F60443E14A"}
Build info: version: '4.11.0', revision: '040bc5406b'
System info: os.name: 'Windows 10', os.arch: 'amd64', os.version: '10.0', java.version: '11.0.18'
Driver info: driver.version: unknown
	at org.openqa.selenium.devtools.Connection.handle(Connection.java:260)
	... 5 more
авг. 16, 2023 4:23:19 PM org.openqa.selenium.devtools.Connection$Listener lambda$onText$0
WARNING: Unable to process: {"method":"Fetch.requestPaused","params":{"requestId":"interception-job-411.0","request":{"url":"http://localhost:8080/favicon.ico","method":"GET","headers":{"Accept":"image/avif,image/webp,image/apng,image/svg+xml,image/*,*/*;q=0.8","Referer":"http://localhost:8080/","User-Agent":"Mozilla/5.0 (Windows NT 10.0; Win64; x64) AppleWebKit/537.36 (KHTML, like Gecko) Chrome/116.0.0.0 Safari/537.36","sec-ch-ua":"\"Chromium\";v=\"116\", \"Not)A;Brand\";v=\"24\", \"Google Chrome\";v=\"116\"","sec-ch-ua-mobile":"?0","sec-ch-ua-platform":"\"Windows\""},"initialPriority":"High","referrerPolicy":"strict-origin-when-cross-origin"},"frameId":"D165F02B89151667DFD1BF49856829E7","resourceType":"Other"},"sessionId":"69DE6D1A85B5D627489871F60443E14A"}
org.openqa.selenium.devtools.DevToolsException: {"id":2543,"error":{"code":-32602,"message":"Invalid InterceptionId."},"sessionId":"69DE6D1A85B5D627489871F60443E14A"}
Build info: version: '4.11.0', revision: '040bc5406b'
System info: os.name: 'Windows 10', os.arch: 'amd64', os.version: '10.0', java.version: '11.0.18'
Driver info: driver.version: unknown
	at org.openqa.selenium.devtools.Connection.sendAndWait(Connection.java:181)
	at org.openqa.selenium.devtools.DevTools.send(DevTools.java:81)
	at org.openqa.selenium.devtools.idealized.Network.lambda$prepareToInterceptTraffic$3(Network.java:211)
	at org.openqa.selenium.remote.http.Filter.lambda$andFinally$1(Filter.java:55)
	at org.openqa.selenium.devtools.idealized.Network.lambda$prepareToInterceptTraffic$4(Network.java:226)
	at org.openqa.selenium.devtools.Connection.lambda$handle$4(Connection.java:321)
	at java.base/java.util.stream.ForEachOps$ForEachOp$OfRef.accept(ForEachOps.java:183)
	at java.base/java.util.stream.ReferencePipeline$2$1.accept(ReferencePipeline.java:177)
	at java.base/java.util.stream.ReferencePipeline$11$1.accept(ReferencePipeline.java:442)
	at java.base/java.util.HashMap$KeySpliterator.forEachRemaining(HashMap.java:1621)
	at java.base/java.util.stream.AbstractPipeline.copyInto(AbstractPipeline.java:484)
	at java.base/java.util.stream.AbstractPipeline.wrapAndCopyInto(AbstractPipeline.java:474)
	at java.base/java.util.stream.ForEachOps$ForEachOp.evaluateSequential(ForEachOps.java:150)
	at java.base/java.util.stream.ForEachOps$ForEachOp$OfRef.evaluateSequential(ForEachOps.java:173)
	at java.base/java.util.stream.AbstractPipeline.evaluate(AbstractPipeline.java:234)
	at java.base/java.util.stream.ReferencePipeline.forEach(ReferencePipeline.java:497)
	at org.openqa.selenium.devtools.Connection.handle(Connection.java:287)
	at org.openqa.selenium.devtools.Connection.access$200(Connection.java:57)
	at org.openqa.selenium.devtools.Connection$Listener.lambda$onText$0(Connection.java:224)
	at java.base/java.util.concurrent.ThreadPoolExecutor.runWorker(ThreadPoolExecutor.java:1128)
	at java.base/java.util.concurrent.ThreadPoolExecutor$Worker.run(ThreadPoolExecutor.java:628)
	at java.base/java.lang.Thread.run(Thread.java:829)
Caused by: org.openqa.selenium.WebDriverException: {"id":2543,"error":{"code":-32602,"message":"Invalid InterceptionId."},"sessionId":"69DE6D1A85B5D627489871F60443E14A"}
Build info: version: '4.11.0', revision: '040bc5406b'
System info: os.name: 'Windows 10', os.arch: 'amd64', os.version: '10.0', java.version: '11.0.18'
Driver info: driver.version: unknown
	at org.openqa.selenium.devtools.Connection.handle(Connection.java:260)
	... 5 more

Exception in thread "CDP Connection" org.openqa.selenium.devtools.DevToolsException: {"id":2543,"error":{"code":-32602,"message":"Invalid InterceptionId."},"sessionId":"69DE6D1A85B5D627489871F60443E14A"}
Build info: version: '4.11.0', revision: '040bc5406b'
System info: os.name: 'Windows 10', os.arch: 'amd64', os.version: '10.0', java.version: '11.0.18'
Driver info: driver.version: unknown
	at org.openqa.selenium.devtools.Connection$Listener.lambda$onText$0(Connection.java:227)
	at java.base/java.util.concurrent.ThreadPoolExecutor.runWorker(ThreadPoolExecutor.java:1128)
	at java.base/java.util.concurrent.ThreadPoolExecutor$Worker.run(ThreadPoolExecutor.java:628)
	at java.base/java.lang.Thread.run(Thread.java:829)
Caused by: org.openqa.selenium.devtools.DevToolsException: {"id":2543,"error":{"code":-32602,"message":"Invalid InterceptionId."},"sessionId":"69DE6D1A85B5D627489871F60443E14A"}
Build info: version: '4.11.0', revision: '040bc5406b'
System info: os.name: 'Windows 10', os.arch: 'amd64', os.version: '10.0', java.version: '11.0.18'
Driver info: driver.version: unknown
	at org.openqa.selenium.devtools.Connection.sendAndWait(Connection.java:181)
	at org.openqa.selenium.devtools.DevTools.send(DevTools.java:81)
	at org.openqa.selenium.devtools.idealized.Network.lambda$prepareToInterceptTraffic$3(Network.java:211)
	at org.openqa.selenium.remote.http.Filter.lambda$andFinally$1(Filter.java:55)
	at org.openqa.selenium.devtools.idealized.Network.lambda$prepareToInterceptTraffic$4(Network.java:226)
	at org.openqa.selenium.devtools.Connection.lambda$handle$4(Connection.java:321)
	at java.base/java.util.stream.ForEachOps$ForEachOp$OfRef.accept(ForEachOps.java:183)
	at java.base/java.util.stream.ReferencePipeline$2$1.accept(ReferencePipeline.java:177)
	at java.base/java.util.stream.ReferencePipeline$11$1.accept(ReferencePipeline.java:442)
	at java.base/java.util.HashMap$KeySpliterator.forEachRemaining(HashMap.java:1621)
	at java.base/java.util.stream.AbstractPipeline.copyInto(AbstractPipeline.java:484)
	at java.base/java.util.stream.AbstractPipeline.wrapAndCopyInto(AbstractPipeline.java:474)
	at java.base/java.util.stream.ForEachOps$ForEachOp.evaluateSequential(ForEachOps.java:150)
	at java.base/java.util.stream.ForEachOps$ForEachOp$OfRef.evaluateSequential(ForEachOps.java:173)
	at java.base/java.util.stream.AbstractPipeline.evaluate(AbstractPipeline.java:234)
	at java.base/java.util.stream.ReferencePipeline.forEach(ReferencePipeline.java:497)
	at org.openqa.selenium.devtools.Connection.handle(Connection.java:287)
	at org.openqa.selenium.devtools.Connection.access$200(Connection.java:57)
	at org.openqa.selenium.devtools.Connection$Listener.lambda$onText$0(Connection.java:224)
	... 3 more
Caused by: org.openqa.selenium.WebDriverException: {"id":2543,"error":{"code":-32602,"message":"Invalid InterceptionId."},"sessionId":"69DE6D1A85B5D627489871F60443E14A"}
Build info: version: '4.11.0', revision: '040bc5406b'
System info: os.name: 'Windows 10', os.arch: 'amd64', os.version: '10.0', java.version: '11.0.18'
Driver info: driver.version: unknown
	at org.openqa.selenium.devtools.Connection.handle(Connection.java:260)
	... 5 more
авг. 16, 2023 4:23:19 PM org.openqa.selenium.devtools.Connection$Listener lambda$onText$0
WARNING: Unable to process: {"method":"Fetch.requestPaused","params":{"requestId":"interception-job-412.0","request":{"url":"http://localhost:8080/logo192.png","method":"GET","headers":{"Accept":"image/avif,image/webp,image/apng,image/svg+xml,image/*,*/*;q=0.8","Referer":"http://localhost:8080/","User-Agent":"Mozilla/5.0 (Windows NT 10.0; Win64; x64) AppleWebKit/537.36 (KHTML, like Gecko) Chrome/116.0.0.0 Safari/537.36","sec-ch-ua":"\"Chromium\";v=\"116\", \"Not)A;Brand\";v=\"24\", \"Google Chrome\";v=\"116\"","sec-ch-ua-mobile":"?0","sec-ch-ua-platform":"\"Windows\""},"initialPriority":"High","referrerPolicy":"unsafe-url"},"frameId":"D165F02B89151667DFD1BF49856829E7","resourceType":"Image","responseStatusCode":200,"responseStatusText":"","responseHeaders":[{"name":"Vary","value":"Origin"},{"name":"Vary","value":"Access-Control-Request-Method"},{"name":"Vary","value":"Access-Control-Request-Headers"},{"name":"Last-Modified","value":"Thu, 03 Aug 2023 10:18:16 GMT"},{"name":"Accept-Ranges","value":"bytes"},{"name":"Content-Type","value":"image/png"},{"name":"Content-Length","value":"8581"},{"name":"Date","value":"Wed, 16 Aug 2023 13:20:23 GMT"}]},"sessionId":"69DE6D1A85B5D627489871F60443E14A"}
org.openqa.selenium.devtools.DevToolsException: {"id":2547,"error":{"code":-32602,"message":"Invalid InterceptionId."},"sessionId":"69DE6D1A85B5D627489871F60443E14A"}
Build info: version: '4.11.0', revision: '040bc5406b'
System info: os.name: 'Windows 10', os.arch: 'amd64', os.version: '10.0', java.version: '11.0.18'
Driver info: driver.version: unknown
	at org.openqa.selenium.devtools.Connection.sendAndWait(Connection.java:181)
	at org.openqa.selenium.devtools.DevTools.send(DevTools.java:81)
	at org.openqa.selenium.devtools.idealized.Network.lambda$prepareToInterceptTraffic$4(Network.java:194)
	at org.openqa.selenium.devtools.Connection.lambda$handle$4(Connection.java:321)
	at java.base/java.util.stream.ForEachOps$ForEachOp$OfRef.accept(ForEachOps.java:183)
	at java.base/java.util.stream.ReferencePipeline$2$1.accept(ReferencePipeline.java:177)
	at java.base/java.util.stream.ReferencePipeline$11$1.accept(ReferencePipeline.java:442)
	at java.base/java.util.HashMap$KeySpliterator.forEachRemaining(HashMap.java:1621)
	at java.base/java.util.stream.AbstractPipeline.copyInto(AbstractPipeline.java:484)
	at java.base/java.util.stream.AbstractPipeline.wrapAndCopyInto(AbstractPipeline.java:474)
	at java.base/java.util.stream.ForEachOps$ForEachOp.evaluateSequential(ForEachOps.java:150)
	at java.base/java.util.stream.ForEachOps$ForEachOp$OfRef.evaluateSequential(ForEachOps.java:173)
	at java.base/java.util.stream.AbstractPipeline.evaluate(AbstractPipeline.java:234)
	at java.base/java.util.stream.ReferencePipeline.forEach(ReferencePipeline.java:497)
	at org.openqa.selenium.devtools.Connection.handle(Connection.java:287)
	at org.openqa.selenium.devtools.Connection.access$200(Connection.java:57)
	at org.openqa.selenium.devtools.Connection$Listener.lambda$onText$0(Connection.java:224)
	at java.base/java.util.concurrent.ThreadPoolExecutor.runWorker(ThreadPoolExecutor.java:1128)
	at java.base/java.util.concurrent.ThreadPoolExecutor$Worker.run(ThreadPoolExecutor.java:628)
	at java.base/java.lang.Thread.run(Thread.java:829)
Caused by: org.openqa.selenium.WebDriverException: {"id":2547,"error":{"code":-32602,"message":"Invalid InterceptionId."},"sessionId":"69DE6D1A85B5D627489871F60443E14A"}
Build info: version: '4.11.0', revision: '040bc5406b'
System info: os.name: 'Windows 10', os.arch: 'amd64', os.version: '10.0', java.version: '11.0.18'
Driver info: driver.version: unknown
	at org.openqa.selenium.devtools.Connection.handle(Connection.java:260)
	... 5 more

Exception in thread "CDP Connection" org.openqa.selenium.devtools.DevToolsException: {"id":2547,"error":{"code":-32602,"message":"Invalid InterceptionId."},"sessionId":"69DE6D1A85B5D627489871F60443E14A"}
Build info: version: '4.11.0', revision: '040bc5406b'
System info: os.name: 'Windows 10', os.arch: 'amd64', os.version: '10.0', java.version: '11.0.18'
Driver info: driver.version: unknown
	at org.openqa.selenium.devtools.Connection$Listener.lambda$onText$0(Connection.java:227)
	at java.base/java.util.concurrent.ThreadPoolExecutor.runWorker(ThreadPoolExecutor.java:1128)
	at java.base/java.util.concurrent.ThreadPoolExecutor$Worker.run(ThreadPoolExecutor.java:628)
	at java.base/java.lang.Thread.run(Thread.java:829)
Caused by: org.openqa.selenium.devtools.DevToolsException: {"id":2547,"error":{"code":-32602,"message":"Invalid InterceptionId."},"sessionId":"69DE6D1A85B5D627489871F60443E14A"}
Build info: version: '4.11.0', revision: '040bc5406b'
System info: os.name: 'Windows 10', os.arch: 'amd64', os.version: '10.0', java.version: '11.0.18'
Driver info: driver.version: unknown
	at org.openqa.selenium.devtools.Connection.sendAndWait(Connection.java:181)
	at org.openqa.selenium.devtools.DevTools.send(DevTools.java:81)
	at org.openqa.selenium.devtools.idealized.Network.lambda$prepareToInterceptTraffic$4(Network.java:194)
	at org.openqa.selenium.devtools.Connection.lambda$handle$4(Connection.java:321)
	at java.base/java.util.stream.ForEachOps$ForEachOp$OfRef.accept(ForEachOps.java:183)
	at java.base/java.util.stream.ReferencePipeline$2$1.accept(ReferencePipeline.java:177)
	at java.base/java.util.stream.ReferencePipeline$11$1.accept(ReferencePipeline.java:442)
	at java.base/java.util.HashMap$KeySpliterator.forEachRemaining(HashMap.java:1621)
	at java.base/java.util.stream.AbstractPipeline.copyInto(AbstractPipeline.java:484)
	at java.base/java.util.stream.AbstractPipeline.wrapAndCopyInto(AbstractPipeline.java:474)
	at java.base/java.util.stream.ForEachOps$ForEachOp.evaluateSequential(ForEachOps.java:150)
	at java.base/java.util.stream.ForEachOps$ForEachOp$OfRef.evaluateSequential(ForEachOps.java:173)
	at java.base/java.util.stream.AbstractPipeline.evaluate(AbstractPipeline.java:234)
	at java.base/java.util.stream.ReferencePipeline.forEach(ReferencePipeline.java:497)
	at org.openqa.selenium.devtools.Connection.handle(Connection.java:287)
	at org.openqa.selenium.devtools.Connection.access$200(Connection.java:57)
	at org.openqa.selenium.devtools.Connection$Listener.lambda$onText$0(Connection.java:224)
	... 3 more
Caused by: org.openqa.selenium.WebDriverException: {"id":2547,"error":{"code":-32602,"message":"Invalid InterceptionId."},"sessionId":"69DE6D1A85B5D627489871F60443E14A"}
Build info: version: '4.11.0', revision: '040bc5406b'
System info: os.name: 'Windows 10', os.arch: 'amd64', os.version: '10.0', java.version: '11.0.18'
Driver info: driver.version: unknown
	at org.openqa.selenium.devtools.Connection.handle(Connection.java:260)
	... 5 more
авг. 16, 2023 4:23:19 PM org.openqa.selenium.devtools.Connection$Listener lambda$onText$0
WARNING: Unable to process: {"method":"Fetch.requestPaused","params":{"requestId":"interception-job-412.0","request":{"url":"http://localhost:8080/logo192.png","method":"GET","headers":{"Accept":"image/avif,image/webp,image/apng,image/svg+xml,image/*,*/*;q=0.8","Referer":"http://localhost:8080/","User-Agent":"Mozilla/5.0 (Windows NT 10.0; Win64; x64) AppleWebKit/537.36 (KHTML, like Gecko) Chrome/116.0.0.0 Safari/537.36","sec-ch-ua":"\"Chromium\";v=\"116\", \"Not)A;Brand\";v=\"24\", \"Google Chrome\";v=\"116\"","sec-ch-ua-mobile":"?0","sec-ch-ua-platform":"\"Windows\""},"initialPriority":"High","referrerPolicy":"strict-origin-when-cross-origin"},"frameId":"D165F02B89151667DFD1BF49856829E7","resourceType":"Image"},"sessionId":"69DE6D1A85B5D627489871F60443E14A"}
org.openqa.selenium.devtools.DevToolsException: {"id":2548,"error":{"code":-32602,"message":"Invalid InterceptionId."},"sessionId":"69DE6D1A85B5D627489871F60443E14A"}
Build info: version: '4.11.0', revision: '040bc5406b'
System info: os.name: 'Windows 10', os.arch: 'amd64', os.version: '10.0', java.version: '11.0.18'
Driver info: driver.version: unknown
	at org.openqa.selenium.devtools.Connection.sendAndWait(Connection.java:181)
	at org.openqa.selenium.devtools.DevTools.send(DevTools.java:81)
	at org.openqa.selenium.devtools.idealized.Network.lambda$prepareToInterceptTraffic$3(Network.java:211)
	at org.openqa.selenium.remote.http.Filter.lambda$andFinally$1(Filter.java:55)
	at org.openqa.selenium.devtools.idealized.Network.lambda$prepareToInterceptTraffic$4(Network.java:226)
	at org.openqa.selenium.devtools.Connection.lambda$handle$4(Connection.java:321)
	at java.base/java.util.stream.ForEachOps$ForEachOp$OfRef.accept(ForEachOps.java:183)
	at java.base/java.util.stream.ReferencePipeline$2$1.accept(ReferencePipeline.java:177)
	at java.base/java.util.stream.ReferencePipeline$11$1.accept(ReferencePipeline.java:442)
	at java.base/java.util.HashMap$KeySpliterator.forEachRemaining(HashMap.java:1621)
	at java.base/java.util.stream.AbstractPipeline.copyInto(AbstractPipeline.java:484)
	at java.base/java.util.stream.AbstractPipeline.wrapAndCopyInto(AbstractPipeline.java:474)
	at java.base/java.util.stream.ForEachOps$ForEachOp.evaluateSequential(ForEachOps.java:150)
	at java.base/java.util.stream.ForEachOps$ForEachOp$OfRef.evaluateSequential(ForEachOps.java:173)
	at java.base/java.util.stream.AbstractPipeline.evaluate(AbstractPipeline.java:234)
	at java.base/java.util.stream.ReferencePipeline.forEach(ReferencePipeline.java:497)
	at org.openqa.selenium.devtools.Connection.handle(Connection.java:287)
	at org.openqa.selenium.devtools.Connection.access$200(Connection.java:57)
	at org.openqa.selenium.devtools.Connection$Listener.lambda$onText$0(Connection.java:224)
	at java.base/java.util.concurrent.ThreadPoolExecutor.runWorker(ThreadPoolExecutor.java:1128)
	at java.base/java.util.concurrent.ThreadPoolExecutor$Worker.run(ThreadPoolExecutor.java:628)
	at java.base/java.lang.Thread.run(Thread.java:829)
Caused by: org.openqa.selenium.WebDriverException: {"id":2548,"error":{"code":-32602,"message":"Invalid InterceptionId."},"sessionId":"69DE6D1A85B5D627489871F60443E14A"}
Build info: version: '4.11.0', revision: '040bc5406b'
System info: os.name: 'Windows 10', os.arch: 'amd64', os.version: '10.0', java.version: '11.0.18'
Driver info: driver.version: unknown
	at org.openqa.selenium.devtools.Connection.handle(Connection.java:260)
	... 5 more

Exception in thread "CDP Connection" org.openqa.selenium.devtools.DevToolsException: {"id":2548,"error":{"code":-32602,"message":"Invalid InterceptionId."},"sessionId":"69DE6D1A85B5D627489871F60443E14A"}
Build info: version: '4.11.0', revision: '040bc5406b'
System info: os.name: 'Windows 10', os.arch: 'amd64', os.version: '10.0', java.version: '11.0.18'
Driver info: driver.version: unknown
	at org.openqa.selenium.devtools.Connection$Listener.lambda$onText$0(Connection.java:227)
	at java.base/java.util.concurrent.ThreadPoolExecutor.runWorker(ThreadPoolExecutor.java:1128)
	at java.base/java.util.concurrent.ThreadPoolExecutor$Worker.run(ThreadPoolExecutor.java:628)
	at java.base/java.lang.Thread.run(Thread.java:829)
Caused by: org.openqa.selenium.devtools.DevToolsException: {"id":2548,"error":{"code":-32602,"message":"Invalid InterceptionId."},"sessionId":"69DE6D1A85B5D627489871F60443E14A"}
Build info: version: '4.11.0', revision: '040bc5406b'
System info: os.name: 'Windows 10', os.arch: 'amd64', os.version: '10.0', java.version: '11.0.18'
Driver info: driver.version: unknown
	at org.openqa.selenium.devtools.Connection.sendAndWait(Connection.java:181)
	at org.openqa.selenium.devtools.DevTools.send(DevTools.java:81)
	at org.openqa.selenium.devtools.idealized.Network.lambda$prepareToInterceptTraffic$3(Network.java:211)
	at org.openqa.selenium.remote.http.Filter.lambda$andFinally$1(Filter.java:55)
	at org.openqa.selenium.devtools.idealized.Network.lambda$prepareToInterceptTraffic$4(Network.java:226)
	at org.openqa.selenium.devtools.Connection.lambda$handle$4(Connection.java:321)
	at java.base/java.util.stream.ForEachOps$ForEachOp$OfRef.accept(ForEachOps.java:183)
	at java.base/java.util.stream.ReferencePipeline$2$1.accept(ReferencePipeline.java:177)
	at java.base/java.util.stream.ReferencePipeline$11$1.accept(ReferencePipeline.java:442)
	at java.base/java.util.HashMap$KeySpliterator.forEachRemaining(HashMap.java:1621)
	at java.base/java.util.stream.AbstractPipeline.copyInto(AbstractPipeline.java:484)
	at java.base/java.util.stream.AbstractPipeline.wrapAndCopyInto(AbstractPipeline.java:474)
	at java.base/java.util.stream.ForEachOps$ForEachOp.evaluateSequential(ForEachOps.java:150)
	at java.base/java.util.stream.ForEachOps$ForEachOp$OfRef.evaluateSequential(ForEachOps.java:173)
	at java.base/java.util.stream.AbstractPipeline.evaluate(AbstractPipeline.java:234)
	at java.base/java.util.stream.ReferencePipeline.forEach(ReferencePipeline.java:497)
	at org.openqa.selenium.devtools.Connection.handle(Connection.java:287)
	at org.openqa.selenium.devtools.Connection.access$200(Connection.java:57)
	at org.openqa.selenium.devtools.Connection$Listener.lambda$onText$0(Connection.java:224)
	... 3 more
Caused by: org.openqa.selenium.WebDriverException: {"id":2548,"error":{"code":-32602,"message":"Invalid InterceptionId."},"sessionId":"69DE6D1A85B5D627489871F60443E14A"}
Build info: version: '4.11.0', revision: '040bc5406b'
System info: os.name: 'Windows 10', os.arch: 'amd64', os.version: '10.0', java.version: '11.0.18'
Driver info: driver.version: unknown
	at org.openqa.selenium.devtools.Connection.handle(Connection.java:260)
	... 5 more
авг. 16, 2023 4:23:19 PM org.openqa.selenium.devtools.Connection$Listener lambda$onText$0
WARNING: Unable to process: {"method":"Fetch.requestPaused","params":{"requestId":"interception-job-413.0","request":{"url":"http://localhost:8080/static/media/icon_ok_m_white.5987da79.svg","method":"GET","headers":{"Accept":"image/avif,image/webp,image/apng,image/svg+xml,image/*,*/*;q=0.8","Referer":"http://localhost:8080/static/css/2.7d875902.chunk.css","User-Agent":"Mozilla/5.0 (Windows NT 10.0; Win64; x64) AppleWebKit/537.36 (KHTML, like Gecko) Chrome/116.0.0.0 Safari/537.36","sec-ch-ua":"\"Chromium\";v=\"116\", \"Not)A;Brand\";v=\"24\", \"Google Chrome\";v=\"116\"","sec-ch-ua-mobile":"?0","sec-ch-ua-platform":"\"Windows\""},"initialPriority":"Low","referrerPolicy":"unsafe-url"},"frameId":"D165F02B89151667DFD1BF49856829E7","resourceType":"Image","responseStatusCode":200,"responseStatusText":"","responseHeaders":[{"name":"Vary","value":"Origin"},{"name":"Vary","value":"Access-Control-Request-Method"},{"name":"Vary","value":"Access-Control-Request-Headers"},{"name":"Last-Modified","value":"Thu, 03 Aug 2023 10:18:16 GMT"},{"name":"Accept-Ranges","value":"bytes"},{"name":"Content-Type","value":"image/svg+xml"},{"name":"Content-Length","value":"687"},{"name":"Date","value":"Wed, 16 Aug 2023 13:20:24 GMT"}]},"sessionId":"69DE6D1A85B5D627489871F60443E14A"}
org.openqa.selenium.devtools.DevToolsException: {"id":2559,"error":{"code":-32602,"message":"Invalid InterceptionId."},"sessionId":"69DE6D1A85B5D627489871F60443E14A"}
Build info: version: '4.11.0', revision: '040bc5406b'
System info: os.name: 'Windows 10', os.arch: 'amd64', os.version: '10.0', java.version: '11.0.18'
Driver info: driver.version: unknown
	at org.openqa.selenium.devtools.Connection.sendAndWait(Connection.java:181)
	at org.openqa.selenium.devtools.DevTools.send(DevTools.java:81)
	at org.openqa.selenium.devtools.idealized.Network.lambda$prepareToInterceptTraffic$4(Network.java:194)
	at org.openqa.selenium.devtools.Connection.lambda$handle$4(Connection.java:321)
	at java.base/java.util.stream.ForEachOps$ForEachOp$OfRef.accept(ForEachOps.java:183)
	at java.base/java.util.stream.ReferencePipeline$2$1.accept(ReferencePipeline.java:177)
	at java.base/java.util.stream.ReferencePipeline$11$1.accept(ReferencePipeline.java:442)
	at java.base/java.util.HashMap$KeySpliterator.forEachRemaining(HashMap.java:1621)
	at java.base/java.util.stream.AbstractPipeline.copyInto(AbstractPipeline.java:484)
	at java.base/java.util.stream.AbstractPipeline.wrapAndCopyInto(AbstractPipeline.java:474)
	at java.base/java.util.stream.ForEachOps$ForEachOp.evaluateSequential(ForEachOps.java:150)
	at java.base/java.util.stream.ForEachOps$ForEachOp$OfRef.evaluateSequential(ForEachOps.java:173)
	at java.base/java.util.stream.AbstractPipeline.evaluate(AbstractPipeline.java:234)
	at java.base/java.util.stream.ReferencePipeline.forEach(ReferencePipeline.java:497)
	at org.openqa.selenium.devtools.Connection.handle(Connection.java:287)
	at org.openqa.selenium.devtools.Connection.access$200(Connection.java:57)
	at org.openqa.selenium.devtools.Connection$Listener.lambda$onText$0(Connection.java:224)
	at java.base/java.util.concurrent.ThreadPoolExecutor.runWorker(ThreadPoolExecutor.java:1128)
	at java.base/java.util.concurrent.ThreadPoolExecutor$Worker.run(ThreadPoolExecutor.java:628)
	at java.base/java.lang.Thread.run(Thread.java:829)
Caused by: org.openqa.selenium.WebDriverException: {"id":2559,"error":{"code":-32602,"message":"Invalid InterceptionId."},"sessionId":"69DE6D1A85B5D627489871F60443E14A"}
Build info: version: '4.11.0', revision: '040bc5406b'
System info: os.name: 'Windows 10', os.arch: 'amd64', os.version: '10.0', java.version: '11.0.18'
Driver info: driver.version: unknown
	at org.openqa.selenium.devtools.Connection.handle(Connection.java:260)
	... 5 more

Exception in thread "CDP Connection" org.openqa.selenium.devtools.DevToolsException: {"id":2559,"error":{"code":-32602,"message":"Invalid InterceptionId."},"sessionId":"69DE6D1A85B5D627489871F60443E14A"}
Build info: version: '4.11.0', revision: '040bc5406b'
System info: os.name: 'Windows 10', os.arch: 'amd64', os.version: '10.0', java.version: '11.0.18'
Driver info: driver.version: unknown
	at org.openqa.selenium.devtools.Connection$Listener.lambda$onText$0(Connection.java:227)
	at java.base/java.util.concurrent.ThreadPoolExecutor.runWorker(ThreadPoolExecutor.java:1128)
	at java.base/java.util.concurrent.ThreadPoolExecutor$Worker.run(ThreadPoolExecutor.java:628)
	at java.base/java.lang.Thread.run(Thread.java:829)
Caused by: org.openqa.selenium.devtools.DevToolsException: {"id":2559,"error":{"code":-32602,"message":"Invalid InterceptionId."},"sessionId":"69DE6D1A85B5D627489871F60443E14A"}
Build info: version: '4.11.0', revision: '040bc5406b'
System info: os.name: 'Windows 10', os.arch: 'amd64', os.version: '10.0', java.version: '11.0.18'
Driver info: driver.version: unknown
	at org.openqa.selenium.devtools.Connection.sendAndWait(Connection.java:181)
	at org.openqa.selenium.devtools.DevTools.send(DevTools.java:81)
	at org.openqa.selenium.devtools.idealized.Network.lambda$prepareToInterceptTraffic$4(Network.java:194)
	at org.openqa.selenium.devtools.Connection.lambda$handle$4(Connection.java:321)
	at java.base/java.util.stream.ForEachOps$ForEachOp$OfRef.accept(ForEachOps.java:183)
	at java.base/java.util.stream.ReferencePipeline$2$1.accept(ReferencePipeline.java:177)
	at java.base/java.util.stream.ReferencePipeline$11$1.accept(ReferencePipeline.java:442)
	at java.base/java.util.HashMap$KeySpliterator.forEachRemaining(HashMap.java:1621)
	at java.base/java.util.stream.AbstractPipeline.copyInto(AbstractPipeline.java:484)
	at java.base/java.util.stream.AbstractPipeline.wrapAndCopyInto(AbstractPipeline.java:474)
	at java.base/java.util.stream.ForEachOps$ForEachOp.evaluateSequential(ForEachOps.java:150)
	at java.base/java.util.stream.ForEachOps$ForEachOp$OfRef.evaluateSequential(ForEachOps.java:173)
	at java.base/java.util.stream.AbstractPipeline.evaluate(AbstractPipeline.java:234)
	at java.base/java.util.stream.ReferencePipeline.forEach(ReferencePipeline.java:497)
	at org.openqa.selenium.devtools.Connection.handle(Connection.java:287)
	at org.openqa.selenium.devtools.Connection.access$200(Connection.java:57)
	at org.openqa.selenium.devtools.Connection$Listener.lambda$onText$0(Connection.java:224)
	... 3 more
Caused by: org.openqa.selenium.WebDriverException: {"id":2559,"error":{"code":-32602,"message":"Invalid InterceptionId."},"sessionId":"69DE6D1A85B5D627489871F60443E14A"}
Build info: version: '4.11.0', revision: '040bc5406b'
System info: os.name: 'Windows 10', os.arch: 'amd64', os.version: '10.0', java.version: '11.0.18'
Driver info: driver.version: unknown
	at org.openqa.selenium.devtools.Connection.handle(Connection.java:260)
	... 5 more
авг. 16, 2023 4:23:19 PM org.openqa.selenium.devtools.Connection$Listener lambda$onText$0
WARNING: Unable to process: {"method":"Fetch.requestPaused","params":{"requestId":"interception-job-414.0","request":{"url":"http://localhost:8080/static/media/icon_close_s_white.cd06f8fb.svg","method":"GET","headers":{"Accept":"image/avif,image/webp,image/apng,image/svg+xml,image/*,*/*;q=0.8","Referer":"http://localhost:8080/static/css/2.7d875902.chunk.css","User-Agent":"Mozilla/5.0 (Windows NT 10.0; Win64; x64) AppleWebKit/537.36 (KHTML, like Gecko) Chrome/116.0.0.0 Safari/537.36","sec-ch-ua":"\"Chromium\";v=\"116\", \"Not)A;Brand\";v=\"24\", \"Google Chrome\";v=\"116\"","sec-ch-ua-mobile":"?0","sec-ch-ua-platform":"\"Windows\""},"initialPriority":"Low","referrerPolicy":"unsafe-url"},"frameId":"D165F02B89151667DFD1BF49856829E7","resourceType":"Image","responseStatusCode":200,"responseStatusText":"","responseHeaders":[{"name":"Vary","value":"Origin"},{"name":"Vary","value":"Access-Control-Request-Method"},{"name":"Vary","value":"Access-Control-Request-Headers"},{"name":"Last-Modified","value":"Thu, 03 Aug 2023 10:18:16 GMT"},{"name":"Accept-Ranges","value":"bytes"},{"name":"Content-Type","value":"image/svg+xml"},{"name":"Content-Length","value":"247"},{"name":"Date","value":"Wed, 16 Aug 2023 13:20:24 GMT"}]},"sessionId":"69DE6D1A85B5D627489871F60443E14A"}
org.openqa.selenium.devtools.DevToolsException: {"id":2560,"error":{"code":-32602,"message":"Invalid InterceptionId."},"sessionId":"69DE6D1A85B5D627489871F60443E14A"}
Build info: version: '4.11.0', revision: '040bc5406b'
System info: os.name: 'Windows 10', os.arch: 'amd64', os.version: '10.0', java.version: '11.0.18'
Driver info: driver.version: unknown
	at org.openqa.selenium.devtools.Connection.sendAndWait(Connection.java:181)
	at org.openqa.selenium.devtools.DevTools.send(DevTools.java:81)
	at org.openqa.selenium.devtools.idealized.Network.lambda$prepareToInterceptTraffic$4(Network.java:194)
	at org.openqa.selenium.devtools.Connection.lambda$handle$4(Connection.java:321)
	at java.base/java.util.stream.ForEachOps$ForEachOp$OfRef.accept(ForEachOps.java:183)
	at java.base/java.util.stream.ReferencePipeline$2$1.accept(ReferencePipeline.java:177)
	at java.base/java.util.stream.ReferencePipeline$11$1.accept(ReferencePipeline.java:442)
	at java.base/java.util.HashMap$KeySpliterator.forEachRemaining(HashMap.java:1621)
	at java.base/java.util.stream.AbstractPipeline.copyInto(AbstractPipeline.java:484)
	at java.base/java.util.stream.AbstractPipeline.wrapAndCopyInto(AbstractPipeline.java:474)
	at java.base/java.util.stream.ForEachOps$ForEachOp.evaluateSequential(ForEachOps.java:150)
	at java.base/java.util.stream.ForEachOps$ForEachOp$OfRef.evaluateSequential(ForEachOps.java:173)
	at java.base/java.util.stream.AbstractPipeline.evaluate(AbstractPipeline.java:234)
	at java.base/java.util.stream.ReferencePipeline.forEach(ReferencePipeline.java:497)
	at org.openqa.selenium.devtools.Connection.handle(Connection.java:287)
	at org.openqa.selenium.devtools.Connection.access$200(Connection.java:57)
	at org.openqa.selenium.devtools.Connection$Listener.lambda$onText$0(Connection.java:224)
	at java.base/java.util.concurrent.ThreadPoolExecutor.runWorker(ThreadPoolExecutor.java:1128)
	at java.base/java.util.concurrent.ThreadPoolExecutor$Worker.run(ThreadPoolExecutor.java:628)
	at java.base/java.lang.Thread.run(Thread.java:829)
Caused by: org.openqa.selenium.WebDriverException: {"id":2560,"error":{"code":-32602,"message":"Invalid InterceptionId."},"sessionId":"69DE6D1A85B5D627489871F60443E14A"}
Build info: version: '4.11.0', revision: '040bc5406b'
System info: os.name: 'Windows 10', os.arch: 'amd64', os.version: '10.0', java.version: '11.0.18'
Driver info: driver.version: unknown
	at org.openqa.selenium.devtools.Connection.handle(Connection.java:260)
	... 5 more

Exception in thread "CDP Connection" org.openqa.selenium.devtools.DevToolsException: {"id":2560,"error":{"code":-32602,"message":"Invalid InterceptionId."},"sessionId":"69DE6D1A85B5D627489871F60443E14A"}
Build info: version: '4.11.0', revision: '040bc5406b'
System info: os.name: 'Windows 10', os.arch: 'amd64', os.version: '10.0', java.version: '11.0.18'
Driver info: driver.version: unknown
	at org.openqa.selenium.devtools.Connection$Listener.lambda$onText$0(Connection.java:227)
	at java.base/java.util.concurrent.ThreadPoolExecutor.runWorker(ThreadPoolExecutor.java:1128)
	at java.base/java.util.concurrent.ThreadPoolExecutor$Worker.run(ThreadPoolExecutor.java:628)
	at java.base/java.lang.Thread.run(Thread.java:829)
Caused by: org.openqa.selenium.devtools.DevToolsException: {"id":2560,"error":{"code":-32602,"message":"Invalid InterceptionId."},"sessionId":"69DE6D1A85B5D627489871F60443E14A"}
Build info: version: '4.11.0', revision: '040bc5406b'
System info: os.name: 'Windows 10', os.arch: 'amd64', os.version: '10.0', java.version: '11.0.18'
Driver info: driver.version: unknown
	at org.openqa.selenium.devtools.Connection.sendAndWait(Connection.java:181)
	at org.openqa.selenium.devtools.DevTools.send(DevTools.java:81)
	at org.openqa.selenium.devtools.idealized.Network.lambda$prepareToInterceptTraffic$4(Network.java:194)
	at org.openqa.selenium.devtools.Connection.lambda$handle$4(Connection.java:321)
	at java.base/java.util.stream.ForEachOps$ForEachOp$OfRef.accept(ForEachOps.java:183)
	at java.base/java.util.stream.ReferencePipeline$2$1.accept(ReferencePipeline.java:177)
	at java.base/java.util.stream.ReferencePipeline$11$1.accept(ReferencePipeline.java:442)
	at java.base/java.util.HashMap$KeySpliterator.forEachRemaining(HashMap.java:1621)
	at java.base/java.util.stream.AbstractPipeline.copyInto(AbstractPipeline.java:484)
	at java.base/java.util.stream.AbstractPipeline.wrapAndCopyInto(AbstractPipeline.java:474)
	at java.base/java.util.stream.ForEachOps$ForEachOp.evaluateSequential(ForEachOps.java:150)
	at java.base/java.util.stream.ForEachOps$ForEachOp$OfRef.evaluateSequential(ForEachOps.java:173)
	at java.base/java.util.stream.AbstractPipeline.evaluate(AbstractPipeline.java:234)
	at java.base/java.util.stream.ReferencePipeline.forEach(ReferencePipeline.java:497)
	at org.openqa.selenium.devtools.Connection.handle(Connection.java:287)
	at org.openqa.selenium.devtools.Connection.access$200(Connection.java:57)
	at org.openqa.selenium.devtools.Connection$Listener.lambda$onText$0(Connection.java:224)
	... 3 more
Caused by: org.openqa.selenium.WebDriverException: {"id":2560,"error":{"code":-32602,"message":"Invalid InterceptionId."},"sessionId":"69DE6D1A85B5D627489871F60443E14A"}
Build info: version: '4.11.0', revision: '040bc5406b'
System info: os.name: 'Windows 10', os.arch: 'amd64', os.version: '10.0', java.version: '11.0.18'
Driver info: driver.version: unknown
	at org.openqa.selenium.devtools.Connection.handle(Connection.java:260)
	... 5 more
авг. 16, 2023 4:23:19 PM org.openqa.selenium.devtools.Connection$Listener lambda$onText$0
WARNING: Unable to process: {"method":"Fetch.requestPaused","params":{"requestId":"interception-job-414.0","request":{"url":"http://localhost:8080/static/media/icon_close_s_white.cd06f8fb.svg","method":"GET","headers":{"Accept":"image/avif,image/webp,image/apng,image/svg+xml,image/*,*/*;q=0.8","Referer":"http://localhost:8080/static/css/2.7d875902.chunk.css","User-Agent":"Mozilla/5.0 (Windows NT 10.0; Win64; x64) AppleWebKit/537.36 (KHTML, like Gecko) Chrome/116.0.0.0 Safari/537.36","sec-ch-ua":"\"Chromium\";v=\"116\", \"Not)A;Brand\";v=\"24\", \"Google Chrome\";v=\"116\"","sec-ch-ua-mobile":"?0","sec-ch-ua-platform":"\"Windows\""},"initialPriority":"Low","referrerPolicy":"strict-origin-when-cross-origin"},"frameId":"D165F02B89151667DFD1BF49856829E7","resourceType":"Image"},"sessionId":"69DE6D1A85B5D627489871F60443E14A"}
org.openqa.selenium.devtools.DevToolsException: {"id":2563,"error":{"code":-32602,"message":"Invalid InterceptionId."},"sessionId":"69DE6D1A85B5D627489871F60443E14A"}
Build info: version: '4.11.0', revision: '040bc5406b'
System info: os.name: 'Windows 10', os.arch: 'amd64', os.version: '10.0', java.version: '11.0.18'
Driver info: driver.version: unknown
	at org.openqa.selenium.devtools.Connection.sendAndWait(Connection.java:181)
	at org.openqa.selenium.devtools.DevTools.send(DevTools.java:81)
	at org.openqa.selenium.devtools.idealized.Network.lambda$prepareToInterceptTraffic$3(Network.java:211)
	at org.openqa.selenium.remote.http.Filter.lambda$andFinally$1(Filter.java:55)
	at org.openqa.selenium.devtools.idealized.Network.lambda$prepareToInterceptTraffic$4(Network.java:226)
	at org.openqa.selenium.devtools.Connection.lambda$handle$4(Connection.java:321)
	at java.base/java.util.stream.ForEachOps$ForEachOp$OfRef.accept(ForEachOps.java:183)
	at java.base/java.util.stream.ReferencePipeline$2$1.accept(ReferencePipeline.java:177)
	at java.base/java.util.stream.ReferencePipeline$11$1.accept(ReferencePipeline.java:442)
	at java.base/java.util.HashMap$KeySpliterator.forEachRemaining(HashMap.java:1621)
	at java.base/java.util.stream.AbstractPipeline.copyInto(AbstractPipeline.java:484)
	at java.base/java.util.stream.AbstractPipeline.wrapAndCopyInto(AbstractPipeline.java:474)
	at java.base/java.util.stream.ForEachOps$ForEachOp.evaluateSequential(ForEachOps.java:150)
	at java.base/java.util.stream.ForEachOps$ForEachOp$OfRef.evaluateSequential(ForEachOps.java:173)
	at java.base/java.util.stream.AbstractPipeline.evaluate(AbstractPipeline.java:234)
	at java.base/java.util.stream.ReferencePipeline.forEach(ReferencePipeline.java:497)
	at org.openqa.selenium.devtools.Connection.handle(Connection.java:287)
	at org.openqa.selenium.devtools.Connection.access$200(Connection.java:57)
	at org.openqa.selenium.devtools.Connection$Listener.lambda$onText$0(Connection.java:224)
	at java.base/java.util.concurrent.ThreadPoolExecutor.runWorker(ThreadPoolExecutor.java:1128)
	at java.base/java.util.concurrent.ThreadPoolExecutor$Worker.run(ThreadPoolExecutor.java:628)
	at java.base/java.lang.Thread.run(Thread.java:829)
Caused by: org.openqa.selenium.WebDriverException: {"id":2563,"error":{"code":-32602,"message":"Invalid InterceptionId."},"sessionId":"69DE6D1A85B5D627489871F60443E14A"}
Build info: version: '4.11.0', revision: '040bc5406b'
System info: os.name: 'Windows 10', os.arch: 'amd64', os.version: '10.0', java.version: '11.0.18'
Driver info: driver.version: unknown
	at org.openqa.selenium.devtools.Connection.handle(Connection.java:260)
	... 5 more

Exception in thread "CDP Connection" org.openqa.selenium.devtools.DevToolsException: {"id":2563,"error":{"code":-32602,"message":"Invalid InterceptionId."},"sessionId":"69DE6D1A85B5D627489871F60443E14A"}
Build info: version: '4.11.0', revision: '040bc5406b'
System info: os.name: 'Windows 10', os.arch: 'amd64', os.version: '10.0', java.version: '11.0.18'
Driver info: driver.version: unknown
	at org.openqa.selenium.devtools.Connection$Listener.lambda$onText$0(Connection.java:227)
	at java.base/java.util.concurrent.ThreadPoolExecutor.runWorker(ThreadPoolExecutor.java:1128)
	at java.base/java.util.concurrent.ThreadPoolExecutor$Worker.run(ThreadPoolExecutor.java:628)
	at java.base/java.lang.Thread.run(Thread.java:829)
Caused by: org.openqa.selenium.devtools.DevToolsException: {"id":2563,"error":{"code":-32602,"message":"Invalid InterceptionId."},"sessionId":"69DE6D1A85B5D627489871F60443E14A"}
Build info: version: '4.11.0', revision: '040bc5406b'
System info: os.name: 'Windows 10', os.arch: 'amd64', os.version: '10.0', java.version: '11.0.18'
Driver info: driver.version: unknown
	at org.openqa.selenium.devtools.Connection.sendAndWait(Connection.java:181)
	at org.openqa.selenium.devtools.DevTools.send(DevTools.java:81)
	at org.openqa.selenium.devtools.idealized.Network.lambda$prepareToInterceptTraffic$3(Network.java:211)
	at org.openqa.selenium.remote.http.Filter.lambda$andFinally$1(Filter.java:55)
	at org.openqa.selenium.devtools.idealized.Network.lambda$prepareToInterceptTraffic$4(Network.java:226)
	at org.openqa.selenium.devtools.Connection.lambda$handle$4(Connection.java:321)
	at java.base/java.util.stream.ForEachOps$ForEachOp$OfRef.accept(ForEachOps.java:183)
	at java.base/java.util.stream.ReferencePipeline$2$1.accept(ReferencePipeline.java:177)
	at java.base/java.util.stream.ReferencePipeline$11$1.accept(ReferencePipeline.java:442)
	at java.base/java.util.HashMap$KeySpliterator.forEachRemaining(HashMap.java:1621)
	at java.base/java.util.stream.AbstractPipeline.copyInto(AbstractPipeline.java:484)
	at java.base/java.util.stream.AbstractPipeline.wrapAndCopyInto(AbstractPipeline.java:474)
	at java.base/java.util.stream.ForEachOps$ForEachOp.evaluateSequential(ForEachOps.java:150)
	at java.base/java.util.stream.ForEachOps$ForEachOp$OfRef.evaluateSequential(ForEachOps.java:173)
	at java.base/java.util.stream.AbstractPipeline.evaluate(AbstractPipeline.java:234)
	at java.base/java.util.stream.ReferencePipeline.forEach(ReferencePipeline.java:497)
	at org.openqa.selenium.devtools.Connection.handle(Connection.java:287)
	at org.openqa.selenium.devtools.Connection.access$200(Connection.java:57)
	at org.openqa.selenium.devtools.Connection$Listener.lambda$onText$0(Connection.java:224)
	... 3 more
Caused by: org.openqa.selenium.WebDriverException: {"id":2563,"error":{"code":-32602,"message":"Invalid InterceptionId."},"sessionId":"69DE6D1A85B5D627489871F60443E14A"}
Build info: version: '4.11.0', revision: '040bc5406b'
System info: os.name: 'Windows 10', os.arch: 'amd64', os.version: '10.0', java.version: '11.0.18'
Driver info: driver.version: unknown
	at org.openqa.selenium.devtools.Connection.handle(Connection.java:260)
	... 5 more
авг. 16, 2023 4:23:19 PM org.openqa.selenium.devtools.Connection$Listener lambda$onText$0
WARNING: Unable to process: {"method":"Fetch.requestPaused","params":{"requestId":"interception-job-413.0","request":{"url":"http://localhost:8080/static/media/icon_ok_m_white.5987da79.svg","method":"GET","headers":{"Accept":"image/avif,image/webp,image/apng,image/svg+xml,image/*,*/*;q=0.8","Referer":"http://localhost:8080/static/css/2.7d875902.chunk.css","User-Agent":"Mozilla/5.0 (Windows NT 10.0; Win64; x64) AppleWebKit/537.36 (KHTML, like Gecko) Chrome/116.0.0.0 Safari/537.36","sec-ch-ua":"\"Chromium\";v=\"116\", \"Not)A;Brand\";v=\"24\", \"Google Chrome\";v=\"116\"","sec-ch-ua-mobile":"?0","sec-ch-ua-platform":"\"Windows\""},"initialPriority":"Low","referrerPolicy":"strict-origin-when-cross-origin"},"frameId":"D165F02B89151667DFD1BF49856829E7","resourceType":"Image"},"sessionId":"69DE6D1A85B5D627489871F60443E14A"}
org.openqa.selenium.devtools.DevToolsException: {"id":2564,"error":{"code":-32602,"message":"Invalid InterceptionId."},"sessionId":"69DE6D1A85B5D627489871F60443E14A"}
Build info: version: '4.11.0', revision: '040bc5406b'
System info: os.name: 'Windows 10', os.arch: 'amd64', os.version: '10.0', java.version: '11.0.18'
Driver info: driver.version: unknown
	at org.openqa.selenium.devtools.Connection.sendAndWait(Connection.java:181)
	at org.openqa.selenium.devtools.DevTools.send(DevTools.java:81)
	at org.openqa.selenium.devtools.idealized.Network.lambda$prepareToInterceptTraffic$3(Network.java:211)
	at org.openqa.selenium.remote.http.Filter.lambda$andFinally$1(Filter.java:55)
	at org.openqa.selenium.devtools.idealized.Network.lambda$prepareToInterceptTraffic$4(Network.java:226)
	at org.openqa.selenium.devtools.Connection.lambda$handle$4(Connection.java:321)
	at java.base/java.util.stream.ForEachOps$ForEachOp$OfRef.accept(ForEachOps.java:183)
	at java.base/java.util.stream.ReferencePipeline$2$1.accept(ReferencePipeline.java:177)
	at java.base/java.util.stream.ReferencePipeline$11$1.accept(ReferencePipeline.java:442)
	at java.base/java.util.HashMap$KeySpliterator.forEachRemaining(HashMap.java:1621)
	at java.base/java.util.stream.AbstractPipeline.copyInto(AbstractPipeline.java:484)
	at java.base/java.util.stream.AbstractPipeline.wrapAndCopyInto(AbstractPipeline.java:474)
	at java.base/java.util.stream.ForEachOps$ForEachOp.evaluateSequential(ForEachOps.java:150)
	at java.base/java.util.stream.ForEachOps$ForEachOp$OfRef.evaluateSequential(ForEachOps.java:173)
	at java.base/java.util.stream.AbstractPipeline.evaluate(AbstractPipeline.java:234)
	at java.base/java.util.stream.ReferencePipeline.forEach(ReferencePipeline.java:497)
	at org.openqa.selenium.devtools.Connection.handle(Connection.java:287)
	at org.openqa.selenium.devtools.Connection.access$200(Connection.java:57)
	at org.openqa.selenium.devtools.Connection$Listener.lambda$onText$0(Connection.java:224)
	at java.base/java.util.concurrent.ThreadPoolExecutor.runWorker(ThreadPoolExecutor.java:1128)
	at java.base/java.util.concurrent.ThreadPoolExecutor$Worker.run(ThreadPoolExecutor.java:628)
	at java.base/java.lang.Thread.run(Thread.java:829)
Caused by: org.openqa.selenium.WebDriverException: {"id":2564,"error":{"code":-32602,"message":"Invalid InterceptionId."},"sessionId":"69DE6D1A85B5D627489871F60443E14A"}
Build info: version: '4.11.0', revision: '040bc5406b'
System info: os.name: 'Windows 10', os.arch: 'amd64', os.version: '10.0', java.version: '11.0.18'
Driver info: driver.version: unknown
	at org.openqa.selenium.devtools.Connection.handle(Connection.java:260)
	... 5 more

Exception in thread "CDP Connection" org.openqa.selenium.devtools.DevToolsException: {"id":2564,"error":{"code":-32602,"message":"Invalid InterceptionId."},"sessionId":"69DE6D1A85B5D627489871F60443E14A"}
Build info: version: '4.11.0', revision: '040bc5406b'
System info: os.name: 'Windows 10', os.arch: 'amd64', os.version: '10.0', java.version: '11.0.18'
Driver info: driver.version: unknown
	at org.openqa.selenium.devtools.Connection$Listener.lambda$onText$0(Connection.java:227)
	at java.base/java.util.concurrent.ThreadPoolExecutor.runWorker(ThreadPoolExecutor.java:1128)
	at java.base/java.util.concurrent.ThreadPoolExecutor$Worker.run(ThreadPoolExecutor.java:628)
	at java.base/java.lang.Thread.run(Thread.java:829)
Caused by: org.openqa.selenium.devtools.DevToolsException: {"id":2564,"error":{"code":-32602,"message":"Invalid InterceptionId."},"sessionId":"69DE6D1A85B5D627489871F60443E14A"}
Build info: version: '4.11.0', revision: '040bc5406b'
System info: os.name: 'Windows 10', os.arch: 'amd64', os.version: '10.0', java.version: '11.0.18'
Driver info: driver.version: unknown
	at org.openqa.selenium.devtools.Connection.sendAndWait(Connection.java:181)
	at org.openqa.selenium.devtools.DevTools.send(DevTools.java:81)
	at org.openqa.selenium.devtools.idealized.Network.lambda$prepareToInterceptTraffic$3(Network.java:211)
	at org.openqa.selenium.remote.http.Filter.lambda$andFinally$1(Filter.java:55)
	at org.openqa.selenium.devtools.idealized.Network.lambda$prepareToInterceptTraffic$4(Network.java:226)
	at org.openqa.selenium.devtools.Connection.lambda$handle$4(Connection.java:321)
	at java.base/java.util.stream.ForEachOps$ForEachOp$OfRef.accept(ForEachOps.java:183)
	at java.base/java.util.stream.ReferencePipeline$2$1.accept(ReferencePipeline.java:177)
	at java.base/java.util.stream.ReferencePipeline$11$1.accept(ReferencePipeline.java:442)
	at java.base/java.util.HashMap$KeySpliterator.forEachRemaining(HashMap.java:1621)
	at java.base/java.util.stream.AbstractPipeline.copyInto(AbstractPipeline.java:484)
	at java.base/java.util.stream.AbstractPipeline.wrapAndCopyInto(AbstractPipeline.java:474)
	at java.base/java.util.stream.ForEachOps$ForEachOp.evaluateSequential(ForEachOps.java:150)
	at java.base/java.util.stream.ForEachOps$ForEachOp$OfRef.evaluateSequential(ForEachOps.java:173)
	at java.base/java.util.stream.AbstractPipeline.evaluate(AbstractPipeline.java:234)
	at java.base/java.util.stream.ReferencePipeline.forEach(ReferencePipeline.java:497)
	at org.openqa.selenium.devtools.Connection.handle(Connection.java:287)
	at org.openqa.selenium.devtools.Connection.access$200(Connection.java:57)
	at org.openqa.selenium.devtools.Connection$Listener.lambda$onText$0(Connection.java:224)
	... 3 more
Caused by: org.openqa.selenium.WebDriverException: {"id":2564,"error":{"code":-32602,"message":"Invalid InterceptionId."},"sessionId":"69DE6D1A85B5D627489871F60443E14A"}
Build info: version: '4.11.0', revision: '040bc5406b'
System info: os.name: 'Windows 10', os.arch: 'amd64', os.version: '10.0', java.version: '11.0.18'
Driver info: driver.version: unknown
	at org.openqa.selenium.devtools.Connection.handle(Connection.java:260)
	... 5 more
авг. 16, 2023 4:23:19 PM org.openqa.selenium.devtools.Connection$Listener lambda$onText$0
WARNING: Unable to process: {"method":"Fetch.requestPaused","params":{"requestId":"interception-job-415.0","request":{"url":"http://localhost:8080/static/media/icon_error_m_white.143ec85a.svg","method":"GET","headers":{"Accept":"image/avif,image/webp,image/apng,image/svg+xml,image/*,*/*;q=0.8","Referer":"http://localhost:8080/static/css/2.7d875902.chunk.css","User-Agent":"Mozilla/5.0 (Windows NT 10.0; Win64; x64) AppleWebKit/537.36 (KHTML, like Gecko) Chrome/116.0.0.0 Safari/537.36","sec-ch-ua":"\"Chromium\";v=\"116\", \"Not)A;Brand\";v=\"24\", \"Google Chrome\";v=\"116\"","sec-ch-ua-mobile":"?0","sec-ch-ua-platform":"\"Windows\""},"initialPriority":"Low","referrerPolicy":"unsafe-url"},"frameId":"D165F02B89151667DFD1BF49856829E7","resourceType":"Image","responseStatusCode":200,"responseStatusText":"","responseHeaders":[{"name":"Vary","value":"Origin"},{"name":"Vary","value":"Access-Control-Request-Method"},{"name":"Vary","value":"Access-Control-Request-Headers"},{"name":"Last-Modified","value":"Thu, 03 Aug 2023 10:18:16 GMT"},{"name":"Accept-Ranges","value":"bytes"},{"name":"Content-Type","value":"image/svg+xml"},{"name":"Content-Length","value":"380"},{"name":"Date","value":"Wed, 16 Aug 2023 13:20:24 GMT"}]},"sessionId":"69DE6D1A85B5D627489871F60443E14A"}
org.openqa.selenium.devtools.DevToolsException: {"id":2565,"error":{"code":-32602,"message":"Invalid InterceptionId."},"sessionId":"69DE6D1A85B5D627489871F60443E14A"}
Build info: version: '4.11.0', revision: '040bc5406b'
System info: os.name: 'Windows 10', os.arch: 'amd64', os.version: '10.0', java.version: '11.0.18'
Driver info: driver.version: unknown
	at org.openqa.selenium.devtools.Connection.sendAndWait(Connection.java:181)
	at org.openqa.selenium.devtools.DevTools.send(DevTools.java:81)
	at org.openqa.selenium.devtools.idealized.Network.lambda$prepareToInterceptTraffic$4(Network.java:194)
	at org.openqa.selenium.devtools.Connection.lambda$handle$4(Connection.java:321)
	at java.base/java.util.stream.ForEachOps$ForEachOp$OfRef.accept(ForEachOps.java:183)
	at java.base/java.util.stream.ReferencePipeline$2$1.accept(ReferencePipeline.java:177)
	at java.base/java.util.stream.ReferencePipeline$11$1.accept(ReferencePipeline.java:442)
	at java.base/java.util.HashMap$KeySpliterator.forEachRemaining(HashMap.java:1621)
	at java.base/java.util.stream.AbstractPipeline.copyInto(AbstractPipeline.java:484)
	at java.base/java.util.stream.AbstractPipeline.wrapAndCopyInto(AbstractPipeline.java:474)
	at java.base/java.util.stream.ForEachOps$ForEachOp.evaluateSequential(ForEachOps.java:150)
	at java.base/java.util.stream.ForEachOps$ForEachOp$OfRef.evaluateSequential(ForEachOps.java:173)
	at java.base/java.util.stream.AbstractPipeline.evaluate(AbstractPipeline.java:234)
	at java.base/java.util.stream.ReferencePipeline.forEach(ReferencePipeline.java:497)
	at org.openqa.selenium.devtools.Connection.handle(Connection.java:287)
	at org.openqa.selenium.devtools.Connection.access$200(Connection.java:57)
	at org.openqa.selenium.devtools.Connection$Listener.lambda$onText$0(Connection.java:224)
	at java.base/java.util.concurrent.ThreadPoolExecutor.runWorker(ThreadPoolExecutor.java:1128)
	at java.base/java.util.concurrent.ThreadPoolExecutor$Worker.run(ThreadPoolExecutor.java:628)
	at java.base/java.lang.Thread.run(Thread.java:829)
Caused by: org.openqa.selenium.WebDriverException: {"id":2565,"error":{"code":-32602,"message":"Invalid InterceptionId."},"sessionId":"69DE6D1A85B5D627489871F60443E14A"}
Build info: version: '4.11.0', revision: '040bc5406b'
System info: os.name: 'Windows 10', os.arch: 'amd64', os.version: '10.0', java.version: '11.0.18'
Driver info: driver.version: unknown
	at org.openqa.selenium.devtools.Connection.handle(Connection.java:260)
	... 5 more

Exception in thread "CDP Connection" org.openqa.selenium.devtools.DevToolsException: {"id":2565,"error":{"code":-32602,"message":"Invalid InterceptionId."},"sessionId":"69DE6D1A85B5D627489871F60443E14A"}
Build info: version: '4.11.0', revision: '040bc5406b'
System info: os.name: 'Windows 10', os.arch: 'amd64', os.version: '10.0', java.version: '11.0.18'
Driver info: driver.version: unknown
	at org.openqa.selenium.devtools.Connection$Listener.lambda$onText$0(Connection.java:227)
	at java.base/java.util.concurrent.ThreadPoolExecutor.runWorker(ThreadPoolExecutor.java:1128)
	at java.base/java.util.concurrent.ThreadPoolExecutor$Worker.run(ThreadPoolExecutor.java:628)
	at java.base/java.lang.Thread.run(Thread.java:829)
Caused by: org.openqa.selenium.devtools.DevToolsException: {"id":2565,"error":{"code":-32602,"message":"Invalid InterceptionId."},"sessionId":"69DE6D1A85B5D627489871F60443E14A"}
Build info: version: '4.11.0', revision: '040bc5406b'
System info: os.name: 'Windows 10', os.arch: 'amd64', os.version: '10.0', java.version: '11.0.18'
Driver info: driver.version: unknown
	at org.openqa.selenium.devtools.Connection.sendAndWait(Connection.java:181)
	at org.openqa.selenium.devtools.DevTools.send(DevTools.java:81)
	at org.openqa.selenium.devtools.idealized.Network.lambda$prepareToInterceptTraffic$4(Network.java:194)
	at org.openqa.selenium.devtools.Connection.lambda$handle$4(Connection.java:321)
	at java.base/java.util.stream.ForEachOps$ForEachOp$OfRef.accept(ForEachOps.java:183)
	at java.base/java.util.stream.ReferencePipeline$2$1.accept(ReferencePipeline.java:177)
	at java.base/java.util.stream.ReferencePipeline$11$1.accept(ReferencePipeline.java:442)
	at java.base/java.util.HashMap$KeySpliterator.forEachRemaining(HashMap.java:1621)
	at java.base/java.util.stream.AbstractPipeline.copyInto(AbstractPipeline.java:484)
	at java.base/java.util.stream.AbstractPipeline.wrapAndCopyInto(AbstractPipeline.java:474)
	at java.base/java.util.stream.ForEachOps$ForEachOp.evaluateSequential(ForEachOps.java:150)
	at java.base/java.util.stream.ForEachOps$ForEachOp$OfRef.evaluateSequential(ForEachOps.java:173)
	at java.base/java.util.stream.AbstractPipeline.evaluate(AbstractPipeline.java:234)
	at java.base/java.util.stream.ReferencePipeline.forEach(ReferencePipeline.java:497)
	at org.openqa.selenium.devtools.Connection.handle(Connection.java:287)
	at org.openqa.selenium.devtools.Connection.access$200(Connection.java:57)
	at org.openqa.selenium.devtools.Connection$Listener.lambda$onText$0(Connection.java:224)
	... 3 more
Caused by: org.openqa.selenium.WebDriverException: {"id":2565,"error":{"code":-32602,"message":"Invalid InterceptionId."},"sessionId":"69DE6D1A85B5D627489871F60443E14A"}
Build info: version: '4.11.0', revision: '040bc5406b'
System info: os.name: 'Windows 10', os.arch: 'amd64', os.version: '10.0', java.version: '11.0.18'
Driver info: driver.version: unknown
	at org.openqa.selenium.devtools.Connection.handle(Connection.java:260)
	... 5 more
авг. 16, 2023 4:23:19 PM org.openqa.selenium.devtools.Connection$Listener lambda$onText$0
WARNING: Unable to process: {"method":"Fetch.requestPaused","params":{"requestId":"interception-job-415.0","request":{"url":"http://localhost:8080/static/media/icon_error_m_white.143ec85a.svg","method":"GET","headers":{"Accept":"image/avif,image/webp,image/apng,image/svg+xml,image/*,*/*;q=0.8","Referer":"http://localhost:8080/static/css/2.7d875902.chunk.css","User-Agent":"Mozilla/5.0 (Windows NT 10.0; Win64; x64) AppleWebKit/537.36 (KHTML, like Gecko) Chrome/116.0.0.0 Safari/537.36","sec-ch-ua":"\"Chromium\";v=\"116\", \"Not)A;Brand\";v=\"24\", \"Google Chrome\";v=\"116\"","sec-ch-ua-mobile":"?0","sec-ch-ua-platform":"\"Windows\""},"initialPriority":"Low","referrerPolicy":"strict-origin-when-cross-origin"},"frameId":"D165F02B89151667DFD1BF49856829E7","resourceType":"Image"},"sessionId":"69DE6D1A85B5D627489871F60443E14A"}
org.openqa.selenium.devtools.DevToolsException: {"id":2566,"error":{"code":-32602,"message":"Invalid InterceptionId."},"sessionId":"69DE6D1A85B5D627489871F60443E14A"}
Build info: version: '4.11.0', revision: '040bc5406b'
System info: os.name: 'Windows 10', os.arch: 'amd64', os.version: '10.0', java.version: '11.0.18'
Driver info: driver.version: unknown
	at org.openqa.selenium.devtools.Connection.sendAndWait(Connection.java:181)
	at org.openqa.selenium.devtools.DevTools.send(DevTools.java:81)
	at org.openqa.selenium.devtools.idealized.Network.lambda$prepareToInterceptTraffic$3(Network.java:211)
	at org.openqa.selenium.remote.http.Filter.lambda$andFinally$1(Filter.java:55)
	at org.openqa.selenium.devtools.idealized.Network.lambda$prepareToInterceptTraffic$4(Network.java:226)
	at org.openqa.selenium.devtools.Connection.lambda$handle$4(Connection.java:321)
	at java.base/java.util.stream.ForEachOps$ForEachOp$OfRef.accept(ForEachOps.java:183)
	at java.base/java.util.stream.ReferencePipeline$2$1.accept(ReferencePipeline.java:177)
	at java.base/java.util.stream.ReferencePipeline$11$1.accept(ReferencePipeline.java:442)
	at java.base/java.util.HashMap$KeySpliterator.forEachRemaining(HashMap.java:1621)
	at java.base/java.util.stream.AbstractPipeline.copyInto(AbstractPipeline.java:484)
	at java.base/java.util.stream.AbstractPipeline.wrapAndCopyInto(AbstractPipeline.java:474)
	at java.base/java.util.stream.ForEachOps$ForEachOp.evaluateSequential(ForEachOps.java:150)
	at java.base/java.util.stream.ForEachOps$ForEachOp$OfRef.evaluateSequential(ForEachOps.java:173)
	at java.base/java.util.stream.AbstractPipeline.evaluate(AbstractPipeline.java:234)
	at java.base/java.util.stream.ReferencePipeline.forEach(ReferencePipeline.java:497)
	at org.openqa.selenium.devtools.Connection.handle(Connection.java:287)
	at org.openqa.selenium.devtools.Connection.access$200(Connection.java:57)
	at org.openqa.selenium.devtools.Connection$Listener.lambda$onText$0(Connection.java:224)
	at java.base/java.util.concurrent.ThreadPoolExecutor.runWorker(ThreadPoolExecutor.java:1128)
	at java.base/java.util.concurrent.ThreadPoolExecutor$Worker.run(ThreadPoolExecutor.java:628)
	at java.base/java.lang.Thread.run(Thread.java:829)
Caused by: org.openqa.selenium.WebDriverException: {"id":2566,"error":{"code":-32602,"message":"Invalid InterceptionId."},"sessionId":"69DE6D1A85B5D627489871F60443E14A"}
Build info: version: '4.11.0', revision: '040bc5406b'
System info: os.name: 'Windows 10', os.arch: 'amd64', os.version: '10.0', java.version: '11.0.18'
Driver info: driver.version: unknown
	at org.openqa.selenium.devtools.Connection.handle(Connection.java:260)
	... 5 more

Exception in thread "CDP Connection" org.openqa.selenium.devtools.DevToolsException: {"id":2566,"error":{"code":-32602,"message":"Invalid InterceptionId."},"sessionId":"69DE6D1A85B5D627489871F60443E14A"}
Build info: version: '4.11.0', revision: '040bc5406b'
System info: os.name: 'Windows 10', os.arch: 'amd64', os.version: '10.0', java.version: '11.0.18'
Driver info: driver.version: unknown
	at org.openqa.selenium.devtools.Connection$Listener.lambda$onText$0(Connection.java:227)
	at java.base/java.util.concurrent.ThreadPoolExecutor.runWorker(ThreadPoolExecutor.java:1128)
	at java.base/java.util.concurrent.ThreadPoolExecutor$Worker.run(ThreadPoolExecutor.java:628)
	at java.base/java.lang.Thread.run(Thread.java:829)
Caused by: org.openqa.selenium.devtools.DevToolsException: {"id":2566,"error":{"code":-32602,"message":"Invalid InterceptionId."},"sessionId":"69DE6D1A85B5D627489871F60443E14A"}
Build info: version: '4.11.0', revision: '040bc5406b'
System info: os.name: 'Windows 10', os.arch: 'amd64', os.version: '10.0', java.version: '11.0.18'
Driver info: driver.version: unknown
	at org.openqa.selenium.devtools.Connection.sendAndWait(Connection.java:181)
	at org.openqa.selenium.devtools.DevTools.send(DevTools.java:81)
	at org.openqa.selenium.devtools.idealized.Network.lambda$prepareToInterceptTraffic$3(Network.java:211)
	at org.openqa.selenium.remote.http.Filter.lambda$andFinally$1(Filter.java:55)
	at org.openqa.selenium.devtools.idealized.Network.lambda$prepareToInterceptTraffic$4(Network.java:226)
	at org.openqa.selenium.devtools.Connection.lambda$handle$4(Connection.java:321)
	at java.base/java.util.stream.ForEachOps$ForEachOp$OfRef.accept(ForEachOps.java:183)
	at java.base/java.util.stream.ReferencePipeline$2$1.accept(ReferencePipeline.java:177)
	at java.base/java.util.stream.ReferencePipeline$11$1.accept(ReferencePipeline.java:442)
	at java.base/java.util.HashMap$KeySpliterator.forEachRemaining(HashMap.java:1621)
	at java.base/java.util.stream.AbstractPipeline.copyInto(AbstractPipeline.java:484)
	at java.base/java.util.stream.AbstractPipeline.wrapAndCopyInto(AbstractPipeline.java:474)
	at java.base/java.util.stream.ForEachOps$ForEachOp.evaluateSequential(ForEachOps.java:150)
	at java.base/java.util.stream.ForEachOps$ForEachOp$OfRef.evaluateSequential(ForEachOps.java:173)
	at java.base/java.util.stream.AbstractPipeline.evaluate(AbstractPipeline.java:234)
	at java.base/java.util.stream.ReferencePipeline.forEach(ReferencePipeline.java:497)
	at org.openqa.selenium.devtools.Connection.handle(Connection.java:287)
	at org.openqa.selenium.devtools.Connection.access$200(Connection.java:57)
	at org.openqa.selenium.devtools.Connection$Listener.lambda$onText$0(Connection.java:224)
	... 3 more
Caused by: org.openqa.selenium.WebDriverException: {"id":2566,"error":{"code":-32602,"message":"Invalid InterceptionId."},"sessionId":"69DE6D1A85B5D627489871F60443E14A"}
Build info: version: '4.11.0', revision: '040bc5406b'
System info: os.name: 'Windows 10', os.arch: 'amd64', os.version: '10.0', java.version: '11.0.18'
Driver info: driver.version: unknown
	at org.openqa.selenium.devtools.Connection.handle(Connection.java:260)
	... 5 more
авг. 16, 2023 4:23:21 PM org.openqa.selenium.devtools.Connection$Listener lambda$onText$0
WARNING: Unable to process: {"method":"Fetch.requestPaused","params":{"requestId":"interception-job-416.0","request":{"url":"http://localhost:8080/","method":"GET","headers":{"Accept":"text/html,application/xhtml+xml,application/xml;q=0.9,image/avif,image/webp,image/apng,*/*;q=0.8,application/signed-exchange;v=b3;q=0.7","Upgrade-Insecure-Requests":"1","User-Agent":"Mozilla/5.0 (Windows NT 10.0; Win64; x64) AppleWebKit/537.36 (KHTML, like Gecko) Chrome/116.0.0.0 Safari/537.36","sec-ch-ua":"\"Chromium\";v=\"116\", \"Not)A;Brand\";v=\"24\", \"Google Chrome\";v=\"116\"","sec-ch-ua-mobile":"?0","sec-ch-ua-platform":"\"Windows\""},"initialPriority":"VeryHigh","referrerPolicy":"strict-origin-when-cross-origin"},"frameId":"D165F02B89151667DFD1BF49856829E7","resourceType":"Document","responseStatusCode":200,"responseStatusText":"","responseHeaders":[{"name":"Vary","value":"Origin"},{"name":"Vary","value":"Access-Control-Request-Method"},{"name":"Vary","value":"Access-Control-Request-Headers"},{"name":"Last-Modified","value":"Thu, 03 Aug 2023 10:18:16 GMT"},{"name":"Date","value":"Wed, 16 Aug 2023 13:23:21 GMT"},{"name":"Accept-Ranges","value":"bytes"},{"name":"Content-Type","value":"text/html"},{"name":"Content-Language","value":"ru-RU"},{"name":"Content-Length","value":"2308"}]},"sessionId":"69DE6D1A85B5D627489871F60443E14A"}
org.openqa.selenium.devtools.DevToolsException: {"id":2573,"error":{"code":-32602,"message":"Invalid InterceptionId."},"sessionId":"69DE6D1A85B5D627489871F60443E14A"}
Build info: version: '4.11.0', revision: '040bc5406b'
System info: os.name: 'Windows 10', os.arch: 'amd64', os.version: '10.0', java.version: '11.0.18'
Driver info: driver.version: unknown
	at org.openqa.selenium.devtools.Connection.sendAndWait(Connection.java:181)
	at org.openqa.selenium.devtools.DevTools.send(DevTools.java:81)
	at org.openqa.selenium.devtools.idealized.Network.lambda$prepareToInterceptTraffic$4(Network.java:194)
	at org.openqa.selenium.devtools.Connection.lambda$handle$4(Connection.java:321)
	at java.base/java.util.stream.ForEachOps$ForEachOp$OfRef.accept(ForEachOps.java:183)
	at java.base/java.util.stream.ReferencePipeline$2$1.accept(ReferencePipeline.java:177)
	at java.base/java.util.stream.ReferencePipeline$11$1.accept(ReferencePipeline.java:442)
	at java.base/java.util.HashMap$KeySpliterator.forEachRemaining(HashMap.java:1621)
	at java.base/java.util.stream.AbstractPipeline.copyInto(AbstractPipeline.java:484)
	at java.base/java.util.stream.AbstractPipeline.wrapAndCopyInto(AbstractPipeline.java:474)
	at java.base/java.util.stream.ForEachOps$ForEachOp.evaluateSequential(ForEachOps.java:150)
	at java.base/java.util.stream.ForEachOps$ForEachOp$OfRef.evaluateSequential(ForEachOps.java:173)
	at java.base/java.util.stream.AbstractPipeline.evaluate(AbstractPipeline.java:234)
	at java.base/java.util.stream.ReferencePipeline.forEach(ReferencePipeline.java:497)
	at org.openqa.selenium.devtools.Connection.handle(Connection.java:287)
	at org.openqa.selenium.devtools.Connection.access$200(Connection.java:57)
	at org.openqa.selenium.devtools.Connection$Listener.lambda$onText$0(Connection.java:224)
	at java.base/java.util.concurrent.ThreadPoolExecutor.runWorker(ThreadPoolExecutor.java:1128)
	at java.base/java.util.concurrent.ThreadPoolExecutor$Worker.run(ThreadPoolExecutor.java:628)
	at java.base/java.lang.Thread.run(Thread.java:829)
Caused by: org.openqa.selenium.WebDriverException: {"id":2573,"error":{"code":-32602,"message":"Invalid InterceptionId."},"sessionId":"69DE6D1A85B5D627489871F60443E14A"}
Build info: version: '4.11.0', revision: '040bc5406b'
System info: os.name: 'Windows 10', os.arch: 'amd64', os.version: '10.0', java.version: '11.0.18'
Driver info: driver.version: unknown
	at org.openqa.selenium.devtools.Connection.handle(Connection.java:260)
	... 5 more

Exception in thread "CDP Connection" org.openqa.selenium.devtools.DevToolsException: {"id":2573,"error":{"code":-32602,"message":"Invalid InterceptionId."},"sessionId":"69DE6D1A85B5D627489871F60443E14A"}
Build info: version: '4.11.0', revision: '040bc5406b'
System info: os.name: 'Windows 10', os.arch: 'amd64', os.version: '10.0', java.version: '11.0.18'
Driver info: driver.version: unknown
	at org.openqa.selenium.devtools.Connection$Listener.lambda$onText$0(Connection.java:227)
	at java.base/java.util.concurrent.ThreadPoolExecutor.runWorker(ThreadPoolExecutor.java:1128)
	at java.base/java.util.concurrent.ThreadPoolExecutor$Worker.run(ThreadPoolExecutor.java:628)
	at java.base/java.lang.Thread.run(Thread.java:829)
Caused by: org.openqa.selenium.devtools.DevToolsException: {"id":2573,"error":{"code":-32602,"message":"Invalid InterceptionId."},"sessionId":"69DE6D1A85B5D627489871F60443E14A"}
Build info: version: '4.11.0', revision: '040bc5406b'
System info: os.name: 'Windows 10', os.arch: 'amd64', os.version: '10.0', java.version: '11.0.18'
Driver info: driver.version: unknown
	at org.openqa.selenium.devtools.Connection.sendAndWait(Connection.java:181)
	at org.openqa.selenium.devtools.DevTools.send(DevTools.java:81)
	at org.openqa.selenium.devtools.idealized.Network.lambda$prepareToInterceptTraffic$4(Network.java:194)
	at org.openqa.selenium.devtools.Connection.lambda$handle$4(Connection.java:321)
	at java.base/java.util.stream.ForEachOps$ForEachOp$OfRef.accept(ForEachOps.java:183)
	at java.base/java.util.stream.ReferencePipeline$2$1.accept(ReferencePipeline.java:177)
	at java.base/java.util.stream.ReferencePipeline$11$1.accept(ReferencePipeline.java:442)
	at java.base/java.util.HashMap$KeySpliterator.forEachRemaining(HashMap.java:1621)
	at java.base/java.util.stream.AbstractPipeline.copyInto(AbstractPipeline.java:484)
	at java.base/java.util.stream.AbstractPipeline.wrapAndCopyInto(AbstractPipeline.java:474)
	at java.base/java.util.stream.ForEachOps$ForEachOp.evaluateSequential(ForEachOps.java:150)
	at java.base/java.util.stream.ForEachOps$ForEachOp$OfRef.evaluateSequential(ForEachOps.java:173)
	at java.base/java.util.stream.AbstractPipeline.evaluate(AbstractPipeline.java:234)
	at java.base/java.util.stream.ReferencePipeline.forEach(ReferencePipeline.java:497)
	at org.openqa.selenium.devtools.Connection.handle(Connection.java:287)
	at org.openqa.selenium.devtools.Connection.access$200(Connection.java:57)
	at org.openqa.selenium.devtools.Connection$Listener.lambda$onText$0(Connection.java:224)
	... 3 more
Caused by: org.openqa.selenium.WebDriverException: {"id":2573,"error":{"code":-32602,"message":"Invalid InterceptionId."},"sessionId":"69DE6D1A85B5D627489871F60443E14A"}
Build info: version: '4.11.0', revision: '040bc5406b'
System info: os.name: 'Windows 10', os.arch: 'amd64', os.version: '10.0', java.version: '11.0.18'
Driver info: driver.version: unknown
	at org.openqa.selenium.devtools.Connection.handle(Connection.java:260)
	... 5 more
авг. 16, 2023 4:23:21 PM org.openqa.selenium.devtools.Connection$Listener lambda$onText$0
WARNING: Unable to process: {"method":"Fetch.requestPaused","params":{"requestId":"interception-job-416.0","request":{"url":"http://localhost:8080/","method":"GET","headers":{"Accept":"text/html,application/xhtml+xml,application/xml;q=0.9,image/avif,image/webp,image/apng,*/*;q=0.8,application/signed-exchange;v=b3;q=0.7","Upgrade-Insecure-Requests":"1","User-Agent":"Mozilla/5.0 (Windows NT 10.0; Win64; x64) AppleWebKit/537.36 (KHTML, like Gecko) Chrome/116.0.0.0 Safari/537.36","sec-ch-ua":"\"Chromium\";v=\"116\", \"Not)A;Brand\";v=\"24\", \"Google Chrome\";v=\"116\"","sec-ch-ua-mobile":"?0","sec-ch-ua-platform":"\"Windows\""},"initialPriority":"VeryHigh","referrerPolicy":"strict-origin-when-cross-origin"},"frameId":"D165F02B89151667DFD1BF49856829E7","resourceType":"Document"},"sessionId":"69DE6D1A85B5D627489871F60443E14A"}
org.openqa.selenium.devtools.DevToolsException: {"id":2574,"error":{"code":-32602,"message":"Invalid InterceptionId."},"sessionId":"69DE6D1A85B5D627489871F60443E14A"}
Build info: version: '4.11.0', revision: '040bc5406b'
System info: os.name: 'Windows 10', os.arch: 'amd64', os.version: '10.0', java.version: '11.0.18'
Driver info: driver.version: unknown
	at org.openqa.selenium.devtools.Connection.sendAndWait(Connection.java:181)
	at org.openqa.selenium.devtools.DevTools.send(DevTools.java:81)
	at org.openqa.selenium.devtools.idealized.Network.lambda$prepareToInterceptTraffic$3(Network.java:211)
	at org.openqa.selenium.remote.http.Filter.lambda$andFinally$1(Filter.java:55)
	at org.openqa.selenium.devtools.idealized.Network.lambda$prepareToInterceptTraffic$4(Network.java:226)
	at org.openqa.selenium.devtools.Connection.lambda$handle$4(Connection.java:321)
	at java.base/java.util.stream.ForEachOps$ForEachOp$OfRef.accept(ForEachOps.java:183)
	at java.base/java.util.stream.ReferencePipeline$2$1.accept(ReferencePipeline.java:177)
	at java.base/java.util.stream.ReferencePipeline$11$1.accept(ReferencePipeline.java:442)
	at java.base/java.util.HashMap$KeySpliterator.forEachRemaining(HashMap.java:1621)
	at java.base/java.util.stream.AbstractPipeline.copyInto(AbstractPipeline.java:484)
	at java.base/java.util.stream.AbstractPipeline.wrapAndCopyInto(AbstractPipeline.java:474)
	at java.base/java.util.stream.ForEachOps$ForEachOp.evaluateSequential(ForEachOps.java:150)
	at java.base/java.util.stream.ForEachOps$ForEachOp$OfRef.evaluateSequential(ForEachOps.java:173)
	at java.base/java.util.stream.AbstractPipeline.evaluate(AbstractPipeline.java:234)
	at java.base/java.util.stream.ReferencePipeline.forEach(ReferencePipeline.java:497)
	at org.openqa.selenium.devtools.Connection.handle(Connection.java:287)
	at org.openqa.selenium.devtools.Connection.access$200(Connection.java:57)
	at org.openqa.selenium.devtools.Connection$Listener.lambda$onText$0(Connection.java:224)
	at java.base/java.util.concurrent.ThreadPoolExecutor.runWorker(ThreadPoolExecutor.java:1128)
	at java.base/java.util.concurrent.ThreadPoolExecutor$Worker.run(ThreadPoolExecutor.java:628)
	at java.base/java.lang.Thread.run(Thread.java:829)
Caused by: org.openqa.selenium.WebDriverException: {"id":2574,"error":{"code":-32602,"message":"Invalid InterceptionId."},"sessionId":"69DE6D1A85B5D627489871F60443E14A"}
Build info: version: '4.11.0', revision: '040bc5406b'
System info: os.name: 'Windows 10', os.arch: 'amd64', os.version: '10.0', java.version: '11.0.18'
Driver info: driver.version: unknown
	at org.openqa.selenium.devtools.Connection.handle(Connection.java:260)
	... 5 more

Exception in thread "CDP Connection" org.openqa.selenium.devtools.DevToolsException: {"id":2574,"error":{"code":-32602,"message":"Invalid InterceptionId."},"sessionId":"69DE6D1A85B5D627489871F60443E14A"}
Build info: version: '4.11.0', revision: '040bc5406b'
System info: os.name: 'Windows 10', os.arch: 'amd64', os.version: '10.0', java.version: '11.0.18'
Driver info: driver.version: unknown
	at org.openqa.selenium.devtools.Connection$Listener.lambda$onText$0(Connection.java:227)
	at java.base/java.util.concurrent.ThreadPoolExecutor.runWorker(ThreadPoolExecutor.java:1128)
	at java.base/java.util.concurrent.ThreadPoolExecutor$Worker.run(ThreadPoolExecutor.java:628)
	at java.base/java.lang.Thread.run(Thread.java:829)
Caused by: org.openqa.selenium.devtools.DevToolsException: {"id":2574,"error":{"code":-32602,"message":"Invalid InterceptionId."},"sessionId":"69DE6D1A85B5D627489871F60443E14A"}
Build info: version: '4.11.0', revision: '040bc5406b'
System info: os.name: 'Windows 10', os.arch: 'amd64', os.version: '10.0', java.version: '11.0.18'
Driver info: driver.version: unknown
	at org.openqa.selenium.devtools.Connection.sendAndWait(Connection.java:181)
	at org.openqa.selenium.devtools.DevTools.send(DevTools.java:81)
	at org.openqa.selenium.devtools.idealized.Network.lambda$prepareToInterceptTraffic$3(Network.java:211)
	at org.openqa.selenium.remote.http.Filter.lambda$andFinally$1(Filter.java:55)
	at org.openqa.selenium.devtools.idealized.Network.lambda$prepareToInterceptTraffic$4(Network.java:226)
	at org.openqa.selenium.devtools.Connection.lambda$handle$4(Connection.java:321)
	at java.base/java.util.stream.ForEachOps$ForEachOp$OfRef.accept(ForEachOps.java:183)
	at java.base/java.util.stream.ReferencePipeline$2$1.accept(ReferencePipeline.java:177)
	at java.base/java.util.stream.ReferencePipeline$11$1.accept(ReferencePipeline.java:442)
	at java.base/java.util.HashMap$KeySpliterator.forEachRemaining(HashMap.java:1621)
	at java.base/java.util.stream.AbstractPipeline.copyInto(AbstractPipeline.java:484)
	at java.base/java.util.stream.AbstractPipeline.wrapAndCopyInto(AbstractPipeline.java:474)
	at java.base/java.util.stream.ForEachOps$ForEachOp.evaluateSequential(ForEachOps.java:150)
	at java.base/java.util.stream.ForEachOps$ForEachOp$OfRef.evaluateSequential(ForEachOps.java:173)
	at java.base/java.util.stream.AbstractPipeline.evaluate(AbstractPipeline.java:234)
	at java.base/java.util.stream.ReferencePipeline.forEach(ReferencePipeline.java:497)
	at org.openqa.selenium.devtools.Connection.handle(Connection.java:287)
	at org.openqa.selenium.devtools.Connection.access$200(Connection.java:57)
	at org.openqa.selenium.devtools.Connection$Listener.lambda$onText$0(Connection.java:224)
	... 3 more
Caused by: org.openqa.selenium.WebDriverException: {"id":2574,"error":{"code":-32602,"message":"Invalid InterceptionId."},"sessionId":"69DE6D1A85B5D627489871F60443E14A"}
Build info: version: '4.11.0', revision: '040bc5406b'
System info: os.name: 'Windows 10', os.arch: 'amd64', os.version: '10.0', java.version: '11.0.18'
Driver info: driver.version: unknown
	at org.openqa.selenium.devtools.Connection.handle(Connection.java:260)
	... 5 more
авг. 16, 2023 4:23:21 PM org.openqa.selenium.devtools.Connection$Listener lambda$onText$0
WARNING: Unable to process: {"method":"Fetch.requestPaused","params":{"requestId":"interception-job-418.0","request":{"url":"http://localhost:8080/static/css/main.8978894b.chunk.css","method":"GET","headers":{"Accept":"text/css,*/*;q=0.1","Referer":"http://localhost:8080/","User-Agent":"Mozilla/5.0 (Windows NT 10.0; Win64; x64) AppleWebKit/537.36 (KHTML, like Gecko) Chrome/116.0.0.0 Safari/537.36","sec-ch-ua":"\"Chromium\";v=\"116\", \"Not)A;Brand\";v=\"24\", \"Google Chrome\";v=\"116\"","sec-ch-ua-mobile":"?0","sec-ch-ua-platform":"\"Windows\""},"initialPriority":"VeryHigh","referrerPolicy":"unsafe-url"},"frameId":"D165F02B89151667DFD1BF49856829E7","resourceType":"Stylesheet","responseStatusCode":200,"responseStatusText":"","responseHeaders":[{"name":"Vary","value":"Origin"},{"name":"Vary","value":"Access-Control-Request-Method"},{"name":"Vary","value":"Access-Control-Request-Headers"},{"name":"Last-Modified","value":"Thu, 03 Aug 2023 10:18:16 GMT"},{"name":"Accept-Ranges","value":"bytes"},{"name":"Content-Type","value":"text/css"},{"name":"Content-Length","value":"700"},{"name":"Date","value":"Wed, 16 Aug 2023 13:20:22 GMT"}]},"sessionId":"69DE6D1A85B5D627489871F60443E14A"}
org.openqa.selenium.devtools.DevToolsException: {"id":2587,"error":{"code":-32602,"message":"Invalid InterceptionId."},"sessionId":"69DE6D1A85B5D627489871F60443E14A"}
Build info: version: '4.11.0', revision: '040bc5406b'
System info: os.name: 'Windows 10', os.arch: 'amd64', os.version: '10.0', java.version: '11.0.18'
Driver info: driver.version: unknown
	at org.openqa.selenium.devtools.Connection.sendAndWait(Connection.java:181)
	at org.openqa.selenium.devtools.DevTools.send(DevTools.java:81)
	at org.openqa.selenium.devtools.idealized.Network.lambda$prepareToInterceptTraffic$4(Network.java:194)
	at org.openqa.selenium.devtools.Connection.lambda$handle$4(Connection.java:321)
	at java.base/java.util.stream.ForEachOps$ForEachOp$OfRef.accept(ForEachOps.java:183)
	at java.base/java.util.stream.ReferencePipeline$2$1.accept(ReferencePipeline.java:177)
	at java.base/java.util.stream.ReferencePipeline$11$1.accept(ReferencePipeline.java:442)
	at java.base/java.util.HashMap$KeySpliterator.forEachRemaining(HashMap.java:1621)
	at java.base/java.util.stream.AbstractPipeline.copyInto(AbstractPipeline.java:484)
	at java.base/java.util.stream.AbstractPipeline.wrapAndCopyInto(AbstractPipeline.java:474)
	at java.base/java.util.stream.ForEachOps$ForEachOp.evaluateSequential(ForEachOps.java:150)
	at java.base/java.util.stream.ForEachOps$ForEachOp$OfRef.evaluateSequential(ForEachOps.java:173)
	at java.base/java.util.stream.AbstractPipeline.evaluate(AbstractPipeline.java:234)
	at java.base/java.util.stream.ReferencePipeline.forEach(ReferencePipeline.java:497)
	at org.openqa.selenium.devtools.Connection.handle(Connection.java:287)
	at org.openqa.selenium.devtools.Connection.access$200(Connection.java:57)
	at org.openqa.selenium.devtools.Connection$Listener.lambda$onText$0(Connection.java:224)
	at java.base/java.util.concurrent.ThreadPoolExecutor.runWorker(ThreadPoolExecutor.java:1128)
	at java.base/java.util.concurrent.ThreadPoolExecutor$Worker.run(ThreadPoolExecutor.java:628)
	at java.base/java.lang.Thread.run(Thread.java:829)
Caused by: org.openqa.selenium.WebDriverException: {"id":2587,"error":{"code":-32602,"message":"Invalid InterceptionId."},"sessionId":"69DE6D1A85B5D627489871F60443E14A"}
Build info: version: '4.11.0', revision: '040bc5406b'
System info: os.name: 'Windows 10', os.arch: 'amd64', os.version: '10.0', java.version: '11.0.18'
Driver info: driver.version: unknown
	at org.openqa.selenium.devtools.Connection.handle(Connection.java:260)
	... 5 more

Exception in thread "CDP Connection" org.openqa.selenium.devtools.DevToolsException: {"id":2587,"error":{"code":-32602,"message":"Invalid InterceptionId."},"sessionId":"69DE6D1A85B5D627489871F60443E14A"}
Build info: version: '4.11.0', revision: '040bc5406b'
System info: os.name: 'Windows 10', os.arch: 'amd64', os.version: '10.0', java.version: '11.0.18'
Driver info: driver.version: unknown
	at org.openqa.selenium.devtools.Connection$Listener.lambda$onText$0(Connection.java:227)
	at java.base/java.util.concurrent.ThreadPoolExecutor.runWorker(ThreadPoolExecutor.java:1128)
	at java.base/java.util.concurrent.ThreadPoolExecutor$Worker.run(ThreadPoolExecutor.java:628)
	at java.base/java.lang.Thread.run(Thread.java:829)
Caused by: org.openqa.selenium.devtools.DevToolsException: {"id":2587,"error":{"code":-32602,"message":"Invalid InterceptionId."},"sessionId":"69DE6D1A85B5D627489871F60443E14A"}
Build info: version: '4.11.0', revision: '040bc5406b'
System info: os.name: 'Windows 10', os.arch: 'amd64', os.version: '10.0', java.version: '11.0.18'
Driver info: driver.version: unknown
	at org.openqa.selenium.devtools.Connection.sendAndWait(Connection.java:181)
	at org.openqa.selenium.devtools.DevTools.send(DevTools.java:81)
	at org.openqa.selenium.devtools.idealized.Network.lambda$prepareToInterceptTraffic$4(Network.java:194)
	at org.openqa.selenium.devtools.Connection.lambda$handle$4(Connection.java:321)
	at java.base/java.util.stream.ForEachOps$ForEachOp$OfRef.accept(ForEachOps.java:183)
	at java.base/java.util.stream.ReferencePipeline$2$1.accept(ReferencePipeline.java:177)
	at java.base/java.util.stream.ReferencePipeline$11$1.accept(ReferencePipeline.java:442)
	at java.base/java.util.HashMap$KeySpliterator.forEachRemaining(HashMap.java:1621)
	at java.base/java.util.stream.AbstractPipeline.copyInto(AbstractPipeline.java:484)
	at java.base/java.util.stream.AbstractPipeline.wrapAndCopyInto(AbstractPipeline.java:474)
	at java.base/java.util.stream.ForEachOps$ForEachOp.evaluateSequential(ForEachOps.java:150)
	at java.base/java.util.stream.ForEachOps$ForEachOp$OfRef.evaluateSequential(ForEachOps.java:173)
	at java.base/java.util.stream.AbstractPipeline.evaluate(AbstractPipeline.java:234)
	at java.base/java.util.stream.ReferencePipeline.forEach(ReferencePipeline.java:497)
	at org.openqa.selenium.devtools.Connection.handle(Connection.java:287)
	at org.openqa.selenium.devtools.Connection.access$200(Connection.java:57)
	at org.openqa.selenium.devtools.Connection$Listener.lambda$onText$0(Connection.java:224)
	... 3 more
Caused by: org.openqa.selenium.WebDriverException: {"id":2587,"error":{"code":-32602,"message":"Invalid InterceptionId."},"sessionId":"69DE6D1A85B5D627489871F60443E14A"}
Build info: version: '4.11.0', revision: '040bc5406b'
System info: os.name: 'Windows 10', os.arch: 'amd64', os.version: '10.0', java.version: '11.0.18'
Driver info: driver.version: unknown
	at org.openqa.selenium.devtools.Connection.handle(Connection.java:260)
	... 5 more
авг. 16, 2023 4:23:21 PM org.openqa.selenium.devtools.Connection$Listener lambda$onText$0
WARNING: Unable to process: {"method":"Fetch.requestPaused","params":{"requestId":"interception-job-418.0","request":{"url":"http://localhost:8080/static/css/main.8978894b.chunk.css","method":"GET","headers":{"Accept":"text/css,*/*;q=0.1","Referer":"http://localhost:8080/","User-Agent":"Mozilla/5.0 (Windows NT 10.0; Win64; x64) AppleWebKit/537.36 (KHTML, like Gecko) Chrome/116.0.0.0 Safari/537.36","sec-ch-ua":"\"Chromium\";v=\"116\", \"Not)A;Brand\";v=\"24\", \"Google Chrome\";v=\"116\"","sec-ch-ua-mobile":"?0","sec-ch-ua-platform":"\"Windows\""},"initialPriority":"VeryHigh","referrerPolicy":"strict-origin-when-cross-origin"},"frameId":"D165F02B89151667DFD1BF49856829E7","resourceType":"Stylesheet"},"sessionId":"69DE6D1A85B5D627489871F60443E14A"}
org.openqa.selenium.devtools.DevToolsException: {"id":2588,"error":{"code":-32602,"message":"Invalid InterceptionId."},"sessionId":"69DE6D1A85B5D627489871F60443E14A"}
Build info: version: '4.11.0', revision: '040bc5406b'
System info: os.name: 'Windows 10', os.arch: 'amd64', os.version: '10.0', java.version: '11.0.18'
Driver info: driver.version: unknown
	at org.openqa.selenium.devtools.Connection.sendAndWait(Connection.java:181)
	at org.openqa.selenium.devtools.DevTools.send(DevTools.java:81)
	at org.openqa.selenium.devtools.idealized.Network.lambda$prepareToInterceptTraffic$3(Network.java:211)
	at org.openqa.selenium.remote.http.Filter.lambda$andFinally$1(Filter.java:55)
	at org.openqa.selenium.devtools.idealized.Network.lambda$prepareToInterceptTraffic$4(Network.java:226)
	at org.openqa.selenium.devtools.Connection.lambda$handle$4(Connection.java:321)
	at java.base/java.util.stream.ForEachOps$ForEachOp$OfRef.accept(ForEachOps.java:183)
	at java.base/java.util.stream.ReferencePipeline$2$1.accept(ReferencePipeline.java:177)
	at java.base/java.util.stream.ReferencePipeline$11$1.accept(ReferencePipeline.java:442)
	at java.base/java.util.HashMap$KeySpliterator.forEachRemaining(HashMap.java:1621)
	at java.base/java.util.stream.AbstractPipeline.copyInto(AbstractPipeline.java:484)
	at java.base/java.util.stream.AbstractPipeline.wrapAndCopyInto(AbstractPipeline.java:474)
	at java.base/java.util.stream.ForEachOps$ForEachOp.evaluateSequential(ForEachOps.java:150)
	at java.base/java.util.stream.ForEachOps$ForEachOp$OfRef.evaluateSequential(ForEachOps.java:173)
	at java.base/java.util.stream.AbstractPipeline.evaluate(AbstractPipeline.java:234)
	at java.base/java.util.stream.ReferencePipeline.forEach(ReferencePipeline.java:497)
	at org.openqa.selenium.devtools.Connection.handle(Connection.java:287)
	at org.openqa.selenium.devtools.Connection.access$200(Connection.java:57)
	at org.openqa.selenium.devtools.Connection$Listener.lambda$onText$0(Connection.java:224)
	at java.base/java.util.concurrent.ThreadPoolExecutor.runWorker(ThreadPoolExecutor.java:1128)
	at java.base/java.util.concurrent.ThreadPoolExecutor$Worker.run(ThreadPoolExecutor.java:628)
	at java.base/java.lang.Thread.run(Thread.java:829)
Caused by: org.openqa.selenium.WebDriverException: {"id":2588,"error":{"code":-32602,"message":"Invalid InterceptionId."},"sessionId":"69DE6D1A85B5D627489871F60443E14A"}
Build info: version: '4.11.0', revision: '040bc5406b'
System info: os.name: 'Windows 10', os.arch: 'amd64', os.version: '10.0', java.version: '11.0.18'
Driver info: driver.version: unknown
	at org.openqa.selenium.devtools.Connection.handle(Connection.java:260)
	... 5 more

Exception in thread "CDP Connection" org.openqa.selenium.devtools.DevToolsException: {"id":2588,"error":{"code":-32602,"message":"Invalid InterceptionId."},"sessionId":"69DE6D1A85B5D627489871F60443E14A"}
Build info: version: '4.11.0', revision: '040bc5406b'
System info: os.name: 'Windows 10', os.arch: 'amd64', os.version: '10.0', java.version: '11.0.18'
Driver info: driver.version: unknown
	at org.openqa.selenium.devtools.Connection$Listener.lambda$onText$0(Connection.java:227)
	at java.base/java.util.concurrent.ThreadPoolExecutor.runWorker(ThreadPoolExecutor.java:1128)
	at java.base/java.util.concurrent.ThreadPoolExecutor$Worker.run(ThreadPoolExecutor.java:628)
	at java.base/java.lang.Thread.run(Thread.java:829)
Caused by: org.openqa.selenium.devtools.DevToolsException: {"id":2588,"error":{"code":-32602,"message":"Invalid InterceptionId."},"sessionId":"69DE6D1A85B5D627489871F60443E14A"}
Build info: version: '4.11.0', revision: '040bc5406b'
System info: os.name: 'Windows 10', os.arch: 'amd64', os.version: '10.0', java.version: '11.0.18'
Driver info: driver.version: unknown
	at org.openqa.selenium.devtools.Connection.sendAndWait(Connection.java:181)
	at org.openqa.selenium.devtools.DevTools.send(DevTools.java:81)
	at org.openqa.selenium.devtools.idealized.Network.lambda$prepareToInterceptTraffic$3(Network.java:211)
	at org.openqa.selenium.remote.http.Filter.lambda$andFinally$1(Filter.java:55)
	at org.openqa.selenium.devtools.idealized.Network.lambda$prepareToInterceptTraffic$4(Network.java:226)
	at org.openqa.selenium.devtools.Connection.lambda$handle$4(Connection.java:321)
	at java.base/java.util.stream.ForEachOps$ForEachOp$OfRef.accept(ForEachOps.java:183)
	at java.base/java.util.stream.ReferencePipeline$2$1.accept(ReferencePipeline.java:177)
	at java.base/java.util.stream.ReferencePipeline$11$1.accept(ReferencePipeline.java:442)
	at java.base/java.util.HashMap$KeySpliterator.forEachRemaining(HashMap.java:1621)
	at java.base/java.util.stream.AbstractPipeline.copyInto(AbstractPipeline.java:484)
	at java.base/java.util.stream.AbstractPipeline.wrapAndCopyInto(AbstractPipeline.java:474)
	at java.base/java.util.stream.ForEachOps$ForEachOp.evaluateSequential(ForEachOps.java:150)
	at java.base/java.util.stream.ForEachOps$ForEachOp$OfRef.evaluateSequential(ForEachOps.java:173)
	at java.base/java.util.stream.AbstractPipeline.evaluate(AbstractPipeline.java:234)
	at java.base/java.util.stream.ReferencePipeline.forEach(ReferencePipeline.java:497)
	at org.openqa.selenium.devtools.Connection.handle(Connection.java:287)
	at org.openqa.selenium.devtools.Connection.access$200(Connection.java:57)
	at org.openqa.selenium.devtools.Connection$Listener.lambda$onText$0(Connection.java:224)
	... 3 more
Caused by: org.openqa.selenium.WebDriverException: {"id":2588,"error":{"code":-32602,"message":"Invalid InterceptionId."},"sessionId":"69DE6D1A85B5D627489871F60443E14A"}
Build info: version: '4.11.0', revision: '040bc5406b'
System info: os.name: 'Windows 10', os.arch: 'amd64', os.version: '10.0', java.version: '11.0.18'
Driver info: driver.version: unknown
	at org.openqa.selenium.devtools.Connection.handle(Connection.java:260)
	... 5 more
авг. 16, 2023 4:23:21 PM org.openqa.selenium.devtools.Connection$Listener lambda$onText$0
WARNING: Unable to process: {"method":"Fetch.requestPaused","params":{"requestId":"interception-job-420.0","request":{"url":"http://localhost:8080/static/js/main.aab190f3.chunk.js","method":"GET","headers":{"Accept":"*/*","Referer":"http://localhost:8080/","User-Agent":"Mozilla/5.0 (Windows NT 10.0; Win64; x64) AppleWebKit/537.36 (KHTML, like Gecko) Chrome/116.0.0.0 Safari/537.36","sec-ch-ua":"\"Chromium\";v=\"116\", \"Not)A;Brand\";v=\"24\", \"Google Chrome\";v=\"116\"","sec-ch-ua-mobile":"?0","sec-ch-ua-platform":"\"Windows\""},"initialPriority":"High","referrerPolicy":"unsafe-url"},"frameId":"D165F02B89151667DFD1BF49856829E7","resourceType":"Script","responseStatusCode":200,"responseStatusText":"","responseHeaders":[{"name":"Vary","value":"Origin"},{"name":"Vary","value":"Access-Control-Request-Method"},{"name":"Vary","value":"Access-Control-Request-Headers"},{"name":"Last-Modified","value":"Thu, 03 Aug 2023 10:18:16 GMT"},{"name":"Accept-Ranges","value":"bytes"},{"name":"Content-Type","value":"application/javascript"},{"name":"Content-Length","value":"9137"},{"name":"Date","value":"Wed, 16 Aug 2023 13:20:22 GMT"}]},"sessionId":"69DE6D1A85B5D627489871F60443E14A"}
org.openqa.selenium.devtools.DevToolsException: {"id":2589,"error":{"code":-32602,"message":"Invalid InterceptionId."},"sessionId":"69DE6D1A85B5D627489871F60443E14A"}
Build info: version: '4.11.0', revision: '040bc5406b'
System info: os.name: 'Windows 10', os.arch: 'amd64', os.version: '10.0', java.version: '11.0.18'
Driver info: driver.version: unknown
	at org.openqa.selenium.devtools.Connection.sendAndWait(Connection.java:181)
	at org.openqa.selenium.devtools.DevTools.send(DevTools.java:81)
	at org.openqa.selenium.devtools.idealized.Network.lambda$prepareToInterceptTraffic$4(Network.java:194)
	at org.openqa.selenium.devtools.Connection.lambda$handle$4(Connection.java:321)
	at java.base/java.util.stream.ForEachOps$ForEachOp$OfRef.accept(ForEachOps.java:183)
	at java.base/java.util.stream.ReferencePipeline$2$1.accept(ReferencePipeline.java:177)
	at java.base/java.util.stream.ReferencePipeline$11$1.accept(ReferencePipeline.java:442)
	at java.base/java.util.HashMap$KeySpliterator.forEachRemaining(HashMap.java:1621)
	at java.base/java.util.stream.AbstractPipeline.copyInto(AbstractPipeline.java:484)
	at java.base/java.util.stream.AbstractPipeline.wrapAndCopyInto(AbstractPipeline.java:474)
	at java.base/java.util.stream.ForEachOps$ForEachOp.evaluateSequential(ForEachOps.java:150)
	at java.base/java.util.stream.ForEachOps$ForEachOp$OfRef.evaluateSequential(ForEachOps.java:173)
	at java.base/java.util.stream.AbstractPipeline.evaluate(AbstractPipeline.java:234)
	at java.base/java.util.stream.ReferencePipeline.forEach(ReferencePipeline.java:497)
	at org.openqa.selenium.devtools.Connection.handle(Connection.java:287)
	at org.openqa.selenium.devtools.Connection.access$200(Connection.java:57)
	at org.openqa.selenium.devtools.Connection$Listener.lambda$onText$0(Connection.java:224)
	at java.base/java.util.concurrent.ThreadPoolExecutor.runWorker(ThreadPoolExecutor.java:1128)
	at java.base/java.util.concurrent.ThreadPoolExecutor$Worker.run(ThreadPoolExecutor.java:628)
	at java.base/java.lang.Thread.run(Thread.java:829)
Caused by: org.openqa.selenium.WebDriverException: {"id":2589,"error":{"code":-32602,"message":"Invalid InterceptionId."},"sessionId":"69DE6D1A85B5D627489871F60443E14A"}
Build info: version: '4.11.0', revision: '040bc5406b'
System info: os.name: 'Windows 10', os.arch: 'amd64', os.version: '10.0', java.version: '11.0.18'
Driver info: driver.version: unknown
	at org.openqa.selenium.devtools.Connection.handle(Connection.java:260)
	... 5 more

Exception in thread "CDP Connection" org.openqa.selenium.devtools.DevToolsException: {"id":2589,"error":{"code":-32602,"message":"Invalid InterceptionId."},"sessionId":"69DE6D1A85B5D627489871F60443E14A"}
Build info: version: '4.11.0', revision: '040bc5406b'
System info: os.name: 'Windows 10', os.arch: 'amd64', os.version: '10.0', java.version: '11.0.18'
Driver info: driver.version: unknown
	at org.openqa.selenium.devtools.Connection$Listener.lambda$onText$0(Connection.java:227)
	at java.base/java.util.concurrent.ThreadPoolExecutor.runWorker(ThreadPoolExecutor.java:1128)
	at java.base/java.util.concurrent.ThreadPoolExecutor$Worker.run(ThreadPoolExecutor.java:628)
	at java.base/java.lang.Thread.run(Thread.java:829)
Caused by: org.openqa.selenium.devtools.DevToolsException: {"id":2589,"error":{"code":-32602,"message":"Invalid InterceptionId."},"sessionId":"69DE6D1A85B5D627489871F60443E14A"}
Build info: version: '4.11.0', revision: '040bc5406b'
System info: os.name: 'Windows 10', os.arch: 'amd64', os.version: '10.0', java.version: '11.0.18'
Driver info: driver.version: unknown
	at org.openqa.selenium.devtools.Connection.sendAndWait(Connection.java:181)
	at org.openqa.selenium.devtools.DevTools.send(DevTools.java:81)
	at org.openqa.selenium.devtools.idealized.Network.lambda$prepareToInterceptTraffic$4(Network.java:194)
	at org.openqa.selenium.devtools.Connection.lambda$handle$4(Connection.java:321)
	at java.base/java.util.stream.ForEachOps$ForEachOp$OfRef.accept(ForEachOps.java:183)
	at java.base/java.util.stream.ReferencePipeline$2$1.accept(ReferencePipeline.java:177)
	at java.base/java.util.stream.ReferencePipeline$11$1.accept(ReferencePipeline.java:442)
	at java.base/java.util.HashMap$KeySpliterator.forEachRemaining(HashMap.java:1621)
	at java.base/java.util.stream.AbstractPipeline.copyInto(AbstractPipeline.java:484)
	at java.base/java.util.stream.AbstractPipeline.wrapAndCopyInto(AbstractPipeline.java:474)
	at java.base/java.util.stream.ForEachOps$ForEachOp.evaluateSequential(ForEachOps.java:150)
	at java.base/java.util.stream.ForEachOps$ForEachOp$OfRef.evaluateSequential(ForEachOps.java:173)
	at java.base/java.util.stream.AbstractPipeline.evaluate(AbstractPipeline.java:234)
	at java.base/java.util.stream.ReferencePipeline.forEach(ReferencePipeline.java:497)
	at org.openqa.selenium.devtools.Connection.handle(Connection.java:287)
	at org.openqa.selenium.devtools.Connection.access$200(Connection.java:57)
	at org.openqa.selenium.devtools.Connection$Listener.lambda$onText$0(Connection.java:224)
	... 3 more
Caused by: org.openqa.selenium.WebDriverException: {"id":2589,"error":{"code":-32602,"message":"Invalid InterceptionId."},"sessionId":"69DE6D1A85B5D627489871F60443E14A"}
Build info: version: '4.11.0', revision: '040bc5406b'
System info: os.name: 'Windows 10', os.arch: 'amd64', os.version: '10.0', java.version: '11.0.18'
Driver info: driver.version: unknown
	at org.openqa.selenium.devtools.Connection.handle(Connection.java:260)
	... 5 more
авг. 16, 2023 4:23:21 PM org.openqa.selenium.devtools.Connection$Listener lambda$onText$0
WARNING: Unable to process: {"method":"Fetch.requestPaused","params":{"requestId":"interception-job-420.0","request":{"url":"http://localhost:8080/static/js/main.aab190f3.chunk.js","method":"GET","headers":{"Accept":"*/*","Referer":"http://localhost:8080/","User-Agent":"Mozilla/5.0 (Windows NT 10.0; Win64; x64) AppleWebKit/537.36 (KHTML, like Gecko) Chrome/116.0.0.0 Safari/537.36","sec-ch-ua":"\"Chromium\";v=\"116\", \"Not)A;Brand\";v=\"24\", \"Google Chrome\";v=\"116\"","sec-ch-ua-mobile":"?0","sec-ch-ua-platform":"\"Windows\""},"initialPriority":"High","referrerPolicy":"strict-origin-when-cross-origin"},"frameId":"D165F02B89151667DFD1BF49856829E7","resourceType":"Script"},"sessionId":"69DE6D1A85B5D627489871F60443E14A"}
org.openqa.selenium.devtools.DevToolsException: {"id":2590,"error":{"code":-32602,"message":"Invalid InterceptionId."},"sessionId":"69DE6D1A85B5D627489871F60443E14A"}
Build info: version: '4.11.0', revision: '040bc5406b'
System info: os.name: 'Windows 10', os.arch: 'amd64', os.version: '10.0', java.version: '11.0.18'
Driver info: driver.version: unknown
	at org.openqa.selenium.devtools.Connection.sendAndWait(Connection.java:181)
	at org.openqa.selenium.devtools.DevTools.send(DevTools.java:81)
	at org.openqa.selenium.devtools.idealized.Network.lambda$prepareToInterceptTraffic$3(Network.java:211)
	at org.openqa.selenium.remote.http.Filter.lambda$andFinally$1(Filter.java:55)
	at org.openqa.selenium.devtools.idealized.Network.lambda$prepareToInterceptTraffic$4(Network.java:226)
	at org.openqa.selenium.devtools.Connection.lambda$handle$4(Connection.java:321)
	at java.base/java.util.stream.ForEachOps$ForEachOp$OfRef.accept(ForEachOps.java:183)
	at java.base/java.util.stream.ReferencePipeline$2$1.accept(ReferencePipeline.java:177)
	at java.base/java.util.stream.ReferencePipeline$11$1.accept(ReferencePipeline.java:442)
	at java.base/java.util.HashMap$KeySpliterator.forEachRemaining(HashMap.java:1621)
	at java.base/java.util.stream.AbstractPipeline.copyInto(AbstractPipeline.java:484)
	at java.base/java.util.stream.AbstractPipeline.wrapAndCopyInto(AbstractPipeline.java:474)
	at java.base/java.util.stream.ForEachOps$ForEachOp.evaluateSequential(ForEachOps.java:150)
	at java.base/java.util.stream.ForEachOps$ForEachOp$OfRef.evaluateSequential(ForEachOps.java:173)
	at java.base/java.util.stream.AbstractPipeline.evaluate(AbstractPipeline.java:234)
	at java.base/java.util.stream.ReferencePipeline.forEach(ReferencePipeline.java:497)
	at org.openqa.selenium.devtools.Connection.handle(Connection.java:287)
	at org.openqa.selenium.devtools.Connection.access$200(Connection.java:57)
	at org.openqa.selenium.devtools.Connection$Listener.lambda$onText$0(Connection.java:224)
	at java.base/java.util.concurrent.ThreadPoolExecutor.runWorker(ThreadPoolExecutor.java:1128)
	at java.base/java.util.concurrent.ThreadPoolExecutor$Worker.run(ThreadPoolExecutor.java:628)
	at java.base/java.lang.Thread.run(Thread.java:829)
Caused by: org.openqa.selenium.WebDriverException: {"id":2590,"error":{"code":-32602,"message":"Invalid InterceptionId."},"sessionId":"69DE6D1A85B5D627489871F60443E14A"}
Build info: version: '4.11.0', revision: '040bc5406b'
System info: os.name: 'Windows 10', os.arch: 'amd64', os.version: '10.0', java.version: '11.0.18'
Driver info: driver.version: unknown
	at org.openqa.selenium.devtools.Connection.handle(Connection.java:260)
	... 5 more

Exception in thread "CDP Connection" org.openqa.selenium.devtools.DevToolsException: {"id":2590,"error":{"code":-32602,"message":"Invalid InterceptionId."},"sessionId":"69DE6D1A85B5D627489871F60443E14A"}
Build info: version: '4.11.0', revision: '040bc5406b'
System info: os.name: 'Windows 10', os.arch: 'amd64', os.version: '10.0', java.version: '11.0.18'
Driver info: driver.version: unknown
	at org.openqa.selenium.devtools.Connection$Listener.lambda$onText$0(Connection.java:227)
	at java.base/java.util.concurrent.ThreadPoolExecutor.runWorker(ThreadPoolExecutor.java:1128)
	at java.base/java.util.concurrent.ThreadPoolExecutor$Worker.run(ThreadPoolExecutor.java:628)
	at java.base/java.lang.Thread.run(Thread.java:829)
Caused by: org.openqa.selenium.devtools.DevToolsException: {"id":2590,"error":{"code":-32602,"message":"Invalid InterceptionId."},"sessionId":"69DE6D1A85B5D627489871F60443E14A"}
Build info: version: '4.11.0', revision: '040bc5406b'
System info: os.name: 'Windows 10', os.arch: 'amd64', os.version: '10.0', java.version: '11.0.18'
Driver info: driver.version: unknown
	at org.openqa.selenium.devtools.Connection.sendAndWait(Connection.java:181)
	at org.openqa.selenium.devtools.DevTools.send(DevTools.java:81)
	at org.openqa.selenium.devtools.idealized.Network.lambda$prepareToInterceptTraffic$3(Network.java:211)
	at org.openqa.selenium.remote.http.Filter.lambda$andFinally$1(Filter.java:55)
	at org.openqa.selenium.devtools.idealized.Network.lambda$prepareToInterceptTraffic$4(Network.java:226)
	at org.openqa.selenium.devtools.Connection.lambda$handle$4(Connection.java:321)
	at java.base/java.util.stream.ForEachOps$ForEachOp$OfRef.accept(ForEachOps.java:183)
	at java.base/java.util.stream.ReferencePipeline$2$1.accept(ReferencePipeline.java:177)
	at java.base/java.util.stream.ReferencePipeline$11$1.accept(ReferencePipeline.java:442)
	at java.base/java.util.HashMap$KeySpliterator.forEachRemaining(HashMap.java:1621)
	at java.base/java.util.stream.AbstractPipeline.copyInto(AbstractPipeline.java:484)
	at java.base/java.util.stream.AbstractPipeline.wrapAndCopyInto(AbstractPipeline.java:474)
	at java.base/java.util.stream.ForEachOps$ForEachOp.evaluateSequential(ForEachOps.java:150)
	at java.base/java.util.stream.ForEachOps$ForEachOp$OfRef.evaluateSequential(ForEachOps.java:173)
	at java.base/java.util.stream.AbstractPipeline.evaluate(AbstractPipeline.java:234)
	at java.base/java.util.stream.ReferencePipeline.forEach(ReferencePipeline.java:497)
	at org.openqa.selenium.devtools.Connection.handle(Connection.java:287)
	at org.openqa.selenium.devtools.Connection.access$200(Connection.java:57)
	at org.openqa.selenium.devtools.Connection$Listener.lambda$onText$0(Connection.java:224)
	... 3 more
Caused by: org.openqa.selenium.WebDriverException: {"id":2590,"error":{"code":-32602,"message":"Invalid InterceptionId."},"sessionId":"69DE6D1A85B5D627489871F60443E14A"}
Build info: version: '4.11.0', revision: '040bc5406b'
System info: os.name: 'Windows 10', os.arch: 'amd64', os.version: '10.0', java.version: '11.0.18'
Driver info: driver.version: unknown
	at org.openqa.selenium.devtools.Connection.handle(Connection.java:260)
	... 5 more
авг. 16, 2023 4:23:21 PM org.openqa.selenium.devtools.Connection$Listener lambda$onText$0
WARNING: Unable to process: {"method":"Fetch.requestPaused","params":{"requestId":"interception-job-417.0","request":{"url":"http://localhost:8080/static/css/2.7d875902.chunk.css","method":"GET","headers":{"Accept":"text/css,*/*;q=0.1","Referer":"http://localhost:8080/","User-Agent":"Mozilla/5.0 (Windows NT 10.0; Win64; x64) AppleWebKit/537.36 (KHTML, like Gecko) Chrome/116.0.0.0 Safari/537.36","sec-ch-ua":"\"Chromium\";v=\"116\", \"Not)A;Brand\";v=\"24\", \"Google Chrome\";v=\"116\"","sec-ch-ua-mobile":"?0","sec-ch-ua-platform":"\"Windows\""},"initialPriority":"VeryHigh","referrerPolicy":"unsafe-url"},"frameId":"D165F02B89151667DFD1BF49856829E7","resourceType":"Stylesheet","responseStatusCode":200,"responseStatusText":"","responseHeaders":[{"name":"Vary","value":"Origin"},{"name":"Vary","value":"Access-Control-Request-Method"},{"name":"Vary","value":"Access-Control-Request-Headers"},{"name":"Last-Modified","value":"Thu, 03 Aug 2023 10:18:16 GMT"},{"name":"Accept-Ranges","value":"bytes"},{"name":"Content-Type","value":"text/css"},{"name":"Content-Length","value":"87563"},{"name":"Date","value":"Wed, 16 Aug 2023 13:20:22 GMT"}]},"sessionId":"69DE6D1A85B5D627489871F60443E14A"}
org.openqa.selenium.devtools.DevToolsException: {"id":2593,"error":{"code":-32602,"message":"Invalid InterceptionId."},"sessionId":"69DE6D1A85B5D627489871F60443E14A"}
Build info: version: '4.11.0', revision: '040bc5406b'
System info: os.name: 'Windows 10', os.arch: 'amd64', os.version: '10.0', java.version: '11.0.18'
Driver info: driver.version: unknown
	at org.openqa.selenium.devtools.Connection.sendAndWait(Connection.java:181)
	at org.openqa.selenium.devtools.DevTools.send(DevTools.java:81)
	at org.openqa.selenium.devtools.idealized.Network.lambda$prepareToInterceptTraffic$4(Network.java:194)
	at org.openqa.selenium.devtools.Connection.lambda$handle$4(Connection.java:321)
	at java.base/java.util.stream.ForEachOps$ForEachOp$OfRef.accept(ForEachOps.java:183)
	at java.base/java.util.stream.ReferencePipeline$2$1.accept(ReferencePipeline.java:177)
	at java.base/java.util.stream.ReferencePipeline$11$1.accept(ReferencePipeline.java:442)
	at java.base/java.util.HashMap$KeySpliterator.forEachRemaining(HashMap.java:1621)
	at java.base/java.util.stream.AbstractPipeline.copyInto(AbstractPipeline.java:484)
	at java.base/java.util.stream.AbstractPipeline.wrapAndCopyInto(AbstractPipeline.java:474)
	at java.base/java.util.stream.ForEachOps$ForEachOp.evaluateSequential(ForEachOps.java:150)
	at java.base/java.util.stream.ForEachOps$ForEachOp$OfRef.evaluateSequential(ForEachOps.java:173)
	at java.base/java.util.stream.AbstractPipeline.evaluate(AbstractPipeline.java:234)
	at java.base/java.util.stream.ReferencePipeline.forEach(ReferencePipeline.java:497)
	at org.openqa.selenium.devtools.Connection.handle(Connection.java:287)
	at org.openqa.selenium.devtools.Connection.access$200(Connection.java:57)
	at org.openqa.selenium.devtools.Connection$Listener.lambda$onText$0(Connection.java:224)
	at java.base/java.util.concurrent.ThreadPoolExecutor.runWorker(ThreadPoolExecutor.java:1128)
	at java.base/java.util.concurrent.ThreadPoolExecutor$Worker.run(ThreadPoolExecutor.java:628)
	at java.base/java.lang.Thread.run(Thread.java:829)
Caused by: org.openqa.selenium.WebDriverException: {"id":2593,"error":{"code":-32602,"message":"Invalid InterceptionId."},"sessionId":"69DE6D1A85B5D627489871F60443E14A"}
Build info: version: '4.11.0', revision: '040bc5406b'
System info: os.name: 'Windows 10', os.arch: 'amd64', os.version: '10.0', java.version: '11.0.18'
Driver info: driver.version: unknown
	at org.openqa.selenium.devtools.Connection.handle(Connection.java:260)
	... 5 more

Exception in thread "CDP Connection" org.openqa.selenium.devtools.DevToolsException: {"id":2593,"error":{"code":-32602,"message":"Invalid InterceptionId."},"sessionId":"69DE6D1A85B5D627489871F60443E14A"}
Build info: version: '4.11.0', revision: '040bc5406b'
System info: os.name: 'Windows 10', os.arch: 'amd64', os.version: '10.0', java.version: '11.0.18'
Driver info: driver.version: unknown
	at org.openqa.selenium.devtools.Connection$Listener.lambda$onText$0(Connection.java:227)
	at java.base/java.util.concurrent.ThreadPoolExecutor.runWorker(ThreadPoolExecutor.java:1128)
	at java.base/java.util.concurrent.ThreadPoolExecutor$Worker.run(ThreadPoolExecutor.java:628)
	at java.base/java.lang.Thread.run(Thread.java:829)
Caused by: org.openqa.selenium.devtools.DevToolsException: {"id":2593,"error":{"code":-32602,"message":"Invalid InterceptionId."},"sessionId":"69DE6D1A85B5D627489871F60443E14A"}
Build info: version: '4.11.0', revision: '040bc5406b'
System info: os.name: 'Windows 10', os.arch: 'amd64', os.version: '10.0', java.version: '11.0.18'
Driver info: driver.version: unknown
	at org.openqa.selenium.devtools.Connection.sendAndWait(Connection.java:181)
	at org.openqa.selenium.devtools.DevTools.send(DevTools.java:81)
	at org.openqa.selenium.devtools.idealized.Network.lambda$prepareToInterceptTraffic$4(Network.java:194)
	at org.openqa.selenium.devtools.Connection.lambda$handle$4(Connection.java:321)
	at java.base/java.util.stream.ForEachOps$ForEachOp$OfRef.accept(ForEachOps.java:183)
	at java.base/java.util.stream.ReferencePipeline$2$1.accept(ReferencePipeline.java:177)
	at java.base/java.util.stream.ReferencePipeline$11$1.accept(ReferencePipeline.java:442)
	at java.base/java.util.HashMap$KeySpliterator.forEachRemaining(HashMap.java:1621)
	at java.base/java.util.stream.AbstractPipeline.copyInto(AbstractPipeline.java:484)
	at java.base/java.util.stream.AbstractPipeline.wrapAndCopyInto(AbstractPipeline.java:474)
	at java.base/java.util.stream.ForEachOps$ForEachOp.evaluateSequential(ForEachOps.java:150)
	at java.base/java.util.stream.ForEachOps$ForEachOp$OfRef.evaluateSequential(ForEachOps.java:173)
	at java.base/java.util.stream.AbstractPipeline.evaluate(AbstractPipeline.java:234)
	at java.base/java.util.stream.ReferencePipeline.forEach(ReferencePipeline.java:497)
	at org.openqa.selenium.devtools.Connection.handle(Connection.java:287)
	at org.openqa.selenium.devtools.Connection.access$200(Connection.java:57)
	at org.openqa.selenium.devtools.Connection$Listener.lambda$onText$0(Connection.java:224)
	... 3 more
Caused by: org.openqa.selenium.WebDriverException: {"id":2593,"error":{"code":-32602,"message":"Invalid InterceptionId."},"sessionId":"69DE6D1A85B5D627489871F60443E14A"}
Build info: version: '4.11.0', revision: '040bc5406b'
System info: os.name: 'Windows 10', os.arch: 'amd64', os.version: '10.0', java.version: '11.0.18'
Driver info: driver.version: unknown
	at org.openqa.selenium.devtools.Connection.handle(Connection.java:260)
	... 5 more
авг. 16, 2023 4:23:21 PM org.openqa.selenium.devtools.Connection$Listener lambda$onText$0
WARNING: Unable to process: {"method":"Fetch.requestPaused","params":{"requestId":"interception-job-417.0","request":{"url":"http://localhost:8080/static/css/2.7d875902.chunk.css","method":"GET","headers":{"Accept":"text/css,*/*;q=0.1","Referer":"http://localhost:8080/","User-Agent":"Mozilla/5.0 (Windows NT 10.0; Win64; x64) AppleWebKit/537.36 (KHTML, like Gecko) Chrome/116.0.0.0 Safari/537.36","sec-ch-ua":"\"Chromium\";v=\"116\", \"Not)A;Brand\";v=\"24\", \"Google Chrome\";v=\"116\"","sec-ch-ua-mobile":"?0","sec-ch-ua-platform":"\"Windows\""},"initialPriority":"VeryHigh","referrerPolicy":"strict-origin-when-cross-origin"},"frameId":"D165F02B89151667DFD1BF49856829E7","resourceType":"Stylesheet"},"sessionId":"69DE6D1A85B5D627489871F60443E14A"}
org.openqa.selenium.devtools.DevToolsException: {"id":2594,"error":{"code":-32602,"message":"Invalid InterceptionId."},"sessionId":"69DE6D1A85B5D627489871F60443E14A"}
Build info: version: '4.11.0', revision: '040bc5406b'
System info: os.name: 'Windows 10', os.arch: 'amd64', os.version: '10.0', java.version: '11.0.18'
Driver info: driver.version: unknown
	at org.openqa.selenium.devtools.Connection.sendAndWait(Connection.java:181)
	at org.openqa.selenium.devtools.DevTools.send(DevTools.java:81)
	at org.openqa.selenium.devtools.idealized.Network.lambda$prepareToInterceptTraffic$3(Network.java:211)
	at org.openqa.selenium.remote.http.Filter.lambda$andFinally$1(Filter.java:55)
	at org.openqa.selenium.devtools.idealized.Network.lambda$prepareToInterceptTraffic$4(Network.java:226)
	at org.openqa.selenium.devtools.Connection.lambda$handle$4(Connection.java:321)
	at java.base/java.util.stream.ForEachOps$ForEachOp$OfRef.accept(ForEachOps.java:183)
	at java.base/java.util.stream.ReferencePipeline$2$1.accept(ReferencePipeline.java:177)
	at java.base/java.util.stream.ReferencePipeline$11$1.accept(ReferencePipeline.java:442)
	at java.base/java.util.HashMap$KeySpliterator.forEachRemaining(HashMap.java:1621)
	at java.base/java.util.stream.AbstractPipeline.copyInto(AbstractPipeline.java:484)
	at java.base/java.util.stream.AbstractPipeline.wrapAndCopyInto(AbstractPipeline.java:474)
	at java.base/java.util.stream.ForEachOps$ForEachOp.evaluateSequential(ForEachOps.java:150)
	at java.base/java.util.stream.ForEachOps$ForEachOp$OfRef.evaluateSequential(ForEachOps.java:173)
	at java.base/java.util.stream.AbstractPipeline.evaluate(AbstractPipeline.java:234)
	at java.base/java.util.stream.ReferencePipeline.forEach(ReferencePipeline.java:497)
	at org.openqa.selenium.devtools.Connection.handle(Connection.java:287)
	at org.openqa.selenium.devtools.Connection.access$200(Connection.java:57)
	at org.openqa.selenium.devtools.Connection$Listener.lambda$onText$0(Connection.java:224)
	at java.base/java.util.concurrent.ThreadPoolExecutor.runWorker(ThreadPoolExecutor.java:1128)
	at java.base/java.util.concurrent.ThreadPoolExecutor$Worker.run(ThreadPoolExecutor.java:628)
	at java.base/java.lang.Thread.run(Thread.java:829)
Caused by: org.openqa.selenium.WebDriverException: {"id":2594,"error":{"code":-32602,"message":"Invalid InterceptionId."},"sessionId":"69DE6D1A85B5D627489871F60443E14A"}
Build info: version: '4.11.0', revision: '040bc5406b'
System info: os.name: 'Windows 10', os.arch: 'amd64', os.version: '10.0', java.version: '11.0.18'
Driver info: driver.version: unknown
	at org.openqa.selenium.devtools.Connection.handle(Connection.java:260)
	... 5 more

Exception in thread "CDP Connection" org.openqa.selenium.devtools.DevToolsException: {"id":2594,"error":{"code":-32602,"message":"Invalid InterceptionId."},"sessionId":"69DE6D1A85B5D627489871F60443E14A"}
Build info: version: '4.11.0', revision: '040bc5406b'
System info: os.name: 'Windows 10', os.arch: 'amd64', os.version: '10.0', java.version: '11.0.18'
Driver info: driver.version: unknown
	at org.openqa.selenium.devtools.Connection$Listener.lambda$onText$0(Connection.java:227)
	at java.base/java.util.concurrent.ThreadPoolExecutor.runWorker(ThreadPoolExecutor.java:1128)
	at java.base/java.util.concurrent.ThreadPoolExecutor$Worker.run(ThreadPoolExecutor.java:628)
	at java.base/java.lang.Thread.run(Thread.java:829)
Caused by: org.openqa.selenium.devtools.DevToolsException: {"id":2594,"error":{"code":-32602,"message":"Invalid InterceptionId."},"sessionId":"69DE6D1A85B5D627489871F60443E14A"}
Build info: version: '4.11.0', revision: '040bc5406b'
System info: os.name: 'Windows 10', os.arch: 'amd64', os.version: '10.0', java.version: '11.0.18'
Driver info: driver.version: unknown
	at org.openqa.selenium.devtools.Connection.sendAndWait(Connection.java:181)
	at org.openqa.selenium.devtools.DevTools.send(DevTools.java:81)
	at org.openqa.selenium.devtools.idealized.Network.lambda$prepareToInterceptTraffic$3(Network.java:211)
	at org.openqa.selenium.remote.http.Filter.lambda$andFinally$1(Filter.java:55)
	at org.openqa.selenium.devtools.idealized.Network.lambda$prepareToInterceptTraffic$4(Network.java:226)
	at org.openqa.selenium.devtools.Connection.lambda$handle$4(Connection.java:321)
	at java.base/java.util.stream.ForEachOps$ForEachOp$OfRef.accept(ForEachOps.java:183)
	at java.base/java.util.stream.ReferencePipeline$2$1.accept(ReferencePipeline.java:177)
	at java.base/java.util.stream.ReferencePipeline$11$1.accept(ReferencePipeline.java:442)
	at java.base/java.util.HashMap$KeySpliterator.forEachRemaining(HashMap.java:1621)
	at java.base/java.util.stream.AbstractPipeline.copyInto(AbstractPipeline.java:484)
	at java.base/java.util.stream.AbstractPipeline.wrapAndCopyInto(AbstractPipeline.java:474)
	at java.base/java.util.stream.ForEachOps$ForEachOp.evaluateSequential(ForEachOps.java:150)
	at java.base/java.util.stream.ForEachOps$ForEachOp$OfRef.evaluateSequential(ForEachOps.java:173)
	at java.base/java.util.stream.AbstractPipeline.evaluate(AbstractPipeline.java:234)
	at java.base/java.util.stream.ReferencePipeline.forEach(ReferencePipeline.java:497)
	at org.openqa.selenium.devtools.Connection.handle(Connection.java:287)
	at org.openqa.selenium.devtools.Connection.access$200(Connection.java:57)
	at org.openqa.selenium.devtools.Connection$Listener.lambda$onText$0(Connection.java:224)
	... 3 more
Caused by: org.openqa.selenium.WebDriverException: {"id":2594,"error":{"code":-32602,"message":"Invalid InterceptionId."},"sessionId":"69DE6D1A85B5D627489871F60443E14A"}
Build info: version: '4.11.0', revision: '040bc5406b'
System info: os.name: 'Windows 10', os.arch: 'amd64', os.version: '10.0', java.version: '11.0.18'
Driver info: driver.version: unknown
	at org.openqa.selenium.devtools.Connection.handle(Connection.java:260)
	... 5 more
авг. 16, 2023 4:23:21 PM org.openqa.selenium.devtools.Connection$Listener lambda$onText$0
WARNING: Unable to process: {"method":"Fetch.requestPaused","params":{"requestId":"interception-job-419.0","request":{"url":"http://localhost:8080/static/js/2.0716afe8.chunk.js","method":"GET","headers":{"Accept":"*/*","Referer":"http://localhost:8080/","User-Agent":"Mozilla/5.0 (Windows NT 10.0; Win64; x64) AppleWebKit/537.36 (KHTML, like Gecko) Chrome/116.0.0.0 Safari/537.36","sec-ch-ua":"\"Chromium\";v=\"116\", \"Not)A;Brand\";v=\"24\", \"Google Chrome\";v=\"116\"","sec-ch-ua-mobile":"?0","sec-ch-ua-platform":"\"Windows\""},"initialPriority":"High","referrerPolicy":"strict-origin-when-cross-origin"},"frameId":"D165F02B89151667DFD1BF49856829E7","resourceType":"Script"},"sessionId":"69DE6D1A85B5D627489871F60443E14A"}
org.openqa.selenium.devtools.DevToolsException: {"id":2597,"error":{"code":-32602,"message":"Invalid InterceptionId."},"sessionId":"69DE6D1A85B5D627489871F60443E14A"}
Build info: version: '4.11.0', revision: '040bc5406b'
System info: os.name: 'Windows 10', os.arch: 'amd64', os.version: '10.0', java.version: '11.0.18'
Driver info: driver.version: unknown
	at org.openqa.selenium.devtools.Connection.sendAndWait(Connection.java:181)
	at org.openqa.selenium.devtools.DevTools.send(DevTools.java:81)
	at org.openqa.selenium.devtools.idealized.Network.lambda$prepareToInterceptTraffic$3(Network.java:211)
	at org.openqa.selenium.remote.http.Filter.lambda$andFinally$1(Filter.java:55)
	at org.openqa.selenium.devtools.idealized.Network.lambda$prepareToInterceptTraffic$4(Network.java:226)
	at org.openqa.selenium.devtools.Connection.lambda$handle$4(Connection.java:321)
	at java.base/java.util.stream.ForEachOps$ForEachOp$OfRef.accept(ForEachOps.java:183)
	at java.base/java.util.stream.ReferencePipeline$2$1.accept(ReferencePipeline.java:177)
	at java.base/java.util.stream.ReferencePipeline$11$1.accept(ReferencePipeline.java:442)
	at java.base/java.util.HashMap$KeySpliterator.forEachRemaining(HashMap.java:1621)
	at java.base/java.util.stream.AbstractPipeline.copyInto(AbstractPipeline.java:484)
	at java.base/java.util.stream.AbstractPipeline.wrapAndCopyInto(AbstractPipeline.java:474)
	at java.base/java.util.stream.ForEachOps$ForEachOp.evaluateSequential(ForEachOps.java:150)
	at java.base/java.util.stream.ForEachOps$ForEachOp$OfRef.evaluateSequential(ForEachOps.java:173)
	at java.base/java.util.stream.AbstractPipeline.evaluate(AbstractPipeline.java:234)
	at java.base/java.util.stream.ReferencePipeline.forEach(ReferencePipeline.java:497)
	at org.openqa.selenium.devtools.Connection.handle(Connection.java:287)
	at org.openqa.selenium.devtools.Connection.access$200(Connection.java:57)
	at org.openqa.selenium.devtools.Connection$Listener.lambda$onText$0(Connection.java:224)
	at java.base/java.util.concurrent.ThreadPoolExecutor.runWorker(ThreadPoolExecutor.java:1128)
	at java.base/java.util.concurrent.ThreadPoolExecutor$Worker.run(ThreadPoolExecutor.java:628)
	at java.base/java.lang.Thread.run(Thread.java:829)
Caused by: org.openqa.selenium.WebDriverException: {"id":2597,"error":{"code":-32602,"message":"Invalid InterceptionId."},"sessionId":"69DE6D1A85B5D627489871F60443E14A"}
Build info: version: '4.11.0', revision: '040bc5406b'
System info: os.name: 'Windows 10', os.arch: 'amd64', os.version: '10.0', java.version: '11.0.18'
Driver info: driver.version: unknown
	at org.openqa.selenium.devtools.Connection.handle(Connection.java:260)
	... 5 more

Exception in thread "CDP Connection" org.openqa.selenium.devtools.DevToolsException: {"id":2597,"error":{"code":-32602,"message":"Invalid InterceptionId."},"sessionId":"69DE6D1A85B5D627489871F60443E14A"}
Build info: version: '4.11.0', revision: '040bc5406b'
System info: os.name: 'Windows 10', os.arch: 'amd64', os.version: '10.0', java.version: '11.0.18'
Driver info: driver.version: unknown
	at org.openqa.selenium.devtools.Connection$Listener.lambda$onText$0(Connection.java:227)
	at java.base/java.util.concurrent.ThreadPoolExecutor.runWorker(ThreadPoolExecutor.java:1128)
	at java.base/java.util.concurrent.ThreadPoolExecutor$Worker.run(ThreadPoolExecutor.java:628)
	at java.base/java.lang.Thread.run(Thread.java:829)
Caused by: org.openqa.selenium.devtools.DevToolsException: {"id":2597,"error":{"code":-32602,"message":"Invalid InterceptionId."},"sessionId":"69DE6D1A85B5D627489871F60443E14A"}
Build info: version: '4.11.0', revision: '040bc5406b'
System info: os.name: 'Windows 10', os.arch: 'amd64', os.version: '10.0', java.version: '11.0.18'
Driver info: driver.version: unknown
	at org.openqa.selenium.devtools.Connection.sendAndWait(Connection.java:181)
	at org.openqa.selenium.devtools.DevTools.send(DevTools.java:81)
	at org.openqa.selenium.devtools.idealized.Network.lambda$prepareToInterceptTraffic$3(Network.java:211)
	at org.openqa.selenium.remote.http.Filter.lambda$andFinally$1(Filter.java:55)
	at org.openqa.selenium.devtools.idealized.Network.lambda$prepareToInterceptTraffic$4(Network.java:226)
	at org.openqa.selenium.devtools.Connection.lambda$handle$4(Connection.java:321)
	at java.base/java.util.stream.ForEachOps$ForEachOp$OfRef.accept(ForEachOps.java:183)
	at java.base/java.util.stream.ReferencePipeline$2$1.accept(ReferencePipeline.java:177)
	at java.base/java.util.stream.ReferencePipeline$11$1.accept(ReferencePipeline.java:442)
	at java.base/java.util.HashMap$KeySpliterator.forEachRemaining(HashMap.java:1621)
	at java.base/java.util.stream.AbstractPipeline.copyInto(AbstractPipeline.java:484)
	at java.base/java.util.stream.AbstractPipeline.wrapAndCopyInto(AbstractPipeline.java:474)
	at java.base/java.util.stream.ForEachOps$ForEachOp.evaluateSequential(ForEachOps.java:150)
	at java.base/java.util.stream.ForEachOps$ForEachOp$OfRef.evaluateSequential(ForEachOps.java:173)
	at java.base/java.util.stream.AbstractPipeline.evaluate(AbstractPipeline.java:234)
	at java.base/java.util.stream.ReferencePipeline.forEach(ReferencePipeline.java:497)
	at org.openqa.selenium.devtools.Connection.handle(Connection.java:287)
	at org.openqa.selenium.devtools.Connection.access$200(Connection.java:57)
	at org.openqa.selenium.devtools.Connection$Listener.lambda$onText$0(Connection.java:224)
	... 3 more
Caused by: org.openqa.selenium.WebDriverException: {"id":2597,"error":{"code":-32602,"message":"Invalid InterceptionId."},"sessionId":"69DE6D1A85B5D627489871F60443E14A"}
Build info: version: '4.11.0', revision: '040bc5406b'
System info: os.name: 'Windows 10', os.arch: 'amd64', os.version: '10.0', java.version: '11.0.18'
Driver info: driver.version: unknown
	at org.openqa.selenium.devtools.Connection.handle(Connection.java:260)
	... 5 more
авг. 16, 2023 4:23:21 PM org.openqa.selenium.devtools.Connection$Listener lambda$onText$0
WARNING: Unable to process: {"method":"Fetch.requestPaused","params":{"requestId":"interception-job-419.0","request":{"url":"http://localhost:8080/static/js/2.0716afe8.chunk.js","method":"GET","headers":{"Accept":"*/*","Referer":"http://localhost:8080/","User-Agent":"Mozilla/5.0 (Windows NT 10.0; Win64; x64) AppleWebKit/537.36 (KHTML, like Gecko) Chrome/116.0.0.0 Safari/537.36","sec-ch-ua":"\"Chromium\";v=\"116\", \"Not)A;Brand\";v=\"24\", \"Google Chrome\";v=\"116\"","sec-ch-ua-mobile":"?0","sec-ch-ua-platform":"\"Windows\""},"initialPriority":"High","referrerPolicy":"unsafe-url"},"frameId":"D165F02B89151667DFD1BF49856829E7","resourceType":"Script","responseStatusCode":200,"responseStatusText":"","responseHeaders":[{"name":"Vary","value":"Origin"},{"name":"Vary","value":"Access-Control-Request-Method"},{"name":"Vary","value":"Access-Control-Request-Headers"},{"name":"Last-Modified","value":"Thu, 03 Aug 2023 10:18:16 GMT"},{"name":"Accept-Ranges","value":"bytes"},{"name":"Content-Type","value":"application/javascript"},{"name":"Content-Length","value":"228167"},{"name":"Date","value":"Wed, 16 Aug 2023 13:20:22 GMT"}]},"sessionId":"69DE6D1A85B5D627489871F60443E14A"}
org.openqa.selenium.devtools.DevToolsException: {"id":2599,"error":{"code":-32602,"message":"Invalid InterceptionId."},"sessionId":"69DE6D1A85B5D627489871F60443E14A"}
Build info: version: '4.11.0', revision: '040bc5406b'
System info: os.name: 'Windows 10', os.arch: 'amd64', os.version: '10.0', java.version: '11.0.18'
Driver info: driver.version: unknown
	at org.openqa.selenium.devtools.Connection.sendAndWait(Connection.java:181)
	at org.openqa.selenium.devtools.DevTools.send(DevTools.java:81)
	at org.openqa.selenium.devtools.idealized.Network.lambda$prepareToInterceptTraffic$4(Network.java:194)
	at org.openqa.selenium.devtools.Connection.lambda$handle$4(Connection.java:321)
	at java.base/java.util.stream.ForEachOps$ForEachOp$OfRef.accept(ForEachOps.java:183)
	at java.base/java.util.stream.ReferencePipeline$2$1.accept(ReferencePipeline.java:177)
	at java.base/java.util.stream.ReferencePipeline$11$1.accept(ReferencePipeline.java:442)
	at java.base/java.util.HashMap$KeySpliterator.forEachRemaining(HashMap.java:1621)
	at java.base/java.util.stream.AbstractPipeline.copyInto(AbstractPipeline.java:484)
	at java.base/java.util.stream.AbstractPipeline.wrapAndCopyInto(AbstractPipeline.java:474)
	at java.base/java.util.stream.ForEachOps$ForEachOp.evaluateSequential(ForEachOps.java:150)
	at java.base/java.util.stream.ForEachOps$ForEachOp$OfRef.evaluateSequential(ForEachOps.java:173)
	at java.base/java.util.stream.AbstractPipeline.evaluate(AbstractPipeline.java:234)
	at java.base/java.util.stream.ReferencePipeline.forEach(ReferencePipeline.java:497)
	at org.openqa.selenium.devtools.Connection.handle(Connection.java:287)
	at org.openqa.selenium.devtools.Connection.access$200(Connection.java:57)
	at org.openqa.selenium.devtools.Connection$Listener.lambda$onText$0(Connection.java:224)
	at java.base/java.util.concurrent.ThreadPoolExecutor.runWorker(ThreadPoolExecutor.java:1128)
	at java.base/java.util.concurrent.ThreadPoolExecutor$Worker.run(ThreadPoolExecutor.java:628)
	at java.base/java.lang.Thread.run(Thread.java:829)
Caused by: org.openqa.selenium.WebDriverException: {"id":2599,"error":{"code":-32602,"message":"Invalid InterceptionId."},"sessionId":"69DE6D1A85B5D627489871F60443E14A"}
Build info: version: '4.11.0', revision: '040bc5406b'
System info: os.name: 'Windows 10', os.arch: 'amd64', os.version: '10.0', java.version: '11.0.18'
Driver info: driver.version: unknown
	at org.openqa.selenium.devtools.Connection.handle(Connection.java:260)
	... 5 more

Exception in thread "CDP Connection" org.openqa.selenium.devtools.DevToolsException: {"id":2599,"error":{"code":-32602,"message":"Invalid InterceptionId."},"sessionId":"69DE6D1A85B5D627489871F60443E14A"}
Build info: version: '4.11.0', revision: '040bc5406b'
System info: os.name: 'Windows 10', os.arch: 'amd64', os.version: '10.0', java.version: '11.0.18'
Driver info: driver.version: unknown
	at org.openqa.selenium.devtools.Connection$Listener.lambda$onText$0(Connection.java:227)
	at java.base/java.util.concurrent.ThreadPoolExecutor.runWorker(ThreadPoolExecutor.java:1128)
	at java.base/java.util.concurrent.ThreadPoolExecutor$Worker.run(ThreadPoolExecutor.java:628)
	at java.base/java.lang.Thread.run(Thread.java:829)
Caused by: org.openqa.selenium.devtools.DevToolsException: {"id":2599,"error":{"code":-32602,"message":"Invalid InterceptionId."},"sessionId":"69DE6D1A85B5D627489871F60443E14A"}
Build info: version: '4.11.0', revision: '040bc5406b'
System info: os.name: 'Windows 10', os.arch: 'amd64', os.version: '10.0', java.version: '11.0.18'
Driver info: driver.version: unknown
	at org.openqa.selenium.devtools.Connection.sendAndWait(Connection.java:181)
	at org.openqa.selenium.devtools.DevTools.send(DevTools.java:81)
	at org.openqa.selenium.devtools.idealized.Network.lambda$prepareToInterceptTraffic$4(Network.java:194)
	at org.openqa.selenium.devtools.Connection.lambda$handle$4(Connection.java:321)
	at java.base/java.util.stream.ForEachOps$ForEachOp$OfRef.accept(ForEachOps.java:183)
	at java.base/java.util.stream.ReferencePipeline$2$1.accept(ReferencePipeline.java:177)
	at java.base/java.util.stream.ReferencePipeline$11$1.accept(ReferencePipeline.java:442)
	at java.base/java.util.HashMap$KeySpliterator.forEachRemaining(HashMap.java:1621)
	at java.base/java.util.stream.AbstractPipeline.copyInto(AbstractPipeline.java:484)
	at java.base/java.util.stream.AbstractPipeline.wrapAndCopyInto(AbstractPipeline.java:474)
	at java.base/java.util.stream.ForEachOps$ForEachOp.evaluateSequential(ForEachOps.java:150)
	at java.base/java.util.stream.ForEachOps$ForEachOp$OfRef.evaluateSequential(ForEachOps.java:173)
	at java.base/java.util.stream.AbstractPipeline.evaluate(AbstractPipeline.java:234)
	at java.base/java.util.stream.ReferencePipeline.forEach(ReferencePipeline.java:497)
	at org.openqa.selenium.devtools.Connection.handle(Connection.java:287)
	at org.openqa.selenium.devtools.Connection.access$200(Connection.java:57)
	at org.openqa.selenium.devtools.Connection$Listener.lambda$onText$0(Connection.java:224)
	... 3 more
Caused by: org.openqa.selenium.WebDriverException: {"id":2599,"error":{"code":-32602,"message":"Invalid InterceptionId."},"sessionId":"69DE6D1A85B5D627489871F60443E14A"}
Build info: version: '4.11.0', revision: '040bc5406b'
System info: os.name: 'Windows 10', os.arch: 'amd64', os.version: '10.0', java.version: '11.0.18'
Driver info: driver.version: unknown
	at org.openqa.selenium.devtools.Connection.handle(Connection.java:260)
	... 5 more
авг. 16, 2023 4:23:21 PM org.openqa.selenium.devtools.Connection$Listener lambda$onText$0
WARNING: Unable to process: {"method":"Fetch.requestPaused","params":{"requestId":"interception-job-421.0","request":{"url":"http://localhost:8080/static/media/marrakech.869b2a02.jpg","method":"GET","headers":{"Accept":"image/avif,image/webp,image/apng,image/svg+xml,image/*,*/*;q=0.8","Referer":"http://localhost:8080/","User-Agent":"Mozilla/5.0 (Windows NT 10.0; Win64; x64) AppleWebKit/537.36 (KHTML, like Gecko) Chrome/116.0.0.0 Safari/537.36","sec-ch-ua":"\"Chromium\";v=\"116\", \"Not)A;Brand\";v=\"24\", \"Google Chrome\";v=\"116\"","sec-ch-ua-mobile":"?0","sec-ch-ua-platform":"\"Windows\""},"initialPriority":"Low","referrerPolicy":"unsafe-url"},"frameId":"D165F02B89151667DFD1BF49856829E7","resourceType":"Image","responseStatusCode":200,"responseStatusText":"","responseHeaders":[{"name":"Vary","value":"Origin"},{"name":"Vary","value":"Access-Control-Request-Method"},{"name":"Vary","value":"Access-Control-Request-Headers"},{"name":"Last-Modified","value":"Thu, 03 Aug 2023 10:18:16 GMT"},{"name":"Accept-Ranges","value":"bytes"},{"name":"Content-Type","value":"image/jpeg"},{"name":"Content-Length","value":"85240"},{"name":"Date","value":"Wed, 16 Aug 2023 13:20:22 GMT"}]},"sessionId":"69DE6D1A85B5D627489871F60443E14A"}
org.openqa.selenium.devtools.DevToolsException: {"id":2604,"error":{"code":-32602,"message":"Invalid InterceptionId."},"sessionId":"69DE6D1A85B5D627489871F60443E14A"}
Build info: version: '4.11.0', revision: '040bc5406b'
System info: os.name: 'Windows 10', os.arch: 'amd64', os.version: '10.0', java.version: '11.0.18'
Driver info: driver.version: unknown
	at org.openqa.selenium.devtools.Connection.sendAndWait(Connection.java:181)
	at org.openqa.selenium.devtools.DevTools.send(DevTools.java:81)
	at org.openqa.selenium.devtools.idealized.Network.lambda$prepareToInterceptTraffic$4(Network.java:194)
	at org.openqa.selenium.devtools.Connection.lambda$handle$4(Connection.java:321)
	at java.base/java.util.stream.ForEachOps$ForEachOp$OfRef.accept(ForEachOps.java:183)
	at java.base/java.util.stream.ReferencePipeline$2$1.accept(ReferencePipeline.java:177)
	at java.base/java.util.stream.ReferencePipeline$11$1.accept(ReferencePipeline.java:442)
	at java.base/java.util.HashMap$KeySpliterator.forEachRemaining(HashMap.java:1621)
	at java.base/java.util.stream.AbstractPipeline.copyInto(AbstractPipeline.java:484)
	at java.base/java.util.stream.AbstractPipeline.wrapAndCopyInto(AbstractPipeline.java:474)
	at java.base/java.util.stream.ForEachOps$ForEachOp.evaluateSequential(ForEachOps.java:150)
	at java.base/java.util.stream.ForEachOps$ForEachOp$OfRef.evaluateSequential(ForEachOps.java:173)
	at java.base/java.util.stream.AbstractPipeline.evaluate(AbstractPipeline.java:234)
	at java.base/java.util.stream.ReferencePipeline.forEach(ReferencePipeline.java:497)
	at org.openqa.selenium.devtools.Connection.handle(Connection.java:287)
	at org.openqa.selenium.devtools.Connection.access$200(Connection.java:57)
	at org.openqa.selenium.devtools.Connection$Listener.lambda$onText$0(Connection.java:224)
	at java.base/java.util.concurrent.ThreadPoolExecutor.runWorker(ThreadPoolExecutor.java:1128)
	at java.base/java.util.concurrent.ThreadPoolExecutor$Worker.run(ThreadPoolExecutor.java:628)
	at java.base/java.lang.Thread.run(Thread.java:829)
Caused by: org.openqa.selenium.WebDriverException: {"id":2604,"error":{"code":-32602,"message":"Invalid InterceptionId."},"sessionId":"69DE6D1A85B5D627489871F60443E14A"}
Build info: version: '4.11.0', revision: '040bc5406b'
System info: os.name: 'Windows 10', os.arch: 'amd64', os.version: '10.0', java.version: '11.0.18'
Driver info: driver.version: unknown
	at org.openqa.selenium.devtools.Connection.handle(Connection.java:260)
	... 5 more

Exception in thread "CDP Connection" org.openqa.selenium.devtools.DevToolsException: {"id":2604,"error":{"code":-32602,"message":"Invalid InterceptionId."},"sessionId":"69DE6D1A85B5D627489871F60443E14A"}
Build info: version: '4.11.0', revision: '040bc5406b'
System info: os.name: 'Windows 10', os.arch: 'amd64', os.version: '10.0', java.version: '11.0.18'
Driver info: driver.version: unknown
	at org.openqa.selenium.devtools.Connection$Listener.lambda$onText$0(Connection.java:227)
	at java.base/java.util.concurrent.ThreadPoolExecutor.runWorker(ThreadPoolExecutor.java:1128)
	at java.base/java.util.concurrent.ThreadPoolExecutor$Worker.run(ThreadPoolExecutor.java:628)
	at java.base/java.lang.Thread.run(Thread.java:829)
Caused by: org.openqa.selenium.devtools.DevToolsException: {"id":2604,"error":{"code":-32602,"message":"Invalid InterceptionId."},"sessionId":"69DE6D1A85B5D627489871F60443E14A"}
Build info: version: '4.11.0', revision: '040bc5406b'
System info: os.name: 'Windows 10', os.arch: 'amd64', os.version: '10.0', java.version: '11.0.18'
Driver info: driver.version: unknown
	at org.openqa.selenium.devtools.Connection.sendAndWait(Connection.java:181)
	at org.openqa.selenium.devtools.DevTools.send(DevTools.java:81)
	at org.openqa.selenium.devtools.idealized.Network.lambda$prepareToInterceptTraffic$4(Network.java:194)
	at org.openqa.selenium.devtools.Connection.lambda$handle$4(Connection.java:321)
	at java.base/java.util.stream.ForEachOps$ForEachOp$OfRef.accept(ForEachOps.java:183)
	at java.base/java.util.stream.ReferencePipeline$2$1.accept(ReferencePipeline.java:177)
	at java.base/java.util.stream.ReferencePipeline$11$1.accept(ReferencePipeline.java:442)
	at java.base/java.util.HashMap$KeySpliterator.forEachRemaining(HashMap.java:1621)
	at java.base/java.util.stream.AbstractPipeline.copyInto(AbstractPipeline.java:484)
	at java.base/java.util.stream.AbstractPipeline.wrapAndCopyInto(AbstractPipeline.java:474)
	at java.base/java.util.stream.ForEachOps$ForEachOp.evaluateSequential(ForEachOps.java:150)
	at java.base/java.util.stream.ForEachOps$ForEachOp$OfRef.evaluateSequential(ForEachOps.java:173)
	at java.base/java.util.stream.AbstractPipeline.evaluate(AbstractPipeline.java:234)
	at java.base/java.util.stream.ReferencePipeline.forEach(ReferencePipeline.java:497)
	at org.openqa.selenium.devtools.Connection.handle(Connection.java:287)
	at org.openqa.selenium.devtools.Connection.access$200(Connection.java:57)
	at org.openqa.selenium.devtools.Connection$Listener.lambda$onText$0(Connection.java:224)
	... 3 more
Caused by: org.openqa.selenium.WebDriverException: {"id":2604,"error":{"code":-32602,"message":"Invalid InterceptionId."},"sessionId":"69DE6D1A85B5D627489871F60443E14A"}
Build info: version: '4.11.0', revision: '040bc5406b'
System info: os.name: 'Windows 10', os.arch: 'amd64', os.version: '10.0', java.version: '11.0.18'
Driver info: driver.version: unknown
	at org.openqa.selenium.devtools.Connection.handle(Connection.java:260)
	... 5 more
авг. 16, 2023 4:23:21 PM org.openqa.selenium.devtools.Connection$Listener lambda$onText$0
WARNING: Unable to process: {"method":"Fetch.requestPaused","params":{"requestId":"interception-job-421.0","request":{"url":"http://localhost:8080/static/media/marrakech.869b2a02.jpg","method":"GET","headers":{"Accept":"image/avif,image/webp,image/apng,image/svg+xml,image/*,*/*;q=0.8","Referer":"http://localhost:8080/","User-Agent":"Mozilla/5.0 (Windows NT 10.0; Win64; x64) AppleWebKit/537.36 (KHTML, like Gecko) Chrome/116.0.0.0 Safari/537.36","sec-ch-ua":"\"Chromium\";v=\"116\", \"Not)A;Brand\";v=\"24\", \"Google Chrome\";v=\"116\"","sec-ch-ua-mobile":"?0","sec-ch-ua-platform":"\"Windows\""},"initialPriority":"Low","referrerPolicy":"strict-origin-when-cross-origin"},"frameId":"D165F02B89151667DFD1BF49856829E7","resourceType":"Image"},"sessionId":"69DE6D1A85B5D627489871F60443E14A"}
org.openqa.selenium.devtools.DevToolsException: {"id":2605,"error":{"code":-32602,"message":"Invalid InterceptionId."},"sessionId":"69DE6D1A85B5D627489871F60443E14A"}
Build info: version: '4.11.0', revision: '040bc5406b'
System info: os.name: 'Windows 10', os.arch: 'amd64', os.version: '10.0', java.version: '11.0.18'
Driver info: driver.version: unknown
	at org.openqa.selenium.devtools.Connection.sendAndWait(Connection.java:181)
	at org.openqa.selenium.devtools.DevTools.send(DevTools.java:81)
	at org.openqa.selenium.devtools.idealized.Network.lambda$prepareToInterceptTraffic$3(Network.java:211)
	at org.openqa.selenium.remote.http.Filter.lambda$andFinally$1(Filter.java:55)
	at org.openqa.selenium.devtools.idealized.Network.lambda$prepareToInterceptTraffic$4(Network.java:226)
	at org.openqa.selenium.devtools.Connection.lambda$handle$4(Connection.java:321)
	at java.base/java.util.stream.ForEachOps$ForEachOp$OfRef.accept(ForEachOps.java:183)
	at java.base/java.util.stream.ReferencePipeline$2$1.accept(ReferencePipeline.java:177)
	at java.base/java.util.stream.ReferencePipeline$11$1.accept(ReferencePipeline.java:442)
	at java.base/java.util.HashMap$KeySpliterator.forEachRemaining(HashMap.java:1621)
	at java.base/java.util.stream.AbstractPipeline.copyInto(AbstractPipeline.java:484)
	at java.base/java.util.stream.AbstractPipeline.wrapAndCopyInto(AbstractPipeline.java:474)
	at java.base/java.util.stream.ForEachOps$ForEachOp.evaluateSequential(ForEachOps.java:150)
	at java.base/java.util.stream.ForEachOps$ForEachOp$OfRef.evaluateSequential(ForEachOps.java:173)
	at java.base/java.util.stream.AbstractPipeline.evaluate(AbstractPipeline.java:234)
	at java.base/java.util.stream.ReferencePipeline.forEach(ReferencePipeline.java:497)
	at org.openqa.selenium.devtools.Connection.handle(Connection.java:287)
	at org.openqa.selenium.devtools.Connection.access$200(Connection.java:57)
	at org.openqa.selenium.devtools.Connection$Listener.lambda$onText$0(Connection.java:224)
	at java.base/java.util.concurrent.ThreadPoolExecutor.runWorker(ThreadPoolExecutor.java:1128)
	at java.base/java.util.concurrent.ThreadPoolExecutor$Worker.run(ThreadPoolExecutor.java:628)
	at java.base/java.lang.Thread.run(Thread.java:829)
Caused by: org.openqa.selenium.WebDriverException: {"id":2605,"error":{"code":-32602,"message":"Invalid InterceptionId."},"sessionId":"69DE6D1A85B5D627489871F60443E14A"}
Build info: version: '4.11.0', revision: '040bc5406b'
System info: os.name: 'Windows 10', os.arch: 'amd64', os.version: '10.0', java.version: '11.0.18'
Driver info: driver.version: unknown
	at org.openqa.selenium.devtools.Connection.handle(Connection.java:260)
	... 5 more

Exception in thread "CDP Connection" org.openqa.selenium.devtools.DevToolsException: {"id":2605,"error":{"code":-32602,"message":"Invalid InterceptionId."},"sessionId":"69DE6D1A85B5D627489871F60443E14A"}
Build info: version: '4.11.0', revision: '040bc5406b'
System info: os.name: 'Windows 10', os.arch: 'amd64', os.version: '10.0', java.version: '11.0.18'
Driver info: driver.version: unknown
	at org.openqa.selenium.devtools.Connection$Listener.lambda$onText$0(Connection.java:227)
	at java.base/java.util.concurrent.ThreadPoolExecutor.runWorker(ThreadPoolExecutor.java:1128)
	at java.base/java.util.concurrent.ThreadPoolExecutor$Worker.run(ThreadPoolExecutor.java:628)
	at java.base/java.lang.Thread.run(Thread.java:829)
Caused by: org.openqa.selenium.devtools.DevToolsException: {"id":2605,"error":{"code":-32602,"message":"Invalid InterceptionId."},"sessionId":"69DE6D1A85B5D627489871F60443E14A"}
Build info: version: '4.11.0', revision: '040bc5406b'
System info: os.name: 'Windows 10', os.arch: 'amd64', os.version: '10.0', java.version: '11.0.18'
Driver info: driver.version: unknown
	at org.openqa.selenium.devtools.Connection.sendAndWait(Connection.java:181)
	at org.openqa.selenium.devtools.DevTools.send(DevTools.java:81)
	at org.openqa.selenium.devtools.idealized.Network.lambda$prepareToInterceptTraffic$3(Network.java:211)
	at org.openqa.selenium.remote.http.Filter.lambda$andFinally$1(Filter.java:55)
	at org.openqa.selenium.devtools.idealized.Network.lambda$prepareToInterceptTraffic$4(Network.java:226)
	at org.openqa.selenium.devtools.Connection.lambda$handle$4(Connection.java:321)
	at java.base/java.util.stream.ForEachOps$ForEachOp$OfRef.accept(ForEachOps.java:183)
	at java.base/java.util.stream.ReferencePipeline$2$1.accept(ReferencePipeline.java:177)
	at java.base/java.util.stream.ReferencePipeline$11$1.accept(ReferencePipeline.java:442)
	at java.base/java.util.HashMap$KeySpliterator.forEachRemaining(HashMap.java:1621)
	at java.base/java.util.stream.AbstractPipeline.copyInto(AbstractPipeline.java:484)
	at java.base/java.util.stream.AbstractPipeline.wrapAndCopyInto(AbstractPipeline.java:474)
	at java.base/java.util.stream.ForEachOps$ForEachOp.evaluateSequential(ForEachOps.java:150)
	at java.base/java.util.stream.ForEachOps$ForEachOp$OfRef.evaluateSequential(ForEachOps.java:173)
	at java.base/java.util.stream.AbstractPipeline.evaluate(AbstractPipeline.java:234)
	at java.base/java.util.stream.ReferencePipeline.forEach(ReferencePipeline.java:497)
	at org.openqa.selenium.devtools.Connection.handle(Connection.java:287)
	at org.openqa.selenium.devtools.Connection.access$200(Connection.java:57)
	at org.openqa.selenium.devtools.Connection$Listener.lambda$onText$0(Connection.java:224)
	... 3 more
Caused by: org.openqa.selenium.WebDriverException: {"id":2605,"error":{"code":-32602,"message":"Invalid InterceptionId."},"sessionId":"69DE6D1A85B5D627489871F60443E14A"}
Build info: version: '4.11.0', revision: '040bc5406b'
System info: os.name: 'Windows 10', os.arch: 'amd64', os.version: '10.0', java.version: '11.0.18'
Driver info: driver.version: unknown
	at org.openqa.selenium.devtools.Connection.handle(Connection.java:260)
	... 5 more
авг. 16, 2023 4:23:21 PM org.openqa.selenium.devtools.Connection$Listener lambda$onText$0
WARNING: Unable to process: {"method":"Fetch.requestPaused","params":{"requestId":"interception-job-422.0","request":{"url":"http://localhost:8080/manifest.json","method":"GET","headers":{"Accept":"*/*","Referer":"http://localhost:8080/","User-Agent":"Mozilla/5.0 (Windows NT 10.0; Win64; x64) AppleWebKit/537.36 (KHTML, like Gecko) Chrome/116.0.0.0 Safari/537.36","sec-ch-ua":"\"Chromium\";v=\"116\", \"Not)A;Brand\";v=\"24\", \"Google Chrome\";v=\"116\"","sec-ch-ua-mobile":"?0","sec-ch-ua-platform":"\"Windows\""},"initialPriority":"Medium","referrerPolicy":"strict-origin-when-cross-origin"},"frameId":"D165F02B89151667DFD1BF49856829E7","resourceType":"Other"},"sessionId":"69DE6D1A85B5D627489871F60443E14A"}
org.openqa.selenium.devtools.DevToolsException: {"id":2611,"error":{"code":-32602,"message":"Invalid InterceptionId."},"sessionId":"69DE6D1A85B5D627489871F60443E14A"}
Build info: version: '4.11.0', revision: '040bc5406b'
System info: os.name: 'Windows 10', os.arch: 'amd64', os.version: '10.0', java.version: '11.0.18'
Driver info: driver.version: unknown
	at org.openqa.selenium.devtools.Connection.sendAndWait(Connection.java:181)
	at org.openqa.selenium.devtools.DevTools.send(DevTools.java:81)
	at org.openqa.selenium.devtools.idealized.Network.lambda$prepareToInterceptTraffic$4(Network.java:233)
	at org.openqa.selenium.devtools.Connection.lambda$handle$4(Connection.java:321)
	at java.base/java.util.stream.ForEachOps$ForEachOp$OfRef.accept(ForEachOps.java:183)
	at java.base/java.util.stream.ReferencePipeline$2$1.accept(ReferencePipeline.java:177)
	at java.base/java.util.stream.ReferencePipeline$11$1.accept(ReferencePipeline.java:442)
	at java.base/java.util.HashMap$KeySpliterator.forEachRemaining(HashMap.java:1621)
	at java.base/java.util.stream.AbstractPipeline.copyInto(AbstractPipeline.java:484)
	at java.base/java.util.stream.AbstractPipeline.wrapAndCopyInto(AbstractPipeline.java:474)
	at java.base/java.util.stream.ForEachOps$ForEachOp.evaluateSequential(ForEachOps.java:150)
	at java.base/java.util.stream.ForEachOps$ForEachOp$OfRef.evaluateSequential(ForEachOps.java:173)
	at java.base/java.util.stream.AbstractPipeline.evaluate(AbstractPipeline.java:234)
	at java.base/java.util.stream.ReferencePipeline.forEach(ReferencePipeline.java:497)
	at org.openqa.selenium.devtools.Connection.handle(Connection.java:287)
	at org.openqa.selenium.devtools.Connection.access$200(Connection.java:57)
	at org.openqa.selenium.devtools.Connection$Listener.lambda$onText$0(Connection.java:224)
	at java.base/java.util.concurrent.ThreadPoolExecutor.runWorker(ThreadPoolExecutor.java:1128)
	at java.base/java.util.concurrent.ThreadPoolExecutor$Worker.run(ThreadPoolExecutor.java:628)
	at java.base/java.lang.Thread.run(Thread.java:829)
Caused by: org.openqa.selenium.WebDriverException: {"id":2611,"error":{"code":-32602,"message":"Invalid InterceptionId."},"sessionId":"69DE6D1A85B5D627489871F60443E14A"}
Build info: version: '4.11.0', revision: '040bc5406b'
System info: os.name: 'Windows 10', os.arch: 'amd64', os.version: '10.0', java.version: '11.0.18'
Driver info: driver.version: unknown
	at org.openqa.selenium.devtools.Connection.handle(Connection.java:260)
	... 5 more

Exception in thread "CDP Connection" org.openqa.selenium.devtools.DevToolsException: {"id":2611,"error":{"code":-32602,"message":"Invalid InterceptionId."},"sessionId":"69DE6D1A85B5D627489871F60443E14A"}
Build info: version: '4.11.0', revision: '040bc5406b'
System info: os.name: 'Windows 10', os.arch: 'amd64', os.version: '10.0', java.version: '11.0.18'
Driver info: driver.version: unknown
	at org.openqa.selenium.devtools.Connection$Listener.lambda$onText$0(Connection.java:227)
	at java.base/java.util.concurrent.ThreadPoolExecutor.runWorker(ThreadPoolExecutor.java:1128)
	at java.base/java.util.concurrent.ThreadPoolExecutor$Worker.run(ThreadPoolExecutor.java:628)
	at java.base/java.lang.Thread.run(Thread.java:829)
Caused by: org.openqa.selenium.devtools.DevToolsException: {"id":2611,"error":{"code":-32602,"message":"Invalid InterceptionId."},"sessionId":"69DE6D1A85B5D627489871F60443E14A"}
Build info: version: '4.11.0', revision: '040bc5406b'
System info: os.name: 'Windows 10', os.arch: 'amd64', os.version: '10.0', java.version: '11.0.18'
Driver info: driver.version: unknown
	at org.openqa.selenium.devtools.Connection.sendAndWait(Connection.java:181)
	at org.openqa.selenium.devtools.DevTools.send(DevTools.java:81)
	at org.openqa.selenium.devtools.idealized.Network.lambda$prepareToInterceptTraffic$4(Network.java:233)
	at org.openqa.selenium.devtools.Connection.lambda$handle$4(Connection.java:321)
	at java.base/java.util.stream.ForEachOps$ForEachOp$OfRef.accept(ForEachOps.java:183)
	at java.base/java.util.stream.ReferencePipeline$2$1.accept(ReferencePipeline.java:177)
	at java.base/java.util.stream.ReferencePipeline$11$1.accept(ReferencePipeline.java:442)
	at java.base/java.util.HashMap$KeySpliterator.forEachRemaining(HashMap.java:1621)
	at java.base/java.util.stream.AbstractPipeline.copyInto(AbstractPipeline.java:484)
	at java.base/java.util.stream.AbstractPipeline.wrapAndCopyInto(AbstractPipeline.java:474)
	at java.base/java.util.stream.ForEachOps$ForEachOp.evaluateSequential(ForEachOps.java:150)
	at java.base/java.util.stream.ForEachOps$ForEachOp$OfRef.evaluateSequential(ForEachOps.java:173)
	at java.base/java.util.stream.AbstractPipeline.evaluate(AbstractPipeline.java:234)
	at java.base/java.util.stream.ReferencePipeline.forEach(ReferencePipeline.java:497)
	at org.openqa.selenium.devtools.Connection.handle(Connection.java:287)
	at org.openqa.selenium.devtools.Connection.access$200(Connection.java:57)
	at org.openqa.selenium.devtools.Connection$Listener.lambda$onText$0(Connection.java:224)
	... 3 more
Caused by: org.openqa.selenium.WebDriverException: {"id":2611,"error":{"code":-32602,"message":"Invalid InterceptionId."},"sessionId":"69DE6D1A85B5D627489871F60443E14A"}
Build info: version: '4.11.0', revision: '040bc5406b'
System info: os.name: 'Windows 10', os.arch: 'amd64', os.version: '10.0', java.version: '11.0.18'
Driver info: driver.version: unknown
	at org.openqa.selenium.devtools.Connection.handle(Connection.java:260)
	... 5 more
авг. 16, 2023 4:23:21 PM org.openqa.selenium.devtools.Connection$Listener lambda$onText$0
WARNING: Unable to process: {"method":"Fetch.requestPaused","params":{"requestId":"interception-job-422.0","request":{"url":"http://localhost:8080/manifest.json","method":"GET","headers":{"Accept":"*/*","Referer":"http://localhost:8080/","User-Agent":"Mozilla/5.0 (Windows NT 10.0; Win64; x64) AppleWebKit/537.36 (KHTML, like Gecko) Chrome/116.0.0.0 Safari/537.36","sec-ch-ua":"\"Chromium\";v=\"116\", \"Not)A;Brand\";v=\"24\", \"Google Chrome\";v=\"116\"","sec-ch-ua-mobile":"?0","sec-ch-ua-platform":"\"Windows\""},"initialPriority":"Medium","referrerPolicy":"unsafe-url"},"frameId":"D165F02B89151667DFD1BF49856829E7","resourceType":"Other","responseStatusCode":200,"responseStatusText":"","responseHeaders":[{"name":"Vary","value":"Origin"},{"name":"Vary","value":"Access-Control-Request-Method"},{"name":"Vary","value":"Access-Control-Request-Headers"},{"name":"Last-Modified","value":"Thu, 03 Aug 2023 10:18:16 GMT"},{"name":"Accept-Ranges","value":"bytes"},{"name":"Content-Type","value":"application/json"},{"name":"Content-Length","value":"492"},{"name":"Date","value":"Wed, 16 Aug 2023 13:20:22 GMT"}]},"sessionId":"69DE6D1A85B5D627489871F60443E14A"}
org.openqa.selenium.devtools.DevToolsException: {"id":2616,"error":{"code":-32602,"message":"Invalid InterceptionId."},"sessionId":"69DE6D1A85B5D627489871F60443E14A"}
Build info: version: '4.11.0', revision: '040bc5406b'
System info: os.name: 'Windows 10', os.arch: 'amd64', os.version: '10.0', java.version: '11.0.18'
Driver info: driver.version: unknown
	at org.openqa.selenium.devtools.Connection.sendAndWait(Connection.java:181)
	at org.openqa.selenium.devtools.DevTools.send(DevTools.java:81)
	at org.openqa.selenium.devtools.idealized.Network.lambda$prepareToInterceptTraffic$4(Network.java:194)
	at org.openqa.selenium.devtools.Connection.lambda$handle$4(Connection.java:321)
	at java.base/java.util.stream.ForEachOps$ForEachOp$OfRef.accept(ForEachOps.java:183)
	at java.base/java.util.stream.ReferencePipeline$2$1.accept(ReferencePipeline.java:177)
	at java.base/java.util.stream.ReferencePipeline$11$1.accept(ReferencePipeline.java:442)
	at java.base/java.util.HashMap$KeySpliterator.forEachRemaining(HashMap.java:1621)
	at java.base/java.util.stream.AbstractPipeline.copyInto(AbstractPipeline.java:484)
	at java.base/java.util.stream.AbstractPipeline.wrapAndCopyInto(AbstractPipeline.java:474)
	at java.base/java.util.stream.ForEachOps$ForEachOp.evaluateSequential(ForEachOps.java:150)
	at java.base/java.util.stream.ForEachOps$ForEachOp$OfRef.evaluateSequential(ForEachOps.java:173)
	at java.base/java.util.stream.AbstractPipeline.evaluate(AbstractPipeline.java:234)
	at java.base/java.util.stream.ReferencePipeline.forEach(ReferencePipeline.java:497)
	at org.openqa.selenium.devtools.Connection.handle(Connection.java:287)
	at org.openqa.selenium.devtools.Connection.access$200(Connection.java:57)
	at org.openqa.selenium.devtools.Connection$Listener.lambda$onText$0(Connection.java:224)
	at java.base/java.util.concurrent.ThreadPoolExecutor.runWorker(ThreadPoolExecutor.java:1128)
	at java.base/java.util.concurrent.ThreadPoolExecutor$Worker.run(ThreadPoolExecutor.java:628)
	at java.base/java.lang.Thread.run(Thread.java:829)
Caused by: org.openqa.selenium.WebDriverException: {"id":2616,"error":{"code":-32602,"message":"Invalid InterceptionId."},"sessionId":"69DE6D1A85B5D627489871F60443E14A"}
Build info: version: '4.11.0', revision: '040bc5406b'
System info: os.name: 'Windows 10', os.arch: 'amd64', os.version: '10.0', java.version: '11.0.18'
Driver info: driver.version: unknown
	at org.openqa.selenium.devtools.Connection.handle(Connection.java:260)
	... 5 more

Exception in thread "CDP Connection" org.openqa.selenium.devtools.DevToolsException: {"id":2616,"error":{"code":-32602,"message":"Invalid InterceptionId."},"sessionId":"69DE6D1A85B5D627489871F60443E14A"}
Build info: version: '4.11.0', revision: '040bc5406b'
System info: os.name: 'Windows 10', os.arch: 'amd64', os.version: '10.0', java.version: '11.0.18'
Driver info: driver.version: unknown
	at org.openqa.selenium.devtools.Connection$Listener.lambda$onText$0(Connection.java:227)
	at java.base/java.util.concurrent.ThreadPoolExecutor.runWorker(ThreadPoolExecutor.java:1128)
	at java.base/java.util.concurrent.ThreadPoolExecutor$Worker.run(ThreadPoolExecutor.java:628)
	at java.base/java.lang.Thread.run(Thread.java:829)
Caused by: org.openqa.selenium.devtools.DevToolsException: {"id":2616,"error":{"code":-32602,"message":"Invalid InterceptionId."},"sessionId":"69DE6D1A85B5D627489871F60443E14A"}
Build info: version: '4.11.0', revision: '040bc5406b'
System info: os.name: 'Windows 10', os.arch: 'amd64', os.version: '10.0', java.version: '11.0.18'
Driver info: driver.version: unknown
	at org.openqa.selenium.devtools.Connection.sendAndWait(Connection.java:181)
	at org.openqa.selenium.devtools.DevTools.send(DevTools.java:81)
	at org.openqa.selenium.devtools.idealized.Network.lambda$prepareToInterceptTraffic$4(Network.java:194)
	at org.openqa.selenium.devtools.Connection.lambda$handle$4(Connection.java:321)
	at java.base/java.util.stream.ForEachOps$ForEachOp$OfRef.accept(ForEachOps.java:183)
	at java.base/java.util.stream.ReferencePipeline$2$1.accept(ReferencePipeline.java:177)
	at java.base/java.util.stream.ReferencePipeline$11$1.accept(ReferencePipeline.java:442)
	at java.base/java.util.HashMap$KeySpliterator.forEachRemaining(HashMap.java:1621)
	at java.base/java.util.stream.AbstractPipeline.copyInto(AbstractPipeline.java:484)
	at java.base/java.util.stream.AbstractPipeline.wrapAndCopyInto(AbstractPipeline.java:474)
	at java.base/java.util.stream.ForEachOps$ForEachOp.evaluateSequential(ForEachOps.java:150)
	at java.base/java.util.stream.ForEachOps$ForEachOp$OfRef.evaluateSequential(ForEachOps.java:173)
	at java.base/java.util.stream.AbstractPipeline.evaluate(AbstractPipeline.java:234)
	at java.base/java.util.stream.ReferencePipeline.forEach(ReferencePipeline.java:497)
	at org.openqa.selenium.devtools.Connection.handle(Connection.java:287)
	at org.openqa.selenium.devtools.Connection.access$200(Connection.java:57)
	at org.openqa.selenium.devtools.Connection$Listener.lambda$onText$0(Connection.java:224)
	... 3 more
Caused by: org.openqa.selenium.WebDriverException: {"id":2616,"error":{"code":-32602,"message":"Invalid InterceptionId."},"sessionId":"69DE6D1A85B5D627489871F60443E14A"}
Build info: version: '4.11.0', revision: '040bc5406b'
System info: os.name: 'Windows 10', os.arch: 'amd64', os.version: '10.0', java.version: '11.0.18'
Driver info: driver.version: unknown
	at org.openqa.selenium.devtools.Connection.handle(Connection.java:260)
	... 5 more
авг. 16, 2023 4:23:21 PM org.openqa.selenium.devtools.Connection$Listener lambda$onText$0
WARNING: Unable to process: {"method":"Fetch.requestPaused","params":{"requestId":"interception-job-423.0","request":{"url":"http://localhost:8080/favicon.ico","method":"GET","headers":{"Accept":"image/avif,image/webp,image/apng,image/svg+xml,image/*,*/*;q=0.8","Referer":"http://localhost:8080/","User-Agent":"Mozilla/5.0 (Windows NT 10.0; Win64; x64) AppleWebKit/537.36 (KHTML, like Gecko) Chrome/116.0.0.0 Safari/537.36","sec-ch-ua":"\"Chromium\";v=\"116\", \"Not)A;Brand\";v=\"24\", \"Google Chrome\";v=\"116\"","sec-ch-ua-mobile":"?0","sec-ch-ua-platform":"\"Windows\""},"initialPriority":"High","referrerPolicy":"strict-origin-when-cross-origin"},"frameId":"D165F02B89151667DFD1BF49856829E7","resourceType":"Other"},"sessionId":"69DE6D1A85B5D627489871F60443E14A"}
org.openqa.selenium.devtools.DevToolsException: {"id":2615,"error":{"code":-32602,"message":"Invalid InterceptionId."},"sessionId":"69DE6D1A85B5D627489871F60443E14A"}
Build info: version: '4.11.0', revision: '040bc5406b'
System info: os.name: 'Windows 10', os.arch: 'amd64', os.version: '10.0', java.version: '11.0.18'
Driver info: driver.version: unknown
	at org.openqa.selenium.devtools.Connection.sendAndWait(Connection.java:181)
	at org.openqa.selenium.devtools.DevTools.send(DevTools.java:81)
	at org.openqa.selenium.devtools.idealized.Network.lambda$prepareToInterceptTraffic$4(Network.java:233)
	at org.openqa.selenium.devtools.Connection.lambda$handle$4(Connection.java:321)
	at java.base/java.util.stream.ForEachOps$ForEachOp$OfRef.accept(ForEachOps.java:183)
	at java.base/java.util.stream.ReferencePipeline$2$1.accept(ReferencePipeline.java:177)
	at java.base/java.util.stream.ReferencePipeline$11$1.accept(ReferencePipeline.java:442)
	at java.base/java.util.HashMap$KeySpliterator.forEachRemaining(HashMap.java:1621)
	at java.base/java.util.stream.AbstractPipeline.copyInto(AbstractPipeline.java:484)
	at java.base/java.util.stream.AbstractPipeline.wrapAndCopyInto(AbstractPipeline.java:474)
	at java.base/java.util.stream.ForEachOps$ForEachOp.evaluateSequential(ForEachOps.java:150)
	at java.base/java.util.stream.ForEachOps$ForEachOp$OfRef.evaluateSequential(ForEachOps.java:173)
	at java.base/java.util.stream.AbstractPipeline.evaluate(AbstractPipeline.java:234)
	at java.base/java.util.stream.ReferencePipeline.forEach(ReferencePipeline.java:497)
	at org.openqa.selenium.devtools.Connection.handle(Connection.java:287)
	at org.openqa.selenium.devtools.Connection.access$200(Connection.java:57)
	at org.openqa.selenium.devtools.Connection$Listener.lambda$onText$0(Connection.java:224)
	at java.base/java.util.concurrent.ThreadPoolExecutor.runWorker(ThreadPoolExecutor.java:1128)
	at java.base/java.util.concurrent.ThreadPoolExecutor$Worker.run(ThreadPoolExecutor.java:628)
	at java.base/java.lang.Thread.run(Thread.java:829)
Caused by: org.openqa.selenium.WebDriverException: {"id":2615,"error":{"code":-32602,"message":"Invalid InterceptionId."},"sessionId":"69DE6D1A85B5D627489871F60443E14A"}
Build info: version: '4.11.0', revision: '040bc5406b'
System info: os.name: 'Windows 10', os.arch: 'amd64', os.version: '10.0', java.version: '11.0.18'
Driver info: driver.version: unknown
	at org.openqa.selenium.devtools.Connection.handle(Connection.java:260)
	... 5 more

Exception in thread "CDP Connection" org.openqa.selenium.devtools.DevToolsException: {"id":2615,"error":{"code":-32602,"message":"Invalid InterceptionId."},"sessionId":"69DE6D1A85B5D627489871F60443E14A"}
Build info: version: '4.11.0', revision: '040bc5406b'
System info: os.name: 'Windows 10', os.arch: 'amd64', os.version: '10.0', java.version: '11.0.18'
Driver info: driver.version: unknown
	at org.openqa.selenium.devtools.Connection$Listener.lambda$onText$0(Connection.java:227)
	at java.base/java.util.concurrent.ThreadPoolExecutor.runWorker(ThreadPoolExecutor.java:1128)
	at java.base/java.util.concurrent.ThreadPoolExecutor$Worker.run(ThreadPoolExecutor.java:628)
	at java.base/java.lang.Thread.run(Thread.java:829)
Caused by: org.openqa.selenium.devtools.DevToolsException: {"id":2615,"error":{"code":-32602,"message":"Invalid InterceptionId."},"sessionId":"69DE6D1A85B5D627489871F60443E14A"}
Build info: version: '4.11.0', revision: '040bc5406b'
System info: os.name: 'Windows 10', os.arch: 'amd64', os.version: '10.0', java.version: '11.0.18'
Driver info: driver.version: unknown
	at org.openqa.selenium.devtools.Connection.sendAndWait(Connection.java:181)
	at org.openqa.selenium.devtools.DevTools.send(DevTools.java:81)
	at org.openqa.selenium.devtools.idealized.Network.lambda$prepareToInterceptTraffic$4(Network.java:233)
	at org.openqa.selenium.devtools.Connection.lambda$handle$4(Connection.java:321)
	at java.base/java.util.stream.ForEachOps$ForEachOp$OfRef.accept(ForEachOps.java:183)
	at java.base/java.util.stream.ReferencePipeline$2$1.accept(ReferencePipeline.java:177)
	at java.base/java.util.stream.ReferencePipeline$11$1.accept(ReferencePipeline.java:442)
	at java.base/java.util.HashMap$KeySpliterator.forEachRemaining(HashMap.java:1621)
	at java.base/java.util.stream.AbstractPipeline.copyInto(AbstractPipeline.java:484)
	at java.base/java.util.stream.AbstractPipeline.wrapAndCopyInto(AbstractPipeline.java:474)
	at java.base/java.util.stream.ForEachOps$ForEachOp.evaluateSequential(ForEachOps.java:150)
	at java.base/java.util.stream.ForEachOps$ForEachOp$OfRef.evaluateSequential(ForEachOps.java:173)
	at java.base/java.util.stream.AbstractPipeline.evaluate(AbstractPipeline.java:234)
	at java.base/java.util.stream.ReferencePipeline.forEach(ReferencePipeline.java:497)
	at org.openqa.selenium.devtools.Connection.handle(Connection.java:287)
	at org.openqa.selenium.devtools.Connection.access$200(Connection.java:57)
	at org.openqa.selenium.devtools.Connection$Listener.lambda$onText$0(Connection.java:224)
	... 3 more
Caused by: org.openqa.selenium.WebDriverException: {"id":2615,"error":{"code":-32602,"message":"Invalid InterceptionId."},"sessionId":"69DE6D1A85B5D627489871F60443E14A"}
Build info: version: '4.11.0', revision: '040bc5406b'
System info: os.name: 'Windows 10', os.arch: 'amd64', os.version: '10.0', java.version: '11.0.18'
Driver info: driver.version: unknown
	at org.openqa.selenium.devtools.Connection.handle(Connection.java:260)
	... 5 more
авг. 16, 2023 4:23:21 PM org.openqa.selenium.devtools.Connection$Listener lambda$onText$0
WARNING: Unable to process: {"method":"Fetch.requestPaused","params":{"requestId":"interception-job-423.0","request":{"url":"http://localhost:8080/favicon.ico","method":"GET","headers":{"Accept":"image/avif,image/webp,image/apng,image/svg+xml,image/*,*/*;q=0.8","Referer":"http://localhost:8080/","User-Agent":"Mozilla/5.0 (Windows NT 10.0; Win64; x64) AppleWebKit/537.36 (KHTML, like Gecko) Chrome/116.0.0.0 Safari/537.36","sec-ch-ua":"\"Chromium\";v=\"116\", \"Not)A;Brand\";v=\"24\", \"Google Chrome\";v=\"116\"","sec-ch-ua-mobile":"?0","sec-ch-ua-platform":"\"Windows\""},"initialPriority":"High","referrerPolicy":"unsafe-url"},"frameId":"D165F02B89151667DFD1BF49856829E7","resourceType":"Other","responseStatusCode":200,"responseStatusText":"","responseHeaders":[{"name":"Vary","value":"Origin"},{"name":"Vary","value":"Access-Control-Request-Method"},{"name":"Vary","value":"Access-Control-Request-Headers"},{"name":"Last-Modified","value":"Thu, 03 Aug 2023 10:18:16 GMT"},{"name":"Accept-Ranges","value":"bytes"},{"name":"Content-Type","value":"image/x-icon"},{"name":"Content-Length","value":"4286"},{"name":"Date","value":"Wed, 16 Aug 2023 13:20:23 GMT"}]},"sessionId":"69DE6D1A85B5D627489871F60443E14A"}
org.openqa.selenium.devtools.DevToolsException: {"id":2620,"error":{"code":-32602,"message":"Invalid InterceptionId."},"sessionId":"69DE6D1A85B5D627489871F60443E14A"}
Build info: version: '4.11.0', revision: '040bc5406b'
System info: os.name: 'Windows 10', os.arch: 'amd64', os.version: '10.0', java.version: '11.0.18'
Driver info: driver.version: unknown
	at org.openqa.selenium.devtools.Connection.sendAndWait(Connection.java:181)
	at org.openqa.selenium.devtools.DevTools.send(DevTools.java:81)
	at org.openqa.selenium.devtools.idealized.Network.lambda$prepareToInterceptTraffic$4(Network.java:194)
	at org.openqa.selenium.devtools.Connection.lambda$handle$4(Connection.java:321)
	at java.base/java.util.stream.ForEachOps$ForEachOp$OfRef.accept(ForEachOps.java:183)
	at java.base/java.util.stream.ReferencePipeline$2$1.accept(ReferencePipeline.java:177)
	at java.base/java.util.stream.ReferencePipeline$11$1.accept(ReferencePipeline.java:442)
	at java.base/java.util.HashMap$KeySpliterator.forEachRemaining(HashMap.java:1621)
	at java.base/java.util.stream.AbstractPipeline.copyInto(AbstractPipeline.java:484)
	at java.base/java.util.stream.AbstractPipeline.wrapAndCopyInto(AbstractPipeline.java:474)
	at java.base/java.util.stream.ForEachOps$ForEachOp.evaluateSequential(ForEachOps.java:150)
	at java.base/java.util.stream.ForEachOps$ForEachOp$OfRef.evaluateSequential(ForEachOps.java:173)
	at java.base/java.util.stream.AbstractPipeline.evaluate(AbstractPipeline.java:234)
	at java.base/java.util.stream.ReferencePipeline.forEach(ReferencePipeline.java:497)
	at org.openqa.selenium.devtools.Connection.handle(Connection.java:287)
	at org.openqa.selenium.devtools.Connection.access$200(Connection.java:57)
	at org.openqa.selenium.devtools.Connection$Listener.lambda$onText$0(Connection.java:224)
	at java.base/java.util.concurrent.ThreadPoolExecutor.runWorker(ThreadPoolExecutor.java:1128)
	at java.base/java.util.concurrent.ThreadPoolExecutor$Worker.run(ThreadPoolExecutor.java:628)
	at java.base/java.lang.Thread.run(Thread.java:829)
Caused by: org.openqa.selenium.WebDriverException: {"id":2620,"error":{"code":-32602,"message":"Invalid InterceptionId."},"sessionId":"69DE6D1A85B5D627489871F60443E14A"}
Build info: version: '4.11.0', revision: '040bc5406b'
System info: os.name: 'Windows 10', os.arch: 'amd64', os.version: '10.0', java.version: '11.0.18'
Driver info: driver.version: unknown
	at org.openqa.selenium.devtools.Connection.handle(Connection.java:260)
	... 5 more

Exception in thread "CDP Connection" org.openqa.selenium.devtools.DevToolsException: {"id":2620,"error":{"code":-32602,"message":"Invalid InterceptionId."},"sessionId":"69DE6D1A85B5D627489871F60443E14A"}
Build info: version: '4.11.0', revision: '040bc5406b'
System info: os.name: 'Windows 10', os.arch: 'amd64', os.version: '10.0', java.version: '11.0.18'
Driver info: driver.version: unknown
	at org.openqa.selenium.devtools.Connection$Listener.lambda$onText$0(Connection.java:227)
	at java.base/java.util.concurrent.ThreadPoolExecutor.runWorker(ThreadPoolExecutor.java:1128)
	at java.base/java.util.concurrent.ThreadPoolExecutor$Worker.run(ThreadPoolExecutor.java:628)
	at java.base/java.lang.Thread.run(Thread.java:829)
Caused by: org.openqa.selenium.devtools.DevToolsException: {"id":2620,"error":{"code":-32602,"message":"Invalid InterceptionId."},"sessionId":"69DE6D1A85B5D627489871F60443E14A"}
Build info: version: '4.11.0', revision: '040bc5406b'
System info: os.name: 'Windows 10', os.arch: 'amd64', os.version: '10.0', java.version: '11.0.18'
Driver info: driver.version: unknown
	at org.openqa.selenium.devtools.Connection.sendAndWait(Connection.java:181)
	at org.openqa.selenium.devtools.DevTools.send(DevTools.java:81)
	at org.openqa.selenium.devtools.idealized.Network.lambda$prepareToInterceptTraffic$4(Network.java:194)
	at org.openqa.selenium.devtools.Connection.lambda$handle$4(Connection.java:321)
	at java.base/java.util.stream.ForEachOps$ForEachOp$OfRef.accept(ForEachOps.java:183)
	at java.base/java.util.stream.ReferencePipeline$2$1.accept(ReferencePipeline.java:177)
	at java.base/java.util.stream.ReferencePipeline$11$1.accept(ReferencePipeline.java:442)
	at java.base/java.util.HashMap$KeySpliterator.forEachRemaining(HashMap.java:1621)
	at java.base/java.util.stream.AbstractPipeline.copyInto(AbstractPipeline.java:484)
	at java.base/java.util.stream.AbstractPipeline.wrapAndCopyInto(AbstractPipeline.java:474)
	at java.base/java.util.stream.ForEachOps$ForEachOp.evaluateSequential(ForEachOps.java:150)
	at java.base/java.util.stream.ForEachOps$ForEachOp$OfRef.evaluateSequential(ForEachOps.java:173)
	at java.base/java.util.stream.AbstractPipeline.evaluate(AbstractPipeline.java:234)
	at java.base/java.util.stream.ReferencePipeline.forEach(ReferencePipeline.java:497)
	at org.openqa.selenium.devtools.Connection.handle(Connection.java:287)
	at org.openqa.selenium.devtools.Connection.access$200(Connection.java:57)
	at org.openqa.selenium.devtools.Connection$Listener.lambda$onText$0(Connection.java:224)
	... 3 more
Caused by: org.openqa.selenium.WebDriverException: {"id":2620,"error":{"code":-32602,"message":"Invalid InterceptionId."},"sessionId":"69DE6D1A85B5D627489871F60443E14A"}
Build info: version: '4.11.0', revision: '040bc5406b'
System info: os.name: 'Windows 10', os.arch: 'amd64', os.version: '10.0', java.version: '11.0.18'
Driver info: driver.version: unknown
	at org.openqa.selenium.devtools.Connection.handle(Connection.java:260)
	... 5 more
авг. 16, 2023 4:23:21 PM org.openqa.selenium.devtools.Connection$Listener lambda$onText$0
WARNING: Unable to process: {"method":"Fetch.requestPaused","params":{"requestId":"interception-job-424.0","request":{"url":"http://localhost:8080/logo192.png","method":"GET","headers":{"Accept":"image/avif,image/webp,image/apng,image/svg+xml,image/*,*/*;q=0.8","Referer":"http://localhost:8080/","User-Agent":"Mozilla/5.0 (Windows NT 10.0; Win64; x64) AppleWebKit/537.36 (KHTML, like Gecko) Chrome/116.0.0.0 Safari/537.36","sec-ch-ua":"\"Chromium\";v=\"116\", \"Not)A;Brand\";v=\"24\", \"Google Chrome\";v=\"116\"","sec-ch-ua-mobile":"?0","sec-ch-ua-platform":"\"Windows\""},"initialPriority":"High","referrerPolicy":"unsafe-url"},"frameId":"D165F02B89151667DFD1BF49856829E7","resourceType":"Image","responseStatusCode":200,"responseStatusText":"","responseHeaders":[{"name":"Vary","value":"Origin"},{"name":"Vary","value":"Access-Control-Request-Method"},{"name":"Vary","value":"Access-Control-Request-Headers"},{"name":"Last-Modified","value":"Thu, 03 Aug 2023 10:18:16 GMT"},{"name":"Accept-Ranges","value":"bytes"},{"name":"Content-Type","value":"image/png"},{"name":"Content-Length","value":"8581"},{"name":"Date","value":"Wed, 16 Aug 2023 13:20:23 GMT"}]},"sessionId":"69DE6D1A85B5D627489871F60443E14A"}
org.openqa.selenium.devtools.DevToolsException: {"id":2624,"error":{"code":-32602,"message":"Invalid InterceptionId."},"sessionId":"69DE6D1A85B5D627489871F60443E14A"}
Build info: version: '4.11.0', revision: '040bc5406b'
System info: os.name: 'Windows 10', os.arch: 'amd64', os.version: '10.0', java.version: '11.0.18'
Driver info: driver.version: unknown
	at org.openqa.selenium.devtools.Connection.sendAndWait(Connection.java:181)
	at org.openqa.selenium.devtools.DevTools.send(DevTools.java:81)
	at org.openqa.selenium.devtools.idealized.Network.lambda$prepareToInterceptTraffic$4(Network.java:194)
	at org.openqa.selenium.devtools.Connection.lambda$handle$4(Connection.java:321)
	at java.base/java.util.stream.ForEachOps$ForEachOp$OfRef.accept(ForEachOps.java:183)
	at java.base/java.util.stream.ReferencePipeline$2$1.accept(ReferencePipeline.java:177)
	at java.base/java.util.stream.ReferencePipeline$11$1.accept(ReferencePipeline.java:442)
	at java.base/java.util.HashMap$KeySpliterator.forEachRemaining(HashMap.java:1621)
	at java.base/java.util.stream.AbstractPipeline.copyInto(AbstractPipeline.java:484)
	at java.base/java.util.stream.AbstractPipeline.wrapAndCopyInto(AbstractPipeline.java:474)
	at java.base/java.util.stream.ForEachOps$ForEachOp.evaluateSequential(ForEachOps.java:150)
	at java.base/java.util.stream.ForEachOps$ForEachOp$OfRef.evaluateSequential(ForEachOps.java:173)
	at java.base/java.util.stream.AbstractPipeline.evaluate(AbstractPipeline.java:234)
	at java.base/java.util.stream.ReferencePipeline.forEach(ReferencePipeline.java:497)
	at org.openqa.selenium.devtools.Connection.handle(Connection.java:287)
	at org.openqa.selenium.devtools.Connection.access$200(Connection.java:57)
	at org.openqa.selenium.devtools.Connection$Listener.lambda$onText$0(Connection.java:224)
	at java.base/java.util.concurrent.ThreadPoolExecutor.runWorker(ThreadPoolExecutor.java:1128)
	at java.base/java.util.concurrent.ThreadPoolExecutor$Worker.run(ThreadPoolExecutor.java:628)
	at java.base/java.lang.Thread.run(Thread.java:829)
Caused by: org.openqa.selenium.WebDriverException: {"id":2624,"error":{"code":-32602,"message":"Invalid InterceptionId."},"sessionId":"69DE6D1A85B5D627489871F60443E14A"}
Build info: version: '4.11.0', revision: '040bc5406b'
System info: os.name: 'Windows 10', os.arch: 'amd64', os.version: '10.0', java.version: '11.0.18'
Driver info: driver.version: unknown
	at org.openqa.selenium.devtools.Connection.handle(Connection.java:260)
	... 5 more

Exception in thread "CDP Connection" org.openqa.selenium.devtools.DevToolsException: {"id":2624,"error":{"code":-32602,"message":"Invalid InterceptionId."},"sessionId":"69DE6D1A85B5D627489871F60443E14A"}
Build info: version: '4.11.0', revision: '040bc5406b'
System info: os.name: 'Windows 10', os.arch: 'amd64', os.version: '10.0', java.version: '11.0.18'
Driver info: driver.version: unknown
	at org.openqa.selenium.devtools.Connection$Listener.lambda$onText$0(Connection.java:227)
	at java.base/java.util.concurrent.ThreadPoolExecutor.runWorker(ThreadPoolExecutor.java:1128)
	at java.base/java.util.concurrent.ThreadPoolExecutor$Worker.run(ThreadPoolExecutor.java:628)
	at java.base/java.lang.Thread.run(Thread.java:829)
Caused by: org.openqa.selenium.devtools.DevToolsException: {"id":2624,"error":{"code":-32602,"message":"Invalid InterceptionId."},"sessionId":"69DE6D1A85B5D627489871F60443E14A"}
Build info: version: '4.11.0', revision: '040bc5406b'
System info: os.name: 'Windows 10', os.arch: 'amd64', os.version: '10.0', java.version: '11.0.18'
Driver info: driver.version: unknown
	at org.openqa.selenium.devtools.Connection.sendAndWait(Connection.java:181)
	at org.openqa.selenium.devtools.DevTools.send(DevTools.java:81)
	at org.openqa.selenium.devtools.idealized.Network.lambda$prepareToInterceptTraffic$4(Network.java:194)
	at org.openqa.selenium.devtools.Connection.lambda$handle$4(Connection.java:321)
	at java.base/java.util.stream.ForEachOps$ForEachOp$OfRef.accept(ForEachOps.java:183)
	at java.base/java.util.stream.ReferencePipeline$2$1.accept(ReferencePipeline.java:177)
	at java.base/java.util.stream.ReferencePipeline$11$1.accept(ReferencePipeline.java:442)
	at java.base/java.util.HashMap$KeySpliterator.forEachRemaining(HashMap.java:1621)
	at java.base/java.util.stream.AbstractPipeline.copyInto(AbstractPipeline.java:484)
	at java.base/java.util.stream.AbstractPipeline.wrapAndCopyInto(AbstractPipeline.java:474)
	at java.base/java.util.stream.ForEachOps$ForEachOp.evaluateSequential(ForEachOps.java:150)
	at java.base/java.util.stream.ForEachOps$ForEachOp$OfRef.evaluateSequential(ForEachOps.java:173)
	at java.base/java.util.stream.AbstractPipeline.evaluate(AbstractPipeline.java:234)
	at java.base/java.util.stream.ReferencePipeline.forEach(ReferencePipeline.java:497)
	at org.openqa.selenium.devtools.Connection.handle(Connection.java:287)
	at org.openqa.selenium.devtools.Connection.access$200(Connection.java:57)
	at org.openqa.selenium.devtools.Connection$Listener.lambda$onText$0(Connection.java:224)
	... 3 more
Caused by: org.openqa.selenium.WebDriverException: {"id":2624,"error":{"code":-32602,"message":"Invalid InterceptionId."},"sessionId":"69DE6D1A85B5D627489871F60443E14A"}
Build info: version: '4.11.0', revision: '040bc5406b'
System info: os.name: 'Windows 10', os.arch: 'amd64', os.version: '10.0', java.version: '11.0.18'
Driver info: driver.version: unknown
	at org.openqa.selenium.devtools.Connection.handle(Connection.java:260)
	... 5 more
авг. 16, 2023 4:23:21 PM org.openqa.selenium.devtools.Connection$Listener lambda$onText$0
WARNING: Unable to process: {"method":"Fetch.requestPaused","params":{"requestId":"interception-job-424.0","request":{"url":"http://localhost:8080/logo192.png","method":"GET","headers":{"Accept":"image/avif,image/webp,image/apng,image/svg+xml,image/*,*/*;q=0.8","Referer":"http://localhost:8080/","User-Agent":"Mozilla/5.0 (Windows NT 10.0; Win64; x64) AppleWebKit/537.36 (KHTML, like Gecko) Chrome/116.0.0.0 Safari/537.36","sec-ch-ua":"\"Chromium\";v=\"116\", \"Not)A;Brand\";v=\"24\", \"Google Chrome\";v=\"116\"","sec-ch-ua-mobile":"?0","sec-ch-ua-platform":"\"Windows\""},"initialPriority":"High","referrerPolicy":"strict-origin-when-cross-origin"},"frameId":"D165F02B89151667DFD1BF49856829E7","resourceType":"Image"},"sessionId":"69DE6D1A85B5D627489871F60443E14A"}
org.openqa.selenium.devtools.DevToolsException: {"id":2625,"error":{"code":-32602,"message":"Invalid InterceptionId."},"sessionId":"69DE6D1A85B5D627489871F60443E14A"}
Build info: version: '4.11.0', revision: '040bc5406b'
System info: os.name: 'Windows 10', os.arch: 'amd64', os.version: '10.0', java.version: '11.0.18'
Driver info: driver.version: unknown
	at org.openqa.selenium.devtools.Connection.sendAndWait(Connection.java:181)
	at org.openqa.selenium.devtools.DevTools.send(DevTools.java:81)
	at org.openqa.selenium.devtools.idealized.Network.lambda$prepareToInterceptTraffic$3(Network.java:211)
	at org.openqa.selenium.remote.http.Filter.lambda$andFinally$1(Filter.java:55)
	at org.openqa.selenium.devtools.idealized.Network.lambda$prepareToInterceptTraffic$4(Network.java:226)
	at org.openqa.selenium.devtools.Connection.lambda$handle$4(Connection.java:321)
	at java.base/java.util.stream.ForEachOps$ForEachOp$OfRef.accept(ForEachOps.java:183)
	at java.base/java.util.stream.ReferencePipeline$2$1.accept(ReferencePipeline.java:177)
	at java.base/java.util.stream.ReferencePipeline$11$1.accept(ReferencePipeline.java:442)
	at java.base/java.util.HashMap$KeySpliterator.forEachRemaining(HashMap.java:1621)
	at java.base/java.util.stream.AbstractPipeline.copyInto(AbstractPipeline.java:484)
	at java.base/java.util.stream.AbstractPipeline.wrapAndCopyInto(AbstractPipeline.java:474)
	at java.base/java.util.stream.ForEachOps$ForEachOp.evaluateSequential(ForEachOps.java:150)
	at java.base/java.util.stream.ForEachOps$ForEachOp$OfRef.evaluateSequential(ForEachOps.java:173)
	at java.base/java.util.stream.AbstractPipeline.evaluate(AbstractPipeline.java:234)
	at java.base/java.util.stream.ReferencePipeline.forEach(ReferencePipeline.java:497)
	at org.openqa.selenium.devtools.Connection.handle(Connection.java:287)
	at org.openqa.selenium.devtools.Connection.access$200(Connection.java:57)
	at org.openqa.selenium.devtools.Connection$Listener.lambda$onText$0(Connection.java:224)
	at java.base/java.util.concurrent.ThreadPoolExecutor.runWorker(ThreadPoolExecutor.java:1128)
	at java.base/java.util.concurrent.ThreadPoolExecutor$Worker.run(ThreadPoolExecutor.java:628)
	at java.base/java.lang.Thread.run(Thread.java:829)
Caused by: org.openqa.selenium.WebDriverException: {"id":2625,"error":{"code":-32602,"message":"Invalid InterceptionId."},"sessionId":"69DE6D1A85B5D627489871F60443E14A"}
Build info: version: '4.11.0', revision: '040bc5406b'
System info: os.name: 'Windows 10', os.arch: 'amd64', os.version: '10.0', java.version: '11.0.18'
Driver info: driver.version: unknown
	at org.openqa.selenium.devtools.Connection.handle(Connection.java:260)
	... 5 more

Exception in thread "CDP Connection" org.openqa.selenium.devtools.DevToolsException: {"id":2625,"error":{"code":-32602,"message":"Invalid InterceptionId."},"sessionId":"69DE6D1A85B5D627489871F60443E14A"}
Build info: version: '4.11.0', revision: '040bc5406b'
System info: os.name: 'Windows 10', os.arch: 'amd64', os.version: '10.0', java.version: '11.0.18'
Driver info: driver.version: unknown
	at org.openqa.selenium.devtools.Connection$Listener.lambda$onText$0(Connection.java:227)
	at java.base/java.util.concurrent.ThreadPoolExecutor.runWorker(ThreadPoolExecutor.java:1128)
	at java.base/java.util.concurrent.ThreadPoolExecutor$Worker.run(ThreadPoolExecutor.java:628)
	at java.base/java.lang.Thread.run(Thread.java:829)
Caused by: org.openqa.selenium.devtools.DevToolsException: {"id":2625,"error":{"code":-32602,"message":"Invalid InterceptionId."},"sessionId":"69DE6D1A85B5D627489871F60443E14A"}
Build info: version: '4.11.0', revision: '040bc5406b'
System info: os.name: 'Windows 10', os.arch: 'amd64', os.version: '10.0', java.version: '11.0.18'
Driver info: driver.version: unknown
	at org.openqa.selenium.devtools.Connection.sendAndWait(Connection.java:181)
	at org.openqa.selenium.devtools.DevTools.send(DevTools.java:81)
	at org.openqa.selenium.devtools.idealized.Network.lambda$prepareToInterceptTraffic$3(Network.java:211)
	at org.openqa.selenium.remote.http.Filter.lambda$andFinally$1(Filter.java:55)
	at org.openqa.selenium.devtools.idealized.Network.lambda$prepareToInterceptTraffic$4(Network.java:226)
	at org.openqa.selenium.devtools.Connection.lambda$handle$4(Connection.java:321)
	at java.base/java.util.stream.ForEachOps$ForEachOp$OfRef.accept(ForEachOps.java:183)
	at java.base/java.util.stream.ReferencePipeline$2$1.accept(ReferencePipeline.java:177)
	at java.base/java.util.stream.ReferencePipeline$11$1.accept(ReferencePipeline.java:442)
	at java.base/java.util.HashMap$KeySpliterator.forEachRemaining(HashMap.java:1621)
	at java.base/java.util.stream.AbstractPipeline.copyInto(AbstractPipeline.java:484)
	at java.base/java.util.stream.AbstractPipeline.wrapAndCopyInto(AbstractPipeline.java:474)
	at java.base/java.util.stream.ForEachOps$ForEachOp.evaluateSequential(ForEachOps.java:150)
	at java.base/java.util.stream.ForEachOps$ForEachOp$OfRef.evaluateSequential(ForEachOps.java:173)
	at java.base/java.util.stream.AbstractPipeline.evaluate(AbstractPipeline.java:234)
	at java.base/java.util.stream.ReferencePipeline.forEach(ReferencePipeline.java:497)
	at org.openqa.selenium.devtools.Connection.handle(Connection.java:287)
	at org.openqa.selenium.devtools.Connection.access$200(Connection.java:57)
	at org.openqa.selenium.devtools.Connection$Listener.lambda$onText$0(Connection.java:224)
	... 3 more
Caused by: org.openqa.selenium.WebDriverException: {"id":2625,"error":{"code":-32602,"message":"Invalid InterceptionId."},"sessionId":"69DE6D1A85B5D627489871F60443E14A"}
Build info: version: '4.11.0', revision: '040bc5406b'
System info: os.name: 'Windows 10', os.arch: 'amd64', os.version: '10.0', java.version: '11.0.18'
Driver info: driver.version: unknown
	at org.openqa.selenium.devtools.Connection.handle(Connection.java:260)
	... 5 more
авг. 16, 2023 4:23:21 PM org.openqa.selenium.devtools.Connection$Listener lambda$onText$0
WARNING: Unable to process: {"method":"Fetch.requestPaused","params":{"requestId":"interception-job-425.0","request":{"url":"http://localhost:8080/static/media/icon_ok_m_white.5987da79.svg","method":"GET","headers":{"Accept":"image/avif,image/webp,image/apng,image/svg+xml,image/*,*/*;q=0.8","Referer":"http://localhost:8080/static/css/2.7d875902.chunk.css","User-Agent":"Mozilla/5.0 (Windows NT 10.0; Win64; x64) AppleWebKit/537.36 (KHTML, like Gecko) Chrome/116.0.0.0 Safari/537.36","sec-ch-ua":"\"Chromium\";v=\"116\", \"Not)A;Brand\";v=\"24\", \"Google Chrome\";v=\"116\"","sec-ch-ua-mobile":"?0","sec-ch-ua-platform":"\"Windows\""},"initialPriority":"Low","referrerPolicy":"unsafe-url"},"frameId":"D165F02B89151667DFD1BF49856829E7","resourceType":"Image","responseStatusCode":200,"responseStatusText":"","responseHeaders":[{"name":"Vary","value":"Origin"},{"name":"Vary","value":"Access-Control-Request-Method"},{"name":"Vary","value":"Access-Control-Request-Headers"},{"name":"Last-Modified","value":"Thu, 03 Aug 2023 10:18:16 GMT"},{"name":"Accept-Ranges","value":"bytes"},{"name":"Content-Type","value":"image/svg+xml"},{"name":"Content-Length","value":"687"},{"name":"Date","value":"Wed, 16 Aug 2023 13:20:24 GMT"}]},"sessionId":"69DE6D1A85B5D627489871F60443E14A"}
org.openqa.selenium.devtools.DevToolsException: {"id":2634,"error":{"code":-32602,"message":"Invalid InterceptionId."},"sessionId":"69DE6D1A85B5D627489871F60443E14A"}
Build info: version: '4.11.0', revision: '040bc5406b'
System info: os.name: 'Windows 10', os.arch: 'amd64', os.version: '10.0', java.version: '11.0.18'
Driver info: driver.version: unknown
	at org.openqa.selenium.devtools.Connection.sendAndWait(Connection.java:181)
	at org.openqa.selenium.devtools.DevTools.send(DevTools.java:81)
	at org.openqa.selenium.devtools.idealized.Network.lambda$prepareToInterceptTraffic$4(Network.java:194)
	at org.openqa.selenium.devtools.Connection.lambda$handle$4(Connection.java:321)
	at java.base/java.util.stream.ForEachOps$ForEachOp$OfRef.accept(ForEachOps.java:183)
	at java.base/java.util.stream.ReferencePipeline$2$1.accept(ReferencePipeline.java:177)
	at java.base/java.util.stream.ReferencePipeline$11$1.accept(ReferencePipeline.java:442)
	at java.base/java.util.HashMap$KeySpliterator.forEachRemaining(HashMap.java:1621)
	at java.base/java.util.stream.AbstractPipeline.copyInto(AbstractPipeline.java:484)
	at java.base/java.util.stream.AbstractPipeline.wrapAndCopyInto(AbstractPipeline.java:474)
	at java.base/java.util.stream.ForEachOps$ForEachOp.evaluateSequential(ForEachOps.java:150)
	at java.base/java.util.stream.ForEachOps$ForEachOp$OfRef.evaluateSequential(ForEachOps.java:173)
	at java.base/java.util.stream.AbstractPipeline.evaluate(AbstractPipeline.java:234)
	at java.base/java.util.stream.ReferencePipeline.forEach(ReferencePipeline.java:497)
	at org.openqa.selenium.devtools.Connection.handle(Connection.java:287)
	at org.openqa.selenium.devtools.Connection.access$200(Connection.java:57)
	at org.openqa.selenium.devtools.Connection$Listener.lambda$onText$0(Connection.java:224)
	at java.base/java.util.concurrent.ThreadPoolExecutor.runWorker(ThreadPoolExecutor.java:1128)
	at java.base/java.util.concurrent.ThreadPoolExecutor$Worker.run(ThreadPoolExecutor.java:628)
	at java.base/java.lang.Thread.run(Thread.java:829)
Caused by: org.openqa.selenium.WebDriverException: {"id":2634,"error":{"code":-32602,"message":"Invalid InterceptionId."},"sessionId":"69DE6D1A85B5D627489871F60443E14A"}
Build info: version: '4.11.0', revision: '040bc5406b'
System info: os.name: 'Windows 10', os.arch: 'amd64', os.version: '10.0', java.version: '11.0.18'
Driver info: driver.version: unknown
	at org.openqa.selenium.devtools.Connection.handle(Connection.java:260)
	... 5 more

Exception in thread "CDP Connection" org.openqa.selenium.devtools.DevToolsException: {"id":2634,"error":{"code":-32602,"message":"Invalid InterceptionId."},"sessionId":"69DE6D1A85B5D627489871F60443E14A"}
Build info: version: '4.11.0', revision: '040bc5406b'
System info: os.name: 'Windows 10', os.arch: 'amd64', os.version: '10.0', java.version: '11.0.18'
Driver info: driver.version: unknown
	at org.openqa.selenium.devtools.Connection$Listener.lambda$onText$0(Connection.java:227)
	at java.base/java.util.concurrent.ThreadPoolExecutor.runWorker(ThreadPoolExecutor.java:1128)
	at java.base/java.util.concurrent.ThreadPoolExecutor$Worker.run(ThreadPoolExecutor.java:628)
	at java.base/java.lang.Thread.run(Thread.java:829)
Caused by: org.openqa.selenium.devtools.DevToolsException: {"id":2634,"error":{"code":-32602,"message":"Invalid InterceptionId."},"sessionId":"69DE6D1A85B5D627489871F60443E14A"}
Build info: version: '4.11.0', revision: '040bc5406b'
System info: os.name: 'Windows 10', os.arch: 'amd64', os.version: '10.0', java.version: '11.0.18'
Driver info: driver.version: unknown
	at org.openqa.selenium.devtools.Connection.sendAndWait(Connection.java:181)
	at org.openqa.selenium.devtools.DevTools.send(DevTools.java:81)
	at org.openqa.selenium.devtools.idealized.Network.lambda$prepareToInterceptTraffic$4(Network.java:194)
	at org.openqa.selenium.devtools.Connection.lambda$handle$4(Connection.java:321)
	at java.base/java.util.stream.ForEachOps$ForEachOp$OfRef.accept(ForEachOps.java:183)
	at java.base/java.util.stream.ReferencePipeline$2$1.accept(ReferencePipeline.java:177)
	at java.base/java.util.stream.ReferencePipeline$11$1.accept(ReferencePipeline.java:442)
	at java.base/java.util.HashMap$KeySpliterator.forEachRemaining(HashMap.java:1621)
	at java.base/java.util.stream.AbstractPipeline.copyInto(AbstractPipeline.java:484)
	at java.base/java.util.stream.AbstractPipeline.wrapAndCopyInto(AbstractPipeline.java:474)
	at java.base/java.util.stream.ForEachOps$ForEachOp.evaluateSequential(ForEachOps.java:150)
	at java.base/java.util.stream.ForEachOps$ForEachOp$OfRef.evaluateSequential(ForEachOps.java:173)
	at java.base/java.util.stream.AbstractPipeline.evaluate(AbstractPipeline.java:234)
	at java.base/java.util.stream.ReferencePipeline.forEach(ReferencePipeline.java:497)
	at org.openqa.selenium.devtools.Connection.handle(Connection.java:287)
	at org.openqa.selenium.devtools.Connection.access$200(Connection.java:57)
	at org.openqa.selenium.devtools.Connection$Listener.lambda$onText$0(Connection.java:224)
	... 3 more
Caused by: org.openqa.selenium.WebDriverException: {"id":2634,"error":{"code":-32602,"message":"Invalid InterceptionId."},"sessionId":"69DE6D1A85B5D627489871F60443E14A"}
Build info: version: '4.11.0', revision: '040bc5406b'
System info: os.name: 'Windows 10', os.arch: 'amd64', os.version: '10.0', java.version: '11.0.18'
Driver info: driver.version: unknown
	at org.openqa.selenium.devtools.Connection.handle(Connection.java:260)
	... 5 more
авг. 16, 2023 4:23:21 PM org.openqa.selenium.devtools.Connection$Listener lambda$onText$0
WARNING: Unable to process: {"method":"Fetch.requestPaused","params":{"requestId":"interception-job-427.0","request":{"url":"http://localhost:8080/static/media/icon_error_m_white.143ec85a.svg","method":"GET","headers":{"Accept":"image/avif,image/webp,image/apng,image/svg+xml,image/*,*/*;q=0.8","Referer":"http://localhost:8080/static/css/2.7d875902.chunk.css","User-Agent":"Mozilla/5.0 (Windows NT 10.0; Win64; x64) AppleWebKit/537.36 (KHTML, like Gecko) Chrome/116.0.0.0 Safari/537.36","sec-ch-ua":"\"Chromium\";v=\"116\", \"Not)A;Brand\";v=\"24\", \"Google Chrome\";v=\"116\"","sec-ch-ua-mobile":"?0","sec-ch-ua-platform":"\"Windows\""},"initialPriority":"Low","referrerPolicy":"unsafe-url"},"frameId":"D165F02B89151667DFD1BF49856829E7","resourceType":"Image","responseStatusCode":200,"responseStatusText":"","responseHeaders":[{"name":"Vary","value":"Origin"},{"name":"Vary","value":"Access-Control-Request-Method"},{"name":"Vary","value":"Access-Control-Request-Headers"},{"name":"Last-Modified","value":"Thu, 03 Aug 2023 10:18:16 GMT"},{"name":"Accept-Ranges","value":"bytes"},{"name":"Content-Type","value":"image/svg+xml"},{"name":"Content-Length","value":"380"},{"name":"Date","value":"Wed, 16 Aug 2023 13:20:24 GMT"}]},"sessionId":"69DE6D1A85B5D627489871F60443E14A"}
org.openqa.selenium.devtools.DevToolsException: {"id":2640,"error":{"code":-32602,"message":"Invalid InterceptionId."},"sessionId":"69DE6D1A85B5D627489871F60443E14A"}
Build info: version: '4.11.0', revision: '040bc5406b'
System info: os.name: 'Windows 10', os.arch: 'amd64', os.version: '10.0', java.version: '11.0.18'
Driver info: driver.version: unknown
	at org.openqa.selenium.devtools.Connection.sendAndWait(Connection.java:181)
	at org.openqa.selenium.devtools.DevTools.send(DevTools.java:81)
	at org.openqa.selenium.devtools.idealized.Network.lambda$prepareToInterceptTraffic$4(Network.java:194)
	at org.openqa.selenium.devtools.Connection.lambda$handle$4(Connection.java:321)
	at java.base/java.util.stream.ForEachOps$ForEachOp$OfRef.accept(ForEachOps.java:183)
	at java.base/java.util.stream.ReferencePipeline$2$1.accept(ReferencePipeline.java:177)
	at java.base/java.util.stream.ReferencePipeline$11$1.accept(ReferencePipeline.java:442)
	at java.base/java.util.HashMap$KeySpliterator.forEachRemaining(HashMap.java:1621)
	at java.base/java.util.stream.AbstractPipeline.copyInto(AbstractPipeline.java:484)
	at java.base/java.util.stream.AbstractPipeline.wrapAndCopyInto(AbstractPipeline.java:474)
	at java.base/java.util.stream.ForEachOps$ForEachOp.evaluateSequential(ForEachOps.java:150)
	at java.base/java.util.stream.ForEachOps$ForEachOp$OfRef.evaluateSequential(ForEachOps.java:173)
	at java.base/java.util.stream.AbstractPipeline.evaluate(AbstractPipeline.java:234)
	at java.base/java.util.stream.ReferencePipeline.forEach(ReferencePipeline.java:497)
	at org.openqa.selenium.devtools.Connection.handle(Connection.java:287)
	at org.openqa.selenium.devtools.Connection.access$200(Connection.java:57)
	at org.openqa.selenium.devtools.Connection$Listener.lambda$onText$0(Connection.java:224)
	at java.base/java.util.concurrent.ThreadPoolExecutor.runWorker(ThreadPoolExecutor.java:1128)
	at java.base/java.util.concurrent.ThreadPoolExecutor$Worker.run(ThreadPoolExecutor.java:628)
	at java.base/java.lang.Thread.run(Thread.java:829)
Caused by: org.openqa.selenium.WebDriverException: {"id":2640,"error":{"code":-32602,"message":"Invalid InterceptionId."},"sessionId":"69DE6D1A85B5D627489871F60443E14A"}
Build info: version: '4.11.0', revision: '040bc5406b'
System info: os.name: 'Windows 10', os.arch: 'amd64', os.version: '10.0', java.version: '11.0.18'
Driver info: driver.version: unknown
	at org.openqa.selenium.devtools.Connection.handle(Connection.java:260)
	... 5 more

Exception in thread "CDP Connection" org.openqa.selenium.devtools.DevToolsException: {"id":2640,"error":{"code":-32602,"message":"Invalid InterceptionId."},"sessionId":"69DE6D1A85B5D627489871F60443E14A"}
Build info: version: '4.11.0', revision: '040bc5406b'
System info: os.name: 'Windows 10', os.arch: 'amd64', os.version: '10.0', java.version: '11.0.18'
Driver info: driver.version: unknown
	at org.openqa.selenium.devtools.Connection$Listener.lambda$onText$0(Connection.java:227)
	at java.base/java.util.concurrent.ThreadPoolExecutor.runWorker(ThreadPoolExecutor.java:1128)
	at java.base/java.util.concurrent.ThreadPoolExecutor$Worker.run(ThreadPoolExecutor.java:628)
	at java.base/java.lang.Thread.run(Thread.java:829)
Caused by: org.openqa.selenium.devtools.DevToolsException: {"id":2640,"error":{"code":-32602,"message":"Invalid InterceptionId."},"sessionId":"69DE6D1A85B5D627489871F60443E14A"}
Build info: version: '4.11.0', revision: '040bc5406b'
System info: os.name: 'Windows 10', os.arch: 'amd64', os.version: '10.0', java.version: '11.0.18'
Driver info: driver.version: unknown
	at org.openqa.selenium.devtools.Connection.sendAndWait(Connection.java:181)
	at org.openqa.selenium.devtools.DevTools.send(DevTools.java:81)
	at org.openqa.selenium.devtools.idealized.Network.lambda$prepareToInterceptTraffic$4(Network.java:194)
	at org.openqa.selenium.devtools.Connection.lambda$handle$4(Connection.java:321)
	at java.base/java.util.stream.ForEachOps$ForEachOp$OfRef.accept(ForEachOps.java:183)
	at java.base/java.util.stream.ReferencePipeline$2$1.accept(ReferencePipeline.java:177)
	at java.base/java.util.stream.ReferencePipeline$11$1.accept(ReferencePipeline.java:442)
	at java.base/java.util.HashMap$KeySpliterator.forEachRemaining(HashMap.java:1621)
	at java.base/java.util.stream.AbstractPipeline.copyInto(AbstractPipeline.java:484)
	at java.base/java.util.stream.AbstractPipeline.wrapAndCopyInto(AbstractPipeline.java:474)
	at java.base/java.util.stream.ForEachOps$ForEachOp.evaluateSequential(ForEachOps.java:150)
	at java.base/java.util.stream.ForEachOps$ForEachOp$OfRef.evaluateSequential(ForEachOps.java:173)
	at java.base/java.util.stream.AbstractPipeline.evaluate(AbstractPipeline.java:234)
	at java.base/java.util.stream.ReferencePipeline.forEach(ReferencePipeline.java:497)
	at org.openqa.selenium.devtools.Connection.handle(Connection.java:287)
	at org.openqa.selenium.devtools.Connection.access$200(Connection.java:57)
	at org.openqa.selenium.devtools.Connection$Listener.lambda$onText$0(Connection.java:224)
	... 3 more
Caused by: org.openqa.selenium.WebDriverException: {"id":2640,"error":{"code":-32602,"message":"Invalid InterceptionId."},"sessionId":"69DE6D1A85B5D627489871F60443E14A"}
Build info: version: '4.11.0', revision: '040bc5406b'
System info: os.name: 'Windows 10', os.arch: 'amd64', os.version: '10.0', java.version: '11.0.18'
Driver info: driver.version: unknown
	at org.openqa.selenium.devtools.Connection.handle(Connection.java:260)
	... 5 more
авг. 16, 2023 4:23:21 PM org.openqa.selenium.devtools.Connection$Listener lambda$onText$0
WARNING: Unable to process: {"method":"Fetch.requestPaused","params":{"requestId":"interception-job-426.0","request":{"url":"http://localhost:8080/static/media/icon_close_s_white.cd06f8fb.svg","method":"GET","headers":{"Accept":"image/avif,image/webp,image/apng,image/svg+xml,image/*,*/*;q=0.8","Referer":"http://localhost:8080/static/css/2.7d875902.chunk.css","User-Agent":"Mozilla/5.0 (Windows NT 10.0; Win64; x64) AppleWebKit/537.36 (KHTML, like Gecko) Chrome/116.0.0.0 Safari/537.36","sec-ch-ua":"\"Chromium\";v=\"116\", \"Not)A;Brand\";v=\"24\", \"Google Chrome\";v=\"116\"","sec-ch-ua-mobile":"?0","sec-ch-ua-platform":"\"Windows\""},"initialPriority":"Low","referrerPolicy":"unsafe-url"},"frameId":"D165F02B89151667DFD1BF49856829E7","resourceType":"Image","responseStatusCode":200,"responseStatusText":"","responseHeaders":[{"name":"Vary","value":"Origin"},{"name":"Vary","value":"Access-Control-Request-Method"},{"name":"Vary","value":"Access-Control-Request-Headers"},{"name":"Last-Modified","value":"Thu, 03 Aug 2023 10:18:16 GMT"},{"name":"Accept-Ranges","value":"bytes"},{"name":"Content-Type","value":"image/svg+xml"},{"name":"Content-Length","value":"247"},{"name":"Date","value":"Wed, 16 Aug 2023 13:20:24 GMT"}]},"sessionId":"69DE6D1A85B5D627489871F60443E14A"}
org.openqa.selenium.devtools.DevToolsException: {"id":2641,"error":{"code":-32602,"message":"Invalid InterceptionId."},"sessionId":"69DE6D1A85B5D627489871F60443E14A"}
Build info: version: '4.11.0', revision: '040bc5406b'
System info: os.name: 'Windows 10', os.arch: 'amd64', os.version: '10.0', java.version: '11.0.18'
Driver info: driver.version: unknown
	at org.openqa.selenium.devtools.Connection.sendAndWait(Connection.java:181)
	at org.openqa.selenium.devtools.DevTools.send(DevTools.java:81)
	at org.openqa.selenium.devtools.idealized.Network.lambda$prepareToInterceptTraffic$4(Network.java:194)
	at org.openqa.selenium.devtools.Connection.lambda$handle$4(Connection.java:321)
	at java.base/java.util.stream.ForEachOps$ForEachOp$OfRef.accept(ForEachOps.java:183)
	at java.base/java.util.stream.ReferencePipeline$2$1.accept(ReferencePipeline.java:177)
	at java.base/java.util.stream.ReferencePipeline$11$1.accept(ReferencePipeline.java:442)
	at java.base/java.util.HashMap$KeySpliterator.forEachRemaining(HashMap.java:1621)
	at java.base/java.util.stream.AbstractPipeline.copyInto(AbstractPipeline.java:484)
	at java.base/java.util.stream.AbstractPipeline.wrapAndCopyInto(AbstractPipeline.java:474)
	at java.base/java.util.stream.ForEachOps$ForEachOp.evaluateSequential(ForEachOps.java:150)
	at java.base/java.util.stream.ForEachOps$ForEachOp$OfRef.evaluateSequential(ForEachOps.java:173)
	at java.base/java.util.stream.AbstractPipeline.evaluate(AbstractPipeline.java:234)
	at java.base/java.util.stream.ReferencePipeline.forEach(ReferencePipeline.java:497)
	at org.openqa.selenium.devtools.Connection.handle(Connection.java:287)
	at org.openqa.selenium.devtools.Connection.access$200(Connection.java:57)
	at org.openqa.selenium.devtools.Connection$Listener.lambda$onText$0(Connection.java:224)
	at java.base/java.util.concurrent.ThreadPoolExecutor.runWorker(ThreadPoolExecutor.java:1128)
	at java.base/java.util.concurrent.ThreadPoolExecutor$Worker.run(ThreadPoolExecutor.java:628)
	at java.base/java.lang.Thread.run(Thread.java:829)
Caused by: org.openqa.selenium.WebDriverException: {"id":2641,"error":{"code":-32602,"message":"Invalid InterceptionId."},"sessionId":"69DE6D1A85B5D627489871F60443E14A"}
Build info: version: '4.11.0', revision: '040bc5406b'
System info: os.name: 'Windows 10', os.arch: 'amd64', os.version: '10.0', java.version: '11.0.18'
Driver info: driver.version: unknown
	at org.openqa.selenium.devtools.Connection.handle(Connection.java:260)
	... 5 more

Exception in thread "CDP Connection" org.openqa.selenium.devtools.DevToolsException: {"id":2641,"error":{"code":-32602,"message":"Invalid InterceptionId."},"sessionId":"69DE6D1A85B5D627489871F60443E14A"}
Build info: version: '4.11.0', revision: '040bc5406b'
System info: os.name: 'Windows 10', os.arch: 'amd64', os.version: '10.0', java.version: '11.0.18'
Driver info: driver.version: unknown
	at org.openqa.selenium.devtools.Connection$Listener.lambda$onText$0(Connection.java:227)
	at java.base/java.util.concurrent.ThreadPoolExecutor.runWorker(ThreadPoolExecutor.java:1128)
	at java.base/java.util.concurrent.ThreadPoolExecutor$Worker.run(ThreadPoolExecutor.java:628)
	at java.base/java.lang.Thread.run(Thread.java:829)
Caused by: org.openqa.selenium.devtools.DevToolsException: {"id":2641,"error":{"code":-32602,"message":"Invalid InterceptionId."},"sessionId":"69DE6D1A85B5D627489871F60443E14A"}
Build info: version: '4.11.0', revision: '040bc5406b'
System info: os.name: 'Windows 10', os.arch: 'amd64', os.version: '10.0', java.version: '11.0.18'
Driver info: driver.version: unknown
	at org.openqa.selenium.devtools.Connection.sendAndWait(Connection.java:181)
	at org.openqa.selenium.devtools.DevTools.send(DevTools.java:81)
	at org.openqa.selenium.devtools.idealized.Network.lambda$prepareToInterceptTraffic$4(Network.java:194)
	at org.openqa.selenium.devtools.Connection.lambda$handle$4(Connection.java:321)
	at java.base/java.util.stream.ForEachOps$ForEachOp$OfRef.accept(ForEachOps.java:183)
	at java.base/java.util.stream.ReferencePipeline$2$1.accept(ReferencePipeline.java:177)
	at java.base/java.util.stream.ReferencePipeline$11$1.accept(ReferencePipeline.java:442)
	at java.base/java.util.HashMap$KeySpliterator.forEachRemaining(HashMap.java:1621)
	at java.base/java.util.stream.AbstractPipeline.copyInto(AbstractPipeline.java:484)
	at java.base/java.util.stream.AbstractPipeline.wrapAndCopyInto(AbstractPipeline.java:474)
	at java.base/java.util.stream.ForEachOps$ForEachOp.evaluateSequential(ForEachOps.java:150)
	at java.base/java.util.stream.ForEachOps$ForEachOp$OfRef.evaluateSequential(ForEachOps.java:173)
	at java.base/java.util.stream.AbstractPipeline.evaluate(AbstractPipeline.java:234)
	at java.base/java.util.stream.ReferencePipeline.forEach(ReferencePipeline.java:497)
	at org.openqa.selenium.devtools.Connection.handle(Connection.java:287)
	at org.openqa.selenium.devtools.Connection.access$200(Connection.java:57)
	at org.openqa.selenium.devtools.Connection$Listener.lambda$onText$0(Connection.java:224)
	... 3 more
авг. 16, 2023 4:23:21 PM org.openqa.selenium.devtools.Connection$Listener lambda$onText$0
WARNING: Unable to process: {"method":"Fetch.requestPaused","params":{"requestId":"interception-job-426.0","request":{"url":"http://localhost:8080/static/media/icon_close_s_white.cd06f8fb.svg","method":"GET","headers":{"Accept":"image/avif,image/webp,image/apng,image/svg+xml,image/*,*/*;q=0.8","Referer":"http://localhost:8080/static/css/2.7d875902.chunk.css","User-Agent":"Mozilla/5.0 (Windows NT 10.0; Win64; x64) AppleWebKit/537.36 (KHTML, like Gecko) Chrome/116.0.0.0 Safari/537.36","sec-ch-ua":"\"Chromium\";v=\"116\", \"Not)A;Brand\";v=\"24\", \"Google Chrome\";v=\"116\"","sec-ch-ua-mobile":"?0","sec-ch-ua-platform":"\"Windows\""},"initialPriority":"Low","referrerPolicy":"strict-origin-when-cross-origin"},"frameId":"D165F02B89151667DFD1BF49856829E7","resourceType":"Image"},"sessionId":"69DE6D1A85B5D627489871F60443E14A"}
Caused by: org.openqa.selenium.WebDriverException: {"id":2641,"error":{"code":-32602,"message":"Invalid InterceptionId."},"sessionId":"69DE6D1A85B5D627489871F60443E14A"}
Build info: version: '4.11.0', revision: '040bc5406b'
System info: os.name: 'Windows 10', os.arch: 'amd64', os.version: '10.0', java.version: '11.0.18'
Driver info: driver.version: unknown
org.openqa.selenium.devtools.DevToolsException: {"id":2643,"error":{"code":-32602,"message":"Invalid InterceptionId."},"sessionId":"69DE6D1A85B5D627489871F60443E14A"}
Build info: version: '4.11.0', revision: '040bc5406b'
	at org.openqa.selenium.devtools.Connection.handle(Connection.java:260)
	... 5 more
System info: os.name: 'Windows 10', os.arch: 'amd64', os.version: '10.0', java.version: '11.0.18'
Driver info: driver.version: unknown
	at org.openqa.selenium.devtools.Connection.sendAndWait(Connection.java:181)
	at org.openqa.selenium.devtools.DevTools.send(DevTools.java:81)
	at org.openqa.selenium.devtools.idealized.Network.lambda$prepareToInterceptTraffic$3(Network.java:211)
	at org.openqa.selenium.remote.http.Filter.lambda$andFinally$1(Filter.java:55)
	at org.openqa.selenium.devtools.idealized.Network.lambda$prepareToInterceptTraffic$4(Network.java:226)
	at org.openqa.selenium.devtools.Connection.lambda$handle$4(Connection.java:321)
	at java.base/java.util.stream.ForEachOps$ForEachOp$OfRef.accept(ForEachOps.java:183)
	at java.base/java.util.stream.ReferencePipeline$2$1.accept(ReferencePipeline.java:177)
	at java.base/java.util.stream.ReferencePipeline$11$1.accept(ReferencePipeline.java:442)
	at java.base/java.util.HashMap$KeySpliterator.forEachRemaining(HashMap.java:1621)
	at java.base/java.util.stream.AbstractPipeline.copyInto(AbstractPipeline.java:484)
	at java.base/java.util.stream.AbstractPipeline.wrapAndCopyInto(AbstractPipeline.java:474)
	at java.base/java.util.stream.ForEachOps$ForEachOp.evaluateSequential(ForEachOps.java:150)
	at java.base/java.util.stream.ForEachOps$ForEachOp$OfRef.evaluateSequential(ForEachOps.java:173)
	at java.base/java.util.stream.AbstractPipeline.evaluate(AbstractPipeline.java:234)
	at java.base/java.util.stream.ReferencePipeline.forEach(ReferencePipeline.java:497)
	at org.openqa.selenium.devtools.Connection.handle(Connection.java:287)
	at org.openqa.selenium.devtools.Connection.access$200(Connection.java:57)
	at org.openqa.selenium.devtools.Connection$Listener.lambda$onText$0(Connection.java:224)
	at java.base/java.util.concurrent.ThreadPoolExecutor.runWorker(ThreadPoolExecutor.java:1128)
	at java.base/java.util.concurrent.ThreadPoolExecutor$Worker.run(ThreadPoolExecutor.java:628)
	at java.base/java.lang.Thread.run(Thread.java:829)
Caused by: org.openqa.selenium.WebDriverException: {"id":2643,"error":{"code":-32602,"message":"Invalid InterceptionId."},"sessionId":"69DE6D1A85B5D627489871F60443E14A"}
Build info: version: '4.11.0', revision: '040bc5406b'
System info: os.name: 'Windows 10', os.arch: 'amd64', os.version: '10.0', java.version: '11.0.18'
Driver info: driver.version: unknown
	at org.openqa.selenium.devtools.Connection.handle(Connection.java:260)
	... 5 more

Exception in thread "CDP Connection" org.openqa.selenium.devtools.DevToolsException: {"id":2643,"error":{"code":-32602,"message":"Invalid InterceptionId."},"sessionId":"69DE6D1A85B5D627489871F60443E14A"}
Build info: version: '4.11.0', revision: '040bc5406b'
System info: os.name: 'Windows 10', os.arch: 'amd64', os.version: '10.0', java.version: '11.0.18'
Driver info: driver.version: unknown
	at org.openqa.selenium.devtools.Connection$Listener.lambda$onText$0(Connection.java:227)
	at java.base/java.util.concurrent.ThreadPoolExecutor.runWorker(ThreadPoolExecutor.java:1128)
	at java.base/java.util.concurrent.ThreadPoolExecutor$Worker.run(ThreadPoolExecutor.java:628)
	at java.base/java.lang.Thread.run(Thread.java:829)
Caused by: org.openqa.selenium.devtools.DevToolsException: {"id":2643,"error":{"code":-32602,"message":"Invalid InterceptionId."},"sessionId":"69DE6D1A85B5D627489871F60443E14A"}
Build info: version: '4.11.0', revision: '040bc5406b'
System info: os.name: 'Windows 10', os.arch: 'amd64', os.version: '10.0', java.version: '11.0.18'
Driver info: driver.version: unknown
	at org.openqa.selenium.devtools.Connection.sendAndWait(Connection.java:181)
	at org.openqa.selenium.devtools.DevTools.send(DevTools.java:81)
	at org.openqa.selenium.devtools.idealized.Network.lambda$prepareToInterceptTraffic$3(Network.java:211)
	at org.openqa.selenium.remote.http.Filter.lambda$andFinally$1(Filter.java:55)
	at org.openqa.selenium.devtools.idealized.Network.lambda$prepareToInterceptTraffic$4(Network.java:226)
	at org.openqa.selenium.devtools.Connection.lambda$handle$4(Connection.java:321)
	at java.base/java.util.stream.ForEachOps$ForEachOp$OfRef.accept(ForEachOps.java:183)
	at java.base/java.util.stream.ReferencePipeline$2$1.accept(ReferencePipeline.java:177)
	at java.base/java.util.stream.ReferencePipeline$11$1.accept(ReferencePipeline.java:442)
	at java.base/java.util.HashMap$KeySpliterator.forEachRemaining(HashMap.java:1621)
	at java.base/java.util.stream.AbstractPipeline.copyInto(AbstractPipeline.java:484)
	at java.base/java.util.stream.AbstractPipeline.wrapAndCopyInto(AbstractPipeline.java:474)
	at java.base/java.util.stream.ForEachOps$ForEachOp.evaluateSequential(ForEachOps.java:150)
	at java.base/java.util.stream.ForEachOps$ForEachOp$OfRef.evaluateSequential(ForEachOps.java:173)
	at java.base/java.util.stream.AbstractPipeline.evaluate(AbstractPipeline.java:234)
	at java.base/java.util.stream.ReferencePipeline.forEach(ReferencePipeline.java:497)
	at org.openqa.selenium.devtools.Connection.handle(Connection.java:287)
	at org.openqa.selenium.devtools.Connection.access$200(Connection.java:57)
	at org.openqa.selenium.devtools.Connection$Listener.lambda$onText$0(Connection.java:224)
	... 3 more
Caused by: org.openqa.selenium.WebDriverException: {"id":2643,"error":{"code":-32602,"message":"Invalid InterceptionId."},"sessionId":"69DE6D1A85B5D627489871F60443E14A"}
Build info: version: '4.11.0', revision: '040bc5406b'
System info: os.name: 'Windows 10', os.arch: 'amd64', os.version: '10.0', java.version: '11.0.18'
Driver info: driver.version: unknown
	at org.openqa.selenium.devtools.Connection.handle(Connection.java:260)
	... 5 more
авг. 16, 2023 4:23:21 PM org.openqa.selenium.devtools.Connection$Listener lambda$onText$0
WARNING: Unable to process: {"method":"Fetch.requestPaused","params":{"requestId":"interception-job-427.0","request":{"url":"http://localhost:8080/static/media/icon_error_m_white.143ec85a.svg","method":"GET","headers":{"Accept":"image/avif,image/webp,image/apng,image/svg+xml,image/*,*/*;q=0.8","Referer":"http://localhost:8080/static/css/2.7d875902.chunk.css","User-Agent":"Mozilla/5.0 (Windows NT 10.0; Win64; x64) AppleWebKit/537.36 (KHTML, like Gecko) Chrome/116.0.0.0 Safari/537.36","sec-ch-ua":"\"Chromium\";v=\"116\", \"Not)A;Brand\";v=\"24\", \"Google Chrome\";v=\"116\"","sec-ch-ua-mobile":"?0","sec-ch-ua-platform":"\"Windows\""},"initialPriority":"Low","referrerPolicy":"strict-origin-when-cross-origin"},"frameId":"D165F02B89151667DFD1BF49856829E7","resourceType":"Image"},"sessionId":"69DE6D1A85B5D627489871F60443E14A"}
org.openqa.selenium.devtools.DevToolsException: {"id":2642,"error":{"code":-32602,"message":"Invalid InterceptionId."},"sessionId":"69DE6D1A85B5D627489871F60443E14A"}
Build info: version: '4.11.0', revision: '040bc5406b'
System info: os.name: 'Windows 10', os.arch: 'amd64', os.version: '10.0', java.version: '11.0.18'
Driver info: driver.version: unknown
	at org.openqa.selenium.devtools.Connection.sendAndWait(Connection.java:181)
	at org.openqa.selenium.devtools.DevTools.send(DevTools.java:81)
	at org.openqa.selenium.devtools.idealized.Network.lambda$prepareToInterceptTraffic$3(Network.java:211)
	at org.openqa.selenium.remote.http.Filter.lambda$andFinally$1(Filter.java:55)
	at org.openqa.selenium.devtools.idealized.Network.lambda$prepareToInterceptTraffic$4(Network.java:226)
	at org.openqa.selenium.devtools.Connection.lambda$handle$4(Connection.java:321)
	at java.base/java.util.stream.ForEachOps$ForEachOp$OfRef.accept(ForEachOps.java:183)
	at java.base/java.util.stream.ReferencePipeline$2$1.accept(ReferencePipeline.java:177)
	at java.base/java.util.stream.ReferencePipeline$11$1.accept(ReferencePipeline.java:442)
	at java.base/java.util.HashMap$KeySpliterator.forEachRemaining(HashMap.java:1621)
	at java.base/java.util.stream.AbstractPipeline.copyInto(AbstractPipeline.java:484)
	at java.base/java.util.stream.AbstractPipeline.wrapAndCopyInto(AbstractPipeline.java:474)
	at java.base/java.util.stream.ForEachOps$ForEachOp.evaluateSequential(ForEachOps.java:150)
	at java.base/java.util.stream.ForEachOps$ForEachOp$OfRef.evaluateSequential(ForEachOps.java:173)
	at java.base/java.util.stream.AbstractPipeline.evaluate(AbstractPipeline.java:234)
	at java.base/java.util.stream.ReferencePipeline.forEach(ReferencePipeline.java:497)
	at org.openqa.selenium.devtools.Connection.handle(Connection.java:287)
	at org.openqa.selenium.devtools.Connection.access$200(Connection.java:57)
	at org.openqa.selenium.devtools.Connection$Listener.lambda$onText$0(Connection.java:224)
	at java.base/java.util.concurrent.ThreadPoolExecutor.runWorker(ThreadPoolExecutor.java:1128)
	at java.base/java.util.concurrent.ThreadPoolExecutor$Worker.run(ThreadPoolExecutor.java:628)
	at java.base/java.lang.Thread.run(Thread.java:829)
Caused by: org.openqa.selenium.WebDriverException: {"id":2642,"error":{"code":-32602,"message":"Invalid InterceptionId."},"sessionId":"69DE6D1A85B5D627489871F60443E14A"}
Build info: version: '4.11.0', revision: '040bc5406b'
System info: os.name: 'Windows 10', os.arch: 'amd64', os.version: '10.0', java.version: '11.0.18'
Driver info: driver.version: unknown
	at org.openqa.selenium.devtools.Connection.handle(Connection.java:260)
	... 5 more

Exception in thread "CDP Connection" org.openqa.selenium.devtools.DevToolsException: {"id":2642,"error":{"code":-32602,"message":"Invalid InterceptionId."},"sessionId":"69DE6D1A85B5D627489871F60443E14A"}
Build info: version: '4.11.0', revision: '040bc5406b'
System info: os.name: 'Windows 10', os.arch: 'amd64', os.version: '10.0', java.version: '11.0.18'
Driver info: driver.version: unknown
	at org.openqa.selenium.devtools.Connection$Listener.lambda$onText$0(Connection.java:227)
	at java.base/java.util.concurrent.ThreadPoolExecutor.runWorker(ThreadPoolExecutor.java:1128)
	at java.base/java.util.concurrent.ThreadPoolExecutor$Worker.run(ThreadPoolExecutor.java:628)
	at java.base/java.lang.Thread.run(Thread.java:829)
Caused by: org.openqa.selenium.devtools.DevToolsException: {"id":2642,"error":{"code":-32602,"message":"Invalid InterceptionId."},"sessionId":"69DE6D1A85B5D627489871F60443E14A"}
Build info: version: '4.11.0', revision: '040bc5406b'
System info: os.name: 'Windows 10', os.arch: 'amd64', os.version: '10.0', java.version: '11.0.18'
Driver info: driver.version: unknown
	at org.openqa.selenium.devtools.Connection.sendAndWait(Connection.java:181)
	at org.openqa.selenium.devtools.DevTools.send(DevTools.java:81)
	at org.openqa.selenium.devtools.idealized.Network.lambda$prepareToInterceptTraffic$3(Network.java:211)
	at org.openqa.selenium.remote.http.Filter.lambda$andFinally$1(Filter.java:55)
	at org.openqa.selenium.devtools.idealized.Network.lambda$prepareToInterceptTraffic$4(Network.java:226)
	at org.openqa.selenium.devtools.Connection.lambda$handle$4(Connection.java:321)
	at java.base/java.util.stream.ForEachOps$ForEachOp$OfRef.accept(ForEachOps.java:183)
	at java.base/java.util.stream.ReferencePipeline$2$1.accept(ReferencePipeline.java:177)
	at java.base/java.util.stream.ReferencePipeline$11$1.accept(ReferencePipeline.java:442)
	at java.base/java.util.HashMap$KeySpliterator.forEachRemaining(HashMap.java:1621)
	at java.base/java.util.stream.AbstractPipeline.copyInto(AbstractPipeline.java:484)
	at java.base/java.util.stream.AbstractPipeline.wrapAndCopyInto(AbstractPipeline.java:474)
	at java.base/java.util.stream.ForEachOps$ForEachOp.evaluateSequential(ForEachOps.java:150)
	at java.base/java.util.stream.ForEachOps$ForEachOp$OfRef.evaluateSequential(ForEachOps.java:173)
	at java.base/java.util.stream.AbstractPipeline.evaluate(AbstractPipeline.java:234)
	at java.base/java.util.stream.ReferencePipeline.forEach(ReferencePipeline.java:497)
	at org.openqa.selenium.devtools.Connection.handle(Connection.java:287)
	at org.openqa.selenium.devtools.Connection.access$200(Connection.java:57)
	at org.openqa.selenium.devtools.Connection$Listener.lambda$onText$0(Connection.java:224)
	... 3 more
Caused by: org.openqa.selenium.WebDriverException: {"id":2642,"error":{"code":-32602,"message":"Invalid InterceptionId."},"sessionId":"69DE6D1A85B5D627489871F60443E14A"}
Build info: version: '4.11.0', revision: '040bc5406b'
System info: os.name: 'Windows 10', os.arch: 'amd64', os.version: '10.0', java.version: '11.0.18'
Driver info: driver.version: unknown
	at org.openqa.selenium.devtools.Connection.handle(Connection.java:260)
	... 5 more
авг. 16, 2023 4:23:21 PM org.openqa.selenium.devtools.Connection$Listener lambda$onText$0
WARNING: Unable to process: {"method":"Fetch.requestPaused","params":{"requestId":"interception-job-425.0","request":{"url":"http://localhost:8080/static/media/icon_ok_m_white.5987da79.svg","method":"GET","headers":{"Accept":"image/avif,image/webp,image/apng,image/svg+xml,image/*,*/*;q=0.8","Referer":"http://localhost:8080/static/css/2.7d875902.chunk.css","User-Agent":"Mozilla/5.0 (Windows NT 10.0; Win64; x64) AppleWebKit/537.36 (KHTML, like Gecko) Chrome/116.0.0.0 Safari/537.36","sec-ch-ua":"\"Chromium\";v=\"116\", \"Not)A;Brand\";v=\"24\", \"Google Chrome\";v=\"116\"","sec-ch-ua-mobile":"?0","sec-ch-ua-platform":"\"Windows\""},"initialPriority":"Low","referrerPolicy":"strict-origin-when-cross-origin"},"frameId":"D165F02B89151667DFD1BF49856829E7","resourceType":"Image"},"sessionId":"69DE6D1A85B5D627489871F60443E14A"}
org.openqa.selenium.devtools.DevToolsException: {"id":2639,"error":{"code":-32602,"message":"Invalid InterceptionId."},"sessionId":"69DE6D1A85B5D627489871F60443E14A"}
Build info: version: '4.11.0', revision: '040bc5406b'
System info: os.name: 'Windows 10', os.arch: 'amd64', os.version: '10.0', java.version: '11.0.18'
Driver info: driver.version: unknown
	at org.openqa.selenium.devtools.Connection.sendAndWait(Connection.java:181)
	at org.openqa.selenium.devtools.DevTools.send(DevTools.java:81)
	at org.openqa.selenium.devtools.idealized.Network.lambda$prepareToInterceptTraffic$3(Network.java:211)
	at org.openqa.selenium.remote.http.Filter.lambda$andFinally$1(Filter.java:55)
	at org.openqa.selenium.devtools.idealized.Network.lambda$prepareToInterceptTraffic$4(Network.java:226)
	at org.openqa.selenium.devtools.Connection.lambda$handle$4(Connection.java:321)
	at java.base/java.util.stream.ForEachOps$ForEachOp$OfRef.accept(ForEachOps.java:183)
	at java.base/java.util.stream.ReferencePipeline$2$1.accept(ReferencePipeline.java:177)
	at java.base/java.util.stream.ReferencePipeline$11$1.accept(ReferencePipeline.java:442)
	at java.base/java.util.HashMap$KeySpliterator.forEachRemaining(HashMap.java:1621)
	at java.base/java.util.stream.AbstractPipeline.copyInto(AbstractPipeline.java:484)
	at java.base/java.util.stream.AbstractPipeline.wrapAndCopyInto(AbstractPipeline.java:474)
	at java.base/java.util.stream.ForEachOps$ForEachOp.evaluateSequential(ForEachOps.java:150)
	at java.base/java.util.stream.ForEachOps$ForEachOp$OfRef.evaluateSequential(ForEachOps.java:173)
	at java.base/java.util.stream.AbstractPipeline.evaluate(AbstractPipeline.java:234)
	at java.base/java.util.stream.ReferencePipeline.forEach(ReferencePipeline.java:497)
	at org.openqa.selenium.devtools.Connection.handle(Connection.java:287)
	at org.openqa.selenium.devtools.Connection.access$200(Connection.java:57)
	at org.openqa.selenium.devtools.Connection$Listener.lambda$onText$0(Connection.java:224)
	at java.base/java.util.concurrent.ThreadPoolExecutor.runWorker(ThreadPoolExecutor.java:1128)
	at java.base/java.util.concurrent.ThreadPoolExecutor$Worker.run(ThreadPoolExecutor.java:628)
	at java.base/java.lang.Thread.run(Thread.java:829)
Caused by: org.openqa.selenium.WebDriverException: {"id":2639,"error":{"code":-32602,"message":"Invalid InterceptionId."},"sessionId":"69DE6D1A85B5D627489871F60443E14A"}
Build info: version: '4.11.0', revision: '040bc5406b'
System info: os.name: 'Windows 10', os.arch: 'amd64', os.version: '10.0', java.version: '11.0.18'
Driver info: driver.version: unknown
	at org.openqa.selenium.devtools.Connection.handle(Connection.java:260)
	... 5 more

Exception in thread "CDP Connection" org.openqa.selenium.devtools.DevToolsException: {"id":2639,"error":{"code":-32602,"message":"Invalid InterceptionId."},"sessionId":"69DE6D1A85B5D627489871F60443E14A"}
Build info: version: '4.11.0', revision: '040bc5406b'
System info: os.name: 'Windows 10', os.arch: 'amd64', os.version: '10.0', java.version: '11.0.18'
Driver info: driver.version: unknown
	at org.openqa.selenium.devtools.Connection$Listener.lambda$onText$0(Connection.java:227)
	at java.base/java.util.concurrent.ThreadPoolExecutor.runWorker(ThreadPoolExecutor.java:1128)
	at java.base/java.util.concurrent.ThreadPoolExecutor$Worker.run(ThreadPoolExecutor.java:628)
	at java.base/java.lang.Thread.run(Thread.java:829)
Caused by: org.openqa.selenium.devtools.DevToolsException: {"id":2639,"error":{"code":-32602,"message":"Invalid InterceptionId."},"sessionId":"69DE6D1A85B5D627489871F60443E14A"}
Build info: version: '4.11.0', revision: '040bc5406b'
System info: os.name: 'Windows 10', os.arch: 'amd64', os.version: '10.0', java.version: '11.0.18'
Driver info: driver.version: unknown
	at org.openqa.selenium.devtools.Connection.sendAndWait(Connection.java:181)
	at org.openqa.selenium.devtools.DevTools.send(DevTools.java:81)
	at org.openqa.selenium.devtools.idealized.Network.lambda$prepareToInterceptTraffic$3(Network.java:211)
	at org.openqa.selenium.remote.http.Filter.lambda$andFinally$1(Filter.java:55)
	at org.openqa.selenium.devtools.idealized.Network.lambda$prepareToInterceptTraffic$4(Network.java:226)
	at org.openqa.selenium.devtools.Connection.lambda$handle$4(Connection.java:321)
	at java.base/java.util.stream.ForEachOps$ForEachOp$OfRef.accept(ForEachOps.java:183)
	at java.base/java.util.stream.ReferencePipeline$2$1.accept(ReferencePipeline.java:177)
	at java.base/java.util.stream.ReferencePipeline$11$1.accept(ReferencePipeline.java:442)
	at java.base/java.util.HashMap$KeySpliterator.forEachRemaining(HashMap.java:1621)
	at java.base/java.util.stream.AbstractPipeline.copyInto(AbstractPipeline.java:484)
	at java.base/java.util.stream.AbstractPipeline.wrapAndCopyInto(AbstractPipeline.java:474)
	at java.base/java.util.stream.ForEachOps$ForEachOp.evaluateSequential(ForEachOps.java:150)
	at java.base/java.util.stream.ForEachOps$ForEachOp$OfRef.evaluateSequential(ForEachOps.java:173)
	at java.base/java.util.stream.AbstractPipeline.evaluate(AbstractPipeline.java:234)
	at java.base/java.util.stream.ReferencePipeline.forEach(ReferencePipeline.java:497)
	at org.openqa.selenium.devtools.Connection.handle(Connection.java:287)
	at org.openqa.selenium.devtools.Connection.access$200(Connection.java:57)
	at org.openqa.selenium.devtools.Connection$Listener.lambda$onText$0(Connection.java:224)
	... 3 more
Caused by: org.openqa.selenium.WebDriverException: {"id":2639,"error":{"code":-32602,"message":"Invalid InterceptionId."},"sessionId":"69DE6D1A85B5D627489871F60443E14A"}
Build info: version: '4.11.0', revision: '040bc5406b'
System info: os.name: 'Windows 10', os.arch: 'amd64', os.version: '10.0', java.version: '11.0.18'
Driver info: driver.version: unknown
	at org.openqa.selenium.devtools.Connection.handle(Connection.java:260)
	... 5 more
авг. 16, 2023 4:23:22 PM org.openqa.selenium.devtools.Connection$Listener lambda$onText$0
WARNING: Unable to process: {"method":"Fetch.requestPaused","params":{"requestId":"interception-job-428.0","request":{"url":"http://localhost:8080/","method":"GET","headers":{"Accept":"text/html,application/xhtml+xml,application/xml;q=0.9,image/avif,image/webp,image/apng,*/*;q=0.8,application/signed-exchange;v=b3;q=0.7","Upgrade-Insecure-Requests":"1","User-Agent":"Mozilla/5.0 (Windows NT 10.0; Win64; x64) AppleWebKit/537.36 (KHTML, like Gecko) Chrome/116.0.0.0 Safari/537.36","sec-ch-ua":"\"Chromium\";v=\"116\", \"Not)A;Brand\";v=\"24\", \"Google Chrome\";v=\"116\"","sec-ch-ua-mobile":"?0","sec-ch-ua-platform":"\"Windows\""},"initialPriority":"VeryHigh","referrerPolicy":"strict-origin-when-cross-origin"},"frameId":"D165F02B89151667DFD1BF49856829E7","resourceType":"Document","responseStatusCode":200,"responseStatusText":"","responseHeaders":[{"name":"Vary","value":"Origin"},{"name":"Vary","value":"Access-Control-Request-Method"},{"name":"Vary","value":"Access-Control-Request-Headers"},{"name":"Last-Modified","value":"Thu, 03 Aug 2023 10:18:16 GMT"},{"name":"Date","value":"Wed, 16 Aug 2023 13:23:22 GMT"},{"name":"Accept-Ranges","value":"bytes"},{"name":"Content-Type","value":"text/html"},{"name":"Content-Language","value":"ru-RU"},{"name":"Content-Length","value":"2308"}]},"sessionId":"69DE6D1A85B5D627489871F60443E14A"}
org.openqa.selenium.devtools.DevToolsException: {"id":2650,"error":{"code":-32602,"message":"Invalid InterceptionId."},"sessionId":"69DE6D1A85B5D627489871F60443E14A"}
Build info: version: '4.11.0', revision: '040bc5406b'
System info: os.name: 'Windows 10', os.arch: 'amd64', os.version: '10.0', java.version: '11.0.18'
Driver info: driver.version: unknown
	at org.openqa.selenium.devtools.Connection.sendAndWait(Connection.java:181)
	at org.openqa.selenium.devtools.DevTools.send(DevTools.java:81)
	at org.openqa.selenium.devtools.idealized.Network.lambda$prepareToInterceptTraffic$4(Network.java:194)
	at org.openqa.selenium.devtools.Connection.lambda$handle$4(Connection.java:321)
	at java.base/java.util.stream.ForEachOps$ForEachOp$OfRef.accept(ForEachOps.java:183)
	at java.base/java.util.stream.ReferencePipeline$2$1.accept(ReferencePipeline.java:177)
	at java.base/java.util.stream.ReferencePipeline$11$1.accept(ReferencePipeline.java:442)
	at java.base/java.util.HashMap$KeySpliterator.forEachRemaining(HashMap.java:1621)
	at java.base/java.util.stream.AbstractPipeline.copyInto(AbstractPipeline.java:484)
	at java.base/java.util.stream.AbstractPipeline.wrapAndCopyInto(AbstractPipeline.java:474)
	at java.base/java.util.stream.ForEachOps$ForEachOp.evaluateSequential(ForEachOps.java:150)
	at java.base/java.util.stream.ForEachOps$ForEachOp$OfRef.evaluateSequential(ForEachOps.java:173)
	at java.base/java.util.stream.AbstractPipeline.evaluate(AbstractPipeline.java:234)
	at java.base/java.util.stream.ReferencePipeline.forEach(ReferencePipeline.java:497)
	at org.openqa.selenium.devtools.Connection.handle(Connection.java:287)
	at org.openqa.selenium.devtools.Connection.access$200(Connection.java:57)
	at org.openqa.selenium.devtools.Connection$Listener.lambda$onText$0(Connection.java:224)
	at java.base/java.util.concurrent.ThreadPoolExecutor.runWorker(ThreadPoolExecutor.java:1128)
	at java.base/java.util.concurrent.ThreadPoolExecutor$Worker.run(ThreadPoolExecutor.java:628)
	at java.base/java.lang.Thread.run(Thread.java:829)
Caused by: org.openqa.selenium.WebDriverException: {"id":2650,"error":{"code":-32602,"message":"Invalid InterceptionId."},"sessionId":"69DE6D1A85B5D627489871F60443E14A"}
Build info: version: '4.11.0', revision: '040bc5406b'
System info: os.name: 'Windows 10', os.arch: 'amd64', os.version: '10.0', java.version: '11.0.18'
Driver info: driver.version: unknown
	at org.openqa.selenium.devtools.Connection.handle(Connection.java:260)
	... 5 more

Exception in thread "CDP Connection" org.openqa.selenium.devtools.DevToolsException: {"id":2650,"error":{"code":-32602,"message":"Invalid InterceptionId."},"sessionId":"69DE6D1A85B5D627489871F60443E14A"}
Build info: version: '4.11.0', revision: '040bc5406b'
System info: os.name: 'Windows 10', os.arch: 'amd64', os.version: '10.0', java.version: '11.0.18'
Driver info: driver.version: unknown
	at org.openqa.selenium.devtools.Connection$Listener.lambda$onText$0(Connection.java:227)
	at java.base/java.util.concurrent.ThreadPoolExecutor.runWorker(ThreadPoolExecutor.java:1128)
	at java.base/java.util.concurrent.ThreadPoolExecutor$Worker.run(ThreadPoolExecutor.java:628)
	at java.base/java.lang.Thread.run(Thread.java:829)
Caused by: org.openqa.selenium.devtools.DevToolsException: {"id":2650,"error":{"code":-32602,"message":"Invalid InterceptionId."},"sessionId":"69DE6D1A85B5D627489871F60443E14A"}
Build info: version: '4.11.0', revision: '040bc5406b'
System info: os.name: 'Windows 10', os.arch: 'amd64', os.version: '10.0', java.version: '11.0.18'
Driver info: driver.version: unknown
	at org.openqa.selenium.devtools.Connection.sendAndWait(Connection.java:181)
	at org.openqa.selenium.devtools.DevTools.send(DevTools.java:81)
	at org.openqa.selenium.devtools.idealized.Network.lambda$prepareToInterceptTraffic$4(Network.java:194)
	at org.openqa.selenium.devtools.Connection.lambda$handle$4(Connection.java:321)
	at java.base/java.util.stream.ForEachOps$ForEachOp$OfRef.accept(ForEachOps.java:183)
	at java.base/java.util.stream.ReferencePipeline$2$1.accept(ReferencePipeline.java:177)
	at java.base/java.util.stream.ReferencePipeline$11$1.accept(ReferencePipeline.java:442)
	at java.base/java.util.HashMap$KeySpliterator.forEachRemaining(HashMap.java:1621)
	at java.base/java.util.stream.AbstractPipeline.copyInto(AbstractPipeline.java:484)
	at java.base/java.util.stream.AbstractPipeline.wrapAndCopyInto(AbstractPipeline.java:474)
	at java.base/java.util.stream.ForEachOps$ForEachOp.evaluateSequential(ForEachOps.java:150)
	at java.base/java.util.stream.ForEachOps$ForEachOp$OfRef.evaluateSequential(ForEachOps.java:173)
	at java.base/java.util.stream.AbstractPipeline.evaluate(AbstractPipeline.java:234)
	at java.base/java.util.stream.ReferencePipeline.forEach(ReferencePipeline.java:497)
	at org.openqa.selenium.devtools.Connection.handle(Connection.java:287)
	at org.openqa.selenium.devtools.Connection.access$200(Connection.java:57)
	at org.openqa.selenium.devtools.Connection$Listener.lambda$onText$0(Connection.java:224)
	... 3 more
Caused by: org.openqa.selenium.WebDriverException: {"id":2650,"error":{"code":-32602,"message":"Invalid InterceptionId."},"sessionId":"69DE6D1A85B5D627489871F60443E14A"}
Build info: version: '4.11.0', revision: '040bc5406b'
System info: os.name: 'Windows 10', os.arch: 'amd64', os.version: '10.0', java.version: '11.0.18'
Driver info: driver.version: unknown
	at org.openqa.selenium.devtools.Connection.handle(Connection.java:260)
	... 5 more
авг. 16, 2023 4:23:22 PM org.openqa.selenium.devtools.Connection$Listener lambda$onText$0
WARNING: Unable to process: {"method":"Fetch.requestPaused","params":{"requestId":"interception-job-428.0","request":{"url":"http://localhost:8080/","method":"GET","headers":{"Accept":"text/html,application/xhtml+xml,application/xml;q=0.9,image/avif,image/webp,image/apng,*/*;q=0.8,application/signed-exchange;v=b3;q=0.7","Upgrade-Insecure-Requests":"1","User-Agent":"Mozilla/5.0 (Windows NT 10.0; Win64; x64) AppleWebKit/537.36 (KHTML, like Gecko) Chrome/116.0.0.0 Safari/537.36","sec-ch-ua":"\"Chromium\";v=\"116\", \"Not)A;Brand\";v=\"24\", \"Google Chrome\";v=\"116\"","sec-ch-ua-mobile":"?0","sec-ch-ua-platform":"\"Windows\""},"initialPriority":"VeryHigh","referrerPolicy":"strict-origin-when-cross-origin"},"frameId":"D165F02B89151667DFD1BF49856829E7","resourceType":"Document"},"sessionId":"69DE6D1A85B5D627489871F60443E14A"}
org.openqa.selenium.devtools.DevToolsException: {"id":2651,"error":{"code":-32602,"message":"Invalid InterceptionId."},"sessionId":"69DE6D1A85B5D627489871F60443E14A"}
Build info: version: '4.11.0', revision: '040bc5406b'
System info: os.name: 'Windows 10', os.arch: 'amd64', os.version: '10.0', java.version: '11.0.18'
Driver info: driver.version: unknown
	at org.openqa.selenium.devtools.Connection.sendAndWait(Connection.java:181)
	at org.openqa.selenium.devtools.DevTools.send(DevTools.java:81)
	at org.openqa.selenium.devtools.idealized.Network.lambda$prepareToInterceptTraffic$3(Network.java:211)
	at org.openqa.selenium.remote.http.Filter.lambda$andFinally$1(Filter.java:55)
	at org.openqa.selenium.devtools.idealized.Network.lambda$prepareToInterceptTraffic$4(Network.java:226)
	at org.openqa.selenium.devtools.Connection.lambda$handle$4(Connection.java:321)
	at java.base/java.util.stream.ForEachOps$ForEachOp$OfRef.accept(ForEachOps.java:183)
	at java.base/java.util.stream.ReferencePipeline$2$1.accept(ReferencePipeline.java:177)
	at java.base/java.util.stream.ReferencePipeline$11$1.accept(ReferencePipeline.java:442)
	at java.base/java.util.HashMap$KeySpliterator.forEachRemaining(HashMap.java:1621)
	at java.base/java.util.stream.AbstractPipeline.copyInto(AbstractPipeline.java:484)
	at java.base/java.util.stream.AbstractPipeline.wrapAndCopyInto(AbstractPipeline.java:474)
	at java.base/java.util.stream.ForEachOps$ForEachOp.evaluateSequential(ForEachOps.java:150)
	at java.base/java.util.stream.ForEachOps$ForEachOp$OfRef.evaluateSequential(ForEachOps.java:173)
	at java.base/java.util.stream.AbstractPipeline.evaluate(AbstractPipeline.java:234)
	at java.base/java.util.stream.ReferencePipeline.forEach(ReferencePipeline.java:497)
	at org.openqa.selenium.devtools.Connection.handle(Connection.java:287)
	at org.openqa.selenium.devtools.Connection.access$200(Connection.java:57)
	at org.openqa.selenium.devtools.Connection$Listener.lambda$onText$0(Connection.java:224)
	at java.base/java.util.concurrent.ThreadPoolExecutor.runWorker(ThreadPoolExecutor.java:1128)
	at java.base/java.util.concurrent.ThreadPoolExecutor$Worker.run(ThreadPoolExecutor.java:628)
	at java.base/java.lang.Thread.run(Thread.java:829)
Caused by: org.openqa.selenium.WebDriverException: {"id":2651,"error":{"code":-32602,"message":"Invalid InterceptionId."},"sessionId":"69DE6D1A85B5D627489871F60443E14A"}
Build info: version: '4.11.0', revision: '040bc5406b'
System info: os.name: 'Windows 10', os.arch: 'amd64', os.version: '10.0', java.version: '11.0.18'
Driver info: driver.version: unknown
	at org.openqa.selenium.devtools.Connection.handle(Connection.java:260)
	... 5 more

Exception in thread "CDP Connection" org.openqa.selenium.devtools.DevToolsException: {"id":2651,"error":{"code":-32602,"message":"Invalid InterceptionId."},"sessionId":"69DE6D1A85B5D627489871F60443E14A"}
Build info: version: '4.11.0', revision: '040bc5406b'
System info: os.name: 'Windows 10', os.arch: 'amd64', os.version: '10.0', java.version: '11.0.18'
Driver info: driver.version: unknown
	at org.openqa.selenium.devtools.Connection$Listener.lambda$onText$0(Connection.java:227)
	at java.base/java.util.concurrent.ThreadPoolExecutor.runWorker(ThreadPoolExecutor.java:1128)
	at java.base/java.util.concurrent.ThreadPoolExecutor$Worker.run(ThreadPoolExecutor.java:628)
	at java.base/java.lang.Thread.run(Thread.java:829)
Caused by: org.openqa.selenium.devtools.DevToolsException: {"id":2651,"error":{"code":-32602,"message":"Invalid InterceptionId."},"sessionId":"69DE6D1A85B5D627489871F60443E14A"}
Build info: version: '4.11.0', revision: '040bc5406b'
System info: os.name: 'Windows 10', os.arch: 'amd64', os.version: '10.0', java.version: '11.0.18'
Driver info: driver.version: unknown
	at org.openqa.selenium.devtools.Connection.sendAndWait(Connection.java:181)
	at org.openqa.selenium.devtools.DevTools.send(DevTools.java:81)
	at org.openqa.selenium.devtools.idealized.Network.lambda$prepareToInterceptTraffic$3(Network.java:211)
	at org.openqa.selenium.remote.http.Filter.lambda$andFinally$1(Filter.java:55)
	at org.openqa.selenium.devtools.idealized.Network.lambda$prepareToInterceptTraffic$4(Network.java:226)
	at org.openqa.selenium.devtools.Connection.lambda$handle$4(Connection.java:321)
	at java.base/java.util.stream.ForEachOps$ForEachOp$OfRef.accept(ForEachOps.java:183)
	at java.base/java.util.stream.ReferencePipeline$2$1.accept(ReferencePipeline.java:177)
	at java.base/java.util.stream.ReferencePipeline$11$1.accept(ReferencePipeline.java:442)
	at java.base/java.util.HashMap$KeySpliterator.forEachRemaining(HashMap.java:1621)
	at java.base/java.util.stream.AbstractPipeline.copyInto(AbstractPipeline.java:484)
	at java.base/java.util.stream.AbstractPipeline.wrapAndCopyInto(AbstractPipeline.java:474)
	at java.base/java.util.stream.ForEachOps$ForEachOp.evaluateSequential(ForEachOps.java:150)
	at java.base/java.util.stream.ForEachOps$ForEachOp$OfRef.evaluateSequential(ForEachOps.java:173)
	at java.base/java.util.stream.AbstractPipeline.evaluate(AbstractPipeline.java:234)
	at java.base/java.util.stream.ReferencePipeline.forEach(ReferencePipeline.java:497)
	at org.openqa.selenium.devtools.Connection.handle(Connection.java:287)
	at org.openqa.selenium.devtools.Connection.access$200(Connection.java:57)
	at org.openqa.selenium.devtools.Connection$Listener.lambda$onText$0(Connection.java:224)
	... 3 more
Caused by: org.openqa.selenium.WebDriverException: {"id":2651,"error":{"code":-32602,"message":"Invalid InterceptionId."},"sessionId":"69DE6D1A85B5D627489871F60443E14A"}
Build info: version: '4.11.0', revision: '040bc5406b'
System info: os.name: 'Windows 10', os.arch: 'amd64', os.version: '10.0', java.version: '11.0.18'
Driver info: driver.version: unknown
	at org.openqa.selenium.devtools.Connection.handle(Connection.java:260)
	... 5 more
авг. 16, 2023 4:23:23 PM org.openqa.selenium.devtools.Connection$Listener lambda$onText$0
WARNING: Unable to process: {"method":"Fetch.requestPaused","params":{"requestId":"interception-job-430.0","request":{"url":"http://localhost:8080/static/css/main.8978894b.chunk.css","method":"GET","headers":{"Accept":"text/css,*/*;q=0.1","Referer":"http://localhost:8080/","User-Agent":"Mozilla/5.0 (Windows NT 10.0; Win64; x64) AppleWebKit/537.36 (KHTML, like Gecko) Chrome/116.0.0.0 Safari/537.36","sec-ch-ua":"\"Chromium\";v=\"116\", \"Not)A;Brand\";v=\"24\", \"Google Chrome\";v=\"116\"","sec-ch-ua-mobile":"?0","sec-ch-ua-platform":"\"Windows\""},"initialPriority":"VeryHigh","referrerPolicy":"unsafe-url"},"frameId":"D165F02B89151667DFD1BF49856829E7","resourceType":"Stylesheet","responseStatusCode":200,"responseStatusText":"","responseHeaders":[{"name":"Vary","value":"Origin"},{"name":"Vary","value":"Access-Control-Request-Method"},{"name":"Vary","value":"Access-Control-Request-Headers"},{"name":"Last-Modified","value":"Thu, 03 Aug 2023 10:18:16 GMT"},{"name":"Accept-Ranges","value":"bytes"},{"name":"Content-Type","value":"text/css"},{"name":"Content-Length","value":"700"},{"name":"Date","value":"Wed, 16 Aug 2023 13:20:22 GMT"}]},"sessionId":"69DE6D1A85B5D627489871F60443E14A"}
org.openqa.selenium.devtools.DevToolsException: {"id":2664,"error":{"code":-32602,"message":"Invalid InterceptionId."},"sessionId":"69DE6D1A85B5D627489871F60443E14A"}
Build info: version: '4.11.0', revision: '040bc5406b'
System info: os.name: 'Windows 10', os.arch: 'amd64', os.version: '10.0', java.version: '11.0.18'
Driver info: driver.version: unknown
	at org.openqa.selenium.devtools.Connection.sendAndWait(Connection.java:181)
	at org.openqa.selenium.devtools.DevTools.send(DevTools.java:81)
	at org.openqa.selenium.devtools.idealized.Network.lambda$prepareToInterceptTraffic$4(Network.java:194)
	at org.openqa.selenium.devtools.Connection.lambda$handle$4(Connection.java:321)
	at java.base/java.util.stream.ForEachOps$ForEachOp$OfRef.accept(ForEachOps.java:183)
	at java.base/java.util.stream.ReferencePipeline$2$1.accept(ReferencePipeline.java:177)
	at java.base/java.util.stream.ReferencePipeline$11$1.accept(ReferencePipeline.java:442)
	at java.base/java.util.HashMap$KeySpliterator.forEachRemaining(HashMap.java:1621)
	at java.base/java.util.stream.AbstractPipeline.copyInto(AbstractPipeline.java:484)
	at java.base/java.util.stream.AbstractPipeline.wrapAndCopyInto(AbstractPipeline.java:474)
	at java.base/java.util.stream.ForEachOps$ForEachOp.evaluateSequential(ForEachOps.java:150)
	at java.base/java.util.stream.ForEachOps$ForEachOp$OfRef.evaluateSequential(ForEachOps.java:173)
	at java.base/java.util.stream.AbstractPipeline.evaluate(AbstractPipeline.java:234)
	at java.base/java.util.stream.ReferencePipeline.forEach(ReferencePipeline.java:497)
	at org.openqa.selenium.devtools.Connection.handle(Connection.java:287)
	at org.openqa.selenium.devtools.Connection.access$200(Connection.java:57)
	at org.openqa.selenium.devtools.Connection$Listener.lambda$onText$0(Connection.java:224)
	at java.base/java.util.concurrent.ThreadPoolExecutor.runWorker(ThreadPoolExecutor.java:1128)
	at java.base/java.util.concurrent.ThreadPoolExecutor$Worker.run(ThreadPoolExecutor.java:628)
	at java.base/java.lang.Thread.run(Thread.java:829)
Caused by: org.openqa.selenium.WebDriverException: {"id":2664,"error":{"code":-32602,"message":"Invalid InterceptionId."},"sessionId":"69DE6D1A85B5D627489871F60443E14A"}
Build info: version: '4.11.0', revision: '040bc5406b'
System info: os.name: 'Windows 10', os.arch: 'amd64', os.version: '10.0', java.version: '11.0.18'
Driver info: driver.version: unknown
	at org.openqa.selenium.devtools.Connection.handle(Connection.java:260)
	... 5 more

Exception in thread "CDP Connection" org.openqa.selenium.devtools.DevToolsException: {"id":2664,"error":{"code":-32602,"message":"Invalid InterceptionId."},"sessionId":"69DE6D1A85B5D627489871F60443E14A"}
Build info: version: '4.11.0', revision: '040bc5406b'
System info: os.name: 'Windows 10', os.arch: 'amd64', os.version: '10.0', java.version: '11.0.18'
Driver info: driver.version: unknown
	at org.openqa.selenium.devtools.Connection$Listener.lambda$onText$0(Connection.java:227)
	at java.base/java.util.concurrent.ThreadPoolExecutor.runWorker(ThreadPoolExecutor.java:1128)
	at java.base/java.util.concurrent.ThreadPoolExecutor$Worker.run(ThreadPoolExecutor.java:628)
	at java.base/java.lang.Thread.run(Thread.java:829)
Caused by: org.openqa.selenium.devtools.DevToolsException: {"id":2664,"error":{"code":-32602,"message":"Invalid InterceptionId."},"sessionId":"69DE6D1A85B5D627489871F60443E14A"}
Build info: version: '4.11.0', revision: '040bc5406b'
System info: os.name: 'Windows 10', os.arch: 'amd64', os.version: '10.0', java.version: '11.0.18'
Driver info: driver.version: unknown
	at org.openqa.selenium.devtools.Connection.sendAndWait(Connection.java:181)
	at org.openqa.selenium.devtools.DevTools.send(DevTools.java:81)
	at org.openqa.selenium.devtools.idealized.Network.lambda$prepareToInterceptTraffic$4(Network.java:194)
	at org.openqa.selenium.devtools.Connection.lambda$handle$4(Connection.java:321)
	at java.base/java.util.stream.ForEachOps$ForEachOp$OfRef.accept(ForEachOps.java:183)
	at java.base/java.util.stream.ReferencePipeline$2$1.accept(ReferencePipeline.java:177)
	at java.base/java.util.stream.ReferencePipeline$11$1.accept(ReferencePipeline.java:442)
	at java.base/java.util.HashMap$KeySpliterator.forEachRemaining(HashMap.java:1621)
	at java.base/java.util.stream.AbstractPipeline.copyInto(AbstractPipeline.java:484)
	at java.base/java.util.stream.AbstractPipeline.wrapAndCopyInto(AbstractPipeline.java:474)
	at java.base/java.util.stream.ForEachOps$ForEachOp.evaluateSequential(ForEachOps.java:150)
	at java.base/java.util.stream.ForEachOps$ForEachOp$OfRef.evaluateSequential(ForEachOps.java:173)
	at java.base/java.util.stream.AbstractPipeline.evaluate(AbstractPipeline.java:234)
	at java.base/java.util.stream.ReferencePipeline.forEach(ReferencePipeline.java:497)
	at org.openqa.selenium.devtools.Connection.handle(Connection.java:287)
	at org.openqa.selenium.devtools.Connection.access$200(Connection.java:57)
	at org.openqa.selenium.devtools.Connection$Listener.lambda$onText$0(Connection.java:224)
	... 3 more
Caused by: org.openqa.selenium.WebDriverException: {"id":2664,"error":{"code":-32602,"message":"Invalid InterceptionId."},"sessionId":"69DE6D1A85B5D627489871F60443E14A"}
Build info: version: '4.11.0', revision: '040bc5406b'
System info: os.name: 'Windows 10', os.arch: 'amd64', os.version: '10.0', java.version: '11.0.18'
Driver info: driver.version: unknown
	at org.openqa.selenium.devtools.Connection.handle(Connection.java:260)
	... 5 more
авг. 16, 2023 4:23:23 PM org.openqa.selenium.devtools.Connection$Listener lambda$onText$0
WARNING: Unable to process: {"method":"Fetch.requestPaused","params":{"requestId":"interception-job-430.0","request":{"url":"http://localhost:8080/static/css/main.8978894b.chunk.css","method":"GET","headers":{"Accept":"text/css,*/*;q=0.1","Referer":"http://localhost:8080/","User-Agent":"Mozilla/5.0 (Windows NT 10.0; Win64; x64) AppleWebKit/537.36 (KHTML, like Gecko) Chrome/116.0.0.0 Safari/537.36","sec-ch-ua":"\"Chromium\";v=\"116\", \"Not)A;Brand\";v=\"24\", \"Google Chrome\";v=\"116\"","sec-ch-ua-mobile":"?0","sec-ch-ua-platform":"\"Windows\""},"initialPriority":"VeryHigh","referrerPolicy":"strict-origin-when-cross-origin"},"frameId":"D165F02B89151667DFD1BF49856829E7","resourceType":"Stylesheet"},"sessionId":"69DE6D1A85B5D627489871F60443E14A"}
org.openqa.selenium.devtools.DevToolsException: {"id":2665,"error":{"code":-32602,"message":"Invalid InterceptionId."},"sessionId":"69DE6D1A85B5D627489871F60443E14A"}
Build info: version: '4.11.0', revision: '040bc5406b'
System info: os.name: 'Windows 10', os.arch: 'amd64', os.version: '10.0', java.version: '11.0.18'
Driver info: driver.version: unknown
	at org.openqa.selenium.devtools.Connection.sendAndWait(Connection.java:181)
	at org.openqa.selenium.devtools.DevTools.send(DevTools.java:81)
	at org.openqa.selenium.devtools.idealized.Network.lambda$prepareToInterceptTraffic$3(Network.java:211)
	at org.openqa.selenium.remote.http.Filter.lambda$andFinally$1(Filter.java:55)
	at org.openqa.selenium.devtools.idealized.Network.lambda$prepareToInterceptTraffic$4(Network.java:226)
	at org.openqa.selenium.devtools.Connection.lambda$handle$4(Connection.java:321)
	at java.base/java.util.stream.ForEachOps$ForEachOp$OfRef.accept(ForEachOps.java:183)
	at java.base/java.util.stream.ReferencePipeline$2$1.accept(ReferencePipeline.java:177)
	at java.base/java.util.stream.ReferencePipeline$11$1.accept(ReferencePipeline.java:442)
	at java.base/java.util.HashMap$KeySpliterator.forEachRemaining(HashMap.java:1621)
	at java.base/java.util.stream.AbstractPipeline.copyInto(AbstractPipeline.java:484)
	at java.base/java.util.stream.AbstractPipeline.wrapAndCopyInto(AbstractPipeline.java:474)
	at java.base/java.util.stream.ForEachOps$ForEachOp.evaluateSequential(ForEachOps.java:150)
	at java.base/java.util.stream.ForEachOps$ForEachOp$OfRef.evaluateSequential(ForEachOps.java:173)
	at java.base/java.util.stream.AbstractPipeline.evaluate(AbstractPipeline.java:234)
	at java.base/java.util.stream.ReferencePipeline.forEach(ReferencePipeline.java:497)
	at org.openqa.selenium.devtools.Connection.handle(Connection.java:287)
	at org.openqa.selenium.devtools.Connection.access$200(Connection.java:57)
	at org.openqa.selenium.devtools.Connection$Listener.lambda$onText$0(Connection.java:224)
	at java.base/java.util.concurrent.ThreadPoolExecutor.runWorker(ThreadPoolExecutor.java:1128)
	at java.base/java.util.concurrent.ThreadPoolExecutor$Worker.run(ThreadPoolExecutor.java:628)
	at java.base/java.lang.Thread.run(Thread.java:829)
Caused by: org.openqa.selenium.WebDriverException: {"id":2665,"error":{"code":-32602,"message":"Invalid InterceptionId."},"sessionId":"69DE6D1A85B5D627489871F60443E14A"}
Build info: version: '4.11.0', revision: '040bc5406b'
System info: os.name: 'Windows 10', os.arch: 'amd64', os.version: '10.0', java.version: '11.0.18'
Driver info: driver.version: unknown
	at org.openqa.selenium.devtools.Connection.handle(Connection.java:260)
	... 5 more

Exception in thread "CDP Connection" org.openqa.selenium.devtools.DevToolsException: {"id":2665,"error":{"code":-32602,"message":"Invalid InterceptionId."},"sessionId":"69DE6D1A85B5D627489871F60443E14A"}
Build info: version: '4.11.0', revision: '040bc5406b'
System info: os.name: 'Windows 10', os.arch: 'amd64', os.version: '10.0', java.version: '11.0.18'
Driver info: driver.version: unknown
	at org.openqa.selenium.devtools.Connection$Listener.lambda$onText$0(Connection.java:227)
	at java.base/java.util.concurrent.ThreadPoolExecutor.runWorker(ThreadPoolExecutor.java:1128)
	at java.base/java.util.concurrent.ThreadPoolExecutor$Worker.run(ThreadPoolExecutor.java:628)
	at java.base/java.lang.Thread.run(Thread.java:829)
Caused by: org.openqa.selenium.devtools.DevToolsException: {"id":2665,"error":{"code":-32602,"message":"Invalid InterceptionId."},"sessionId":"69DE6D1A85B5D627489871F60443E14A"}
Build info: version: '4.11.0', revision: '040bc5406b'
System info: os.name: 'Windows 10', os.arch: 'amd64', os.version: '10.0', java.version: '11.0.18'
Driver info: driver.version: unknown
	at org.openqa.selenium.devtools.Connection.sendAndWait(Connection.java:181)
	at org.openqa.selenium.devtools.DevTools.send(DevTools.java:81)
	at org.openqa.selenium.devtools.idealized.Network.lambda$prepareToInterceptTraffic$3(Network.java:211)
	at org.openqa.selenium.remote.http.Filter.lambda$andFinally$1(Filter.java:55)
	at org.openqa.selenium.devtools.idealized.Network.lambda$prepareToInterceptTraffic$4(Network.java:226)
	at org.openqa.selenium.devtools.Connection.lambda$handle$4(Connection.java:321)
	at java.base/java.util.stream.ForEachOps$ForEachOp$OfRef.accept(ForEachOps.java:183)
	at java.base/java.util.stream.ReferencePipeline$2$1.accept(ReferencePipeline.java:177)
	at java.base/java.util.stream.ReferencePipeline$11$1.accept(ReferencePipeline.java:442)
	at java.base/java.util.HashMap$KeySpliterator.forEachRemaining(HashMap.java:1621)
	at java.base/java.util.stream.AbstractPipeline.copyInto(AbstractPipeline.java:484)
	at java.base/java.util.stream.AbstractPipeline.wrapAndCopyInto(AbstractPipeline.java:474)
	at java.base/java.util.stream.ForEachOps$ForEachOp.evaluateSequential(ForEachOps.java:150)
	at java.base/java.util.stream.ForEachOps$ForEachOp$OfRef.evaluateSequential(ForEachOps.java:173)
	at java.base/java.util.stream.AbstractPipeline.evaluate(AbstractPipeline.java:234)
	at java.base/java.util.stream.ReferencePipeline.forEach(ReferencePipeline.java:497)
	at org.openqa.selenium.devtools.Connection.handle(Connection.java:287)
	at org.openqa.selenium.devtools.Connection.access$200(Connection.java:57)
	at org.openqa.selenium.devtools.Connection$Listener.lambda$onText$0(Connection.java:224)
	... 3 more
Caused by: org.openqa.selenium.WebDriverException: {"id":2665,"error":{"code":-32602,"message":"Invalid InterceptionId."},"sessionId":"69DE6D1A85B5D627489871F60443E14A"}
Build info: version: '4.11.0', revision: '040bc5406b'
System info: os.name: 'Windows 10', os.arch: 'amd64', os.version: '10.0', java.version: '11.0.18'
Driver info: driver.version: unknown
	at org.openqa.selenium.devtools.Connection.handle(Connection.java:260)
	... 5 more
авг. 16, 2023 4:23:23 PM org.openqa.selenium.devtools.Connection$Listener lambda$onText$0
WARNING: Unable to process: {"method":"Fetch.requestPaused","params":{"requestId":"interception-job-432.0","request":{"url":"http://localhost:8080/static/js/main.aab190f3.chunk.js","method":"GET","headers":{"Accept":"*/*","Referer":"http://localhost:8080/","User-Agent":"Mozilla/5.0 (Windows NT 10.0; Win64; x64) AppleWebKit/537.36 (KHTML, like Gecko) Chrome/116.0.0.0 Safari/537.36","sec-ch-ua":"\"Chromium\";v=\"116\", \"Not)A;Brand\";v=\"24\", \"Google Chrome\";v=\"116\"","sec-ch-ua-mobile":"?0","sec-ch-ua-platform":"\"Windows\""},"initialPriority":"High","referrerPolicy":"strict-origin-when-cross-origin"},"frameId":"D165F02B89151667DFD1BF49856829E7","resourceType":"Script"},"sessionId":"69DE6D1A85B5D627489871F60443E14A"}
org.openqa.selenium.devtools.DevToolsException: {"id":2669,"error":{"code":-32602,"message":"Invalid InterceptionId."},"sessionId":"69DE6D1A85B5D627489871F60443E14A"}
Build info: version: '4.11.0', revision: '040bc5406b'
System info: os.name: 'Windows 10', os.arch: 'amd64', os.version: '10.0', java.version: '11.0.18'
Driver info: driver.version: unknown
	at org.openqa.selenium.devtools.Connection.sendAndWait(Connection.java:181)
	at org.openqa.selenium.devtools.DevTools.send(DevTools.java:81)
	at org.openqa.selenium.devtools.idealized.Network.lambda$prepareToInterceptTraffic$3(Network.java:211)
	at org.openqa.selenium.remote.http.Filter.lambda$andFinally$1(Filter.java:55)
	at org.openqa.selenium.devtools.idealized.Network.lambda$prepareToInterceptTraffic$4(Network.java:226)
	at org.openqa.selenium.devtools.Connection.lambda$handle$4(Connection.java:321)
	at java.base/java.util.stream.ForEachOps$ForEachOp$OfRef.accept(ForEachOps.java:183)
	at java.base/java.util.stream.ReferencePipeline$2$1.accept(ReferencePipeline.java:177)
	at java.base/java.util.stream.ReferencePipeline$11$1.accept(ReferencePipeline.java:442)
	at java.base/java.util.HashMap$KeySpliterator.forEachRemaining(HashMap.java:1621)
	at java.base/java.util.stream.AbstractPipeline.copyInto(AbstractPipeline.java:484)
	at java.base/java.util.stream.AbstractPipeline.wrapAndCopyInto(AbstractPipeline.java:474)
	at java.base/java.util.stream.ForEachOps$ForEachOp.evaluateSequential(ForEachOps.java:150)
	at java.base/java.util.stream.ForEachOps$ForEachOp$OfRef.evaluateSequential(ForEachOps.java:173)
	at java.base/java.util.stream.AbstractPipeline.evaluate(AbstractPipeline.java:234)
	at java.base/java.util.stream.ReferencePipeline.forEach(ReferencePipeline.java:497)
	at org.openqa.selenium.devtools.Connection.handle(Connection.java:287)
	at org.openqa.selenium.devtools.Connection.access$200(Connection.java:57)
	at org.openqa.selenium.devtools.Connection$Listener.lambda$onText$0(Connection.java:224)
	at java.base/java.util.concurrent.ThreadPoolExecutor.runWorker(ThreadPoolExecutor.java:1128)
	at java.base/java.util.concurrent.ThreadPoolExecutor$Worker.run(ThreadPoolExecutor.java:628)
	at java.base/java.lang.Thread.run(Thread.java:829)
Caused by: org.openqa.selenium.WebDriverException: {"id":2669,"error":{"code":-32602,"message":"Invalid InterceptionId."},"sessionId":"69DE6D1A85B5D627489871F60443E14A"}
Build info: version: '4.11.0', revision: '040bc5406b'
System info: os.name: 'Windows 10', os.arch: 'amd64', os.version: '10.0', java.version: '11.0.18'
Driver info: driver.version: unknown
	at org.openqa.selenium.devtools.Connection.handle(Connection.java:260)
	... 5 more

Exception in thread "CDP Connection" org.openqa.selenium.devtools.DevToolsException: {"id":2669,"error":{"code":-32602,"message":"Invalid InterceptionId."},"sessionId":"69DE6D1A85B5D627489871F60443E14A"}
Build info: version: '4.11.0', revision: '040bc5406b'
System info: os.name: 'Windows 10', os.arch: 'amd64', os.version: '10.0', java.version: '11.0.18'
Driver info: driver.version: unknown
	at org.openqa.selenium.devtools.Connection$Listener.lambda$onText$0(Connection.java:227)
	at java.base/java.util.concurrent.ThreadPoolExecutor.runWorker(ThreadPoolExecutor.java:1128)
	at java.base/java.util.concurrent.ThreadPoolExecutor$Worker.run(ThreadPoolExecutor.java:628)
	at java.base/java.lang.Thread.run(Thread.java:829)
Caused by: org.openqa.selenium.devtools.DevToolsException: {"id":2669,"error":{"code":-32602,"message":"Invalid InterceptionId."},"sessionId":"69DE6D1A85B5D627489871F60443E14A"}
Build info: version: '4.11.0', revision: '040bc5406b'
System info: os.name: 'Windows 10', os.arch: 'amd64', os.version: '10.0', java.version: '11.0.18'
Driver info: driver.version: unknown
	at org.openqa.selenium.devtools.Connection.sendAndWait(Connection.java:181)
	at org.openqa.selenium.devtools.DevTools.send(DevTools.java:81)
	at org.openqa.selenium.devtools.idealized.Network.lambda$prepareToInterceptTraffic$3(Network.java:211)
	at org.openqa.selenium.remote.http.Filter.lambda$andFinally$1(Filter.java:55)
	at org.openqa.selenium.devtools.idealized.Network.lambda$prepareToInterceptTraffic$4(Network.java:226)
	at org.openqa.selenium.devtools.Connection.lambda$handle$4(Connection.java:321)
	at java.base/java.util.stream.ForEachOps$ForEachOp$OfRef.accept(ForEachOps.java:183)
	at java.base/java.util.stream.ReferencePipeline$2$1.accept(ReferencePipeline.java:177)
	at java.base/java.util.stream.ReferencePipeline$11$1.accept(ReferencePipeline.java:442)
	at java.base/java.util.HashMap$KeySpliterator.forEachRemaining(HashMap.java:1621)
	at java.base/java.util.stream.AbstractPipeline.copyInto(AbstractPipeline.java:484)
	at java.base/java.util.stream.AbstractPipeline.wrapAndCopyInto(AbstractPipeline.java:474)
	at java.base/java.util.stream.ForEachOps$ForEachOp.evaluateSequential(ForEachOps.java:150)
	at java.base/java.util.stream.ForEachOps$ForEachOp$OfRef.evaluateSequential(ForEachOps.java:173)
	at java.base/java.util.stream.AbstractPipeline.evaluate(AbstractPipeline.java:234)
	at java.base/java.util.stream.ReferencePipeline.forEach(ReferencePipeline.java:497)
	at org.openqa.selenium.devtools.Connection.handle(Connection.java:287)
	at org.openqa.selenium.devtools.Connection.access$200(Connection.java:57)
	at org.openqa.selenium.devtools.Connection$Listener.lambda$onText$0(Connection.java:224)
	... 3 more
Caused by: org.openqa.selenium.WebDriverException: {"id":2669,"error":{"code":-32602,"message":"Invalid InterceptionId."},"sessionId":"69DE6D1A85B5D627489871F60443E14A"}
Build info: version: '4.11.0', revision: '040bc5406b'
System info: os.name: 'Windows 10', os.arch: 'amd64', os.version: '10.0', java.version: '11.0.18'
Driver info: driver.version: unknown
	at org.openqa.selenium.devtools.Connection.handle(Connection.java:260)
	... 5 more
авг. 16, 2023 4:23:23 PM org.openqa.selenium.devtools.Connection$Listener lambda$onText$0
WARNING: Unable to process: {"method":"Fetch.requestPaused","params":{"requestId":"interception-job-429.0","request":{"url":"http://localhost:8080/static/css/2.7d875902.chunk.css","method":"GET","headers":{"Accept":"text/css,*/*;q=0.1","Referer":"http://localhost:8080/","User-Agent":"Mozilla/5.0 (Windows NT 10.0; Win64; x64) AppleWebKit/537.36 (KHTML, like Gecko) Chrome/116.0.0.0 Safari/537.36","sec-ch-ua":"\"Chromium\";v=\"116\", \"Not)A;Brand\";v=\"24\", \"Google Chrome\";v=\"116\"","sec-ch-ua-mobile":"?0","sec-ch-ua-platform":"\"Windows\""},"initialPriority":"VeryHigh","referrerPolicy":"unsafe-url"},"frameId":"D165F02B89151667DFD1BF49856829E7","resourceType":"Stylesheet","responseStatusCode":200,"responseStatusText":"","responseHeaders":[{"name":"Vary","value":"Origin"},{"name":"Vary","value":"Access-Control-Request-Method"},{"name":"Vary","value":"Access-Control-Request-Headers"},{"name":"Last-Modified","value":"Thu, 03 Aug 2023 10:18:16 GMT"},{"name":"Accept-Ranges","value":"bytes"},{"name":"Content-Type","value":"text/css"},{"name":"Content-Length","value":"87563"},{"name":"Date","value":"Wed, 16 Aug 2023 13:20:22 GMT"}]},"sessionId":"69DE6D1A85B5D627489871F60443E14A"}
org.openqa.selenium.devtools.DevToolsException: {"id":2670,"error":{"code":-32602,"message":"Invalid InterceptionId."},"sessionId":"69DE6D1A85B5D627489871F60443E14A"}
Build info: version: '4.11.0', revision: '040bc5406b'
System info: os.name: 'Windows 10', os.arch: 'amd64', os.version: '10.0', java.version: '11.0.18'
Driver info: driver.version: unknown
	at org.openqa.selenium.devtools.Connection.sendAndWait(Connection.java:181)
	at org.openqa.selenium.devtools.DevTools.send(DevTools.java:81)
	at org.openqa.selenium.devtools.idealized.Network.lambda$prepareToInterceptTraffic$4(Network.java:194)
	at org.openqa.selenium.devtools.Connection.lambda$handle$4(Connection.java:321)
	at java.base/java.util.stream.ForEachOps$ForEachOp$OfRef.accept(ForEachOps.java:183)
	at java.base/java.util.stream.ReferencePipeline$2$1.accept(ReferencePipeline.java:177)
	at java.base/java.util.stream.ReferencePipeline$11$1.accept(ReferencePipeline.java:442)
	at java.base/java.util.HashMap$KeySpliterator.forEachRemaining(HashMap.java:1621)
	at java.base/java.util.stream.AbstractPipeline.copyInto(AbstractPipeline.java:484)
	at java.base/java.util.stream.AbstractPipeline.wrapAndCopyInto(AbstractPipeline.java:474)
	at java.base/java.util.stream.ForEachOps$ForEachOp.evaluateSequential(ForEachOps.java:150)
	at java.base/java.util.stream.ForEachOps$ForEachOp$OfRef.evaluateSequential(ForEachOps.java:173)
	at java.base/java.util.stream.AbstractPipeline.evaluate(AbstractPipeline.java:234)
	at java.base/java.util.stream.ReferencePipeline.forEach(ReferencePipeline.java:497)
	at org.openqa.selenium.devtools.Connection.handle(Connection.java:287)
	at org.openqa.selenium.devtools.Connection.access$200(Connection.java:57)
	at org.openqa.selenium.devtools.Connection$Listener.lambda$onText$0(Connection.java:224)
	at java.base/java.util.concurrent.ThreadPoolExecutor.runWorker(ThreadPoolExecutor.java:1128)
	at java.base/java.util.concurrent.ThreadPoolExecutor$Worker.run(ThreadPoolExecutor.java:628)
	at java.base/java.lang.Thread.run(Thread.java:829)
Caused by: org.openqa.selenium.WebDriverException: {"id":2670,"error":{"code":-32602,"message":"Invalid InterceptionId."},"sessionId":"69DE6D1A85B5D627489871F60443E14A"}
Build info: version: '4.11.0', revision: '040bc5406b'
System info: os.name: 'Windows 10', os.arch: 'amd64', os.version: '10.0', java.version: '11.0.18'
Driver info: driver.version: unknown
	at org.openqa.selenium.devtools.Connection.handle(Connection.java:260)
	... 5 more

Exception in thread "CDP Connection" org.openqa.selenium.devtools.DevToolsException: {"id":2670,"error":{"code":-32602,"message":"Invalid InterceptionId."},"sessionId":"69DE6D1A85B5D627489871F60443E14A"}
Build info: version: '4.11.0', revision: '040bc5406b'
System info: os.name: 'Windows 10', os.arch: 'amd64', os.version: '10.0', java.version: '11.0.18'
Driver info: driver.version: unknown
	at org.openqa.selenium.devtools.Connection$Listener.lambda$onText$0(Connection.java:227)
	at java.base/java.util.concurrent.ThreadPoolExecutor.runWorker(ThreadPoolExecutor.java:1128)
	at java.base/java.util.concurrent.ThreadPoolExecutor$Worker.run(ThreadPoolExecutor.java:628)
	at java.base/java.lang.Thread.run(Thread.java:829)
Caused by: org.openqa.selenium.devtools.DevToolsException: {"id":2670,"error":{"code":-32602,"message":"Invalid InterceptionId."},"sessionId":"69DE6D1A85B5D627489871F60443E14A"}
Build info: version: '4.11.0', revision: '040bc5406b'
System info: os.name: 'Windows 10', os.arch: 'amd64', os.version: '10.0', java.version: '11.0.18'
Driver info: driver.version: unknown
	at org.openqa.selenium.devtools.Connection.sendAndWait(Connection.java:181)
	at org.openqa.selenium.devtools.DevTools.send(DevTools.java:81)
	at org.openqa.selenium.devtools.idealized.Network.lambda$prepareToInterceptTraffic$4(Network.java:194)
	at org.openqa.selenium.devtools.Connection.lambda$handle$4(Connection.java:321)
	at java.base/java.util.stream.ForEachOps$ForEachOp$OfRef.accept(ForEachOps.java:183)
	at java.base/java.util.stream.ReferencePipeline$2$1.accept(ReferencePipeline.java:177)
	at java.base/java.util.stream.ReferencePipeline$11$1.accept(ReferencePipeline.java:442)
	at java.base/java.util.HashMap$KeySpliterator.forEachRemaining(HashMap.java:1621)
	at java.base/java.util.stream.AbstractPipeline.copyInto(AbstractPipeline.java:484)
	at java.base/java.util.stream.AbstractPipeline.wrapAndCopyInto(AbstractPipeline.java:474)
	at java.base/java.util.stream.ForEachOps$ForEachOp.evaluateSequential(ForEachOps.java:150)
	at java.base/java.util.stream.ForEachOps$ForEachOp$OfRef.evaluateSequential(ForEachOps.java:173)
	at java.base/java.util.stream.AbstractPipeline.evaluate(AbstractPipeline.java:234)
	at java.base/java.util.stream.ReferencePipeline.forEach(ReferencePipeline.java:497)
	at org.openqa.selenium.devtools.Connection.handle(Connection.java:287)
	at org.openqa.selenium.devtools.Connection.access$200(Connection.java:57)
	at org.openqa.selenium.devtools.Connection$Listener.lambda$onText$0(Connection.java:224)
	... 3 more
Caused by: org.openqa.selenium.WebDriverException: {"id":2670,"error":{"code":-32602,"message":"Invalid InterceptionId."},"sessionId":"69DE6D1A85B5D627489871F60443E14A"}
Build info: version: '4.11.0', revision: '040bc5406b'
System info: os.name: 'Windows 10', os.arch: 'amd64', os.version: '10.0', java.version: '11.0.18'
Driver info: driver.version: unknown
	at org.openqa.selenium.devtools.Connection.handle(Connection.java:260)
	... 5 more
авг. 16, 2023 4:23:23 PM org.openqa.selenium.devtools.Connection$Listener lambda$onText$0
WARNING: Unable to process: {"method":"Fetch.requestPaused","params":{"requestId":"interception-job-432.0","request":{"url":"http://localhost:8080/static/js/main.aab190f3.chunk.js","method":"GET","headers":{"Accept":"*/*","Referer":"http://localhost:8080/","User-Agent":"Mozilla/5.0 (Windows NT 10.0; Win64; x64) AppleWebKit/537.36 (KHTML, like Gecko) Chrome/116.0.0.0 Safari/537.36","sec-ch-ua":"\"Chromium\";v=\"116\", \"Not)A;Brand\";v=\"24\", \"Google Chrome\";v=\"116\"","sec-ch-ua-mobile":"?0","sec-ch-ua-platform":"\"Windows\""},"initialPriority":"High","referrerPolicy":"unsafe-url"},"frameId":"D165F02B89151667DFD1BF49856829E7","resourceType":"Script","responseStatusCode":200,"responseStatusText":"","responseHeaders":[{"name":"Vary","value":"Origin"},{"name":"Vary","value":"Access-Control-Request-Method"},{"name":"Vary","value":"Access-Control-Request-Headers"},{"name":"Last-Modified","value":"Thu, 03 Aug 2023 10:18:16 GMT"},{"name":"Accept-Ranges","value":"bytes"},{"name":"Content-Type","value":"application/javascript"},{"name":"Content-Length","value":"9137"},{"name":"Date","value":"Wed, 16 Aug 2023 13:20:22 GMT"}]},"sessionId":"69DE6D1A85B5D627489871F60443E14A"}
org.openqa.selenium.devtools.DevToolsException: {"id":2666,"error":{"code":-32602,"message":"Invalid InterceptionId."},"sessionId":"69DE6D1A85B5D627489871F60443E14A"}
Build info: version: '4.11.0', revision: '040bc5406b'
System info: os.name: 'Windows 10', os.arch: 'amd64', os.version: '10.0', java.version: '11.0.18'
Driver info: driver.version: unknown
	at org.openqa.selenium.devtools.Connection.sendAndWait(Connection.java:181)
	at org.openqa.selenium.devtools.DevTools.send(DevTools.java:81)
	at org.openqa.selenium.devtools.idealized.Network.lambda$prepareToInterceptTraffic$4(Network.java:194)
	at org.openqa.selenium.devtools.Connection.lambda$handle$4(Connection.java:321)
	at java.base/java.util.stream.ForEachOps$ForEachOp$OfRef.accept(ForEachOps.java:183)
	at java.base/java.util.stream.ReferencePipeline$2$1.accept(ReferencePipeline.java:177)
	at java.base/java.util.stream.ReferencePipeline$11$1.accept(ReferencePipeline.java:442)
	at java.base/java.util.HashMap$KeySpliterator.forEachRemaining(HashMap.java:1621)
	at java.base/java.util.stream.AbstractPipeline.copyInto(AbstractPipeline.java:484)
	at java.base/java.util.stream.AbstractPipeline.wrapAndCopyInto(AbstractPipeline.java:474)
	at java.base/java.util.stream.ForEachOps$ForEachOp.evaluateSequential(ForEachOps.java:150)
	at java.base/java.util.stream.ForEachOps$ForEachOp$OfRef.evaluateSequential(ForEachOps.java:173)
	at java.base/java.util.stream.AbstractPipeline.evaluate(AbstractPipeline.java:234)
	at java.base/java.util.stream.ReferencePipeline.forEach(ReferencePipeline.java:497)
	at org.openqa.selenium.devtools.Connection.handle(Connection.java:287)
	at org.openqa.selenium.devtools.Connection.access$200(Connection.java:57)
	at org.openqa.selenium.devtools.Connection$Listener.lambda$onText$0(Connection.java:224)
	at java.base/java.util.concurrent.ThreadPoolExecutor.runWorker(ThreadPoolExecutor.java:1128)
	at java.base/java.util.concurrent.ThreadPoolExecutor$Worker.run(ThreadPoolExecutor.java:628)
	at java.base/java.lang.Thread.run(Thread.java:829)
Caused by: org.openqa.selenium.WebDriverException: {"id":2666,"error":{"code":-32602,"message":"Invalid InterceptionId."},"sessionId":"69DE6D1A85B5D627489871F60443E14A"}
Build info: version: '4.11.0', revision: '040bc5406b'
System info: os.name: 'Windows 10', os.arch: 'amd64', os.version: '10.0', java.version: '11.0.18'
Driver info: driver.version: unknown
	at org.openqa.selenium.devtools.Connection.handle(Connection.java:260)
	... 5 more

Exception in thread "CDP Connection" org.openqa.selenium.devtools.DevToolsException: {"id":2666,"error":{"code":-32602,"message":"Invalid InterceptionId."},"sessionId":"69DE6D1A85B5D627489871F60443E14A"}
Build info: version: '4.11.0', revision: '040bc5406b'
System info: os.name: 'Windows 10', os.arch: 'amd64', os.version: '10.0', java.version: '11.0.18'
Driver info: driver.version: unknown
	at org.openqa.selenium.devtools.Connection$Listener.lambda$onText$0(Connection.java:227)
	at java.base/java.util.concurrent.ThreadPoolExecutor.runWorker(ThreadPoolExecutor.java:1128)
	at java.base/java.util.concurrent.ThreadPoolExecutor$Worker.run(ThreadPoolExecutor.java:628)
	at java.base/java.lang.Thread.run(Thread.java:829)
Caused by: org.openqa.selenium.devtools.DevToolsException: {"id":2666,"error":{"code":-32602,"message":"Invalid InterceptionId."},"sessionId":"69DE6D1A85B5D627489871F60443E14A"}
Build info: version: '4.11.0', revision: '040bc5406b'
System info: os.name: 'Windows 10', os.arch: 'amd64', os.version: '10.0', java.version: '11.0.18'
Driver info: driver.version: unknown
	at org.openqa.selenium.devtools.Connection.sendAndWait(Connection.java:181)
	at org.openqa.selenium.devtools.DevTools.send(DevTools.java:81)
	at org.openqa.selenium.devtools.idealized.Network.lambda$prepareToInterceptTraffic$4(Network.java:194)
	at org.openqa.selenium.devtools.Connection.lambda$handle$4(Connection.java:321)
	at java.base/java.util.stream.ForEachOps$ForEachOp$OfRef.accept(ForEachOps.java:183)
	at java.base/java.util.stream.ReferencePipeline$2$1.accept(ReferencePipeline.java:177)
	at java.base/java.util.stream.ReferencePipeline$11$1.accept(ReferencePipeline.java:442)
	at java.base/java.util.HashMap$KeySpliterator.forEachRemaining(HashMap.java:1621)
	at java.base/java.util.stream.AbstractPipeline.copyInto(AbstractPipeline.java:484)
	at java.base/java.util.stream.AbstractPipeline.wrapAndCopyInto(AbstractPipeline.java:474)
	at java.base/java.util.stream.ForEachOps$ForEachOp.evaluateSequential(ForEachOps.java:150)
	at java.base/java.util.stream.ForEachOps$ForEachOp$OfRef.evaluateSequential(ForEachOps.java:173)
	at java.base/java.util.stream.AbstractPipeline.evaluate(AbstractPipeline.java:234)
	at java.base/java.util.stream.ReferencePipeline.forEach(ReferencePipeline.java:497)
	at org.openqa.selenium.devtools.Connection.handle(Connection.java:287)
	at org.openqa.selenium.devtools.Connection.access$200(Connection.java:57)
	at org.openqa.selenium.devtools.Connection$Listener.lambda$onText$0(Connection.java:224)
	... 3 more
Caused by: org.openqa.selenium.WebDriverException: {"id":2666,"error":{"code":-32602,"message":"Invalid InterceptionId."},"sessionId":"69DE6D1A85B5D627489871F60443E14A"}
Build info: version: '4.11.0', revision: '040bc5406b'
System info: os.name: 'Windows 10', os.arch: 'amd64', os.version: '10.0', java.version: '11.0.18'
Driver info: driver.version: unknown
	at org.openqa.selenium.devtools.Connection.handle(Connection.java:260)
	... 5 more
авг. 16, 2023 4:23:23 PM org.openqa.selenium.devtools.Connection$Listener lambda$onText$0
WARNING: Unable to process: {"method":"Fetch.requestPaused","params":{"requestId":"interception-job-429.0","request":{"url":"http://localhost:8080/static/css/2.7d875902.chunk.css","method":"GET","headers":{"Accept":"text/css,*/*;q=0.1","Referer":"http://localhost:8080/","User-Agent":"Mozilla/5.0 (Windows NT 10.0; Win64; x64) AppleWebKit/537.36 (KHTML, like Gecko) Chrome/116.0.0.0 Safari/537.36","sec-ch-ua":"\"Chromium\";v=\"116\", \"Not)A;Brand\";v=\"24\", \"Google Chrome\";v=\"116\"","sec-ch-ua-mobile":"?0","sec-ch-ua-platform":"\"Windows\""},"initialPriority":"VeryHigh","referrerPolicy":"strict-origin-when-cross-origin"},"frameId":"D165F02B89151667DFD1BF49856829E7","resourceType":"Stylesheet"},"sessionId":"69DE6D1A85B5D627489871F60443E14A"}
org.openqa.selenium.devtools.DevToolsException: {"id":2672,"error":{"code":-32602,"message":"Invalid InterceptionId."},"sessionId":"69DE6D1A85B5D627489871F60443E14A"}
Build info: version: '4.11.0', revision: '040bc5406b'
System info: os.name: 'Windows 10', os.arch: 'amd64', os.version: '10.0', java.version: '11.0.18'
Driver info: driver.version: unknown
	at org.openqa.selenium.devtools.Connection.sendAndWait(Connection.java:181)
	at org.openqa.selenium.devtools.DevTools.send(DevTools.java:81)
	at org.openqa.selenium.devtools.idealized.Network.lambda$prepareToInterceptTraffic$3(Network.java:211)
	at org.openqa.selenium.remote.http.Filter.lambda$andFinally$1(Filter.java:55)
	at org.openqa.selenium.devtools.idealized.Network.lambda$prepareToInterceptTraffic$4(Network.java:226)
	at org.openqa.selenium.devtools.Connection.lambda$handle$4(Connection.java:321)
	at java.base/java.util.stream.ForEachOps$ForEachOp$OfRef.accept(ForEachOps.java:183)
	at java.base/java.util.stream.ReferencePipeline$2$1.accept(ReferencePipeline.java:177)
	at java.base/java.util.stream.ReferencePipeline$11$1.accept(ReferencePipeline.java:442)
	at java.base/java.util.HashMap$KeySpliterator.forEachRemaining(HashMap.java:1621)
	at java.base/java.util.stream.AbstractPipeline.copyInto(AbstractPipeline.java:484)
	at java.base/java.util.stream.AbstractPipeline.wrapAndCopyInto(AbstractPipeline.java:474)
	at java.base/java.util.stream.ForEachOps$ForEachOp.evaluateSequential(ForEachOps.java:150)
	at java.base/java.util.stream.ForEachOps$ForEachOp$OfRef.evaluateSequential(ForEachOps.java:173)
	at java.base/java.util.stream.AbstractPipeline.evaluate(AbstractPipeline.java:234)
	at java.base/java.util.stream.ReferencePipeline.forEach(ReferencePipeline.java:497)
	at org.openqa.selenium.devtools.Connection.handle(Connection.java:287)
	at org.openqa.selenium.devtools.Connection.access$200(Connection.java:57)
	at org.openqa.selenium.devtools.Connection$Listener.lambda$onText$0(Connection.java:224)
	at java.base/java.util.concurrent.ThreadPoolExecutor.runWorker(ThreadPoolExecutor.java:1128)
	at java.base/java.util.concurrent.ThreadPoolExecutor$Worker.run(ThreadPoolExecutor.java:628)
	at java.base/java.lang.Thread.run(Thread.java:829)
Caused by: org.openqa.selenium.WebDriverException: {"id":2672,"error":{"code":-32602,"message":"Invalid InterceptionId."},"sessionId":"69DE6D1A85B5D627489871F60443E14A"}
Build info: version: '4.11.0', revision: '040bc5406b'
System info: os.name: 'Windows 10', os.arch: 'amd64', os.version: '10.0', java.version: '11.0.18'
Driver info: driver.version: unknown
	at org.openqa.selenium.devtools.Connection.handle(Connection.java:260)
	... 5 more

Exception in thread "CDP Connection" org.openqa.selenium.devtools.DevToolsException: {"id":2672,"error":{"code":-32602,"message":"Invalid InterceptionId."},"sessionId":"69DE6D1A85B5D627489871F60443E14A"}
Build info: version: '4.11.0', revision: '040bc5406b'
System info: os.name: 'Windows 10', os.arch: 'amd64', os.version: '10.0', java.version: '11.0.18'
Driver info: driver.version: unknown
	at org.openqa.selenium.devtools.Connection$Listener.lambda$onText$0(Connection.java:227)
	at java.base/java.util.concurrent.ThreadPoolExecutor.runWorker(ThreadPoolExecutor.java:1128)
	at java.base/java.util.concurrent.ThreadPoolExecutor$Worker.run(ThreadPoolExecutor.java:628)
	at java.base/java.lang.Thread.run(Thread.java:829)
Caused by: org.openqa.selenium.devtools.DevToolsException: {"id":2672,"error":{"code":-32602,"message":"Invalid InterceptionId."},"sessionId":"69DE6D1A85B5D627489871F60443E14A"}
Build info: version: '4.11.0', revision: '040bc5406b'
System info: os.name: 'Windows 10', os.arch: 'amd64', os.version: '10.0', java.version: '11.0.18'
Driver info: driver.version: unknown
	at org.openqa.selenium.devtools.Connection.sendAndWait(Connection.java:181)
	at org.openqa.selenium.devtools.DevTools.send(DevTools.java:81)
	at org.openqa.selenium.devtools.idealized.Network.lambda$prepareToInterceptTraffic$3(Network.java:211)
	at org.openqa.selenium.remote.http.Filter.lambda$andFinally$1(Filter.java:55)
	at org.openqa.selenium.devtools.idealized.Network.lambda$prepareToInterceptTraffic$4(Network.java:226)
	at org.openqa.selenium.devtools.Connection.lambda$handle$4(Connection.java:321)
	at java.base/java.util.stream.ForEachOps$ForEachOp$OfRef.accept(ForEachOps.java:183)
	at java.base/java.util.stream.ReferencePipeline$2$1.accept(ReferencePipeline.java:177)
	at java.base/java.util.stream.ReferencePipeline$11$1.accept(ReferencePipeline.java:442)
	at java.base/java.util.HashMap$KeySpliterator.forEachRemaining(HashMap.java:1621)
	at java.base/java.util.stream.AbstractPipeline.copyInto(AbstractPipeline.java:484)
	at java.base/java.util.stream.AbstractPipeline.wrapAndCopyInto(AbstractPipeline.java:474)
	at java.base/java.util.stream.ForEachOps$ForEachOp.evaluateSequential(ForEachOps.java:150)
	at java.base/java.util.stream.ForEachOps$ForEachOp$OfRef.evaluateSequential(ForEachOps.java:173)
	at java.base/java.util.stream.AbstractPipeline.evaluate(AbstractPipeline.java:234)
	at java.base/java.util.stream.ReferencePipeline.forEach(ReferencePipeline.java:497)
	at org.openqa.selenium.devtools.Connection.handle(Connection.java:287)
	at org.openqa.selenium.devtools.Connection.access$200(Connection.java:57)
	at org.openqa.selenium.devtools.Connection$Listener.lambda$onText$0(Connection.java:224)
	... 3 more
Caused by: org.openqa.selenium.WebDriverException: {"id":2672,"error":{"code":-32602,"message":"Invalid InterceptionId."},"sessionId":"69DE6D1A85B5D627489871F60443E14A"}
Build info: version: '4.11.0', revision: '040bc5406b'
System info: os.name: 'Windows 10', os.arch: 'amd64', os.version: '10.0', java.version: '11.0.18'
Driver info: driver.version: unknown
	at org.openqa.selenium.devtools.Connection.handle(Connection.java:260)
	... 5 more
авг. 16, 2023 4:23:23 PM org.openqa.selenium.devtools.Connection$Listener lambda$onText$0
WARNING: Unable to process: {"method":"Fetch.requestPaused","params":{"requestId":"interception-job-431.0","request":{"url":"http://localhost:8080/static/js/2.0716afe8.chunk.js","method":"GET","headers":{"Accept":"*/*","Referer":"http://localhost:8080/","User-Agent":"Mozilla/5.0 (Windows NT 10.0; Win64; x64) AppleWebKit/537.36 (KHTML, like Gecko) Chrome/116.0.0.0 Safari/537.36","sec-ch-ua":"\"Chromium\";v=\"116\", \"Not)A;Brand\";v=\"24\", \"Google Chrome\";v=\"116\"","sec-ch-ua-mobile":"?0","sec-ch-ua-platform":"\"Windows\""},"initialPriority":"High","referrerPolicy":"unsafe-url"},"frameId":"D165F02B89151667DFD1BF49856829E7","resourceType":"Script","responseStatusCode":200,"responseStatusText":"","responseHeaders":[{"name":"Vary","value":"Origin"},{"name":"Vary","value":"Access-Control-Request-Method"},{"name":"Vary","value":"Access-Control-Request-Headers"},{"name":"Last-Modified","value":"Thu, 03 Aug 2023 10:18:16 GMT"},{"name":"Accept-Ranges","value":"bytes"},{"name":"Content-Type","value":"application/javascript"},{"name":"Content-Length","value":"228167"},{"name":"Date","value":"Wed, 16 Aug 2023 13:20:22 GMT"}]},"sessionId":"69DE6D1A85B5D627489871F60443E14A"}
org.openqa.selenium.devtools.DevToolsException: {"id":2674,"error":{"code":-32602,"message":"Invalid InterceptionId."},"sessionId":"69DE6D1A85B5D627489871F60443E14A"}
Build info: version: '4.11.0', revision: '040bc5406b'
System info: os.name: 'Windows 10', os.arch: 'amd64', os.version: '10.0', java.version: '11.0.18'
Driver info: driver.version: unknown
	at org.openqa.selenium.devtools.Connection.sendAndWait(Connection.java:181)
	at org.openqa.selenium.devtools.DevTools.send(DevTools.java:81)
	at org.openqa.selenium.devtools.idealized.Network.lambda$prepareToInterceptTraffic$4(Network.java:194)
	at org.openqa.selenium.devtools.Connection.lambda$handle$4(Connection.java:321)
	at java.base/java.util.stream.ForEachOps$ForEachOp$OfRef.accept(ForEachOps.java:183)
	at java.base/java.util.stream.ReferencePipeline$2$1.accept(ReferencePipeline.java:177)
	at java.base/java.util.stream.ReferencePipeline$11$1.accept(ReferencePipeline.java:442)
	at java.base/java.util.HashMap$KeySpliterator.forEachRemaining(HashMap.java:1621)
	at java.base/java.util.stream.AbstractPipeline.copyInto(AbstractPipeline.java:484)
	at java.base/java.util.stream.AbstractPipeline.wrapAndCopyInto(AbstractPipeline.java:474)
	at java.base/java.util.stream.ForEachOps$ForEachOp.evaluateSequential(ForEachOps.java:150)
	at java.base/java.util.stream.ForEachOps$ForEachOp$OfRef.evaluateSequential(ForEachOps.java:173)
	at java.base/java.util.stream.AbstractPipeline.evaluate(AbstractPipeline.java:234)
	at java.base/java.util.stream.ReferencePipeline.forEach(ReferencePipeline.java:497)
	at org.openqa.selenium.devtools.Connection.handle(Connection.java:287)
	at org.openqa.selenium.devtools.Connection.access$200(Connection.java:57)
	at org.openqa.selenium.devtools.Connection$Listener.lambda$onText$0(Connection.java:224)
	at java.base/java.util.concurrent.ThreadPoolExecutor.runWorker(ThreadPoolExecutor.java:1128)
	at java.base/java.util.concurrent.ThreadPoolExecutor$Worker.run(ThreadPoolExecutor.java:628)
	at java.base/java.lang.Thread.run(Thread.java:829)
Caused by: org.openqa.selenium.WebDriverException: {"id":2674,"error":{"code":-32602,"message":"Invalid InterceptionId."},"sessionId":"69DE6D1A85B5D627489871F60443E14A"}
Build info: version: '4.11.0', revision: '040bc5406b'
System info: os.name: 'Windows 10', os.arch: 'amd64', os.version: '10.0', java.version: '11.0.18'
Driver info: driver.version: unknown
	at org.openqa.selenium.devtools.Connection.handle(Connection.java:260)
	... 5 more

Exception in thread "CDP Connection" org.openqa.selenium.devtools.DevToolsException: {"id":2674,"error":{"code":-32602,"message":"Invalid InterceptionId."},"sessionId":"69DE6D1A85B5D627489871F60443E14A"}
Build info: version: '4.11.0', revision: '040bc5406b'
System info: os.name: 'Windows 10', os.arch: 'amd64', os.version: '10.0', java.version: '11.0.18'
Driver info: driver.version: unknown
	at org.openqa.selenium.devtools.Connection$Listener.lambda$onText$0(Connection.java:227)
	at java.base/java.util.concurrent.ThreadPoolExecutor.runWorker(ThreadPoolExecutor.java:1128)
	at java.base/java.util.concurrent.ThreadPoolExecutor$Worker.run(ThreadPoolExecutor.java:628)
	at java.base/java.lang.Thread.run(Thread.java:829)
Caused by: org.openqa.selenium.devtools.DevToolsException: {"id":2674,"error":{"code":-32602,"message":"Invalid InterceptionId."},"sessionId":"69DE6D1A85B5D627489871F60443E14A"}
Build info: version: '4.11.0', revision: '040bc5406b'
System info: os.name: 'Windows 10', os.arch: 'amd64', os.version: '10.0', java.version: '11.0.18'
Driver info: driver.version: unknown
	at org.openqa.selenium.devtools.Connection.sendAndWait(Connection.java:181)
	at org.openqa.selenium.devtools.DevTools.send(DevTools.java:81)
	at org.openqa.selenium.devtools.idealized.Network.lambda$prepareToInterceptTraffic$4(Network.java:194)
	at org.openqa.selenium.devtools.Connection.lambda$handle$4(Connection.java:321)
	at java.base/java.util.stream.ForEachOps$ForEachOp$OfRef.accept(ForEachOps.java:183)
	at java.base/java.util.stream.ReferencePipeline$2$1.accept(ReferencePipeline.java:177)
	at java.base/java.util.stream.ReferencePipeline$11$1.accept(ReferencePipeline.java:442)
	at java.base/java.util.HashMap$KeySpliterator.forEachRemaining(HashMap.java:1621)
	at java.base/java.util.stream.AbstractPipeline.copyInto(AbstractPipeline.java:484)
	at java.base/java.util.stream.AbstractPipeline.wrapAndCopyInto(AbstractPipeline.java:474)
	at java.base/java.util.stream.ForEachOps$ForEachOp.evaluateSequential(ForEachOps.java:150)
	at java.base/java.util.stream.ForEachOps$ForEachOp$OfRef.evaluateSequential(ForEachOps.java:173)
	at java.base/java.util.stream.AbstractPipeline.evaluate(AbstractPipeline.java:234)
	at java.base/java.util.stream.ReferencePipeline.forEach(ReferencePipeline.java:497)
	at org.openqa.selenium.devtools.Connection.handle(Connection.java:287)
	at org.openqa.selenium.devtools.Connection.access$200(Connection.java:57)
	at org.openqa.selenium.devtools.Connection$Listener.lambda$onText$0(Connection.java:224)
	... 3 more
Caused by: org.openqa.selenium.WebDriverException: {"id":2674,"error":{"code":-32602,"message":"Invalid InterceptionId."},"sessionId":"69DE6D1A85B5D627489871F60443E14A"}
Build info: version: '4.11.0', revision: '040bc5406b'
System info: os.name: 'Windows 10', os.arch: 'amd64', os.version: '10.0', java.version: '11.0.18'
Driver info: driver.version: unknown
	at org.openqa.selenium.devtools.Connection.handle(Connection.java:260)
	... 5 more
авг. 16, 2023 4:23:23 PM org.openqa.selenium.devtools.Connection$Listener lambda$onText$0
WARNING: Unable to process: {"method":"Fetch.requestPaused","params":{"requestId":"interception-job-431.0","request":{"url":"http://localhost:8080/static/js/2.0716afe8.chunk.js","method":"GET","headers":{"Accept":"*/*","Referer":"http://localhost:8080/","User-Agent":"Mozilla/5.0 (Windows NT 10.0; Win64; x64) AppleWebKit/537.36 (KHTML, like Gecko) Chrome/116.0.0.0 Safari/537.36","sec-ch-ua":"\"Chromium\";v=\"116\", \"Not)A;Brand\";v=\"24\", \"Google Chrome\";v=\"116\"","sec-ch-ua-mobile":"?0","sec-ch-ua-platform":"\"Windows\""},"initialPriority":"High","referrerPolicy":"strict-origin-when-cross-origin"},"frameId":"D165F02B89151667DFD1BF49856829E7","resourceType":"Script"},"sessionId":"69DE6D1A85B5D627489871F60443E14A"}
org.openqa.selenium.devtools.DevToolsException: {"id":2675,"error":{"code":-32602,"message":"Invalid InterceptionId."},"sessionId":"69DE6D1A85B5D627489871F60443E14A"}
Build info: version: '4.11.0', revision: '040bc5406b'
System info: os.name: 'Windows 10', os.arch: 'amd64', os.version: '10.0', java.version: '11.0.18'
Driver info: driver.version: unknown
	at org.openqa.selenium.devtools.Connection.sendAndWait(Connection.java:181)
	at org.openqa.selenium.devtools.DevTools.send(DevTools.java:81)
	at org.openqa.selenium.devtools.idealized.Network.lambda$prepareToInterceptTraffic$3(Network.java:211)
	at org.openqa.selenium.remote.http.Filter.lambda$andFinally$1(Filter.java:55)
	at org.openqa.selenium.devtools.idealized.Network.lambda$prepareToInterceptTraffic$4(Network.java:226)
	at org.openqa.selenium.devtools.Connection.lambda$handle$4(Connection.java:321)
	at java.base/java.util.stream.ForEachOps$ForEachOp$OfRef.accept(ForEachOps.java:183)
	at java.base/java.util.stream.ReferencePipeline$2$1.accept(ReferencePipeline.java:177)
	at java.base/java.util.stream.ReferencePipeline$11$1.accept(ReferencePipeline.java:442)
	at java.base/java.util.HashMap$KeySpliterator.forEachRemaining(HashMap.java:1621)
	at java.base/java.util.stream.AbstractPipeline.copyInto(AbstractPipeline.java:484)
	at java.base/java.util.stream.AbstractPipeline.wrapAndCopyInto(AbstractPipeline.java:474)
	at java.base/java.util.stream.ForEachOps$ForEachOp.evaluateSequential(ForEachOps.java:150)
	at java.base/java.util.stream.ForEachOps$ForEachOp$OfRef.evaluateSequential(ForEachOps.java:173)
	at java.base/java.util.stream.AbstractPipeline.evaluate(AbstractPipeline.java:234)
	at java.base/java.util.stream.ReferencePipeline.forEach(ReferencePipeline.java:497)
	at org.openqa.selenium.devtools.Connection.handle(Connection.java:287)
	at org.openqa.selenium.devtools.Connection.access$200(Connection.java:57)
	at org.openqa.selenium.devtools.Connection$Listener.lambda$onText$0(Connection.java:224)
	at java.base/java.util.concurrent.ThreadPoolExecutor.runWorker(ThreadPoolExecutor.java:1128)
	at java.base/java.util.concurrent.ThreadPoolExecutor$Worker.run(ThreadPoolExecutor.java:628)
	at java.base/java.lang.Thread.run(Thread.java:829)
Caused by: org.openqa.selenium.WebDriverException: {"id":2675,"error":{"code":-32602,"message":"Invalid InterceptionId."},"sessionId":"69DE6D1A85B5D627489871F60443E14A"}
Build info: version: '4.11.0', revision: '040bc5406b'
System info: os.name: 'Windows 10', os.arch: 'amd64', os.version: '10.0', java.version: '11.0.18'
Driver info: driver.version: unknown
	at org.openqa.selenium.devtools.Connection.handle(Connection.java:260)
	... 5 more

Exception in thread "CDP Connection" org.openqa.selenium.devtools.DevToolsException: {"id":2675,"error":{"code":-32602,"message":"Invalid InterceptionId."},"sessionId":"69DE6D1A85B5D627489871F60443E14A"}
Build info: version: '4.11.0', revision: '040bc5406b'
System info: os.name: 'Windows 10', os.arch: 'amd64', os.version: '10.0', java.version: '11.0.18'
Driver info: driver.version: unknown
	at org.openqa.selenium.devtools.Connection$Listener.lambda$onText$0(Connection.java:227)
	at java.base/java.util.concurrent.ThreadPoolExecutor.runWorker(ThreadPoolExecutor.java:1128)
	at java.base/java.util.concurrent.ThreadPoolExecutor$Worker.run(ThreadPoolExecutor.java:628)
	at java.base/java.lang.Thread.run(Thread.java:829)
Caused by: org.openqa.selenium.devtools.DevToolsException: {"id":2675,"error":{"code":-32602,"message":"Invalid InterceptionId."},"sessionId":"69DE6D1A85B5D627489871F60443E14A"}
Build info: version: '4.11.0', revision: '040bc5406b'
System info: os.name: 'Windows 10', os.arch: 'amd64', os.version: '10.0', java.version: '11.0.18'
Driver info: driver.version: unknown
	at org.openqa.selenium.devtools.Connection.sendAndWait(Connection.java:181)
	at org.openqa.selenium.devtools.DevTools.send(DevTools.java:81)
	at org.openqa.selenium.devtools.idealized.Network.lambda$prepareToInterceptTraffic$3(Network.java:211)
	at org.openqa.selenium.remote.http.Filter.lambda$andFinally$1(Filter.java:55)
	at org.openqa.selenium.devtools.idealized.Network.lambda$prepareToInterceptTraffic$4(Network.java:226)
	at org.openqa.selenium.devtools.Connection.lambda$handle$4(Connection.java:321)
	at java.base/java.util.stream.ForEachOps$ForEachOp$OfRef.accept(ForEachOps.java:183)
	at java.base/java.util.stream.ReferencePipeline$2$1.accept(ReferencePipeline.java:177)
	at java.base/java.util.stream.ReferencePipeline$11$1.accept(ReferencePipeline.java:442)
	at java.base/java.util.HashMap$KeySpliterator.forEachRemaining(HashMap.java:1621)
	at java.base/java.util.stream.AbstractPipeline.copyInto(AbstractPipeline.java:484)
	at java.base/java.util.stream.AbstractPipeline.wrapAndCopyInto(AbstractPipeline.java:474)
	at java.base/java.util.stream.ForEachOps$ForEachOp.evaluateSequential(ForEachOps.java:150)
	at java.base/java.util.stream.ForEachOps$ForEachOp$OfRef.evaluateSequential(ForEachOps.java:173)
	at java.base/java.util.stream.AbstractPipeline.evaluate(AbstractPipeline.java:234)
	at java.base/java.util.stream.ReferencePipeline.forEach(ReferencePipeline.java:497)
	at org.openqa.selenium.devtools.Connection.handle(Connection.java:287)
	at org.openqa.selenium.devtools.Connection.access$200(Connection.java:57)
	at org.openqa.selenium.devtools.Connection$Listener.lambda$onText$0(Connection.java:224)
	... 3 more
Caused by: org.openqa.selenium.WebDriverException: {"id":2675,"error":{"code":-32602,"message":"Invalid InterceptionId."},"sessionId":"69DE6D1A85B5D627489871F60443E14A"}
Build info: version: '4.11.0', revision: '040bc5406b'
System info: os.name: 'Windows 10', os.arch: 'amd64', os.version: '10.0', java.version: '11.0.18'
Driver info: driver.version: unknown
	at org.openqa.selenium.devtools.Connection.handle(Connection.java:260)
	... 5 more
авг. 16, 2023 4:23:23 PM org.openqa.selenium.devtools.Connection$Listener lambda$onText$0
WARNING: Unable to process: {"method":"Fetch.requestPaused","params":{"requestId":"interception-job-433.0","request":{"url":"http://localhost:8080/static/media/marrakech.869b2a02.jpg","method":"GET","headers":{"Accept":"image/avif,image/webp,image/apng,image/svg+xml,image/*,*/*;q=0.8","Referer":"http://localhost:8080/","User-Agent":"Mozilla/5.0 (Windows NT 10.0; Win64; x64) AppleWebKit/537.36 (KHTML, like Gecko) Chrome/116.0.0.0 Safari/537.36","sec-ch-ua":"\"Chromium\";v=\"116\", \"Not)A;Brand\";v=\"24\", \"Google Chrome\";v=\"116\"","sec-ch-ua-mobile":"?0","sec-ch-ua-platform":"\"Windows\""},"initialPriority":"Low","referrerPolicy":"unsafe-url"},"frameId":"D165F02B89151667DFD1BF49856829E7","resourceType":"Image","responseStatusCode":200,"responseStatusText":"","responseHeaders":[{"name":"Vary","value":"Origin"},{"name":"Vary","value":"Access-Control-Request-Method"},{"name":"Vary","value":"Access-Control-Request-Headers"},{"name":"Last-Modified","value":"Thu, 03 Aug 2023 10:18:16 GMT"},{"name":"Accept-Ranges","value":"bytes"},{"name":"Content-Type","value":"image/jpeg"},{"name":"Content-Length","value":"85240"},{"name":"Date","value":"Wed, 16 Aug 2023 13:20:22 GMT"}]},"sessionId":"69DE6D1A85B5D627489871F60443E14A"}
org.openqa.selenium.devtools.DevToolsException: {"id":2680,"error":{"code":-32602,"message":"Invalid InterceptionId."},"sessionId":"69DE6D1A85B5D627489871F60443E14A"}
Build info: version: '4.11.0', revision: '040bc5406b'
System info: os.name: 'Windows 10', os.arch: 'amd64', os.version: '10.0', java.version: '11.0.18'
Driver info: driver.version: unknown
	at org.openqa.selenium.devtools.Connection.sendAndWait(Connection.java:181)
	at org.openqa.selenium.devtools.DevTools.send(DevTools.java:81)
	at org.openqa.selenium.devtools.idealized.Network.lambda$prepareToInterceptTraffic$4(Network.java:194)
	at org.openqa.selenium.devtools.Connection.lambda$handle$4(Connection.java:321)
	at java.base/java.util.stream.ForEachOps$ForEachOp$OfRef.accept(ForEachOps.java:183)
	at java.base/java.util.stream.ReferencePipeline$2$1.accept(ReferencePipeline.java:177)
	at java.base/java.util.stream.ReferencePipeline$11$1.accept(ReferencePipeline.java:442)
	at java.base/java.util.HashMap$KeySpliterator.forEachRemaining(HashMap.java:1621)
	at java.base/java.util.stream.AbstractPipeline.copyInto(AbstractPipeline.java:484)
	at java.base/java.util.stream.AbstractPipeline.wrapAndCopyInto(AbstractPipeline.java:474)
	at java.base/java.util.stream.ForEachOps$ForEachOp.evaluateSequential(ForEachOps.java:150)
	at java.base/java.util.stream.ForEachOps$ForEachOp$OfRef.evaluateSequential(ForEachOps.java:173)
	at java.base/java.util.stream.AbstractPipeline.evaluate(AbstractPipeline.java:234)
	at java.base/java.util.stream.ReferencePipeline.forEach(ReferencePipeline.java:497)
	at org.openqa.selenium.devtools.Connection.handle(Connection.java:287)
	at org.openqa.selenium.devtools.Connection.access$200(Connection.java:57)
	at org.openqa.selenium.devtools.Connection$Listener.lambda$onText$0(Connection.java:224)
	at java.base/java.util.concurrent.ThreadPoolExecutor.runWorker(ThreadPoolExecutor.java:1128)
	at java.base/java.util.concurrent.ThreadPoolExecutor$Worker.run(ThreadPoolExecutor.java:628)
	at java.base/java.lang.Thread.run(Thread.java:829)
Caused by: org.openqa.selenium.WebDriverException: {"id":2680,"error":{"code":-32602,"message":"Invalid InterceptionId."},"sessionId":"69DE6D1A85B5D627489871F60443E14A"}
Build info: version: '4.11.0', revision: '040bc5406b'
System info: os.name: 'Windows 10', os.arch: 'amd64', os.version: '10.0', java.version: '11.0.18'
Driver info: driver.version: unknown
	at org.openqa.selenium.devtools.Connection.handle(Connection.java:260)
	... 5 more

Exception in thread "CDP Connection" org.openqa.selenium.devtools.DevToolsException: {"id":2680,"error":{"code":-32602,"message":"Invalid InterceptionId."},"sessionId":"69DE6D1A85B5D627489871F60443E14A"}
Build info: version: '4.11.0', revision: '040bc5406b'
System info: os.name: 'Windows 10', os.arch: 'amd64', os.version: '10.0', java.version: '11.0.18'
Driver info: driver.version: unknown
	at org.openqa.selenium.devtools.Connection$Listener.lambda$onText$0(Connection.java:227)
	at java.base/java.util.concurrent.ThreadPoolExecutor.runWorker(ThreadPoolExecutor.java:1128)
	at java.base/java.util.concurrent.ThreadPoolExecutor$Worker.run(ThreadPoolExecutor.java:628)
	at java.base/java.lang.Thread.run(Thread.java:829)
Caused by: org.openqa.selenium.devtools.DevToolsException: {"id":2680,"error":{"code":-32602,"message":"Invalid InterceptionId."},"sessionId":"69DE6D1A85B5D627489871F60443E14A"}
Build info: version: '4.11.0', revision: '040bc5406b'
System info: os.name: 'Windows 10', os.arch: 'amd64', os.version: '10.0', java.version: '11.0.18'
Driver info: driver.version: unknown
	at org.openqa.selenium.devtools.Connection.sendAndWait(Connection.java:181)
	at org.openqa.selenium.devtools.DevTools.send(DevTools.java:81)
	at org.openqa.selenium.devtools.idealized.Network.lambda$prepareToInterceptTraffic$4(Network.java:194)
	at org.openqa.selenium.devtools.Connection.lambda$handle$4(Connection.java:321)
	at java.base/java.util.stream.ForEachOps$ForEachOp$OfRef.accept(ForEachOps.java:183)
	at java.base/java.util.stream.ReferencePipeline$2$1.accept(ReferencePipeline.java:177)
	at java.base/java.util.stream.ReferencePipeline$11$1.accept(ReferencePipeline.java:442)
	at java.base/java.util.HashMap$KeySpliterator.forEachRemaining(HashMap.java:1621)
	at java.base/java.util.stream.AbstractPipeline.copyInto(AbstractPipeline.java:484)
	at java.base/java.util.stream.AbstractPipeline.wrapAndCopyInto(AbstractPipeline.java:474)
авг. 16, 2023 4:23:23 PM org.openqa.selenium.devtools.Connection$Listener lambda$onText$0
WARNING: Unable to process: {"method":"Fetch.requestPaused","params":{"requestId":"interception-job-433.0","request":{"url":"http://localhost:8080/static/media/marrakech.869b2a02.jpg","method":"GET","headers":{"Accept":"image/avif,image/webp,image/apng,image/svg+xml,image/*,*/*;q=0.8","Referer":"http://localhost:8080/","User-Agent":"Mozilla/5.0 (Windows NT 10.0; Win64; x64) AppleWebKit/537.36 (KHTML, like Gecko) Chrome/116.0.0.0 Safari/537.36","sec-ch-ua":"\"Chromium\";v=\"116\", \"Not)A;Brand\";v=\"24\", \"Google Chrome\";v=\"116\"","sec-ch-ua-mobile":"?0","sec-ch-ua-platform":"\"Windows\""},"initialPriority":"Low","referrerPolicy":"strict-origin-when-cross-origin"},"frameId":"D165F02B89151667DFD1BF49856829E7","resourceType":"Image"},"sessionId":"69DE6D1A85B5D627489871F60443E14A"}
org.openqa.selenium.devtools.DevToolsException: {"id":2681,"error":{"code":-32602,"message":"Invalid InterceptionId."},"sessionId":"69DE6D1A85B5D627489871F60443E14A"}
Build info: version: '4.11.0', revision: '040bc5406b'
System info: os.name: 'Windows 10', os.arch: 'amd64', os.version: '10.0', java.version: '11.0.18'
Driver info: driver.version: unknown
	at org.openqa.selenium.devtools.Connection.sendAndWait(Connection.java:181)
	at org.openqa.selenium.devtools.DevTools.send(DevTools.java:81)
	at org.openqa.selenium.devtools.idealized.Network.lambda$prepareToInterceptTraffic$3(Network.java:211)
	at org.openqa.selenium.remote.http.Filter.lambda$andFinally$1(Filter.java:55)
	at org.openqa.selenium.devtools.idealized.Network.lambda$prepareToInterceptTraffic$4(Network.java:226)
	at org.openqa.selenium.devtools.Connection.lambda$handle$4(Connection.java:321)
	at java.base/java.util.stream.ForEachOps$ForEachOp$OfRef.accept(ForEachOps.java:183)
	at java.base/java.util.stream.ReferencePipeline$2$1.accept(ReferencePipeline.java:177)
	at java.base/java.util.stream.ReferencePipeline$11$1.accept(ReferencePipeline.java:442)
	at java.base/java.util.HashMap$KeySpliterator.forEachRemaining(HashMap.java:1621)
	at java.base/java.util.stream.AbstractPipeline.copyInto(AbstractPipeline.java:484)
	at java.base/java.util.stream.AbstractPipeline.wrapAndCopyInto(AbstractPipeline.java:474)
	at java.base/java.util.stream.ForEachOps$ForEachOp.evaluateSequential(ForEachOps.java:150)
	at java.base/java.util.stream.ForEachOps$ForEachOp$OfRef.evaluateSequential(ForEachOps.java:173)
	at java.base/java.util.stream.AbstractPipeline.evaluate(AbstractPipeline.java:234)
	at java.base/java.util.stream.ReferencePipeline.forEach(ReferencePipeline.java:497)
	at org.openqa.selenium.devtools.Connection.handle(Connection.java:287)
	at org.openqa.selenium.devtools.Connection.access$200(Connection.java:57)
	at org.openqa.selenium.devtools.Connection$Listener.lambda$onText$0(Connection.java:224)
	at java.base/java.util.concurrent.ThreadPoolExecutor.runWorker(ThreadPoolExecutor.java:1128)
	at java.base/java.util.concurrent.ThreadPoolExecutor$Worker.run(ThreadPoolExecutor.java:628)
	at java.base/java.lang.Thread.run(Thread.java:829)
Caused by: org.openqa.selenium.WebDriverException: {"id":2681,"error":{"code":-32602,"message":"Invalid InterceptionId."},"sessionId":"69DE6D1A85B5D627489871F60443E14A"}
Build info: version: '4.11.0', revision: '040bc5406b'
System info: os.name: 'Windows 10', os.arch: 'amd64', os.version: '10.0', java.version: '11.0.18'
Driver info: driver.version: unknown
	at org.openqa.selenium.devtools.Connection.handle(Connection.java:260)
	... 5 more

	at java.base/java.util.stream.ForEachOps$ForEachOp.evaluateSequential(ForEachOps.java:150)
	at java.base/java.util.stream.ForEachOps$ForEachOp$OfRef.evaluateSequential(ForEachOps.java:173)
	at java.base/java.util.stream.AbstractPipeline.evaluate(AbstractPipeline.java:234)
	at java.base/java.util.stream.ReferencePipeline.forEach(ReferencePipeline.java:497)
	at org.openqa.selenium.devtools.Connection.handle(Connection.java:287)
	at org.openqa.selenium.devtools.Connection.access$200(Connection.java:57)
	at org.openqa.selenium.devtools.Connection$Listener.lambda$onText$0(Connection.java:224)
	... 3 more
Caused by: org.openqa.selenium.WebDriverException: {"id":2680,"error":{"code":-32602,"message":"Invalid InterceptionId."},"sessionId":"69DE6D1A85B5D627489871F60443E14A"}
Build info: version: '4.11.0', revision: '040bc5406b'
System info: os.name: 'Windows 10', os.arch: 'amd64', os.version: '10.0', java.version: '11.0.18'
Driver info: driver.version: unknown
	at org.openqa.selenium.devtools.Connection.handle(Connection.java:260)
	... 5 more
Exception in thread "CDP Connection" org.openqa.selenium.devtools.DevToolsException: {"id":2681,"error":{"code":-32602,"message":"Invalid InterceptionId."},"sessionId":"69DE6D1A85B5D627489871F60443E14A"}
Build info: version: '4.11.0', revision: '040bc5406b'
System info: os.name: 'Windows 10', os.arch: 'amd64', os.version: '10.0', java.version: '11.0.18'
Driver info: driver.version: unknown
	at org.openqa.selenium.devtools.Connection$Listener.lambda$onText$0(Connection.java:227)
	at java.base/java.util.concurrent.ThreadPoolExecutor.runWorker(ThreadPoolExecutor.java:1128)
	at java.base/java.util.concurrent.ThreadPoolExecutor$Worker.run(ThreadPoolExecutor.java:628)
	at java.base/java.lang.Thread.run(Thread.java:829)
Caused by: org.openqa.selenium.devtools.DevToolsException: {"id":2681,"error":{"code":-32602,"message":"Invalid InterceptionId."},"sessionId":"69DE6D1A85B5D627489871F60443E14A"}
Build info: version: '4.11.0', revision: '040bc5406b'
System info: os.name: 'Windows 10', os.arch: 'amd64', os.version: '10.0', java.version: '11.0.18'
Driver info: driver.version: unknown
	at org.openqa.selenium.devtools.Connection.sendAndWait(Connection.java:181)
	at org.openqa.selenium.devtools.DevTools.send(DevTools.java:81)
	at org.openqa.selenium.devtools.idealized.Network.lambda$prepareToInterceptTraffic$3(Network.java:211)
	at org.openqa.selenium.remote.http.Filter.lambda$andFinally$1(Filter.java:55)
	at org.openqa.selenium.devtools.idealized.Network.lambda$prepareToInterceptTraffic$4(Network.java:226)
	at org.openqa.selenium.devtools.Connection.lambda$handle$4(Connection.java:321)
	at java.base/java.util.stream.ForEachOps$ForEachOp$OfRef.accept(ForEachOps.java:183)
	at java.base/java.util.stream.ReferencePipeline$2$1.accept(ReferencePipeline.java:177)
	at java.base/java.util.stream.ReferencePipeline$11$1.accept(ReferencePipeline.java:442)
	at java.base/java.util.HashMap$KeySpliterator.forEachRemaining(HashMap.java:1621)
	at java.base/java.util.stream.AbstractPipeline.copyInto(AbstractPipeline.java:484)
	at java.base/java.util.stream.AbstractPipeline.wrapAndCopyInto(AbstractPipeline.java:474)
	at java.base/java.util.stream.ForEachOps$ForEachOp.evaluateSequential(ForEachOps.java:150)
	at java.base/java.util.stream.ForEachOps$ForEachOp$OfRef.evaluateSequential(ForEachOps.java:173)
	at java.base/java.util.stream.AbstractPipeline.evaluate(AbstractPipeline.java:234)
	at java.base/java.util.stream.ReferencePipeline.forEach(ReferencePipeline.java:497)
	at org.openqa.selenium.devtools.Connection.handle(Connection.java:287)
	at org.openqa.selenium.devtools.Connection.access$200(Connection.java:57)
	at org.openqa.selenium.devtools.Connection$Listener.lambda$onText$0(Connection.java:224)
	... 3 more
Caused by: org.openqa.selenium.WebDriverException: {"id":2681,"error":{"code":-32602,"message":"Invalid InterceptionId."},"sessionId":"69DE6D1A85B5D627489871F60443E14A"}
Build info: version: '4.11.0', revision: '040bc5406b'
System info: os.name: 'Windows 10', os.arch: 'amd64', os.version: '10.0', java.version: '11.0.18'
Driver info: driver.version: unknown
	at org.openqa.selenium.devtools.Connection.handle(Connection.java:260)
	... 5 more
авг. 16, 2023 4:23:23 PM org.openqa.selenium.devtools.Connection$Listener lambda$onText$0
WARNING: Unable to process: {"method":"Fetch.requestPaused","params":{"requestId":"interception-job-434.0","request":{"url":"http://localhost:8080/manifest.json","method":"GET","headers":{"Accept":"*/*","Referer":"http://localhost:8080/","User-Agent":"Mozilla/5.0 (Windows NT 10.0; Win64; x64) AppleWebKit/537.36 (KHTML, like Gecko) Chrome/116.0.0.0 Safari/537.36","sec-ch-ua":"\"Chromium\";v=\"116\", \"Not)A;Brand\";v=\"24\", \"Google Chrome\";v=\"116\"","sec-ch-ua-mobile":"?0","sec-ch-ua-platform":"\"Windows\""},"initialPriority":"Medium","referrerPolicy":"unsafe-url"},"frameId":"D165F02B89151667DFD1BF49856829E7","resourceType":"Other","responseStatusCode":200,"responseStatusText":"","responseHeaders":[{"name":"Vary","value":"Origin"},{"name":"Vary","value":"Access-Control-Request-Method"},{"name":"Vary","value":"Access-Control-Request-Headers"},{"name":"Last-Modified","value":"Thu, 03 Aug 2023 10:18:16 GMT"},{"name":"Accept-Ranges","value":"bytes"},{"name":"Content-Type","value":"application/json"},{"name":"Content-Length","value":"492"},{"name":"Date","value":"Wed, 16 Aug 2023 13:20:22 GMT"}]},"sessionId":"69DE6D1A85B5D627489871F60443E14A"}
org.openqa.selenium.devtools.DevToolsException: {"id":2688,"error":{"code":-32602,"message":"Invalid InterceptionId."},"sessionId":"69DE6D1A85B5D627489871F60443E14A"}
Build info: version: '4.11.0', revision: '040bc5406b'
System info: os.name: 'Windows 10', os.arch: 'amd64', os.version: '10.0', java.version: '11.0.18'
Driver info: driver.version: unknown
	at org.openqa.selenium.devtools.Connection.sendAndWait(Connection.java:181)
	at org.openqa.selenium.devtools.DevTools.send(DevTools.java:81)
	at org.openqa.selenium.devtools.idealized.Network.lambda$prepareToInterceptTraffic$4(Network.java:194)
	at org.openqa.selenium.devtools.Connection.lambda$handle$4(Connection.java:321)
	at java.base/java.util.stream.ForEachOps$ForEachOp$OfRef.accept(ForEachOps.java:183)
	at java.base/java.util.stream.ReferencePipeline$2$1.accept(ReferencePipeline.java:177)
	at java.base/java.util.stream.ReferencePipeline$11$1.accept(ReferencePipeline.java:442)
	at java.base/java.util.HashMap$KeySpliterator.forEachRemaining(HashMap.java:1621)
	at java.base/java.util.stream.AbstractPipeline.copyInto(AbstractPipeline.java:484)
	at java.base/java.util.stream.AbstractPipeline.wrapAndCopyInto(AbstractPipeline.java:474)
	at java.base/java.util.stream.ForEachOps$ForEachOp.evaluateSequential(ForEachOps.java:150)
	at java.base/java.util.stream.ForEachOps$ForEachOp$OfRef.evaluateSequential(ForEachOps.java:173)
	at java.base/java.util.stream.AbstractPipeline.evaluate(AbstractPipeline.java:234)
	at java.base/java.util.stream.ReferencePipeline.forEach(ReferencePipeline.java:497)
	at org.openqa.selenium.devtools.Connection.handle(Connection.java:287)
	at org.openqa.selenium.devtools.Connection.access$200(Connection.java:57)
	at org.openqa.selenium.devtools.Connection$Listener.lambda$onText$0(Connection.java:224)
	at java.base/java.util.concurrent.ThreadPoolExecutor.runWorker(ThreadPoolExecutor.java:1128)
	at java.base/java.util.concurrent.ThreadPoolExecutor$Worker.run(ThreadPoolExecutor.java:628)
	at java.base/java.lang.Thread.run(Thread.java:829)
Caused by: org.openqa.selenium.WebDriverException: {"id":2688,"error":{"code":-32602,"message":"Invalid InterceptionId."},"sessionId":"69DE6D1A85B5D627489871F60443E14A"}
Build info: version: '4.11.0', revision: '040bc5406b'
System info: os.name: 'Windows 10', os.arch: 'amd64', os.version: '10.0', java.version: '11.0.18'
Driver info: driver.version: unknown
	at org.openqa.selenium.devtools.Connection.handle(Connection.java:260)
	... 5 more

Exception in thread "CDP Connection" org.openqa.selenium.devtools.DevToolsException: {"id":2688,"error":{"code":-32602,"message":"Invalid InterceptionId."},"sessionId":"69DE6D1A85B5D627489871F60443E14A"}
Build info: version: '4.11.0', revision: '040bc5406b'
System info: os.name: 'Windows 10', os.arch: 'amd64', os.version: '10.0', java.version: '11.0.18'
Driver info: driver.version: unknown
	at org.openqa.selenium.devtools.Connection$Listener.lambda$onText$0(Connection.java:227)
	at java.base/java.util.concurrent.ThreadPoolExecutor.runWorker(ThreadPoolExecutor.java:1128)
	at java.base/java.util.concurrent.ThreadPoolExecutor$Worker.run(ThreadPoolExecutor.java:628)
	at java.base/java.lang.Thread.run(Thread.java:829)
Caused by: org.openqa.selenium.devtools.DevToolsException: {"id":2688,"error":{"code":-32602,"message":"Invalid InterceptionId."},"sessionId":"69DE6D1A85B5D627489871F60443E14A"}
Build info: version: '4.11.0', revision: '040bc5406b'
System info: os.name: 'Windows 10', os.arch: 'amd64', os.version: '10.0', java.version: '11.0.18'
Driver info: driver.version: unknown
	at org.openqa.selenium.devtools.Connection.sendAndWait(Connection.java:181)
	at org.openqa.selenium.devtools.DevTools.send(DevTools.java:81)
	at org.openqa.selenium.devtools.idealized.Network.lambda$prepareToInterceptTraffic$4(Network.java:194)
	at org.openqa.selenium.devtools.Connection.lambda$handle$4(Connection.java:321)
	at java.base/java.util.stream.ForEachOps$ForEachOp$OfRef.accept(ForEachOps.java:183)
	at java.base/java.util.stream.ReferencePipeline$2$1.accept(ReferencePipeline.java:177)
	at java.base/java.util.stream.ReferencePipeline$11$1.accept(ReferencePipeline.java:442)
	at java.base/java.util.HashMap$KeySpliterator.forEachRemaining(HashMap.java:1621)
	at java.base/java.util.stream.AbstractPipeline.copyInto(AbstractPipeline.java:484)
	at java.base/java.util.stream.AbstractPipeline.wrapAndCopyInto(AbstractPipeline.java:474)
	at java.base/java.util.stream.ForEachOps$ForEachOp.evaluateSequential(ForEachOps.java:150)
	at java.base/java.util.stream.ForEachOps$ForEachOp$OfRef.evaluateSequential(ForEachOps.java:173)
	at java.base/java.util.stream.AbstractPipeline.evaluate(AbstractPipeline.java:234)
	at java.base/java.util.stream.ReferencePipeline.forEach(ReferencePipeline.java:497)
	at org.openqa.selenium.devtools.Connection.handle(Connection.java:287)
	at org.openqa.selenium.devtools.Connection.access$200(Connection.java:57)
	at org.openqa.selenium.devtools.Connection$Listener.lambda$onText$0(Connection.java:224)
	... 3 more
Caused by: org.openqa.selenium.WebDriverException: {"id":2688,"error":{"code":-32602,"message":"Invalid InterceptionId."},"sessionId":"69DE6D1A85B5D627489871F60443E14A"}
Build info: version: '4.11.0', revision: '040bc5406b'
System info: os.name: 'Windows 10', os.arch: 'amd64', os.version: '10.0', java.version: '11.0.18'
Driver info: driver.version: unknown
	at org.openqa.selenium.devtools.Connection.handle(Connection.java:260)
	... 5 more
авг. 16, 2023 4:23:23 PM org.openqa.selenium.devtools.Connection$Listener lambda$onText$0
WARNING: Unable to process: {"method":"Fetch.requestPaused","params":{"requestId":"interception-job-434.0","request":{"url":"http://localhost:8080/manifest.json","method":"GET","headers":{"Accept":"*/*","Referer":"http://localhost:8080/","User-Agent":"Mozilla/5.0 (Windows NT 10.0; Win64; x64) AppleWebKit/537.36 (KHTML, like Gecko) Chrome/116.0.0.0 Safari/537.36","sec-ch-ua":"\"Chromium\";v=\"116\", \"Not)A;Brand\";v=\"24\", \"Google Chrome\";v=\"116\"","sec-ch-ua-mobile":"?0","sec-ch-ua-platform":"\"Windows\""},"initialPriority":"Medium","referrerPolicy":"strict-origin-when-cross-origin"},"frameId":"D165F02B89151667DFD1BF49856829E7","resourceType":"Other"},"sessionId":"69DE6D1A85B5D627489871F60443E14A"}
org.openqa.selenium.devtools.DevToolsException: {"id":2691,"error":{"code":-32602,"message":"Invalid InterceptionId."},"sessionId":"69DE6D1A85B5D627489871F60443E14A"}
Build info: version: '4.11.0', revision: '040bc5406b'
System info: os.name: 'Windows 10', os.arch: 'amd64', os.version: '10.0', java.version: '11.0.18'
Driver info: driver.version: unknown
	at org.openqa.selenium.devtools.Connection.sendAndWait(Connection.java:181)
	at org.openqa.selenium.devtools.DevTools.send(DevTools.java:81)
	at org.openqa.selenium.devtools.idealized.Network.lambda$prepareToInterceptTraffic$3(Network.java:211)
	at org.openqa.selenium.remote.http.Filter.lambda$andFinally$1(Filter.java:55)
	at org.openqa.selenium.devtools.idealized.Network.lambda$prepareToInterceptTraffic$4(Network.java:226)
	at org.openqa.selenium.devtools.Connection.lambda$handle$4(Connection.java:321)
	at java.base/java.util.stream.ForEachOps$ForEachOp$OfRef.accept(ForEachOps.java:183)
	at java.base/java.util.stream.ReferencePipeline$2$1.accept(ReferencePipeline.java:177)
	at java.base/java.util.stream.ReferencePipeline$11$1.accept(ReferencePipeline.java:442)
	at java.base/java.util.HashMap$KeySpliterator.forEachRemaining(HashMap.java:1621)
	at java.base/java.util.stream.AbstractPipeline.copyInto(AbstractPipeline.java:484)
	at java.base/java.util.stream.AbstractPipeline.wrapAndCopyInto(AbstractPipeline.java:474)
	at java.base/java.util.stream.ForEachOps$ForEachOp.evaluateSequential(ForEachOps.java:150)
	at java.base/java.util.stream.ForEachOps$ForEachOp$OfRef.evaluateSequential(ForEachOps.java:173)
	at java.base/java.util.stream.AbstractPipeline.evaluate(AbstractPipeline.java:234)
	at java.base/java.util.stream.ReferencePipeline.forEach(ReferencePipeline.java:497)
	at org.openqa.selenium.devtools.Connection.handle(Connection.java:287)
	at org.openqa.selenium.devtools.Connection.access$200(Connection.java:57)
	at org.openqa.selenium.devtools.Connection$Listener.lambda$onText$0(Connection.java:224)
	at java.base/java.util.concurrent.ThreadPoolExecutor.runWorker(ThreadPoolExecutor.java:1128)
	at java.base/java.util.concurrent.ThreadPoolExecutor$Worker.run(ThreadPoolExecutor.java:628)
	at java.base/java.lang.Thread.run(Thread.java:829)
Caused by: org.openqa.selenium.WebDriverException: {"id":2691,"error":{"code":-32602,"message":"Invalid InterceptionId."},"sessionId":"69DE6D1A85B5D627489871F60443E14A"}
Build info: version: '4.11.0', revision: '040bc5406b'
System info: os.name: 'Windows 10', os.arch: 'amd64', os.version: '10.0', java.version: '11.0.18'
Driver info: driver.version: unknown
	at org.openqa.selenium.devtools.Connection.handle(Connection.java:260)
	... 5 more

Exception in thread "CDP Connection" org.openqa.selenium.devtools.DevToolsException: {"id":2691,"error":{"code":-32602,"message":"Invalid InterceptionId."},"sessionId":"69DE6D1A85B5D627489871F60443E14A"}
Build info: version: '4.11.0', revision: '040bc5406b'
System info: os.name: 'Windows 10', os.arch: 'amd64', os.version: '10.0', java.version: '11.0.18'
Driver info: driver.version: unknown
	at org.openqa.selenium.devtools.Connection$Listener.lambda$onText$0(Connection.java:227)
	at java.base/java.util.concurrent.ThreadPoolExecutor.runWorker(ThreadPoolExecutor.java:1128)
	at java.base/java.util.concurrent.ThreadPoolExecutor$Worker.run(ThreadPoolExecutor.java:628)
	at java.base/java.lang.Thread.run(Thread.java:829)
Caused by: org.openqa.selenium.devtools.DevToolsException: {"id":2691,"error":{"code":-32602,"message":"Invalid InterceptionId."},"sessionId":"69DE6D1A85B5D627489871F60443E14A"}
Build info: version: '4.11.0', revision: '040bc5406b'
System info: os.name: 'Windows 10', os.arch: 'amd64', os.version: '10.0', java.version: '11.0.18'
Driver info: driver.version: unknown
	at org.openqa.selenium.devtools.Connection.sendAndWait(Connection.java:181)
	at org.openqa.selenium.devtools.DevTools.send(DevTools.java:81)
	at org.openqa.selenium.devtools.idealized.Network.lambda$prepareToInterceptTraffic$3(Network.java:211)
	at org.openqa.selenium.remote.http.Filter.lambda$andFinally$1(Filter.java:55)
	at org.openqa.selenium.devtools.idealized.Network.lambda$prepareToInterceptTraffic$4(Network.java:226)
	at org.openqa.selenium.devtools.Connection.lambda$handle$4(Connection.java:321)
	at java.base/java.util.stream.ForEachOps$ForEachOp$OfRef.accept(ForEachOps.java:183)
	at java.base/java.util.stream.ReferencePipeline$2$1.accept(ReferencePipeline.java:177)
	at java.base/java.util.stream.ReferencePipeline$11$1.accept(ReferencePipeline.java:442)
	at java.base/java.util.HashMap$KeySpliterator.forEachRemaining(HashMap.java:1621)
	at java.base/java.util.stream.AbstractPipeline.copyInto(AbstractPipeline.java:484)
	at java.base/java.util.stream.AbstractPipeline.wrapAndCopyInto(AbstractPipeline.java:474)
	at java.base/java.util.stream.ForEachOps$ForEachOp.evaluateSequential(ForEachOps.java:150)
	at java.base/java.util.stream.ForEachOps$ForEachOp$OfRef.evaluateSequential(ForEachOps.java:173)
	at java.base/java.util.stream.AbstractPipeline.evaluate(AbstractPipeline.java:234)
	at java.base/java.util.stream.ReferencePipeline.forEach(ReferencePipeline.java:497)
	at org.openqa.selenium.devtools.Connection.handle(Connection.java:287)
	at org.openqa.selenium.devtools.Connection.access$200(Connection.java:57)
	at org.openqa.selenium.devtools.Connection$Listener.lambda$onText$0(Connection.java:224)
	... 3 more
Caused by: org.openqa.selenium.WebDriverException: {"id":2691,"error":{"code":-32602,"message":"Invalid InterceptionId."},"sessionId":"69DE6D1A85B5D627489871F60443E14A"}
Build info: version: '4.11.0', revision: '040bc5406b'
System info: os.name: 'Windows 10', os.arch: 'amd64', os.version: '10.0', java.version: '11.0.18'
Driver info: driver.version: unknown
	at org.openqa.selenium.devtools.Connection.handle(Connection.java:260)
	... 5 more
авг. 16, 2023 4:23:23 PM org.openqa.selenium.devtools.Connection$Listener lambda$onText$0
WARNING: Unable to process: {"method":"Fetch.requestPaused","params":{"requestId":"interception-job-435.0","request":{"url":"http://localhost:8080/favicon.ico","method":"GET","headers":{"Accept":"image/avif,image/webp,image/apng,image/svg+xml,image/*,*/*;q=0.8","Referer":"http://localhost:8080/","User-Agent":"Mozilla/5.0 (Windows NT 10.0; Win64; x64) AppleWebKit/537.36 (KHTML, like Gecko) Chrome/116.0.0.0 Safari/537.36","sec-ch-ua":"\"Chromium\";v=\"116\", \"Not)A;Brand\";v=\"24\", \"Google Chrome\";v=\"116\"","sec-ch-ua-mobile":"?0","sec-ch-ua-platform":"\"Windows\""},"initialPriority":"High","referrerPolicy":"unsafe-url"},"frameId":"D165F02B89151667DFD1BF49856829E7","resourceType":"Other","responseStatusCode":200,"responseStatusText":"","responseHeaders":[{"name":"Vary","value":"Origin"},{"name":"Vary","value":"Access-Control-Request-Method"},{"name":"Vary","value":"Access-Control-Request-Headers"},{"name":"Last-Modified","value":"Thu, 03 Aug 2023 10:18:16 GMT"},{"name":"Accept-Ranges","value":"bytes"},{"name":"Content-Type","value":"image/x-icon"},{"name":"Content-Length","value":"4286"},{"name":"Date","value":"Wed, 16 Aug 2023 13:20:23 GMT"}]},"sessionId":"69DE6D1A85B5D627489871F60443E14A"}
org.openqa.selenium.devtools.DevToolsException: {"id":2692,"error":{"code":-32602,"message":"Invalid InterceptionId."},"sessionId":"69DE6D1A85B5D627489871F60443E14A"}
Build info: version: '4.11.0', revision: '040bc5406b'
System info: os.name: 'Windows 10', os.arch: 'amd64', os.version: '10.0', java.version: '11.0.18'
Driver info: driver.version: unknown
	at org.openqa.selenium.devtools.Connection.sendAndWait(Connection.java:181)
	at org.openqa.selenium.devtools.DevTools.send(DevTools.java:81)
	at org.openqa.selenium.devtools.idealized.Network.lambda$prepareToInterceptTraffic$4(Network.java:194)
	at org.openqa.selenium.devtools.Connection.lambda$handle$4(Connection.java:321)
	at java.base/java.util.stream.ForEachOps$ForEachOp$OfRef.accept(ForEachOps.java:183)
	at java.base/java.util.stream.ReferencePipeline$2$1.accept(ReferencePipeline.java:177)
	at java.base/java.util.stream.ReferencePipeline$11$1.accept(ReferencePipeline.java:442)
	at java.base/java.util.HashMap$KeySpliterator.forEachRemaining(HashMap.java:1621)
	at java.base/java.util.stream.AbstractPipeline.copyInto(AbstractPipeline.java:484)
	at java.base/java.util.stream.AbstractPipeline.wrapAndCopyInto(AbstractPipeline.java:474)
	at java.base/java.util.stream.ForEachOps$ForEachOp.evaluateSequential(ForEachOps.java:150)
	at java.base/java.util.stream.ForEachOps$ForEachOp$OfRef.evaluateSequential(ForEachOps.java:173)
	at java.base/java.util.stream.AbstractPipeline.evaluate(AbstractPipeline.java:234)
	at java.base/java.util.stream.ReferencePipeline.forEach(ReferencePipeline.java:497)
	at org.openqa.selenium.devtools.Connection.handle(Connection.java:287)
	at org.openqa.selenium.devtools.Connection.access$200(Connection.java:57)
	at org.openqa.selenium.devtools.Connection$Listener.lambda$onText$0(Connection.java:224)
	at java.base/java.util.concurrent.ThreadPoolExecutor.runWorker(ThreadPoolExecutor.java:1128)
	at java.base/java.util.concurrent.ThreadPoolExecutor$Worker.run(ThreadPoolExecutor.java:628)
	at java.base/java.lang.Thread.run(Thread.java:829)
Caused by: org.openqa.selenium.WebDriverException: {"id":2692,"error":{"code":-32602,"message":"Invalid InterceptionId."},"sessionId":"69DE6D1A85B5D627489871F60443E14A"}
Build info: version: '4.11.0', revision: '040bc5406b'
System info: os.name: 'Windows 10', os.arch: 'amd64', os.version: '10.0', java.version: '11.0.18'
Driver info: driver.version: unknown
	at org.openqa.selenium.devtools.Connection.handle(Connection.java:260)
	... 5 more

Exception in thread "CDP Connection" org.openqa.selenium.devtools.DevToolsException: {"id":2692,"error":{"code":-32602,"message":"Invalid InterceptionId."},"sessionId":"69DE6D1A85B5D627489871F60443E14A"}
Build info: version: '4.11.0', revision: '040bc5406b'
System info: os.name: 'Windows 10', os.arch: 'amd64', os.version: '10.0', java.version: '11.0.18'
Driver info: driver.version: unknown
	at org.openqa.selenium.devtools.Connection$Listener.lambda$onText$0(Connection.java:227)
	at java.base/java.util.concurrent.ThreadPoolExecutor.runWorker(ThreadPoolExecutor.java:1128)
	at java.base/java.util.concurrent.ThreadPoolExecutor$Worker.run(ThreadPoolExecutor.java:628)
	at java.base/java.lang.Thread.run(Thread.java:829)
Caused by: org.openqa.selenium.devtools.DevToolsException: {"id":2692,"error":{"code":-32602,"message":"Invalid InterceptionId."},"sessionId":"69DE6D1A85B5D627489871F60443E14A"}
Build info: version: '4.11.0', revision: '040bc5406b'
System info: os.name: 'Windows 10', os.arch: 'amd64', os.version: '10.0', java.version: '11.0.18'
Driver info: driver.version: unknown
	at org.openqa.selenium.devtools.Connection.sendAndWait(Connection.java:181)
	at org.openqa.selenium.devtools.DevTools.send(DevTools.java:81)
	at org.openqa.selenium.devtools.idealized.Network.lambda$prepareToInterceptTraffic$4(Network.java:194)
	at org.openqa.selenium.devtools.Connection.lambda$handle$4(Connection.java:321)
	at java.base/java.util.stream.ForEachOps$ForEachOp$OfRef.accept(ForEachOps.java:183)
	at java.base/java.util.stream.ReferencePipeline$2$1.accept(ReferencePipeline.java:177)
	at java.base/java.util.stream.ReferencePipeline$11$1.accept(ReferencePipeline.java:442)
	at java.base/java.util.HashMap$KeySpliterator.forEachRemaining(HashMap.java:1621)
	at java.base/java.util.stream.AbstractPipeline.copyInto(AbstractPipeline.java:484)
	at java.base/java.util.stream.AbstractPipeline.wrapAndCopyInto(AbstractPipeline.java:474)
	at java.base/java.util.stream.ForEachOps$ForEachOp.evaluateSequential(ForEachOps.java:150)
	at java.base/java.util.stream.ForEachOps$ForEachOp$OfRef.evaluateSequential(ForEachOps.java:173)
	at java.base/java.util.stream.AbstractPipeline.evaluate(AbstractPipeline.java:234)
	at java.base/java.util.stream.ReferencePipeline.forEach(ReferencePipeline.java:497)
	at org.openqa.selenium.devtools.Connection.handle(Connection.java:287)
	at org.openqa.selenium.devtools.Connection.access$200(Connection.java:57)
	at org.openqa.selenium.devtools.Connection$Listener.lambda$onText$0(Connection.java:224)
	... 3 more
Caused by: org.openqa.selenium.WebDriverException: {"id":2692,"error":{"code":-32602,"message":"Invalid InterceptionId."},"sessionId":"69DE6D1A85B5D627489871F60443E14A"}
Build info: version: '4.11.0', revision: '040bc5406b'
System info: os.name: 'Windows 10', os.arch: 'amd64', os.version: '10.0', java.version: '11.0.18'
Driver info: driver.version: unknown
	at org.openqa.selenium.devtools.Connection.handle(Connection.java:260)
	... 5 more
авг. 16, 2023 4:23:23 PM org.openqa.selenium.devtools.Connection$Listener lambda$onText$0
WARNING: Unable to process: {"method":"Fetch.requestPaused","params":{"requestId":"interception-job-435.0","request":{"url":"http://localhost:8080/favicon.ico","method":"GET","headers":{"Accept":"image/avif,image/webp,image/apng,image/svg+xml,image/*,*/*;q=0.8","Referer":"http://localhost:8080/","User-Agent":"Mozilla/5.0 (Windows NT 10.0; Win64; x64) AppleWebKit/537.36 (KHTML, like Gecko) Chrome/116.0.0.0 Safari/537.36","sec-ch-ua":"\"Chromium\";v=\"116\", \"Not)A;Brand\";v=\"24\", \"Google Chrome\";v=\"116\"","sec-ch-ua-mobile":"?0","sec-ch-ua-platform":"\"Windows\""},"initialPriority":"High","referrerPolicy":"strict-origin-when-cross-origin"},"frameId":"D165F02B89151667DFD1BF49856829E7","resourceType":"Other"},"sessionId":"69DE6D1A85B5D627489871F60443E14A"}
org.openqa.selenium.devtools.DevToolsException: {"id":2694,"error":{"code":-32602,"message":"Invalid InterceptionId."},"sessionId":"69DE6D1A85B5D627489871F60443E14A"}
Build info: version: '4.11.0', revision: '040bc5406b'
System info: os.name: 'Windows 10', os.arch: 'amd64', os.version: '10.0', java.version: '11.0.18'
Driver info: driver.version: unknown
	at org.openqa.selenium.devtools.Connection.sendAndWait(Connection.java:181)
	at org.openqa.selenium.devtools.DevTools.send(DevTools.java:81)
	at org.openqa.selenium.devtools.idealized.Network.lambda$prepareToInterceptTraffic$3(Network.java:211)
	at org.openqa.selenium.remote.http.Filter.lambda$andFinally$1(Filter.java:55)
	at org.openqa.selenium.devtools.idealized.Network.lambda$prepareToInterceptTraffic$4(Network.java:226)
	at org.openqa.selenium.devtools.Connection.lambda$handle$4(Connection.java:321)
	at java.base/java.util.stream.ForEachOps$ForEachOp$OfRef.accept(ForEachOps.java:183)
	at java.base/java.util.stream.ReferencePipeline$2$1.accept(ReferencePipeline.java:177)
	at java.base/java.util.stream.ReferencePipeline$11$1.accept(ReferencePipeline.java:442)
	at java.base/java.util.HashMap$KeySpliterator.forEachRemaining(HashMap.java:1621)
	at java.base/java.util.stream.AbstractPipeline.copyInto(AbstractPipeline.java:484)
	at java.base/java.util.stream.AbstractPipeline.wrapAndCopyInto(AbstractPipeline.java:474)
	at java.base/java.util.stream.ForEachOps$ForEachOp.evaluateSequential(ForEachOps.java:150)
	at java.base/java.util.stream.ForEachOps$ForEachOp$OfRef.evaluateSequential(ForEachOps.java:173)
	at java.base/java.util.stream.AbstractPipeline.evaluate(AbstractPipeline.java:234)
	at java.base/java.util.stream.ReferencePipeline.forEach(ReferencePipeline.java:497)
	at org.openqa.selenium.devtools.Connection.handle(Connection.java:287)
	at org.openqa.selenium.devtools.Connection.access$200(Connection.java:57)
	at org.openqa.selenium.devtools.Connection$Listener.lambda$onText$0(Connection.java:224)
	at java.base/java.util.concurrent.ThreadPoolExecutor.runWorker(ThreadPoolExecutor.java:1128)
	at java.base/java.util.concurrent.ThreadPoolExecutor$Worker.run(ThreadPoolExecutor.java:628)
	at java.base/java.lang.Thread.run(Thread.java:829)
Caused by: org.openqa.selenium.WebDriverException: {"id":2694,"error":{"code":-32602,"message":"Invalid InterceptionId."},"sessionId":"69DE6D1A85B5D627489871F60443E14A"}
Build info: version: '4.11.0', revision: '040bc5406b'
System info: os.name: 'Windows 10', os.arch: 'amd64', os.version: '10.0', java.version: '11.0.18'
Driver info: driver.version: unknown
	at org.openqa.selenium.devtools.Connection.handle(Connection.java:260)
	... 5 more

Exception in thread "CDP Connection" org.openqa.selenium.devtools.DevToolsException: {"id":2694,"error":{"code":-32602,"message":"Invalid InterceptionId."},"sessionId":"69DE6D1A85B5D627489871F60443E14A"}
Build info: version: '4.11.0', revision: '040bc5406b'
System info: os.name: 'Windows 10', os.arch: 'amd64', os.version: '10.0', java.version: '11.0.18'
Driver info: driver.version: unknown
	at org.openqa.selenium.devtools.Connection$Listener.lambda$onText$0(Connection.java:227)
	at java.base/java.util.concurrent.ThreadPoolExecutor.runWorker(ThreadPoolExecutor.java:1128)
	at java.base/java.util.concurrent.ThreadPoolExecutor$Worker.run(ThreadPoolExecutor.java:628)
	at java.base/java.lang.Thread.run(Thread.java:829)
Caused by: org.openqa.selenium.devtools.DevToolsException: {"id":2694,"error":{"code":-32602,"message":"Invalid InterceptionId."},"sessionId":"69DE6D1A85B5D627489871F60443E14A"}
Build info: version: '4.11.0', revision: '040bc5406b'
System info: os.name: 'Windows 10', os.arch: 'amd64', os.version: '10.0', java.version: '11.0.18'
Driver info: driver.version: unknown
	at org.openqa.selenium.devtools.Connection.sendAndWait(Connection.java:181)
	at org.openqa.selenium.devtools.DevTools.send(DevTools.java:81)
	at org.openqa.selenium.devtools.idealized.Network.lambda$prepareToInterceptTraffic$3(Network.java:211)
	at org.openqa.selenium.remote.http.Filter.lambda$andFinally$1(Filter.java:55)
	at org.openqa.selenium.devtools.idealized.Network.lambda$prepareToInterceptTraffic$4(Network.java:226)
	at org.openqa.selenium.devtools.Connection.lambda$handle$4(Connection.java:321)
	at java.base/java.util.stream.ForEachOps$ForEachOp$OfRef.accept(ForEachOps.java:183)
	at java.base/java.util.stream.ReferencePipeline$2$1.accept(ReferencePipeline.java:177)
	at java.base/java.util.stream.ReferencePipeline$11$1.accept(ReferencePipeline.java:442)
	at java.base/java.util.HashMap$KeySpliterator.forEachRemaining(HashMap.java:1621)
	at java.base/java.util.stream.AbstractPipeline.copyInto(AbstractPipeline.java:484)
	at java.base/java.util.stream.AbstractPipeline.wrapAndCopyInto(AbstractPipeline.java:474)
	at java.base/java.util.stream.ForEachOps$ForEachOp.evaluateSequential(ForEachOps.java:150)
	at java.base/java.util.stream.ForEachOps$ForEachOp$OfRef.evaluateSequential(ForEachOps.java:173)
	at java.base/java.util.stream.AbstractPipeline.evaluate(AbstractPipeline.java:234)
	at java.base/java.util.stream.ReferencePipeline.forEach(ReferencePipeline.java:497)
	at org.openqa.selenium.devtools.Connection.handle(Connection.java:287)
	at org.openqa.selenium.devtools.Connection.access$200(Connection.java:57)
	at org.openqa.selenium.devtools.Connection$Listener.lambda$onText$0(Connection.java:224)
	... 3 more
Caused by: org.openqa.selenium.WebDriverException: {"id":2694,"error":{"code":-32602,"message":"Invalid InterceptionId."},"sessionId":"69DE6D1A85B5D627489871F60443E14A"}
Build info: version: '4.11.0', revision: '040bc5406b'
System info: os.name: 'Windows 10', os.arch: 'amd64', os.version: '10.0', java.version: '11.0.18'
Driver info: driver.version: unknown
	at org.openqa.selenium.devtools.Connection.handle(Connection.java:260)
	... 5 more
авг. 16, 2023 4:23:23 PM org.openqa.selenium.devtools.Connection$Listener lambda$onText$0
WARNING: Unable to process: {"method":"Fetch.requestPaused","params":{"requestId":"interception-job-436.0","request":{"url":"http://localhost:8080/logo192.png","method":"GET","headers":{"Accept":"image/avif,image/webp,image/apng,image/svg+xml,image/*,*/*;q=0.8","Referer":"http://localhost:8080/","User-Agent":"Mozilla/5.0 (Windows NT 10.0; Win64; x64) AppleWebKit/537.36 (KHTML, like Gecko) Chrome/116.0.0.0 Safari/537.36","sec-ch-ua":"\"Chromium\";v=\"116\", \"Not)A;Brand\";v=\"24\", \"Google Chrome\";v=\"116\"","sec-ch-ua-mobile":"?0","sec-ch-ua-platform":"\"Windows\""},"initialPriority":"High","referrerPolicy":"unsafe-url"},"frameId":"D165F02B89151667DFD1BF49856829E7","resourceType":"Image","responseStatusCode":200,"responseStatusText":"","responseHeaders":[{"name":"Vary","value":"Origin"},{"name":"Vary","value":"Access-Control-Request-Method"},{"name":"Vary","value":"Access-Control-Request-Headers"},{"name":"Last-Modified","value":"Thu, 03 Aug 2023 10:18:16 GMT"},{"name":"Accept-Ranges","value":"bytes"},{"name":"Content-Type","value":"image/png"},{"name":"Content-Length","value":"8581"},{"name":"Date","value":"Wed, 16 Aug 2023 13:20:23 GMT"}]},"sessionId":"69DE6D1A85B5D627489871F60443E14A"}
org.openqa.selenium.devtools.DevToolsException: {"id":2698,"error":{"code":-32602,"message":"Invalid InterceptionId."},"sessionId":"69DE6D1A85B5D627489871F60443E14A"}
Build info: version: '4.11.0', revision: '040bc5406b'
System info: os.name: 'Windows 10', os.arch: 'amd64', os.version: '10.0', java.version: '11.0.18'
Driver info: driver.version: unknown
	at org.openqa.selenium.devtools.Connection.sendAndWait(Connection.java:181)
	at org.openqa.selenium.devtools.DevTools.send(DevTools.java:81)
	at org.openqa.selenium.devtools.idealized.Network.lambda$prepareToInterceptTraffic$4(Network.java:194)
	at org.openqa.selenium.devtools.Connection.lambda$handle$4(Connection.java:321)
	at java.base/java.util.stream.ForEachOps$ForEachOp$OfRef.accept(ForEachOps.java:183)
	at java.base/java.util.stream.ReferencePipeline$2$1.accept(ReferencePipeline.java:177)
	at java.base/java.util.stream.ReferencePipeline$11$1.accept(ReferencePipeline.java:442)
	at java.base/java.util.HashMap$KeySpliterator.forEachRemaining(HashMap.java:1621)
	at java.base/java.util.stream.AbstractPipeline.copyInto(AbstractPipeline.java:484)
	at java.base/java.util.stream.AbstractPipeline.wrapAndCopyInto(AbstractPipeline.java:474)
	at java.base/java.util.stream.ForEachOps$ForEachOp.evaluateSequential(ForEachOps.java:150)
	at java.base/java.util.stream.ForEachOps$ForEachOp$OfRef.evaluateSequential(ForEachOps.java:173)
	at java.base/java.util.stream.AbstractPipeline.evaluate(AbstractPipeline.java:234)
	at java.base/java.util.stream.ReferencePipeline.forEach(ReferencePipeline.java:497)
	at org.openqa.selenium.devtools.Connection.handle(Connection.java:287)
	at org.openqa.selenium.devtools.Connection.access$200(Connection.java:57)
	at org.openqa.selenium.devtools.Connection$Listener.lambda$onText$0(Connection.java:224)
	at java.base/java.util.concurrent.ThreadPoolExecutor.runWorker(ThreadPoolExecutor.java:1128)
	at java.base/java.util.concurrent.ThreadPoolExecutor$Worker.run(ThreadPoolExecutor.java:628)
	at java.base/java.lang.Thread.run(Thread.java:829)
Caused by: org.openqa.selenium.WebDriverException: {"id":2698,"error":{"code":-32602,"message":"Invalid InterceptionId."},"sessionId":"69DE6D1A85B5D627489871F60443E14A"}
Build info: version: '4.11.0', revision: '040bc5406b'
System info: os.name: 'Windows 10', os.arch: 'amd64', os.version: '10.0', java.version: '11.0.18'
Driver info: driver.version: unknown
	at org.openqa.selenium.devtools.Connection.handle(Connection.java:260)
	... 5 more

Exception in thread "CDP Connection" org.openqa.selenium.devtools.DevToolsException: {"id":2698,"error":{"code":-32602,"message":"Invalid InterceptionId."},"sessionId":"69DE6D1A85B5D627489871F60443E14A"}
Build info: version: '4.11.0', revision: '040bc5406b'
System info: os.name: 'Windows 10', os.arch: 'amd64', os.version: '10.0', java.version: '11.0.18'
Driver info: driver.version: unknown
	at org.openqa.selenium.devtools.Connection$Listener.lambda$onText$0(Connection.java:227)
	at java.base/java.util.concurrent.ThreadPoolExecutor.runWorker(ThreadPoolExecutor.java:1128)
	at java.base/java.util.concurrent.ThreadPoolExecutor$Worker.run(ThreadPoolExecutor.java:628)
	at java.base/java.lang.Thread.run(Thread.java:829)
Caused by: org.openqa.selenium.devtools.DevToolsException: {"id":2698,"error":{"code":-32602,"message":"Invalid InterceptionId."},"sessionId":"69DE6D1A85B5D627489871F60443E14A"}
Build info: version: '4.11.0', revision: '040bc5406b'
System info: os.name: 'Windows 10', os.arch: 'amd64', os.version: '10.0', java.version: '11.0.18'
Driver info: driver.version: unknown
	at org.openqa.selenium.devtools.Connection.sendAndWait(Connection.java:181)
	at org.openqa.selenium.devtools.DevTools.send(DevTools.java:81)
	at org.openqa.selenium.devtools.idealized.Network.lambda$prepareToInterceptTraffic$4(Network.java:194)
	at org.openqa.selenium.devtools.Connection.lambda$handle$4(Connection.java:321)
	at java.base/java.util.stream.ForEachOps$ForEachOp$OfRef.accept(ForEachOps.java:183)
	at java.base/java.util.stream.ReferencePipeline$2$1.accept(ReferencePipeline.java:177)
	at java.base/java.util.stream.ReferencePipeline$11$1.accept(ReferencePipeline.java:442)
	at java.base/java.util.HashMap$KeySpliterator.forEachRemaining(HashMap.java:1621)
	at java.base/java.util.stream.AbstractPipeline.copyInto(AbstractPipeline.java:484)
	at java.base/java.util.stream.AbstractPipeline.wrapAndCopyInto(AbstractPipeline.java:474)
	at java.base/java.util.stream.ForEachOps$ForEachOp.evaluateSequential(ForEachOps.java:150)
	at java.base/java.util.stream.ForEachOps$ForEachOp$OfRef.evaluateSequential(ForEachOps.java:173)
	at java.base/java.util.stream.AbstractPipeline.evaluate(AbstractPipeline.java:234)
	at java.base/java.util.stream.ReferencePipeline.forEach(ReferencePipeline.java:497)
	at org.openqa.selenium.devtools.Connection.handle(Connection.java:287)
	at org.openqa.selenium.devtools.Connection.access$200(Connection.java:57)
	at org.openqa.selenium.devtools.Connection$Listener.lambda$onText$0(Connection.java:224)
	... 3 more
Caused by: org.openqa.selenium.WebDriverException: {"id":2698,"error":{"code":-32602,"message":"Invalid InterceptionId."},"sessionId":"69DE6D1A85B5D627489871F60443E14A"}
Build info: version: '4.11.0', revision: '040bc5406b'
System info: os.name: 'Windows 10', os.arch: 'amd64', os.version: '10.0', java.version: '11.0.18'
Driver info: driver.version: unknown
	at org.openqa.selenium.devtools.Connection.handle(Connection.java:260)
	... 5 more
авг. 16, 2023 4:23:23 PM org.openqa.selenium.devtools.Connection$Listener lambda$onText$0
WARNING: Unable to process: {"method":"Fetch.requestPaused","params":{"requestId":"interception-job-436.0","request":{"url":"http://localhost:8080/logo192.png","method":"GET","headers":{"Accept":"image/avif,image/webp,image/apng,image/svg+xml,image/*,*/*;q=0.8","Referer":"http://localhost:8080/","User-Agent":"Mozilla/5.0 (Windows NT 10.0; Win64; x64) AppleWebKit/537.36 (KHTML, like Gecko) Chrome/116.0.0.0 Safari/537.36","sec-ch-ua":"\"Chromium\";v=\"116\", \"Not)A;Brand\";v=\"24\", \"Google Chrome\";v=\"116\"","sec-ch-ua-mobile":"?0","sec-ch-ua-platform":"\"Windows\""},"initialPriority":"High","referrerPolicy":"strict-origin-when-cross-origin"},"frameId":"D165F02B89151667DFD1BF49856829E7","resourceType":"Image"},"sessionId":"69DE6D1A85B5D627489871F60443E14A"}
org.openqa.selenium.devtools.DevToolsException: {"id":2699,"error":{"code":-32602,"message":"Invalid InterceptionId."},"sessionId":"69DE6D1A85B5D627489871F60443E14A"}
Build info: version: '4.11.0', revision: '040bc5406b'
System info: os.name: 'Windows 10', os.arch: 'amd64', os.version: '10.0', java.version: '11.0.18'
Driver info: driver.version: unknown
	at org.openqa.selenium.devtools.Connection.sendAndWait(Connection.java:181)
	at org.openqa.selenium.devtools.DevTools.send(DevTools.java:81)
	at org.openqa.selenium.devtools.idealized.Network.lambda$prepareToInterceptTraffic$3(Network.java:211)
	at org.openqa.selenium.remote.http.Filter.lambda$andFinally$1(Filter.java:55)
	at org.openqa.selenium.devtools.idealized.Network.lambda$prepareToInterceptTraffic$4(Network.java:226)
	at org.openqa.selenium.devtools.Connection.lambda$handle$4(Connection.java:321)
	at java.base/java.util.stream.ForEachOps$ForEachOp$OfRef.accept(ForEachOps.java:183)
	at java.base/java.util.stream.ReferencePipeline$2$1.accept(ReferencePipeline.java:177)
	at java.base/java.util.stream.ReferencePipeline$11$1.accept(ReferencePipeline.java:442)
	at java.base/java.util.HashMap$KeySpliterator.forEachRemaining(HashMap.java:1621)
	at java.base/java.util.stream.AbstractPipeline.copyInto(AbstractPipeline.java:484)
	at java.base/java.util.stream.AbstractPipeline.wrapAndCopyInto(AbstractPipeline.java:474)
	at java.base/java.util.stream.ForEachOps$ForEachOp.evaluateSequential(ForEachOps.java:150)
	at java.base/java.util.stream.ForEachOps$ForEachOp$OfRef.evaluateSequential(ForEachOps.java:173)
	at java.base/java.util.stream.AbstractPipeline.evaluate(AbstractPipeline.java:234)
	at java.base/java.util.stream.ReferencePipeline.forEach(ReferencePipeline.java:497)
	at org.openqa.selenium.devtools.Connection.handle(Connection.java:287)
	at org.openqa.selenium.devtools.Connection.access$200(Connection.java:57)
	at org.openqa.selenium.devtools.Connection$Listener.lambda$onText$0(Connection.java:224)
	at java.base/java.util.concurrent.ThreadPoolExecutor.runWorker(ThreadPoolExecutor.java:1128)
	at java.base/java.util.concurrent.ThreadPoolExecutor$Worker.run(ThreadPoolExecutor.java:628)
	at java.base/java.lang.Thread.run(Thread.java:829)
Caused by: org.openqa.selenium.WebDriverException: {"id":2699,"error":{"code":-32602,"message":"Invalid InterceptionId."},"sessionId":"69DE6D1A85B5D627489871F60443E14A"}
Build info: version: '4.11.0', revision: '040bc5406b'
System info: os.name: 'Windows 10', os.arch: 'amd64', os.version: '10.0', java.version: '11.0.18'
Driver info: driver.version: unknown
	at org.openqa.selenium.devtools.Connection.handle(Connection.java:260)
	... 5 more

Exception in thread "CDP Connection" org.openqa.selenium.devtools.DevToolsException: {"id":2699,"error":{"code":-32602,"message":"Invalid InterceptionId."},"sessionId":"69DE6D1A85B5D627489871F60443E14A"}
Build info: version: '4.11.0', revision: '040bc5406b'
System info: os.name: 'Windows 10', os.arch: 'amd64', os.version: '10.0', java.version: '11.0.18'
Driver info: driver.version: unknown
	at org.openqa.selenium.devtools.Connection$Listener.lambda$onText$0(Connection.java:227)
	at java.base/java.util.concurrent.ThreadPoolExecutor.runWorker(ThreadPoolExecutor.java:1128)
	at java.base/java.util.concurrent.ThreadPoolExecutor$Worker.run(ThreadPoolExecutor.java:628)
	at java.base/java.lang.Thread.run(Thread.java:829)
Caused by: org.openqa.selenium.devtools.DevToolsException: {"id":2699,"error":{"code":-32602,"message":"Invalid InterceptionId."},"sessionId":"69DE6D1A85B5D627489871F60443E14A"}
Build info: version: '4.11.0', revision: '040bc5406b'
System info: os.name: 'Windows 10', os.arch: 'amd64', os.version: '10.0', java.version: '11.0.18'
Driver info: driver.version: unknown
	at org.openqa.selenium.devtools.Connection.sendAndWait(Connection.java:181)
	at org.openqa.selenium.devtools.DevTools.send(DevTools.java:81)
	at org.openqa.selenium.devtools.idealized.Network.lambda$prepareToInterceptTraffic$3(Network.java:211)
	at org.openqa.selenium.remote.http.Filter.lambda$andFinally$1(Filter.java:55)
	at org.openqa.selenium.devtools.idealized.Network.lambda$prepareToInterceptTraffic$4(Network.java:226)
	at org.openqa.selenium.devtools.Connection.lambda$handle$4(Connection.java:321)
	at java.base/java.util.stream.ForEachOps$ForEachOp$OfRef.accept(ForEachOps.java:183)
	at java.base/java.util.stream.ReferencePipeline$2$1.accept(ReferencePipeline.java:177)
	at java.base/java.util.stream.ReferencePipeline$11$1.accept(ReferencePipeline.java:442)
	at java.base/java.util.HashMap$KeySpliterator.forEachRemaining(HashMap.java:1621)
	at java.base/java.util.stream.AbstractPipeline.copyInto(AbstractPipeline.java:484)
	at java.base/java.util.stream.AbstractPipeline.wrapAndCopyInto(AbstractPipeline.java:474)
	at java.base/java.util.stream.ForEachOps$ForEachOp.evaluateSequential(ForEachOps.java:150)
	at java.base/java.util.stream.ForEachOps$ForEachOp$OfRef.evaluateSequential(ForEachOps.java:173)
	at java.base/java.util.stream.AbstractPipeline.evaluate(AbstractPipeline.java:234)
	at java.base/java.util.stream.ReferencePipeline.forEach(ReferencePipeline.java:497)
	at org.openqa.selenium.devtools.Connection.handle(Connection.java:287)
	at org.openqa.selenium.devtools.Connection.access$200(Connection.java:57)
	at org.openqa.selenium.devtools.Connection$Listener.lambda$onText$0(Connection.java:224)
	... 3 more
Caused by: org.openqa.selenium.WebDriverException: {"id":2699,"error":{"code":-32602,"message":"Invalid InterceptionId."},"sessionId":"69DE6D1A85B5D627489871F60443E14A"}
Build info: version: '4.11.0', revision: '040bc5406b'
System info: os.name: 'Windows 10', os.arch: 'amd64', os.version: '10.0', java.version: '11.0.18'
Driver info: driver.version: unknown
	at org.openqa.selenium.devtools.Connection.handle(Connection.java:260)
	... 5 more
авг. 16, 2023 4:23:23 PM org.openqa.selenium.devtools.Connection$Listener lambda$onText$0
WARNING: Unable to process: {"method":"Fetch.requestPaused","params":{"requestId":"interception-job-438.0","request":{"url":"http://localhost:8080/static/media/icon_close_s_white.cd06f8fb.svg","method":"GET","headers":{"Accept":"image/avif,image/webp,image/apng,image/svg+xml,image/*,*/*;q=0.8","Referer":"http://localhost:8080/static/css/2.7d875902.chunk.css","User-Agent":"Mozilla/5.0 (Windows NT 10.0; Win64; x64) AppleWebKit/537.36 (KHTML, like Gecko) Chrome/116.0.0.0 Safari/537.36","sec-ch-ua":"\"Chromium\";v=\"116\", \"Not)A;Brand\";v=\"24\", \"Google Chrome\";v=\"116\"","sec-ch-ua-mobile":"?0","sec-ch-ua-platform":"\"Windows\""},"initialPriority":"Low","referrerPolicy":"unsafe-url"},"frameId":"D165F02B89151667DFD1BF49856829E7","resourceType":"Image","responseStatusCode":200,"responseStatusText":"","responseHeaders":[{"name":"Vary","value":"Origin"},{"name":"Vary","value":"Access-Control-Request-Method"},{"name":"Vary","value":"Access-Control-Request-Headers"},{"name":"Last-Modified","value":"Thu, 03 Aug 2023 10:18:16 GMT"},{"name":"Accept-Ranges","value":"bytes"},{"name":"Content-Type","value":"image/svg+xml"},{"name":"Content-Length","value":"247"},{"name":"Date","value":"Wed, 16 Aug 2023 13:20:24 GMT"}]},"sessionId":"69DE6D1A85B5D627489871F60443E14A"}
org.openqa.selenium.devtools.DevToolsException: {"id":2711,"error":{"code":-32602,"message":"Invalid InterceptionId."},"sessionId":"69DE6D1A85B5D627489871F60443E14A"}
Build info: version: '4.11.0', revision: '040bc5406b'
System info: os.name: 'Windows 10', os.arch: 'amd64', os.version: '10.0', java.version: '11.0.18'
Driver info: driver.version: unknown
	at org.openqa.selenium.devtools.Connection.sendAndWait(Connection.java:181)
	at org.openqa.selenium.devtools.DevTools.send(DevTools.java:81)
	at org.openqa.selenium.devtools.idealized.Network.lambda$prepareToInterceptTraffic$4(Network.java:194)
	at org.openqa.selenium.devtools.Connection.lambda$handle$4(Connection.java:321)
	at java.base/java.util.stream.ForEachOps$ForEachOp$OfRef.accept(ForEachOps.java:183)
	at java.base/java.util.stream.ReferencePipeline$2$1.accept(ReferencePipeline.java:177)
	at java.base/java.util.stream.ReferencePipeline$11$1.accept(ReferencePipeline.java:442)
	at java.base/java.util.HashMap$KeySpliterator.forEachRemaining(HashMap.java:1621)
	at java.base/java.util.stream.AbstractPipeline.copyInto(AbstractPipeline.java:484)
	at java.base/java.util.stream.AbstractPipeline.wrapAndCopyInto(AbstractPipeline.java:474)
	at java.base/java.util.stream.ForEachOps$ForEachOp.evaluateSequential(ForEachOps.java:150)
	at java.base/java.util.stream.ForEachOps$ForEachOp$OfRef.evaluateSequential(ForEachOps.java:173)
	at java.base/java.util.stream.AbstractPipeline.evaluate(AbstractPipeline.java:234)
	at java.base/java.util.stream.ReferencePipeline.forEach(ReferencePipeline.java:497)
	at org.openqa.selenium.devtools.Connection.handle(Connection.java:287)
	at org.openqa.selenium.devtools.Connection.access$200(Connection.java:57)
	at org.openqa.selenium.devtools.Connection$Listener.lambda$onText$0(Connection.java:224)
	at java.base/java.util.concurrent.ThreadPoolExecutor.runWorker(ThreadPoolExecutor.java:1128)
	at java.base/java.util.concurrent.ThreadPoolExecutor$Worker.run(ThreadPoolExecutor.java:628)
	at java.base/java.lang.Thread.run(Thread.java:829)
Caused by: org.openqa.selenium.WebDriverException: {"id":2711,"error":{"code":-32602,"message":"Invalid InterceptionId."},"sessionId":"69DE6D1A85B5D627489871F60443E14A"}
Build info: version: '4.11.0', revision: '040bc5406b'
System info: os.name: 'Windows 10', os.arch: 'amd64', os.version: '10.0', java.version: '11.0.18'
Driver info: driver.version: unknown
	at org.openqa.selenium.devtools.Connection.handle(Connection.java:260)
	... 5 more

Exception in thread "CDP Connection" org.openqa.selenium.devtools.DevToolsException: {"id":2711,"error":{"code":-32602,"message":"Invalid InterceptionId."},"sessionId":"69DE6D1A85B5D627489871F60443E14A"}
Build info: version: '4.11.0', revision: '040bc5406b'
System info: os.name: 'Windows 10', os.arch: 'amd64', os.version: '10.0', java.version: '11.0.18'
Driver info: driver.version: unknown
	at org.openqa.selenium.devtools.Connection$Listener.lambda$onText$0(Connection.java:227)
	at java.base/java.util.concurrent.ThreadPoolExecutor.runWorker(ThreadPoolExecutor.java:1128)
	at java.base/java.util.concurrent.ThreadPoolExecutor$Worker.run(ThreadPoolExecutor.java:628)
	at java.base/java.lang.Thread.run(Thread.java:829)
Caused by: org.openqa.selenium.devtools.DevToolsException: {"id":2711,"error":{"code":-32602,"message":"Invalid InterceptionId."},"sessionId":"69DE6D1A85B5D627489871F60443E14A"}
Build info: version: '4.11.0', revision: '040bc5406b'
System info: os.name: 'Windows 10', os.arch: 'amd64', os.version: '10.0', java.version: '11.0.18'
Driver info: driver.version: unknown
	at org.openqa.selenium.devtools.Connection.sendAndWait(Connection.java:181)
	at org.openqa.selenium.devtools.DevTools.send(DevTools.java:81)
	at org.openqa.selenium.devtools.idealized.Network.lambda$prepareToInterceptTraffic$4(Network.java:194)
	at org.openqa.selenium.devtools.Connection.lambda$handle$4(Connection.java:321)
	at java.base/java.util.stream.ForEachOps$ForEachOp$OfRef.accept(ForEachOps.java:183)
	at java.base/java.util.stream.ReferencePipeline$2$1.accept(ReferencePipeline.java:177)
	at java.base/java.util.stream.ReferencePipeline$11$1.accept(ReferencePipeline.java:442)
	at java.base/java.util.HashMap$KeySpliterator.forEachRemaining(HashMap.java:1621)
	at java.base/java.util.stream.AbstractPipeline.copyInto(AbstractPipeline.java:484)
	at java.base/java.util.stream.AbstractPipeline.wrapAndCopyInto(AbstractPipeline.java:474)
	at java.base/java.util.stream.ForEachOps$ForEachOp.evaluateSequential(ForEachOps.java:150)
	at java.base/java.util.stream.ForEachOps$ForEachOp$OfRef.evaluateSequential(ForEachOps.java:173)
	at java.base/java.util.stream.AbstractPipeline.evaluate(AbstractPipeline.java:234)
	at java.base/java.util.stream.ReferencePipeline.forEach(ReferencePipeline.java:497)
	at org.openqa.selenium.devtools.Connection.handle(Connection.java:287)
	at org.openqa.selenium.devtools.Connection.access$200(Connection.java:57)
	at org.openqa.selenium.devtools.Connection$Listener.lambda$onText$0(Connection.java:224)
	... 3 more
Caused by: org.openqa.selenium.WebDriverException: {"id":2711,"error":{"code":-32602,"message":"Invalid InterceptionId."},"sessionId":"69DE6D1A85B5D627489871F60443E14A"}
Build info: version: '4.11.0', revision: '040bc5406b'
System info: os.name: 'Windows 10', os.arch: 'amd64', os.version: '10.0', java.version: '11.0.18'
Driver info: driver.version: unknown
	at org.openqa.selenium.devtools.Connection.handle(Connection.java:260)
	... 5 more
авг. 16, 2023 4:23:23 PM org.openqa.selenium.devtools.Connection$Listener lambda$onText$0
WARNING: Unable to process: {"method":"Fetch.requestPaused","params":{"requestId":"interception-job-437.0","request":{"url":"http://localhost:8080/static/media/icon_ok_m_white.5987da79.svg","method":"GET","headers":{"Accept":"image/avif,image/webp,image/apng,image/svg+xml,image/*,*/*;q=0.8","Referer":"http://localhost:8080/static/css/2.7d875902.chunk.css","User-Agent":"Mozilla/5.0 (Windows NT 10.0; Win64; x64) AppleWebKit/537.36 (KHTML, like Gecko) Chrome/116.0.0.0 Safari/537.36","sec-ch-ua":"\"Chromium\";v=\"116\", \"Not)A;Brand\";v=\"24\", \"Google Chrome\";v=\"116\"","sec-ch-ua-mobile":"?0","sec-ch-ua-platform":"\"Windows\""},"initialPriority":"Low","referrerPolicy":"unsafe-url"},"frameId":"D165F02B89151667DFD1BF49856829E7","resourceType":"Image","responseStatusCode":200,"responseStatusText":"","responseHeaders":[{"name":"Vary","value":"Origin"},{"name":"Vary","value":"Access-Control-Request-Method"},{"name":"Vary","value":"Access-Control-Request-Headers"},{"name":"Last-Modified","value":"Thu, 03 Aug 2023 10:18:16 GMT"},{"name":"Accept-Ranges","value":"bytes"},{"name":"Content-Type","value":"image/svg+xml"},{"name":"Content-Length","value":"687"},{"name":"Date","value":"Wed, 16 Aug 2023 13:20:24 GMT"}]},"sessionId":"69DE6D1A85B5D627489871F60443E14A"}
org.openqa.selenium.devtools.DevToolsException: {"id":2710,"error":{"code":-32602,"message":"Invalid InterceptionId."},"sessionId":"69DE6D1A85B5D627489871F60443E14A"}
Build info: version: '4.11.0', revision: '040bc5406b'
System info: os.name: 'Windows 10', os.arch: 'amd64', os.version: '10.0', java.version: '11.0.18'
Driver info: driver.version: unknown
	at org.openqa.selenium.devtools.Connection.sendAndWait(Connection.java:181)
	at org.openqa.selenium.devtools.DevTools.send(DevTools.java:81)
	at org.openqa.selenium.devtools.idealized.Network.lambda$prepareToInterceptTraffic$4(Network.java:194)
	at org.openqa.selenium.devtools.Connection.lambda$handle$4(Connection.java:321)
	at java.base/java.util.stream.ForEachOps$ForEachOp$OfRef.accept(ForEachOps.java:183)
	at java.base/java.util.stream.ReferencePipeline$2$1.accept(ReferencePipeline.java:177)
	at java.base/java.util.stream.ReferencePipeline$11$1.accept(ReferencePipeline.java:442)
	at java.base/java.util.HashMap$KeySpliterator.forEachRemaining(HashMap.java:1621)
	at java.base/java.util.stream.AbstractPipeline.copyInto(AbstractPipeline.java:484)
	at java.base/java.util.stream.AbstractPipeline.wrapAndCopyInto(AbstractPipeline.java:474)
	at java.base/java.util.stream.ForEachOps$ForEachOp.evaluateSequential(ForEachOps.java:150)
	at java.base/java.util.stream.ForEachOps$ForEachOp$OfRef.evaluateSequential(ForEachOps.java:173)
	at java.base/java.util.stream.AbstractPipeline.evaluate(AbstractPipeline.java:234)
	at java.base/java.util.stream.ReferencePipeline.forEach(ReferencePipeline.java:497)
	at org.openqa.selenium.devtools.Connection.handle(Connection.java:287)
	at org.openqa.selenium.devtools.Connection.access$200(Connection.java:57)
	at org.openqa.selenium.devtools.Connection$Listener.lambda$onText$0(Connection.java:224)
	at java.base/java.util.concurrent.ThreadPoolExecutor.runWorker(ThreadPoolExecutor.java:1128)
	at java.base/java.util.concurrent.ThreadPoolExecutor$Worker.run(ThreadPoolExecutor.java:628)
	at java.base/java.lang.Thread.run(Thread.java:829)
Caused by: org.openqa.selenium.WebDriverException: {"id":2710,"error":{"code":-32602,"message":"Invalid InterceptionId."},"sessionId":"69DE6D1A85B5D627489871F60443E14A"}
Build info: version: '4.11.0', revision: '040bc5406b'
System info: os.name: 'Windows 10', os.arch: 'amd64', os.version: '10.0', java.version: '11.0.18'
Driver info: driver.version: unknown
	at org.openqa.selenium.devtools.Connection.handle(Connection.java:260)
	... 5 more

Exception in thread "CDP Connection" org.openqa.selenium.devtools.DevToolsException: {"id":2710,"error":{"code":-32602,"message":"Invalid InterceptionId."},"sessionId":"69DE6D1A85B5D627489871F60443E14A"}
Build info: version: '4.11.0', revision: '040bc5406b'
System info: os.name: 'Windows 10', os.arch: 'amd64', os.version: '10.0', java.version: '11.0.18'
Driver info: driver.version: unknown
	at org.openqa.selenium.devtools.Connection$Listener.lambda$onText$0(Connection.java:227)
	at java.base/java.util.concurrent.ThreadPoolExecutor.runWorker(ThreadPoolExecutor.java:1128)
	at java.base/java.util.concurrent.ThreadPoolExecutor$Worker.run(ThreadPoolExecutor.java:628)
	at java.base/java.lang.Thread.run(Thread.java:829)
Caused by: org.openqa.selenium.devtools.DevToolsException: {"id":2710,"error":{"code":-32602,"message":"Invalid InterceptionId."},"sessionId":"69DE6D1A85B5D627489871F60443E14A"}
Build info: version: '4.11.0', revision: '040bc5406b'
System info: os.name: 'Windows 10', os.arch: 'amd64', os.version: '10.0', java.version: '11.0.18'
Driver info: driver.version: unknown
	at org.openqa.selenium.devtools.Connection.sendAndWait(Connection.java:181)
	at org.openqa.selenium.devtools.DevTools.send(DevTools.java:81)
	at org.openqa.selenium.devtools.idealized.Network.lambda$prepareToInterceptTraffic$4(Network.java:194)
	at org.openqa.selenium.devtools.Connection.lambda$handle$4(Connection.java:321)
	at java.base/java.util.stream.ForEachOps$ForEachOp$OfRef.accept(ForEachOps.java:183)
	at java.base/java.util.stream.ReferencePipeline$2$1.accept(ReferencePipeline.java:177)
	at java.base/java.util.stream.ReferencePipeline$11$1.accept(ReferencePipeline.java:442)
	at java.base/java.util.HashMap$KeySpliterator.forEachRemaining(HashMap.java:1621)
	at java.base/java.util.stream.AbstractPipeline.copyInto(AbstractPipeline.java:484)
	at java.base/java.util.stream.AbstractPipeline.wrapAndCopyInto(AbstractPipeline.java:474)
	at java.base/java.util.stream.ForEachOps$ForEachOp.evaluateSequential(ForEachOps.java:150)
	at java.base/java.util.stream.ForEachOps$ForEachOp$OfRef.evaluateSequential(ForEachOps.java:173)
	at java.base/java.util.stream.AbstractPipeline.evaluate(AbstractPipeline.java:234)
	at java.base/java.util.stream.ReferencePipeline.forEach(ReferencePipeline.java:497)
	at org.openqa.selenium.devtools.Connection.handle(Connection.java:287)
	at org.openqa.selenium.devtools.Connection.access$200(Connection.java:57)
	at org.openqa.selenium.devtools.Connection$Listener.lambda$onText$0(Connection.java:224)
	... 3 more
авг. 16, 2023 4:23:23 PM org.openqa.selenium.devtools.Connection$Listener lambda$onText$0
WARNING: Unable to process: {"method":"Fetch.requestPaused","params":{"requestId":"interception-job-437.0","request":{"url":"http://localhost:8080/static/media/icon_ok_m_white.5987da79.svg","method":"GET","headers":{"Accept":"image/avif,image/webp,image/apng,image/svg+xml,image/*,*/*;q=0.8","Referer":"http://localhost:8080/static/css/2.7d875902.chunk.css","User-Agent":"Mozilla/5.0 (Windows NT 10.0; Win64; x64) AppleWebKit/537.36 (KHTML, like Gecko) Chrome/116.0.0.0 Safari/537.36","sec-ch-ua":"\"Chromium\";v=\"116\", \"Not)A;Brand\";v=\"24\", \"Google Chrome\";v=\"116\"","sec-ch-ua-mobile":"?0","sec-ch-ua-platform":"\"Windows\""},"initialPriority":"Low","referrerPolicy":"strict-origin-when-cross-origin"},"frameId":"D165F02B89151667DFD1BF49856829E7","resourceType":"Image"},"sessionId":"69DE6D1A85B5D627489871F60443E14A"}
org.openqa.selenium.devtools.DevToolsException: {"id":2713,"error":{"code":-32602,"message":"Invalid InterceptionId."},"sessionId":"69DE6D1A85B5D627489871F60443E14A"}
Caused by: org.openqa.selenium.WebDriverException: {"id":2710,"error":{"code":-32602,"message":"Invalid InterceptionId."},"sessionId":"69DE6D1A85B5D627489871F60443E14A"}
Build info: version: '4.11.0', revision: '040bc5406b'
Build info: version: '4.11.0', revision: '040bc5406b'
System info: os.name: 'Windows 10', os.arch: 'amd64', os.version: '10.0', java.version: '11.0.18'
Driver info: driver.version: unknown
	at org.openqa.selenium.devtools.Connection.sendAndWait(Connection.java:181)
	at org.openqa.selenium.devtools.DevTools.send(DevTools.java:81)
	at org.openqa.selenium.devtools.idealized.Network.lambda$prepareToInterceptTraffic$3(Network.java:211)
	at org.openqa.selenium.remote.http.Filter.lambda$andFinally$1(Filter.java:55)
	at org.openqa.selenium.devtools.idealized.Network.lambda$prepareToInterceptTraffic$4(Network.java:226)
	at org.openqa.selenium.devtools.Connection.lambda$handle$4(Connection.java:321)
	at java.base/java.util.stream.ForEachOps$ForEachOp$OfRef.accept(ForEachOps.java:183)
	at java.base/java.util.stream.ReferencePipeline$2$1.accept(ReferencePipeline.java:177)
	at java.base/java.util.stream.ReferencePipeline$11$1.accept(ReferencePipeline.java:442)
	at java.base/java.util.HashMap$KeySpliterator.forEachRemaining(HashMap.java:1621)
	at java.base/java.util.stream.AbstractPipeline.copyInto(AbstractPipeline.java:484)
	at java.base/java.util.stream.AbstractPipeline.wrapAndCopyInto(AbstractPipeline.java:474)
	at java.base/java.util.stream.ForEachOps$ForEachOp.evaluateSequential(ForEachOps.java:150)
	at java.base/java.util.stream.ForEachOps$ForEachOp$OfRef.evaluateSequential(ForEachOps.java:173)
	at java.base/java.util.stream.AbstractPipeline.evaluate(AbstractPipeline.java:234)
	at java.base/java.util.stream.ReferencePipeline.forEach(ReferencePipeline.java:497)
	at org.openqa.selenium.devtools.Connection.handle(Connection.java:287)
	at org.openqa.selenium.devtools.Connection.access$200(Connection.java:57)
	at org.openqa.selenium.devtools.Connection$Listener.lambda$onText$0(Connection.java:224)
	at java.base/java.util.concurrent.ThreadPoolExecutor.runWorker(ThreadPoolExecutor.java:1128)
	at java.base/java.util.concurrent.ThreadPoolExecutor$Worker.run(ThreadPoolExecutor.java:628)
	at java.base/java.lang.Thread.run(Thread.java:829)
Caused by: org.openqa.selenium.WebDriverException: {"id":2713,"error":{"code":-32602,"message":"Invalid InterceptionId."},"sessionId":"69DE6D1A85B5D627489871F60443E14A"}
Build info: version: '4.11.0', revision: '040bc5406b'
System info: os.name: 'Windows 10', os.arch: 'amd64', os.version: '10.0', java.version: '11.0.18'
Driver info: driver.version: unknown
	at org.openqa.selenium.devtools.Connection.handle(Connection.java:260)
	... 5 more

System info: os.name: 'Windows 10', os.arch: 'amd64', os.version: '10.0', java.version: '11.0.18'
Driver info: driver.version: unknown
	at org.openqa.selenium.devtools.Connection.handle(Connection.java:260)
	... 5 more
авг. 16, 2023 4:23:23 PM org.openqa.selenium.devtools.Connection$Listener lambda$onText$0
WARNING: Unable to process: {"method":"Fetch.requestPaused","params":{"requestId":"interception-job-438.0","request":{"url":"http://localhost:8080/static/media/icon_close_s_white.cd06f8fb.svg","method":"GET","headers":{"Accept":"image/avif,image/webp,image/apng,image/svg+xml,image/*,*/*;q=0.8","Referer":"http://localhost:8080/static/css/2.7d875902.chunk.css","User-Agent":"Mozilla/5.0 (Windows NT 10.0; Win64; x64) AppleWebKit/537.36 (KHTML, like Gecko) Chrome/116.0.0.0 Safari/537.36","sec-ch-ua":"\"Chromium\";v=\"116\", \"Not)A;Brand\";v=\"24\", \"Google Chrome\";v=\"116\"","sec-ch-ua-mobile":"?0","sec-ch-ua-platform":"\"Windows\""},"initialPriority":"Low","referrerPolicy":"strict-origin-when-cross-origin"},"frameId":"D165F02B89151667DFD1BF49856829E7","resourceType":"Image"},"sessionId":"69DE6D1A85B5D627489871F60443E14A"}
org.openqa.selenium.devtools.DevToolsException: {"id":2712,"error":{"code":-32602,"message":"Invalid InterceptionId."},"sessionId":"69DE6D1A85B5D627489871F60443E14A"}
Build info: version: '4.11.0', revision: '040bc5406b'
System info: os.name: 'Windows 10', os.arch: 'amd64', os.version: '10.0', java.version: '11.0.18'
Driver info: driver.version: unknown
	at org.openqa.selenium.devtools.Connection.sendAndWait(Connection.java:181)
	at org.openqa.selenium.devtools.DevTools.send(DevTools.java:81)
	at org.openqa.selenium.devtools.idealized.Network.lambda$prepareToInterceptTraffic$3(Network.java:211)
	at org.openqa.selenium.remote.http.Filter.lambda$andFinally$1(Filter.java:55)
	at org.openqa.selenium.devtools.idealized.Network.lambda$prepareToInterceptTraffic$4(Network.java:226)
	at org.openqa.selenium.devtools.Connection.lambda$handle$4(Connection.java:321)
	at java.base/java.util.stream.ForEachOps$ForEachOp$OfRef.accept(ForEachOps.java:183)
	at java.base/java.util.stream.ReferencePipeline$2$1.accept(ReferencePipeline.java:177)
	at java.base/java.util.stream.ReferencePipeline$11$1.accept(ReferencePipeline.java:442)
	at java.base/java.util.HashMap$KeySpliterator.forEachRemaining(HashMap.java:1621)
	at java.base/java.util.stream.AbstractPipeline.copyInto(AbstractPipeline.java:484)
	at java.base/java.util.stream.AbstractPipeline.wrapAndCopyInto(AbstractPipeline.java:474)
	at java.base/java.util.stream.ForEachOps$ForEachOp.evaluateSequential(ForEachOps.java:150)
	at java.base/java.util.stream.ForEachOps$ForEachOp$OfRef.evaluateSequential(ForEachOps.java:173)
	at java.base/java.util.stream.AbstractPipeline.evaluate(AbstractPipeline.java:234)
	at java.base/java.util.stream.ReferencePipeline.forEach(ReferencePipeline.java:497)
	at org.openqa.selenium.devtools.Connection.handle(Connection.java:287)
	at org.openqa.selenium.devtools.Connection.access$200(Connection.java:57)
	at org.openqa.selenium.devtools.Connection$Listener.lambda$onText$0(Connection.java:224)
	at java.base/java.util.concurrent.ThreadPoolExecutor.runWorker(ThreadPoolExecutor.java:1128)
	at java.base/java.util.concurrent.ThreadPoolExecutor$Worker.run(ThreadPoolExecutor.java:628)
	at java.base/java.lang.Thread.run(Thread.java:829)
Caused by: org.openqa.selenium.WebDriverException: {"id":2712,"error":{"code":-32602,"message":"Invalid InterceptionId."},"sessionId":"69DE6D1A85B5D627489871F60443E14A"}
Build info: version: '4.11.0', revision: '040bc5406b'
System info: os.name: 'Windows 10', os.arch: 'amd64', os.version: '10.0', java.version: '11.0.18'
Driver info: driver.version: unknown
	at org.openqa.selenium.devtools.Connection.handle(Connection.java:260)
	... 5 more

Exception in thread "CDP Connection" org.openqa.selenium.devtools.DevToolsException: {"id":2713,"error":{"code":-32602,"message":"Invalid InterceptionId."},"sessionId":"69DE6D1A85B5D627489871F60443E14A"}
Build info: version: '4.11.0', revision: '040bc5406b'
System info: os.name: 'Windows 10', os.arch: 'amd64', os.version: '10.0', java.version: '11.0.18'
Driver info: driver.version: unknown
	at org.openqa.selenium.devtools.Connection$Listener.lambda$onText$0(Connection.java:227)
	at java.base/java.util.concurrent.ThreadPoolExecutor.runWorker(ThreadPoolExecutor.java:1128)
	at java.base/java.util.concurrent.ThreadPoolExecutor$Worker.run(ThreadPoolExecutor.java:628)
	at java.base/java.lang.Thread.run(Thread.java:829)
Caused by: org.openqa.selenium.devtools.DevToolsException: {"id":2713,"error":{"code":-32602,"message":"Invalid InterceptionId."},"sessionId":"69DE6D1A85B5D627489871F60443E14A"}
Build info: version: '4.11.0', revision: '040bc5406b'
System info: os.name: 'Windows 10', os.arch: 'amd64', os.version: '10.0', java.version: '11.0.18'
Driver info: driver.version: unknown
	at org.openqa.selenium.devtools.Connection.sendAndWait(Connection.java:181)
	at org.openqa.selenium.devtools.DevTools.send(DevTools.java:81)
	at org.openqa.selenium.devtools.idealized.Network.lambda$prepareToInterceptTraffic$3(Network.java:211)
	at org.openqa.selenium.remote.http.Filter.lambda$andFinally$1(Filter.java:55)
	at org.openqa.selenium.devtools.idealized.Network.lambda$prepareToInterceptTraffic$4(Network.java:226)
	at org.openqa.selenium.devtools.Connection.lambda$handle$4(Connection.java:321)
	at java.base/java.util.stream.ForEachOps$ForEachOp$OfRef.accept(ForEachOps.java:183)
	at java.base/java.util.stream.ReferencePipeline$2$1.accept(ReferencePipeline.java:177)
	at java.base/java.util.stream.ReferencePipeline$11$1.accept(ReferencePipeline.java:442)
	at java.base/java.util.HashMap$KeySpliterator.forEachRemaining(HashMap.java:1621)
	at java.base/java.util.stream.AbstractPipeline.copyInto(AbstractPipeline.java:484)
	at java.base/java.util.stream.AbstractPipeline.wrapAndCopyInto(AbstractPipeline.java:474)
	at java.base/java.util.stream.ForEachOps$ForEachOp.evaluateSequential(ForEachOps.java:150)
	at java.base/java.util.stream.ForEachOps$ForEachOp$OfRef.evaluateSequential(ForEachOps.java:173)
	at java.base/java.util.stream.AbstractPipeline.evaluate(AbstractPipeline.java:234)
	at java.base/java.util.stream.ReferencePipeline.forEach(ReferencePipeline.java:497)
	at org.openqa.selenium.devtools.Connection.handle(Connection.java:287)
	at org.openqa.selenium.devtools.Connection.access$200(Connection.java:57)
	at org.openqa.selenium.devtools.Connection$Listener.lambda$onText$0(Connection.java:224)
	... 3 more
Caused by: org.openqa.selenium.WebDriverException: {"id":2713,"error":{"code":-32602,"message":"Invalid InterceptionId."},"sessionId":"69DE6D1A85B5D627489871F60443E14A"}
Build info: version: '4.11.0', revision: '040bc5406b'
System info: os.name: 'Windows 10', os.arch: 'amd64', os.version: '10.0', java.version: '11.0.18'
Driver info: driver.version: unknown
	at org.openqa.selenium.devtools.Connection.handle(Connection.java:260)
	... 5 more
Exception in thread "CDP Connection" org.openqa.selenium.devtools.DevToolsException: {"id":2712,"error":{"code":-32602,"message":"Invalid InterceptionId."},"sessionId":"69DE6D1A85B5D627489871F60443E14A"}
Build info: version: '4.11.0', revision: '040bc5406b'
System info: os.name: 'Windows 10', os.arch: 'amd64', os.version: '10.0', java.version: '11.0.18'
Driver info: driver.version: unknown
	at org.openqa.selenium.devtools.Connection$Listener.lambda$onText$0(Connection.java:227)
	at java.base/java.util.concurrent.ThreadPoolExecutor.runWorker(ThreadPoolExecutor.java:1128)
	at java.base/java.util.concurrent.ThreadPoolExecutor$Worker.run(ThreadPoolExecutor.java:628)
	at java.base/java.lang.Thread.run(Thread.java:829)
Caused by: org.openqa.selenium.devtools.DevToolsException: {"id":2712,"error":{"code":-32602,"message":"Invalid InterceptionId."},"sessionId":"69DE6D1A85B5D627489871F60443E14A"}
Build info: version: '4.11.0', revision: '040bc5406b'
System info: os.name: 'Windows 10', os.arch: 'amd64', os.version: '10.0', java.version: '11.0.18'
Driver info: driver.version: unknown
	at org.openqa.selenium.devtools.Connection.sendAndWait(Connection.java:181)
	at org.openqa.selenium.devtools.DevTools.send(DevTools.java:81)
	at org.openqa.selenium.devtools.idealized.Network.lambda$prepareToInterceptTraffic$3(Network.java:211)
	at org.openqa.selenium.remote.http.Filter.lambda$andFinally$1(Filter.java:55)
	at org.openqa.selenium.devtools.idealized.Network.lambda$prepareToInterceptTraffic$4(Network.java:226)
	at org.openqa.selenium.devtools.Connection.lambda$handle$4(Connection.java:321)
	at java.base/java.util.stream.ForEachOps$ForEachOp$OfRef.accept(ForEachOps.java:183)
	at java.base/java.util.stream.ReferencePipeline$2$1.accept(ReferencePipeline.java:177)
	at java.base/java.util.stream.ReferencePipeline$11$1.accept(ReferencePipeline.java:442)
	at java.base/java.util.HashMap$KeySpliterator.forEachRemaining(HashMap.java:1621)
	at java.base/java.util.stream.AbstractPipeline.copyInto(AbstractPipeline.java:484)
	at java.base/java.util.stream.AbstractPipeline.wrapAndCopyInto(AbstractPipeline.java:474)
	at java.base/java.util.stream.ForEachOps$ForEachOp.evaluateSequential(ForEachOps.java:150)
	at java.base/java.util.stream.ForEachOps$ForEachOp$OfRef.evaluateSequential(ForEachOps.java:173)
	at java.base/java.util.stream.AbstractPipeline.evaluate(AbstractPipeline.java:234)
	at java.base/java.util.stream.ReferencePipeline.forEach(ReferencePipeline.java:497)
	at org.openqa.selenium.devtools.Connection.handle(Connection.java:287)
	at org.openqa.selenium.devtools.Connection.access$200(Connection.java:57)
	at org.openqa.selenium.devtools.Connection$Listener.lambda$onText$0(Connection.java:224)
	... 3 more
Caused by: org.openqa.selenium.WebDriverException: {"id":2712,"error":{"code":-32602,"message":"Invalid InterceptionId."},"sessionId":"69DE6D1A85B5D627489871F60443E14A"}
Build info: version: '4.11.0', revision: '040bc5406b'
System info: os.name: 'Windows 10', os.arch: 'amd64', os.version: '10.0', java.version: '11.0.18'
Driver info: driver.version: unknown
	at org.openqa.selenium.devtools.Connection.handle(Connection.java:260)
	... 5 more
авг. 16, 2023 4:23:23 PM org.openqa.selenium.devtools.Connection$Listener lambda$onText$0
WARNING: Unable to process: {"method":"Fetch.requestPaused","params":{"requestId":"interception-job-439.0","request":{"url":"http://localhost:8080/static/media/icon_error_m_white.143ec85a.svg","method":"GET","headers":{"Accept":"image/avif,image/webp,image/apng,image/svg+xml,image/*,*/*;q=0.8","Referer":"http://localhost:8080/static/css/2.7d875902.chunk.css","User-Agent":"Mozilla/5.0 (Windows NT 10.0; Win64; x64) AppleWebKit/537.36 (KHTML, like Gecko) Chrome/116.0.0.0 Safari/537.36","sec-ch-ua":"\"Chromium\";v=\"116\", \"Not)A;Brand\";v=\"24\", \"Google Chrome\";v=\"116\"","sec-ch-ua-mobile":"?0","sec-ch-ua-platform":"\"Windows\""},"initialPriority":"Low","referrerPolicy":"unsafe-url"},"frameId":"D165F02B89151667DFD1BF49856829E7","resourceType":"Image","responseStatusCode":200,"responseStatusText":"","responseHeaders":[{"name":"Vary","value":"Origin"},{"name":"Vary","value":"Access-Control-Request-Method"},{"name":"Vary","value":"Access-Control-Request-Headers"},{"name":"Last-Modified","value":"Thu, 03 Aug 2023 10:18:16 GMT"},{"name":"Accept-Ranges","value":"bytes"},{"name":"Content-Type","value":"image/svg+xml"},{"name":"Content-Length","value":"380"},{"name":"Date","value":"Wed, 16 Aug 2023 13:20:24 GMT"}]},"sessionId":"69DE6D1A85B5D627489871F60443E14A"}
org.openqa.selenium.devtools.DevToolsException: {"id":2716,"error":{"code":-32602,"message":"Invalid InterceptionId."},"sessionId":"69DE6D1A85B5D627489871F60443E14A"}
Build info: version: '4.11.0', revision: '040bc5406b'
System info: os.name: 'Windows 10', os.arch: 'amd64', os.version: '10.0', java.version: '11.0.18'
Driver info: driver.version: unknown
	at org.openqa.selenium.devtools.Connection.sendAndWait(Connection.java:181)
	at org.openqa.selenium.devtools.DevTools.send(DevTools.java:81)
	at org.openqa.selenium.devtools.idealized.Network.lambda$prepareToInterceptTraffic$4(Network.java:194)
	at org.openqa.selenium.devtools.Connection.lambda$handle$4(Connection.java:321)
	at java.base/java.util.stream.ForEachOps$ForEachOp$OfRef.accept(ForEachOps.java:183)
	at java.base/java.util.stream.ReferencePipeline$2$1.accept(ReferencePipeline.java:177)
	at java.base/java.util.stream.ReferencePipeline$11$1.accept(ReferencePipeline.java:442)
	at java.base/java.util.HashMap$KeySpliterator.forEachRemaining(HashMap.java:1621)
	at java.base/java.util.stream.AbstractPipeline.copyInto(AbstractPipeline.java:484)
	at java.base/java.util.stream.AbstractPipeline.wrapAndCopyInto(AbstractPipeline.java:474)
	at java.base/java.util.stream.ForEachOps$ForEachOp.evaluateSequential(ForEachOps.java:150)
	at java.base/java.util.stream.ForEachOps$ForEachOp$OfRef.evaluateSequential(ForEachOps.java:173)
	at java.base/java.util.stream.AbstractPipeline.evaluate(AbstractPipeline.java:234)
	at java.base/java.util.stream.ReferencePipeline.forEach(ReferencePipeline.java:497)
	at org.openqa.selenium.devtools.Connection.handle(Connection.java:287)
	at org.openqa.selenium.devtools.Connection.access$200(Connection.java:57)
	at org.openqa.selenium.devtools.Connection$Listener.lambda$onText$0(Connection.java:224)
	at java.base/java.util.concurrent.ThreadPoolExecutor.runWorker(ThreadPoolExecutor.java:1128)
	at java.base/java.util.concurrent.ThreadPoolExecutor$Worker.run(ThreadPoolExecutor.java:628)
	at java.base/java.lang.Thread.run(Thread.java:829)
Caused by: org.openqa.selenium.WebDriverException: {"id":2716,"error":{"code":-32602,"message":"Invalid InterceptionId."},"sessionId":"69DE6D1A85B5D627489871F60443E14A"}
Build info: version: '4.11.0', revision: '040bc5406b'
System info: os.name: 'Windows 10', os.arch: 'amd64', os.version: '10.0', java.version: '11.0.18'
Driver info: driver.version: unknown
	at org.openqa.selenium.devtools.Connection.handle(Connection.java:260)
	... 5 more

Exception in thread "CDP Connection" org.openqa.selenium.devtools.DevToolsException: {"id":2716,"error":{"code":-32602,"message":"Invalid InterceptionId."},"sessionId":"69DE6D1A85B5D627489871F60443E14A"}
Build info: version: '4.11.0', revision: '040bc5406b'
System info: os.name: 'Windows 10', os.arch: 'amd64', os.version: '10.0', java.version: '11.0.18'
Driver info: driver.version: unknown
	at org.openqa.selenium.devtools.Connection$Listener.lambda$onText$0(Connection.java:227)
	at java.base/java.util.concurrent.ThreadPoolExecutor.runWorker(ThreadPoolExecutor.java:1128)
	at java.base/java.util.concurrent.ThreadPoolExecutor$Worker.run(ThreadPoolExecutor.java:628)
	at java.base/java.lang.Thread.run(Thread.java:829)
Caused by: org.openqa.selenium.devtools.DevToolsException: {"id":2716,"error":{"code":-32602,"message":"Invalid InterceptionId."},"sessionId":"69DE6D1A85B5D627489871F60443E14A"}
Build info: version: '4.11.0', revision: '040bc5406b'
System info: os.name: 'Windows 10', os.arch: 'amd64', os.version: '10.0', java.version: '11.0.18'
Driver info: driver.version: unknown
	at org.openqa.selenium.devtools.Connection.sendAndWait(Connection.java:181)
	at org.openqa.selenium.devtools.DevTools.send(DevTools.java:81)
	at org.openqa.selenium.devtools.idealized.Network.lambda$prepareToInterceptTraffic$4(Network.java:194)
	at org.openqa.selenium.devtools.Connection.lambda$handle$4(Connection.java:321)
	at java.base/java.util.stream.ForEachOps$ForEachOp$OfRef.accept(ForEachOps.java:183)
	at java.base/java.util.stream.ReferencePipeline$2$1.accept(ReferencePipeline.java:177)
	at java.base/java.util.stream.ReferencePipeline$11$1.accept(ReferencePipeline.java:442)
	at java.base/java.util.HashMap$KeySpliterator.forEachRemaining(HashMap.java:1621)
	at java.base/java.util.stream.AbstractPipeline.copyInto(AbstractPipeline.java:484)
	at java.base/java.util.stream.AbstractPipeline.wrapAndCopyInto(AbstractPipeline.java:474)
	at java.base/java.util.stream.ForEachOps$ForEachOp.evaluateSequential(ForEachOps.java:150)
	at java.base/java.util.stream.ForEachOps$ForEachOp$OfRef.evaluateSequential(ForEachOps.java:173)
	at java.base/java.util.stream.AbstractPipeline.evaluate(AbstractPipeline.java:234)
	at java.base/java.util.stream.ReferencePipeline.forEach(ReferencePipeline.java:497)
	at org.openqa.selenium.devtools.Connection.handle(Connection.java:287)
	at org.openqa.selenium.devtools.Connection.access$200(Connection.java:57)
	at org.openqa.selenium.devtools.Connection$Listener.lambda$onText$0(Connection.java:224)
	... 3 more
Caused by: org.openqa.selenium.WebDriverException: {"id":2716,"error":{"code":-32602,"message":"Invalid InterceptionId."},"sessionId":"69DE6D1A85B5D627489871F60443E14A"}
Build info: version: '4.11.0', revision: '040bc5406b'
System info: os.name: 'Windows 10', os.arch: 'amd64', os.version: '10.0', java.version: '11.0.18'
Driver info: driver.version: unknown
	at org.openqa.selenium.devtools.Connection.handle(Connection.java:260)
	... 5 more
авг. 16, 2023 4:23:23 PM org.openqa.selenium.devtools.Connection$Listener lambda$onText$0
WARNING: Unable to process: {"method":"Fetch.requestPaused","params":{"requestId":"interception-job-439.0","request":{"url":"http://localhost:8080/static/media/icon_error_m_white.143ec85a.svg","method":"GET","headers":{"Accept":"image/avif,image/webp,image/apng,image/svg+xml,image/*,*/*;q=0.8","Referer":"http://localhost:8080/static/css/2.7d875902.chunk.css","User-Agent":"Mozilla/5.0 (Windows NT 10.0; Win64; x64) AppleWebKit/537.36 (KHTML, like Gecko) Chrome/116.0.0.0 Safari/537.36","sec-ch-ua":"\"Chromium\";v=\"116\", \"Not)A;Brand\";v=\"24\", \"Google Chrome\";v=\"116\"","sec-ch-ua-mobile":"?0","sec-ch-ua-platform":"\"Windows\""},"initialPriority":"Low","referrerPolicy":"strict-origin-when-cross-origin"},"frameId":"D165F02B89151667DFD1BF49856829E7","resourceType":"Image"},"sessionId":"69DE6D1A85B5D627489871F60443E14A"}
org.openqa.selenium.devtools.DevToolsException: {"id":2717,"error":{"code":-32602,"message":"Invalid InterceptionId."},"sessionId":"69DE6D1A85B5D627489871F60443E14A"}
Build info: version: '4.11.0', revision: '040bc5406b'
System info: os.name: 'Windows 10', os.arch: 'amd64', os.version: '10.0', java.version: '11.0.18'
Driver info: driver.version: unknown
	at org.openqa.selenium.devtools.Connection.sendAndWait(Connection.java:181)
	at org.openqa.selenium.devtools.DevTools.send(DevTools.java:81)
	at org.openqa.selenium.devtools.idealized.Network.lambda$prepareToInterceptTraffic$3(Network.java:211)
	at org.openqa.selenium.remote.http.Filter.lambda$andFinally$1(Filter.java:55)
	at org.openqa.selenium.devtools.idealized.Network.lambda$prepareToInterceptTraffic$4(Network.java:226)
	at org.openqa.selenium.devtools.Connection.lambda$handle$4(Connection.java:321)
	at java.base/java.util.stream.ForEachOps$ForEachOp$OfRef.accept(ForEachOps.java:183)
	at java.base/java.util.stream.ReferencePipeline$2$1.accept(ReferencePipeline.java:177)
	at java.base/java.util.stream.ReferencePipeline$11$1.accept(ReferencePipeline.java:442)
	at java.base/java.util.HashMap$KeySpliterator.forEachRemaining(HashMap.java:1621)
	at java.base/java.util.stream.AbstractPipeline.copyInto(AbstractPipeline.java:484)
	at java.base/java.util.stream.AbstractPipeline.wrapAndCopyInto(AbstractPipeline.java:474)
	at java.base/java.util.stream.ForEachOps$ForEachOp.evaluateSequential(ForEachOps.java:150)
	at java.base/java.util.stream.ForEachOps$ForEachOp$OfRef.evaluateSequential(ForEachOps.java:173)
	at java.base/java.util.stream.AbstractPipeline.evaluate(AbstractPipeline.java:234)
	at java.base/java.util.stream.ReferencePipeline.forEach(ReferencePipeline.java:497)
	at org.openqa.selenium.devtools.Connection.handle(Connection.java:287)
	at org.openqa.selenium.devtools.Connection.access$200(Connection.java:57)
	at org.openqa.selenium.devtools.Connection$Listener.lambda$onText$0(Connection.java:224)
	at java.base/java.util.concurrent.ThreadPoolExecutor.runWorker(ThreadPoolExecutor.java:1128)
	at java.base/java.util.concurrent.ThreadPoolExecutor$Worker.run(ThreadPoolExecutor.java:628)
	at java.base/java.lang.Thread.run(Thread.java:829)
Caused by: org.openqa.selenium.WebDriverException: {"id":2717,"error":{"code":-32602,"message":"Invalid InterceptionId."},"sessionId":"69DE6D1A85B5D627489871F60443E14A"}
Build info: version: '4.11.0', revision: '040bc5406b'
System info: os.name: 'Windows 10', os.arch: 'amd64', os.version: '10.0', java.version: '11.0.18'
Driver info: driver.version: unknown
	at org.openqa.selenium.devtools.Connection.handle(Connection.java:260)
	... 5 more

Exception in thread "CDP Connection" org.openqa.selenium.devtools.DevToolsException: {"id":2717,"error":{"code":-32602,"message":"Invalid InterceptionId."},"sessionId":"69DE6D1A85B5D627489871F60443E14A"}
Build info: version: '4.11.0', revision: '040bc5406b'
System info: os.name: 'Windows 10', os.arch: 'amd64', os.version: '10.0', java.version: '11.0.18'
Driver info: driver.version: unknown
	at org.openqa.selenium.devtools.Connection$Listener.lambda$onText$0(Connection.java:227)
	at java.base/java.util.concurrent.ThreadPoolExecutor.runWorker(ThreadPoolExecutor.java:1128)
	at java.base/java.util.concurrent.ThreadPoolExecutor$Worker.run(ThreadPoolExecutor.java:628)
	at java.base/java.lang.Thread.run(Thread.java:829)
Caused by: org.openqa.selenium.devtools.DevToolsException: {"id":2717,"error":{"code":-32602,"message":"Invalid InterceptionId."},"sessionId":"69DE6D1A85B5D627489871F60443E14A"}
Build info: version: '4.11.0', revision: '040bc5406b'
System info: os.name: 'Windows 10', os.arch: 'amd64', os.version: '10.0', java.version: '11.0.18'
Driver info: driver.version: unknown
	at org.openqa.selenium.devtools.Connection.sendAndWait(Connection.java:181)
	at org.openqa.selenium.devtools.DevTools.send(DevTools.java:81)
	at org.openqa.selenium.devtools.idealized.Network.lambda$prepareToInterceptTraffic$3(Network.java:211)
	at org.openqa.selenium.remote.http.Filter.lambda$andFinally$1(Filter.java:55)
	at org.openqa.selenium.devtools.idealized.Network.lambda$prepareToInterceptTraffic$4(Network.java:226)
	at org.openqa.selenium.devtools.Connection.lambda$handle$4(Connection.java:321)
	at java.base/java.util.stream.ForEachOps$ForEachOp$OfRef.accept(ForEachOps.java:183)
	at java.base/java.util.stream.ReferencePipeline$2$1.accept(ReferencePipeline.java:177)
	at java.base/java.util.stream.ReferencePipeline$11$1.accept(ReferencePipeline.java:442)
	at java.base/java.util.HashMap$KeySpliterator.forEachRemaining(HashMap.java:1621)
	at java.base/java.util.stream.AbstractPipeline.copyInto(AbstractPipeline.java:484)
	at java.base/java.util.stream.AbstractPipeline.wrapAndCopyInto(AbstractPipeline.java:474)
	at java.base/java.util.stream.ForEachOps$ForEachOp.evaluateSequential(ForEachOps.java:150)
	at java.base/java.util.stream.ForEachOps$ForEachOp$OfRef.evaluateSequential(ForEachOps.java:173)
	at java.base/java.util.stream.AbstractPipeline.evaluate(AbstractPipeline.java:234)
	at java.base/java.util.stream.ReferencePipeline.forEach(ReferencePipeline.java:497)
	at org.openqa.selenium.devtools.Connection.handle(Connection.java:287)
	at org.openqa.selenium.devtools.Connection.access$200(Connection.java:57)
	at org.openqa.selenium.devtools.Connection$Listener.lambda$onText$0(Connection.java:224)
	... 3 more
Caused by: org.openqa.selenium.WebDriverException: {"id":2717,"error":{"code":-32602,"message":"Invalid InterceptionId."},"sessionId":"69DE6D1A85B5D627489871F60443E14A"}
Build info: version: '4.11.0', revision: '040bc5406b'
System info: os.name: 'Windows 10', os.arch: 'amd64', os.version: '10.0', java.version: '11.0.18'
Driver info: driver.version: unknown
	at org.openqa.selenium.devtools.Connection.handle(Connection.java:260)
	... 5 more
авг. 16, 2023 4:23:29 PM org.openqa.selenium.devtools.Connection$Listener lambda$onText$0
WARNING: Unable to process: {"method":"Fetch.requestPaused","params":{"requestId":"interception-job-440.0","request":{"url":"http://localhost:8080/","method":"GET","headers":{"Accept":"text/html,application/xhtml+xml,application/xml;q=0.9,image/avif,image/webp,image/apng,*/*;q=0.8,application/signed-exchange;v=b3;q=0.7","Upgrade-Insecure-Requests":"1","User-Agent":"Mozilla/5.0 (Windows NT 10.0; Win64; x64) AppleWebKit/537.36 (KHTML, like Gecko) Chrome/116.0.0.0 Safari/537.36","sec-ch-ua":"\"Chromium\";v=\"116\", \"Not)A;Brand\";v=\"24\", \"Google Chrome\";v=\"116\"","sec-ch-ua-mobile":"?0","sec-ch-ua-platform":"\"Windows\""},"initialPriority":"VeryHigh","referrerPolicy":"strict-origin-when-cross-origin"},"frameId":"D165F02B89151667DFD1BF49856829E7","resourceType":"Document","responseStatusCode":200,"responseStatusText":"","responseHeaders":[{"name":"Vary","value":"Origin"},{"name":"Vary","value":"Access-Control-Request-Method"},{"name":"Vary","value":"Access-Control-Request-Headers"},{"name":"Last-Modified","value":"Thu, 03 Aug 2023 10:18:16 GMT"},{"name":"Date","value":"Wed, 16 Aug 2023 13:23:29 GMT"},{"name":"Accept-Ranges","value":"bytes"},{"name":"Content-Type","value":"text/html"},{"name":"Content-Language","value":"ru-RU"},{"name":"Content-Length","value":"2308"}]},"sessionId":"69DE6D1A85B5D627489871F60443E14A"}
org.openqa.selenium.devtools.DevToolsException: {"id":2724,"error":{"code":-32602,"message":"Invalid InterceptionId."},"sessionId":"69DE6D1A85B5D627489871F60443E14A"}
Build info: version: '4.11.0', revision: '040bc5406b'
System info: os.name: 'Windows 10', os.arch: 'amd64', os.version: '10.0', java.version: '11.0.18'
Driver info: driver.version: unknown
	at org.openqa.selenium.devtools.Connection.sendAndWait(Connection.java:181)
	at org.openqa.selenium.devtools.DevTools.send(DevTools.java:81)
	at org.openqa.selenium.devtools.idealized.Network.lambda$prepareToInterceptTraffic$4(Network.java:194)
	at org.openqa.selenium.devtools.Connection.lambda$handle$4(Connection.java:321)
	at java.base/java.util.stream.ForEachOps$ForEachOp$OfRef.accept(ForEachOps.java:183)
	at java.base/java.util.stream.ReferencePipeline$2$1.accept(ReferencePipeline.java:177)
	at java.base/java.util.stream.ReferencePipeline$11$1.accept(ReferencePipeline.java:442)
	at java.base/java.util.HashMap$KeySpliterator.forEachRemaining(HashMap.java:1621)
	at java.base/java.util.stream.AbstractPipeline.copyInto(AbstractPipeline.java:484)
	at java.base/java.util.stream.AbstractPipeline.wrapAndCopyInto(AbstractPipeline.java:474)
	at java.base/java.util.stream.ForEachOps$ForEachOp.evaluateSequential(ForEachOps.java:150)
	at java.base/java.util.stream.ForEachOps$ForEachOp$OfRef.evaluateSequential(ForEachOps.java:173)
	at java.base/java.util.stream.AbstractPipeline.evaluate(AbstractPipeline.java:234)
	at java.base/java.util.stream.ReferencePipeline.forEach(ReferencePipeline.java:497)
	at org.openqa.selenium.devtools.Connection.handle(Connection.java:287)
	at org.openqa.selenium.devtools.Connection.access$200(Connection.java:57)
	at org.openqa.selenium.devtools.Connection$Listener.lambda$onText$0(Connection.java:224)
	at java.base/java.util.concurrent.ThreadPoolExecutor.runWorker(ThreadPoolExecutor.java:1128)
	at java.base/java.util.concurrent.ThreadPoolExecutor$Worker.run(ThreadPoolExecutor.java:628)
	at java.base/java.lang.Thread.run(Thread.java:829)
Caused by: org.openqa.selenium.WebDriverException: {"id":2724,"error":{"code":-32602,"message":"Invalid InterceptionId."},"sessionId":"69DE6D1A85B5D627489871F60443E14A"}
Build info: version: '4.11.0', revision: '040bc5406b'
System info: os.name: 'Windows 10', os.arch: 'amd64', os.version: '10.0', java.version: '11.0.18'
Driver info: driver.version: unknown
	at org.openqa.selenium.devtools.Connection.handle(Connection.java:260)
	... 5 more

Exception in thread "CDP Connection" org.openqa.selenium.devtools.DevToolsException: {"id":2724,"error":{"code":-32602,"message":"Invalid InterceptionId."},"sessionId":"69DE6D1A85B5D627489871F60443E14A"}
Build info: version: '4.11.0', revision: '040bc5406b'
System info: os.name: 'Windows 10', os.arch: 'amd64', os.version: '10.0', java.version: '11.0.18'
Driver info: driver.version: unknown
	at org.openqa.selenium.devtools.Connection$Listener.lambda$onText$0(Connection.java:227)
	at java.base/java.util.concurrent.ThreadPoolExecutor.runWorker(ThreadPoolExecutor.java:1128)
	at java.base/java.util.concurrent.ThreadPoolExecutor$Worker.run(ThreadPoolExecutor.java:628)
	at java.base/java.lang.Thread.run(Thread.java:829)
Caused by: org.openqa.selenium.devtools.DevToolsException: {"id":2724,"error":{"code":-32602,"message":"Invalid InterceptionId."},"sessionId":"69DE6D1A85B5D627489871F60443E14A"}
Build info: version: '4.11.0', revision: '040bc5406b'
System info: os.name: 'Windows 10', os.arch: 'amd64', os.version: '10.0', java.version: '11.0.18'
Driver info: driver.version: unknown
	at org.openqa.selenium.devtools.Connection.sendAndWait(Connection.java:181)
	at org.openqa.selenium.devtools.DevTools.send(DevTools.java:81)
	at org.openqa.selenium.devtools.idealized.Network.lambda$prepareToInterceptTraffic$4(Network.java:194)
	at org.openqa.selenium.devtools.Connection.lambda$handle$4(Connection.java:321)
	at java.base/java.util.stream.ForEachOps$ForEachOp$OfRef.accept(ForEachOps.java:183)
	at java.base/java.util.stream.ReferencePipeline$2$1.accept(ReferencePipeline.java:177)
	at java.base/java.util.stream.ReferencePipeline$11$1.accept(ReferencePipeline.java:442)
	at java.base/java.util.HashMap$KeySpliterator.forEachRemaining(HashMap.java:1621)
	at java.base/java.util.stream.AbstractPipeline.copyInto(AbstractPipeline.java:484)
	at java.base/java.util.stream.AbstractPipeline.wrapAndCopyInto(AbstractPipeline.java:474)
	at java.base/java.util.stream.ForEachOps$ForEachOp.evaluateSequential(ForEachOps.java:150)
	at java.base/java.util.stream.ForEachOps$ForEachOp$OfRef.evaluateSequential(ForEachOps.java:173)
	at java.base/java.util.stream.AbstractPipeline.evaluate(AbstractPipeline.java:234)
	at java.base/java.util.stream.ReferencePipeline.forEach(ReferencePipeline.java:497)
	at org.openqa.selenium.devtools.Connection.handle(Connection.java:287)
	at org.openqa.selenium.devtools.Connection.access$200(Connection.java:57)
	at org.openqa.selenium.devtools.Connection$Listener.lambda$onText$0(Connection.java:224)
	... 3 more
Caused by: org.openqa.selenium.WebDriverException: {"id":2724,"error":{"code":-32602,"message":"Invalid InterceptionId."},"sessionId":"69DE6D1A85B5D627489871F60443E14A"}
Build info: version: '4.11.0', revision: '040bc5406b'
System info: os.name: 'Windows 10', os.arch: 'amd64', os.version: '10.0', java.version: '11.0.18'
Driver info: driver.version: unknown
	at org.openqa.selenium.devtools.Connection.handle(Connection.java:260)
	... 5 more
авг. 16, 2023 4:23:29 PM org.openqa.selenium.devtools.Connection$Listener lambda$onText$0
WARNING: Unable to process: {"method":"Fetch.requestPaused","params":{"requestId":"interception-job-440.0","request":{"url":"http://localhost:8080/","method":"GET","headers":{"Accept":"text/html,application/xhtml+xml,application/xml;q=0.9,image/avif,image/webp,image/apng,*/*;q=0.8,application/signed-exchange;v=b3;q=0.7","Upgrade-Insecure-Requests":"1","User-Agent":"Mozilla/5.0 (Windows NT 10.0; Win64; x64) AppleWebKit/537.36 (KHTML, like Gecko) Chrome/116.0.0.0 Safari/537.36","sec-ch-ua":"\"Chromium\";v=\"116\", \"Not)A;Brand\";v=\"24\", \"Google Chrome\";v=\"116\"","sec-ch-ua-mobile":"?0","sec-ch-ua-platform":"\"Windows\""},"initialPriority":"VeryHigh","referrerPolicy":"strict-origin-when-cross-origin"},"frameId":"D165F02B89151667DFD1BF49856829E7","resourceType":"Document"},"sessionId":"69DE6D1A85B5D627489871F60443E14A"}
org.openqa.selenium.devtools.DevToolsException: {"id":2725,"error":{"code":-32602,"message":"Invalid InterceptionId."},"sessionId":"69DE6D1A85B5D627489871F60443E14A"}
Build info: version: '4.11.0', revision: '040bc5406b'
System info: os.name: 'Windows 10', os.arch: 'amd64', os.version: '10.0', java.version: '11.0.18'
Driver info: driver.version: unknown
	at org.openqa.selenium.devtools.Connection.sendAndWait(Connection.java:181)
	at org.openqa.selenium.devtools.DevTools.send(DevTools.java:81)
	at org.openqa.selenium.devtools.idealized.Network.lambda$prepareToInterceptTraffic$3(Network.java:211)
	at org.openqa.selenium.remote.http.Filter.lambda$andFinally$1(Filter.java:55)
	at org.openqa.selenium.devtools.idealized.Network.lambda$prepareToInterceptTraffic$4(Network.java:226)
	at org.openqa.selenium.devtools.Connection.lambda$handle$4(Connection.java:321)
	at java.base/java.util.stream.ForEachOps$ForEachOp$OfRef.accept(ForEachOps.java:183)
	at java.base/java.util.stream.ReferencePipeline$2$1.accept(ReferencePipeline.java:177)
	at java.base/java.util.stream.ReferencePipeline$11$1.accept(ReferencePipeline.java:442)
	at java.base/java.util.HashMap$KeySpliterator.forEachRemaining(HashMap.java:1621)
	at java.base/java.util.stream.AbstractPipeline.copyInto(AbstractPipeline.java:484)
	at java.base/java.util.stream.AbstractPipeline.wrapAndCopyInto(AbstractPipeline.java:474)
	at java.base/java.util.stream.ForEachOps$ForEachOp.evaluateSequential(ForEachOps.java:150)
	at java.base/java.util.stream.ForEachOps$ForEachOp$OfRef.evaluateSequential(ForEachOps.java:173)
	at java.base/java.util.stream.AbstractPipeline.evaluate(AbstractPipeline.java:234)
	at java.base/java.util.stream.ReferencePipeline.forEach(ReferencePipeline.java:497)
	at org.openqa.selenium.devtools.Connection.handle(Connection.java:287)
	at org.openqa.selenium.devtools.Connection.access$200(Connection.java:57)
	at org.openqa.selenium.devtools.Connection$Listener.lambda$onText$0(Connection.java:224)
	at java.base/java.util.concurrent.ThreadPoolExecutor.runWorker(ThreadPoolExecutor.java:1128)
	at java.base/java.util.concurrent.ThreadPoolExecutor$Worker.run(ThreadPoolExecutor.java:628)
	at java.base/java.lang.Thread.run(Thread.java:829)
Caused by: org.openqa.selenium.WebDriverException: {"id":2725,"error":{"code":-32602,"message":"Invalid InterceptionId."},"sessionId":"69DE6D1A85B5D627489871F60443E14A"}
Build info: version: '4.11.0', revision: '040bc5406b'
System info: os.name: 'Windows 10', os.arch: 'amd64', os.version: '10.0', java.version: '11.0.18'
Driver info: driver.version: unknown
	at org.openqa.selenium.devtools.Connection.handle(Connection.java:260)
	... 5 more

Exception in thread "CDP Connection" org.openqa.selenium.devtools.DevToolsException: {"id":2725,"error":{"code":-32602,"message":"Invalid InterceptionId."},"sessionId":"69DE6D1A85B5D627489871F60443E14A"}
Build info: version: '4.11.0', revision: '040bc5406b'
System info: os.name: 'Windows 10', os.arch: 'amd64', os.version: '10.0', java.version: '11.0.18'
Driver info: driver.version: unknown
	at org.openqa.selenium.devtools.Connection$Listener.lambda$onText$0(Connection.java:227)
	at java.base/java.util.concurrent.ThreadPoolExecutor.runWorker(ThreadPoolExecutor.java:1128)
	at java.base/java.util.concurrent.ThreadPoolExecutor$Worker.run(ThreadPoolExecutor.java:628)
	at java.base/java.lang.Thread.run(Thread.java:829)
Caused by: org.openqa.selenium.devtools.DevToolsException: {"id":2725,"error":{"code":-32602,"message":"Invalid InterceptionId."},"sessionId":"69DE6D1A85B5D627489871F60443E14A"}
Build info: version: '4.11.0', revision: '040bc5406b'
System info: os.name: 'Windows 10', os.arch: 'amd64', os.version: '10.0', java.version: '11.0.18'
Driver info: driver.version: unknown
	at org.openqa.selenium.devtools.Connection.sendAndWait(Connection.java:181)
	at org.openqa.selenium.devtools.DevTools.send(DevTools.java:81)
	at org.openqa.selenium.devtools.idealized.Network.lambda$prepareToInterceptTraffic$3(Network.java:211)
	at org.openqa.selenium.remote.http.Filter.lambda$andFinally$1(Filter.java:55)
	at org.openqa.selenium.devtools.idealized.Network.lambda$prepareToInterceptTraffic$4(Network.java:226)
	at org.openqa.selenium.devtools.Connection.lambda$handle$4(Connection.java:321)
	at java.base/java.util.stream.ForEachOps$ForEachOp$OfRef.accept(ForEachOps.java:183)
	at java.base/java.util.stream.ReferencePipeline$2$1.accept(ReferencePipeline.java:177)
	at java.base/java.util.stream.ReferencePipeline$11$1.accept(ReferencePipeline.java:442)
	at java.base/java.util.HashMap$KeySpliterator.forEachRemaining(HashMap.java:1621)
	at java.base/java.util.stream.AbstractPipeline.copyInto(AbstractPipeline.java:484)
	at java.base/java.util.stream.AbstractPipeline.wrapAndCopyInto(AbstractPipeline.java:474)
	at java.base/java.util.stream.ForEachOps$ForEachOp.evaluateSequential(ForEachOps.java:150)
	at java.base/java.util.stream.ForEachOps$ForEachOp$OfRef.evaluateSequential(ForEachOps.java:173)
	at java.base/java.util.stream.AbstractPipeline.evaluate(AbstractPipeline.java:234)
	at java.base/java.util.stream.ReferencePipeline.forEach(ReferencePipeline.java:497)
	at org.openqa.selenium.devtools.Connection.handle(Connection.java:287)
	at org.openqa.selenium.devtools.Connection.access$200(Connection.java:57)
	at org.openqa.selenium.devtools.Connection$Listener.lambda$onText$0(Connection.java:224)
	... 3 more
Caused by: org.openqa.selenium.WebDriverException: {"id":2725,"error":{"code":-32602,"message":"Invalid InterceptionId."},"sessionId":"69DE6D1A85B5D627489871F60443E14A"}
Build info: version: '4.11.0', revision: '040bc5406b'
System info: os.name: 'Windows 10', os.arch: 'amd64', os.version: '10.0', java.version: '11.0.18'
Driver info: driver.version: unknown
	at org.openqa.selenium.devtools.Connection.handle(Connection.java:260)
	... 5 more
авг. 16, 2023 4:23:29 PM org.openqa.selenium.devtools.Connection$Listener lambda$onText$0
WARNING: Unable to process: {"method":"Fetch.requestPaused","params":{"requestId":"interception-job-442.0","request":{"url":"http://localhost:8080/static/css/main.8978894b.chunk.css","method":"GET","headers":{"Accept":"text/css,*/*;q=0.1","Referer":"http://localhost:8080/","User-Agent":"Mozilla/5.0 (Windows NT 10.0; Win64; x64) AppleWebKit/537.36 (KHTML, like Gecko) Chrome/116.0.0.0 Safari/537.36","sec-ch-ua":"\"Chromium\";v=\"116\", \"Not)A;Brand\";v=\"24\", \"Google Chrome\";v=\"116\"","sec-ch-ua-mobile":"?0","sec-ch-ua-platform":"\"Windows\""},"initialPriority":"VeryHigh","referrerPolicy":"unsafe-url"},"frameId":"D165F02B89151667DFD1BF49856829E7","resourceType":"Stylesheet","responseStatusCode":200,"responseStatusText":"","responseHeaders":[{"name":"Vary","value":"Origin"},{"name":"Vary","value":"Access-Control-Request-Method"},{"name":"Vary","value":"Access-Control-Request-Headers"},{"name":"Last-Modified","value":"Thu, 03 Aug 2023 10:18:16 GMT"},{"name":"Accept-Ranges","value":"bytes"},{"name":"Content-Type","value":"text/css"},{"name":"Content-Length","value":"700"},{"name":"Date","value":"Wed, 16 Aug 2023 13:20:22 GMT"}]},"sessionId":"69DE6D1A85B5D627489871F60443E14A"}
org.openqa.selenium.devtools.DevToolsException: {"id":2736,"error":{"code":-32602,"message":"Invalid InterceptionId."},"sessionId":"69DE6D1A85B5D627489871F60443E14A"}
Build info: version: '4.11.0', revision: '040bc5406b'
System info: os.name: 'Windows 10', os.arch: 'amd64', os.version: '10.0', java.version: '11.0.18'
Driver info: driver.version: unknown
	at org.openqa.selenium.devtools.Connection.sendAndWait(Connection.java:181)
	at org.openqa.selenium.devtools.DevTools.send(DevTools.java:81)
	at org.openqa.selenium.devtools.idealized.Network.lambda$prepareToInterceptTraffic$4(Network.java:194)
	at org.openqa.selenium.devtools.Connection.lambda$handle$4(Connection.java:321)
	at java.base/java.util.stream.ForEachOps$ForEachOp$OfRef.accept(ForEachOps.java:183)
	at java.base/java.util.stream.ReferencePipeline$2$1.accept(ReferencePipeline.java:177)
	at java.base/java.util.stream.ReferencePipeline$11$1.accept(ReferencePipeline.java:442)
	at java.base/java.util.HashMap$KeySpliterator.forEachRemaining(HashMap.java:1621)
	at java.base/java.util.stream.AbstractPipeline.copyInto(AbstractPipeline.java:484)
	at java.base/java.util.stream.AbstractPipeline.wrapAndCopyInto(AbstractPipeline.java:474)
	at java.base/java.util.stream.ForEachOps$ForEachOp.evaluateSequential(ForEachOps.java:150)
	at java.base/java.util.stream.ForEachOps$ForEachOp$OfRef.evaluateSequential(ForEachOps.java:173)
	at java.base/java.util.stream.AbstractPipeline.evaluate(AbstractPipeline.java:234)
	at java.base/java.util.stream.ReferencePipeline.forEach(ReferencePipeline.java:497)
	at org.openqa.selenium.devtools.Connection.handle(Connection.java:287)
	at org.openqa.selenium.devtools.Connection.access$200(Connection.java:57)
	at org.openqa.selenium.devtools.Connection$Listener.lambda$onText$0(Connection.java:224)
	at java.base/java.util.concurrent.ThreadPoolExecutor.runWorker(ThreadPoolExecutor.java:1128)
	at java.base/java.util.concurrent.ThreadPoolExecutor$Worker.run(ThreadPoolExecutor.java:628)
	at java.base/java.lang.Thread.run(Thread.java:829)
Caused by: org.openqa.selenium.WebDriverException: {"id":2736,"error":{"code":-32602,"message":"Invalid InterceptionId."},"sessionId":"69DE6D1A85B5D627489871F60443E14A"}
Build info: version: '4.11.0', revision: '040bc5406b'
System info: os.name: 'Windows 10', os.arch: 'amd64', os.version: '10.0', java.version: '11.0.18'
Driver info: driver.version: unknown
	at org.openqa.selenium.devtools.Connection.handle(Connection.java:260)
	... 5 more

Exception in thread "CDP Connection" org.openqa.selenium.devtools.DevToolsException: {"id":2736,"error":{"code":-32602,"message":"Invalid InterceptionId."},"sessionId":"69DE6D1A85B5D627489871F60443E14A"}
Build info: version: '4.11.0', revision: '040bc5406b'
System info: os.name: 'Windows 10', os.arch: 'amd64', os.version: '10.0', java.version: '11.0.18'
Driver info: driver.version: unknown
	at org.openqa.selenium.devtools.Connection$Listener.lambda$onText$0(Connection.java:227)
	at java.base/java.util.concurrent.ThreadPoolExecutor.runWorker(ThreadPoolExecutor.java:1128)
	at java.base/java.util.concurrent.ThreadPoolExecutor$Worker.run(ThreadPoolExecutor.java:628)
	at java.base/java.lang.Thread.run(Thread.java:829)
Caused by: org.openqa.selenium.devtools.DevToolsException: {"id":2736,"error":{"code":-32602,"message":"Invalid InterceptionId."},"sessionId":"69DE6D1A85B5D627489871F60443E14A"}
Build info: version: '4.11.0', revision: '040bc5406b'
System info: os.name: 'Windows 10', os.arch: 'amd64', os.version: '10.0', java.version: '11.0.18'
Driver info: driver.version: unknown
	at org.openqa.selenium.devtools.Connection.sendAndWait(Connection.java:181)
	at org.openqa.selenium.devtools.DevTools.send(DevTools.java:81)
	at org.openqa.selenium.devtools.idealized.Network.lambda$prepareToInterceptTraffic$4(Network.java:194)
	at org.openqa.selenium.devtools.Connection.lambda$handle$4(Connection.java:321)
	at java.base/java.util.stream.ForEachOps$ForEachOp$OfRef.accept(ForEachOps.java:183)
	at java.base/java.util.stream.ReferencePipeline$2$1.accept(ReferencePipeline.java:177)
	at java.base/java.util.stream.ReferencePipeline$11$1.accept(ReferencePipeline.java:442)
	at java.base/java.util.HashMap$KeySpliterator.forEachRemaining(HashMap.java:1621)
	at java.base/java.util.stream.AbstractPipeline.copyInto(AbstractPipeline.java:484)
	at java.base/java.util.stream.AbstractPipeline.wrapAndCopyInto(AbstractPipeline.java:474)
	at java.base/java.util.stream.ForEachOps$ForEachOp.evaluateSequential(ForEachOps.java:150)
	at java.base/java.util.stream.ForEachOps$ForEachOp$OfRef.evaluateSequential(ForEachOps.java:173)
	at java.base/java.util.stream.AbstractPipeline.evaluate(AbstractPipeline.java:234)
	at java.base/java.util.stream.ReferencePipeline.forEach(ReferencePipeline.java:497)
	at org.openqa.selenium.devtools.Connection.handle(Connection.java:287)
	at org.openqa.selenium.devtools.Connection.access$200(Connection.java:57)
	at org.openqa.selenium.devtools.Connection$Listener.lambda$onText$0(Connection.java:224)
	... 3 more
Caused by: org.openqa.selenium.WebDriverException: {"id":2736,"error":{"code":-32602,"message":"Invalid InterceptionId."},"sessionId":"69DE6D1A85B5D627489871F60443E14A"}
Build info: version: '4.11.0', revision: '040bc5406b'
System info: os.name: 'Windows 10', os.arch: 'amd64', os.version: '10.0', java.version: '11.0.18'
Driver info: driver.version: unknown
	at org.openqa.selenium.devtools.Connection.handle(Connection.java:260)
	... 5 more
авг. 16, 2023 4:23:29 PM org.openqa.selenium.devtools.Connection$Listener lambda$onText$0
WARNING: Unable to process: {"method":"Fetch.requestPaused","params":{"requestId":"interception-job-442.0","request":{"url":"http://localhost:8080/static/css/main.8978894b.chunk.css","method":"GET","headers":{"Accept":"text/css,*/*;q=0.1","Referer":"http://localhost:8080/","User-Agent":"Mozilla/5.0 (Windows NT 10.0; Win64; x64) AppleWebKit/537.36 (KHTML, like Gecko) Chrome/116.0.0.0 Safari/537.36","sec-ch-ua":"\"Chromium\";v=\"116\", \"Not)A;Brand\";v=\"24\", \"Google Chrome\";v=\"116\"","sec-ch-ua-mobile":"?0","sec-ch-ua-platform":"\"Windows\""},"initialPriority":"VeryHigh","referrerPolicy":"strict-origin-when-cross-origin"},"frameId":"D165F02B89151667DFD1BF49856829E7","resourceType":"Stylesheet"},"sessionId":"69DE6D1A85B5D627489871F60443E14A"}
org.openqa.selenium.devtools.DevToolsException: {"id":2739,"error":{"code":-32602,"message":"Invalid InterceptionId."},"sessionId":"69DE6D1A85B5D627489871F60443E14A"}
Build info: version: '4.11.0', revision: '040bc5406b'
System info: os.name: 'Windows 10', os.arch: 'amd64', os.version: '10.0', java.version: '11.0.18'
Driver info: driver.version: unknown
	at org.openqa.selenium.devtools.Connection.sendAndWait(Connection.java:181)
	at org.openqa.selenium.devtools.DevTools.send(DevTools.java:81)
	at org.openqa.selenium.devtools.idealized.Network.lambda$prepareToInterceptTraffic$3(Network.java:211)
	at org.openqa.selenium.remote.http.Filter.lambda$andFinally$1(Filter.java:55)
	at org.openqa.selenium.devtools.idealized.Network.lambda$prepareToInterceptTraffic$4(Network.java:226)
	at org.openqa.selenium.devtools.Connection.lambda$handle$4(Connection.java:321)
	at java.base/java.util.stream.ForEachOps$ForEachOp$OfRef.accept(ForEachOps.java:183)
	at java.base/java.util.stream.ReferencePipeline$2$1.accept(ReferencePipeline.java:177)
	at java.base/java.util.stream.ReferencePipeline$11$1.accept(ReferencePipeline.java:442)
	at java.base/java.util.HashMap$KeySpliterator.forEachRemaining(HashMap.java:1621)
	at java.base/java.util.stream.AbstractPipeline.copyInto(AbstractPipeline.java:484)
	at java.base/java.util.stream.AbstractPipeline.wrapAndCopyInto(AbstractPipeline.java:474)
	at java.base/java.util.stream.ForEachOps$ForEachOp.evaluateSequential(ForEachOps.java:150)
	at java.base/java.util.stream.ForEachOps$ForEachOp$OfRef.evaluateSequential(ForEachOps.java:173)
	at java.base/java.util.stream.AbstractPipeline.evaluate(AbstractPipeline.java:234)
	at java.base/java.util.stream.ReferencePipeline.forEach(ReferencePipeline.java:497)
	at org.openqa.selenium.devtools.Connection.handle(Connection.java:287)
	at org.openqa.selenium.devtools.Connection.access$200(Connection.java:57)
	at org.openqa.selenium.devtools.Connection$Listener.lambda$onText$0(Connection.java:224)
	at java.base/java.util.concurrent.ThreadPoolExecutor.runWorker(ThreadPoolExecutor.java:1128)
	at java.base/java.util.concurrent.ThreadPoolExecutor$Worker.run(ThreadPoolExecutor.java:628)
	at java.base/java.lang.Thread.run(Thread.java:829)
Caused by: org.openqa.selenium.WebDriverException: {"id":2739,"error":{"code":-32602,"message":"Invalid InterceptionId."},"sessionId":"69DE6D1A85B5D627489871F60443E14A"}
Build info: version: '4.11.0', revision: '040bc5406b'
System info: os.name: 'Windows 10', os.arch: 'amd64', os.version: '10.0', java.version: '11.0.18'
Driver info: driver.version: unknown
	at org.openqa.selenium.devtools.Connection.handle(Connection.java:260)
	... 5 more

Exception in thread "CDP Connection" org.openqa.selenium.devtools.DevToolsException: {"id":2739,"error":{"code":-32602,"message":"Invalid InterceptionId."},"sessionId":"69DE6D1A85B5D627489871F60443E14A"}
Build info: version: '4.11.0', revision: '040bc5406b'
System info: os.name: 'Windows 10', os.arch: 'amd64', os.version: '10.0', java.version: '11.0.18'
Driver info: driver.version: unknown
	at org.openqa.selenium.devtools.Connection$Listener.lambda$onText$0(Connection.java:227)
	at java.base/java.util.concurrent.ThreadPoolExecutor.runWorker(ThreadPoolExecutor.java:1128)
	at java.base/java.util.concurrent.ThreadPoolExecutor$Worker.run(ThreadPoolExecutor.java:628)
	at java.base/java.lang.Thread.run(Thread.java:829)
Caused by: org.openqa.selenium.devtools.DevToolsException: {"id":2739,"error":{"code":-32602,"message":"Invalid InterceptionId."},"sessionId":"69DE6D1A85B5D627489871F60443E14A"}
Build info: version: '4.11.0', revision: '040bc5406b'
System info: os.name: 'Windows 10', os.arch: 'amd64', os.version: '10.0', java.version: '11.0.18'
Driver info: driver.version: unknown
	at org.openqa.selenium.devtools.Connection.sendAndWait(Connection.java:181)
	at org.openqa.selenium.devtools.DevTools.send(DevTools.java:81)
	at org.openqa.selenium.devtools.idealized.Network.lambda$prepareToInterceptTraffic$3(Network.java:211)
	at org.openqa.selenium.remote.http.Filter.lambda$andFinally$1(Filter.java:55)
	at org.openqa.selenium.devtools.idealized.Network.lambda$prepareToInterceptTraffic$4(Network.java:226)
	at org.openqa.selenium.devtools.Connection.lambda$handle$4(Connection.java:321)
	at java.base/java.util.stream.ForEachOps$ForEachOp$OfRef.accept(ForEachOps.java:183)
	at java.base/java.util.stream.ReferencePipeline$2$1.accept(ReferencePipeline.java:177)
	at java.base/java.util.stream.ReferencePipeline$11$1.accept(ReferencePipeline.java:442)
	at java.base/java.util.HashMap$KeySpliterator.forEachRemaining(HashMap.java:1621)
	at java.base/java.util.stream.AbstractPipeline.copyInto(AbstractPipeline.java:484)
	at java.base/java.util.stream.AbstractPipeline.wrapAndCopyInto(AbstractPipeline.java:474)
	at java.base/java.util.stream.ForEachOps$ForEachOp.evaluateSequential(ForEachOps.java:150)
	at java.base/java.util.stream.ForEachOps$ForEachOp$OfRef.evaluateSequential(ForEachOps.java:173)
	at java.base/java.util.stream.AbstractPipeline.evaluate(AbstractPipeline.java:234)
	at java.base/java.util.stream.ReferencePipeline.forEach(ReferencePipeline.java:497)
	at org.openqa.selenium.devtools.Connection.handle(Connection.java:287)
	at org.openqa.selenium.devtools.Connection.access$200(Connection.java:57)
	at org.openqa.selenium.devtools.Connection$Listener.lambda$onText$0(Connection.java:224)
	... 3 more
Caused by: org.openqa.selenium.WebDriverException: {"id":2739,"error":{"code":-32602,"message":"Invalid InterceptionId."},"sessionId":"69DE6D1A85B5D627489871F60443E14A"}
Build info: version: '4.11.0', revision: '040bc5406b'
System info: os.name: 'Windows 10', os.arch: 'amd64', os.version: '10.0', java.version: '11.0.18'
Driver info: driver.version: unknown
	at org.openqa.selenium.devtools.Connection.handle(Connection.java:260)
	... 5 more
авг. 16, 2023 4:23:29 PM org.openqa.selenium.devtools.Connection$Listener lambda$onText$0
WARNING: Unable to process: {"method":"Fetch.requestPaused","params":{"requestId":"interception-job-444.0","request":{"url":"http://localhost:8080/static/js/main.aab190f3.chunk.js","method":"GET","headers":{"Accept":"*/*","Referer":"http://localhost:8080/","User-Agent":"Mozilla/5.0 (Windows NT 10.0; Win64; x64) AppleWebKit/537.36 (KHTML, like Gecko) Chrome/116.0.0.0 Safari/537.36","sec-ch-ua":"\"Chromium\";v=\"116\", \"Not)A;Brand\";v=\"24\", \"Google Chrome\";v=\"116\"","sec-ch-ua-mobile":"?0","sec-ch-ua-platform":"\"Windows\""},"initialPriority":"High","referrerPolicy":"unsafe-url"},"frameId":"D165F02B89151667DFD1BF49856829E7","resourceType":"Script","responseStatusCode":200,"responseStatusText":"","responseHeaders":[{"name":"Vary","value":"Origin"},{"name":"Vary","value":"Access-Control-Request-Method"},{"name":"Vary","value":"Access-Control-Request-Headers"},{"name":"Last-Modified","value":"Thu, 03 Aug 2023 10:18:16 GMT"},{"name":"Accept-Ranges","value":"bytes"},{"name":"Content-Type","value":"application/javascript"},{"name":"Content-Length","value":"9137"},{"name":"Date","value":"Wed, 16 Aug 2023 13:20:22 GMT"}]},"sessionId":"69DE6D1A85B5D627489871F60443E14A"}
org.openqa.selenium.devtools.DevToolsException: {"id":2740,"error":{"code":-32602,"message":"Invalid InterceptionId."},"sessionId":"69DE6D1A85B5D627489871F60443E14A"}
Build info: version: '4.11.0', revision: '040bc5406b'
System info: os.name: 'Windows 10', os.arch: 'amd64', os.version: '10.0', java.version: '11.0.18'
Driver info: driver.version: unknown
	at org.openqa.selenium.devtools.Connection.sendAndWait(Connection.java:181)
	at org.openqa.selenium.devtools.DevTools.send(DevTools.java:81)
	at org.openqa.selenium.devtools.idealized.Network.lambda$prepareToInterceptTraffic$4(Network.java:194)
	at org.openqa.selenium.devtools.Connection.lambda$handle$4(Connection.java:321)
	at java.base/java.util.stream.ForEachOps$ForEachOp$OfRef.accept(ForEachOps.java:183)
	at java.base/java.util.stream.ReferencePipeline$2$1.accept(ReferencePipeline.java:177)
	at java.base/java.util.stream.ReferencePipeline$11$1.accept(ReferencePipeline.java:442)
	at java.base/java.util.HashMap$KeySpliterator.forEachRemaining(HashMap.java:1621)
	at java.base/java.util.stream.AbstractPipeline.copyInto(AbstractPipeline.java:484)
	at java.base/java.util.stream.AbstractPipeline.wrapAndCopyInto(AbstractPipeline.java:474)
	at java.base/java.util.stream.ForEachOps$ForEachOp.evaluateSequential(ForEachOps.java:150)
	at java.base/java.util.stream.ForEachOps$ForEachOp$OfRef.evaluateSequential(ForEachOps.java:173)
	at java.base/java.util.stream.AbstractPipeline.evaluate(AbstractPipeline.java:234)
	at java.base/java.util.stream.ReferencePipeline.forEach(ReferencePipeline.java:497)
	at org.openqa.selenium.devtools.Connection.handle(Connection.java:287)
	at org.openqa.selenium.devtools.Connection.access$200(Connection.java:57)
	at org.openqa.selenium.devtools.Connection$Listener.lambda$onText$0(Connection.java:224)
	at java.base/java.util.concurrent.ThreadPoolExecutor.runWorker(ThreadPoolExecutor.java:1128)
	at java.base/java.util.concurrent.ThreadPoolExecutor$Worker.run(ThreadPoolExecutor.java:628)
	at java.base/java.lang.Thread.run(Thread.java:829)
Caused by: org.openqa.selenium.WebDriverException: {"id":2740,"error":{"code":-32602,"message":"Invalid InterceptionId."},"sessionId":"69DE6D1A85B5D627489871F60443E14A"}
Build info: version: '4.11.0', revision: '040bc5406b'
System info: os.name: 'Windows 10', os.arch: 'amd64', os.version: '10.0', java.version: '11.0.18'
Driver info: driver.version: unknown
	at org.openqa.selenium.devtools.Connection.handle(Connection.java:260)
	... 5 more

Exception in thread "CDP Connection" org.openqa.selenium.devtools.DevToolsException: {"id":2740,"error":{"code":-32602,"message":"Invalid InterceptionId."},"sessionId":"69DE6D1A85B5D627489871F60443E14A"}
Build info: version: '4.11.0', revision: '040bc5406b'
System info: os.name: 'Windows 10', os.arch: 'amd64', os.version: '10.0', java.version: '11.0.18'
Driver info: driver.version: unknown
	at org.openqa.selenium.devtools.Connection$Listener.lambda$onText$0(Connection.java:227)
	at java.base/java.util.concurrent.ThreadPoolExecutor.runWorker(ThreadPoolExecutor.java:1128)
	at java.base/java.util.concurrent.ThreadPoolExecutor$Worker.run(ThreadPoolExecutor.java:628)
	at java.base/java.lang.Thread.run(Thread.java:829)
Caused by: org.openqa.selenium.devtools.DevToolsException: {"id":2740,"error":{"code":-32602,"message":"Invalid InterceptionId."},"sessionId":"69DE6D1A85B5D627489871F60443E14A"}
Build info: version: '4.11.0', revision: '040bc5406b'
System info: os.name: 'Windows 10', os.arch: 'amd64', os.version: '10.0', java.version: '11.0.18'
Driver info: driver.version: unknown
	at org.openqa.selenium.devtools.Connection.sendAndWait(Connection.java:181)
	at org.openqa.selenium.devtools.DevTools.send(DevTools.java:81)
	at org.openqa.selenium.devtools.idealized.Network.lambda$prepareToInterceptTraffic$4(Network.java:194)
	at org.openqa.selenium.devtools.Connection.lambda$handle$4(Connection.java:321)
	at java.base/java.util.stream.ForEachOps$ForEachOp$OfRef.accept(ForEachOps.java:183)
	at java.base/java.util.stream.ReferencePipeline$2$1.accept(ReferencePipeline.java:177)
	at java.base/java.util.stream.ReferencePipeline$11$1.accept(ReferencePipeline.java:442)
	at java.base/java.util.HashMap$KeySpliterator.forEachRemaining(HashMap.java:1621)
	at java.base/java.util.stream.AbstractPipeline.copyInto(AbstractPipeline.java:484)
	at java.base/java.util.stream.AbstractPipeline.wrapAndCopyInto(AbstractPipeline.java:474)
	at java.base/java.util.stream.ForEachOps$ForEachOp.evaluateSequential(ForEachOps.java:150)
	at java.base/java.util.stream.ForEachOps$ForEachOp$OfRef.evaluateSequential(ForEachOps.java:173)
	at java.base/java.util.stream.AbstractPipeline.evaluate(AbstractPipeline.java:234)
	at java.base/java.util.stream.ReferencePipeline.forEach(ReferencePipeline.java:497)
	at org.openqa.selenium.devtools.Connection.handle(Connection.java:287)
	at org.openqa.selenium.devtools.Connection.access$200(Connection.java:57)
	at org.openqa.selenium.devtools.Connection$Listener.lambda$onText$0(Connection.java:224)
	... 3 more
Caused by: org.openqa.selenium.WebDriverException: {"id":2740,"error":{"code":-32602,"message":"Invalid InterceptionId."},"sessionId":"69DE6D1A85B5D627489871F60443E14A"}
Build info: version: '4.11.0', revision: '040bc5406b'
System info: os.name: 'Windows 10', os.arch: 'amd64', os.version: '10.0', java.version: '11.0.18'
Driver info: driver.version: unknown
	at org.openqa.selenium.devtools.Connection.handle(Connection.java:260)
	... 5 more
авг. 16, 2023 4:23:29 PM org.openqa.selenium.devtools.Connection$Listener lambda$onText$0
WARNING: Unable to process: {"method":"Fetch.requestPaused","params":{"requestId":"interception-job-444.0","request":{"url":"http://localhost:8080/static/js/main.aab190f3.chunk.js","method":"GET","headers":{"Accept":"*/*","Referer":"http://localhost:8080/","User-Agent":"Mozilla/5.0 (Windows NT 10.0; Win64; x64) AppleWebKit/537.36 (KHTML, like Gecko) Chrome/116.0.0.0 Safari/537.36","sec-ch-ua":"\"Chromium\";v=\"116\", \"Not)A;Brand\";v=\"24\", \"Google Chrome\";v=\"116\"","sec-ch-ua-mobile":"?0","sec-ch-ua-platform":"\"Windows\""},"initialPriority":"High","referrerPolicy":"strict-origin-when-cross-origin"},"frameId":"D165F02B89151667DFD1BF49856829E7","resourceType":"Script"},"sessionId":"69DE6D1A85B5D627489871F60443E14A"}
org.openqa.selenium.devtools.DevToolsException: {"id":2741,"error":{"code":-32602,"message":"Invalid InterceptionId."},"sessionId":"69DE6D1A85B5D627489871F60443E14A"}
Build info: version: '4.11.0', revision: '040bc5406b'
System info: os.name: 'Windows 10', os.arch: 'amd64', os.version: '10.0', java.version: '11.0.18'
Driver info: driver.version: unknown
	at org.openqa.selenium.devtools.Connection.sendAndWait(Connection.java:181)
	at org.openqa.selenium.devtools.DevTools.send(DevTools.java:81)
	at org.openqa.selenium.devtools.idealized.Network.lambda$prepareToInterceptTraffic$3(Network.java:211)
	at org.openqa.selenium.remote.http.Filter.lambda$andFinally$1(Filter.java:55)
	at org.openqa.selenium.devtools.idealized.Network.lambda$prepareToInterceptTraffic$4(Network.java:226)
	at org.openqa.selenium.devtools.Connection.lambda$handle$4(Connection.java:321)
	at java.base/java.util.stream.ForEachOps$ForEachOp$OfRef.accept(ForEachOps.java:183)
	at java.base/java.util.stream.ReferencePipeline$2$1.accept(ReferencePipeline.java:177)
	at java.base/java.util.stream.ReferencePipeline$11$1.accept(ReferencePipeline.java:442)
	at java.base/java.util.HashMap$KeySpliterator.forEachRemaining(HashMap.java:1621)
	at java.base/java.util.stream.AbstractPipeline.copyInto(AbstractPipeline.java:484)
	at java.base/java.util.stream.AbstractPipeline.wrapAndCopyInto(AbstractPipeline.java:474)
	at java.base/java.util.stream.ForEachOps$ForEachOp.evaluateSequential(ForEachOps.java:150)
	at java.base/java.util.stream.ForEachOps$ForEachOp$OfRef.evaluateSequential(ForEachOps.java:173)
	at java.base/java.util.stream.AbstractPipeline.evaluate(AbstractPipeline.java:234)
	at java.base/java.util.stream.ReferencePipeline.forEach(ReferencePipeline.java:497)
	at org.openqa.selenium.devtools.Connection.handle(Connection.java:287)
	at org.openqa.selenium.devtools.Connection.access$200(Connection.java:57)
	at org.openqa.selenium.devtools.Connection$Listener.lambda$onText$0(Connection.java:224)
	at java.base/java.util.concurrent.ThreadPoolExecutor.runWorker(ThreadPoolExecutor.java:1128)
	at java.base/java.util.concurrent.ThreadPoolExecutor$Worker.run(ThreadPoolExecutor.java:628)
	at java.base/java.lang.Thread.run(Thread.java:829)
Caused by: org.openqa.selenium.WebDriverException: {"id":2741,"error":{"code":-32602,"message":"Invalid InterceptionId."},"sessionId":"69DE6D1A85B5D627489871F60443E14A"}
Build info: version: '4.11.0', revision: '040bc5406b'
System info: os.name: 'Windows 10', os.arch: 'amd64', os.version: '10.0', java.version: '11.0.18'
Driver info: driver.version: unknown
	at org.openqa.selenium.devtools.Connection.handle(Connection.java:260)
	... 5 more

Exception in thread "CDP Connection" org.openqa.selenium.devtools.DevToolsException: {"id":2741,"error":{"code":-32602,"message":"Invalid InterceptionId."},"sessionId":"69DE6D1A85B5D627489871F60443E14A"}
Build info: version: '4.11.0', revision: '040bc5406b'
System info: os.name: 'Windows 10', os.arch: 'amd64', os.version: '10.0', java.version: '11.0.18'
Driver info: driver.version: unknown
	at org.openqa.selenium.devtools.Connection$Listener.lambda$onText$0(Connection.java:227)
	at java.base/java.util.concurrent.ThreadPoolExecutor.runWorker(ThreadPoolExecutor.java:1128)
	at java.base/java.util.concurrent.ThreadPoolExecutor$Worker.run(ThreadPoolExecutor.java:628)
	at java.base/java.lang.Thread.run(Thread.java:829)
Caused by: org.openqa.selenium.devtools.DevToolsException: {"id":2741,"error":{"code":-32602,"message":"Invalid InterceptionId."},"sessionId":"69DE6D1A85B5D627489871F60443E14A"}
Build info: version: '4.11.0', revision: '040bc5406b'
System info: os.name: 'Windows 10', os.arch: 'amd64', os.version: '10.0', java.version: '11.0.18'
Driver info: driver.version: unknown
	at org.openqa.selenium.devtools.Connection.sendAndWait(Connection.java:181)
	at org.openqa.selenium.devtools.DevTools.send(DevTools.java:81)
	at org.openqa.selenium.devtools.idealized.Network.lambda$prepareToInterceptTraffic$3(Network.java:211)
	at org.openqa.selenium.remote.http.Filter.lambda$andFinally$1(Filter.java:55)
	at org.openqa.selenium.devtools.idealized.Network.lambda$prepareToInterceptTraffic$4(Network.java:226)
	at org.openqa.selenium.devtools.Connection.lambda$handle$4(Connection.java:321)
	at java.base/java.util.stream.ForEachOps$ForEachOp$OfRef.accept(ForEachOps.java:183)
	at java.base/java.util.stream.ReferencePipeline$2$1.accept(ReferencePipeline.java:177)
	at java.base/java.util.stream.ReferencePipeline$11$1.accept(ReferencePipeline.java:442)
	at java.base/java.util.HashMap$KeySpliterator.forEachRemaining(HashMap.java:1621)
	at java.base/java.util.stream.AbstractPipeline.copyInto(AbstractPipeline.java:484)
	at java.base/java.util.stream.AbstractPipeline.wrapAndCopyInto(AbstractPipeline.java:474)
	at java.base/java.util.stream.ForEachOps$ForEachOp.evaluateSequential(ForEachOps.java:150)
	at java.base/java.util.stream.ForEachOps$ForEachOp$OfRef.evaluateSequential(ForEachOps.java:173)
	at java.base/java.util.stream.AbstractPipeline.evaluate(AbstractPipeline.java:234)
	at java.base/java.util.stream.ReferencePipeline.forEach(ReferencePipeline.java:497)
	at org.openqa.selenium.devtools.Connection.handle(Connection.java:287)
	at org.openqa.selenium.devtools.Connection.access$200(Connection.java:57)
	at org.openqa.selenium.devtools.Connection$Listener.lambda$onText$0(Connection.java:224)
	... 3 more
Caused by: org.openqa.selenium.WebDriverException: {"id":2741,"error":{"code":-32602,"message":"Invalid InterceptionId."},"sessionId":"69DE6D1A85B5D627489871F60443E14A"}
Build info: version: '4.11.0', revision: '040bc5406b'
System info: os.name: 'Windows 10', os.arch: 'amd64', os.version: '10.0', java.version: '11.0.18'
Driver info: driver.version: unknown
	at org.openqa.selenium.devtools.Connection.handle(Connection.java:260)
	... 5 more
авг. 16, 2023 4:23:29 PM org.openqa.selenium.devtools.Connection$Listener lambda$onText$0
WARNING: Unable to process: {"method":"Fetch.requestPaused","params":{"requestId":"interception-job-441.0","request":{"url":"http://localhost:8080/static/css/2.7d875902.chunk.css","method":"GET","headers":{"Accept":"text/css,*/*;q=0.1","Referer":"http://localhost:8080/","User-Agent":"Mozilla/5.0 (Windows NT 10.0; Win64; x64) AppleWebKit/537.36 (KHTML, like Gecko) Chrome/116.0.0.0 Safari/537.36","sec-ch-ua":"\"Chromium\";v=\"116\", \"Not)A;Brand\";v=\"24\", \"Google Chrome\";v=\"116\"","sec-ch-ua-mobile":"?0","sec-ch-ua-platform":"\"Windows\""},"initialPriority":"VeryHigh","referrerPolicy":"unsafe-url"},"frameId":"D165F02B89151667DFD1BF49856829E7","resourceType":"Stylesheet","responseStatusCode":200,"responseStatusText":"","responseHeaders":[{"name":"Vary","value":"Origin"},{"name":"Vary","value":"Access-Control-Request-Method"},{"name":"Vary","value":"Access-Control-Request-Headers"},{"name":"Last-Modified","value":"Thu, 03 Aug 2023 10:18:16 GMT"},{"name":"Accept-Ranges","value":"bytes"},{"name":"Content-Type","value":"text/css"},{"name":"Content-Length","value":"87563"},{"name":"Date","value":"Wed, 16 Aug 2023 13:20:22 GMT"}]},"sessionId":"69DE6D1A85B5D627489871F60443E14A"}
org.openqa.selenium.devtools.DevToolsException: {"id":2744,"error":{"code":-32602,"message":"Invalid InterceptionId."},"sessionId":"69DE6D1A85B5D627489871F60443E14A"}
Build info: version: '4.11.0', revision: '040bc5406b'
System info: os.name: 'Windows 10', os.arch: 'amd64', os.version: '10.0', java.version: '11.0.18'
Driver info: driver.version: unknown
	at org.openqa.selenium.devtools.Connection.sendAndWait(Connection.java:181)
	at org.openqa.selenium.devtools.DevTools.send(DevTools.java:81)
	at org.openqa.selenium.devtools.idealized.Network.lambda$prepareToInterceptTraffic$4(Network.java:194)
	at org.openqa.selenium.devtools.Connection.lambda$handle$4(Connection.java:321)
	at java.base/java.util.stream.ForEachOps$ForEachOp$OfRef.accept(ForEachOps.java:183)
	at java.base/java.util.stream.ReferencePipeline$2$1.accept(ReferencePipeline.java:177)
	at java.base/java.util.stream.ReferencePipeline$11$1.accept(ReferencePipeline.java:442)
	at java.base/java.util.HashMap$KeySpliterator.forEachRemaining(HashMap.java:1621)
	at java.base/java.util.stream.AbstractPipeline.copyInto(AbstractPipeline.java:484)
	at java.base/java.util.stream.AbstractPipeline.wrapAndCopyInto(AbstractPipeline.java:474)
	at java.base/java.util.stream.ForEachOps$ForEachOp.evaluateSequential(ForEachOps.java:150)
	at java.base/java.util.stream.ForEachOps$ForEachOp$OfRef.evaluateSequential(ForEachOps.java:173)
	at java.base/java.util.stream.AbstractPipeline.evaluate(AbstractPipeline.java:234)
	at java.base/java.util.stream.ReferencePipeline.forEach(ReferencePipeline.java:497)
	at org.openqa.selenium.devtools.Connection.handle(Connection.java:287)
	at org.openqa.selenium.devtools.Connection.access$200(Connection.java:57)
	at org.openqa.selenium.devtools.Connection$Listener.lambda$onText$0(Connection.java:224)
	at java.base/java.util.concurrent.ThreadPoolExecutor.runWorker(ThreadPoolExecutor.java:1128)
	at java.base/java.util.concurrent.ThreadPoolExecutor$Worker.run(ThreadPoolExecutor.java:628)
	at java.base/java.lang.Thread.run(Thread.java:829)
Caused by: org.openqa.selenium.WebDriverException: {"id":2744,"error":{"code":-32602,"message":"Invalid InterceptionId."},"sessionId":"69DE6D1A85B5D627489871F60443E14A"}
Build info: version: '4.11.0', revision: '040bc5406b'
System info: os.name: 'Windows 10', os.arch: 'amd64', os.version: '10.0', java.version: '11.0.18'
Driver info: driver.version: unknown
	at org.openqa.selenium.devtools.Connection.handle(Connection.java:260)
	... 5 more

Exception in thread "CDP Connection" org.openqa.selenium.devtools.DevToolsException: {"id":2744,"error":{"code":-32602,"message":"Invalid InterceptionId."},"sessionId":"69DE6D1A85B5D627489871F60443E14A"}
Build info: version: '4.11.0', revision: '040bc5406b'
System info: os.name: 'Windows 10', os.arch: 'amd64', os.version: '10.0', java.version: '11.0.18'
Driver info: driver.version: unknown
	at org.openqa.selenium.devtools.Connection$Listener.lambda$onText$0(Connection.java:227)
	at java.base/java.util.concurrent.ThreadPoolExecutor.runWorker(ThreadPoolExecutor.java:1128)
	at java.base/java.util.concurrent.ThreadPoolExecutor$Worker.run(ThreadPoolExecutor.java:628)
	at java.base/java.lang.Thread.run(Thread.java:829)
Caused by: org.openqa.selenium.devtools.DevToolsException: {"id":2744,"error":{"code":-32602,"message":"Invalid InterceptionId."},"sessionId":"69DE6D1A85B5D627489871F60443E14A"}
Build info: version: '4.11.0', revision: '040bc5406b'
System info: os.name: 'Windows 10', os.arch: 'amd64', os.version: '10.0', java.version: '11.0.18'
Driver info: driver.version: unknown
	at org.openqa.selenium.devtools.Connection.sendAndWait(Connection.java:181)
	at org.openqa.selenium.devtools.DevTools.send(DevTools.java:81)
	at org.openqa.selenium.devtools.idealized.Network.lambda$prepareToInterceptTraffic$4(Network.java:194)
	at org.openqa.selenium.devtools.Connection.lambda$handle$4(Connection.java:321)
	at java.base/java.util.stream.ForEachOps$ForEachOp$OfRef.accept(ForEachOps.java:183)
	at java.base/java.util.stream.ReferencePipeline$2$1.accept(ReferencePipeline.java:177)
	at java.base/java.util.stream.ReferencePipeline$11$1.accept(ReferencePipeline.java:442)
	at java.base/java.util.HashMap$KeySpliterator.forEachRemaining(HashMap.java:1621)
	at java.base/java.util.stream.AbstractPipeline.copyInto(AbstractPipeline.java:484)
	at java.base/java.util.stream.AbstractPipeline.wrapAndCopyInto(AbstractPipeline.java:474)
	at java.base/java.util.stream.ForEachOps$ForEachOp.evaluateSequential(ForEachOps.java:150)
	at java.base/java.util.stream.ForEachOps$ForEachOp$OfRef.evaluateSequential(ForEachOps.java:173)
	at java.base/java.util.stream.AbstractPipeline.evaluate(AbstractPipeline.java:234)
	at java.base/java.util.stream.ReferencePipeline.forEach(ReferencePipeline.java:497)
	at org.openqa.selenium.devtools.Connection.handle(Connection.java:287)
	at org.openqa.selenium.devtools.Connection.access$200(Connection.java:57)
	at org.openqa.selenium.devtools.Connection$Listener.lambda$onText$0(Connection.java:224)
	... 3 more
Caused by: org.openqa.selenium.WebDriverException: {"id":2744,"error":{"code":-32602,"message":"Invalid InterceptionId."},"sessionId":"69DE6D1A85B5D627489871F60443E14A"}
Build info: version: '4.11.0', revision: '040bc5406b'
System info: os.name: 'Windows 10', os.arch: 'amd64', os.version: '10.0', java.version: '11.0.18'
Driver info: driver.version: unknown
	at org.openqa.selenium.devtools.Connection.handle(Connection.java:260)
	... 5 more
авг. 16, 2023 4:23:29 PM org.openqa.selenium.devtools.Connection$Listener lambda$onText$0
WARNING: Unable to process: {"method":"Fetch.requestPaused","params":{"requestId":"interception-job-441.0","request":{"url":"http://localhost:8080/static/css/2.7d875902.chunk.css","method":"GET","headers":{"Accept":"text/css,*/*;q=0.1","Referer":"http://localhost:8080/","User-Agent":"Mozilla/5.0 (Windows NT 10.0; Win64; x64) AppleWebKit/537.36 (KHTML, like Gecko) Chrome/116.0.0.0 Safari/537.36","sec-ch-ua":"\"Chromium\";v=\"116\", \"Not)A;Brand\";v=\"24\", \"Google Chrome\";v=\"116\"","sec-ch-ua-mobile":"?0","sec-ch-ua-platform":"\"Windows\""},"initialPriority":"VeryHigh","referrerPolicy":"strict-origin-when-cross-origin"},"frameId":"D165F02B89151667DFD1BF49856829E7","resourceType":"Stylesheet"},"sessionId":"69DE6D1A85B5D627489871F60443E14A"}
org.openqa.selenium.devtools.DevToolsException: {"id":2745,"error":{"code":-32602,"message":"Invalid InterceptionId."},"sessionId":"69DE6D1A85B5D627489871F60443E14A"}
Build info: version: '4.11.0', revision: '040bc5406b'
System info: os.name: 'Windows 10', os.arch: 'amd64', os.version: '10.0', java.version: '11.0.18'
Driver info: driver.version: unknown
	at org.openqa.selenium.devtools.Connection.sendAndWait(Connection.java:181)
	at org.openqa.selenium.devtools.DevTools.send(DevTools.java:81)
	at org.openqa.selenium.devtools.idealized.Network.lambda$prepareToInterceptTraffic$3(Network.java:211)
	at org.openqa.selenium.remote.http.Filter.lambda$andFinally$1(Filter.java:55)
	at org.openqa.selenium.devtools.idealized.Network.lambda$prepareToInterceptTraffic$4(Network.java:226)
	at org.openqa.selenium.devtools.Connection.lambda$handle$4(Connection.java:321)
	at java.base/java.util.stream.ForEachOps$ForEachOp$OfRef.accept(ForEachOps.java:183)
	at java.base/java.util.stream.ReferencePipeline$2$1.accept(ReferencePipeline.java:177)
	at java.base/java.util.stream.ReferencePipeline$11$1.accept(ReferencePipeline.java:442)
	at java.base/java.util.HashMap$KeySpliterator.forEachRemaining(HashMap.java:1621)
	at java.base/java.util.stream.AbstractPipeline.copyInto(AbstractPipeline.java:484)
	at java.base/java.util.stream.AbstractPipeline.wrapAndCopyInto(AbstractPipeline.java:474)
	at java.base/java.util.stream.ForEachOps$ForEachOp.evaluateSequential(ForEachOps.java:150)
	at java.base/java.util.stream.ForEachOps$ForEachOp$OfRef.evaluateSequential(ForEachOps.java:173)
	at java.base/java.util.stream.AbstractPipeline.evaluate(AbstractPipeline.java:234)
	at java.base/java.util.stream.ReferencePipeline.forEach(ReferencePipeline.java:497)
	at org.openqa.selenium.devtools.Connection.handle(Connection.java:287)
	at org.openqa.selenium.devtools.Connection.access$200(Connection.java:57)
	at org.openqa.selenium.devtools.Connection$Listener.lambda$onText$0(Connection.java:224)
	at java.base/java.util.concurrent.ThreadPoolExecutor.runWorker(ThreadPoolExecutor.java:1128)
	at java.base/java.util.concurrent.ThreadPoolExecutor$Worker.run(ThreadPoolExecutor.java:628)
	at java.base/java.lang.Thread.run(Thread.java:829)
Caused by: org.openqa.selenium.WebDriverException: {"id":2745,"error":{"code":-32602,"message":"Invalid InterceptionId."},"sessionId":"69DE6D1A85B5D627489871F60443E14A"}
Build info: version: '4.11.0', revision: '040bc5406b'
System info: os.name: 'Windows 10', os.arch: 'amd64', os.version: '10.0', java.version: '11.0.18'
Driver info: driver.version: unknown
	at org.openqa.selenium.devtools.Connection.handle(Connection.java:260)
	... 5 more

Exception in thread "CDP Connection" org.openqa.selenium.devtools.DevToolsException: {"id":2745,"error":{"code":-32602,"message":"Invalid InterceptionId."},"sessionId":"69DE6D1A85B5D627489871F60443E14A"}
Build info: version: '4.11.0', revision: '040bc5406b'
System info: os.name: 'Windows 10', os.arch: 'amd64', os.version: '10.0', java.version: '11.0.18'
Driver info: driver.version: unknown
	at org.openqa.selenium.devtools.Connection$Listener.lambda$onText$0(Connection.java:227)
	at java.base/java.util.concurrent.ThreadPoolExecutor.runWorker(ThreadPoolExecutor.java:1128)
	at java.base/java.util.concurrent.ThreadPoolExecutor$Worker.run(ThreadPoolExecutor.java:628)
	at java.base/java.lang.Thread.run(Thread.java:829)
Caused by: org.openqa.selenium.devtools.DevToolsException: {"id":2745,"error":{"code":-32602,"message":"Invalid InterceptionId."},"sessionId":"69DE6D1A85B5D627489871F60443E14A"}
Build info: version: '4.11.0', revision: '040bc5406b'
System info: os.name: 'Windows 10', os.arch: 'amd64', os.version: '10.0', java.version: '11.0.18'
Driver info: driver.version: unknown
	at org.openqa.selenium.devtools.Connection.sendAndWait(Connection.java:181)
	at org.openqa.selenium.devtools.DevTools.send(DevTools.java:81)
	at org.openqa.selenium.devtools.idealized.Network.lambda$prepareToInterceptTraffic$3(Network.java:211)
	at org.openqa.selenium.remote.http.Filter.lambda$andFinally$1(Filter.java:55)
	at org.openqa.selenium.devtools.idealized.Network.lambda$prepareToInterceptTraffic$4(Network.java:226)
	at org.openqa.selenium.devtools.Connection.lambda$handle$4(Connection.java:321)
	at java.base/java.util.stream.ForEachOps$ForEachOp$OfRef.accept(ForEachOps.java:183)
	at java.base/java.util.stream.ReferencePipeline$2$1.accept(ReferencePipeline.java:177)
	at java.base/java.util.stream.ReferencePipeline$11$1.accept(ReferencePipeline.java:442)
	at java.base/java.util.HashMap$KeySpliterator.forEachRemaining(HashMap.java:1621)
	at java.base/java.util.stream.AbstractPipeline.copyInto(AbstractPipeline.java:484)
	at java.base/java.util.stream.AbstractPipeline.wrapAndCopyInto(AbstractPipeline.java:474)
	at java.base/java.util.stream.ForEachOps$ForEachOp.evaluateSequential(ForEachOps.java:150)
	at java.base/java.util.stream.ForEachOps$ForEachOp$OfRef.evaluateSequential(ForEachOps.java:173)
	at java.base/java.util.stream.AbstractPipeline.evaluate(AbstractPipeline.java:234)
	at java.base/java.util.stream.ReferencePipeline.forEach(ReferencePipeline.java:497)
	at org.openqa.selenium.devtools.Connection.handle(Connection.java:287)
	at org.openqa.selenium.devtools.Connection.access$200(Connection.java:57)
	at org.openqa.selenium.devtools.Connection$Listener.lambda$onText$0(Connection.java:224)
	... 3 more
Caused by: org.openqa.selenium.WebDriverException: {"id":2745,"error":{"code":-32602,"message":"Invalid InterceptionId."},"sessionId":"69DE6D1A85B5D627489871F60443E14A"}
Build info: version: '4.11.0', revision: '040bc5406b'
System info: os.name: 'Windows 10', os.arch: 'amd64', os.version: '10.0', java.version: '11.0.18'
Driver info: driver.version: unknown
	at org.openqa.selenium.devtools.Connection.handle(Connection.java:260)
	... 5 more
авг. 16, 2023 4:23:29 PM org.openqa.selenium.devtools.Connection$Listener lambda$onText$0
WARNING: Unable to process: {"method":"Fetch.requestPaused","params":{"requestId":"interception-job-443.0","request":{"url":"http://localhost:8080/static/js/2.0716afe8.chunk.js","method":"GET","headers":{"Accept":"*/*","Referer":"http://localhost:8080/","User-Agent":"Mozilla/5.0 (Windows NT 10.0; Win64; x64) AppleWebKit/537.36 (KHTML, like Gecko) Chrome/116.0.0.0 Safari/537.36","sec-ch-ua":"\"Chromium\";v=\"116\", \"Not)A;Brand\";v=\"24\", \"Google Chrome\";v=\"116\"","sec-ch-ua-mobile":"?0","sec-ch-ua-platform":"\"Windows\""},"initialPriority":"High","referrerPolicy":"unsafe-url"},"frameId":"D165F02B89151667DFD1BF49856829E7","resourceType":"Script","responseStatusCode":200,"responseStatusText":"","responseHeaders":[{"name":"Vary","value":"Origin"},{"name":"Vary","value":"Access-Control-Request-Method"},{"name":"Vary","value":"Access-Control-Request-Headers"},{"name":"Last-Modified","value":"Thu, 03 Aug 2023 10:18:16 GMT"},{"name":"Accept-Ranges","value":"bytes"},{"name":"Content-Type","value":"application/javascript"},{"name":"Content-Length","value":"228167"},{"name":"Date","value":"Wed, 16 Aug 2023 13:20:22 GMT"}]},"sessionId":"69DE6D1A85B5D627489871F60443E14A"}
org.openqa.selenium.devtools.DevToolsException: {"id":2748,"error":{"code":-32602,"message":"Invalid InterceptionId."},"sessionId":"69DE6D1A85B5D627489871F60443E14A"}
Build info: version: '4.11.0', revision: '040bc5406b'
System info: os.name: 'Windows 10', os.arch: 'amd64', os.version: '10.0', java.version: '11.0.18'
Driver info: driver.version: unknown
	at org.openqa.selenium.devtools.Connection.sendAndWait(Connection.java:181)
	at org.openqa.selenium.devtools.DevTools.send(DevTools.java:81)
	at org.openqa.selenium.devtools.idealized.Network.lambda$prepareToInterceptTraffic$4(Network.java:194)
	at org.openqa.selenium.devtools.Connection.lambda$handle$4(Connection.java:321)
	at java.base/java.util.stream.ForEachOps$ForEachOp$OfRef.accept(ForEachOps.java:183)
	at java.base/java.util.stream.ReferencePipeline$2$1.accept(ReferencePipeline.java:177)
	at java.base/java.util.stream.ReferencePipeline$11$1.accept(ReferencePipeline.java:442)
	at java.base/java.util.HashMap$KeySpliterator.forEachRemaining(HashMap.java:1621)
	at java.base/java.util.stream.AbstractPipeline.copyInto(AbstractPipeline.java:484)
	at java.base/java.util.stream.AbstractPipeline.wrapAndCopyInto(AbstractPipeline.java:474)
	at java.base/java.util.stream.ForEachOps$ForEachOp.evaluateSequential(ForEachOps.java:150)
	at java.base/java.util.stream.ForEachOps$ForEachOp$OfRef.evaluateSequential(ForEachOps.java:173)
	at java.base/java.util.stream.AbstractPipeline.evaluate(AbstractPipeline.java:234)
	at java.base/java.util.stream.ReferencePipeline.forEach(ReferencePipeline.java:497)
	at org.openqa.selenium.devtools.Connection.handle(Connection.java:287)
	at org.openqa.selenium.devtools.Connection.access$200(Connection.java:57)
	at org.openqa.selenium.devtools.Connection$Listener.lambda$onText$0(Connection.java:224)
	at java.base/java.util.concurrent.ThreadPoolExecutor.runWorker(ThreadPoolExecutor.java:1128)
	at java.base/java.util.concurrent.ThreadPoolExecutor$Worker.run(ThreadPoolExecutor.java:628)
	at java.base/java.lang.Thread.run(Thread.java:829)
Caused by: org.openqa.selenium.WebDriverException: {"id":2748,"error":{"code":-32602,"message":"Invalid InterceptionId."},"sessionId":"69DE6D1A85B5D627489871F60443E14A"}
Build info: version: '4.11.0', revision: '040bc5406b'
System info: os.name: 'Windows 10', os.arch: 'amd64', os.version: '10.0', java.version: '11.0.18'
Driver info: driver.version: unknown
	at org.openqa.selenium.devtools.Connection.handle(Connection.java:260)
	... 5 more

Exception in thread "CDP Connection" org.openqa.selenium.devtools.DevToolsException: {"id":2748,"error":{"code":-32602,"message":"Invalid InterceptionId."},"sessionId":"69DE6D1A85B5D627489871F60443E14A"}
Build info: version: '4.11.0', revision: '040bc5406b'
System info: os.name: 'Windows 10', os.arch: 'amd64', os.version: '10.0', java.version: '11.0.18'
Driver info: driver.version: unknown
	at org.openqa.selenium.devtools.Connection$Listener.lambda$onText$0(Connection.java:227)
	at java.base/java.util.concurrent.ThreadPoolExecutor.runWorker(ThreadPoolExecutor.java:1128)
	at java.base/java.util.concurrent.ThreadPoolExecutor$Worker.run(ThreadPoolExecutor.java:628)
	at java.base/java.lang.Thread.run(Thread.java:829)
Caused by: org.openqa.selenium.devtools.DevToolsException: {"id":2748,"error":{"code":-32602,"message":"Invalid InterceptionId."},"sessionId":"69DE6D1A85B5D627489871F60443E14A"}
Build info: version: '4.11.0', revision: '040bc5406b'
System info: os.name: 'Windows 10', os.arch: 'amd64', os.version: '10.0', java.version: '11.0.18'
Driver info: driver.version: unknown
	at org.openqa.selenium.devtools.Connection.sendAndWait(Connection.java:181)
	at org.openqa.selenium.devtools.DevTools.send(DevTools.java:81)
	at org.openqa.selenium.devtools.idealized.Network.lambda$prepareToInterceptTraffic$4(Network.java:194)
	at org.openqa.selenium.devtools.Connection.lambda$handle$4(Connection.java:321)
	at java.base/java.util.stream.ForEachOps$ForEachOp$OfRef.accept(ForEachOps.java:183)
	at java.base/java.util.stream.ReferencePipeline$2$1.accept(ReferencePipeline.java:177)
	at java.base/java.util.stream.ReferencePipeline$11$1.accept(ReferencePipeline.java:442)
	at java.base/java.util.HashMap$KeySpliterator.forEachRemaining(HashMap.java:1621)
	at java.base/java.util.stream.AbstractPipeline.copyInto(AbstractPipeline.java:484)
	at java.base/java.util.stream.AbstractPipeline.wrapAndCopyInto(AbstractPipeline.java:474)
	at java.base/java.util.stream.ForEachOps$ForEachOp.evaluateSequential(ForEachOps.java:150)
	at java.base/java.util.stream.ForEachOps$ForEachOp$OfRef.evaluateSequential(ForEachOps.java:173)
	at java.base/java.util.stream.AbstractPipeline.evaluate(AbstractPipeline.java:234)
	at java.base/java.util.stream.ReferencePipeline.forEach(ReferencePipeline.java:497)
	at org.openqa.selenium.devtools.Connection.handle(Connection.java:287)
	at org.openqa.selenium.devtools.Connection.access$200(Connection.java:57)
	at org.openqa.selenium.devtools.Connection$Listener.lambda$onText$0(Connection.java:224)
	... 3 more
Caused by: org.openqa.selenium.WebDriverException: {"id":2748,"error":{"code":-32602,"message":"Invalid InterceptionId."},"sessionId":"69DE6D1A85B5D627489871F60443E14A"}
Build info: version: '4.11.0', revision: '040bc5406b'
System info: os.name: 'Windows 10', os.arch: 'amd64', os.version: '10.0', java.version: '11.0.18'
Driver info: driver.version: unknown
	at org.openqa.selenium.devtools.Connection.handle(Connection.java:260)
	... 5 more
авг. 16, 2023 4:23:29 PM org.openqa.selenium.devtools.Connection$Listener lambda$onText$0
WARNING: Unable to process: {"method":"Fetch.requestPaused","params":{"requestId":"interception-job-443.0","request":{"url":"http://localhost:8080/static/js/2.0716afe8.chunk.js","method":"GET","headers":{"Accept":"*/*","Referer":"http://localhost:8080/","User-Agent":"Mozilla/5.0 (Windows NT 10.0; Win64; x64) AppleWebKit/537.36 (KHTML, like Gecko) Chrome/116.0.0.0 Safari/537.36","sec-ch-ua":"\"Chromium\";v=\"116\", \"Not)A;Brand\";v=\"24\", \"Google Chrome\";v=\"116\"","sec-ch-ua-mobile":"?0","sec-ch-ua-platform":"\"Windows\""},"initialPriority":"High","referrerPolicy":"strict-origin-when-cross-origin"},"frameId":"D165F02B89151667DFD1BF49856829E7","resourceType":"Script"},"sessionId":"69DE6D1A85B5D627489871F60443E14A"}
org.openqa.selenium.devtools.DevToolsException: {"id":2749,"error":{"code":-32602,"message":"Invalid InterceptionId."},"sessionId":"69DE6D1A85B5D627489871F60443E14A"}
Build info: version: '4.11.0', revision: '040bc5406b'
System info: os.name: 'Windows 10', os.arch: 'amd64', os.version: '10.0', java.version: '11.0.18'
Driver info: driver.version: unknown
	at org.openqa.selenium.devtools.Connection.sendAndWait(Connection.java:181)
	at org.openqa.selenium.devtools.DevTools.send(DevTools.java:81)
	at org.openqa.selenium.devtools.idealized.Network.lambda$prepareToInterceptTraffic$3(Network.java:211)
	at org.openqa.selenium.remote.http.Filter.lambda$andFinally$1(Filter.java:55)
	at org.openqa.selenium.devtools.idealized.Network.lambda$prepareToInterceptTraffic$4(Network.java:226)
	at org.openqa.selenium.devtools.Connection.lambda$handle$4(Connection.java:321)
	at java.base/java.util.stream.ForEachOps$ForEachOp$OfRef.accept(ForEachOps.java:183)
	at java.base/java.util.stream.ReferencePipeline$2$1.accept(ReferencePipeline.java:177)
	at java.base/java.util.stream.ReferencePipeline$11$1.accept(ReferencePipeline.java:442)
	at java.base/java.util.HashMap$KeySpliterator.forEachRemaining(HashMap.java:1621)
	at java.base/java.util.stream.AbstractPipeline.copyInto(AbstractPipeline.java:484)
	at java.base/java.util.stream.AbstractPipeline.wrapAndCopyInto(AbstractPipeline.java:474)
	at java.base/java.util.stream.ForEachOps$ForEachOp.evaluateSequential(ForEachOps.java:150)
	at java.base/java.util.stream.ForEachOps$ForEachOp$OfRef.evaluateSequential(ForEachOps.java:173)
	at java.base/java.util.stream.AbstractPipeline.evaluate(AbstractPipeline.java:234)
	at java.base/java.util.stream.ReferencePipeline.forEach(ReferencePipeline.java:497)
	at org.openqa.selenium.devtools.Connection.handle(Connection.java:287)
	at org.openqa.selenium.devtools.Connection.access$200(Connection.java:57)
	at org.openqa.selenium.devtools.Connection$Listener.lambda$onText$0(Connection.java:224)
	at java.base/java.util.concurrent.ThreadPoolExecutor.runWorker(ThreadPoolExecutor.java:1128)
	at java.base/java.util.concurrent.ThreadPoolExecutor$Worker.run(ThreadPoolExecutor.java:628)
	at java.base/java.lang.Thread.run(Thread.java:829)
Caused by: org.openqa.selenium.WebDriverException: {"id":2749,"error":{"code":-32602,"message":"Invalid InterceptionId."},"sessionId":"69DE6D1A85B5D627489871F60443E14A"}
Build info: version: '4.11.0', revision: '040bc5406b'
System info: os.name: 'Windows 10', os.arch: 'amd64', os.version: '10.0', java.version: '11.0.18'
Driver info: driver.version: unknown
	at org.openqa.selenium.devtools.Connection.handle(Connection.java:260)
	... 5 more

Exception in thread "CDP Connection" org.openqa.selenium.devtools.DevToolsException: {"id":2749,"error":{"code":-32602,"message":"Invalid InterceptionId."},"sessionId":"69DE6D1A85B5D627489871F60443E14A"}
Build info: version: '4.11.0', revision: '040bc5406b'
System info: os.name: 'Windows 10', os.arch: 'amd64', os.version: '10.0', java.version: '11.0.18'
Driver info: driver.version: unknown
	at org.openqa.selenium.devtools.Connection$Listener.lambda$onText$0(Connection.java:227)
	at java.base/java.util.concurrent.ThreadPoolExecutor.runWorker(ThreadPoolExecutor.java:1128)
	at java.base/java.util.concurrent.ThreadPoolExecutor$Worker.run(ThreadPoolExecutor.java:628)
	at java.base/java.lang.Thread.run(Thread.java:829)
Caused by: org.openqa.selenium.devtools.DevToolsException: {"id":2749,"error":{"code":-32602,"message":"Invalid InterceptionId."},"sessionId":"69DE6D1A85B5D627489871F60443E14A"}
Build info: version: '4.11.0', revision: '040bc5406b'
System info: os.name: 'Windows 10', os.arch: 'amd64', os.version: '10.0', java.version: '11.0.18'
Driver info: driver.version: unknown
	at org.openqa.selenium.devtools.Connection.sendAndWait(Connection.java:181)
	at org.openqa.selenium.devtools.DevTools.send(DevTools.java:81)
	at org.openqa.selenium.devtools.idealized.Network.lambda$prepareToInterceptTraffic$3(Network.java:211)
	at org.openqa.selenium.remote.http.Filter.lambda$andFinally$1(Filter.java:55)
	at org.openqa.selenium.devtools.idealized.Network.lambda$prepareToInterceptTraffic$4(Network.java:226)
	at org.openqa.selenium.devtools.Connection.lambda$handle$4(Connection.java:321)
	at java.base/java.util.stream.ForEachOps$ForEachOp$OfRef.accept(ForEachOps.java:183)
	at java.base/java.util.stream.ReferencePipeline$2$1.accept(ReferencePipeline.java:177)
	at java.base/java.util.stream.ReferencePipeline$11$1.accept(ReferencePipeline.java:442)
	at java.base/java.util.HashMap$KeySpliterator.forEachRemaining(HashMap.java:1621)
	at java.base/java.util.stream.AbstractPipeline.copyInto(AbstractPipeline.java:484)
	at java.base/java.util.stream.AbstractPipeline.wrapAndCopyInto(AbstractPipeline.java:474)
	at java.base/java.util.stream.ForEachOps$ForEachOp.evaluateSequential(ForEachOps.java:150)
	at java.base/java.util.stream.ForEachOps$ForEachOp$OfRef.evaluateSequential(ForEachOps.java:173)
	at java.base/java.util.stream.AbstractPipeline.evaluate(AbstractPipeline.java:234)
	at java.base/java.util.stream.ReferencePipeline.forEach(ReferencePipeline.java:497)
	at org.openqa.selenium.devtools.Connection.handle(Connection.java:287)
	at org.openqa.selenium.devtools.Connection.access$200(Connection.java:57)
	at org.openqa.selenium.devtools.Connection$Listener.lambda$onText$0(Connection.java:224)
	... 3 more
Caused by: org.openqa.selenium.WebDriverException: {"id":2749,"error":{"code":-32602,"message":"Invalid InterceptionId."},"sessionId":"69DE6D1A85B5D627489871F60443E14A"}
Build info: version: '4.11.0', revision: '040bc5406b'
System info: os.name: 'Windows 10', os.arch: 'amd64', os.version: '10.0', java.version: '11.0.18'
Driver info: driver.version: unknown
	at org.openqa.selenium.devtools.Connection.handle(Connection.java:260)
	... 5 more
авг. 16, 2023 4:23:29 PM org.openqa.selenium.devtools.Connection$Listener lambda$onText$0
WARNING: Unable to process: {"method":"Fetch.requestPaused","params":{"requestId":"interception-job-445.0","request":{"url":"http://localhost:8080/static/media/marrakech.869b2a02.jpg","method":"GET","headers":{"Accept":"image/avif,image/webp,image/apng,image/svg+xml,image/*,*/*;q=0.8","Referer":"http://localhost:8080/","User-Agent":"Mozilla/5.0 (Windows NT 10.0; Win64; x64) AppleWebKit/537.36 (KHTML, like Gecko) Chrome/116.0.0.0 Safari/537.36","sec-ch-ua":"\"Chromium\";v=\"116\", \"Not)A;Brand\";v=\"24\", \"Google Chrome\";v=\"116\"","sec-ch-ua-mobile":"?0","sec-ch-ua-platform":"\"Windows\""},"initialPriority":"Low","referrerPolicy":"unsafe-url"},"frameId":"D165F02B89151667DFD1BF49856829E7","resourceType":"Image","responseStatusCode":200,"responseStatusText":"","responseHeaders":[{"name":"Vary","value":"Origin"},{"name":"Vary","value":"Access-Control-Request-Method"},{"name":"Vary","value":"Access-Control-Request-Headers"},{"name":"Last-Modified","value":"Thu, 03 Aug 2023 10:18:16 GMT"},{"name":"Accept-Ranges","value":"bytes"},{"name":"Content-Type","value":"image/jpeg"},{"name":"Content-Length","value":"85240"},{"name":"Date","value":"Wed, 16 Aug 2023 13:20:22 GMT"}]},"sessionId":"69DE6D1A85B5D627489871F60443E14A"}
org.openqa.selenium.devtools.DevToolsException: {"id":2754,"error":{"code":-32602,"message":"Invalid InterceptionId."},"sessionId":"69DE6D1A85B5D627489871F60443E14A"}
Build info: version: '4.11.0', revision: '040bc5406b'
System info: os.name: 'Windows 10', os.arch: 'amd64', os.version: '10.0', java.version: '11.0.18'
Driver info: driver.version: unknown
	at org.openqa.selenium.devtools.Connection.sendAndWait(Connection.java:181)
	at org.openqa.selenium.devtools.DevTools.send(DevTools.java:81)
	at org.openqa.selenium.devtools.idealized.Network.lambda$prepareToInterceptTraffic$4(Network.java:194)
	at org.openqa.selenium.devtools.Connection.lambda$handle$4(Connection.java:321)
	at java.base/java.util.stream.ForEachOps$ForEachOp$OfRef.accept(ForEachOps.java:183)
	at java.base/java.util.stream.ReferencePipeline$2$1.accept(ReferencePipeline.java:177)
	at java.base/java.util.stream.ReferencePipeline$11$1.accept(ReferencePipeline.java:442)
	at java.base/java.util.HashMap$KeySpliterator.forEachRemaining(HashMap.java:1621)
	at java.base/java.util.stream.AbstractPipeline.copyInto(AbstractPipeline.java:484)
	at java.base/java.util.stream.AbstractPipeline.wrapAndCopyInto(AbstractPipeline.java:474)
	at java.base/java.util.stream.ForEachOps$ForEachOp.evaluateSequential(ForEachOps.java:150)
	at java.base/java.util.stream.ForEachOps$ForEachOp$OfRef.evaluateSequential(ForEachOps.java:173)
	at java.base/java.util.stream.AbstractPipeline.evaluate(AbstractPipeline.java:234)
	at java.base/java.util.stream.ReferencePipeline.forEach(ReferencePipeline.java:497)
	at org.openqa.selenium.devtools.Connection.handle(Connection.java:287)
	at org.openqa.selenium.devtools.Connection.access$200(Connection.java:57)
	at org.openqa.selenium.devtools.Connection$Listener.lambda$onText$0(Connection.java:224)
	at java.base/java.util.concurrent.ThreadPoolExecutor.runWorker(ThreadPoolExecutor.java:1128)
	at java.base/java.util.concurrent.ThreadPoolExecutor$Worker.run(ThreadPoolExecutor.java:628)
	at java.base/java.lang.Thread.run(Thread.java:829)
Caused by: org.openqa.selenium.WebDriverException: {"id":2754,"error":{"code":-32602,"message":"Invalid InterceptionId."},"sessionId":"69DE6D1A85B5D627489871F60443E14A"}
Build info: version: '4.11.0', revision: '040bc5406b'
System info: os.name: 'Windows 10', os.arch: 'amd64', os.version: '10.0', java.version: '11.0.18'
Driver info: driver.version: unknown
	at org.openqa.selenium.devtools.Connection.handle(Connection.java:260)
	... 5 more

Exception in thread "CDP Connection" org.openqa.selenium.devtools.DevToolsException: {"id":2754,"error":{"code":-32602,"message":"Invalid InterceptionId."},"sessionId":"69DE6D1A85B5D627489871F60443E14A"}
Build info: version: '4.11.0', revision: '040bc5406b'
System info: os.name: 'Windows 10', os.arch: 'amd64', os.version: '10.0', java.version: '11.0.18'
Driver info: driver.version: unknown
	at org.openqa.selenium.devtools.Connection$Listener.lambda$onText$0(Connection.java:227)
	at java.base/java.util.concurrent.ThreadPoolExecutor.runWorker(ThreadPoolExecutor.java:1128)
	at java.base/java.util.concurrent.ThreadPoolExecutor$Worker.run(ThreadPoolExecutor.java:628)
	at java.base/java.lang.Thread.run(Thread.java:829)
Caused by: org.openqa.selenium.devtools.DevToolsException: {"id":2754,"error":{"code":-32602,"message":"Invalid InterceptionId."},"sessionId":"69DE6D1A85B5D627489871F60443E14A"}
Build info: version: '4.11.0', revision: '040bc5406b'
System info: os.name: 'Windows 10', os.arch: 'amd64', os.version: '10.0', java.version: '11.0.18'
Driver info: driver.version: unknown
	at org.openqa.selenium.devtools.Connection.sendAndWait(Connection.java:181)
	at org.openqa.selenium.devtools.DevTools.send(DevTools.java:81)
	at org.openqa.selenium.devtools.idealized.Network.lambda$prepareToInterceptTraffic$4(Network.java:194)
	at org.openqa.selenium.devtools.Connection.lambda$handle$4(Connection.java:321)
	at java.base/java.util.stream.ForEachOps$ForEachOp$OfRef.accept(ForEachOps.java:183)
	at java.base/java.util.stream.ReferencePipeline$2$1.accept(ReferencePipeline.java:177)
	at java.base/java.util.stream.ReferencePipeline$11$1.accept(ReferencePipeline.java:442)
	at java.base/java.util.HashMap$KeySpliterator.forEachRemaining(HashMap.java:1621)
	at java.base/java.util.stream.AbstractPipeline.copyInto(AbstractPipeline.java:484)
	at java.base/java.util.stream.AbstractPipeline.wrapAndCopyInto(AbstractPipeline.java:474)
	at java.base/java.util.stream.ForEachOps$ForEachOp.evaluateSequential(ForEachOps.java:150)
	at java.base/java.util.stream.ForEachOps$ForEachOp$OfRef.evaluateSequential(ForEachOps.java:173)
	at java.base/java.util.stream.AbstractPipeline.evaluate(AbstractPipeline.java:234)
	at java.base/java.util.stream.ReferencePipeline.forEach(ReferencePipeline.java:497)
	at org.openqa.selenium.devtools.Connection.handle(Connection.java:287)
	at org.openqa.selenium.devtools.Connection.access$200(Connection.java:57)
	at org.openqa.selenium.devtools.Connection$Listener.lambda$onText$0(Connection.java:224)
авг. 16, 2023 4:23:29 PM org.openqa.selenium.devtools.Connection$Listener lambda$onText$0
WARNING: Unable to process: {"method":"Fetch.requestPaused","params":{"requestId":"interception-job-445.0","request":{"url":"http://localhost:8080/static/media/marrakech.869b2a02.jpg","method":"GET","headers":{"Accept":"image/avif,image/webp,image/apng,image/svg+xml,image/*,*/*;q=0.8","Referer":"http://localhost:8080/","User-Agent":"Mozilla/5.0 (Windows NT 10.0; Win64; x64) AppleWebKit/537.36 (KHTML, like Gecko) Chrome/116.0.0.0 Safari/537.36","sec-ch-ua":"\"Chromium\";v=\"116\", \"Not)A;Brand\";v=\"24\", \"Google Chrome\";v=\"116\"","sec-ch-ua-mobile":"?0","sec-ch-ua-platform":"\"Windows\""},"initialPriority":"Low","referrerPolicy":"strict-origin-when-cross-origin"},"frameId":"D165F02B89151667DFD1BF49856829E7","resourceType":"Image"},"sessionId":"69DE6D1A85B5D627489871F60443E14A"}
org.openqa.selenium.devtools.DevToolsException: {"id":2755,"error":{"code":-32602,"message":"Invalid InterceptionId."},"sessionId":"69DE6D1A85B5D627489871F60443E14A"}
Build info: version: '4.11.0', revision: '040bc5406b'
System info: os.name: 'Windows 10', os.arch: 'amd64', os.version: '10.0', java.version: '11.0.18'
Driver info: driver.version: unknown
	at org.openqa.selenium.devtools.Connection.sendAndWait(Connection.java:181)
	at org.openqa.selenium.devtools.DevTools.send(DevTools.java:81)
	at org.openqa.selenium.devtools.idealized.Network.lambda$prepareToInterceptTraffic$3(Network.java:211)
	at org.openqa.selenium.remote.http.Filter.lambda$andFinally$1(Filter.java:55)
	at org.openqa.selenium.devtools.idealized.Network.lambda$prepareToInterceptTraffic$4(Network.java:226)
	at org.openqa.selenium.devtools.Connection.lambda$handle$4(Connection.java:321)
	at java.base/java.util.stream.ForEachOps$ForEachOp$OfRef.accept(ForEachOps.java:183)
	at java.base/java.util.stream.ReferencePipeline$2$1.accept(ReferencePipeline.java:177)
	at java.base/java.util.stream.ReferencePipeline$11$1.accept(ReferencePipeline.java:442)
	at java.base/java.util.HashMap$KeySpliterator.forEachRemaining(HashMap.java:1621)
	at java.base/java.util.stream.AbstractPipeline.copyInto(AbstractPipeline.java:484)
	at java.base/java.util.stream.AbstractPipeline.wrapAndCopyInto(AbstractPipeline.java:474)
	at java.base/java.util.stream.ForEachOps$ForEachOp.evaluateSequential(ForEachOps.java:150)
	at java.base/java.util.stream.ForEachOps$ForEachOp$OfRef.evaluateSequential(ForEachOps.java:173)
	at java.base/java.util.stream.AbstractPipeline.evaluate(AbstractPipeline.java:234)
	at java.base/java.util.stream.ReferencePipeline.forEach(ReferencePipeline.java:497)
	at org.openqa.selenium.devtools.Connection.handle(Connection.java:287)
	at org.openqa.selenium.devtools.Connection.access$200(Connection.java:57)
	at org.openqa.selenium.devtools.Connection$Listener.lambda$onText$0(Connection.java:224)
	at java.base/java.util.concurrent.ThreadPoolExecutor.runWorker(ThreadPoolExecutor.java:1128)
	at java.base/java.util.concurrent.ThreadPoolExecutor$Worker.run(ThreadPoolExecutor.java:628)
	at java.base/java.lang.Thread.run(Thread.java:829)
Caused by: org.openqa.selenium.WebDriverException: {"id":2755,"error":{"code":-32602,"message":"Invalid InterceptionId."},"sessionId":"69DE6D1A85B5D627489871F60443E14A"}
Build info: version: '4.11.0', revision: '040bc5406b'
System info: os.name: 'Windows 10', os.arch: 'amd64', os.version: '10.0', java.version: '11.0.18'
Driver info: driver.version: unknown
	at org.openqa.selenium.devtools.Connection.handle(Connection.java:260)
	... 5 more

	... 3 more
Caused by: org.openqa.selenium.WebDriverException: {"id":2754,"error":{"code":-32602,"message":"Invalid InterceptionId."},"sessionId":"69DE6D1A85B5D627489871F60443E14A"}
Build info: version: '4.11.0', revision: '040bc5406b'
System info: os.name: 'Windows 10', os.arch: 'amd64', os.version: '10.0', java.version: '11.0.18'
Driver info: driver.version: unknown
	at org.openqa.selenium.devtools.Connection.handle(Connection.java:260)
	... 5 more
Exception in thread "CDP Connection" org.openqa.selenium.devtools.DevToolsException: {"id":2755,"error":{"code":-32602,"message":"Invalid InterceptionId."},"sessionId":"69DE6D1A85B5D627489871F60443E14A"}
Build info: version: '4.11.0', revision: '040bc5406b'
System info: os.name: 'Windows 10', os.arch: 'amd64', os.version: '10.0', java.version: '11.0.18'
Driver info: driver.version: unknown
	at org.openqa.selenium.devtools.Connection$Listener.lambda$onText$0(Connection.java:227)
	at java.base/java.util.concurrent.ThreadPoolExecutor.runWorker(ThreadPoolExecutor.java:1128)
	at java.base/java.util.concurrent.ThreadPoolExecutor$Worker.run(ThreadPoolExecutor.java:628)
	at java.base/java.lang.Thread.run(Thread.java:829)
Caused by: org.openqa.selenium.devtools.DevToolsException: {"id":2755,"error":{"code":-32602,"message":"Invalid InterceptionId."},"sessionId":"69DE6D1A85B5D627489871F60443E14A"}
Build info: version: '4.11.0', revision: '040bc5406b'
System info: os.name: 'Windows 10', os.arch: 'amd64', os.version: '10.0', java.version: '11.0.18'
Driver info: driver.version: unknown
	at org.openqa.selenium.devtools.Connection.sendAndWait(Connection.java:181)
	at org.openqa.selenium.devtools.DevTools.send(DevTools.java:81)
	at org.openqa.selenium.devtools.idealized.Network.lambda$prepareToInterceptTraffic$3(Network.java:211)
	at org.openqa.selenium.remote.http.Filter.lambda$andFinally$1(Filter.java:55)
	at org.openqa.selenium.devtools.idealized.Network.lambda$prepareToInterceptTraffic$4(Network.java:226)
	at org.openqa.selenium.devtools.Connection.lambda$handle$4(Connection.java:321)
	at java.base/java.util.stream.ForEachOps$ForEachOp$OfRef.accept(ForEachOps.java:183)
	at java.base/java.util.stream.ReferencePipeline$2$1.accept(ReferencePipeline.java:177)
	at java.base/java.util.stream.ReferencePipeline$11$1.accept(ReferencePipeline.java:442)
	at java.base/java.util.HashMap$KeySpliterator.forEachRemaining(HashMap.java:1621)
	at java.base/java.util.stream.AbstractPipeline.copyInto(AbstractPipeline.java:484)
	at java.base/java.util.stream.AbstractPipeline.wrapAndCopyInto(AbstractPipeline.java:474)
	at java.base/java.util.stream.ForEachOps$ForEachOp.evaluateSequential(ForEachOps.java:150)
	at java.base/java.util.stream.ForEachOps$ForEachOp$OfRef.evaluateSequential(ForEachOps.java:173)
	at java.base/java.util.stream.AbstractPipeline.evaluate(AbstractPipeline.java:234)
	at java.base/java.util.stream.ReferencePipeline.forEach(ReferencePipeline.java:497)
	at org.openqa.selenium.devtools.Connection.handle(Connection.java:287)
	at org.openqa.selenium.devtools.Connection.access$200(Connection.java:57)
	at org.openqa.selenium.devtools.Connection$Listener.lambda$onText$0(Connection.java:224)
	... 3 more
Caused by: org.openqa.selenium.WebDriverException: {"id":2755,"error":{"code":-32602,"message":"Invalid InterceptionId."},"sessionId":"69DE6D1A85B5D627489871F60443E14A"}
Build info: version: '4.11.0', revision: '040bc5406b'
System info: os.name: 'Windows 10', os.arch: 'amd64', os.version: '10.0', java.version: '11.0.18'
Driver info: driver.version: unknown
	at org.openqa.selenium.devtools.Connection.handle(Connection.java:260)
	... 5 more
авг. 16, 2023 4:23:29 PM org.openqa.selenium.devtools.Connection$Listener lambda$onText$0
WARNING: Unable to process: {"method":"Fetch.requestPaused","params":{"requestId":"interception-job-446.0","request":{"url":"http://localhost:8080/manifest.json","method":"GET","headers":{"Accept":"*/*","Referer":"http://localhost:8080/","User-Agent":"Mozilla/5.0 (Windows NT 10.0; Win64; x64) AppleWebKit/537.36 (KHTML, like Gecko) Chrome/116.0.0.0 Safari/537.36","sec-ch-ua":"\"Chromium\";v=\"116\", \"Not)A;Brand\";v=\"24\", \"Google Chrome\";v=\"116\"","sec-ch-ua-mobile":"?0","sec-ch-ua-platform":"\"Windows\""},"initialPriority":"Medium","referrerPolicy":"strict-origin-when-cross-origin"},"frameId":"D165F02B89151667DFD1BF49856829E7","resourceType":"Other"},"sessionId":"69DE6D1A85B5D627489871F60443E14A"}
org.openqa.selenium.devtools.DevToolsException: {"id":2761,"error":{"code":-32602,"message":"Invalid InterceptionId."},"sessionId":"69DE6D1A85B5D627489871F60443E14A"}
Build info: version: '4.11.0', revision: '040bc5406b'
System info: os.name: 'Windows 10', os.arch: 'amd64', os.version: '10.0', java.version: '11.0.18'
Driver info: driver.version: unknown
	at org.openqa.selenium.devtools.Connection.sendAndWait(Connection.java:181)
	at org.openqa.selenium.devtools.DevTools.send(DevTools.java:81)
	at org.openqa.selenium.devtools.idealized.Network.lambda$prepareToInterceptTraffic$4(Network.java:233)
	at org.openqa.selenium.devtools.Connection.lambda$handle$4(Connection.java:321)
	at java.base/java.util.stream.ForEachOps$ForEachOp$OfRef.accept(ForEachOps.java:183)
	at java.base/java.util.stream.ReferencePipeline$2$1.accept(ReferencePipeline.java:177)
	at java.base/java.util.stream.ReferencePipeline$11$1.accept(ReferencePipeline.java:442)
	at java.base/java.util.HashMap$KeySpliterator.forEachRemaining(HashMap.java:1621)
	at java.base/java.util.stream.AbstractPipeline.copyInto(AbstractPipeline.java:484)
	at java.base/java.util.stream.AbstractPipeline.wrapAndCopyInto(AbstractPipeline.java:474)
	at java.base/java.util.stream.ForEachOps$ForEachOp.evaluateSequential(ForEachOps.java:150)
	at java.base/java.util.stream.ForEachOps$ForEachOp$OfRef.evaluateSequential(ForEachOps.java:173)
	at java.base/java.util.stream.AbstractPipeline.evaluate(AbstractPipeline.java:234)
	at java.base/java.util.stream.ReferencePipeline.forEach(ReferencePipeline.java:497)
	at org.openqa.selenium.devtools.Connection.handle(Connection.java:287)
	at org.openqa.selenium.devtools.Connection.access$200(Connection.java:57)
	at org.openqa.selenium.devtools.Connection$Listener.lambda$onText$0(Connection.java:224)
	at java.base/java.util.concurrent.ThreadPoolExecutor.runWorker(ThreadPoolExecutor.java:1128)
	at java.base/java.util.concurrent.ThreadPoolExecutor$Worker.run(ThreadPoolExecutor.java:628)
	at java.base/java.lang.Thread.run(Thread.java:829)
Caused by: org.openqa.selenium.WebDriverException: {"id":2761,"error":{"code":-32602,"message":"Invalid InterceptionId."},"sessionId":"69DE6D1A85B5D627489871F60443E14A"}
Build info: version: '4.11.0', revision: '040bc5406b'
System info: os.name: 'Windows 10', os.arch: 'amd64', os.version: '10.0', java.version: '11.0.18'
Driver info: driver.version: unknown
	at org.openqa.selenium.devtools.Connection.handle(Connection.java:260)
	... 5 more

Exception in thread "CDP Connection" org.openqa.selenium.devtools.DevToolsException: {"id":2761,"error":{"code":-32602,"message":"Invalid InterceptionId."},"sessionId":"69DE6D1A85B5D627489871F60443E14A"}
Build info: version: '4.11.0', revision: '040bc5406b'
System info: os.name: 'Windows 10', os.arch: 'amd64', os.version: '10.0', java.version: '11.0.18'
Driver info: driver.version: unknown
	at org.openqa.selenium.devtools.Connection$Listener.lambda$onText$0(Connection.java:227)
	at java.base/java.util.concurrent.ThreadPoolExecutor.runWorker(ThreadPoolExecutor.java:1128)
	at java.base/java.util.concurrent.ThreadPoolExecutor$Worker.run(ThreadPoolExecutor.java:628)
	at java.base/java.lang.Thread.run(Thread.java:829)
Caused by: org.openqa.selenium.devtools.DevToolsException: {"id":2761,"error":{"code":-32602,"message":"Invalid InterceptionId."},"sessionId":"69DE6D1A85B5D627489871F60443E14A"}
Build info: version: '4.11.0', revision: '040bc5406b'
System info: os.name: 'Windows 10', os.arch: 'amd64', os.version: '10.0', java.version: '11.0.18'
Driver info: driver.version: unknown
	at org.openqa.selenium.devtools.Connection.sendAndWait(Connection.java:181)
	at org.openqa.selenium.devtools.DevTools.send(DevTools.java:81)
	at org.openqa.selenium.devtools.idealized.Network.lambda$prepareToInterceptTraffic$4(Network.java:233)
	at org.openqa.selenium.devtools.Connection.lambda$handle$4(Connection.java:321)
	at java.base/java.util.stream.ForEachOps$ForEachOp$OfRef.accept(ForEachOps.java:183)
	at java.base/java.util.stream.ReferencePipeline$2$1.accept(ReferencePipeline.java:177)
	at java.base/java.util.stream.ReferencePipeline$11$1.accept(ReferencePipeline.java:442)
	at java.base/java.util.HashMap$KeySpliterator.forEachRemaining(HashMap.java:1621)
	at java.base/java.util.stream.AbstractPipeline.copyInto(AbstractPipeline.java:484)
	at java.base/java.util.stream.AbstractPipeline.wrapAndCopyInto(AbstractPipeline.java:474)
	at java.base/java.util.stream.ForEachOps$ForEachOp.evaluateSequential(ForEachOps.java:150)
	at java.base/java.util.stream.ForEachOps$ForEachOp$OfRef.evaluateSequential(ForEachOps.java:173)
	at java.base/java.util.stream.AbstractPipeline.evaluate(AbstractPipeline.java:234)
	at java.base/java.util.stream.ReferencePipeline.forEach(ReferencePipeline.java:497)
	at org.openqa.selenium.devtools.Connection.handle(Connection.java:287)
	at org.openqa.selenium.devtools.Connection.access$200(Connection.java:57)
	at org.openqa.selenium.devtools.Connection$Listener.lambda$onText$0(Connection.java:224)
	... 3 more
Caused by: org.openqa.selenium.WebDriverException: {"id":2761,"error":{"code":-32602,"message":"Invalid InterceptionId."},"sessionId":"69DE6D1A85B5D627489871F60443E14A"}
Build info: version: '4.11.0', revision: '040bc5406b'
System info: os.name: 'Windows 10', os.arch: 'amd64', os.version: '10.0', java.version: '11.0.18'
Driver info: driver.version: unknown
	at org.openqa.selenium.devtools.Connection.handle(Connection.java:260)
	... 5 more
авг. 16, 2023 4:23:29 PM org.openqa.selenium.devtools.Connection$Listener lambda$onText$0
WARNING: Unable to process: {"method":"Fetch.requestPaused","params":{"requestId":"interception-job-446.0","request":{"url":"http://localhost:8080/manifest.json","method":"GET","headers":{"Accept":"*/*","Referer":"http://localhost:8080/","User-Agent":"Mozilla/5.0 (Windows NT 10.0; Win64; x64) AppleWebKit/537.36 (KHTML, like Gecko) Chrome/116.0.0.0 Safari/537.36","sec-ch-ua":"\"Chromium\";v=\"116\", \"Not)A;Brand\";v=\"24\", \"Google Chrome\";v=\"116\"","sec-ch-ua-mobile":"?0","sec-ch-ua-platform":"\"Windows\""},"initialPriority":"Medium","referrerPolicy":"unsafe-url"},"frameId":"D165F02B89151667DFD1BF49856829E7","resourceType":"Other","responseStatusCode":200,"responseStatusText":"","responseHeaders":[{"name":"Vary","value":"Origin"},{"name":"Vary","value":"Access-Control-Request-Method"},{"name":"Vary","value":"Access-Control-Request-Headers"},{"name":"Last-Modified","value":"Thu, 03 Aug 2023 10:18:16 GMT"},{"name":"Accept-Ranges","value":"bytes"},{"name":"Content-Type","value":"application/json"},{"name":"Content-Length","value":"492"},{"name":"Date","value":"Wed, 16 Aug 2023 13:20:22 GMT"}]},"sessionId":"69DE6D1A85B5D627489871F60443E14A"}
org.openqa.selenium.devtools.DevToolsException: {"id":2765,"error":{"code":-32602,"message":"Invalid InterceptionId."},"sessionId":"69DE6D1A85B5D627489871F60443E14A"}
Build info: version: '4.11.0', revision: '040bc5406b'
System info: os.name: 'Windows 10', os.arch: 'amd64', os.version: '10.0', java.version: '11.0.18'
Driver info: driver.version: unknown
	at org.openqa.selenium.devtools.Connection.sendAndWait(Connection.java:181)
	at org.openqa.selenium.devtools.DevTools.send(DevTools.java:81)
	at org.openqa.selenium.devtools.idealized.Network.lambda$prepareToInterceptTraffic$4(Network.java:194)
	at org.openqa.selenium.devtools.Connection.lambda$handle$4(Connection.java:321)
	at java.base/java.util.stream.ForEachOps$ForEachOp$OfRef.accept(ForEachOps.java:183)
	at java.base/java.util.stream.ReferencePipeline$2$1.accept(ReferencePipeline.java:177)
	at java.base/java.util.stream.ReferencePipeline$11$1.accept(ReferencePipeline.java:442)
	at java.base/java.util.HashMap$KeySpliterator.forEachRemaining(HashMap.java:1621)
	at java.base/java.util.stream.AbstractPipeline.copyInto(AbstractPipeline.java:484)
	at java.base/java.util.stream.AbstractPipeline.wrapAndCopyInto(AbstractPipeline.java:474)
	at java.base/java.util.stream.ForEachOps$ForEachOp.evaluateSequential(ForEachOps.java:150)
	at java.base/java.util.stream.ForEachOps$ForEachOp$OfRef.evaluateSequential(ForEachOps.java:173)
	at java.base/java.util.stream.AbstractPipeline.evaluate(AbstractPipeline.java:234)
	at java.base/java.util.stream.ReferencePipeline.forEach(ReferencePipeline.java:497)
	at org.openqa.selenium.devtools.Connection.handle(Connection.java:287)
	at org.openqa.selenium.devtools.Connection.access$200(Connection.java:57)
	at org.openqa.selenium.devtools.Connection$Listener.lambda$onText$0(Connection.java:224)
	at java.base/java.util.concurrent.ThreadPoolExecutor.runWorker(ThreadPoolExecutor.java:1128)
	at java.base/java.util.concurrent.ThreadPoolExecutor$Worker.run(ThreadPoolExecutor.java:628)
	at java.base/java.lang.Thread.run(Thread.java:829)
Caused by: org.openqa.selenium.WebDriverException: {"id":2765,"error":{"code":-32602,"message":"Invalid InterceptionId."},"sessionId":"69DE6D1A85B5D627489871F60443E14A"}
Build info: version: '4.11.0', revision: '040bc5406b'
System info: os.name: 'Windows 10', os.arch: 'amd64', os.version: '10.0', java.version: '11.0.18'
Driver info: driver.version: unknown
	at org.openqa.selenium.devtools.Connection.handle(Connection.java:260)
	... 5 more

Exception in thread "CDP Connection" org.openqa.selenium.devtools.DevToolsException: {"id":2765,"error":{"code":-32602,"message":"Invalid InterceptionId."},"sessionId":"69DE6D1A85B5D627489871F60443E14A"}
Build info: version: '4.11.0', revision: '040bc5406b'
System info: os.name: 'Windows 10', os.arch: 'amd64', os.version: '10.0', java.version: '11.0.18'
Driver info: driver.version: unknown
	at org.openqa.selenium.devtools.Connection$Listener.lambda$onText$0(Connection.java:227)
	at java.base/java.util.concurrent.ThreadPoolExecutor.runWorker(ThreadPoolExecutor.java:1128)
	at java.base/java.util.concurrent.ThreadPoolExecutor$Worker.run(ThreadPoolExecutor.java:628)
	at java.base/java.lang.Thread.run(Thread.java:829)
Caused by: org.openqa.selenium.devtools.DevToolsException: {"id":2765,"error":{"code":-32602,"message":"Invalid InterceptionId."},"sessionId":"69DE6D1A85B5D627489871F60443E14A"}
Build info: version: '4.11.0', revision: '040bc5406b'
System info: os.name: 'Windows 10', os.arch: 'amd64', os.version: '10.0', java.version: '11.0.18'
Driver info: driver.version: unknown
	at org.openqa.selenium.devtools.Connection.sendAndWait(Connection.java:181)
	at org.openqa.selenium.devtools.DevTools.send(DevTools.java:81)
	at org.openqa.selenium.devtools.idealized.Network.lambda$prepareToInterceptTraffic$4(Network.java:194)
	at org.openqa.selenium.devtools.Connection.lambda$handle$4(Connection.java:321)
	at java.base/java.util.stream.ForEachOps$ForEachOp$OfRef.accept(ForEachOps.java:183)
	at java.base/java.util.stream.ReferencePipeline$2$1.accept(ReferencePipeline.java:177)
	at java.base/java.util.stream.ReferencePipeline$11$1.accept(ReferencePipeline.java:442)
	at java.base/java.util.HashMap$KeySpliterator.forEachRemaining(HashMap.java:1621)
	at java.base/java.util.stream.AbstractPipeline.copyInto(AbstractPipeline.java:484)
	at java.base/java.util.stream.AbstractPipeline.wrapAndCopyInto(AbstractPipeline.java:474)
	at java.base/java.util.stream.ForEachOps$ForEachOp.evaluateSequential(ForEachOps.java:150)
	at java.base/java.util.stream.ForEachOps$ForEachOp$OfRef.evaluateSequential(ForEachOps.java:173)
	at java.base/java.util.stream.AbstractPipeline.evaluate(AbstractPipeline.java:234)
	at java.base/java.util.stream.ReferencePipeline.forEach(ReferencePipeline.java:497)
	at org.openqa.selenium.devtools.Connection.handle(Connection.java:287)
	at org.openqa.selenium.devtools.Connection.access$200(Connection.java:57)
	at org.openqa.selenium.devtools.Connection$Listener.lambda$onText$0(Connection.java:224)
	... 3 more
Caused by: org.openqa.selenium.WebDriverException: {"id":2765,"error":{"code":-32602,"message":"Invalid InterceptionId."},"sessionId":"69DE6D1A85B5D627489871F60443E14A"}
Build info: version: '4.11.0', revision: '040bc5406b'
System info: os.name: 'Windows 10', os.arch: 'amd64', os.version: '10.0', java.version: '11.0.18'
Driver info: driver.version: unknown
	at org.openqa.selenium.devtools.Connection.handle(Connection.java:260)
	... 5 more
авг. 16, 2023 4:23:29 PM org.openqa.selenium.devtools.Connection$Listener lambda$onText$0
WARNING: Unable to process: {"method":"Fetch.requestPaused","params":{"requestId":"interception-job-447.0","request":{"url":"http://localhost:8080/favicon.ico","method":"GET","headers":{"Accept":"image/avif,image/webp,image/apng,image/svg+xml,image/*,*/*;q=0.8","Referer":"http://localhost:8080/","User-Agent":"Mozilla/5.0 (Windows NT 10.0; Win64; x64) AppleWebKit/537.36 (KHTML, like Gecko) Chrome/116.0.0.0 Safari/537.36","sec-ch-ua":"\"Chromium\";v=\"116\", \"Not)A;Brand\";v=\"24\", \"Google Chrome\";v=\"116\"","sec-ch-ua-mobile":"?0","sec-ch-ua-platform":"\"Windows\""},"initialPriority":"High","referrerPolicy":"unsafe-url"},"frameId":"D165F02B89151667DFD1BF49856829E7","resourceType":"Other","responseStatusCode":200,"responseStatusText":"","responseHeaders":[{"name":"Vary","value":"Origin"},{"name":"Vary","value":"Access-Control-Request-Method"},{"name":"Vary","value":"Access-Control-Request-Headers"},{"name":"Last-Modified","value":"Thu, 03 Aug 2023 10:18:16 GMT"},{"name":"Accept-Ranges","value":"bytes"},{"name":"Content-Type","value":"image/x-icon"},{"name":"Content-Length","value":"4286"},{"name":"Date","value":"Wed, 16 Aug 2023 13:20:23 GMT"}]},"sessionId":"69DE6D1A85B5D627489871F60443E14A"}
org.openqa.selenium.devtools.DevToolsException: {"id":2768,"error":{"code":-32602,"message":"Invalid InterceptionId."},"sessionId":"69DE6D1A85B5D627489871F60443E14A"}
Build info: version: '4.11.0', revision: '040bc5406b'
System info: os.name: 'Windows 10', os.arch: 'amd64', os.version: '10.0', java.version: '11.0.18'
Driver info: driver.version: unknown
	at org.openqa.selenium.devtools.Connection.sendAndWait(Connection.java:181)
	at org.openqa.selenium.devtools.DevTools.send(DevTools.java:81)
	at org.openqa.selenium.devtools.idealized.Network.lambda$prepareToInterceptTraffic$4(Network.java:194)
	at org.openqa.selenium.devtools.Connection.lambda$handle$4(Connection.java:321)
	at java.base/java.util.stream.ForEachOps$ForEachOp$OfRef.accept(ForEachOps.java:183)
	at java.base/java.util.stream.ReferencePipeline$2$1.accept(ReferencePipeline.java:177)
	at java.base/java.util.stream.ReferencePipeline$11$1.accept(ReferencePipeline.java:442)
	at java.base/java.util.HashMap$KeySpliterator.forEachRemaining(HashMap.java:1621)
	at java.base/java.util.stream.AbstractPipeline.copyInto(AbstractPipeline.java:484)
	at java.base/java.util.stream.AbstractPipeline.wrapAndCopyInto(AbstractPipeline.java:474)
	at java.base/java.util.stream.ForEachOps$ForEachOp.evaluateSequential(ForEachOps.java:150)
	at java.base/java.util.stream.ForEachOps$ForEachOp$OfRef.evaluateSequential(ForEachOps.java:173)
	at java.base/java.util.stream.AbstractPipeline.evaluate(AbstractPipeline.java:234)
	at java.base/java.util.stream.ReferencePipeline.forEach(ReferencePipeline.java:497)
	at org.openqa.selenium.devtools.Connection.handle(Connection.java:287)
	at org.openqa.selenium.devtools.Connection.access$200(Connection.java:57)
	at org.openqa.selenium.devtools.Connection$Listener.lambda$onText$0(Connection.java:224)
	at java.base/java.util.concurrent.ThreadPoolExecutor.runWorker(ThreadPoolExecutor.java:1128)
	at java.base/java.util.concurrent.ThreadPoolExecutor$Worker.run(ThreadPoolExecutor.java:628)
	at java.base/java.lang.Thread.run(Thread.java:829)
Caused by: org.openqa.selenium.WebDriverException: {"id":2768,"error":{"code":-32602,"message":"Invalid InterceptionId."},"sessionId":"69DE6D1A85B5D627489871F60443E14A"}
Build info: version: '4.11.0', revision: '040bc5406b'
System info: os.name: 'Windows 10', os.arch: 'amd64', os.version: '10.0', java.version: '11.0.18'
Driver info: driver.version: unknown
	at org.openqa.selenium.devtools.Connection.handle(Connection.java:260)
	... 5 more

Exception in thread "CDP Connection" org.openqa.selenium.devtools.DevToolsException: {"id":2768,"error":{"code":-32602,"message":"Invalid InterceptionId."},"sessionId":"69DE6D1A85B5D627489871F60443E14A"}
Build info: version: '4.11.0', revision: '040bc5406b'
System info: os.name: 'Windows 10', os.arch: 'amd64', os.version: '10.0', java.version: '11.0.18'
Driver info: driver.version: unknown
	at org.openqa.selenium.devtools.Connection$Listener.lambda$onText$0(Connection.java:227)
	at java.base/java.util.concurrent.ThreadPoolExecutor.runWorker(ThreadPoolExecutor.java:1128)
	at java.base/java.util.concurrent.ThreadPoolExecutor$Worker.run(ThreadPoolExecutor.java:628)
	at java.base/java.lang.Thread.run(Thread.java:829)
Caused by: org.openqa.selenium.devtools.DevToolsException: {"id":2768,"error":{"code":-32602,"message":"Invalid InterceptionId."},"sessionId":"69DE6D1A85B5D627489871F60443E14A"}
Build info: version: '4.11.0', revision: '040bc5406b'
System info: os.name: 'Windows 10', os.arch: 'amd64', os.version: '10.0', java.version: '11.0.18'
Driver info: driver.version: unknown
	at org.openqa.selenium.devtools.Connection.sendAndWait(Connection.java:181)
	at org.openqa.selenium.devtools.DevTools.send(DevTools.java:81)
	at org.openqa.selenium.devtools.idealized.Network.lambda$prepareToInterceptTraffic$4(Network.java:194)
	at org.openqa.selenium.devtools.Connection.lambda$handle$4(Connection.java:321)
	at java.base/java.util.stream.ForEachOps$ForEachOp$OfRef.accept(ForEachOps.java:183)
	at java.base/java.util.stream.ReferencePipeline$2$1.accept(ReferencePipeline.java:177)
	at java.base/java.util.stream.ReferencePipeline$11$1.accept(ReferencePipeline.java:442)
	at java.base/java.util.HashMap$KeySpliterator.forEachRemaining(HashMap.java:1621)
	at java.base/java.util.stream.AbstractPipeline.copyInto(AbstractPipeline.java:484)
	at java.base/java.util.stream.AbstractPipeline.wrapAndCopyInto(AbstractPipeline.java:474)
	at java.base/java.util.stream.ForEachOps$ForEachOp.evaluateSequential(ForEachOps.java:150)
	at java.base/java.util.stream.ForEachOps$ForEachOp$OfRef.evaluateSequential(ForEachOps.java:173)
	at java.base/java.util.stream.AbstractPipeline.evaluate(AbstractPipeline.java:234)
	at java.base/java.util.stream.ReferencePipeline.forEach(ReferencePipeline.java:497)
	at org.openqa.selenium.devtools.Connection.handle(Connection.java:287)
	at org.openqa.selenium.devtools.Connection.access$200(Connection.java:57)
	at org.openqa.selenium.devtools.Connection$Listener.lambda$onText$0(Connection.java:224)
	... 3 more
Caused by: org.openqa.selenium.WebDriverException: {"id":2768,"error":{"code":-32602,"message":"Invalid InterceptionId."},"sessionId":"69DE6D1A85B5D627489871F60443E14A"}
Build info: version: '4.11.0', revision: '040bc5406b'
System info: os.name: 'Windows 10', os.arch: 'amd64', os.version: '10.0', java.version: '11.0.18'
Driver info: driver.version: unknown
	at org.openqa.selenium.devtools.Connection.handle(Connection.java:260)
	... 5 more
авг. 16, 2023 4:23:29 PM org.openqa.selenium.devtools.Connection$Listener lambda$onText$0
WARNING: Unable to process: {"method":"Fetch.requestPaused","params":{"requestId":"interception-job-447.0","request":{"url":"http://localhost:8080/favicon.ico","method":"GET","headers":{"Accept":"image/avif,image/webp,image/apng,image/svg+xml,image/*,*/*;q=0.8","Referer":"http://localhost:8080/","User-Agent":"Mozilla/5.0 (Windows NT 10.0; Win64; x64) AppleWebKit/537.36 (KHTML, like Gecko) Chrome/116.0.0.0 Safari/537.36","sec-ch-ua":"\"Chromium\";v=\"116\", \"Not)A;Brand\";v=\"24\", \"Google Chrome\";v=\"116\"","sec-ch-ua-mobile":"?0","sec-ch-ua-platform":"\"Windows\""},"initialPriority":"High","referrerPolicy":"strict-origin-when-cross-origin"},"frameId":"D165F02B89151667DFD1BF49856829E7","resourceType":"Other"},"sessionId":"69DE6D1A85B5D627489871F60443E14A"}
org.openqa.selenium.devtools.DevToolsException: {"id":2769,"error":{"code":-32602,"message":"Invalid InterceptionId."},"sessionId":"69DE6D1A85B5D627489871F60443E14A"}
Build info: version: '4.11.0', revision: '040bc5406b'
System info: os.name: 'Windows 10', os.arch: 'amd64', os.version: '10.0', java.version: '11.0.18'
Driver info: driver.version: unknown
	at org.openqa.selenium.devtools.Connection.sendAndWait(Connection.java:181)
	at org.openqa.selenium.devtools.DevTools.send(DevTools.java:81)
	at org.openqa.selenium.devtools.idealized.Network.lambda$prepareToInterceptTraffic$3(Network.java:211)
	at org.openqa.selenium.remote.http.Filter.lambda$andFinally$1(Filter.java:55)
	at org.openqa.selenium.devtools.idealized.Network.lambda$prepareToInterceptTraffic$4(Network.java:226)
	at org.openqa.selenium.devtools.Connection.lambda$handle$4(Connection.java:321)
	at java.base/java.util.stream.ForEachOps$ForEachOp$OfRef.accept(ForEachOps.java:183)
	at java.base/java.util.stream.ReferencePipeline$2$1.accept(ReferencePipeline.java:177)
	at java.base/java.util.stream.ReferencePipeline$11$1.accept(ReferencePipeline.java:442)
	at java.base/java.util.HashMap$KeySpliterator.forEachRemaining(HashMap.java:1621)
	at java.base/java.util.stream.AbstractPipeline.copyInto(AbstractPipeline.java:484)
	at java.base/java.util.stream.AbstractPipeline.wrapAndCopyInto(AbstractPipeline.java:474)
	at java.base/java.util.stream.ForEachOps$ForEachOp.evaluateSequential(ForEachOps.java:150)
	at java.base/java.util.stream.ForEachOps$ForEachOp$OfRef.evaluateSequential(ForEachOps.java:173)
	at java.base/java.util.stream.AbstractPipeline.evaluate(AbstractPipeline.java:234)
	at java.base/java.util.stream.ReferencePipeline.forEach(ReferencePipeline.java:497)
	at org.openqa.selenium.devtools.Connection.handle(Connection.java:287)
	at org.openqa.selenium.devtools.Connection.access$200(Connection.java:57)
	at org.openqa.selenium.devtools.Connection$Listener.lambda$onText$0(Connection.java:224)
	at java.base/java.util.concurrent.ThreadPoolExecutor.runWorker(ThreadPoolExecutor.java:1128)
	at java.base/java.util.concurrent.ThreadPoolExecutor$Worker.run(ThreadPoolExecutor.java:628)
	at java.base/java.lang.Thread.run(Thread.java:829)
Caused by: org.openqa.selenium.WebDriverException: {"id":2769,"error":{"code":-32602,"message":"Invalid InterceptionId."},"sessionId":"69DE6D1A85B5D627489871F60443E14A"}
Build info: version: '4.11.0', revision: '040bc5406b'
System info: os.name: 'Windows 10', os.arch: 'amd64', os.version: '10.0', java.version: '11.0.18'
Driver info: driver.version: unknown
	at org.openqa.selenium.devtools.Connection.handle(Connection.java:260)
	... 5 more

Exception in thread "CDP Connection" org.openqa.selenium.devtools.DevToolsException: {"id":2769,"error":{"code":-32602,"message":"Invalid InterceptionId."},"sessionId":"69DE6D1A85B5D627489871F60443E14A"}
Build info: version: '4.11.0', revision: '040bc5406b'
System info: os.name: 'Windows 10', os.arch: 'amd64', os.version: '10.0', java.version: '11.0.18'
Driver info: driver.version: unknown
	at org.openqa.selenium.devtools.Connection$Listener.lambda$onText$0(Connection.java:227)
	at java.base/java.util.concurrent.ThreadPoolExecutor.runWorker(ThreadPoolExecutor.java:1128)
	at java.base/java.util.concurrent.ThreadPoolExecutor$Worker.run(ThreadPoolExecutor.java:628)
	at java.base/java.lang.Thread.run(Thread.java:829)
Caused by: org.openqa.selenium.devtools.DevToolsException: {"id":2769,"error":{"code":-32602,"message":"Invalid InterceptionId."},"sessionId":"69DE6D1A85B5D627489871F60443E14A"}
Build info: version: '4.11.0', revision: '040bc5406b'
System info: os.name: 'Windows 10', os.arch: 'amd64', os.version: '10.0', java.version: '11.0.18'
Driver info: driver.version: unknown
	at org.openqa.selenium.devtools.Connection.sendAndWait(Connection.java:181)
	at org.openqa.selenium.devtools.DevTools.send(DevTools.java:81)
	at org.openqa.selenium.devtools.idealized.Network.lambda$prepareToInterceptTraffic$3(Network.java:211)
	at org.openqa.selenium.remote.http.Filter.lambda$andFinally$1(Filter.java:55)
	at org.openqa.selenium.devtools.idealized.Network.lambda$prepareToInterceptTraffic$4(Network.java:226)
	at org.openqa.selenium.devtools.Connection.lambda$handle$4(Connection.java:321)
	at java.base/java.util.stream.ForEachOps$ForEachOp$OfRef.accept(ForEachOps.java:183)
	at java.base/java.util.stream.ReferencePipeline$2$1.accept(ReferencePipeline.java:177)
	at java.base/java.util.stream.ReferencePipeline$11$1.accept(ReferencePipeline.java:442)
	at java.base/java.util.HashMap$KeySpliterator.forEachRemaining(HashMap.java:1621)
	at java.base/java.util.stream.AbstractPipeline.copyInto(AbstractPipeline.java:484)
	at java.base/java.util.stream.AbstractPipeline.wrapAndCopyInto(AbstractPipeline.java:474)
	at java.base/java.util.stream.ForEachOps$ForEachOp.evaluateSequential(ForEachOps.java:150)
	at java.base/java.util.stream.ForEachOps$ForEachOp$OfRef.evaluateSequential(ForEachOps.java:173)
	at java.base/java.util.stream.AbstractPipeline.evaluate(AbstractPipeline.java:234)
	at java.base/java.util.stream.ReferencePipeline.forEach(ReferencePipeline.java:497)
	at org.openqa.selenium.devtools.Connection.handle(Connection.java:287)
	at org.openqa.selenium.devtools.Connection.access$200(Connection.java:57)
	at org.openqa.selenium.devtools.Connection$Listener.lambda$onText$0(Connection.java:224)
	... 3 more
Caused by: org.openqa.selenium.WebDriverException: {"id":2769,"error":{"code":-32602,"message":"Invalid InterceptionId."},"sessionId":"69DE6D1A85B5D627489871F60443E14A"}
Build info: version: '4.11.0', revision: '040bc5406b'
System info: os.name: 'Windows 10', os.arch: 'amd64', os.version: '10.0', java.version: '11.0.18'
Driver info: driver.version: unknown
	at org.openqa.selenium.devtools.Connection.handle(Connection.java:260)
	... 5 more
авг. 16, 2023 4:23:29 PM org.openqa.selenium.devtools.Connection$Listener lambda$onText$0
WARNING: Unable to process: {"method":"Fetch.requestPaused","params":{"requestId":"interception-job-448.0","request":{"url":"http://localhost:8080/logo192.png","method":"GET","headers":{"Accept":"image/avif,image/webp,image/apng,image/svg+xml,image/*,*/*;q=0.8","Referer":"http://localhost:8080/","User-Agent":"Mozilla/5.0 (Windows NT 10.0; Win64; x64) AppleWebKit/537.36 (KHTML, like Gecko) Chrome/116.0.0.0 Safari/537.36","sec-ch-ua":"\"Chromium\";v=\"116\", \"Not)A;Brand\";v=\"24\", \"Google Chrome\";v=\"116\"","sec-ch-ua-mobile":"?0","sec-ch-ua-platform":"\"Windows\""},"initialPriority":"High","referrerPolicy":"unsafe-url"},"frameId":"D165F02B89151667DFD1BF49856829E7","resourceType":"Image","responseStatusCode":200,"responseStatusText":"","responseHeaders":[{"name":"Vary","value":"Origin"},{"name":"Vary","value":"Access-Control-Request-Method"},{"name":"Vary","value":"Access-Control-Request-Headers"},{"name":"Last-Modified","value":"Thu, 03 Aug 2023 10:18:16 GMT"},{"name":"Accept-Ranges","value":"bytes"},{"name":"Content-Type","value":"image/png"},{"name":"Content-Length","value":"8581"},{"name":"Date","value":"Wed, 16 Aug 2023 13:20:23 GMT"}]},"sessionId":"69DE6D1A85B5D627489871F60443E14A"}
org.openqa.selenium.devtools.DevToolsException: {"id":2773,"error":{"code":-32602,"message":"Invalid InterceptionId."},"sessionId":"69DE6D1A85B5D627489871F60443E14A"}
Build info: version: '4.11.0', revision: '040bc5406b'
System info: os.name: 'Windows 10', os.arch: 'amd64', os.version: '10.0', java.version: '11.0.18'
Driver info: driver.version: unknown
	at org.openqa.selenium.devtools.Connection.sendAndWait(Connection.java:181)
	at org.openqa.selenium.devtools.DevTools.send(DevTools.java:81)
	at org.openqa.selenium.devtools.idealized.Network.lambda$prepareToInterceptTraffic$4(Network.java:194)
	at org.openqa.selenium.devtools.Connection.lambda$handle$4(Connection.java:321)
	at java.base/java.util.stream.ForEachOps$ForEachOp$OfRef.accept(ForEachOps.java:183)
	at java.base/java.util.stream.ReferencePipeline$2$1.accept(ReferencePipeline.java:177)
	at java.base/java.util.stream.ReferencePipeline$11$1.accept(ReferencePipeline.java:442)
	at java.base/java.util.HashMap$KeySpliterator.forEachRemaining(HashMap.java:1621)
	at java.base/java.util.stream.AbstractPipeline.copyInto(AbstractPipeline.java:484)
	at java.base/java.util.stream.AbstractPipeline.wrapAndCopyInto(AbstractPipeline.java:474)
	at java.base/java.util.stream.ForEachOps$ForEachOp.evaluateSequential(ForEachOps.java:150)
	at java.base/java.util.stream.ForEachOps$ForEachOp$OfRef.evaluateSequential(ForEachOps.java:173)
	at java.base/java.util.stream.AbstractPipeline.evaluate(AbstractPipeline.java:234)
	at java.base/java.util.stream.ReferencePipeline.forEach(ReferencePipeline.java:497)
	at org.openqa.selenium.devtools.Connection.handle(Connection.java:287)
	at org.openqa.selenium.devtools.Connection.access$200(Connection.java:57)
	at org.openqa.selenium.devtools.Connection$Listener.lambda$onText$0(Connection.java:224)
	at java.base/java.util.concurrent.ThreadPoolExecutor.runWorker(ThreadPoolExecutor.java:1128)
	at java.base/java.util.concurrent.ThreadPoolExecutor$Worker.run(ThreadPoolExecutor.java:628)
	at java.base/java.lang.Thread.run(Thread.java:829)
Caused by: org.openqa.selenium.WebDriverException: {"id":2773,"error":{"code":-32602,"message":"Invalid InterceptionId."},"sessionId":"69DE6D1A85B5D627489871F60443E14A"}
Build info: version: '4.11.0', revision: '040bc5406b'
System info: os.name: 'Windows 10', os.arch: 'amd64', os.version: '10.0', java.version: '11.0.18'
Driver info: driver.version: unknown
	at org.openqa.selenium.devtools.Connection.handle(Connection.java:260)
	... 5 more

Exception in thread "CDP Connection" org.openqa.selenium.devtools.DevToolsException: {"id":2773,"error":{"code":-32602,"message":"Invalid InterceptionId."},"sessionId":"69DE6D1A85B5D627489871F60443E14A"}
Build info: version: '4.11.0', revision: '040bc5406b'
System info: os.name: 'Windows 10', os.arch: 'amd64', os.version: '10.0', java.version: '11.0.18'
Driver info: driver.version: unknown
	at org.openqa.selenium.devtools.Connection$Listener.lambda$onText$0(Connection.java:227)
	at java.base/java.util.concurrent.ThreadPoolExecutor.runWorker(ThreadPoolExecutor.java:1128)
	at java.base/java.util.concurrent.ThreadPoolExecutor$Worker.run(ThreadPoolExecutor.java:628)
	at java.base/java.lang.Thread.run(Thread.java:829)
Caused by: org.openqa.selenium.devtools.DevToolsException: {"id":2773,"error":{"code":-32602,"message":"Invalid InterceptionId."},"sessionId":"69DE6D1A85B5D627489871F60443E14A"}
Build info: version: '4.11.0', revision: '040bc5406b'
System info: os.name: 'Windows 10', os.arch: 'amd64', os.version: '10.0', java.version: '11.0.18'
Driver info: driver.version: unknown
	at org.openqa.selenium.devtools.Connection.sendAndWait(Connection.java:181)
	at org.openqa.selenium.devtools.DevTools.send(DevTools.java:81)
	at org.openqa.selenium.devtools.idealized.Network.lambda$prepareToInterceptTraffic$4(Network.java:194)
	at org.openqa.selenium.devtools.Connection.lambda$handle$4(Connection.java:321)
	at java.base/java.util.stream.ForEachOps$ForEachOp$OfRef.accept(ForEachOps.java:183)
	at java.base/java.util.stream.ReferencePipeline$2$1.accept(ReferencePipeline.java:177)
	at java.base/java.util.stream.ReferencePipeline$11$1.accept(ReferencePipeline.java:442)
	at java.base/java.util.HashMap$KeySpliterator.forEachRemaining(HashMap.java:1621)
	at java.base/java.util.stream.AbstractPipeline.copyInto(AbstractPipeline.java:484)
	at java.base/java.util.stream.AbstractPipeline.wrapAndCopyInto(AbstractPipeline.java:474)
	at java.base/java.util.stream.ForEachOps$ForEachOp.evaluateSequential(ForEachOps.java:150)
	at java.base/java.util.stream.ForEachOps$ForEachOp$OfRef.evaluateSequential(ForEachOps.java:173)
	at java.base/java.util.stream.AbstractPipeline.evaluate(AbstractPipeline.java:234)
	at java.base/java.util.stream.ReferencePipeline.forEach(ReferencePipeline.java:497)
	at org.openqa.selenium.devtools.Connection.handle(Connection.java:287)
	at org.openqa.selenium.devtools.Connection.access$200(Connection.java:57)
	at org.openqa.selenium.devtools.Connection$Listener.lambda$onText$0(Connection.java:224)
	... 3 more
Caused by: org.openqa.selenium.WebDriverException: {"id":2773,"error":{"code":-32602,"message":"Invalid InterceptionId."},"sessionId":"69DE6D1A85B5D627489871F60443E14A"}
Build info: version: '4.11.0', revision: '040bc5406b'
System info: os.name: 'Windows 10', os.arch: 'amd64', os.version: '10.0', java.version: '11.0.18'
Driver info: driver.version: unknown
	at org.openqa.selenium.devtools.Connection.handle(Connection.java:260)
	... 5 more
авг. 16, 2023 4:23:29 PM org.openqa.selenium.devtools.Connection$Listener lambda$onText$0
WARNING: Unable to process: {"method":"Fetch.requestPaused","params":{"requestId":"interception-job-448.0","request":{"url":"http://localhost:8080/logo192.png","method":"GET","headers":{"Accept":"image/avif,image/webp,image/apng,image/svg+xml,image/*,*/*;q=0.8","Referer":"http://localhost:8080/","User-Agent":"Mozilla/5.0 (Windows NT 10.0; Win64; x64) AppleWebKit/537.36 (KHTML, like Gecko) Chrome/116.0.0.0 Safari/537.36","sec-ch-ua":"\"Chromium\";v=\"116\", \"Not)A;Brand\";v=\"24\", \"Google Chrome\";v=\"116\"","sec-ch-ua-mobile":"?0","sec-ch-ua-platform":"\"Windows\""},"initialPriority":"High","referrerPolicy":"strict-origin-when-cross-origin"},"frameId":"D165F02B89151667DFD1BF49856829E7","resourceType":"Image"},"sessionId":"69DE6D1A85B5D627489871F60443E14A"}
org.openqa.selenium.devtools.DevToolsException: {"id":2774,"error":{"code":-32602,"message":"Invalid InterceptionId."},"sessionId":"69DE6D1A85B5D627489871F60443E14A"}
Build info: version: '4.11.0', revision: '040bc5406b'
System info: os.name: 'Windows 10', os.arch: 'amd64', os.version: '10.0', java.version: '11.0.18'
Driver info: driver.version: unknown
	at org.openqa.selenium.devtools.Connection.sendAndWait(Connection.java:181)
	at org.openqa.selenium.devtools.DevTools.send(DevTools.java:81)
	at org.openqa.selenium.devtools.idealized.Network.lambda$prepareToInterceptTraffic$3(Network.java:211)
	at org.openqa.selenium.remote.http.Filter.lambda$andFinally$1(Filter.java:55)
	at org.openqa.selenium.devtools.idealized.Network.lambda$prepareToInterceptTraffic$4(Network.java:226)
	at org.openqa.selenium.devtools.Connection.lambda$handle$4(Connection.java:321)
	at java.base/java.util.stream.ForEachOps$ForEachOp$OfRef.accept(ForEachOps.java:183)
	at java.base/java.util.stream.ReferencePipeline$2$1.accept(ReferencePipeline.java:177)
	at java.base/java.util.stream.ReferencePipeline$11$1.accept(ReferencePipeline.java:442)
	at java.base/java.util.HashMap$KeySpliterator.forEachRemaining(HashMap.java:1621)
	at java.base/java.util.stream.AbstractPipeline.copyInto(AbstractPipeline.java:484)
	at java.base/java.util.stream.AbstractPipeline.wrapAndCopyInto(AbstractPipeline.java:474)
	at java.base/java.util.stream.ForEachOps$ForEachOp.evaluateSequential(ForEachOps.java:150)
	at java.base/java.util.stream.ForEachOps$ForEachOp$OfRef.evaluateSequential(ForEachOps.java:173)
	at java.base/java.util.stream.AbstractPipeline.evaluate(AbstractPipeline.java:234)
	at java.base/java.util.stream.ReferencePipeline.forEach(ReferencePipeline.java:497)
	at org.openqa.selenium.devtools.Connection.handle(Connection.java:287)
	at org.openqa.selenium.devtools.Connection.access$200(Connection.java:57)
	at org.openqa.selenium.devtools.Connection$Listener.lambda$onText$0(Connection.java:224)
	at java.base/java.util.concurrent.ThreadPoolExecutor.runWorker(ThreadPoolExecutor.java:1128)
	at java.base/java.util.concurrent.ThreadPoolExecutor$Worker.run(ThreadPoolExecutor.java:628)
	at java.base/java.lang.Thread.run(Thread.java:829)
Caused by: org.openqa.selenium.WebDriverException: {"id":2774,"error":{"code":-32602,"message":"Invalid InterceptionId."},"sessionId":"69DE6D1A85B5D627489871F60443E14A"}
Build info: version: '4.11.0', revision: '040bc5406b'
System info: os.name: 'Windows 10', os.arch: 'amd64', os.version: '10.0', java.version: '11.0.18'
Driver info: driver.version: unknown
	at org.openqa.selenium.devtools.Connection.handle(Connection.java:260)
	... 5 more

Exception in thread "CDP Connection" org.openqa.selenium.devtools.DevToolsException: {"id":2774,"error":{"code":-32602,"message":"Invalid InterceptionId."},"sessionId":"69DE6D1A85B5D627489871F60443E14A"}
Build info: version: '4.11.0', revision: '040bc5406b'
System info: os.name: 'Windows 10', os.arch: 'amd64', os.version: '10.0', java.version: '11.0.18'
Driver info: driver.version: unknown
	at org.openqa.selenium.devtools.Connection$Listener.lambda$onText$0(Connection.java:227)
	at java.base/java.util.concurrent.ThreadPoolExecutor.runWorker(ThreadPoolExecutor.java:1128)
	at java.base/java.util.concurrent.ThreadPoolExecutor$Worker.run(ThreadPoolExecutor.java:628)
	at java.base/java.lang.Thread.run(Thread.java:829)
Caused by: org.openqa.selenium.devtools.DevToolsException: {"id":2774,"error":{"code":-32602,"message":"Invalid InterceptionId."},"sessionId":"69DE6D1A85B5D627489871F60443E14A"}
Build info: version: '4.11.0', revision: '040bc5406b'
System info: os.name: 'Windows 10', os.arch: 'amd64', os.version: '10.0', java.version: '11.0.18'
Driver info: driver.version: unknown
	at org.openqa.selenium.devtools.Connection.sendAndWait(Connection.java:181)
	at org.openqa.selenium.devtools.DevTools.send(DevTools.java:81)
	at org.openqa.selenium.devtools.idealized.Network.lambda$prepareToInterceptTraffic$3(Network.java:211)
	at org.openqa.selenium.remote.http.Filter.lambda$andFinally$1(Filter.java:55)
	at org.openqa.selenium.devtools.idealized.Network.lambda$prepareToInterceptTraffic$4(Network.java:226)
	at org.openqa.selenium.devtools.Connection.lambda$handle$4(Connection.java:321)
	at java.base/java.util.stream.ForEachOps$ForEachOp$OfRef.accept(ForEachOps.java:183)
	at java.base/java.util.stream.ReferencePipeline$2$1.accept(ReferencePipeline.java:177)
	at java.base/java.util.stream.ReferencePipeline$11$1.accept(ReferencePipeline.java:442)
	at java.base/java.util.HashMap$KeySpliterator.forEachRemaining(HashMap.java:1621)
	at java.base/java.util.stream.AbstractPipeline.copyInto(AbstractPipeline.java:484)
	at java.base/java.util.stream.AbstractPipeline.wrapAndCopyInto(AbstractPipeline.java:474)
	at java.base/java.util.stream.ForEachOps$ForEachOp.evaluateSequential(ForEachOps.java:150)
	at java.base/java.util.stream.ForEachOps$ForEachOp$OfRef.evaluateSequential(ForEachOps.java:173)
	at java.base/java.util.stream.AbstractPipeline.evaluate(AbstractPipeline.java:234)
	at java.base/java.util.stream.ReferencePipeline.forEach(ReferencePipeline.java:497)
	at org.openqa.selenium.devtools.Connection.handle(Connection.java:287)
	at org.openqa.selenium.devtools.Connection.access$200(Connection.java:57)
	at org.openqa.selenium.devtools.Connection$Listener.lambda$onText$0(Connection.java:224)
	... 3 more
Caused by: org.openqa.selenium.WebDriverException: {"id":2774,"error":{"code":-32602,"message":"Invalid InterceptionId."},"sessionId":"69DE6D1A85B5D627489871F60443E14A"}
Build info: version: '4.11.0', revision: '040bc5406b'
System info: os.name: 'Windows 10', os.arch: 'amd64', os.version: '10.0', java.version: '11.0.18'
Driver info: driver.version: unknown
	at org.openqa.selenium.devtools.Connection.handle(Connection.java:260)
	... 5 more
авг. 16, 2023 4:23:29 PM org.openqa.selenium.devtools.Connection$Listener lambda$onText$0
WARNING: Unable to process: {"method":"Fetch.requestPaused","params":{"requestId":"interception-job-449.0","request":{"url":"http://localhost:8080/static/media/icon_ok_m_white.5987da79.svg","method":"GET","headers":{"Accept":"image/avif,image/webp,image/apng,image/svg+xml,image/*,*/*;q=0.8","Referer":"http://localhost:8080/static/css/2.7d875902.chunk.css","User-Agent":"Mozilla/5.0 (Windows NT 10.0; Win64; x64) AppleWebKit/537.36 (KHTML, like Gecko) Chrome/116.0.0.0 Safari/537.36","sec-ch-ua":"\"Chromium\";v=\"116\", \"Not)A;Brand\";v=\"24\", \"Google Chrome\";v=\"116\"","sec-ch-ua-mobile":"?0","sec-ch-ua-platform":"\"Windows\""},"initialPriority":"Low","referrerPolicy":"unsafe-url"},"frameId":"D165F02B89151667DFD1BF49856829E7","resourceType":"Image","responseStatusCode":200,"responseStatusText":"","responseHeaders":[{"name":"Vary","value":"Origin"},{"name":"Vary","value":"Access-Control-Request-Method"},{"name":"Vary","value":"Access-Control-Request-Headers"},{"name":"Last-Modified","value":"Thu, 03 Aug 2023 10:18:16 GMT"},{"name":"Accept-Ranges","value":"bytes"},{"name":"Content-Type","value":"image/svg+xml"},{"name":"Content-Length","value":"687"},{"name":"Date","value":"Wed, 16 Aug 2023 13:20:24 GMT"}]},"sessionId":"69DE6D1A85B5D627489871F60443E14A"}
org.openqa.selenium.devtools.DevToolsException: {"id":2785,"error":{"code":-32602,"message":"Invalid InterceptionId."},"sessionId":"69DE6D1A85B5D627489871F60443E14A"}
Build info: version: '4.11.0', revision: '040bc5406b'
System info: os.name: 'Windows 10', os.arch: 'amd64', os.version: '10.0', java.version: '11.0.18'
Driver info: driver.version: unknown
	at org.openqa.selenium.devtools.Connection.sendAndWait(Connection.java:181)
	at org.openqa.selenium.devtools.DevTools.send(DevTools.java:81)
	at org.openqa.selenium.devtools.idealized.Network.lambda$prepareToInterceptTraffic$4(Network.java:194)
	at org.openqa.selenium.devtools.Connection.lambda$handle$4(Connection.java:321)
	at java.base/java.util.stream.ForEachOps$ForEachOp$OfRef.accept(ForEachOps.java:183)
	at java.base/java.util.stream.ReferencePipeline$2$1.accept(ReferencePipeline.java:177)
	at java.base/java.util.stream.ReferencePipeline$11$1.accept(ReferencePipeline.java:442)
	at java.base/java.util.HashMap$KeySpliterator.forEachRemaining(HashMap.java:1621)
	at java.base/java.util.stream.AbstractPipeline.copyInto(AbstractPipeline.java:484)
	at java.base/java.util.stream.AbstractPipeline.wrapAndCopyInto(AbstractPipeline.java:474)
	at java.base/java.util.stream.ForEachOps$ForEachOp.evaluateSequential(ForEachOps.java:150)
	at java.base/java.util.stream.ForEachOps$ForEachOp$OfRef.evaluateSequential(ForEachOps.java:173)
	at java.base/java.util.stream.AbstractPipeline.evaluate(AbstractPipeline.java:234)
	at java.base/java.util.stream.ReferencePipeline.forEach(ReferencePipeline.java:497)
	at org.openqa.selenium.devtools.Connection.handle(Connection.java:287)
	at org.openqa.selenium.devtools.Connection.access$200(Connection.java:57)
	at org.openqa.selenium.devtools.Connection$Listener.lambda$onText$0(Connection.java:224)
	at java.base/java.util.concurrent.ThreadPoolExecutor.runWorker(ThreadPoolExecutor.java:1128)
	at java.base/java.util.concurrent.ThreadPoolExecutor$Worker.run(ThreadPoolExecutor.java:628)
	at java.base/java.lang.Thread.run(Thread.java:829)
Caused by: org.openqa.selenium.WebDriverException: {"id":2785,"error":{"code":-32602,"message":"Invalid InterceptionId."},"sessionId":"69DE6D1A85B5D627489871F60443E14A"}
Build info: version: '4.11.0', revision: '040bc5406b'
System info: os.name: 'Windows 10', os.arch: 'amd64', os.version: '10.0', java.version: '11.0.18'
Driver info: driver.version: unknown
	at org.openqa.selenium.devtools.Connection.handle(Connection.java:260)
	... 5 more

Exception in thread "CDP Connection" org.openqa.selenium.devtools.DevToolsException: {"id":2785,"error":{"code":-32602,"message":"Invalid InterceptionId."},"sessionId":"69DE6D1A85B5D627489871F60443E14A"}
Build info: version: '4.11.0', revision: '040bc5406b'
System info: os.name: 'Windows 10', os.arch: 'amd64', os.version: '10.0', java.version: '11.0.18'
Driver info: driver.version: unknown
	at org.openqa.selenium.devtools.Connection$Listener.lambda$onText$0(Connection.java:227)
	at java.base/java.util.concurrent.ThreadPoolExecutor.runWorker(ThreadPoolExecutor.java:1128)
	at java.base/java.util.concurrent.ThreadPoolExecutor$Worker.run(ThreadPoolExecutor.java:628)
	at java.base/java.lang.Thread.run(Thread.java:829)
Caused by: org.openqa.selenium.devtools.DevToolsException: {"id":2785,"error":{"code":-32602,"message":"Invalid InterceptionId."},"sessionId":"69DE6D1A85B5D627489871F60443E14A"}
Build info: version: '4.11.0', revision: '040bc5406b'
System info: os.name: 'Windows 10', os.arch: 'amd64', os.version: '10.0', java.version: '11.0.18'
Driver info: driver.version: unknown
	at org.openqa.selenium.devtools.Connection.sendAndWait(Connection.java:181)
	at org.openqa.selenium.devtools.DevTools.send(DevTools.java:81)
	at org.openqa.selenium.devtools.idealized.Network.lambda$prepareToInterceptTraffic$4(Network.java:194)
	at org.openqa.selenium.devtools.Connection.lambda$handle$4(Connection.java:321)
	at java.base/java.util.stream.ForEachOps$ForEachOp$OfRef.accept(ForEachOps.java:183)
	at java.base/java.util.stream.ReferencePipeline$2$1.accept(ReferencePipeline.java:177)
	at java.base/java.util.stream.ReferencePipeline$11$1.accept(ReferencePipeline.java:442)
	at java.base/java.util.HashMap$KeySpliterator.forEachRemaining(HashMap.java:1621)
	at java.base/java.util.stream.AbstractPipeline.copyInto(AbstractPipeline.java:484)
	at java.base/java.util.stream.AbstractPipeline.wrapAndCopyInto(AbstractPipeline.java:474)
	at java.base/java.util.stream.ForEachOps$ForEachOp.evaluateSequential(ForEachOps.java:150)
	at java.base/java.util.stream.ForEachOps$ForEachOp$OfRef.evaluateSequential(ForEachOps.java:173)
	at java.base/java.util.stream.AbstractPipeline.evaluate(AbstractPipeline.java:234)
	at java.base/java.util.stream.ReferencePipeline.forEach(ReferencePipeline.java:497)
	at org.openqa.selenium.devtools.Connection.handle(Connection.java:287)
	at org.openqa.selenium.devtools.Connection.access$200(Connection.java:57)
	at org.openqa.selenium.devtools.Connection$Listener.lambda$onText$0(Connection.java:224)
	... 3 more
Caused by: org.openqa.selenium.WebDriverException: {"id":2785,"error":{"code":-32602,"message":"Invalid InterceptionId."},"sessionId":"69DE6D1A85B5D627489871F60443E14A"}
Build info: version: '4.11.0', revision: '040bc5406b'
System info: os.name: 'Windows 10', os.arch: 'amd64', os.version: '10.0', java.version: '11.0.18'
Driver info: driver.version: unknown
	at org.openqa.selenium.devtools.Connection.handle(Connection.java:260)
	... 5 more
авг. 16, 2023 4:23:29 PM org.openqa.selenium.devtools.Connection$Listener lambda$onText$0
WARNING: Unable to process: {"method":"Fetch.requestPaused","params":{"requestId":"interception-job-450.0","request":{"url":"http://localhost:8080/static/media/icon_close_s_white.cd06f8fb.svg","method":"GET","headers":{"Accept":"image/avif,image/webp,image/apng,image/svg+xml,image/*,*/*;q=0.8","Referer":"http://localhost:8080/static/css/2.7d875902.chunk.css","User-Agent":"Mozilla/5.0 (Windows NT 10.0; Win64; x64) AppleWebKit/537.36 (KHTML, like Gecko) Chrome/116.0.0.0 Safari/537.36","sec-ch-ua":"\"Chromium\";v=\"116\", \"Not)A;Brand\";v=\"24\", \"Google Chrome\";v=\"116\"","sec-ch-ua-mobile":"?0","sec-ch-ua-platform":"\"Windows\""},"initialPriority":"Low","referrerPolicy":"unsafe-url"},"frameId":"D165F02B89151667DFD1BF49856829E7","resourceType":"Image","responseStatusCode":200,"responseStatusText":"","responseHeaders":[{"name":"Vary","value":"Origin"},{"name":"Vary","value":"Access-Control-Request-Method"},{"name":"Vary","value":"Access-Control-Request-Headers"},{"name":"Last-Modified","value":"Thu, 03 Aug 2023 10:18:16 GMT"},{"name":"Accept-Ranges","value":"bytes"},{"name":"Content-Type","value":"image/svg+xml"},{"name":"Content-Length","value":"247"},{"name":"Date","value":"Wed, 16 Aug 2023 13:20:24 GMT"}]},"sessionId":"69DE6D1A85B5D627489871F60443E14A"}
org.openqa.selenium.devtools.DevToolsException: {"id":2788,"error":{"code":-32602,"message":"Invalid InterceptionId."},"sessionId":"69DE6D1A85B5D627489871F60443E14A"}
Build info: version: '4.11.0', revision: '040bc5406b'
System info: os.name: 'Windows 10', os.arch: 'amd64', os.version: '10.0', java.version: '11.0.18'
Driver info: driver.version: unknown
	at org.openqa.selenium.devtools.Connection.sendAndWait(Connection.java:181)
	at org.openqa.selenium.devtools.DevTools.send(DevTools.java:81)
	at org.openqa.selenium.devtools.idealized.Network.lambda$prepareToInterceptTraffic$4(Network.java:194)
	at org.openqa.selenium.devtools.Connection.lambda$handle$4(Connection.java:321)
	at java.base/java.util.stream.ForEachOps$ForEachOp$OfRef.accept(ForEachOps.java:183)
	at java.base/java.util.stream.ReferencePipeline$2$1.accept(ReferencePipeline.java:177)
	at java.base/java.util.stream.ReferencePipeline$11$1.accept(ReferencePipeline.java:442)
	at java.base/java.util.HashMap$KeySpliterator.forEachRemaining(HashMap.java:1621)
	at java.base/java.util.stream.AbstractPipeline.copyInto(AbstractPipeline.java:484)
	at java.base/java.util.stream.AbstractPipeline.wrapAndCopyInto(AbstractPipeline.java:474)
	at java.base/java.util.stream.ForEachOps$ForEachOp.evaluateSequential(ForEachOps.java:150)
	at java.base/java.util.stream.ForEachOps$ForEachOp$OfRef.evaluateSequential(ForEachOps.java:173)
	at java.base/java.util.stream.AbstractPipeline.evaluate(AbstractPipeline.java:234)
	at java.base/java.util.stream.ReferencePipeline.forEach(ReferencePipeline.java:497)
	at org.openqa.selenium.devtools.Connection.handle(Connection.java:287)
	at org.openqa.selenium.devtools.Connection.access$200(Connection.java:57)
	at org.openqa.selenium.devtools.Connection$Listener.lambda$onText$0(Connection.java:224)
	at java.base/java.util.concurrent.ThreadPoolExecutor.runWorker(ThreadPoolExecutor.java:1128)
	at java.base/java.util.concurrent.ThreadPoolExecutor$Worker.run(ThreadPoolExecutor.java:628)
	at java.base/java.lang.Thread.run(Thread.java:829)
Caused by: org.openqa.selenium.WebDriverException: {"id":2788,"error":{"code":-32602,"message":"Invalid InterceptionId."},"sessionId":"69DE6D1A85B5D627489871F60443E14A"}
Build info: version: '4.11.0', revision: '040bc5406b'
System info: os.name: 'Windows 10', os.arch: 'amd64', os.version: '10.0', java.version: '11.0.18'
Driver info: driver.version: unknown
	at org.openqa.selenium.devtools.Connection.handle(Connection.java:260)
	... 5 more

Exception in thread "CDP Connection" org.openqa.selenium.devtools.DevToolsException: {"id":2788,"error":{"code":-32602,"message":"Invalid InterceptionId."},"sessionId":"69DE6D1A85B5D627489871F60443E14A"}
Build info: version: '4.11.0', revision: '040bc5406b'
System info: os.name: 'Windows 10', os.arch: 'amd64', os.version: '10.0', java.version: '11.0.18'
Driver info: driver.version: unknown
	at org.openqa.selenium.devtools.Connection$Listener.lambda$onText$0(Connection.java:227)
	at java.base/java.util.concurrent.ThreadPoolExecutor.runWorker(ThreadPoolExecutor.java:1128)
	at java.base/java.util.concurrent.ThreadPoolExecutor$Worker.run(ThreadPoolExecutor.java:628)
	at java.base/java.lang.Thread.run(Thread.java:829)
Caused by: org.openqa.selenium.devtools.DevToolsException: {"id":2788,"error":{"code":-32602,"message":"Invalid InterceptionId."},"sessionId":"69DE6D1A85B5D627489871F60443E14A"}
Build info: version: '4.11.0', revision: '040bc5406b'
System info: os.name: 'Windows 10', os.arch: 'amd64', os.version: '10.0', java.version: '11.0.18'
Driver info: driver.version: unknown
	at org.openqa.selenium.devtools.Connection.sendAndWait(Connection.java:181)
	at org.openqa.selenium.devtools.DevTools.send(DevTools.java:81)
	at org.openqa.selenium.devtools.idealized.Network.lambda$prepareToInterceptTraffic$4(Network.java:194)
	at org.openqa.selenium.devtools.Connection.lambda$handle$4(Connection.java:321)
	at java.base/java.util.stream.ForEachOps$ForEachOp$OfRef.accept(ForEachOps.java:183)
	at java.base/java.util.stream.ReferencePipeline$2$1.accept(ReferencePipeline.java:177)
	at java.base/java.util.stream.ReferencePipeline$11$1.accept(ReferencePipeline.java:442)
	at java.base/java.util.HashMap$KeySpliterator.forEachRemaining(HashMap.java:1621)
	at java.base/java.util.stream.AbstractPipeline.copyInto(AbstractPipeline.java:484)
	at java.base/java.util.stream.AbstractPipeline.wrapAndCopyInto(AbstractPipeline.java:474)
	at java.base/java.util.stream.ForEachOps$ForEachOp.evaluateSequential(ForEachOps.java:150)
	at java.base/java.util.stream.ForEachOps$ForEachOp$OfRef.evaluateSequential(ForEachOps.java:173)
	at java.base/java.util.stream.AbstractPipeline.evaluate(AbstractPipeline.java:234)
	at java.base/java.util.stream.ReferencePipeline.forEach(ReferencePipeline.java:497)
	at org.openqa.selenium.devtools.Connection.handle(Connection.java:287)
	at org.openqa.selenium.devtools.Connection.access$200(Connection.java:57)
	at org.openqa.selenium.devtools.Connection$Listener.lambda$onText$0(Connection.java:224)
	... 3 more
Caused by: org.openqa.selenium.WebDriverException: {"id":2788,"error":{"code":-32602,"message":"Invalid InterceptionId."},"sessionId":"69DE6D1A85B5D627489871F60443E14A"}
Build info: version: '4.11.0', revision: '040bc5406b'
System info: os.name: 'Windows 10', os.arch: 'amd64', os.version: '10.0', java.version: '11.0.18'
Driver info: driver.version: unknown
	at org.openqa.selenium.devtools.Connection.handle(Connection.java:260)
	... 5 more
авг. 16, 2023 4:23:29 PM org.openqa.selenium.devtools.Connection$Listener lambda$onText$0
WARNING: Unable to process: {"method":"Fetch.requestPaused","params":{"requestId":"interception-job-449.0","request":{"url":"http://localhost:8080/static/media/icon_ok_m_white.5987da79.svg","method":"GET","headers":{"Accept":"image/avif,image/webp,image/apng,image/svg+xml,image/*,*/*;q=0.8","Referer":"http://localhost:8080/static/css/2.7d875902.chunk.css","User-Agent":"Mozilla/5.0 (Windows NT 10.0; Win64; x64) AppleWebKit/537.36 (KHTML, like Gecko) Chrome/116.0.0.0 Safari/537.36","sec-ch-ua":"\"Chromium\";v=\"116\", \"Not)A;Brand\";v=\"24\", \"Google Chrome\";v=\"116\"","sec-ch-ua-mobile":"?0","sec-ch-ua-platform":"\"Windows\""},"initialPriority":"Low","referrerPolicy":"strict-origin-when-cross-origin"},"frameId":"D165F02B89151667DFD1BF49856829E7","resourceType":"Image"},"sessionId":"69DE6D1A85B5D627489871F60443E14A"}
org.openqa.selenium.devtools.DevToolsException: {"id":2789,"error":{"code":-32602,"message":"Invalid InterceptionId."},"sessionId":"69DE6D1A85B5D627489871F60443E14A"}
Build info: version: '4.11.0', revision: '040bc5406b'
System info: os.name: 'Windows 10', os.arch: 'amd64', os.version: '10.0', java.version: '11.0.18'
Driver info: driver.version: unknown
	at org.openqa.selenium.devtools.Connection.sendAndWait(Connection.java:181)
	at org.openqa.selenium.devtools.DevTools.send(DevTools.java:81)
	at org.openqa.selenium.devtools.idealized.Network.lambda$prepareToInterceptTraffic$3(Network.java:211)
	at org.openqa.selenium.remote.http.Filter.lambda$andFinally$1(Filter.java:55)
	at org.openqa.selenium.devtools.idealized.Network.lambda$prepareToInterceptTraffic$4(Network.java:226)
	at org.openqa.selenium.devtools.Connection.lambda$handle$4(Connection.java:321)
	at java.base/java.util.stream.ForEachOps$ForEachOp$OfRef.accept(ForEachOps.java:183)
	at java.base/java.util.stream.ReferencePipeline$2$1.accept(ReferencePipeline.java:177)
	at java.base/java.util.stream.ReferencePipeline$11$1.accept(ReferencePipeline.java:442)
	at java.base/java.util.HashMap$KeySpliterator.forEachRemaining(HashMap.java:1621)
	at java.base/java.util.stream.AbstractPipeline.copyInto(AbstractPipeline.java:484)
	at java.base/java.util.stream.AbstractPipeline.wrapAndCopyInto(AbstractPipeline.java:474)
	at java.base/java.util.stream.ForEachOps$ForEachOp.evaluateSequential(ForEachOps.java:150)
	at java.base/java.util.stream.ForEachOps$ForEachOp$OfRef.evaluateSequential(ForEachOps.java:173)
	at java.base/java.util.stream.AbstractPipeline.evaluate(AbstractPipeline.java:234)
	at java.base/java.util.stream.ReferencePipeline.forEach(ReferencePipeline.java:497)
	at org.openqa.selenium.devtools.Connection.handle(Connection.java:287)
	at org.openqa.selenium.devtools.Connection.access$200(Connection.java:57)
	at org.openqa.selenium.devtools.Connection$Listener.lambda$onText$0(Connection.java:224)
	at java.base/java.util.concurrent.ThreadPoolExecutor.runWorker(ThreadPoolExecutor.java:1128)
	at java.base/java.util.concurrent.ThreadPoolExecutor$Worker.run(ThreadPoolExecutor.java:628)
	at java.base/java.lang.Thread.run(Thread.java:829)
Caused by: org.openqa.selenium.WebDriverException: {"id":2789,"error":{"code":-32602,"message":"Invalid InterceptionId."},"sessionId":"69DE6D1A85B5D627489871F60443E14A"}
Build info: version: '4.11.0', revision: '040bc5406b'
System info: os.name: 'Windows 10', os.arch: 'amd64', os.version: '10.0', java.version: '11.0.18'
Driver info: driver.version: unknown
	at org.openqa.selenium.devtools.Connection.handle(Connection.java:260)
	... 5 more

Exception in thread "CDP Connection" org.openqa.selenium.devtools.DevToolsException: {"id":2789,"error":{"code":-32602,"message":"Invalid InterceptionId."},"sessionId":"69DE6D1A85B5D627489871F60443E14A"}
Build info: version: '4.11.0', revision: '040bc5406b'
System info: os.name: 'Windows 10', os.arch: 'amd64', os.version: '10.0', java.version: '11.0.18'
Driver info: driver.version: unknown
	at org.openqa.selenium.devtools.Connection$Listener.lambda$onText$0(Connection.java:227)
	at java.base/java.util.concurrent.ThreadPoolExecutor.runWorker(ThreadPoolExecutor.java:1128)
	at java.base/java.util.concurrent.ThreadPoolExecutor$Worker.run(ThreadPoolExecutor.java:628)
	at java.base/java.lang.Thread.run(Thread.java:829)
Caused by: org.openqa.selenium.devtools.DevToolsException: {"id":2789,"error":{"code":-32602,"message":"Invalid InterceptionId."},"sessionId":"69DE6D1A85B5D627489871F60443E14A"}
Build info: version: '4.11.0', revision: '040bc5406b'
System info: os.name: 'Windows 10', os.arch: 'amd64', os.version: '10.0', java.version: '11.0.18'
Driver info: driver.version: unknown
	at org.openqa.selenium.devtools.Connection.sendAndWait(Connection.java:181)
	at org.openqa.selenium.devtools.DevTools.send(DevTools.java:81)
	at org.openqa.selenium.devtools.idealized.Network.lambda$prepareToInterceptTraffic$3(Network.java:211)
	at org.openqa.selenium.remote.http.Filter.lambda$andFinally$1(Filter.java:55)
	at org.openqa.selenium.devtools.idealized.Network.lambda$prepareToInterceptTraffic$4(Network.java:226)
	at org.openqa.selenium.devtools.Connection.lambda$handle$4(Connection.java:321)
	at java.base/java.util.stream.ForEachOps$ForEachOp$OfRef.accept(ForEachOps.java:183)
	at java.base/java.util.stream.ReferencePipeline$2$1.accept(ReferencePipeline.java:177)
	at java.base/java.util.stream.ReferencePipeline$11$1.accept(ReferencePipeline.java:442)
	at java.base/java.util.HashMap$KeySpliterator.forEachRemaining(HashMap.java:1621)
	at java.base/java.util.stream.AbstractPipeline.copyInto(AbstractPipeline.java:484)
	at java.base/java.util.stream.AbstractPipeline.wrapAndCopyInto(AbstractPipeline.java:474)
	at java.base/java.util.stream.ForEachOps$ForEachOp.evaluateSequential(ForEachOps.java:150)
	at java.base/java.util.stream.ForEachOps$ForEachOp$OfRef.evaluateSequential(ForEachOps.java:173)
	at java.base/java.util.stream.AbstractPipeline.evaluate(AbstractPipeline.java:234)
	at java.base/java.util.stream.ReferencePipeline.forEach(ReferencePipeline.java:497)
	at org.openqa.selenium.devtools.Connection.handle(Connection.java:287)
	at org.openqa.selenium.devtools.Connection.access$200(Connection.java:57)
	at org.openqa.selenium.devtools.Connection$Listener.lambda$onText$0(Connection.java:224)
	... 3 more
Caused by: org.openqa.selenium.WebDriverException: {"id":2789,"error":{"code":-32602,"message":"Invalid InterceptionId."},"sessionId":"69DE6D1A85B5D627489871F60443E14A"}
Build info: version: '4.11.0', revision: '040bc5406b'
System info: os.name: 'Windows 10', os.arch: 'amd64', os.version: '10.0', java.version: '11.0.18'
Driver info: driver.version: unknown
	at org.openqa.selenium.devtools.Connection.handle(Connection.java:260)
	... 5 more
авг. 16, 2023 4:23:29 PM org.openqa.selenium.devtools.Connection$Listener lambda$onText$0
WARNING: Unable to process: {"method":"Fetch.requestPaused","params":{"requestId":"interception-job-450.0","request":{"url":"http://localhost:8080/static/media/icon_close_s_white.cd06f8fb.svg","method":"GET","headers":{"Accept":"image/avif,image/webp,image/apng,image/svg+xml,image/*,*/*;q=0.8","Referer":"http://localhost:8080/static/css/2.7d875902.chunk.css","User-Agent":"Mozilla/5.0 (Windows NT 10.0; Win64; x64) AppleWebKit/537.36 (KHTML, like Gecko) Chrome/116.0.0.0 Safari/537.36","sec-ch-ua":"\"Chromium\";v=\"116\", \"Not)A;Brand\";v=\"24\", \"Google Chrome\";v=\"116\"","sec-ch-ua-mobile":"?0","sec-ch-ua-platform":"\"Windows\""},"initialPriority":"Low","referrerPolicy":"strict-origin-when-cross-origin"},"frameId":"D165F02B89151667DFD1BF49856829E7","resourceType":"Image"},"sessionId":"69DE6D1A85B5D627489871F60443E14A"}
org.openqa.selenium.devtools.DevToolsException: {"id":2790,"error":{"code":-32602,"message":"Invalid InterceptionId."},"sessionId":"69DE6D1A85B5D627489871F60443E14A"}
Build info: version: '4.11.0', revision: '040bc5406b'
System info: os.name: 'Windows 10', os.arch: 'amd64', os.version: '10.0', java.version: '11.0.18'
Driver info: driver.version: unknown
	at org.openqa.selenium.devtools.Connection.sendAndWait(Connection.java:181)
	at org.openqa.selenium.devtools.DevTools.send(DevTools.java:81)
	at org.openqa.selenium.devtools.idealized.Network.lambda$prepareToInterceptTraffic$3(Network.java:211)
	at org.openqa.selenium.remote.http.Filter.lambda$andFinally$1(Filter.java:55)
	at org.openqa.selenium.devtools.idealized.Network.lambda$prepareToInterceptTraffic$4(Network.java:226)
	at org.openqa.selenium.devtools.Connection.lambda$handle$4(Connection.java:321)
	at java.base/java.util.stream.ForEachOps$ForEachOp$OfRef.accept(ForEachOps.java:183)
	at java.base/java.util.stream.ReferencePipeline$2$1.accept(ReferencePipeline.java:177)
	at java.base/java.util.stream.ReferencePipeline$11$1.accept(ReferencePipeline.java:442)
	at java.base/java.util.HashMap$KeySpliterator.forEachRemaining(HashMap.java:1621)
	at java.base/java.util.stream.AbstractPipeline.copyInto(AbstractPipeline.java:484)
	at java.base/java.util.stream.AbstractPipeline.wrapAndCopyInto(AbstractPipeline.java:474)
	at java.base/java.util.stream.ForEachOps$ForEachOp.evaluateSequential(ForEachOps.java:150)
	at java.base/java.util.stream.ForEachOps$ForEachOp$OfRef.evaluateSequential(ForEachOps.java:173)
	at java.base/java.util.stream.AbstractPipeline.evaluate(AbstractPipeline.java:234)
	at java.base/java.util.stream.ReferencePipeline.forEach(ReferencePipeline.java:497)
	at org.openqa.selenium.devtools.Connection.handle(Connection.java:287)
	at org.openqa.selenium.devtools.Connection.access$200(Connection.java:57)
	at org.openqa.selenium.devtools.Connection$Listener.lambda$onText$0(Connection.java:224)
	at java.base/java.util.concurrent.ThreadPoolExecutor.runWorker(ThreadPoolExecutor.java:1128)
	at java.base/java.util.concurrent.ThreadPoolExecutor$Worker.run(ThreadPoolExecutor.java:628)
	at java.base/java.lang.Thread.run(Thread.java:829)
Caused by: org.openqa.selenium.WebDriverException: {"id":2790,"error":{"code":-32602,"message":"Invalid InterceptionId."},"sessionId":"69DE6D1A85B5D627489871F60443E14A"}
Build info: version: '4.11.0', revision: '040bc5406b'
System info: os.name: 'Windows 10', os.arch: 'amd64', os.version: '10.0', java.version: '11.0.18'
Driver info: driver.version: unknown
	at org.openqa.selenium.devtools.Connection.handle(Connection.java:260)
	... 5 more

Exception in thread "CDP Connection" org.openqa.selenium.devtools.DevToolsException: {"id":2790,"error":{"code":-32602,"message":"Invalid InterceptionId."},"sessionId":"69DE6D1A85B5D627489871F60443E14A"}
Build info: version: '4.11.0', revision: '040bc5406b'
System info: os.name: 'Windows 10', os.arch: 'amd64', os.version: '10.0', java.version: '11.0.18'
Driver info: driver.version: unknown
	at org.openqa.selenium.devtools.Connection$Listener.lambda$onText$0(Connection.java:227)
	at java.base/java.util.concurrent.ThreadPoolExecutor.runWorker(ThreadPoolExecutor.java:1128)
	at java.base/java.util.concurrent.ThreadPoolExecutor$Worker.run(ThreadPoolExecutor.java:628)
	at java.base/java.lang.Thread.run(Thread.java:829)
Caused by: org.openqa.selenium.devtools.DevToolsException: {"id":2790,"error":{"code":-32602,"message":"Invalid InterceptionId."},"sessionId":"69DE6D1A85B5D627489871F60443E14A"}
Build info: version: '4.11.0', revision: '040bc5406b'
System info: os.name: 'Windows 10', os.arch: 'amd64', os.version: '10.0', java.version: '11.0.18'
Driver info: driver.version: unknown
	at org.openqa.selenium.devtools.Connection.sendAndWait(Connection.java:181)
	at org.openqa.selenium.devtools.DevTools.send(DevTools.java:81)
	at org.openqa.selenium.devtools.idealized.Network.lambda$prepareToInterceptTraffic$3(Network.java:211)
	at org.openqa.selenium.remote.http.Filter.lambda$andFinally$1(Filter.java:55)
	at org.openqa.selenium.devtools.idealized.Network.lambda$prepareToInterceptTraffic$4(Network.java:226)
	at org.openqa.selenium.devtools.Connection.lambda$handle$4(Connection.java:321)
	at java.base/java.util.stream.ForEachOps$ForEachOp$OfRef.accept(ForEachOps.java:183)
	at java.base/java.util.stream.ReferencePipeline$2$1.accept(ReferencePipeline.java:177)
	at java.base/java.util.stream.ReferencePipeline$11$1.accept(ReferencePipeline.java:442)
	at java.base/java.util.HashMap$KeySpliterator.forEachRemaining(HashMap.java:1621)
	at java.base/java.util.stream.AbstractPipeline.copyInto(AbstractPipeline.java:484)
	at java.base/java.util.stream.AbstractPipeline.wrapAndCopyInto(AbstractPipeline.java:474)
	at java.base/java.util.stream.ForEachOps$ForEachOp.evaluateSequential(ForEachOps.java:150)
	at java.base/java.util.stream.ForEachOps$ForEachOp$OfRef.evaluateSequential(ForEachOps.java:173)
	at java.base/java.util.stream.AbstractPipeline.evaluate(AbstractPipeline.java:234)
	at java.base/java.util.stream.ReferencePipeline.forEach(ReferencePipeline.java:497)
	at org.openqa.selenium.devtools.Connection.handle(Connection.java:287)
	at org.openqa.selenium.devtools.Connection.access$200(Connection.java:57)
	at org.openqa.selenium.devtools.Connection$Listener.lambda$onText$0(Connection.java:224)
	... 3 more
Caused by: org.openqa.selenium.WebDriverException: {"id":2790,"error":{"code":-32602,"message":"Invalid InterceptionId."},"sessionId":"69DE6D1A85B5D627489871F60443E14A"}
Build info: version: '4.11.0', revision: '040bc5406b'
System info: os.name: 'Windows 10', os.arch: 'amd64', os.version: '10.0', java.version: '11.0.18'
Driver info: driver.version: unknown
	at org.openqa.selenium.devtools.Connection.handle(Connection.java:260)
	... 5 more
авг. 16, 2023 4:23:29 PM org.openqa.selenium.devtools.Connection$Listener lambda$onText$0
WARNING: Unable to process: {"method":"Fetch.requestPaused","params":{"requestId":"interception-job-451.0","request":{"url":"http://localhost:8080/static/media/icon_error_m_white.143ec85a.svg","method":"GET","headers":{"Accept":"image/avif,image/webp,image/apng,image/svg+xml,image/*,*/*;q=0.8","Referer":"http://localhost:8080/static/css/2.7d875902.chunk.css","User-Agent":"Mozilla/5.0 (Windows NT 10.0; Win64; x64) AppleWebKit/537.36 (KHTML, like Gecko) Chrome/116.0.0.0 Safari/537.36","sec-ch-ua":"\"Chromium\";v=\"116\", \"Not)A;Brand\";v=\"24\", \"Google Chrome\";v=\"116\"","sec-ch-ua-mobile":"?0","sec-ch-ua-platform":"\"Windows\""},"initialPriority":"Low","referrerPolicy":"unsafe-url"},"frameId":"D165F02B89151667DFD1BF49856829E7","resourceType":"Image","responseStatusCode":200,"responseStatusText":"","responseHeaders":[{"name":"Vary","value":"Origin"},{"name":"Vary","value":"Access-Control-Request-Method"},{"name":"Vary","value":"Access-Control-Request-Headers"},{"name":"Last-Modified","value":"Thu, 03 Aug 2023 10:18:16 GMT"},{"name":"Accept-Ranges","value":"bytes"},{"name":"Content-Type","value":"image/svg+xml"},{"name":"Content-Length","value":"380"},{"name":"Date","value":"Wed, 16 Aug 2023 13:20:24 GMT"}]},"sessionId":"69DE6D1A85B5D627489871F60443E14A"}
org.openqa.selenium.devtools.DevToolsException: {"id":2791,"error":{"code":-32602,"message":"Invalid InterceptionId."},"sessionId":"69DE6D1A85B5D627489871F60443E14A"}
Build info: version: '4.11.0', revision: '040bc5406b'
System info: os.name: 'Windows 10', os.arch: 'amd64', os.version: '10.0', java.version: '11.0.18'
Driver info: driver.version: unknown
	at org.openqa.selenium.devtools.Connection.sendAndWait(Connection.java:181)
	at org.openqa.selenium.devtools.DevTools.send(DevTools.java:81)
	at org.openqa.selenium.devtools.idealized.Network.lambda$prepareToInterceptTraffic$4(Network.java:194)
	at org.openqa.selenium.devtools.Connection.lambda$handle$4(Connection.java:321)
	at java.base/java.util.stream.ForEachOps$ForEachOp$OfRef.accept(ForEachOps.java:183)
	at java.base/java.util.stream.ReferencePipeline$2$1.accept(ReferencePipeline.java:177)
	at java.base/java.util.stream.ReferencePipeline$11$1.accept(ReferencePipeline.java:442)
	at java.base/java.util.HashMap$KeySpliterator.forEachRemaining(HashMap.java:1621)
	at java.base/java.util.stream.AbstractPipeline.copyInto(AbstractPipeline.java:484)
	at java.base/java.util.stream.AbstractPipeline.wrapAndCopyInto(AbstractPipeline.java:474)
	at java.base/java.util.stream.ForEachOps$ForEachOp.evaluateSequential(ForEachOps.java:150)
	at java.base/java.util.stream.ForEachOps$ForEachOp$OfRef.evaluateSequential(ForEachOps.java:173)
	at java.base/java.util.stream.AbstractPipeline.evaluate(AbstractPipeline.java:234)
	at java.base/java.util.stream.ReferencePipeline.forEach(ReferencePipeline.java:497)
	at org.openqa.selenium.devtools.Connection.handle(Connection.java:287)
	at org.openqa.selenium.devtools.Connection.access$200(Connection.java:57)
	at org.openqa.selenium.devtools.Connection$Listener.lambda$onText$0(Connection.java:224)
	at java.base/java.util.concurrent.ThreadPoolExecutor.runWorker(ThreadPoolExecutor.java:1128)
	at java.base/java.util.concurrent.ThreadPoolExecutor$Worker.run(ThreadPoolExecutor.java:628)
	at java.base/java.lang.Thread.run(Thread.java:829)
Caused by: org.openqa.selenium.WebDriverException: {"id":2791,"error":{"code":-32602,"message":"Invalid InterceptionId."},"sessionId":"69DE6D1A85B5D627489871F60443E14A"}
Build info: version: '4.11.0', revision: '040bc5406b'
System info: os.name: 'Windows 10', os.arch: 'amd64', os.version: '10.0', java.version: '11.0.18'
Driver info: driver.version: unknown
	at org.openqa.selenium.devtools.Connection.handle(Connection.java:260)
	... 5 more

Exception in thread "CDP Connection" org.openqa.selenium.devtools.DevToolsException: {"id":2791,"error":{"code":-32602,"message":"Invalid InterceptionId."},"sessionId":"69DE6D1A85B5D627489871F60443E14A"}
Build info: version: '4.11.0', revision: '040bc5406b'
System info: os.name: 'Windows 10', os.arch: 'amd64', os.version: '10.0', java.version: '11.0.18'
Driver info: driver.version: unknown
	at org.openqa.selenium.devtools.Connection$Listener.lambda$onText$0(Connection.java:227)
	at java.base/java.util.concurrent.ThreadPoolExecutor.runWorker(ThreadPoolExecutor.java:1128)
	at java.base/java.util.concurrent.ThreadPoolExecutor$Worker.run(ThreadPoolExecutor.java:628)
	at java.base/java.lang.Thread.run(Thread.java:829)
Caused by: org.openqa.selenium.devtools.DevToolsException: {"id":2791,"error":{"code":-32602,"message":"Invalid InterceptionId."},"sessionId":"69DE6D1A85B5D627489871F60443E14A"}
Build info: version: '4.11.0', revision: '040bc5406b'
System info: os.name: 'Windows 10', os.arch: 'amd64', os.version: '10.0', java.version: '11.0.18'
Driver info: driver.version: unknown
	at org.openqa.selenium.devtools.Connection.sendAndWait(Connection.java:181)
	at org.openqa.selenium.devtools.DevTools.send(DevTools.java:81)
	at org.openqa.selenium.devtools.idealized.Network.lambda$prepareToInterceptTraffic$4(Network.java:194)
	at org.openqa.selenium.devtools.Connection.lambda$handle$4(Connection.java:321)
	at java.base/java.util.stream.ForEachOps$ForEachOp$OfRef.accept(ForEachOps.java:183)
	at java.base/java.util.stream.ReferencePipeline$2$1.accept(ReferencePipeline.java:177)
	at java.base/java.util.stream.ReferencePipeline$11$1.accept(ReferencePipeline.java:442)
	at java.base/java.util.HashMap$KeySpliterator.forEachRemaining(HashMap.java:1621)
	at java.base/java.util.stream.AbstractPipeline.copyInto(AbstractPipeline.java:484)
	at java.base/java.util.stream.AbstractPipeline.wrapAndCopyInto(AbstractPipeline.java:474)
	at java.base/java.util.stream.ForEachOps$ForEachOp.evaluateSequential(ForEachOps.java:150)
	at java.base/java.util.stream.ForEachOps$ForEachOp$OfRef.evaluateSequential(ForEachOps.java:173)
	at java.base/java.util.stream.AbstractPipeline.evaluate(AbstractPipeline.java:234)
	at java.base/java.util.stream.ReferencePipeline.forEach(ReferencePipeline.java:497)
	at org.openqa.selenium.devtools.Connection.handle(Connection.java:287)
	at org.openqa.selenium.devtools.Connection.access$200(Connection.java:57)
	at org.openqa.selenium.devtools.Connection$Listener.lambda$onText$0(Connection.java:224)
	... 3 more
Caused by: org.openqa.selenium.WebDriverException: {"id":2791,"error":{"code":-32602,"message":"Invalid InterceptionId."},"sessionId":"69DE6D1A85B5D627489871F60443E14A"}
Build info: version: '4.11.0', revision: '040bc5406b'
System info: os.name: 'Windows 10', os.arch: 'amd64', os.version: '10.0', java.version: '11.0.18'
Driver info: driver.version: unknown
	at org.openqa.selenium.devtools.Connection.handle(Connection.java:260)
	... 5 more
авг. 16, 2023 4:23:29 PM org.openqa.selenium.devtools.Connection$Listener lambda$onText$0
WARNING: Unable to process: {"method":"Fetch.requestPaused","params":{"requestId":"interception-job-451.0","request":{"url":"http://localhost:8080/static/media/icon_error_m_white.143ec85a.svg","method":"GET","headers":{"Accept":"image/avif,image/webp,image/apng,image/svg+xml,image/*,*/*;q=0.8","Referer":"http://localhost:8080/static/css/2.7d875902.chunk.css","User-Agent":"Mozilla/5.0 (Windows NT 10.0; Win64; x64) AppleWebKit/537.36 (KHTML, like Gecko) Chrome/116.0.0.0 Safari/537.36","sec-ch-ua":"\"Chromium\";v=\"116\", \"Not)A;Brand\";v=\"24\", \"Google Chrome\";v=\"116\"","sec-ch-ua-mobile":"?0","sec-ch-ua-platform":"\"Windows\""},"initialPriority":"Low","referrerPolicy":"strict-origin-when-cross-origin"},"frameId":"D165F02B89151667DFD1BF49856829E7","resourceType":"Image"},"sessionId":"69DE6D1A85B5D627489871F60443E14A"}
org.openqa.selenium.devtools.DevToolsException: {"id":2792,"error":{"code":-32602,"message":"Invalid InterceptionId."},"sessionId":"69DE6D1A85B5D627489871F60443E14A"}
Build info: version: '4.11.0', revision: '040bc5406b'
System info: os.name: 'Windows 10', os.arch: 'amd64', os.version: '10.0', java.version: '11.0.18'
Driver info: driver.version: unknown
	at org.openqa.selenium.devtools.Connection.sendAndWait(Connection.java:181)
	at org.openqa.selenium.devtools.DevTools.send(DevTools.java:81)
	at org.openqa.selenium.devtools.idealized.Network.lambda$prepareToInterceptTraffic$3(Network.java:211)
	at org.openqa.selenium.remote.http.Filter.lambda$andFinally$1(Filter.java:55)
	at org.openqa.selenium.devtools.idealized.Network.lambda$prepareToInterceptTraffic$4(Network.java:226)
	at org.openqa.selenium.devtools.Connection.lambda$handle$4(Connection.java:321)
	at java.base/java.util.stream.ForEachOps$ForEachOp$OfRef.accept(ForEachOps.java:183)
	at java.base/java.util.stream.ReferencePipeline$2$1.accept(ReferencePipeline.java:177)
	at java.base/java.util.stream.ReferencePipeline$11$1.accept(ReferencePipeline.java:442)
	at java.base/java.util.HashMap$KeySpliterator.forEachRemaining(HashMap.java:1621)
	at java.base/java.util.stream.AbstractPipeline.copyInto(AbstractPipeline.java:484)
	at java.base/java.util.stream.AbstractPipeline.wrapAndCopyInto(AbstractPipeline.java:474)
	at java.base/java.util.stream.ForEachOps$ForEachOp.evaluateSequential(ForEachOps.java:150)
	at java.base/java.util.stream.ForEachOps$ForEachOp$OfRef.evaluateSequential(ForEachOps.java:173)
	at java.base/java.util.stream.AbstractPipeline.evaluate(AbstractPipeline.java:234)
	at java.base/java.util.stream.ReferencePipeline.forEach(ReferencePipeline.java:497)
	at org.openqa.selenium.devtools.Connection.handle(Connection.java:287)
	at org.openqa.selenium.devtools.Connection.access$200(Connection.java:57)
	at org.openqa.selenium.devtools.Connection$Listener.lambda$onText$0(Connection.java:224)
	at java.base/java.util.concurrent.ThreadPoolExecutor.runWorker(ThreadPoolExecutor.java:1128)
	at java.base/java.util.concurrent.ThreadPoolExecutor$Worker.run(ThreadPoolExecutor.java:628)
	at java.base/java.lang.Thread.run(Thread.java:829)
Caused by: org.openqa.selenium.WebDriverException: {"id":2792,"error":{"code":-32602,"message":"Invalid InterceptionId."},"sessionId":"69DE6D1A85B5D627489871F60443E14A"}
Build info: version: '4.11.0', revision: '040bc5406b'
System info: os.name: 'Windows 10', os.arch: 'amd64', os.version: '10.0', java.version: '11.0.18'
Driver info: driver.version: unknown
	at org.openqa.selenium.devtools.Connection.handle(Connection.java:260)
	... 5 more

Exception in thread "CDP Connection" org.openqa.selenium.devtools.DevToolsException: {"id":2792,"error":{"code":-32602,"message":"Invalid InterceptionId."},"sessionId":"69DE6D1A85B5D627489871F60443E14A"}
Build info: version: '4.11.0', revision: '040bc5406b'
System info: os.name: 'Windows 10', os.arch: 'amd64', os.version: '10.0', java.version: '11.0.18'
Driver info: driver.version: unknown
	at org.openqa.selenium.devtools.Connection$Listener.lambda$onText$0(Connection.java:227)
	at java.base/java.util.concurrent.ThreadPoolExecutor.runWorker(ThreadPoolExecutor.java:1128)
	at java.base/java.util.concurrent.ThreadPoolExecutor$Worker.run(ThreadPoolExecutor.java:628)
	at java.base/java.lang.Thread.run(Thread.java:829)
Caused by: org.openqa.selenium.devtools.DevToolsException: {"id":2792,"error":{"code":-32602,"message":"Invalid InterceptionId."},"sessionId":"69DE6D1A85B5D627489871F60443E14A"}
Build info: version: '4.11.0', revision: '040bc5406b'
System info: os.name: 'Windows 10', os.arch: 'amd64', os.version: '10.0', java.version: '11.0.18'
Driver info: driver.version: unknown
	at org.openqa.selenium.devtools.Connection.sendAndWait(Connection.java:181)
	at org.openqa.selenium.devtools.DevTools.send(DevTools.java:81)
	at org.openqa.selenium.devtools.idealized.Network.lambda$prepareToInterceptTraffic$3(Network.java:211)
	at org.openqa.selenium.remote.http.Filter.lambda$andFinally$1(Filter.java:55)
	at org.openqa.selenium.devtools.idealized.Network.lambda$prepareToInterceptTraffic$4(Network.java:226)
	at org.openqa.selenium.devtools.Connection.lambda$handle$4(Connection.java:321)
	at java.base/java.util.stream.ForEachOps$ForEachOp$OfRef.accept(ForEachOps.java:183)
	at java.base/java.util.stream.ReferencePipeline$2$1.accept(ReferencePipeline.java:177)
	at java.base/java.util.stream.ReferencePipeline$11$1.accept(ReferencePipeline.java:442)
	at java.base/java.util.HashMap$KeySpliterator.forEachRemaining(HashMap.java:1621)
	at java.base/java.util.stream.AbstractPipeline.copyInto(AbstractPipeline.java:484)
	at java.base/java.util.stream.AbstractPipeline.wrapAndCopyInto(AbstractPipeline.java:474)
	at java.base/java.util.stream.ForEachOps$ForEachOp.evaluateSequential(ForEachOps.java:150)
	at java.base/java.util.stream.ForEachOps$ForEachOp$OfRef.evaluateSequential(ForEachOps.java:173)
	at java.base/java.util.stream.AbstractPipeline.evaluate(AbstractPipeline.java:234)
	at java.base/java.util.stream.ReferencePipeline.forEach(ReferencePipeline.java:497)
	at org.openqa.selenium.devtools.Connection.handle(Connection.java:287)
	at org.openqa.selenium.devtools.Connection.access$200(Connection.java:57)
	at org.openqa.selenium.devtools.Connection$Listener.lambda$onText$0(Connection.java:224)
	... 3 more
Caused by: org.openqa.selenium.WebDriverException: {"id":2792,"error":{"code":-32602,"message":"Invalid InterceptionId."},"sessionId":"69DE6D1A85B5D627489871F60443E14A"}
Build info: version: '4.11.0', revision: '040bc5406b'
System info: os.name: 'Windows 10', os.arch: 'amd64', os.version: '10.0', java.version: '11.0.18'
Driver info: driver.version: unknown
	at org.openqa.selenium.devtools.Connection.handle(Connection.java:260)
	... 5 more
авг. 16, 2023 4:23:31 PM org.openqa.selenium.devtools.Connection$Listener lambda$onText$0
WARNING: Unable to process: {"method":"Fetch.requestPaused","params":{"requestId":"interception-job-452.0","request":{"url":"http://localhost:8080/","method":"GET","headers":{"Accept":"text/html,application/xhtml+xml,application/xml;q=0.9,image/avif,image/webp,image/apng,*/*;q=0.8,application/signed-exchange;v=b3;q=0.7","Upgrade-Insecure-Requests":"1","User-Agent":"Mozilla/5.0 (Windows NT 10.0; Win64; x64) AppleWebKit/537.36 (KHTML, like Gecko) Chrome/116.0.0.0 Safari/537.36","sec-ch-ua":"\"Chromium\";v=\"116\", \"Not)A;Brand\";v=\"24\", \"Google Chrome\";v=\"116\"","sec-ch-ua-mobile":"?0","sec-ch-ua-platform":"\"Windows\""},"initialPriority":"VeryHigh","referrerPolicy":"strict-origin-when-cross-origin"},"frameId":"D165F02B89151667DFD1BF49856829E7","resourceType":"Document"},"sessionId":"69DE6D1A85B5D627489871F60443E14A"}
org.openqa.selenium.devtools.DevToolsException: {"id":2800,"error":{"code":-32602,"message":"Invalid InterceptionId."},"sessionId":"69DE6D1A85B5D627489871F60443E14A"}
Build info: version: '4.11.0', revision: '040bc5406b'
System info: os.name: 'Windows 10', os.arch: 'amd64', os.version: '10.0', java.version: '11.0.18'
Driver info: driver.version: unknown
	at org.openqa.selenium.devtools.Connection.sendAndWait(Connection.java:181)
	at org.openqa.selenium.devtools.DevTools.send(DevTools.java:81)
	at org.openqa.selenium.devtools.idealized.Network.lambda$prepareToInterceptTraffic$3(Network.java:211)
	at org.openqa.selenium.remote.http.Filter.lambda$andFinally$1(Filter.java:55)
	at org.openqa.selenium.devtools.idealized.Network.lambda$prepareToInterceptTraffic$4(Network.java:226)
	at org.openqa.selenium.devtools.Connection.lambda$handle$4(Connection.java:321)
	at java.base/java.util.stream.ForEachOps$ForEachOp$OfRef.accept(ForEachOps.java:183)
	at java.base/java.util.stream.ReferencePipeline$2$1.accept(ReferencePipeline.java:177)
	at java.base/java.util.stream.ReferencePipeline$11$1.accept(ReferencePipeline.java:442)
	at java.base/java.util.HashMap$KeySpliterator.forEachRemaining(HashMap.java:1621)
	at java.base/java.util.stream.AbstractPipeline.copyInto(AbstractPipeline.java:484)
	at java.base/java.util.stream.AbstractPipeline.wrapAndCopyInto(AbstractPipeline.java:474)
	at java.base/java.util.stream.ForEachOps$ForEachOp.evaluateSequential(ForEachOps.java:150)
	at java.base/java.util.stream.ForEachOps$ForEachOp$OfRef.evaluateSequential(ForEachOps.java:173)
	at java.base/java.util.stream.AbstractPipeline.evaluate(AbstractPipeline.java:234)
	at java.base/java.util.stream.ReferencePipeline.forEach(ReferencePipeline.java:497)
	at org.openqa.selenium.devtools.Connection.handle(Connection.java:287)
	at org.openqa.selenium.devtools.Connection.access$200(Connection.java:57)
	at org.openqa.selenium.devtools.Connection$Listener.lambda$onText$0(Connection.java:224)
	at java.base/java.util.concurrent.ThreadPoolExecutor.runWorker(ThreadPoolExecutor.java:1128)
	at java.base/java.util.concurrent.ThreadPoolExecutor$Worker.run(ThreadPoolExecutor.java:628)
	at java.base/java.lang.Thread.run(Thread.java:829)
Caused by: org.openqa.selenium.WebDriverException: {"id":2800,"error":{"code":-32602,"message":"Invalid InterceptionId."},"sessionId":"69DE6D1A85B5D627489871F60443E14A"}
Build info: version: '4.11.0', revision: '040bc5406b'
System info: os.name: 'Windows 10', os.arch: 'amd64', os.version: '10.0', java.version: '11.0.18'
Driver info: driver.version: unknown
	at org.openqa.selenium.devtools.Connection.handle(Connection.java:260)
	... 5 more

Exception in thread "CDP Connection" org.openqa.selenium.devtools.DevToolsException: {"id":2800,"error":{"code":-32602,"message":"Invalid InterceptionId."},"sessionId":"69DE6D1A85B5D627489871F60443E14A"}
Build info: version: '4.11.0', revision: '040bc5406b'
System info: os.name: 'Windows 10', os.arch: 'amd64', os.version: '10.0', java.version: '11.0.18'
Driver info: driver.version: unknown
	at org.openqa.selenium.devtools.Connection$Listener.lambda$onText$0(Connection.java:227)
	at java.base/java.util.concurrent.ThreadPoolExecutor.runWorker(ThreadPoolExecutor.java:1128)
	at java.base/java.util.concurrent.ThreadPoolExecutor$Worker.run(ThreadPoolExecutor.java:628)
	at java.base/java.lang.Thread.run(Thread.java:829)
Caused by: org.openqa.selenium.devtools.DevToolsException: {"id":2800,"error":{"code":-32602,"message":"Invalid InterceptionId."},"sessionId":"69DE6D1A85B5D627489871F60443E14A"}
Build info: version: '4.11.0', revision: '040bc5406b'
System info: os.name: 'Windows 10', os.arch: 'amd64', os.version: '10.0', java.version: '11.0.18'
Driver info: driver.version: unknown
	at org.openqa.selenium.devtools.Connection.sendAndWait(Connection.java:181)
	at org.openqa.selenium.devtools.DevTools.send(DevTools.java:81)
	at org.openqa.selenium.devtools.idealized.Network.lambda$prepareToInterceptTraffic$3(Network.java:211)
	at org.openqa.selenium.remote.http.Filter.lambda$andFinally$1(Filter.java:55)
	at org.openqa.selenium.devtools.idealized.Network.lambda$prepareToInterceptTraffic$4(Network.java:226)
	at org.openqa.selenium.devtools.Connection.lambda$handle$4(Connection.java:321)
	at java.base/java.util.stream.ForEachOps$ForEachOp$OfRef.accept(ForEachOps.java:183)
	at java.base/java.util.stream.ReferencePipeline$2$1.accept(ReferencePipeline.java:177)
	at java.base/java.util.stream.ReferencePipeline$11$1.accept(ReferencePipeline.java:442)
	at java.base/java.util.HashMap$KeySpliterator.forEachRemaining(HashMap.java:1621)
	at java.base/java.util.stream.AbstractPipeline.copyInto(AbstractPipeline.java:484)
	at java.base/java.util.stream.AbstractPipeline.wrapAndCopyInto(AbstractPipeline.java:474)
	at java.base/java.util.stream.ForEachOps$ForEachOp.evaluateSequential(ForEachOps.java:150)
	at java.base/java.util.stream.ForEachOps$ForEachOp$OfRef.evaluateSequential(ForEachOps.java:173)
	at java.base/java.util.stream.AbstractPipeline.evaluate(AbstractPipeline.java:234)
	at java.base/java.util.stream.ReferencePipeline.forEach(ReferencePipeline.java:497)
	at org.openqa.selenium.devtools.Connection.handle(Connection.java:287)
	at org.openqa.selenium.devtools.Connection.access$200(Connection.java:57)
	at org.openqa.selenium.devtools.Connection$Listener.lambda$onText$0(Connection.java:224)
	... 3 more
Caused by: org.openqa.selenium.WebDriverException: {"id":2800,"error":{"code":-32602,"message":"Invalid InterceptionId."},"sessionId":"69DE6D1A85B5D627489871F60443E14A"}
Build info: version: '4.11.0', revision: '040bc5406b'
System info: os.name: 'Windows 10', os.arch: 'amd64', os.version: '10.0', java.version: '11.0.18'
Driver info: driver.version: unknown
	at org.openqa.selenium.devtools.Connection.handle(Connection.java:260)
	... 5 more
авг. 16, 2023 4:23:31 PM org.openqa.selenium.devtools.Connection$Listener lambda$onText$0
WARNING: Unable to process: {"method":"Fetch.requestPaused","params":{"requestId":"interception-job-452.0","request":{"url":"http://localhost:8080/","method":"GET","headers":{"Accept":"text/html,application/xhtml+xml,application/xml;q=0.9,image/avif,image/webp,image/apng,*/*;q=0.8,application/signed-exchange;v=b3;q=0.7","Upgrade-Insecure-Requests":"1","User-Agent":"Mozilla/5.0 (Windows NT 10.0; Win64; x64) AppleWebKit/537.36 (KHTML, like Gecko) Chrome/116.0.0.0 Safari/537.36","sec-ch-ua":"\"Chromium\";v=\"116\", \"Not)A;Brand\";v=\"24\", \"Google Chrome\";v=\"116\"","sec-ch-ua-mobile":"?0","sec-ch-ua-platform":"\"Windows\""},"initialPriority":"VeryHigh","referrerPolicy":"strict-origin-when-cross-origin"},"frameId":"D165F02B89151667DFD1BF49856829E7","resourceType":"Document","responseStatusCode":200,"responseStatusText":"","responseHeaders":[{"name":"Vary","value":"Origin"},{"name":"Vary","value":"Access-Control-Request-Method"},{"name":"Vary","value":"Access-Control-Request-Headers"},{"name":"Last-Modified","value":"Thu, 03 Aug 2023 10:18:16 GMT"},{"name":"Date","value":"Wed, 16 Aug 2023 13:23:31 GMT"},{"name":"Accept-Ranges","value":"bytes"},{"name":"Content-Type","value":"text/html"},{"name":"Content-Language","value":"ru-RU"},{"name":"Content-Length","value":"2308"}]},"sessionId":"69DE6D1A85B5D627489871F60443E14A"}
org.openqa.selenium.devtools.DevToolsException: {"id":2799,"error":{"code":-32602,"message":"Invalid InterceptionId."},"sessionId":"69DE6D1A85B5D627489871F60443E14A"}
Build info: version: '4.11.0', revision: '040bc5406b'
System info: os.name: 'Windows 10', os.arch: 'amd64', os.version: '10.0', java.version: '11.0.18'
Driver info: driver.version: unknown
	at org.openqa.selenium.devtools.Connection.sendAndWait(Connection.java:181)
	at org.openqa.selenium.devtools.DevTools.send(DevTools.java:81)
	at org.openqa.selenium.devtools.idealized.Network.lambda$prepareToInterceptTraffic$4(Network.java:194)
	at org.openqa.selenium.devtools.Connection.lambda$handle$4(Connection.java:321)
	at java.base/java.util.stream.ForEachOps$ForEachOp$OfRef.accept(ForEachOps.java:183)
	at java.base/java.util.stream.ReferencePipeline$2$1.accept(ReferencePipeline.java:177)
	at java.base/java.util.stream.ReferencePipeline$11$1.accept(ReferencePipeline.java:442)
	at java.base/java.util.HashMap$KeySpliterator.forEachRemaining(HashMap.java:1621)
	at java.base/java.util.stream.AbstractPipeline.copyInto(AbstractPipeline.java:484)
	at java.base/java.util.stream.AbstractPipeline.wrapAndCopyInto(AbstractPipeline.java:474)
	at java.base/java.util.stream.ForEachOps$ForEachOp.evaluateSequential(ForEachOps.java:150)
	at java.base/java.util.stream.ForEachOps$ForEachOp$OfRef.evaluateSequential(ForEachOps.java:173)
	at java.base/java.util.stream.AbstractPipeline.evaluate(AbstractPipeline.java:234)
	at java.base/java.util.stream.ReferencePipeline.forEach(ReferencePipeline.java:497)
	at org.openqa.selenium.devtools.Connection.handle(Connection.java:287)
	at org.openqa.selenium.devtools.Connection.access$200(Connection.java:57)
	at org.openqa.selenium.devtools.Connection$Listener.lambda$onText$0(Connection.java:224)
	at java.base/java.util.concurrent.ThreadPoolExecutor.runWorker(ThreadPoolExecutor.java:1128)
	at java.base/java.util.concurrent.ThreadPoolExecutor$Worker.run(ThreadPoolExecutor.java:628)
	at java.base/java.lang.Thread.run(Thread.java:829)
Caused by: org.openqa.selenium.WebDriverException: {"id":2799,"error":{"code":-32602,"message":"Invalid InterceptionId."},"sessionId":"69DE6D1A85B5D627489871F60443E14A"}
Build info: version: '4.11.0', revision: '040bc5406b'
System info: os.name: 'Windows 10', os.arch: 'amd64', os.version: '10.0', java.version: '11.0.18'
Driver info: driver.version: unknown
	at org.openqa.selenium.devtools.Connection.handle(Connection.java:260)
	... 5 more

Exception in thread "CDP Connection" org.openqa.selenium.devtools.DevToolsException: {"id":2799,"error":{"code":-32602,"message":"Invalid InterceptionId."},"sessionId":"69DE6D1A85B5D627489871F60443E14A"}
Build info: version: '4.11.0', revision: '040bc5406b'
System info: os.name: 'Windows 10', os.arch: 'amd64', os.version: '10.0', java.version: '11.0.18'
Driver info: driver.version: unknown
	at org.openqa.selenium.devtools.Connection$Listener.lambda$onText$0(Connection.java:227)
	at java.base/java.util.concurrent.ThreadPoolExecutor.runWorker(ThreadPoolExecutor.java:1128)
	at java.base/java.util.concurrent.ThreadPoolExecutor$Worker.run(ThreadPoolExecutor.java:628)
	at java.base/java.lang.Thread.run(Thread.java:829)
Caused by: org.openqa.selenium.devtools.DevToolsException: {"id":2799,"error":{"code":-32602,"message":"Invalid InterceptionId."},"sessionId":"69DE6D1A85B5D627489871F60443E14A"}
Build info: version: '4.11.0', revision: '040bc5406b'
System info: os.name: 'Windows 10', os.arch: 'amd64', os.version: '10.0', java.version: '11.0.18'
Driver info: driver.version: unknown
	at org.openqa.selenium.devtools.Connection.sendAndWait(Connection.java:181)
	at org.openqa.selenium.devtools.DevTools.send(DevTools.java:81)
	at org.openqa.selenium.devtools.idealized.Network.lambda$prepareToInterceptTraffic$4(Network.java:194)
	at org.openqa.selenium.devtools.Connection.lambda$handle$4(Connection.java:321)
	at java.base/java.util.stream.ForEachOps$ForEachOp$OfRef.accept(ForEachOps.java:183)
	at java.base/java.util.stream.ReferencePipeline$2$1.accept(ReferencePipeline.java:177)
	at java.base/java.util.stream.ReferencePipeline$11$1.accept(ReferencePipeline.java:442)
	at java.base/java.util.HashMap$KeySpliterator.forEachRemaining(HashMap.java:1621)
	at java.base/java.util.stream.AbstractPipeline.copyInto(AbstractPipeline.java:484)
	at java.base/java.util.stream.AbstractPipeline.wrapAndCopyInto(AbstractPipeline.java:474)
	at java.base/java.util.stream.ForEachOps$ForEachOp.evaluateSequential(ForEachOps.java:150)
	at java.base/java.util.stream.ForEachOps$ForEachOp$OfRef.evaluateSequential(ForEachOps.java:173)
	at java.base/java.util.stream.AbstractPipeline.evaluate(AbstractPipeline.java:234)
	at java.base/java.util.stream.ReferencePipeline.forEach(ReferencePipeline.java:497)
	at org.openqa.selenium.devtools.Connection.handle(Connection.java:287)
	at org.openqa.selenium.devtools.Connection.access$200(Connection.java:57)
	at org.openqa.selenium.devtools.Connection$Listener.lambda$onText$0(Connection.java:224)
	... 3 more
Caused by: org.openqa.selenium.WebDriverException: {"id":2799,"error":{"code":-32602,"message":"Invalid InterceptionId."},"sessionId":"69DE6D1A85B5D627489871F60443E14A"}
Build info: version: '4.11.0', revision: '040bc5406b'
System info: os.name: 'Windows 10', os.arch: 'amd64', os.version: '10.0', java.version: '11.0.18'
Driver info: driver.version: unknown
	at org.openqa.selenium.devtools.Connection.handle(Connection.java:260)
	... 5 more
авг. 16, 2023 4:23:31 PM org.openqa.selenium.devtools.Connection$Listener lambda$onText$0
WARNING: Unable to process: {"method":"Fetch.requestPaused","params":{"requestId":"interception-job-454.0","request":{"url":"http://localhost:8080/static/css/main.8978894b.chunk.css","method":"GET","headers":{"Accept":"text/css,*/*;q=0.1","Referer":"http://localhost:8080/","User-Agent":"Mozilla/5.0 (Windows NT 10.0; Win64; x64) AppleWebKit/537.36 (KHTML, like Gecko) Chrome/116.0.0.0 Safari/537.36","sec-ch-ua":"\"Chromium\";v=\"116\", \"Not)A;Brand\";v=\"24\", \"Google Chrome\";v=\"116\"","sec-ch-ua-mobile":"?0","sec-ch-ua-platform":"\"Windows\""},"initialPriority":"VeryHigh","referrerPolicy":"unsafe-url"},"frameId":"D165F02B89151667DFD1BF49856829E7","resourceType":"Stylesheet","responseStatusCode":200,"responseStatusText":"","responseHeaders":[{"name":"Vary","value":"Origin"},{"name":"Vary","value":"Access-Control-Request-Method"},{"name":"Vary","value":"Access-Control-Request-Headers"},{"name":"Last-Modified","value":"Thu, 03 Aug 2023 10:18:16 GMT"},{"name":"Accept-Ranges","value":"bytes"},{"name":"Content-Type","value":"text/css"},{"name":"Content-Length","value":"700"},{"name":"Date","value":"Wed, 16 Aug 2023 13:20:22 GMT"}]},"sessionId":"69DE6D1A85B5D627489871F60443E14A"}
org.openqa.selenium.devtools.DevToolsException: {"id":2811,"error":{"code":-32602,"message":"Invalid InterceptionId."},"sessionId":"69DE6D1A85B5D627489871F60443E14A"}
Build info: version: '4.11.0', revision: '040bc5406b'
System info: os.name: 'Windows 10', os.arch: 'amd64', os.version: '10.0', java.version: '11.0.18'
Driver info: driver.version: unknown
	at org.openqa.selenium.devtools.Connection.sendAndWait(Connection.java:181)
	at org.openqa.selenium.devtools.DevTools.send(DevTools.java:81)
	at org.openqa.selenium.devtools.idealized.Network.lambda$prepareToInterceptTraffic$4(Network.java:194)
	at org.openqa.selenium.devtools.Connection.lambda$handle$4(Connection.java:321)
	at java.base/java.util.stream.ForEachOps$ForEachOp$OfRef.accept(ForEachOps.java:183)
	at java.base/java.util.stream.ReferencePipeline$2$1.accept(ReferencePipeline.java:177)
	at java.base/java.util.stream.ReferencePipeline$11$1.accept(ReferencePipeline.java:442)
	at java.base/java.util.HashMap$KeySpliterator.forEachRemaining(HashMap.java:1621)
	at java.base/java.util.stream.AbstractPipeline.copyInto(AbstractPipeline.java:484)
	at java.base/java.util.stream.AbstractPipeline.wrapAndCopyInto(AbstractPipeline.java:474)
	at java.base/java.util.stream.ForEachOps$ForEachOp.evaluateSequential(ForEachOps.java:150)
	at java.base/java.util.stream.ForEachOps$ForEachOp$OfRef.evaluateSequential(ForEachOps.java:173)
	at java.base/java.util.stream.AbstractPipeline.evaluate(AbstractPipeline.java:234)
	at java.base/java.util.stream.ReferencePipeline.forEach(ReferencePipeline.java:497)
	at org.openqa.selenium.devtools.Connection.handle(Connection.java:287)
	at org.openqa.selenium.devtools.Connection.access$200(Connection.java:57)
	at org.openqa.selenium.devtools.Connection$Listener.lambda$onText$0(Connection.java:224)
	at java.base/java.util.concurrent.ThreadPoolExecutor.runWorker(ThreadPoolExecutor.java:1128)
	at java.base/java.util.concurrent.ThreadPoolExecutor$Worker.run(ThreadPoolExecutor.java:628)
	at java.base/java.lang.Thread.run(Thread.java:829)
Caused by: org.openqa.selenium.WebDriverException: {"id":2811,"error":{"code":-32602,"message":"Invalid InterceptionId."},"sessionId":"69DE6D1A85B5D627489871F60443E14A"}
Build info: version: '4.11.0', revision: '040bc5406b'
System info: os.name: 'Windows 10', os.arch: 'amd64', os.version: '10.0', java.version: '11.0.18'
Driver info: driver.version: unknown
	at org.openqa.selenium.devtools.Connection.handle(Connection.java:260)
	... 5 more

Exception in thread "CDP Connection" org.openqa.selenium.devtools.DevToolsException: {"id":2811,"error":{"code":-32602,"message":"Invalid InterceptionId."},"sessionId":"69DE6D1A85B5D627489871F60443E14A"}
Build info: version: '4.11.0', revision: '040bc5406b'
System info: os.name: 'Windows 10', os.arch: 'amd64', os.version: '10.0', java.version: '11.0.18'
Driver info: driver.version: unknown
	at org.openqa.selenium.devtools.Connection$Listener.lambda$onText$0(Connection.java:227)
	at java.base/java.util.concurrent.ThreadPoolExecutor.runWorker(ThreadPoolExecutor.java:1128)
	at java.base/java.util.concurrent.ThreadPoolExecutor$Worker.run(ThreadPoolExecutor.java:628)
	at java.base/java.lang.Thread.run(Thread.java:829)
Caused by: org.openqa.selenium.devtools.DevToolsException: {"id":2811,"error":{"code":-32602,"message":"Invalid InterceptionId."},"sessionId":"69DE6D1A85B5D627489871F60443E14A"}
Build info: version: '4.11.0', revision: '040bc5406b'
System info: os.name: 'Windows 10', os.arch: 'amd64', os.version: '10.0', java.version: '11.0.18'
Driver info: driver.version: unknown
	at org.openqa.selenium.devtools.Connection.sendAndWait(Connection.java:181)
	at org.openqa.selenium.devtools.DevTools.send(DevTools.java:81)
	at org.openqa.selenium.devtools.idealized.Network.lambda$prepareToInterceptTraffic$4(Network.java:194)
	at org.openqa.selenium.devtools.Connection.lambda$handle$4(Connection.java:321)
	at java.base/java.util.stream.ForEachOps$ForEachOp$OfRef.accept(ForEachOps.java:183)
	at java.base/java.util.stream.ReferencePipeline$2$1.accept(ReferencePipeline.java:177)
	at java.base/java.util.stream.ReferencePipeline$11$1.accept(ReferencePipeline.java:442)
	at java.base/java.util.HashMap$KeySpliterator.forEachRemaining(HashMap.java:1621)
	at java.base/java.util.stream.AbstractPipeline.copyInto(AbstractPipeline.java:484)
	at java.base/java.util.stream.AbstractPipeline.wrapAndCopyInto(AbstractPipeline.java:474)
	at java.base/java.util.stream.ForEachOps$ForEachOp.evaluateSequential(ForEachOps.java:150)
	at java.base/java.util.stream.ForEachOps$ForEachOp$OfRef.evaluateSequential(ForEachOps.java:173)
	at java.base/java.util.stream.AbstractPipeline.evaluate(AbstractPipeline.java:234)
	at java.base/java.util.stream.ReferencePipeline.forEach(ReferencePipeline.java:497)
	at org.openqa.selenium.devtools.Connection.handle(Connection.java:287)
	at org.openqa.selenium.devtools.Connection.access$200(Connection.java:57)
	at org.openqa.selenium.devtools.Connection$Listener.lambda$onText$0(Connection.java:224)
	... 3 more
Caused by: org.openqa.selenium.WebDriverException: {"id":2811,"error":{"code":-32602,"message":"Invalid InterceptionId."},"sessionId":"69DE6D1A85B5D627489871F60443E14A"}
Build info: version: '4.11.0', revision: '040bc5406b'
System info: os.name: 'Windows 10', os.arch: 'amd64', os.version: '10.0', java.version: '11.0.18'
Driver info: driver.version: unknown
	at org.openqa.selenium.devtools.Connection.handle(Connection.java:260)
	... 5 more
авг. 16, 2023 4:23:31 PM org.openqa.selenium.devtools.Connection$Listener lambda$onText$0
WARNING: Unable to process: {"method":"Fetch.requestPaused","params":{"requestId":"interception-job-454.0","request":{"url":"http://localhost:8080/static/css/main.8978894b.chunk.css","method":"GET","headers":{"Accept":"text/css,*/*;q=0.1","Referer":"http://localhost:8080/","User-Agent":"Mozilla/5.0 (Windows NT 10.0; Win64; x64) AppleWebKit/537.36 (KHTML, like Gecko) Chrome/116.0.0.0 Safari/537.36","sec-ch-ua":"\"Chromium\";v=\"116\", \"Not)A;Brand\";v=\"24\", \"Google Chrome\";v=\"116\"","sec-ch-ua-mobile":"?0","sec-ch-ua-platform":"\"Windows\""},"initialPriority":"VeryHigh","referrerPolicy":"strict-origin-when-cross-origin"},"frameId":"D165F02B89151667DFD1BF49856829E7","resourceType":"Stylesheet"},"sessionId":"69DE6D1A85B5D627489871F60443E14A"}
org.openqa.selenium.devtools.DevToolsException: {"id":2814,"error":{"code":-32602,"message":"Invalid InterceptionId."},"sessionId":"69DE6D1A85B5D627489871F60443E14A"}
Build info: version: '4.11.0', revision: '040bc5406b'
System info: os.name: 'Windows 10', os.arch: 'amd64', os.version: '10.0', java.version: '11.0.18'
Driver info: driver.version: unknown
	at org.openqa.selenium.devtools.Connection.sendAndWait(Connection.java:181)
	at org.openqa.selenium.devtools.DevTools.send(DevTools.java:81)
	at org.openqa.selenium.devtools.idealized.Network.lambda$prepareToInterceptTraffic$3(Network.java:211)
	at org.openqa.selenium.remote.http.Filter.lambda$andFinally$1(Filter.java:55)
	at org.openqa.selenium.devtools.idealized.Network.lambda$prepareToInterceptTraffic$4(Network.java:226)
	at org.openqa.selenium.devtools.Connection.lambda$handle$4(Connection.java:321)
	at java.base/java.util.stream.ForEachOps$ForEachOp$OfRef.accept(ForEachOps.java:183)
	at java.base/java.util.stream.ReferencePipeline$2$1.accept(ReferencePipeline.java:177)
	at java.base/java.util.stream.ReferencePipeline$11$1.accept(ReferencePipeline.java:442)
	at java.base/java.util.HashMap$KeySpliterator.forEachRemaining(HashMap.java:1621)
	at java.base/java.util.stream.AbstractPipeline.copyInto(AbstractPipeline.java:484)
	at java.base/java.util.stream.AbstractPipeline.wrapAndCopyInto(AbstractPipeline.java:474)
	at java.base/java.util.stream.ForEachOps$ForEachOp.evaluateSequential(ForEachOps.java:150)
	at java.base/java.util.stream.ForEachOps$ForEachOp$OfRef.evaluateSequential(ForEachOps.java:173)
	at java.base/java.util.stream.AbstractPipeline.evaluate(AbstractPipeline.java:234)
	at java.base/java.util.stream.ReferencePipeline.forEach(ReferencePipeline.java:497)
	at org.openqa.selenium.devtools.Connection.handle(Connection.java:287)
	at org.openqa.selenium.devtools.Connection.access$200(Connection.java:57)
	at org.openqa.selenium.devtools.Connection$Listener.lambda$onText$0(Connection.java:224)
	at java.base/java.util.concurrent.ThreadPoolExecutor.runWorker(ThreadPoolExecutor.java:1128)
	at java.base/java.util.concurrent.ThreadPoolExecutor$Worker.run(ThreadPoolExecutor.java:628)
	at java.base/java.lang.Thread.run(Thread.java:829)
Caused by: org.openqa.selenium.WebDriverException: {"id":2814,"error":{"code":-32602,"message":"Invalid InterceptionId."},"sessionId":"69DE6D1A85B5D627489871F60443E14A"}
Build info: version: '4.11.0', revision: '040bc5406b'
System info: os.name: 'Windows 10', os.arch: 'amd64', os.version: '10.0', java.version: '11.0.18'
Driver info: driver.version: unknown
	at org.openqa.selenium.devtools.Connection.handle(Connection.java:260)
	... 5 more

Exception in thread "CDP Connection" org.openqa.selenium.devtools.DevToolsException: {"id":2814,"error":{"code":-32602,"message":"Invalid InterceptionId."},"sessionId":"69DE6D1A85B5D627489871F60443E14A"}
Build info: version: '4.11.0', revision: '040bc5406b'
System info: os.name: 'Windows 10', os.arch: 'amd64', os.version: '10.0', java.version: '11.0.18'
Driver info: driver.version: unknown
	at org.openqa.selenium.devtools.Connection$Listener.lambda$onText$0(Connection.java:227)
	at java.base/java.util.concurrent.ThreadPoolExecutor.runWorker(ThreadPoolExecutor.java:1128)
	at java.base/java.util.concurrent.ThreadPoolExecutor$Worker.run(ThreadPoolExecutor.java:628)
	at java.base/java.lang.Thread.run(Thread.java:829)
Caused by: org.openqa.selenium.devtools.DevToolsException: {"id":2814,"error":{"code":-32602,"message":"Invalid InterceptionId."},"sessionId":"69DE6D1A85B5D627489871F60443E14A"}
Build info: version: '4.11.0', revision: '040bc5406b'
System info: os.name: 'Windows 10', os.arch: 'amd64', os.version: '10.0', java.version: '11.0.18'
Driver info: driver.version: unknown
	at org.openqa.selenium.devtools.Connection.sendAndWait(Connection.java:181)
	at org.openqa.selenium.devtools.DevTools.send(DevTools.java:81)
	at org.openqa.selenium.devtools.idealized.Network.lambda$prepareToInterceptTraffic$3(Network.java:211)
	at org.openqa.selenium.remote.http.Filter.lambda$andFinally$1(Filter.java:55)
	at org.openqa.selenium.devtools.idealized.Network.lambda$prepareToInterceptTraffic$4(Network.java:226)
	at org.openqa.selenium.devtools.Connection.lambda$handle$4(Connection.java:321)
	at java.base/java.util.stream.ForEachOps$ForEachOp$OfRef.accept(ForEachOps.java:183)
	at java.base/java.util.stream.ReferencePipeline$2$1.accept(ReferencePipeline.java:177)
	at java.base/java.util.stream.ReferencePipeline$11$1.accept(ReferencePipeline.java:442)
	at java.base/java.util.HashMap$KeySpliterator.forEachRemaining(HashMap.java:1621)
	at java.base/java.util.stream.AbstractPipeline.copyInto(AbstractPipeline.java:484)
	at java.base/java.util.stream.AbstractPipeline.wrapAndCopyInto(AbstractPipeline.java:474)
	at java.base/java.util.stream.ForEachOps$ForEachOp.evaluateSequential(ForEachOps.java:150)
	at java.base/java.util.stream.ForEachOps$ForEachOp$OfRef.evaluateSequential(ForEachOps.java:173)
	at java.base/java.util.stream.AbstractPipeline.evaluate(AbstractPipeline.java:234)
	at java.base/java.util.stream.ReferencePipeline.forEach(ReferencePipeline.java:497)
	at org.openqa.selenium.devtools.Connection.handle(Connection.java:287)
	at org.openqa.selenium.devtools.Connection.access$200(Connection.java:57)
	at org.openqa.selenium.devtools.Connection$Listener.lambda$onText$0(Connection.java:224)
	... 3 more
Caused by: org.openqa.selenium.WebDriverException: {"id":2814,"error":{"code":-32602,"message":"Invalid InterceptionId."},"sessionId":"69DE6D1A85B5D627489871F60443E14A"}
Build info: version: '4.11.0', revision: '040bc5406b'
System info: os.name: 'Windows 10', os.arch: 'amd64', os.version: '10.0', java.version: '11.0.18'
Driver info: driver.version: unknown
	at org.openqa.selenium.devtools.Connection.handle(Connection.java:260)
	... 5 more
авг. 16, 2023 4:23:31 PM org.openqa.selenium.devtools.Connection$Listener lambda$onText$0
WARNING: Unable to process: {"method":"Fetch.requestPaused","params":{"requestId":"interception-job-453.0","request":{"url":"http://localhost:8080/static/css/2.7d875902.chunk.css","method":"GET","headers":{"Accept":"text/css,*/*;q=0.1","Referer":"http://localhost:8080/","User-Agent":"Mozilla/5.0 (Windows NT 10.0; Win64; x64) AppleWebKit/537.36 (KHTML, like Gecko) Chrome/116.0.0.0 Safari/537.36","sec-ch-ua":"\"Chromium\";v=\"116\", \"Not)A;Brand\";v=\"24\", \"Google Chrome\";v=\"116\"","sec-ch-ua-mobile":"?0","sec-ch-ua-platform":"\"Windows\""},"initialPriority":"VeryHigh","referrerPolicy":"unsafe-url"},"frameId":"D165F02B89151667DFD1BF49856829E7","resourceType":"Stylesheet","responseStatusCode":200,"responseStatusText":"","responseHeaders":[{"name":"Vary","value":"Origin"},{"name":"Vary","value":"Access-Control-Request-Method"},{"name":"Vary","value":"Access-Control-Request-Headers"},{"name":"Last-Modified","value":"Thu, 03 Aug 2023 10:18:16 GMT"},{"name":"Accept-Ranges","value":"bytes"},{"name":"Content-Type","value":"text/css"},{"name":"Content-Length","value":"87563"},{"name":"Date","value":"Wed, 16 Aug 2023 13:20:22 GMT"}]},"sessionId":"69DE6D1A85B5D627489871F60443E14A"}
org.openqa.selenium.devtools.DevToolsException: {"id":2817,"error":{"code":-32602,"message":"Invalid InterceptionId."},"sessionId":"69DE6D1A85B5D627489871F60443E14A"}
Build info: version: '4.11.0', revision: '040bc5406b'
System info: os.name: 'Windows 10', os.arch: 'amd64', os.version: '10.0', java.version: '11.0.18'
Driver info: driver.version: unknown
	at org.openqa.selenium.devtools.Connection.sendAndWait(Connection.java:181)
	at org.openqa.selenium.devtools.DevTools.send(DevTools.java:81)
	at org.openqa.selenium.devtools.idealized.Network.lambda$prepareToInterceptTraffic$4(Network.java:194)
	at org.openqa.selenium.devtools.Connection.lambda$handle$4(Connection.java:321)
	at java.base/java.util.stream.ForEachOps$ForEachOp$OfRef.accept(ForEachOps.java:183)
	at java.base/java.util.stream.ReferencePipeline$2$1.accept(ReferencePipeline.java:177)
	at java.base/java.util.stream.ReferencePipeline$11$1.accept(ReferencePipeline.java:442)
	at java.base/java.util.HashMap$KeySpliterator.forEachRemaining(HashMap.java:1621)
	at java.base/java.util.stream.AbstractPipeline.copyInto(AbstractPipeline.java:484)
	at java.base/java.util.stream.AbstractPipeline.wrapAndCopyInto(AbstractPipeline.java:474)
	at java.base/java.util.stream.ForEachOps$ForEachOp.evaluateSequential(ForEachOps.java:150)
	at java.base/java.util.stream.ForEachOps$ForEachOp$OfRef.evaluateSequential(ForEachOps.java:173)
	at java.base/java.util.stream.AbstractPipeline.evaluate(AbstractPipeline.java:234)
	at java.base/java.util.stream.ReferencePipeline.forEach(ReferencePipeline.java:497)
	at org.openqa.selenium.devtools.Connection.handle(Connection.java:287)
	at org.openqa.selenium.devtools.Connection.access$200(Connection.java:57)
	at org.openqa.selenium.devtools.Connection$Listener.lambda$onText$0(Connection.java:224)
	at java.base/java.util.concurrent.ThreadPoolExecutor.runWorker(ThreadPoolExecutor.java:1128)
	at java.base/java.util.concurrent.ThreadPoolExecutor$Worker.run(ThreadPoolExecutor.java:628)
	at java.base/java.lang.Thread.run(Thread.java:829)
Caused by: org.openqa.selenium.WebDriverException: {"id":2817,"error":{"code":-32602,"message":"Invalid InterceptionId."},"sessionId":"69DE6D1A85B5D627489871F60443E14A"}
Build info: version: '4.11.0', revision: '040bc5406b'
System info: os.name: 'Windows 10', os.arch: 'amd64', os.version: '10.0', java.version: '11.0.18'
Driver info: driver.version: unknown
	at org.openqa.selenium.devtools.Connection.handle(Connection.java:260)
	... 5 more

Exception in thread "CDP Connection" org.openqa.selenium.devtools.DevToolsException: {"id":2817,"error":{"code":-32602,"message":"Invalid InterceptionId."},"sessionId":"69DE6D1A85B5D627489871F60443E14A"}
Build info: version: '4.11.0', revision: '040bc5406b'
System info: os.name: 'Windows 10', os.arch: 'amd64', os.version: '10.0', java.version: '11.0.18'
Driver info: driver.version: unknown
	at org.openqa.selenium.devtools.Connection$Listener.lambda$onText$0(Connection.java:227)
	at java.base/java.util.concurrent.ThreadPoolExecutor.runWorker(ThreadPoolExecutor.java:1128)
	at java.base/java.util.concurrent.ThreadPoolExecutor$Worker.run(ThreadPoolExecutor.java:628)
	at java.base/java.lang.Thread.run(Thread.java:829)
Caused by: org.openqa.selenium.devtools.DevToolsException: {"id":2817,"error":{"code":-32602,"message":"Invalid InterceptionId."},"sessionId":"69DE6D1A85B5D627489871F60443E14A"}
Build info: version: '4.11.0', revision: '040bc5406b'
System info: os.name: 'Windows 10', os.arch: 'amd64', os.version: '10.0', java.version: '11.0.18'
Driver info: driver.version: unknown
	at org.openqa.selenium.devtools.Connection.sendAndWait(Connection.java:181)
	at org.openqa.selenium.devtools.DevTools.send(DevTools.java:81)
	at org.openqa.selenium.devtools.idealized.Network.lambda$prepareToInterceptTraffic$4(Network.java:194)
	at org.openqa.selenium.devtools.Connection.lambda$handle$4(Connection.java:321)
	at java.base/java.util.stream.ForEachOps$ForEachOp$OfRef.accept(ForEachOps.java:183)
	at java.base/java.util.stream.ReferencePipeline$2$1.accept(ReferencePipeline.java:177)
	at java.base/java.util.stream.ReferencePipeline$11$1.accept(ReferencePipeline.java:442)
	at java.base/java.util.HashMap$KeySpliterator.forEachRemaining(HashMap.java:1621)
	at java.base/java.util.stream.AbstractPipeline.copyInto(AbstractPipeline.java:484)
	at java.base/java.util.stream.AbstractPipeline.wrapAndCopyInto(AbstractPipeline.java:474)
	at java.base/java.util.stream.ForEachOps$ForEachOp.evaluateSequential(ForEachOps.java:150)
	at java.base/java.util.stream.ForEachOps$ForEachOp$OfRef.evaluateSequential(ForEachOps.java:173)
	at java.base/java.util.stream.AbstractPipeline.evaluate(AbstractPipeline.java:234)
	at java.base/java.util.stream.ReferencePipeline.forEach(ReferencePipeline.java:497)
	at org.openqa.selenium.devtools.Connection.handle(Connection.java:287)
	at org.openqa.selenium.devtools.Connection.access$200(Connection.java:57)
	at org.openqa.selenium.devtools.Connection$Listener.lambda$onText$0(Connection.java:224)
	... 3 more
авг. 16, 2023 4:23:31 PM org.openqa.selenium.devtools.Connection$Listener lambda$onText$0
Caused by: org.openqa.selenium.WebDriverException: {"id":2817,"error":{"code":-32602,"message":"Invalid InterceptionId."},"sessionId":"69DE6D1A85B5D627489871F60443E14A"}
Build info: version: '4.11.0', revision: '040bc5406b'
System info: os.name: 'Windows 10', os.arch: 'amd64', os.version: '10.0', java.version: '11.0.18'
Driver info: driver.version: unknown
WARNING: Unable to process: {"method":"Fetch.requestPaused","params":{"requestId":"interception-job-456.0","request":{"url":"http://localhost:8080/static/js/main.aab190f3.chunk.js","method":"GET","headers":{"Accept":"*/*","Referer":"http://localhost:8080/","User-Agent":"Mozilla/5.0 (Windows NT 10.0; Win64; x64) AppleWebKit/537.36 (KHTML, like Gecko) Chrome/116.0.0.0 Safari/537.36","sec-ch-ua":"\"Chromium\";v=\"116\", \"Not)A;Brand\";v=\"24\", \"Google Chrome\";v=\"116\"","sec-ch-ua-mobile":"?0","sec-ch-ua-platform":"\"Windows\""},"initialPriority":"High","referrerPolicy":"strict-origin-when-cross-origin"},"frameId":"D165F02B89151667DFD1BF49856829E7","resourceType":"Script"},"sessionId":"69DE6D1A85B5D627489871F60443E14A"}
org.openqa.selenium.devtools.DevToolsException: {"id":2820,"error":{"code":-32602,"message":"Invalid InterceptionId."},"sessionId":"69DE6D1A85B5D627489871F60443E14A"}
Build info: version: '4.11.0', revision: '040bc5406b'
System info: os.name: 'Windows 10', os.arch: 'amd64', os.version: '10.0', java.version: '11.0.18'
Driver info: driver.version: unknown
	at org.openqa.selenium.devtools.Connection.sendAndWait(Connection.java:181)
	at org.openqa.selenium.devtools.DevTools.send(DevTools.java:81)
	at org.openqa.selenium.devtools.Connection.handle(Connection.java:260)
	at org.openqa.selenium.devtools.idealized.Network.lambda$prepareToInterceptTraffic$3(Network.java:211)
	... 5 more
	at org.openqa.selenium.remote.http.Filter.lambda$andFinally$1(Filter.java:55)
	at org.openqa.selenium.devtools.idealized.Network.lambda$prepareToInterceptTraffic$4(Network.java:226)
	at org.openqa.selenium.devtools.Connection.lambda$handle$4(Connection.java:321)
	at java.base/java.util.stream.ForEachOps$ForEachOp$OfRef.accept(ForEachOps.java:183)
	at java.base/java.util.stream.ReferencePipeline$2$1.accept(ReferencePipeline.java:177)
	at java.base/java.util.stream.ReferencePipeline$11$1.accept(ReferencePipeline.java:442)
	at java.base/java.util.HashMap$KeySpliterator.forEachRemaining(HashMap.java:1621)
	at java.base/java.util.stream.AbstractPipeline.copyInto(AbstractPipeline.java:484)
	at java.base/java.util.stream.AbstractPipeline.wrapAndCopyInto(AbstractPipeline.java:474)
	at java.base/java.util.stream.ForEachOps$ForEachOp.evaluateSequential(ForEachOps.java:150)
	at java.base/java.util.stream.ForEachOps$ForEachOp$OfRef.evaluateSequential(ForEachOps.java:173)
	at java.base/java.util.stream.AbstractPipeline.evaluate(AbstractPipeline.java:234)
	at java.base/java.util.stream.ReferencePipeline.forEach(ReferencePipeline.java:497)
	at org.openqa.selenium.devtools.Connection.handle(Connection.java:287)
	at org.openqa.selenium.devtools.Connection.access$200(Connection.java:57)
	at org.openqa.selenium.devtools.Connection$Listener.lambda$onText$0(Connection.java:224)
	at java.base/java.util.concurrent.ThreadPoolExecutor.runWorker(ThreadPoolExecutor.java:1128)
	at java.base/java.util.concurrent.ThreadPoolExecutor$Worker.run(ThreadPoolExecutor.java:628)
	at java.base/java.lang.Thread.run(Thread.java:829)
Caused by: org.openqa.selenium.WebDriverException: {"id":2820,"error":{"code":-32602,"message":"Invalid InterceptionId."},"sessionId":"69DE6D1A85B5D627489871F60443E14A"}
Build info: version: '4.11.0', revision: '040bc5406b'
System info: os.name: 'Windows 10', os.arch: 'amd64', os.version: '10.0', java.version: '11.0.18'
Driver info: driver.version: unknown
	at org.openqa.selenium.devtools.Connection.handle(Connection.java:260)
	... 5 more

Exception in thread "CDP Connection" org.openqa.selenium.devtools.DevToolsException: {"id":2820,"error":{"code":-32602,"message":"Invalid InterceptionId."},"sessionId":"69DE6D1A85B5D627489871F60443E14A"}
Build info: version: '4.11.0', revision: '040bc5406b'
System info: os.name: 'Windows 10', os.arch: 'amd64', os.version: '10.0', java.version: '11.0.18'
Driver info: driver.version: unknown
	at org.openqa.selenium.devtools.Connection$Listener.lambda$onText$0(Connection.java:227)
	at java.base/java.util.concurrent.ThreadPoolExecutor.runWorker(ThreadPoolExecutor.java:1128)
	at java.base/java.util.concurrent.ThreadPoolExecutor$Worker.run(ThreadPoolExecutor.java:628)
	at java.base/java.lang.Thread.run(Thread.java:829)
Caused by: org.openqa.selenium.devtools.DevToolsException: {"id":2820,"error":{"code":-32602,"message":"Invalid InterceptionId."},"sessionId":"69DE6D1A85B5D627489871F60443E14A"}
Build info: version: '4.11.0', revision: '040bc5406b'
System info: os.name: 'Windows 10', os.arch: 'amd64', os.version: '10.0', java.version: '11.0.18'
Driver info: driver.version: unknown
	at org.openqa.selenium.devtools.Connection.sendAndWait(Connection.java:181)
	at org.openqa.selenium.devtools.DevTools.send(DevTools.java:81)
	at org.openqa.selenium.devtools.idealized.Network.lambda$prepareToInterceptTraffic$3(Network.java:211)
	at org.openqa.selenium.remote.http.Filter.lambda$andFinally$1(Filter.java:55)
	at org.openqa.selenium.devtools.idealized.Network.lambda$prepareToInterceptTraffic$4(Network.java:226)
	at org.openqa.selenium.devtools.Connection.lambda$handle$4(Connection.java:321)
	at java.base/java.util.stream.ForEachOps$ForEachOp$OfRef.accept(ForEachOps.java:183)
	at java.base/java.util.stream.ReferencePipeline$2$1.accept(ReferencePipeline.java:177)
	at java.base/java.util.stream.ReferencePipeline$11$1.accept(ReferencePipeline.java:442)
	at java.base/java.util.HashMap$KeySpliterator.forEachRemaining(HashMap.java:1621)
	at java.base/java.util.stream.AbstractPipeline.copyInto(AbstractPipeline.java:484)
	at java.base/java.util.stream.AbstractPipeline.wrapAndCopyInto(AbstractPipeline.java:474)
	at java.base/java.util.stream.ForEachOps$ForEachOp.evaluateSequential(ForEachOps.java:150)
	at java.base/java.util.stream.ForEachOps$ForEachOp$OfRef.evaluateSequential(ForEachOps.java:173)
	at java.base/java.util.stream.AbstractPipeline.evaluate(AbstractPipeline.java:234)
	at java.base/java.util.stream.ReferencePipeline.forEach(ReferencePipeline.java:497)
	at org.openqa.selenium.devtools.Connection.handle(Connection.java:287)
	at org.openqa.selenium.devtools.Connection.access$200(Connection.java:57)
	at org.openqa.selenium.devtools.Connection$Listener.lambda$onText$0(Connection.java:224)
	... 3 more
Caused by: org.openqa.selenium.WebDriverException: {"id":2820,"error":{"code":-32602,"message":"Invalid InterceptionId."},"sessionId":"69DE6D1A85B5D627489871F60443E14A"}
Build info: version: '4.11.0', revision: '040bc5406b'
System info: os.name: 'Windows 10', os.arch: 'amd64', os.version: '10.0', java.version: '11.0.18'
Driver info: driver.version: unknown
	at org.openqa.selenium.devtools.Connection.handle(Connection.java:260)
	... 5 more
авг. 16, 2023 4:23:31 PM org.openqa.selenium.devtools.Connection$Listener lambda$onText$0
WARNING: Unable to process: {"method":"Fetch.requestPaused","params":{"requestId":"interception-job-453.0","request":{"url":"http://localhost:8080/static/css/2.7d875902.chunk.css","method":"GET","headers":{"Accept":"text/css,*/*;q=0.1","Referer":"http://localhost:8080/","User-Agent":"Mozilla/5.0 (Windows NT 10.0; Win64; x64) AppleWebKit/537.36 (KHTML, like Gecko) Chrome/116.0.0.0 Safari/537.36","sec-ch-ua":"\"Chromium\";v=\"116\", \"Not)A;Brand\";v=\"24\", \"Google Chrome\";v=\"116\"","sec-ch-ua-mobile":"?0","sec-ch-ua-platform":"\"Windows\""},"initialPriority":"VeryHigh","referrerPolicy":"strict-origin-when-cross-origin"},"frameId":"D165F02B89151667DFD1BF49856829E7","resourceType":"Stylesheet"},"sessionId":"69DE6D1A85B5D627489871F60443E14A"}
org.openqa.selenium.devtools.DevToolsException: {"id":2818,"error":{"code":-32602,"message":"Invalid InterceptionId."},"sessionId":"69DE6D1A85B5D627489871F60443E14A"}
Build info: version: '4.11.0', revision: '040bc5406b'
System info: os.name: 'Windows 10', os.arch: 'amd64', os.version: '10.0', java.version: '11.0.18'
Driver info: driver.version: unknown
	at org.openqa.selenium.devtools.Connection.sendAndWait(Connection.java:181)
	at org.openqa.selenium.devtools.DevTools.send(DevTools.java:81)
	at org.openqa.selenium.devtools.idealized.Network.lambda$prepareToInterceptTraffic$3(Network.java:211)
	at org.openqa.selenium.remote.http.Filter.lambda$andFinally$1(Filter.java:55)
	at org.openqa.selenium.devtools.idealized.Network.lambda$prepareToInterceptTraffic$4(Network.java:226)
	at org.openqa.selenium.devtools.Connection.lambda$handle$4(Connection.java:321)
	at java.base/java.util.stream.ForEachOps$ForEachOp$OfRef.accept(ForEachOps.java:183)
	at java.base/java.util.stream.ReferencePipeline$2$1.accept(ReferencePipeline.java:177)
	at java.base/java.util.stream.ReferencePipeline$11$1.accept(ReferencePipeline.java:442)
	at java.base/java.util.HashMap$KeySpliterator.forEachRemaining(HashMap.java:1621)
	at java.base/java.util.stream.AbstractPipeline.copyInto(AbstractPipeline.java:484)
	at java.base/java.util.stream.AbstractPipeline.wrapAndCopyInto(AbstractPipeline.java:474)
	at java.base/java.util.stream.ForEachOps$ForEachOp.evaluateSequential(ForEachOps.java:150)
	at java.base/java.util.stream.ForEachOps$ForEachOp$OfRef.evaluateSequential(ForEachOps.java:173)
	at java.base/java.util.stream.AbstractPipeline.evaluate(AbstractPipeline.java:234)
	at java.base/java.util.stream.ReferencePipeline.forEach(ReferencePipeline.java:497)
	at org.openqa.selenium.devtools.Connection.handle(Connection.java:287)
	at org.openqa.selenium.devtools.Connection.access$200(Connection.java:57)
	at org.openqa.selenium.devtools.Connection$Listener.lambda$onText$0(Connection.java:224)
	at java.base/java.util.concurrent.ThreadPoolExecutor.runWorker(ThreadPoolExecutor.java:1128)
	at java.base/java.util.concurrent.ThreadPoolExecutor$Worker.run(ThreadPoolExecutor.java:628)
	at java.base/java.lang.Thread.run(Thread.java:829)
Caused by: org.openqa.selenium.WebDriverException: {"id":2818,"error":{"code":-32602,"message":"Invalid InterceptionId."},"sessionId":"69DE6D1A85B5D627489871F60443E14A"}
Build info: version: '4.11.0', revision: '040bc5406b'
System info: os.name: 'Windows 10', os.arch: 'amd64', os.version: '10.0', java.version: '11.0.18'
Driver info: driver.version: unknown
	at org.openqa.selenium.devtools.Connection.handle(Connection.java:260)
	... 5 more

авг. 16, 2023 4:23:31 PM org.openqa.selenium.devtools.Connection$Listener lambda$onText$0
WARNING: Unable to process: {"method":"Fetch.requestPaused","params":{"requestId":"interception-job-456.0","request":{"url":"http://localhost:8080/static/js/main.aab190f3.chunk.js","method":"GET","headers":{"Accept":"*/*","Referer":"http://localhost:8080/","User-Agent":"Mozilla/5.0 (Windows NT 10.0; Win64; x64) AppleWebKit/537.36 (KHTML, like Gecko) Chrome/116.0.0.0 Safari/537.36","sec-ch-ua":"\"Chromium\";v=\"116\", \"Not)A;Brand\";v=\"24\", \"Google Chrome\";v=\"116\"","sec-ch-ua-mobile":"?0","sec-ch-ua-platform":"\"Windows\""},"initialPriority":"High","referrerPolicy":"unsafe-url"},"frameId":"D165F02B89151667DFD1BF49856829E7","resourceType":"Script","responseStatusCode":200,"responseStatusText":"","responseHeaders":[{"name":"Vary","value":"Origin"},{"name":"Vary","value":"Access-Control-Request-Method"},{"name":"Vary","value":"Access-Control-Request-Headers"},{"name":"Last-Modified","value":"Thu, 03 Aug 2023 10:18:16 GMT"},{"name":"Accept-Ranges","value":"bytes"},{"name":"Content-Type","value":"application/javascript"},{"name":"Content-Length","value":"9137"},{"name":"Date","value":"Wed, 16 Aug 2023 13:20:22 GMT"}]},"sessionId":"69DE6D1A85B5D627489871F60443E14A"}
org.openqa.selenium.devtools.DevToolsException: {"id":2819,"error":{"code":-32602,"message":"Invalid InterceptionId."},"sessionId":"69DE6D1A85B5D627489871F60443E14A"}
Build info: version: '4.11.0', revision: '040bc5406b'
System info: os.name: 'Windows 10', os.arch: 'amd64', os.version: '10.0', java.version: '11.0.18'
Driver info: driver.version: unknown
	at org.openqa.selenium.devtools.Connection.sendAndWait(Connection.java:181)
	at org.openqa.selenium.devtools.DevTools.send(DevTools.java:81)
	at org.openqa.selenium.devtools.idealized.Network.lambda$prepareToInterceptTraffic$4(Network.java:194)
	at org.openqa.selenium.devtools.Connection.lambda$handle$4(Connection.java:321)
	at java.base/java.util.stream.ForEachOps$ForEachOp$OfRef.accept(ForEachOps.java:183)
	at java.base/java.util.stream.ReferencePipeline$2$1.accept(ReferencePipeline.java:177)
	at java.base/java.util.stream.ReferencePipeline$11$1.accept(ReferencePipeline.java:442)
	at java.base/java.util.HashMap$KeySpliterator.forEachRemaining(HashMap.java:1621)
	at java.base/java.util.stream.AbstractPipeline.copyInto(AbstractPipeline.java:484)
	at java.base/java.util.stream.AbstractPipeline.wrapAndCopyInto(AbstractPipeline.java:474)
	at java.base/java.util.stream.ForEachOps$ForEachOp.evaluateSequential(ForEachOps.java:150)
	at java.base/java.util.stream.ForEachOps$ForEachOp$OfRef.evaluateSequential(ForEachOps.java:173)
	at java.base/java.util.stream.AbstractPipeline.evaluate(AbstractPipeline.java:234)
	at java.base/java.util.stream.ReferencePipeline.forEach(ReferencePipeline.java:497)
	at org.openqa.selenium.devtools.Connection.handle(Connection.java:287)
	at org.openqa.selenium.devtools.Connection.access$200(Connection.java:57)
	at org.openqa.selenium.devtools.Connection$Listener.lambda$onText$0(Connection.java:224)
	at java.base/java.util.concurrent.ThreadPoolExecutor.runWorker(ThreadPoolExecutor.java:1128)
	at java.base/java.util.concurrent.ThreadPoolExecutor$Worker.run(ThreadPoolExecutor.java:628)
	at java.base/java.lang.Thread.run(Thread.java:829)
Caused by: org.openqa.selenium.WebDriverException: {"id":2819,"error":{"code":-32602,"message":"Invalid InterceptionId."},"sessionId":"69DE6D1A85B5D627489871F60443E14A"}
Build info: version: '4.11.0', revision: '040bc5406b'
System info: os.name: 'Windows 10', os.arch: 'amd64', os.version: '10.0', java.version: '11.0.18'
Driver info: driver.version: unknown
	at org.openqa.selenium.devtools.Connection.handle(Connection.java:260)
	... 5 more

Exception in thread "CDP Connection" org.openqa.selenium.devtools.DevToolsException: {"id":2818,"error":{"code":-32602,"message":"Invalid InterceptionId."},"sessionId":"69DE6D1A85B5D627489871F60443E14A"}
Build info: version: '4.11.0', revision: '040bc5406b'
System info: os.name: 'Windows 10', os.arch: 'amd64', os.version: '10.0', java.version: '11.0.18'
Driver info: driver.version: unknown
	at org.openqa.selenium.devtools.Connection$Listener.lambda$onText$0(Connection.java:227)
	at java.base/java.util.concurrent.ThreadPoolExecutor.runWorker(ThreadPoolExecutor.java:1128)
	at java.base/java.util.concurrent.ThreadPoolExecutor$Worker.run(ThreadPoolExecutor.java:628)
	at java.base/java.lang.Thread.run(Thread.java:829)
Caused by: org.openqa.selenium.devtools.DevToolsException: {"id":2818,"error":{"code":-32602,"message":"Invalid InterceptionId."},"sessionId":"69DE6D1A85B5D627489871F60443E14A"}
Build info: version: '4.11.0', revision: '040bc5406b'
System info: os.name: 'Windows 10', os.arch: 'amd64', os.version: '10.0', java.version: '11.0.18'
Driver info: driver.version: unknown
	at org.openqa.selenium.devtools.Connection.sendAndWait(Connection.java:181)
	at org.openqa.selenium.devtools.DevTools.send(DevTools.java:81)
	at org.openqa.selenium.devtools.idealized.Network.lambda$prepareToInterceptTraffic$3(Network.java:211)
	at org.openqa.selenium.remote.http.Filter.lambda$andFinally$1(Filter.java:55)
	at org.openqa.selenium.devtools.idealized.Network.lambda$prepareToInterceptTraffic$4(Network.java:226)
	at org.openqa.selenium.devtools.Connection.lambda$handle$4(Connection.java:321)
	at java.base/java.util.stream.ForEachOps$ForEachOp$OfRef.accept(ForEachOps.java:183)
	at java.base/java.util.stream.ReferencePipeline$2$1.accept(ReferencePipeline.java:177)
	at java.base/java.util.stream.ReferencePipeline$11$1.accept(ReferencePipeline.java:442)
	at java.base/java.util.HashMap$KeySpliterator.forEachRemaining(HashMap.java:1621)
	at java.base/java.util.stream.AbstractPipeline.copyInto(AbstractPipeline.java:484)
	at java.base/java.util.stream.AbstractPipeline.wrapAndCopyInto(AbstractPipeline.java:474)
	at java.base/java.util.stream.ForEachOps$ForEachOp.evaluateSequential(ForEachOps.java:150)
	at java.base/java.util.stream.ForEachOps$ForEachOp$OfRef.evaluateSequential(ForEachOps.java:173)
	at java.base/java.util.stream.AbstractPipeline.evaluate(AbstractPipeline.java:234)
	at java.base/java.util.stream.ReferencePipeline.forEach(ReferencePipeline.java:497)
	at org.openqa.selenium.devtools.Connection.handle(Connection.java:287)
	at org.openqa.selenium.devtools.Connection.access$200(Connection.java:57)
	at org.openqa.selenium.devtools.Connection$Listener.lambda$onText$0(Connection.java:224)
	... 3 more
Caused by: org.openqa.selenium.WebDriverException: {"id":2818,"error":{"code":-32602,"message":"Invalid InterceptionId."},"sessionId":"69DE6D1A85B5D627489871F60443E14A"}
Build info: version: '4.11.0', revision: '040bc5406b'
System info: os.name: 'Windows 10', os.arch: 'amd64', os.version: '10.0', java.version: '11.0.18'
Driver info: driver.version: unknown
	at org.openqa.selenium.devtools.Connection.handle(Connection.java:260)
	... 5 more
Exception in thread "CDP Connection" org.openqa.selenium.devtools.DevToolsException: {"id":2819,"error":{"code":-32602,"message":"Invalid InterceptionId."},"sessionId":"69DE6D1A85B5D627489871F60443E14A"}
Build info: version: '4.11.0', revision: '040bc5406b'
System info: os.name: 'Windows 10', os.arch: 'amd64', os.version: '10.0', java.version: '11.0.18'
Driver info: driver.version: unknown
	at org.openqa.selenium.devtools.Connection$Listener.lambda$onText$0(Connection.java:227)
	at java.base/java.util.concurrent.ThreadPoolExecutor.runWorker(ThreadPoolExecutor.java:1128)
	at java.base/java.util.concurrent.ThreadPoolExecutor$Worker.run(ThreadPoolExecutor.java:628)
	at java.base/java.lang.Thread.run(Thread.java:829)
Caused by: org.openqa.selenium.devtools.DevToolsException: {"id":2819,"error":{"code":-32602,"message":"Invalid InterceptionId."},"sessionId":"69DE6D1A85B5D627489871F60443E14A"}
Build info: version: '4.11.0', revision: '040bc5406b'
System info: os.name: 'Windows 10', os.arch: 'amd64', os.version: '10.0', java.version: '11.0.18'
Driver info: driver.version: unknown
	at org.openqa.selenium.devtools.Connection.sendAndWait(Connection.java:181)
	at org.openqa.selenium.devtools.DevTools.send(DevTools.java:81)
	at org.openqa.selenium.devtools.idealized.Network.lambda$prepareToInterceptTraffic$4(Network.java:194)
	at org.openqa.selenium.devtools.Connection.lambda$handle$4(Connection.java:321)
	at java.base/java.util.stream.ForEachOps$ForEachOp$OfRef.accept(ForEachOps.java:183)
	at java.base/java.util.stream.ReferencePipeline$2$1.accept(ReferencePipeline.java:177)
	at java.base/java.util.stream.ReferencePipeline$11$1.accept(ReferencePipeline.java:442)
	at java.base/java.util.HashMap$KeySpliterator.forEachRemaining(HashMap.java:1621)
	at java.base/java.util.stream.AbstractPipeline.copyInto(AbstractPipeline.java:484)
	at java.base/java.util.stream.AbstractPipeline.wrapAndCopyInto(AbstractPipeline.java:474)
	at java.base/java.util.stream.ForEachOps$ForEachOp.evaluateSequential(ForEachOps.java:150)
	at java.base/java.util.stream.ForEachOps$ForEachOp$OfRef.evaluateSequential(ForEachOps.java:173)
	at java.base/java.util.stream.AbstractPipeline.evaluate(AbstractPipeline.java:234)
	at java.base/java.util.stream.ReferencePipeline.forEach(ReferencePipeline.java:497)
	at org.openqa.selenium.devtools.Connection.handle(Connection.java:287)
	at org.openqa.selenium.devtools.Connection.access$200(Connection.java:57)
	at org.openqa.selenium.devtools.Connection$Listener.lambda$onText$0(Connection.java:224)
	... 3 more
Caused by: org.openqa.selenium.WebDriverException: {"id":2819,"error":{"code":-32602,"message":"Invalid InterceptionId."},"sessionId":"69DE6D1A85B5D627489871F60443E14A"}
Build info: version: '4.11.0', revision: '040bc5406b'
System info: os.name: 'Windows 10', os.arch: 'amd64', os.version: '10.0', java.version: '11.0.18'
Driver info: driver.version: unknown
	at org.openqa.selenium.devtools.Connection.handle(Connection.java:260)
	... 5 more
авг. 16, 2023 4:23:31 PM org.openqa.selenium.devtools.Connection$Listener lambda$onText$0
WARNING: Unable to process: {"method":"Fetch.requestPaused","params":{"requestId":"interception-job-455.0","request":{"url":"http://localhost:8080/static/js/2.0716afe8.chunk.js","method":"GET","headers":{"Accept":"*/*","Referer":"http://localhost:8080/","User-Agent":"Mozilla/5.0 (Windows NT 10.0; Win64; x64) AppleWebKit/537.36 (KHTML, like Gecko) Chrome/116.0.0.0 Safari/537.36","sec-ch-ua":"\"Chromium\";v=\"116\", \"Not)A;Brand\";v=\"24\", \"Google Chrome\";v=\"116\"","sec-ch-ua-mobile":"?0","sec-ch-ua-platform":"\"Windows\""},"initialPriority":"High","referrerPolicy":"unsafe-url"},"frameId":"D165F02B89151667DFD1BF49856829E7","resourceType":"Script","responseStatusCode":200,"responseStatusText":"","responseHeaders":[{"name":"Vary","value":"Origin"},{"name":"Vary","value":"Access-Control-Request-Method"},{"name":"Vary","value":"Access-Control-Request-Headers"},{"name":"Last-Modified","value":"Thu, 03 Aug 2023 10:18:16 GMT"},{"name":"Accept-Ranges","value":"bytes"},{"name":"Content-Type","value":"application/javascript"},{"name":"Content-Length","value":"228167"},{"name":"Date","value":"Wed, 16 Aug 2023 13:20:22 GMT"}]},"sessionId":"69DE6D1A85B5D627489871F60443E14A"}
org.openqa.selenium.devtools.DevToolsException: {"id":2823,"error":{"code":-32602,"message":"Invalid InterceptionId."},"sessionId":"69DE6D1A85B5D627489871F60443E14A"}
Build info: version: '4.11.0', revision: '040bc5406b'
System info: os.name: 'Windows 10', os.arch: 'amd64', os.version: '10.0', java.version: '11.0.18'
Driver info: driver.version: unknown
	at org.openqa.selenium.devtools.Connection.sendAndWait(Connection.java:181)
	at org.openqa.selenium.devtools.DevTools.send(DevTools.java:81)
	at org.openqa.selenium.devtools.idealized.Network.lambda$prepareToInterceptTraffic$4(Network.java:194)
	at org.openqa.selenium.devtools.Connection.lambda$handle$4(Connection.java:321)
	at java.base/java.util.stream.ForEachOps$ForEachOp$OfRef.accept(ForEachOps.java:183)
	at java.base/java.util.stream.ReferencePipeline$2$1.accept(ReferencePipeline.java:177)
	at java.base/java.util.stream.ReferencePipeline$11$1.accept(ReferencePipeline.java:442)
	at java.base/java.util.HashMap$KeySpliterator.forEachRemaining(HashMap.java:1621)
	at java.base/java.util.stream.AbstractPipeline.copyInto(AbstractPipeline.java:484)
	at java.base/java.util.stream.AbstractPipeline.wrapAndCopyInto(AbstractPipeline.java:474)
	at java.base/java.util.stream.ForEachOps$ForEachOp.evaluateSequential(ForEachOps.java:150)
	at java.base/java.util.stream.ForEachOps$ForEachOp$OfRef.evaluateSequential(ForEachOps.java:173)
	at java.base/java.util.stream.AbstractPipeline.evaluate(AbstractPipeline.java:234)
	at java.base/java.util.stream.ReferencePipeline.forEach(ReferencePipeline.java:497)
	at org.openqa.selenium.devtools.Connection.handle(Connection.java:287)
	at org.openqa.selenium.devtools.Connection.access$200(Connection.java:57)
	at org.openqa.selenium.devtools.Connection$Listener.lambda$onText$0(Connection.java:224)
	at java.base/java.util.concurrent.ThreadPoolExecutor.runWorker(ThreadPoolExecutor.java:1128)
	at java.base/java.util.concurrent.ThreadPoolExecutor$Worker.run(ThreadPoolExecutor.java:628)
	at java.base/java.lang.Thread.run(Thread.java:829)
Caused by: org.openqa.selenium.WebDriverException: {"id":2823,"error":{"code":-32602,"message":"Invalid InterceptionId."},"sessionId":"69DE6D1A85B5D627489871F60443E14A"}
Build info: version: '4.11.0', revision: '040bc5406b'
System info: os.name: 'Windows 10', os.arch: 'amd64', os.version: '10.0', java.version: '11.0.18'
Driver info: driver.version: unknown
	at org.openqa.selenium.devtools.Connection.handle(Connection.java:260)
	... 5 more

Exception in thread "CDP Connection" org.openqa.selenium.devtools.DevToolsException: {"id":2823,"error":{"code":-32602,"message":"Invalid InterceptionId."},"sessionId":"69DE6D1A85B5D627489871F60443E14A"}
Build info: version: '4.11.0', revision: '040bc5406b'
System info: os.name: 'Windows 10', os.arch: 'amd64', os.version: '10.0', java.version: '11.0.18'
Driver info: driver.version: unknown
	at org.openqa.selenium.devtools.Connection$Listener.lambda$onText$0(Connection.java:227)
	at java.base/java.util.concurrent.ThreadPoolExecutor.runWorker(ThreadPoolExecutor.java:1128)
	at java.base/java.util.concurrent.ThreadPoolExecutor$Worker.run(ThreadPoolExecutor.java:628)
	at java.base/java.lang.Thread.run(Thread.java:829)
Caused by: org.openqa.selenium.devtools.DevToolsException: {"id":2823,"error":{"code":-32602,"message":"Invalid InterceptionId."},"sessionId":"69DE6D1A85B5D627489871F60443E14A"}
Build info: version: '4.11.0', revision: '040bc5406b'
System info: os.name: 'Windows 10', os.arch: 'amd64', os.version: '10.0', java.version: '11.0.18'
Driver info: driver.version: unknown
	at org.openqa.selenium.devtools.Connection.sendAndWait(Connection.java:181)
	at org.openqa.selenium.devtools.DevTools.send(DevTools.java:81)
	at org.openqa.selenium.devtools.idealized.Network.lambda$prepareToInterceptTraffic$4(Network.java:194)
	at org.openqa.selenium.devtools.Connection.lambda$handle$4(Connection.java:321)
	at java.base/java.util.stream.ForEachOps$ForEachOp$OfRef.accept(ForEachOps.java:183)
	at java.base/java.util.stream.ReferencePipeline$2$1.accept(ReferencePipeline.java:177)
	at java.base/java.util.stream.ReferencePipeline$11$1.accept(ReferencePipeline.java:442)
	at java.base/java.util.HashMap$KeySpliterator.forEachRemaining(HashMap.java:1621)
	at java.base/java.util.stream.AbstractPipeline.copyInto(AbstractPipeline.java:484)
	at java.base/java.util.stream.AbstractPipeline.wrapAndCopyInto(AbstractPipeline.java:474)
	at java.base/java.util.stream.ForEachOps$ForEachOp.evaluateSequential(ForEachOps.java:150)
	at java.base/java.util.stream.ForEachOps$ForEachOp$OfRef.evaluateSequential(ForEachOps.java:173)
	at java.base/java.util.stream.AbstractPipeline.evaluate(AbstractPipeline.java:234)
	at java.base/java.util.stream.ReferencePipeline.forEach(ReferencePipeline.java:497)
	at org.openqa.selenium.devtools.Connection.handle(Connection.java:287)
	at org.openqa.selenium.devtools.Connection.access$200(Connection.java:57)
	at org.openqa.selenium.devtools.Connection$Listener.lambda$onText$0(Connection.java:224)
	... 3 more
Caused by: org.openqa.selenium.WebDriverException: {"id":2823,"error":{"code":-32602,"message":"Invalid InterceptionId."},"sessionId":"69DE6D1A85B5D627489871F60443E14A"}
Build info: version: '4.11.0', revision: '040bc5406b'
System info: os.name: 'Windows 10', os.arch: 'amd64', os.version: '10.0', java.version: '11.0.18'
Driver info: driver.version: unknown
	at org.openqa.selenium.devtools.Connection.handle(Connection.java:260)
	... 5 more
авг. 16, 2023 4:23:31 PM org.openqa.selenium.devtools.Connection$Listener lambda$onText$0
WARNING: Unable to process: {"method":"Fetch.requestPaused","params":{"requestId":"interception-job-455.0","request":{"url":"http://localhost:8080/static/js/2.0716afe8.chunk.js","method":"GET","headers":{"Accept":"*/*","Referer":"http://localhost:8080/","User-Agent":"Mozilla/5.0 (Windows NT 10.0; Win64; x64) AppleWebKit/537.36 (KHTML, like Gecko) Chrome/116.0.0.0 Safari/537.36","sec-ch-ua":"\"Chromium\";v=\"116\", \"Not)A;Brand\";v=\"24\", \"Google Chrome\";v=\"116\"","sec-ch-ua-mobile":"?0","sec-ch-ua-platform":"\"Windows\""},"initialPriority":"High","referrerPolicy":"strict-origin-when-cross-origin"},"frameId":"D165F02B89151667DFD1BF49856829E7","resourceType":"Script"},"sessionId":"69DE6D1A85B5D627489871F60443E14A"}
org.openqa.selenium.devtools.DevToolsException: {"id":2824,"error":{"code":-32602,"message":"Invalid InterceptionId."},"sessionId":"69DE6D1A85B5D627489871F60443E14A"}
Build info: version: '4.11.0', revision: '040bc5406b'
System info: os.name: 'Windows 10', os.arch: 'amd64', os.version: '10.0', java.version: '11.0.18'
Driver info: driver.version: unknown
	at org.openqa.selenium.devtools.Connection.sendAndWait(Connection.java:181)
	at org.openqa.selenium.devtools.DevTools.send(DevTools.java:81)
	at org.openqa.selenium.devtools.idealized.Network.lambda$prepareToInterceptTraffic$3(Network.java:211)
	at org.openqa.selenium.remote.http.Filter.lambda$andFinally$1(Filter.java:55)
	at org.openqa.selenium.devtools.idealized.Network.lambda$prepareToInterceptTraffic$4(Network.java:226)
	at org.openqa.selenium.devtools.Connection.lambda$handle$4(Connection.java:321)
	at java.base/java.util.stream.ForEachOps$ForEachOp$OfRef.accept(ForEachOps.java:183)
	at java.base/java.util.stream.ReferencePipeline$2$1.accept(ReferencePipeline.java:177)
	at java.base/java.util.stream.ReferencePipeline$11$1.accept(ReferencePipeline.java:442)
	at java.base/java.util.HashMap$KeySpliterator.forEachRemaining(HashMap.java:1621)
	at java.base/java.util.stream.AbstractPipeline.copyInto(AbstractPipeline.java:484)
	at java.base/java.util.stream.AbstractPipeline.wrapAndCopyInto(AbstractPipeline.java:474)
	at java.base/java.util.stream.ForEachOps$ForEachOp.evaluateSequential(ForEachOps.java:150)
	at java.base/java.util.stream.ForEachOps$ForEachOp$OfRef.evaluateSequential(ForEachOps.java:173)
	at java.base/java.util.stream.AbstractPipeline.evaluate(AbstractPipeline.java:234)
	at java.base/java.util.stream.ReferencePipeline.forEach(ReferencePipeline.java:497)
	at org.openqa.selenium.devtools.Connection.handle(Connection.java:287)
	at org.openqa.selenium.devtools.Connection.access$200(Connection.java:57)
	at org.openqa.selenium.devtools.Connection$Listener.lambda$onText$0(Connection.java:224)
	at java.base/java.util.concurrent.ThreadPoolExecutor.runWorker(ThreadPoolExecutor.java:1128)
	at java.base/java.util.concurrent.ThreadPoolExecutor$Worker.run(ThreadPoolExecutor.java:628)
	at java.base/java.lang.Thread.run(Thread.java:829)
Caused by: org.openqa.selenium.WebDriverException: {"id":2824,"error":{"code":-32602,"message":"Invalid InterceptionId."},"sessionId":"69DE6D1A85B5D627489871F60443E14A"}
Build info: version: '4.11.0', revision: '040bc5406b'
System info: os.name: 'Windows 10', os.arch: 'amd64', os.version: '10.0', java.version: '11.0.18'
Driver info: driver.version: unknown
	at org.openqa.selenium.devtools.Connection.handle(Connection.java:260)
	... 5 more

Exception in thread "CDP Connection" org.openqa.selenium.devtools.DevToolsException: {"id":2824,"error":{"code":-32602,"message":"Invalid InterceptionId."},"sessionId":"69DE6D1A85B5D627489871F60443E14A"}
Build info: version: '4.11.0', revision: '040bc5406b'
System info: os.name: 'Windows 10', os.arch: 'amd64', os.version: '10.0', java.version: '11.0.18'
Driver info: driver.version: unknown
	at org.openqa.selenium.devtools.Connection$Listener.lambda$onText$0(Connection.java:227)
	at java.base/java.util.concurrent.ThreadPoolExecutor.runWorker(ThreadPoolExecutor.java:1128)
	at java.base/java.util.concurrent.ThreadPoolExecutor$Worker.run(ThreadPoolExecutor.java:628)
	at java.base/java.lang.Thread.run(Thread.java:829)
Caused by: org.openqa.selenium.devtools.DevToolsException: {"id":2824,"error":{"code":-32602,"message":"Invalid InterceptionId."},"sessionId":"69DE6D1A85B5D627489871F60443E14A"}
Build info: version: '4.11.0', revision: '040bc5406b'
System info: os.name: 'Windows 10', os.arch: 'amd64', os.version: '10.0', java.version: '11.0.18'
Driver info: driver.version: unknown
	at org.openqa.selenium.devtools.Connection.sendAndWait(Connection.java:181)
	at org.openqa.selenium.devtools.DevTools.send(DevTools.java:81)
	at org.openqa.selenium.devtools.idealized.Network.lambda$prepareToInterceptTraffic$3(Network.java:211)
	at org.openqa.selenium.remote.http.Filter.lambda$andFinally$1(Filter.java:55)
	at org.openqa.selenium.devtools.idealized.Network.lambda$prepareToInterceptTraffic$4(Network.java:226)
	at org.openqa.selenium.devtools.Connection.lambda$handle$4(Connection.java:321)
	at java.base/java.util.stream.ForEachOps$ForEachOp$OfRef.accept(ForEachOps.java:183)
	at java.base/java.util.stream.ReferencePipeline$2$1.accept(ReferencePipeline.java:177)
	at java.base/java.util.stream.ReferencePipeline$11$1.accept(ReferencePipeline.java:442)
	at java.base/java.util.HashMap$KeySpliterator.forEachRemaining(HashMap.java:1621)
	at java.base/java.util.stream.AbstractPipeline.copyInto(AbstractPipeline.java:484)
	at java.base/java.util.stream.AbstractPipeline.wrapAndCopyInto(AbstractPipeline.java:474)
	at java.base/java.util.stream.ForEachOps$ForEachOp.evaluateSequential(ForEachOps.java:150)
	at java.base/java.util.stream.ForEachOps$ForEachOp$OfRef.evaluateSequential(ForEachOps.java:173)
	at java.base/java.util.stream.AbstractPipeline.evaluate(AbstractPipeline.java:234)
	at java.base/java.util.stream.ReferencePipeline.forEach(ReferencePipeline.java:497)
	at org.openqa.selenium.devtools.Connection.handle(Connection.java:287)
	at org.openqa.selenium.devtools.Connection.access$200(Connection.java:57)
	at org.openqa.selenium.devtools.Connection$Listener.lambda$onText$0(Connection.java:224)
	... 3 more
Caused by: org.openqa.selenium.WebDriverException: {"id":2824,"error":{"code":-32602,"message":"Invalid InterceptionId."},"sessionId":"69DE6D1A85B5D627489871F60443E14A"}
Build info: version: '4.11.0', revision: '040bc5406b'
System info: os.name: 'Windows 10', os.arch: 'amd64', os.version: '10.0', java.version: '11.0.18'
Driver info: driver.version: unknown
	at org.openqa.selenium.devtools.Connection.handle(Connection.java:260)
	... 5 more
авг. 16, 2023 4:23:31 PM org.openqa.selenium.devtools.Connection$Listener lambda$onText$0
WARNING: Unable to process: {"method":"Fetch.requestPaused","params":{"requestId":"interception-job-457.0","request":{"url":"http://localhost:8080/static/media/marrakech.869b2a02.jpg","method":"GET","headers":{"Accept":"image/avif,image/webp,image/apng,image/svg+xml,image/*,*/*;q=0.8","Referer":"http://localhost:8080/","User-Agent":"Mozilla/5.0 (Windows NT 10.0; Win64; x64) AppleWebKit/537.36 (KHTML, like Gecko) Chrome/116.0.0.0 Safari/537.36","sec-ch-ua":"\"Chromium\";v=\"116\", \"Not)A;Brand\";v=\"24\", \"Google Chrome\";v=\"116\"","sec-ch-ua-mobile":"?0","sec-ch-ua-platform":"\"Windows\""},"initialPriority":"Low","referrerPolicy":"unsafe-url"},"frameId":"D165F02B89151667DFD1BF49856829E7","resourceType":"Image","responseStatusCode":200,"responseStatusText":"","responseHeaders":[{"name":"Vary","value":"Origin"},{"name":"Vary","value":"Access-Control-Request-Method"},{"name":"Vary","value":"Access-Control-Request-Headers"},{"name":"Last-Modified","value":"Thu, 03 Aug 2023 10:18:16 GMT"},{"name":"Accept-Ranges","value":"bytes"},{"name":"Content-Type","value":"image/jpeg"},{"name":"Content-Length","value":"85240"},{"name":"Date","value":"Wed, 16 Aug 2023 13:20:22 GMT"}]},"sessionId":"69DE6D1A85B5D627489871F60443E14A"}
org.openqa.selenium.devtools.DevToolsException: {"id":2829,"error":{"code":-32602,"message":"Invalid InterceptionId."},"sessionId":"69DE6D1A85B5D627489871F60443E14A"}
Build info: version: '4.11.0', revision: '040bc5406b'
System info: os.name: 'Windows 10', os.arch: 'amd64', os.version: '10.0', java.version: '11.0.18'
Driver info: driver.version: unknown
	at org.openqa.selenium.devtools.Connection.sendAndWait(Connection.java:181)
	at org.openqa.selenium.devtools.DevTools.send(DevTools.java:81)
	at org.openqa.selenium.devtools.idealized.Network.lambda$prepareToInterceptTraffic$4(Network.java:194)
	at org.openqa.selenium.devtools.Connection.lambda$handle$4(Connection.java:321)
	at java.base/java.util.stream.ForEachOps$ForEachOp$OfRef.accept(ForEachOps.java:183)
	at java.base/java.util.stream.ReferencePipeline$2$1.accept(ReferencePipeline.java:177)
	at java.base/java.util.stream.ReferencePipeline$11$1.accept(ReferencePipeline.java:442)
	at java.base/java.util.HashMap$KeySpliterator.forEachRemaining(HashMap.java:1621)
	at java.base/java.util.stream.AbstractPipeline.copyInto(AbstractPipeline.java:484)
	at java.base/java.util.stream.AbstractPipeline.wrapAndCopyInto(AbstractPipeline.java:474)
	at java.base/java.util.stream.ForEachOps$ForEachOp.evaluateSequential(ForEachOps.java:150)
	at java.base/java.util.stream.ForEachOps$ForEachOp$OfRef.evaluateSequential(ForEachOps.java:173)
	at java.base/java.util.stream.AbstractPipeline.evaluate(AbstractPipeline.java:234)
	at java.base/java.util.stream.ReferencePipeline.forEach(ReferencePipeline.java:497)
	at org.openqa.selenium.devtools.Connection.handle(Connection.java:287)
	at org.openqa.selenium.devtools.Connection.access$200(Connection.java:57)
	at org.openqa.selenium.devtools.Connection$Listener.lambda$onText$0(Connection.java:224)
	at java.base/java.util.concurrent.ThreadPoolExecutor.runWorker(ThreadPoolExecutor.java:1128)
	at java.base/java.util.concurrent.ThreadPoolExecutor$Worker.run(ThreadPoolExecutor.java:628)
	at java.base/java.lang.Thread.run(Thread.java:829)
Caused by: org.openqa.selenium.WebDriverException: {"id":2829,"error":{"code":-32602,"message":"Invalid InterceptionId."},"sessionId":"69DE6D1A85B5D627489871F60443E14A"}
Build info: version: '4.11.0', revision: '040bc5406b'
System info: os.name: 'Windows 10', os.arch: 'amd64', os.version: '10.0', java.version: '11.0.18'
Driver info: driver.version: unknown
	at org.openqa.selenium.devtools.Connection.handle(Connection.java:260)
	... 5 more

Exception in thread "CDP Connection" org.openqa.selenium.devtools.DevToolsException: {"id":2829,"error":{"code":-32602,"message":"Invalid InterceptionId."},"sessionId":"69DE6D1A85B5D627489871F60443E14A"}
Build info: version: '4.11.0', revision: '040bc5406b'
System info: os.name: 'Windows 10', os.arch: 'amd64', os.version: '10.0', java.version: '11.0.18'
Driver info: driver.version: unknown
	at org.openqa.selenium.devtools.Connection$Listener.lambda$onText$0(Connection.java:227)
	at java.base/java.util.concurrent.ThreadPoolExecutor.runWorker(ThreadPoolExecutor.java:1128)
	at java.base/java.util.concurrent.ThreadPoolExecutor$Worker.run(ThreadPoolExecutor.java:628)
	at java.base/java.lang.Thread.run(Thread.java:829)
Caused by: org.openqa.selenium.devtools.DevToolsException: {"id":2829,"error":{"code":-32602,"message":"Invalid InterceptionId."},"sessionId":"69DE6D1A85B5D627489871F60443E14A"}
Build info: version: '4.11.0', revision: '040bc5406b'
System info: os.name: 'Windows 10', os.arch: 'amd64', os.version: '10.0', java.version: '11.0.18'
Driver info: driver.version: unknown
	at org.openqa.selenium.devtools.Connection.sendAndWait(Connection.java:181)
	at org.openqa.selenium.devtools.DevTools.send(DevTools.java:81)
	at org.openqa.selenium.devtools.idealized.Network.lambda$prepareToInterceptTraffic$4(Network.java:194)
	at org.openqa.selenium.devtools.Connection.lambda$handle$4(Connection.java:321)
	at java.base/java.util.stream.ForEachOps$ForEachOp$OfRef.accept(ForEachOps.java:183)
	at java.base/java.util.stream.ReferencePipeline$2$1.accept(ReferencePipeline.java:177)
	at java.base/java.util.stream.ReferencePipeline$11$1.accept(ReferencePipeline.java:442)
	at java.base/java.util.HashMap$KeySpliterator.forEachRemaining(HashMap.java:1621)
	at java.base/java.util.stream.AbstractPipeline.copyInto(AbstractPipeline.java:484)
	at java.base/java.util.stream.AbstractPipeline.wrapAndCopyInto(AbstractPipeline.java:474)
	at java.base/java.util.stream.ForEachOps$ForEachOp.evaluateSequential(ForEachOps.java:150)
	at java.base/java.util.stream.ForEachOps$ForEachOp$OfRef.evaluateSequential(ForEachOps.java:173)
	at java.base/java.util.stream.AbstractPipeline.evaluate(AbstractPipeline.java:234)
	at java.base/java.util.stream.ReferencePipeline.forEach(ReferencePipeline.java:497)
	at org.openqa.selenium.devtools.Connection.handle(Connection.java:287)
	at org.openqa.selenium.devtools.Connection.access$200(Connection.java:57)
	at org.openqa.selenium.devtools.Connection$Listener.lambda$onText$0(Connection.java:224)
	... 3 more
Caused by: org.openqa.selenium.WebDriverException: {"id":2829,"error":{"code":-32602,"message":"Invalid InterceptionId."},"sessionId":"69DE6D1A85B5D627489871F60443E14A"}
Build info: version: '4.11.0', revision: '040bc5406b'
System info: os.name: 'Windows 10', os.arch: 'amd64', os.version: '10.0', java.version: '11.0.18'
Driver info: driver.version: unknown
	at org.openqa.selenium.devtools.Connection.handle(Connection.java:260)
	... 5 more
авг. 16, 2023 4:23:31 PM org.openqa.selenium.devtools.Connection$Listener lambda$onText$0
WARNING: Unable to process: {"method":"Fetch.requestPaused","params":{"requestId":"interception-job-457.0","request":{"url":"http://localhost:8080/static/media/marrakech.869b2a02.jpg","method":"GET","headers":{"Accept":"image/avif,image/webp,image/apng,image/svg+xml,image/*,*/*;q=0.8","Referer":"http://localhost:8080/","User-Agent":"Mozilla/5.0 (Windows NT 10.0; Win64; x64) AppleWebKit/537.36 (KHTML, like Gecko) Chrome/116.0.0.0 Safari/537.36","sec-ch-ua":"\"Chromium\";v=\"116\", \"Not)A;Brand\";v=\"24\", \"Google Chrome\";v=\"116\"","sec-ch-ua-mobile":"?0","sec-ch-ua-platform":"\"Windows\""},"initialPriority":"Low","referrerPolicy":"strict-origin-when-cross-origin"},"frameId":"D165F02B89151667DFD1BF49856829E7","resourceType":"Image"},"sessionId":"69DE6D1A85B5D627489871F60443E14A"}
org.openqa.selenium.devtools.DevToolsException: {"id":2830,"error":{"code":-32602,"message":"Invalid InterceptionId."},"sessionId":"69DE6D1A85B5D627489871F60443E14A"}
Build info: version: '4.11.0', revision: '040bc5406b'
System info: os.name: 'Windows 10', os.arch: 'amd64', os.version: '10.0', java.version: '11.0.18'
Driver info: driver.version: unknown
	at org.openqa.selenium.devtools.Connection.sendAndWait(Connection.java:181)
	at org.openqa.selenium.devtools.DevTools.send(DevTools.java:81)
	at org.openqa.selenium.devtools.idealized.Network.lambda$prepareToInterceptTraffic$3(Network.java:211)
	at org.openqa.selenium.remote.http.Filter.lambda$andFinally$1(Filter.java:55)
	at org.openqa.selenium.devtools.idealized.Network.lambda$prepareToInterceptTraffic$4(Network.java:226)
	at org.openqa.selenium.devtools.Connection.lambda$handle$4(Connection.java:321)
	at java.base/java.util.stream.ForEachOps$ForEachOp$OfRef.accept(ForEachOps.java:183)
	at java.base/java.util.stream.ReferencePipeline$2$1.accept(ReferencePipeline.java:177)
	at java.base/java.util.stream.ReferencePipeline$11$1.accept(ReferencePipeline.java:442)
	at java.base/java.util.HashMap$KeySpliterator.forEachRemaining(HashMap.java:1621)
	at java.base/java.util.stream.AbstractPipeline.copyInto(AbstractPipeline.java:484)
	at java.base/java.util.stream.AbstractPipeline.wrapAndCopyInto(AbstractPipeline.java:474)
	at java.base/java.util.stream.ForEachOps$ForEachOp.evaluateSequential(ForEachOps.java:150)
	at java.base/java.util.stream.ForEachOps$ForEachOp$OfRef.evaluateSequential(ForEachOps.java:173)
	at java.base/java.util.stream.AbstractPipeline.evaluate(AbstractPipeline.java:234)
	at java.base/java.util.stream.ReferencePipeline.forEach(ReferencePipeline.java:497)
	at org.openqa.selenium.devtools.Connection.handle(Connection.java:287)
	at org.openqa.selenium.devtools.Connection.access$200(Connection.java:57)
	at org.openqa.selenium.devtools.Connection$Listener.lambda$onText$0(Connection.java:224)
	at java.base/java.util.concurrent.ThreadPoolExecutor.runWorker(ThreadPoolExecutor.java:1128)
	at java.base/java.util.concurrent.ThreadPoolExecutor$Worker.run(ThreadPoolExecutor.java:628)
	at java.base/java.lang.Thread.run(Thread.java:829)
Caused by: org.openqa.selenium.WebDriverException: {"id":2830,"error":{"code":-32602,"message":"Invalid InterceptionId."},"sessionId":"69DE6D1A85B5D627489871F60443E14A"}
Build info: version: '4.11.0', revision: '040bc5406b'
System info: os.name: 'Windows 10', os.arch: 'amd64', os.version: '10.0', java.version: '11.0.18'
Driver info: driver.version: unknown
	at org.openqa.selenium.devtools.Connection.handle(Connection.java:260)
	... 5 more

Exception in thread "CDP Connection" org.openqa.selenium.devtools.DevToolsException: {"id":2830,"error":{"code":-32602,"message":"Invalid InterceptionId."},"sessionId":"69DE6D1A85B5D627489871F60443E14A"}
Build info: version: '4.11.0', revision: '040bc5406b'
System info: os.name: 'Windows 10', os.arch: 'amd64', os.version: '10.0', java.version: '11.0.18'
Driver info: driver.version: unknown
	at org.openqa.selenium.devtools.Connection$Listener.lambda$onText$0(Connection.java:227)
	at java.base/java.util.concurrent.ThreadPoolExecutor.runWorker(ThreadPoolExecutor.java:1128)
	at java.base/java.util.concurrent.ThreadPoolExecutor$Worker.run(ThreadPoolExecutor.java:628)
	at java.base/java.lang.Thread.run(Thread.java:829)
Caused by: org.openqa.selenium.devtools.DevToolsException: {"id":2830,"error":{"code":-32602,"message":"Invalid InterceptionId."},"sessionId":"69DE6D1A85B5D627489871F60443E14A"}
Build info: version: '4.11.0', revision: '040bc5406b'
System info: os.name: 'Windows 10', os.arch: 'amd64', os.version: '10.0', java.version: '11.0.18'
Driver info: driver.version: unknown
	at org.openqa.selenium.devtools.Connection.sendAndWait(Connection.java:181)
	at org.openqa.selenium.devtools.DevTools.send(DevTools.java:81)
	at org.openqa.selenium.devtools.idealized.Network.lambda$prepareToInterceptTraffic$3(Network.java:211)
	at org.openqa.selenium.remote.http.Filter.lambda$andFinally$1(Filter.java:55)
	at org.openqa.selenium.devtools.idealized.Network.lambda$prepareToInterceptTraffic$4(Network.java:226)
	at org.openqa.selenium.devtools.Connection.lambda$handle$4(Connection.java:321)
	at java.base/java.util.stream.ForEachOps$ForEachOp$OfRef.accept(ForEachOps.java:183)
	at java.base/java.util.stream.ReferencePipeline$2$1.accept(ReferencePipeline.java:177)
	at java.base/java.util.stream.ReferencePipeline$11$1.accept(ReferencePipeline.java:442)
	at java.base/java.util.HashMap$KeySpliterator.forEachRemaining(HashMap.java:1621)
	at java.base/java.util.stream.AbstractPipeline.copyInto(AbstractPipeline.java:484)
	at java.base/java.util.stream.AbstractPipeline.wrapAndCopyInto(AbstractPipeline.java:474)
	at java.base/java.util.stream.ForEachOps$ForEachOp.evaluateSequential(ForEachOps.java:150)
	at java.base/java.util.stream.ForEachOps$ForEachOp$OfRef.evaluateSequential(ForEachOps.java:173)
	at java.base/java.util.stream.AbstractPipeline.evaluate(AbstractPipeline.java:234)
	at java.base/java.util.stream.ReferencePipeline.forEach(ReferencePipeline.java:497)
	at org.openqa.selenium.devtools.Connection.handle(Connection.java:287)
	at org.openqa.selenium.devtools.Connection.access$200(Connection.java:57)
	at org.openqa.selenium.devtools.Connection$Listener.lambda$onText$0(Connection.java:224)
	... 3 more
Caused by: org.openqa.selenium.WebDriverException: {"id":2830,"error":{"code":-32602,"message":"Invalid InterceptionId."},"sessionId":"69DE6D1A85B5D627489871F60443E14A"}
Build info: version: '4.11.0', revision: '040bc5406b'
System info: os.name: 'Windows 10', os.arch: 'amd64', os.version: '10.0', java.version: '11.0.18'
Driver info: driver.version: unknown
	at org.openqa.selenium.devtools.Connection.handle(Connection.java:260)
	... 5 more
авг. 16, 2023 4:23:31 PM org.openqa.selenium.devtools.Connection$Listener lambda$onText$0
WARNING: Unable to process: {"method":"Fetch.requestPaused","params":{"requestId":"interception-job-458.0","request":{"url":"http://localhost:8080/manifest.json","method":"GET","headers":{"Accept":"*/*","Referer":"http://localhost:8080/","User-Agent":"Mozilla/5.0 (Windows NT 10.0; Win64; x64) AppleWebKit/537.36 (KHTML, like Gecko) Chrome/116.0.0.0 Safari/537.36","sec-ch-ua":"\"Chromium\";v=\"116\", \"Not)A;Brand\";v=\"24\", \"Google Chrome\";v=\"116\"","sec-ch-ua-mobile":"?0","sec-ch-ua-platform":"\"Windows\""},"initialPriority":"Medium","referrerPolicy":"unsafe-url"},"frameId":"D165F02B89151667DFD1BF49856829E7","resourceType":"Other","responseStatusCode":200,"responseStatusText":"","responseHeaders":[{"name":"Vary","value":"Origin"},{"name":"Vary","value":"Access-Control-Request-Method"},{"name":"Vary","value":"Access-Control-Request-Headers"},{"name":"Last-Modified","value":"Thu, 03 Aug 2023 10:18:16 GMT"},{"name":"Accept-Ranges","value":"bytes"},{"name":"Content-Type","value":"application/json"},{"name":"Content-Length","value":"492"},{"name":"Date","value":"Wed, 16 Aug 2023 13:20:22 GMT"}]},"sessionId":"69DE6D1A85B5D627489871F60443E14A"}
org.openqa.selenium.devtools.DevToolsException: {"id":2837,"error":{"code":-32602,"message":"Invalid InterceptionId."},"sessionId":"69DE6D1A85B5D627489871F60443E14A"}
Build info: version: '4.11.0', revision: '040bc5406b'
System info: os.name: 'Windows 10', os.arch: 'amd64', os.version: '10.0', java.version: '11.0.18'
Driver info: driver.version: unknown
	at org.openqa.selenium.devtools.Connection.sendAndWait(Connection.java:181)
	at org.openqa.selenium.devtools.DevTools.send(DevTools.java:81)
	at org.openqa.selenium.devtools.idealized.Network.lambda$prepareToInterceptTraffic$4(Network.java:194)
	at org.openqa.selenium.devtools.Connection.lambda$handle$4(Connection.java:321)
	at java.base/java.util.stream.ForEachOps$ForEachOp$OfRef.accept(ForEachOps.java:183)
	at java.base/java.util.stream.ReferencePipeline$2$1.accept(ReferencePipeline.java:177)
	at java.base/java.util.stream.ReferencePipeline$11$1.accept(ReferencePipeline.java:442)
	at java.base/java.util.HashMap$KeySpliterator.forEachRemaining(HashMap.java:1621)
	at java.base/java.util.stream.AbstractPipeline.copyInto(AbstractPipeline.java:484)
	at java.base/java.util.stream.AbstractPipeline.wrapAndCopyInto(AbstractPipeline.java:474)
	at java.base/java.util.stream.ForEachOps$ForEachOp.evaluateSequential(ForEachOps.java:150)
	at java.base/java.util.stream.ForEachOps$ForEachOp$OfRef.evaluateSequential(ForEachOps.java:173)
	at java.base/java.util.stream.AbstractPipeline.evaluate(AbstractPipeline.java:234)
	at java.base/java.util.stream.ReferencePipeline.forEach(ReferencePipeline.java:497)
	at org.openqa.selenium.devtools.Connection.handle(Connection.java:287)
	at org.openqa.selenium.devtools.Connection.access$200(Connection.java:57)
	at org.openqa.selenium.devtools.Connection$Listener.lambda$onText$0(Connection.java:224)
	at java.base/java.util.concurrent.ThreadPoolExecutor.runWorker(ThreadPoolExecutor.java:1128)
	at java.base/java.util.concurrent.ThreadPoolExecutor$Worker.run(ThreadPoolExecutor.java:628)
	at java.base/java.lang.Thread.run(Thread.java:829)
Caused by: org.openqa.selenium.WebDriverException: {"id":2837,"error":{"code":-32602,"message":"Invalid InterceptionId."},"sessionId":"69DE6D1A85B5D627489871F60443E14A"}
Build info: version: '4.11.0', revision: '040bc5406b'
System info: os.name: 'Windows 10', os.arch: 'amd64', os.version: '10.0', java.version: '11.0.18'
Driver info: driver.version: unknown
	at org.openqa.selenium.devtools.Connection.handle(Connection.java:260)
	... 5 more

Exception in thread "CDP Connection" org.openqa.selenium.devtools.DevToolsException: {"id":2837,"error":{"code":-32602,"message":"Invalid InterceptionId."},"sessionId":"69DE6D1A85B5D627489871F60443E14A"}
Build info: version: '4.11.0', revision: '040bc5406b'
System info: os.name: 'Windows 10', os.arch: 'amd64', os.version: '10.0', java.version: '11.0.18'
Driver info: driver.version: unknown
	at org.openqa.selenium.devtools.Connection$Listener.lambda$onText$0(Connection.java:227)
	at java.base/java.util.concurrent.ThreadPoolExecutor.runWorker(ThreadPoolExecutor.java:1128)
	at java.base/java.util.concurrent.ThreadPoolExecutor$Worker.run(ThreadPoolExecutor.java:628)
	at java.base/java.lang.Thread.run(Thread.java:829)
Caused by: org.openqa.selenium.devtools.DevToolsException: {"id":2837,"error":{"code":-32602,"message":"Invalid InterceptionId."},"sessionId":"69DE6D1A85B5D627489871F60443E14A"}
Build info: version: '4.11.0', revision: '040bc5406b'
System info: os.name: 'Windows 10', os.arch: 'amd64', os.version: '10.0', java.version: '11.0.18'
Driver info: driver.version: unknown
	at org.openqa.selenium.devtools.Connection.sendAndWait(Connection.java:181)
	at org.openqa.selenium.devtools.DevTools.send(DevTools.java:81)
	at org.openqa.selenium.devtools.idealized.Network.lambda$prepareToInterceptTraffic$4(Network.java:194)
	at org.openqa.selenium.devtools.Connection.lambda$handle$4(Connection.java:321)
	at java.base/java.util.stream.ForEachOps$ForEachOp$OfRef.accept(ForEachOps.java:183)
	at java.base/java.util.stream.ReferencePipeline$2$1.accept(ReferencePipeline.java:177)
	at java.base/java.util.stream.ReferencePipeline$11$1.accept(ReferencePipeline.java:442)
	at java.base/java.util.HashMap$KeySpliterator.forEachRemaining(HashMap.java:1621)
	at java.base/java.util.stream.AbstractPipeline.copyInto(AbstractPipeline.java:484)
	at java.base/java.util.stream.AbstractPipeline.wrapAndCopyInto(AbstractPipeline.java:474)
	at java.base/java.util.stream.ForEachOps$ForEachOp.evaluateSequential(ForEachOps.java:150)
	at java.base/java.util.stream.ForEachOps$ForEachOp$OfRef.evaluateSequential(ForEachOps.java:173)
	at java.base/java.util.stream.AbstractPipeline.evaluate(AbstractPipeline.java:234)
	at java.base/java.util.stream.ReferencePipeline.forEach(ReferencePipeline.java:497)
	at org.openqa.selenium.devtools.Connection.handle(Connection.java:287)
	at org.openqa.selenium.devtools.Connection.access$200(Connection.java:57)
	at org.openqa.selenium.devtools.Connection$Listener.lambda$onText$0(Connection.java:224)
	... 3 more
Caused by: org.openqa.selenium.WebDriverException: {"id":2837,"error":{"code":-32602,"message":"Invalid InterceptionId."},"sessionId":"69DE6D1A85B5D627489871F60443E14A"}
Build info: version: '4.11.0', revision: '040bc5406b'
System info: os.name: 'Windows 10', os.arch: 'amd64', os.version: '10.0', java.version: '11.0.18'
Driver info: driver.version: unknown
	at org.openqa.selenium.devtools.Connection.handle(Connection.java:260)
	... 5 more
авг. 16, 2023 4:23:31 PM org.openqa.selenium.devtools.Connection$Listener lambda$onText$0
WARNING: Unable to process: {"method":"Fetch.requestPaused","params":{"requestId":"interception-job-459.0","request":{"url":"http://localhost:8080/favicon.ico","method":"GET","headers":{"Accept":"image/avif,image/webp,image/apng,image/svg+xml,image/*,*/*;q=0.8","Referer":"http://localhost:8080/","User-Agent":"Mozilla/5.0 (Windows NT 10.0; Win64; x64) AppleWebKit/537.36 (KHTML, like Gecko) Chrome/116.0.0.0 Safari/537.36","sec-ch-ua":"\"Chromium\";v=\"116\", \"Not)A;Brand\";v=\"24\", \"Google Chrome\";v=\"116\"","sec-ch-ua-mobile":"?0","sec-ch-ua-platform":"\"Windows\""},"initialPriority":"High","referrerPolicy":"unsafe-url"},"frameId":"D165F02B89151667DFD1BF49856829E7","resourceType":"Other","responseStatusCode":200,"responseStatusText":"","responseHeaders":[{"name":"Vary","value":"Origin"},{"name":"Vary","value":"Access-Control-Request-Method"},{"name":"Vary","value":"Access-Control-Request-Headers"},{"name":"Last-Modified","value":"Thu, 03 Aug 2023 10:18:16 GMT"},{"name":"Accept-Ranges","value":"bytes"},{"name":"Content-Type","value":"image/x-icon"},{"name":"Content-Length","value":"4286"},{"name":"Date","value":"Wed, 16 Aug 2023 13:20:23 GMT"}]},"sessionId":"69DE6D1A85B5D627489871F60443E14A"}
org.openqa.selenium.devtools.DevToolsException: {"id":2841,"error":{"code":-32602,"message":"Invalid InterceptionId."},"sessionId":"69DE6D1A85B5D627489871F60443E14A"}
Build info: version: '4.11.0', revision: '040bc5406b'
System info: os.name: 'Windows 10', os.arch: 'amd64', os.version: '10.0', java.version: '11.0.18'
Driver info: driver.version: unknown
	at org.openqa.selenium.devtools.Connection.sendAndWait(Connection.java:181)
	at org.openqa.selenium.devtools.DevTools.send(DevTools.java:81)
	at org.openqa.selenium.devtools.idealized.Network.lambda$prepareToInterceptTraffic$4(Network.java:194)
	at org.openqa.selenium.devtools.Connection.lambda$handle$4(Connection.java:321)
	at java.base/java.util.stream.ForEachOps$ForEachOp$OfRef.accept(ForEachOps.java:183)
	at java.base/java.util.stream.ReferencePipeline$2$1.accept(ReferencePipeline.java:177)
	at java.base/java.util.stream.ReferencePipeline$11$1.accept(ReferencePipeline.java:442)
	at java.base/java.util.HashMap$KeySpliterator.forEachRemaining(HashMap.java:1621)
	at java.base/java.util.stream.AbstractPipeline.copyInto(AbstractPipeline.java:484)
	at java.base/java.util.stream.AbstractPipeline.wrapAndCopyInto(AbstractPipeline.java:474)
	at java.base/java.util.stream.ForEachOps$ForEachOp.evaluateSequential(ForEachOps.java:150)
	at java.base/java.util.stream.ForEachOps$ForEachOp$OfRef.evaluateSequential(ForEachOps.java:173)
	at java.base/java.util.stream.AbstractPipeline.evaluate(AbstractPipeline.java:234)
	at java.base/java.util.stream.ReferencePipeline.forEach(ReferencePipeline.java:497)
	at org.openqa.selenium.devtools.Connection.handle(Connection.java:287)
	at org.openqa.selenium.devtools.Connection.access$200(Connection.java:57)
	at org.openqa.selenium.devtools.Connection$Listener.lambda$onText$0(Connection.java:224)
	at java.base/java.util.concurrent.ThreadPoolExecutor.runWorker(ThreadPoolExecutor.java:1128)
	at java.base/java.util.concurrent.ThreadPoolExecutor$Worker.run(ThreadPoolExecutor.java:628)
	at java.base/java.lang.Thread.run(Thread.java:829)
Caused by: org.openqa.selenium.WebDriverException: {"id":2841,"error":{"code":-32602,"message":"Invalid InterceptionId."},"sessionId":"69DE6D1A85B5D627489871F60443E14A"}
Build info: version: '4.11.0', revision: '040bc5406b'
System info: os.name: 'Windows 10', os.arch: 'amd64', os.version: '10.0', java.version: '11.0.18'
Driver info: driver.version: unknown
	at org.openqa.selenium.devtools.Connection.handle(Connection.java:260)
	... 5 more

Exception in thread "CDP Connection" org.openqa.selenium.devtools.DevToolsException: {"id":2841,"error":{"code":-32602,"message":"Invalid InterceptionId."},"sessionId":"69DE6D1A85B5D627489871F60443E14A"}
Build info: version: '4.11.0', revision: '040bc5406b'
System info: os.name: 'Windows 10', os.arch: 'amd64', os.version: '10.0', java.version: '11.0.18'
Driver info: driver.version: unknown
	at org.openqa.selenium.devtools.Connection$Listener.lambda$onText$0(Connection.java:227)
	at java.base/java.util.concurrent.ThreadPoolExecutor.runWorker(ThreadPoolExecutor.java:1128)
	at java.base/java.util.concurrent.ThreadPoolExecutor$Worker.run(ThreadPoolExecutor.java:628)
	at java.base/java.lang.Thread.run(Thread.java:829)
Caused by: org.openqa.selenium.devtools.DevToolsException: {"id":2841,"error":{"code":-32602,"message":"Invalid InterceptionId."},"sessionId":"69DE6D1A85B5D627489871F60443E14A"}
Build info: version: '4.11.0', revision: '040bc5406b'
System info: os.name: 'Windows 10', os.arch: 'amd64', os.version: '10.0', java.version: '11.0.18'
Driver info: driver.version: unknown
	at org.openqa.selenium.devtools.Connection.sendAndWait(Connection.java:181)
	at org.openqa.selenium.devtools.DevTools.send(DevTools.java:81)
	at org.openqa.selenium.devtools.idealized.Network.lambda$prepareToInterceptTraffic$4(Network.java:194)
	at org.openqa.selenium.devtools.Connection.lambda$handle$4(Connection.java:321)
	at java.base/java.util.stream.ForEachOps$ForEachOp$OfRef.accept(ForEachOps.java:183)
	at java.base/java.util.stream.ReferencePipeline$2$1.accept(ReferencePipeline.java:177)
	at java.base/java.util.stream.ReferencePipeline$11$1.accept(ReferencePipeline.java:442)
	at java.base/java.util.HashMap$KeySpliterator.forEachRemaining(HashMap.java:1621)
	at java.base/java.util.stream.AbstractPipeline.copyInto(AbstractPipeline.java:484)
	at java.base/java.util.stream.AbstractPipeline.wrapAndCopyInto(AbstractPipeline.java:474)
	at java.base/java.util.stream.ForEachOps$ForEachOp.evaluateSequential(ForEachOps.java:150)
	at java.base/java.util.stream.ForEachOps$ForEachOp$OfRef.evaluateSequential(ForEachOps.java:173)
	at java.base/java.util.stream.AbstractPipeline.evaluate(AbstractPipeline.java:234)
	at java.base/java.util.stream.ReferencePipeline.forEach(ReferencePipeline.java:497)
	at org.openqa.selenium.devtools.Connection.handle(Connection.java:287)
	at org.openqa.selenium.devtools.Connection.access$200(Connection.java:57)
	at org.openqa.selenium.devtools.Connection$Listener.lambda$onText$0(Connection.java:224)
	... 3 more
Caused by: org.openqa.selenium.WebDriverException: {"id":2841,"error":{"code":-32602,"message":"Invalid InterceptionId."},"sessionId":"69DE6D1A85B5D627489871F60443E14A"}
Build info: version: '4.11.0', revision: '040bc5406b'
System info: os.name: 'Windows 10', os.arch: 'amd64', os.version: '10.0', java.version: '11.0.18'
Driver info: driver.version: unknown
	at org.openqa.selenium.devtools.Connection.handle(Connection.java:260)
	... 5 more
авг. 16, 2023 4:23:31 PM org.openqa.selenium.devtools.Connection$Listener lambda$onText$0
WARNING: Unable to process: {"method":"Fetch.requestPaused","params":{"requestId":"interception-job-458.0","request":{"url":"http://localhost:8080/manifest.json","method":"GET","headers":{"Accept":"*/*","Referer":"http://localhost:8080/","User-Agent":"Mozilla/5.0 (Windows NT 10.0; Win64; x64) AppleWebKit/537.36 (KHTML, like Gecko) Chrome/116.0.0.0 Safari/537.36","sec-ch-ua":"\"Chromium\";v=\"116\", \"Not)A;Brand\";v=\"24\", \"Google Chrome\";v=\"116\"","sec-ch-ua-mobile":"?0","sec-ch-ua-platform":"\"Windows\""},"initialPriority":"Medium","referrerPolicy":"strict-origin-when-cross-origin"},"frameId":"D165F02B89151667DFD1BF49856829E7","resourceType":"Other"},"sessionId":"69DE6D1A85B5D627489871F60443E14A"}
org.openqa.selenium.devtools.DevToolsException: {"id":2840,"error":{"code":-32602,"message":"Invalid InterceptionId."},"sessionId":"69DE6D1A85B5D627489871F60443E14A"}
Build info: version: '4.11.0', revision: '040bc5406b'
System info: os.name: 'Windows 10', os.arch: 'amd64', os.version: '10.0', java.version: '11.0.18'
Driver info: driver.version: unknown
	at org.openqa.selenium.devtools.Connection.sendAndWait(Connection.java:181)
	at org.openqa.selenium.devtools.DevTools.send(DevTools.java:81)
	at org.openqa.selenium.devtools.idealized.Network.lambda$prepareToInterceptTraffic$3(Network.java:211)
	at org.openqa.selenium.remote.http.Filter.lambda$andFinally$1(Filter.java:55)
	at org.openqa.selenium.devtools.idealized.Network.lambda$prepareToInterceptTraffic$4(Network.java:226)
	at org.openqa.selenium.devtools.Connection.lambda$handle$4(Connection.java:321)
	at java.base/java.util.stream.ForEachOps$ForEachOp$OfRef.accept(ForEachOps.java:183)
	at java.base/java.util.stream.ReferencePipeline$2$1.accept(ReferencePipeline.java:177)
	at java.base/java.util.stream.ReferencePipeline$11$1.accept(ReferencePipeline.java:442)
	at java.base/java.util.HashMap$KeySpliterator.forEachRemaining(HashMap.java:1621)
	at java.base/java.util.stream.AbstractPipeline.copyInto(AbstractPipeline.java:484)
	at java.base/java.util.stream.AbstractPipeline.wrapAndCopyInto(AbstractPipeline.java:474)
	at java.base/java.util.stream.ForEachOps$ForEachOp.evaluateSequential(ForEachOps.java:150)
	at java.base/java.util.stream.ForEachOps$ForEachOp$OfRef.evaluateSequential(ForEachOps.java:173)
	at java.base/java.util.stream.AbstractPipeline.evaluate(AbstractPipeline.java:234)
	at java.base/java.util.stream.ReferencePipeline.forEach(ReferencePipeline.java:497)
	at org.openqa.selenium.devtools.Connection.handle(Connection.java:287)
	at org.openqa.selenium.devtools.Connection.access$200(Connection.java:57)
	at org.openqa.selenium.devtools.Connection$Listener.lambda$onText$0(Connection.java:224)
	at java.base/java.util.concurrent.ThreadPoolExecutor.runWorker(ThreadPoolExecutor.java:1128)
	at java.base/java.util.concurrent.ThreadPoolExecutor$Worker.run(ThreadPoolExecutor.java:628)
	at java.base/java.lang.Thread.run(Thread.java:829)
Caused by: org.openqa.selenium.WebDriverException: {"id":2840,"error":{"code":-32602,"message":"Invalid InterceptionId."},"sessionId":"69DE6D1A85B5D627489871F60443E14A"}
Build info: version: '4.11.0', revision: '040bc5406b'
System info: os.name: 'Windows 10', os.arch: 'amd64', os.version: '10.0', java.version: '11.0.18'
Driver info: driver.version: unknown
	at org.openqa.selenium.devtools.Connection.handle(Connection.java:260)
	... 5 more

Exception in thread "CDP Connection" org.openqa.selenium.devtools.DevToolsException: {"id":2840,"error":{"code":-32602,"message":"Invalid InterceptionId."},"sessionId":"69DE6D1A85B5D627489871F60443E14A"}
Build info: version: '4.11.0', revision: '040bc5406b'
System info: os.name: 'Windows 10', os.arch: 'amd64', os.version: '10.0', java.version: '11.0.18'
Driver info: driver.version: unknown
	at org.openqa.selenium.devtools.Connection$Listener.lambda$onText$0(Connection.java:227)
	at java.base/java.util.concurrent.ThreadPoolExecutor.runWorker(ThreadPoolExecutor.java:1128)
	at java.base/java.util.concurrent.ThreadPoolExecutor$Worker.run(ThreadPoolExecutor.java:628)
	at java.base/java.lang.Thread.run(Thread.java:829)
Caused by: org.openqa.selenium.devtools.DevToolsException: {"id":2840,"error":{"code":-32602,"message":"Invalid InterceptionId."},"sessionId":"69DE6D1A85B5D627489871F60443E14A"}
Build info: version: '4.11.0', revision: '040bc5406b'
System info: os.name: 'Windows 10', os.arch: 'amd64', os.version: '10.0', java.version: '11.0.18'
Driver info: driver.version: unknown
	at org.openqa.selenium.devtools.Connection.sendAndWait(Connection.java:181)
	at org.openqa.selenium.devtools.DevTools.send(DevTools.java:81)
	at org.openqa.selenium.devtools.idealized.Network.lambda$prepareToInterceptTraffic$3(Network.java:211)
	at org.openqa.selenium.remote.http.Filter.lambda$andFinally$1(Filter.java:55)
	at org.openqa.selenium.devtools.idealized.Network.lambda$prepareToInterceptTraffic$4(Network.java:226)
	at org.openqa.selenium.devtools.Connection.lambda$handle$4(Connection.java:321)
	at java.base/java.util.stream.ForEachOps$ForEachOp$OfRef.accept(ForEachOps.java:183)
	at java.base/java.util.stream.ReferencePipeline$2$1.accept(ReferencePipeline.java:177)
	at java.base/java.util.stream.ReferencePipeline$11$1.accept(ReferencePipeline.java:442)
	at java.base/java.util.HashMap$KeySpliterator.forEachRemaining(HashMap.java:1621)
	at java.base/java.util.stream.AbstractPipeline.copyInto(AbstractPipeline.java:484)
	at java.base/java.util.stream.AbstractPipeline.wrapAndCopyInto(AbstractPipeline.java:474)
	at java.base/java.util.stream.ForEachOps$ForEachOp.evaluateSequential(ForEachOps.java:150)
	at java.base/java.util.stream.ForEachOps$ForEachOp$OfRef.evaluateSequential(ForEachOps.java:173)
	at java.base/java.util.stream.AbstractPipeline.evaluate(AbstractPipeline.java:234)
	at java.base/java.util.stream.ReferencePipeline.forEach(ReferencePipeline.java:497)
	at org.openqa.selenium.devtools.Connection.handle(Connection.java:287)
	at org.openqa.selenium.devtools.Connection.access$200(Connection.java:57)
	at org.openqa.selenium.devtools.Connection$Listener.lambda$onText$0(Connection.java:224)
	... 3 more
Caused by: org.openqa.selenium.WebDriverException: {"id":2840,"error":{"code":-32602,"message":"Invalid InterceptionId."},"sessionId":"69DE6D1A85B5D627489871F60443E14A"}
Build info: version: '4.11.0', revision: '040bc5406b'
System info: os.name: 'Windows 10', os.arch: 'amd64', os.version: '10.0', java.version: '11.0.18'
Driver info: driver.version: unknown
	at org.openqa.selenium.devtools.Connection.handle(Connection.java:260)
	... 5 more
авг. 16, 2023 4:23:31 PM org.openqa.selenium.devtools.Connection$Listener lambda$onText$0
WARNING: Unable to process: {"method":"Fetch.requestPaused","params":{"requestId":"interception-job-459.0","request":{"url":"http://localhost:8080/favicon.ico","method":"GET","headers":{"Accept":"image/avif,image/webp,image/apng,image/svg+xml,image/*,*/*;q=0.8","Referer":"http://localhost:8080/","User-Agent":"Mozilla/5.0 (Windows NT 10.0; Win64; x64) AppleWebKit/537.36 (KHTML, like Gecko) Chrome/116.0.0.0 Safari/537.36","sec-ch-ua":"\"Chromium\";v=\"116\", \"Not)A;Brand\";v=\"24\", \"Google Chrome\";v=\"116\"","sec-ch-ua-mobile":"?0","sec-ch-ua-platform":"\"Windows\""},"initialPriority":"High","referrerPolicy":"strict-origin-when-cross-origin"},"frameId":"D165F02B89151667DFD1BF49856829E7","resourceType":"Other"},"sessionId":"69DE6D1A85B5D627489871F60443E14A"}
org.openqa.selenium.devtools.DevToolsException: {"id":2842,"error":{"code":-32602,"message":"Invalid InterceptionId."},"sessionId":"69DE6D1A85B5D627489871F60443E14A"}
Build info: version: '4.11.0', revision: '040bc5406b'
System info: os.name: 'Windows 10', os.arch: 'amd64', os.version: '10.0', java.version: '11.0.18'
Driver info: driver.version: unknown
	at org.openqa.selenium.devtools.Connection.sendAndWait(Connection.java:181)
	at org.openqa.selenium.devtools.DevTools.send(DevTools.java:81)
	at org.openqa.selenium.devtools.idealized.Network.lambda$prepareToInterceptTraffic$3(Network.java:211)
	at org.openqa.selenium.remote.http.Filter.lambda$andFinally$1(Filter.java:55)
	at org.openqa.selenium.devtools.idealized.Network.lambda$prepareToInterceptTraffic$4(Network.java:226)
	at org.openqa.selenium.devtools.Connection.lambda$handle$4(Connection.java:321)
	at java.base/java.util.stream.ForEachOps$ForEachOp$OfRef.accept(ForEachOps.java:183)
	at java.base/java.util.stream.ReferencePipeline$2$1.accept(ReferencePipeline.java:177)
	at java.base/java.util.stream.ReferencePipeline$11$1.accept(ReferencePipeline.java:442)
	at java.base/java.util.HashMap$KeySpliterator.forEachRemaining(HashMap.java:1621)
	at java.base/java.util.stream.AbstractPipeline.copyInto(AbstractPipeline.java:484)
	at java.base/java.util.stream.AbstractPipeline.wrapAndCopyInto(AbstractPipeline.java:474)
	at java.base/java.util.stream.ForEachOps$ForEachOp.evaluateSequential(ForEachOps.java:150)
	at java.base/java.util.stream.ForEachOps$ForEachOp$OfRef.evaluateSequential(ForEachOps.java:173)
	at java.base/java.util.stream.AbstractPipeline.evaluate(AbstractPipeline.java:234)
	at java.base/java.util.stream.ReferencePipeline.forEach(ReferencePipeline.java:497)
	at org.openqa.selenium.devtools.Connection.handle(Connection.java:287)
	at org.openqa.selenium.devtools.Connection.access$200(Connection.java:57)
	at org.openqa.selenium.devtools.Connection$Listener.lambda$onText$0(Connection.java:224)
	at java.base/java.util.concurrent.ThreadPoolExecutor.runWorker(ThreadPoolExecutor.java:1128)
	at java.base/java.util.concurrent.ThreadPoolExecutor$Worker.run(ThreadPoolExecutor.java:628)
	at java.base/java.lang.Thread.run(Thread.java:829)
Caused by: org.openqa.selenium.WebDriverException: {"id":2842,"error":{"code":-32602,"message":"Invalid InterceptionId."},"sessionId":"69DE6D1A85B5D627489871F60443E14A"}
Build info: version: '4.11.0', revision: '040bc5406b'
System info: os.name: 'Windows 10', os.arch: 'amd64', os.version: '10.0', java.version: '11.0.18'
Driver info: driver.version: unknown
	at org.openqa.selenium.devtools.Connection.handle(Connection.java:260)
	... 5 more

Exception in thread "CDP Connection" org.openqa.selenium.devtools.DevToolsException: {"id":2842,"error":{"code":-32602,"message":"Invalid InterceptionId."},"sessionId":"69DE6D1A85B5D627489871F60443E14A"}
Build info: version: '4.11.0', revision: '040bc5406b'
System info: os.name: 'Windows 10', os.arch: 'amd64', os.version: '10.0', java.version: '11.0.18'
Driver info: driver.version: unknown
	at org.openqa.selenium.devtools.Connection$Listener.lambda$onText$0(Connection.java:227)
	at java.base/java.util.concurrent.ThreadPoolExecutor.runWorker(ThreadPoolExecutor.java:1128)
	at java.base/java.util.concurrent.ThreadPoolExecutor$Worker.run(ThreadPoolExecutor.java:628)
	at java.base/java.lang.Thread.run(Thread.java:829)
Caused by: org.openqa.selenium.devtools.DevToolsException: {"id":2842,"error":{"code":-32602,"message":"Invalid InterceptionId."},"sessionId":"69DE6D1A85B5D627489871F60443E14A"}
Build info: version: '4.11.0', revision: '040bc5406b'
System info: os.name: 'Windows 10', os.arch: 'amd64', os.version: '10.0', java.version: '11.0.18'
Driver info: driver.version: unknown
	at org.openqa.selenium.devtools.Connection.sendAndWait(Connection.java:181)
	at org.openqa.selenium.devtools.DevTools.send(DevTools.java:81)
	at org.openqa.selenium.devtools.idealized.Network.lambda$prepareToInterceptTraffic$3(Network.java:211)
	at org.openqa.selenium.remote.http.Filter.lambda$andFinally$1(Filter.java:55)
	at org.openqa.selenium.devtools.idealized.Network.lambda$prepareToInterceptTraffic$4(Network.java:226)
	at org.openqa.selenium.devtools.Connection.lambda$handle$4(Connection.java:321)
	at java.base/java.util.stream.ForEachOps$ForEachOp$OfRef.accept(ForEachOps.java:183)
	at java.base/java.util.stream.ReferencePipeline$2$1.accept(ReferencePipeline.java:177)
	at java.base/java.util.stream.ReferencePipeline$11$1.accept(ReferencePipeline.java:442)
	at java.base/java.util.HashMap$KeySpliterator.forEachRemaining(HashMap.java:1621)
	at java.base/java.util.stream.AbstractPipeline.copyInto(AbstractPipeline.java:484)
	at java.base/java.util.stream.AbstractPipeline.wrapAndCopyInto(AbstractPipeline.java:474)
	at java.base/java.util.stream.ForEachOps$ForEachOp.evaluateSequential(ForEachOps.java:150)
	at java.base/java.util.stream.ForEachOps$ForEachOp$OfRef.evaluateSequential(ForEachOps.java:173)
	at java.base/java.util.stream.AbstractPipeline.evaluate(AbstractPipeline.java:234)
	at java.base/java.util.stream.ReferencePipeline.forEach(ReferencePipeline.java:497)
	at org.openqa.selenium.devtools.Connection.handle(Connection.java:287)
	at org.openqa.selenium.devtools.Connection.access$200(Connection.java:57)
	at org.openqa.selenium.devtools.Connection$Listener.lambda$onText$0(Connection.java:224)
	... 3 more
Caused by: org.openqa.selenium.WebDriverException: {"id":2842,"error":{"code":-32602,"message":"Invalid InterceptionId."},"sessionId":"69DE6D1A85B5D627489871F60443E14A"}
Build info: version: '4.11.0', revision: '040bc5406b'
System info: os.name: 'Windows 10', os.arch: 'amd64', os.version: '10.0', java.version: '11.0.18'
Driver info: driver.version: unknown
	at org.openqa.selenium.devtools.Connection.handle(Connection.java:260)
	... 5 more
авг. 16, 2023 4:23:31 PM org.openqa.selenium.devtools.Connection$Listener lambda$onText$0
WARNING: Unable to process: {"method":"Fetch.requestPaused","params":{"requestId":"interception-job-460.0","request":{"url":"http://localhost:8080/logo192.png","method":"GET","headers":{"Accept":"image/avif,image/webp,image/apng,image/svg+xml,image/*,*/*;q=0.8","Referer":"http://localhost:8080/","User-Agent":"Mozilla/5.0 (Windows NT 10.0; Win64; x64) AppleWebKit/537.36 (KHTML, like Gecko) Chrome/116.0.0.0 Safari/537.36","sec-ch-ua":"\"Chromium\";v=\"116\", \"Not)A;Brand\";v=\"24\", \"Google Chrome\";v=\"116\"","sec-ch-ua-mobile":"?0","sec-ch-ua-platform":"\"Windows\""},"initialPriority":"High","referrerPolicy":"unsafe-url"},"frameId":"D165F02B89151667DFD1BF49856829E7","resourceType":"Image","responseStatusCode":200,"responseStatusText":"","responseHeaders":[{"name":"Vary","value":"Origin"},{"name":"Vary","value":"Access-Control-Request-Method"},{"name":"Vary","value":"Access-Control-Request-Headers"},{"name":"Last-Modified","value":"Thu, 03 Aug 2023 10:18:16 GMT"},{"name":"Accept-Ranges","value":"bytes"},{"name":"Content-Type","value":"image/png"},{"name":"Content-Length","value":"8581"},{"name":"Date","value":"Wed, 16 Aug 2023 13:20:23 GMT"}]},"sessionId":"69DE6D1A85B5D627489871F60443E14A"}
org.openqa.selenium.devtools.DevToolsException: {"id":2847,"error":{"code":-32602,"message":"Invalid InterceptionId."},"sessionId":"69DE6D1A85B5D627489871F60443E14A"}
Build info: version: '4.11.0', revision: '040bc5406b'
System info: os.name: 'Windows 10', os.arch: 'amd64', os.version: '10.0', java.version: '11.0.18'
Driver info: driver.version: unknown
	at org.openqa.selenium.devtools.Connection.sendAndWait(Connection.java:181)
	at org.openqa.selenium.devtools.DevTools.send(DevTools.java:81)
	at org.openqa.selenium.devtools.idealized.Network.lambda$prepareToInterceptTraffic$4(Network.java:194)
	at org.openqa.selenium.devtools.Connection.lambda$handle$4(Connection.java:321)
	at java.base/java.util.stream.ForEachOps$ForEachOp$OfRef.accept(ForEachOps.java:183)
	at java.base/java.util.stream.ReferencePipeline$2$1.accept(ReferencePipeline.java:177)
	at java.base/java.util.stream.ReferencePipeline$11$1.accept(ReferencePipeline.java:442)
	at java.base/java.util.HashMap$KeySpliterator.forEachRemaining(HashMap.java:1621)
	at java.base/java.util.stream.AbstractPipeline.copyInto(AbstractPipeline.java:484)
	at java.base/java.util.stream.AbstractPipeline.wrapAndCopyInto(AbstractPipeline.java:474)
	at java.base/java.util.stream.ForEachOps$ForEachOp.evaluateSequential(ForEachOps.java:150)
	at java.base/java.util.stream.ForEachOps$ForEachOp$OfRef.evaluateSequential(ForEachOps.java:173)
	at java.base/java.util.stream.AbstractPipeline.evaluate(AbstractPipeline.java:234)
	at java.base/java.util.stream.ReferencePipeline.forEach(ReferencePipeline.java:497)
	at org.openqa.selenium.devtools.Connection.handle(Connection.java:287)
	at org.openqa.selenium.devtools.Connection.access$200(Connection.java:57)
	at org.openqa.selenium.devtools.Connection$Listener.lambda$onText$0(Connection.java:224)
	at java.base/java.util.concurrent.ThreadPoolExecutor.runWorker(ThreadPoolExecutor.java:1128)
	at java.base/java.util.concurrent.ThreadPoolExecutor$Worker.run(ThreadPoolExecutor.java:628)
	at java.base/java.lang.Thread.run(Thread.java:829)
Caused by: org.openqa.selenium.WebDriverException: {"id":2847,"error":{"code":-32602,"message":"Invalid InterceptionId."},"sessionId":"69DE6D1A85B5D627489871F60443E14A"}
Build info: version: '4.11.0', revision: '040bc5406b'
System info: os.name: 'Windows 10', os.arch: 'amd64', os.version: '10.0', java.version: '11.0.18'
Driver info: driver.version: unknown
	at org.openqa.selenium.devtools.Connection.handle(Connection.java:260)
	... 5 more

Exception in thread "CDP Connection" org.openqa.selenium.devtools.DevToolsException: {"id":2847,"error":{"code":-32602,"message":"Invalid InterceptionId."},"sessionId":"69DE6D1A85B5D627489871F60443E14A"}
Build info: version: '4.11.0', revision: '040bc5406b'
System info: os.name: 'Windows 10', os.arch: 'amd64', os.version: '10.0', java.version: '11.0.18'
Driver info: driver.version: unknown
	at org.openqa.selenium.devtools.Connection$Listener.lambda$onText$0(Connection.java:227)
	at java.base/java.util.concurrent.ThreadPoolExecutor.runWorker(ThreadPoolExecutor.java:1128)
	at java.base/java.util.concurrent.ThreadPoolExecutor$Worker.run(ThreadPoolExecutor.java:628)
	at java.base/java.lang.Thread.run(Thread.java:829)
Caused by: org.openqa.selenium.devtools.DevToolsException: {"id":2847,"error":{"code":-32602,"message":"Invalid InterceptionId."},"sessionId":"69DE6D1A85B5D627489871F60443E14A"}
Build info: version: '4.11.0', revision: '040bc5406b'
System info: os.name: 'Windows 10', os.arch: 'amd64', os.version: '10.0', java.version: '11.0.18'
Driver info: driver.version: unknown
	at org.openqa.selenium.devtools.Connection.sendAndWait(Connection.java:181)
	at org.openqa.selenium.devtools.DevTools.send(DevTools.java:81)
авг. 16, 2023 4:23:31 PM org.openqa.selenium.devtools.Connection$Listener lambda$onText$0
	at org.openqa.selenium.devtools.idealized.Network.lambda$prepareToInterceptTraffic$4(Network.java:194)
	at org.openqa.selenium.devtools.Connection.lambda$handle$4(Connection.java:321)
	at java.base/java.util.stream.ForEachOps$ForEachOp$OfRef.accept(ForEachOps.java:183)
WARNING: Unable to process: {"method":"Fetch.requestPaused","params":{"requestId":"interception-job-460.0","request":{"url":"http://localhost:8080/logo192.png","method":"GET","headers":{"Accept":"image/avif,image/webp,image/apng,image/svg+xml,image/*,*/*;q=0.8","Referer":"http://localhost:8080/","User-Agent":"Mozilla/5.0 (Windows NT 10.0; Win64; x64) AppleWebKit/537.36 (KHTML, like Gecko) Chrome/116.0.0.0 Safari/537.36","sec-ch-ua":"\"Chromium\";v=\"116\", \"Not)A;Brand\";v=\"24\", \"Google Chrome\";v=\"116\"","sec-ch-ua-mobile":"?0","sec-ch-ua-platform":"\"Windows\""},"initialPriority":"High","referrerPolicy":"strict-origin-when-cross-origin"},"frameId":"D165F02B89151667DFD1BF49856829E7","resourceType":"Image"},"sessionId":"69DE6D1A85B5D627489871F60443E14A"}
	at java.base/java.util.stream.ReferencePipeline$2$1.accept(ReferencePipeline.java:177)
	at java.base/java.util.stream.ReferencePipeline$11$1.accept(ReferencePipeline.java:442)
org.openqa.selenium.devtools.DevToolsException: {"id":2848,"error":{"code":-32602,"message":"Invalid InterceptionId."},"sessionId":"69DE6D1A85B5D627489871F60443E14A"}
Build info: version: '4.11.0', revision: '040bc5406b'
System info: os.name: 'Windows 10', os.arch: 'amd64', os.version: '10.0', java.version: '11.0.18'
	at java.base/java.util.HashMap$KeySpliterator.forEachRemaining(HashMap.java:1621)
Driver info: driver.version: unknown
	at org.openqa.selenium.devtools.Connection.sendAndWait(Connection.java:181)
	at java.base/java.util.stream.AbstractPipeline.copyInto(AbstractPipeline.java:484)
	at org.openqa.selenium.devtools.DevTools.send(DevTools.java:81)
	at org.openqa.selenium.devtools.idealized.Network.lambda$prepareToInterceptTraffic$3(Network.java:211)
	at org.openqa.selenium.remote.http.Filter.lambda$andFinally$1(Filter.java:55)
	at java.base/java.util.stream.AbstractPipeline.wrapAndCopyInto(AbstractPipeline.java:474)
	at org.openqa.selenium.devtools.idealized.Network.lambda$prepareToInterceptTraffic$4(Network.java:226)
	at org.openqa.selenium.devtools.Connection.lambda$handle$4(Connection.java:321)
	at java.base/java.util.stream.ForEachOps$ForEachOp.evaluateSequential(ForEachOps.java:150)
	at java.base/java.util.stream.ForEachOps$ForEachOp$OfRef.accept(ForEachOps.java:183)
	at java.base/java.util.stream.ReferencePipeline$2$1.accept(ReferencePipeline.java:177)
	at java.base/java.util.stream.ForEachOps$ForEachOp$OfRef.evaluateSequential(ForEachOps.java:173)
	at java.base/java.util.stream.ReferencePipeline$11$1.accept(ReferencePipeline.java:442)
	at java.base/java.util.HashMap$KeySpliterator.forEachRemaining(HashMap.java:1621)
	at java.base/java.util.stream.AbstractPipeline.evaluate(AbstractPipeline.java:234)
	at java.base/java.util.stream.AbstractPipeline.copyInto(AbstractPipeline.java:484)
	at java.base/java.util.stream.AbstractPipeline.wrapAndCopyInto(AbstractPipeline.java:474)
	at java.base/java.util.stream.ReferencePipeline.forEach(ReferencePipeline.java:497)
	at java.base/java.util.stream.ForEachOps$ForEachOp.evaluateSequential(ForEachOps.java:150)
	at java.base/java.util.stream.ForEachOps$ForEachOp$OfRef.evaluateSequential(ForEachOps.java:173)
	at org.openqa.selenium.devtools.Connection.handle(Connection.java:287)
	at java.base/java.util.stream.AbstractPipeline.evaluate(AbstractPipeline.java:234)
	at java.base/java.util.stream.ReferencePipeline.forEach(ReferencePipeline.java:497)
	at org.openqa.selenium.devtools.Connection.access$200(Connection.java:57)
	at org.openqa.selenium.devtools.Connection.handle(Connection.java:287)
	at org.openqa.selenium.devtools.Connection.access$200(Connection.java:57)
	at org.openqa.selenium.devtools.Connection$Listener.lambda$onText$0(Connection.java:224)
	at java.base/java.util.concurrent.ThreadPoolExecutor.runWorker(ThreadPoolExecutor.java:1128)
	at java.base/java.util.concurrent.ThreadPoolExecutor$Worker.run(ThreadPoolExecutor.java:628)
	at java.base/java.lang.Thread.run(Thread.java:829)
Caused by: org.openqa.selenium.WebDriverException: {"id":2848,"error":{"code":-32602,"message":"Invalid InterceptionId."},"sessionId":"69DE6D1A85B5D627489871F60443E14A"}
Build info: version: '4.11.0', revision: '040bc5406b'
System info: os.name: 'Windows 10', os.arch: 'amd64', os.version: '10.0', java.version: '11.0.18'
Driver info: driver.version: unknown
	at org.openqa.selenium.devtools.Connection.handle(Connection.java:260)
	... 5 more

	at org.openqa.selenium.devtools.Connection$Listener.lambda$onText$0(Connection.java:224)
	... 3 more
Caused by: org.openqa.selenium.WebDriverException: {"id":2847,"error":{"code":-32602,"message":"Invalid InterceptionId."},"sessionId":"69DE6D1A85B5D627489871F60443E14A"}
Build info: version: '4.11.0', revision: '040bc5406b'
System info: os.name: 'Windows 10', os.arch: 'amd64', os.version: '10.0', java.version: '11.0.18'
Driver info: driver.version: unknown
	at org.openqa.selenium.devtools.Connection.handle(Connection.java:260)
	... 5 more
Exception in thread "CDP Connection" org.openqa.selenium.devtools.DevToolsException: {"id":2848,"error":{"code":-32602,"message":"Invalid InterceptionId."},"sessionId":"69DE6D1A85B5D627489871F60443E14A"}
Build info: version: '4.11.0', revision: '040bc5406b'
System info: os.name: 'Windows 10', os.arch: 'amd64', os.version: '10.0', java.version: '11.0.18'
Driver info: driver.version: unknown
	at org.openqa.selenium.devtools.Connection$Listener.lambda$onText$0(Connection.java:227)
	at java.base/java.util.concurrent.ThreadPoolExecutor.runWorker(ThreadPoolExecutor.java:1128)
	at java.base/java.util.concurrent.ThreadPoolExecutor$Worker.run(ThreadPoolExecutor.java:628)
	at java.base/java.lang.Thread.run(Thread.java:829)
Caused by: org.openqa.selenium.devtools.DevToolsException: {"id":2848,"error":{"code":-32602,"message":"Invalid InterceptionId."},"sessionId":"69DE6D1A85B5D627489871F60443E14A"}
Build info: version: '4.11.0', revision: '040bc5406b'
System info: os.name: 'Windows 10', os.arch: 'amd64', os.version: '10.0', java.version: '11.0.18'
Driver info: driver.version: unknown
	at org.openqa.selenium.devtools.Connection.sendAndWait(Connection.java:181)
	at org.openqa.selenium.devtools.DevTools.send(DevTools.java:81)
	at org.openqa.selenium.devtools.idealized.Network.lambda$prepareToInterceptTraffic$3(Network.java:211)
	at org.openqa.selenium.remote.http.Filter.lambda$andFinally$1(Filter.java:55)
	at org.openqa.selenium.devtools.idealized.Network.lambda$prepareToInterceptTraffic$4(Network.java:226)
	at org.openqa.selenium.devtools.Connection.lambda$handle$4(Connection.java:321)
	at java.base/java.util.stream.ForEachOps$ForEachOp$OfRef.accept(ForEachOps.java:183)
	at java.base/java.util.stream.ReferencePipeline$2$1.accept(ReferencePipeline.java:177)
	at java.base/java.util.stream.ReferencePipeline$11$1.accept(ReferencePipeline.java:442)
	at java.base/java.util.HashMap$KeySpliterator.forEachRemaining(HashMap.java:1621)
	at java.base/java.util.stream.AbstractPipeline.copyInto(AbstractPipeline.java:484)
	at java.base/java.util.stream.AbstractPipeline.wrapAndCopyInto(AbstractPipeline.java:474)
	at java.base/java.util.stream.ForEachOps$ForEachOp.evaluateSequential(ForEachOps.java:150)
	at java.base/java.util.stream.ForEachOps$ForEachOp$OfRef.evaluateSequential(ForEachOps.java:173)
	at java.base/java.util.stream.AbstractPipeline.evaluate(AbstractPipeline.java:234)
	at java.base/java.util.stream.ReferencePipeline.forEach(ReferencePipeline.java:497)
	at org.openqa.selenium.devtools.Connection.handle(Connection.java:287)
	at org.openqa.selenium.devtools.Connection.access$200(Connection.java:57)
	at org.openqa.selenium.devtools.Connection$Listener.lambda$onText$0(Connection.java:224)
	... 3 more
Caused by: org.openqa.selenium.WebDriverException: {"id":2848,"error":{"code":-32602,"message":"Invalid InterceptionId."},"sessionId":"69DE6D1A85B5D627489871F60443E14A"}
Build info: version: '4.11.0', revision: '040bc5406b'
System info: os.name: 'Windows 10', os.arch: 'amd64', os.version: '10.0', java.version: '11.0.18'
Driver info: driver.version: unknown
	at org.openqa.selenium.devtools.Connection.handle(Connection.java:260)
	... 5 more
авг. 16, 2023 4:23:31 PM org.openqa.selenium.devtools.Connection$Listener lambda$onText$0
WARNING: Unable to process: {"method":"Fetch.requestPaused","params":{"requestId":"interception-job-462.0","request":{"url":"http://localhost:8080/static/media/icon_close_s_white.cd06f8fb.svg","method":"GET","headers":{"Accept":"image/avif,image/webp,image/apng,image/svg+xml,image/*,*/*;q=0.8","Referer":"http://localhost:8080/static/css/2.7d875902.chunk.css","User-Agent":"Mozilla/5.0 (Windows NT 10.0; Win64; x64) AppleWebKit/537.36 (KHTML, like Gecko) Chrome/116.0.0.0 Safari/537.36","sec-ch-ua":"\"Chromium\";v=\"116\", \"Not)A;Brand\";v=\"24\", \"Google Chrome\";v=\"116\"","sec-ch-ua-mobile":"?0","sec-ch-ua-platform":"\"Windows\""},"initialPriority":"Low","referrerPolicy":"unsafe-url"},"frameId":"D165F02B89151667DFD1BF49856829E7","resourceType":"Image","responseStatusCode":200,"responseStatusText":"","responseHeaders":[{"name":"Vary","value":"Origin"},{"name":"Vary","value":"Access-Control-Request-Method"},{"name":"Vary","value":"Access-Control-Request-Headers"},{"name":"Last-Modified","value":"Thu, 03 Aug 2023 10:18:16 GMT"},{"name":"Accept-Ranges","value":"bytes"},{"name":"Content-Type","value":"image/svg+xml"},{"name":"Content-Length","value":"247"},{"name":"Date","value":"Wed, 16 Aug 2023 13:20:24 GMT"}]},"sessionId":"69DE6D1A85B5D627489871F60443E14A"}
org.openqa.selenium.devtools.DevToolsException: {"id":2861,"error":{"code":-32602,"message":"Invalid InterceptionId."},"sessionId":"69DE6D1A85B5D627489871F60443E14A"}
Build info: version: '4.11.0', revision: '040bc5406b'
System info: os.name: 'Windows 10', os.arch: 'amd64', os.version: '10.0', java.version: '11.0.18'
Driver info: driver.version: unknown
	at org.openqa.selenium.devtools.Connection.sendAndWait(Connection.java:181)
	at org.openqa.selenium.devtools.DevTools.send(DevTools.java:81)
	at org.openqa.selenium.devtools.idealized.Network.lambda$prepareToInterceptTraffic$4(Network.java:194)
	at org.openqa.selenium.devtools.Connection.lambda$handle$4(Connection.java:321)
	at java.base/java.util.stream.ForEachOps$ForEachOp$OfRef.accept(ForEachOps.java:183)
	at java.base/java.util.stream.ReferencePipeline$2$1.accept(ReferencePipeline.java:177)
	at java.base/java.util.stream.ReferencePipeline$11$1.accept(ReferencePipeline.java:442)
	at java.base/java.util.HashMap$KeySpliterator.forEachRemaining(HashMap.java:1621)
	at java.base/java.util.stream.AbstractPipeline.copyInto(AbstractPipeline.java:484)
	at java.base/java.util.stream.AbstractPipeline.wrapAndCopyInto(AbstractPipeline.java:474)
	at java.base/java.util.stream.ForEachOps$ForEachOp.evaluateSequential(ForEachOps.java:150)
	at java.base/java.util.stream.ForEachOps$ForEachOp$OfRef.evaluateSequential(ForEachOps.java:173)
	at java.base/java.util.stream.AbstractPipeline.evaluate(AbstractPipeline.java:234)
	at java.base/java.util.stream.ReferencePipeline.forEach(ReferencePipeline.java:497)
	at org.openqa.selenium.devtools.Connection.handle(Connection.java:287)
	at org.openqa.selenium.devtools.Connection.access$200(Connection.java:57)
	at org.openqa.selenium.devtools.Connection$Listener.lambda$onText$0(Connection.java:224)
	at java.base/java.util.concurrent.ThreadPoolExecutor.runWorker(ThreadPoolExecutor.java:1128)
	at java.base/java.util.concurrent.ThreadPoolExecutor$Worker.run(ThreadPoolExecutor.java:628)
	at java.base/java.lang.Thread.run(Thread.java:829)
Caused by: org.openqa.selenium.WebDriverException: {"id":2861,"error":{"code":-32602,"message":"Invalid InterceptionId."},"sessionId":"69DE6D1A85B5D627489871F60443E14A"}
Build info: version: '4.11.0', revision: '040bc5406b'
System info: os.name: 'Windows 10', os.arch: 'amd64', os.version: '10.0', java.version: '11.0.18'
Driver info: driver.version: unknown
	at org.openqa.selenium.devtools.Connection.handle(Connection.java:260)
	... 5 more

Exception in thread "CDP Connection" org.openqa.selenium.devtools.DevToolsException: {"id":2861,"error":{"code":-32602,"message":"Invalid InterceptionId."},"sessionId":"69DE6D1A85B5D627489871F60443E14A"}
Build info: version: '4.11.0', revision: '040bc5406b'
System info: os.name: 'Windows 10', os.arch: 'amd64', os.version: '10.0', java.version: '11.0.18'
Driver info: driver.version: unknown
	at org.openqa.selenium.devtools.Connection$Listener.lambda$onText$0(Connection.java:227)
	at java.base/java.util.concurrent.ThreadPoolExecutor.runWorker(ThreadPoolExecutor.java:1128)
	at java.base/java.util.concurrent.ThreadPoolExecutor$Worker.run(ThreadPoolExecutor.java:628)
	at java.base/java.lang.Thread.run(Thread.java:829)
Caused by: org.openqa.selenium.devtools.DevToolsException: {"id":2861,"error":{"code":-32602,"message":"Invalid InterceptionId."},"sessionId":"69DE6D1A85B5D627489871F60443E14A"}
Build info: version: '4.11.0', revision: '040bc5406b'
System info: os.name: 'Windows 10', os.arch: 'amd64', os.version: '10.0', java.version: '11.0.18'
Driver info: driver.version: unknown
	at org.openqa.selenium.devtools.Connection.sendAndWait(Connection.java:181)
	at org.openqa.selenium.devtools.DevTools.send(DevTools.java:81)
	at org.openqa.selenium.devtools.idealized.Network.lambda$prepareToInterceptTraffic$4(Network.java:194)
	at org.openqa.selenium.devtools.Connection.lambda$handle$4(Connection.java:321)
	at java.base/java.util.stream.ForEachOps$ForEachOp$OfRef.accept(ForEachOps.java:183)
	at java.base/java.util.stream.ReferencePipeline$2$1.accept(ReferencePipeline.java:177)
	at java.base/java.util.stream.ReferencePipeline$11$1.accept(ReferencePipeline.java:442)
	at java.base/java.util.HashMap$KeySpliterator.forEachRemaining(HashMap.java:1621)
	at java.base/java.util.stream.AbstractPipeline.copyInto(AbstractPipeline.java:484)
	at java.base/java.util.stream.AbstractPipeline.wrapAndCopyInto(AbstractPipeline.java:474)
	at java.base/java.util.stream.ForEachOps$ForEachOp.evaluateSequential(ForEachOps.java:150)
	at java.base/java.util.stream.ForEachOps$ForEachOp$OfRef.evaluateSequential(ForEachOps.java:173)
	at java.base/java.util.stream.AbstractPipeline.evaluate(AbstractPipeline.java:234)
	at java.base/java.util.stream.ReferencePipeline.forEach(ReferencePipeline.java:497)
	at org.openqa.selenium.devtools.Connection.handle(Connection.java:287)
	at org.openqa.selenium.devtools.Connection.access$200(Connection.java:57)
	at org.openqa.selenium.devtools.Connection$Listener.lambda$onText$0(Connection.java:224)
	... 3 more
Caused by: org.openqa.selenium.WebDriverException: {"id":2861,"error":{"code":-32602,"message":"Invalid InterceptionId."},"sessionId":"69DE6D1A85B5D627489871F60443E14A"}
Build info: version: '4.11.0', revision: '040bc5406b'
System info: os.name: 'Windows 10', os.arch: 'amd64', os.version: '10.0', java.version: '11.0.18'
Driver info: driver.version: unknown
	at org.openqa.selenium.devtools.Connection.handle(Connection.java:260)
	... 5 more
авг. 16, 2023 4:23:31 PM org.openqa.selenium.devtools.Connection$Listener lambda$onText$0
WARNING: Unable to process: {"method":"Fetch.requestPaused","params":{"requestId":"interception-job-463.0","request":{"url":"http://localhost:8080/static/media/icon_error_m_white.143ec85a.svg","method":"GET","headers":{"Accept":"image/avif,image/webp,image/apng,image/svg+xml,image/*,*/*;q=0.8","Referer":"http://localhost:8080/static/css/2.7d875902.chunk.css","User-Agent":"Mozilla/5.0 (Windows NT 10.0; Win64; x64) AppleWebKit/537.36 (KHTML, like Gecko) Chrome/116.0.0.0 Safari/537.36","sec-ch-ua":"\"Chromium\";v=\"116\", \"Not)A;Brand\";v=\"24\", \"Google Chrome\";v=\"116\"","sec-ch-ua-mobile":"?0","sec-ch-ua-platform":"\"Windows\""},"initialPriority":"Low","referrerPolicy":"strict-origin-when-cross-origin"},"frameId":"D165F02B89151667DFD1BF49856829E7","resourceType":"Image"},"sessionId":"69DE6D1A85B5D627489871F60443E14A"}
org.openqa.selenium.devtools.DevToolsException: {"id":2865,"error":{"code":-32602,"message":"Invalid InterceptionId."},"sessionId":"69DE6D1A85B5D627489871F60443E14A"}
Build info: version: '4.11.0', revision: '040bc5406b'
System info: os.name: 'Windows 10', os.arch: 'amd64', os.version: '10.0', java.version: '11.0.18'
Driver info: driver.version: unknown
	at org.openqa.selenium.devtools.Connection.sendAndWait(Connection.java:181)
	at org.openqa.selenium.devtools.DevTools.send(DevTools.java:81)
	at org.openqa.selenium.devtools.idealized.Network.lambda$prepareToInterceptTraffic$3(Network.java:211)
	at org.openqa.selenium.remote.http.Filter.lambda$andFinally$1(Filter.java:55)
	at org.openqa.selenium.devtools.idealized.Network.lambda$prepareToInterceptTraffic$4(Network.java:226)
	at org.openqa.selenium.devtools.Connection.lambda$handle$4(Connection.java:321)
	at java.base/java.util.stream.ForEachOps$ForEachOp$OfRef.accept(ForEachOps.java:183)
	at java.base/java.util.stream.ReferencePipeline$2$1.accept(ReferencePipeline.java:177)
	at java.base/java.util.stream.ReferencePipeline$11$1.accept(ReferencePipeline.java:442)
	at java.base/java.util.HashMap$KeySpliterator.forEachRemaining(HashMap.java:1621)
	at java.base/java.util.stream.AbstractPipeline.copyInto(AbstractPipeline.java:484)
	at java.base/java.util.stream.AbstractPipeline.wrapAndCopyInto(AbstractPipeline.java:474)
	at java.base/java.util.stream.ForEachOps$ForEachOp.evaluateSequential(ForEachOps.java:150)
	at java.base/java.util.stream.ForEachOps$ForEachOp$OfRef.evaluateSequential(ForEachOps.java:173)
	at java.base/java.util.stream.AbstractPipeline.evaluate(AbstractPipeline.java:234)
	at java.base/java.util.stream.ReferencePipeline.forEach(ReferencePipeline.java:497)
	at org.openqa.selenium.devtools.Connection.handle(Connection.java:287)
	at org.openqa.selenium.devtools.Connection.access$200(Connection.java:57)
	at org.openqa.selenium.devtools.Connection$Listener.lambda$onText$0(Connection.java:224)
	at java.base/java.util.concurrent.ThreadPoolExecutor.runWorker(ThreadPoolExecutor.java:1128)
	at java.base/java.util.concurrent.ThreadPoolExecutor$Worker.run(ThreadPoolExecutor.java:628)
	at java.base/java.lang.Thread.run(Thread.java:829)
Caused by: org.openqa.selenium.WebDriverException: {"id":2865,"error":{"code":-32602,"message":"Invalid InterceptionId."},"sessionId":"69DE6D1A85B5D627489871F60443E14A"}
Build info: version: '4.11.0', revision: '040bc5406b'
System info: os.name: 'Windows 10', os.arch: 'amd64', os.version: '10.0', java.version: '11.0.18'
Driver info: driver.version: unknown
	at org.openqa.selenium.devtools.Connection.handle(Connection.java:260)
	... 5 more

авг. 16, 2023 4:23:31 PM org.openqa.selenium.devtools.Connection$Listener lambda$onText$0
WARNING: Unable to process: {"method":"Fetch.requestPaused","params":{"requestId":"interception-job-461.0","request":{"url":"http://localhost:8080/static/media/icon_ok_m_white.5987da79.svg","method":"GET","headers":{"Accept":"image/avif,image/webp,image/apng,image/svg+xml,image/*,*/*;q=0.8","Referer":"http://localhost:8080/static/css/2.7d875902.chunk.css","User-Agent":"Mozilla/5.0 (Windows NT 10.0; Win64; x64) AppleWebKit/537.36 (KHTML, like Gecko) Chrome/116.0.0.0 Safari/537.36","sec-ch-ua":"\"Chromium\";v=\"116\", \"Not)A;Brand\";v=\"24\", \"Google Chrome\";v=\"116\"","sec-ch-ua-mobile":"?0","sec-ch-ua-platform":"\"Windows\""},"initialPriority":"Low","referrerPolicy":"unsafe-url"},"frameId":"D165F02B89151667DFD1BF49856829E7","resourceType":"Image","responseStatusCode":200,"responseStatusText":"","responseHeaders":[{"name":"Vary","value":"Origin"},{"name":"Vary","value":"Access-Control-Request-Method"},{"name":"Vary","value":"Access-Control-Request-Headers"},{"name":"Last-Modified","value":"Thu, 03 Aug 2023 10:18:16 GMT"},{"name":"Accept-Ranges","value":"bytes"},{"name":"Content-Type","value":"image/svg+xml"},{"name":"Content-Length","value":"687"},{"name":"Date","value":"Wed, 16 Aug 2023 13:20:24 GMT"}]},"sessionId":"69DE6D1A85B5D627489871F60443E14A"}
org.openqa.selenium.devtools.DevToolsException: {"id":2863,"error":{"code":-32602,"message":"Invalid InterceptionId."},"sessionId":"69DE6D1A85B5D627489871F60443E14A"}
Build info: version: '4.11.0', revision: '040bc5406b'
System info: os.name: 'Windows 10', os.arch: 'amd64', os.version: '10.0', java.version: '11.0.18'
Driver info: driver.version: unknown
	at org.openqa.selenium.devtools.Connection.sendAndWait(Connection.java:181)
	at org.openqa.selenium.devtools.DevTools.send(DevTools.java:81)
	at org.openqa.selenium.devtools.idealized.Network.lambda$prepareToInterceptTraffic$4(Network.java:194)
	at org.openqa.selenium.devtools.Connection.lambda$handle$4(Connection.java:321)
	at java.base/java.util.stream.ForEachOps$ForEachOp$OfRef.accept(ForEachOps.java:183)
	at java.base/java.util.stream.ReferencePipeline$2$1.accept(ReferencePipeline.java:177)
	at java.base/java.util.stream.ReferencePipeline$11$1.accept(ReferencePipeline.java:442)
	at java.base/java.util.HashMap$KeySpliterator.forEachRemaining(HashMap.java:1621)
	at java.base/java.util.stream.AbstractPipeline.copyInto(AbstractPipeline.java:484)
	at java.base/java.util.stream.AbstractPipeline.wrapAndCopyInto(AbstractPipeline.java:474)
	at java.base/java.util.stream.ForEachOps$ForEachOp.evaluateSequential(ForEachOps.java:150)
	at java.base/java.util.stream.ForEachOps$ForEachOp$OfRef.evaluateSequential(ForEachOps.java:173)
	at java.base/java.util.stream.AbstractPipeline.evaluate(AbstractPipeline.java:234)
	at java.base/java.util.stream.ReferencePipeline.forEach(ReferencePipeline.java:497)
	at org.openqa.selenium.devtools.Connection.handle(Connection.java:287)
	at org.openqa.selenium.devtools.Connection.access$200(Connection.java:57)
	at org.openqa.selenium.devtools.Connection$Listener.lambda$onText$0(Connection.java:224)
	at java.base/java.util.concurrent.ThreadPoolExecutor.runWorker(ThreadPoolExecutor.java:1128)
	at java.base/java.util.concurrent.ThreadPoolExecutor$Worker.run(ThreadPoolExecutor.java:628)
	at java.base/java.lang.Thread.run(Thread.java:829)
Caused by: org.openqa.selenium.WebDriverException: {"id":2863,"error":{"code":-32602,"message":"Invalid InterceptionId."},"sessionId":"69DE6D1A85B5D627489871F60443E14A"}
Build info: version: '4.11.0', revision: '040bc5406b'
System info: os.name: 'Windows 10', os.arch: 'amd64', os.version: '10.0', java.version: '11.0.18'
Driver info: driver.version: unknown
	at org.openqa.selenium.devtools.Connection.handle(Connection.java:260)
	... 5 more

Exception in thread "CDP Connection" org.openqa.selenium.devtools.DevToolsException: {"id":2863,"error":{"code":-32602,"message":"Invalid InterceptionId."},"sessionId":"69DE6D1A85B5D627489871F60443E14A"}
Build info: version: '4.11.0', revision: '040bc5406b'
System info: os.name: 'Windows 10', os.arch: 'amd64', os.version: '10.0', java.version: '11.0.18'
Driver info: driver.version: unknown
	at org.openqa.selenium.devtools.Connection$Listener.lambda$onText$0(Connection.java:227)
	at java.base/java.util.concurrent.ThreadPoolExecutor.runWorker(ThreadPoolExecutor.java:1128)
	at java.base/java.util.concurrent.ThreadPoolExecutor$Worker.run(ThreadPoolExecutor.java:628)
	at java.base/java.lang.Thread.run(Thread.java:829)
Caused by: org.openqa.selenium.devtools.DevToolsException: {"id":2863,"error":{"code":-32602,"message":"Invalid InterceptionId."},"sessionId":"69DE6D1A85B5D627489871F60443E14A"}
Build info: version: '4.11.0', revision: '040bc5406b'
System info: os.name: 'Windows 10', os.arch: 'amd64', os.version: '10.0', java.version: '11.0.18'
Driver info: driver.version: unknown
	at org.openqa.selenium.devtools.Connection.sendAndWait(Connection.java:181)
	at org.openqa.selenium.devtools.DevTools.send(DevTools.java:81)
	at org.openqa.selenium.devtools.idealized.Network.lambda$prepareToInterceptTraffic$4(Network.java:194)
	at org.openqa.selenium.devtools.Connection.lambda$handle$4(Connection.java:321)
	at java.base/java.util.stream.ForEachOps$ForEachOp$OfRef.accept(ForEachOps.java:183)
	at java.base/java.util.stream.ReferencePipeline$2$1.accept(ReferencePipeline.java:177)
	at java.base/java.util.stream.ReferencePipeline$11$1.accept(ReferencePipeline.java:442)
	at java.base/java.util.HashMap$KeySpliterator.forEachRemaining(HashMap.java:1621)
	at java.base/java.util.stream.AbstractPipeline.copyInto(AbstractPipeline.java:484)
	at java.base/java.util.stream.AbstractPipeline.wrapAndCopyInto(AbstractPipeline.java:474)
	at java.base/java.util.stream.ForEachOps$ForEachOp.evaluateSequential(ForEachOps.java:150)
	at java.base/java.util.stream.ForEachOps$ForEachOp$OfRef.evaluateSequential(ForEachOps.java:173)
	at java.base/java.util.stream.AbstractPipeline.evaluate(AbstractPipeline.java:234)
	at java.base/java.util.stream.ReferencePipeline.forEach(ReferencePipeline.java:497)
	at org.openqa.selenium.devtools.Connection.handle(Connection.java:287)
	at org.openqa.selenium.devtools.Connection.access$200(Connection.java:57)
	at org.openqa.selenium.devtools.Connection$Listener.lambda$onText$0(Connection.java:224)
	... 3 more
Caused by: org.openqa.selenium.WebDriverException: {"id":2863,"error":{"code":-32602,"message":"Invalid InterceptionId."},"sessionId":"69DE6D1A85B5D627489871F60443E14A"}
Build info: version: '4.11.0', revision: '040bc5406b'
System info: os.name: 'Windows 10', os.arch: 'amd64', os.version: '10.0', java.version: '11.0.18'
Driver info: driver.version: unknown
	at org.openqa.selenium.devtools.Connection.handle(Connection.java:260)
	... 5 more
авг. 16, 2023 4:23:31 PM org.openqa.selenium.devtools.Connection$Listener lambda$onText$0
WARNING: Unable to process: {"method":"Fetch.requestPaused","params":{"requestId":"interception-job-462.0","request":{"url":"http://localhost:8080/static/media/icon_close_s_white.cd06f8fb.svg","method":"GET","headers":{"Accept":"image/avif,image/webp,image/apng,image/svg+xml,image/*,*/*;q=0.8","Referer":"http://localhost:8080/static/css/2.7d875902.chunk.css","User-Agent":"Mozilla/5.0 (Windows NT 10.0; Win64; x64) AppleWebKit/537.36 (KHTML, like Gecko) Chrome/116.0.0.0 Safari/537.36","sec-ch-ua":"\"Chromium\";v=\"116\", \"Not)A;Brand\";v=\"24\", \"Google Chrome\";v=\"116\"","sec-ch-ua-mobile":"?0","sec-ch-ua-platform":"\"Windows\""},"initialPriority":"Low","referrerPolicy":"strict-origin-when-cross-origin"},"frameId":"D165F02B89151667DFD1BF49856829E7","resourceType":"Image"},"sessionId":"69DE6D1A85B5D627489871F60443E14A"}
org.openqa.selenium.devtools.DevToolsException: {"id":2864,"error":{"code":-32602,"message":"Invalid InterceptionId."},"sessionId":"69DE6D1A85B5D627489871F60443E14A"}
Build info: version: '4.11.0', revision: '040bc5406b'
System info: os.name: 'Windows 10', os.arch: 'amd64', os.version: '10.0', java.version: '11.0.18'
Driver info: driver.version: unknown
	at org.openqa.selenium.devtools.Connection.sendAndWait(Connection.java:181)
	at org.openqa.selenium.devtools.DevTools.send(DevTools.java:81)
	at org.openqa.selenium.devtools.idealized.Network.lambda$prepareToInterceptTraffic$3(Network.java:211)
	at org.openqa.selenium.remote.http.Filter.lambda$andFinally$1(Filter.java:55)
	at org.openqa.selenium.devtools.idealized.Network.lambda$prepareToInterceptTraffic$4(Network.java:226)
	at org.openqa.selenium.devtools.Connection.lambda$handle$4(Connection.java:321)
	at java.base/java.util.stream.ForEachOps$ForEachOp$OfRef.accept(ForEachOps.java:183)
	at java.base/java.util.stream.ReferencePipeline$2$1.accept(ReferencePipeline.java:177)
	at java.base/java.util.stream.ReferencePipeline$11$1.accept(ReferencePipeline.java:442)
	at java.base/java.util.HashMap$KeySpliterator.forEachRemaining(HashMap.java:1621)
	at java.base/java.util.stream.AbstractPipeline.copyInto(AbstractPipeline.java:484)
	at java.base/java.util.stream.AbstractPipeline.wrapAndCopyInto(AbstractPipeline.java:474)
	at java.base/java.util.stream.ForEachOps$ForEachOp.evaluateSequential(ForEachOps.java:150)
	at java.base/java.util.stream.ForEachOps$ForEachOp$OfRef.evaluateSequential(ForEachOps.java:173)
	at java.base/java.util.stream.AbstractPipeline.evaluate(AbstractPipeline.java:234)
	at java.base/java.util.stream.ReferencePipeline.forEach(ReferencePipeline.java:497)
	at org.openqa.selenium.devtools.Connection.handle(Connection.java:287)
	at org.openqa.selenium.devtools.Connection.access$200(Connection.java:57)
	at org.openqa.selenium.devtools.Connection$Listener.lambda$onText$0(Connection.java:224)
	at java.base/java.util.concurrent.ThreadPoolExecutor.runWorker(ThreadPoolExecutor.java:1128)
	at java.base/java.util.concurrent.ThreadPoolExecutor$Worker.run(ThreadPoolExecutor.java:628)
	at java.base/java.lang.Thread.run(Thread.java:829)
Caused by: org.openqa.selenium.WebDriverException: {"id":2864,"error":{"code":-32602,"message":"Invalid InterceptionId."},"sessionId":"69DE6D1A85B5D627489871F60443E14A"}
Build info: version: '4.11.0', revision: '040bc5406b'
System info: os.name: 'Windows 10', os.arch: 'amd64', os.version: '10.0', java.version: '11.0.18'
Driver info: driver.version: unknown
	at org.openqa.selenium.devtools.Connection.handle(Connection.java:260)
	... 5 more

Exception in thread "CDP Connection" org.openqa.selenium.devtools.DevToolsException: {"id":2864,"error":{"code":-32602,"message":"Invalid InterceptionId."},"sessionId":"69DE6D1A85B5D627489871F60443E14A"}
Build info: version: '4.11.0', revision: '040bc5406b'
System info: os.name: 'Windows 10', os.arch: 'amd64', os.version: '10.0', java.version: '11.0.18'
Driver info: driver.version: unknown
	at org.openqa.selenium.devtools.Connection$Listener.lambda$onText$0(Connection.java:227)
	at java.base/java.util.concurrent.ThreadPoolExecutor.runWorker(ThreadPoolExecutor.java:1128)
	at java.base/java.util.concurrent.ThreadPoolExecutor$Worker.run(ThreadPoolExecutor.java:628)
	at java.base/java.lang.Thread.run(Thread.java:829)
Caused by: org.openqa.selenium.devtools.DevToolsException: {"id":2864,"error":{"code":-32602,"message":"Invalid InterceptionId."},"sessionId":"69DE6D1A85B5D627489871F60443E14A"}
Build info: version: '4.11.0', revision: '040bc5406b'
System info: os.name: 'Windows 10', os.arch: 'amd64', os.version: '10.0', java.version: '11.0.18'
Driver info: driver.version: unknown
	at org.openqa.selenium.devtools.Connection.sendAndWait(Connection.java:181)
	at org.openqa.selenium.devtools.DevTools.send(DevTools.java:81)
	at org.openqa.selenium.devtools.idealized.Network.lambda$prepareToInterceptTraffic$3(Network.java:211)
	at org.openqa.selenium.remote.http.Filter.lambda$andFinally$1(Filter.java:55)
	at org.openqa.selenium.devtools.idealized.Network.lambda$prepareToInterceptTraffic$4(Network.java:226)
	at org.openqa.selenium.devtools.Connection.lambda$handle$4(Connection.java:321)
	at java.base/java.util.stream.ForEachOps$ForEachOp$OfRef.accept(ForEachOps.java:183)
	at java.base/java.util.stream.ReferencePipeline$2$1.accept(ReferencePipeline.java:177)
	at java.base/java.util.stream.ReferencePipeline$11$1.accept(ReferencePipeline.java:442)
	at java.base/java.util.HashMap$KeySpliterator.forEachRemaining(HashMap.java:1621)
	at java.base/java.util.stream.AbstractPipeline.copyInto(AbstractPipeline.java:484)
	at java.base/java.util.stream.AbstractPipeline.wrapAndCopyInto(AbstractPipeline.java:474)
	at java.base/java.util.stream.ForEachOps$ForEachOp.evaluateSequential(ForEachOps.java:150)
	at java.base/java.util.stream.ForEachOps$ForEachOp$OfRef.evaluateSequential(ForEachOps.java:173)
	at java.base/java.util.stream.AbstractPipeline.evaluate(AbstractPipeline.java:234)
	at java.base/java.util.stream.ReferencePipeline.forEach(ReferencePipeline.java:497)
	at org.openqa.selenium.devtools.Connection.handle(Connection.java:287)
	at org.openqa.selenium.devtools.Connection.access$200(Connection.java:57)
	at org.openqa.selenium.devtools.Connection$Listener.lambda$onText$0(Connection.java:224)
	... 3 more
Caused by: org.openqa.selenium.WebDriverException: {"id":2864,"error":{"code":-32602,"message":"Invalid InterceptionId."},"sessionId":"69DE6D1A85B5D627489871F60443E14A"}
Build info: version: '4.11.0', revision: '040bc5406b'
System info: os.name: 'Windows 10', os.arch: 'amd64', os.version: '10.0', java.version: '11.0.18'
Driver info: driver.version: unknown
	at org.openqa.selenium.devtools.Connection.handle(Connection.java:260)
	... 5 more
авг. 16, 2023 4:23:31 PM org.openqa.selenium.devtools.Connection$Listener lambda$onText$0
WARNING: Unable to process: {"method":"Fetch.requestPaused","params":{"requestId":"interception-job-463.0","request":{"url":"http://localhost:8080/static/media/icon_error_m_white.143ec85a.svg","method":"GET","headers":{"Accept":"image/avif,image/webp,image/apng,image/svg+xml,image/*,*/*;q=0.8","Referer":"http://localhost:8080/static/css/2.7d875902.chunk.css","User-Agent":"Mozilla/5.0 (Windows NT 10.0; Win64; x64) AppleWebKit/537.36 (KHTML, like Gecko) Chrome/116.0.0.0 Safari/537.36","sec-ch-ua":"\"Chromium\";v=\"116\", \"Not)A;Brand\";v=\"24\", \"Google Chrome\";v=\"116\"","sec-ch-ua-mobile":"?0","sec-ch-ua-platform":"\"Windows\""},"initialPriority":"Low","referrerPolicy":"unsafe-url"},"frameId":"D165F02B89151667DFD1BF49856829E7","resourceType":"Image","responseStatusCode":200,"responseStatusText":"","responseHeaders":[{"name":"Vary","value":"Origin"},{"name":"Vary","value":"Access-Control-Request-Method"},{"name":"Vary","value":"Access-Control-Request-Headers"},{"name":"Last-Modified","value":"Thu, 03 Aug 2023 10:18:16 GMT"},{"name":"Accept-Ranges","value":"bytes"},{"name":"Content-Type","value":"image/svg+xml"},{"name":"Content-Length","value":"380"},{"name":"Date","value":"Wed, 16 Aug 2023 13:20:24 GMT"}]},"sessionId":"69DE6D1A85B5D627489871F60443E14A"}
org.openqa.selenium.devtools.DevToolsException: {"id":2862,"error":{"code":-32602,"message":"Invalid InterceptionId."},"sessionId":"69DE6D1A85B5D627489871F60443E14A"}
Build info: version: '4.11.0', revision: '040bc5406b'
System info: os.name: 'Windows 10', os.arch: 'amd64', os.version: '10.0', java.version: '11.0.18'
Driver info: driver.version: unknown
	at org.openqa.selenium.devtools.Connection.sendAndWait(Connection.java:181)
	at org.openqa.selenium.devtools.DevTools.send(DevTools.java:81)
	at org.openqa.selenium.devtools.idealized.Network.lambda$prepareToInterceptTraffic$4(Network.java:194)
	at org.openqa.selenium.devtools.Connection.lambda$handle$4(Connection.java:321)
	at java.base/java.util.stream.ForEachOps$ForEachOp$OfRef.accept(ForEachOps.java:183)
	at java.base/java.util.stream.ReferencePipeline$2$1.accept(ReferencePipeline.java:177)
	at java.base/java.util.stream.ReferencePipeline$11$1.accept(ReferencePipeline.java:442)
	at java.base/java.util.HashMap$KeySpliterator.forEachRemaining(HashMap.java:1621)
	at java.base/java.util.stream.AbstractPipeline.copyInto(AbstractPipeline.java:484)
	at java.base/java.util.stream.AbstractPipeline.wrapAndCopyInto(AbstractPipeline.java:474)
	at java.base/java.util.stream.ForEachOps$ForEachOp.evaluateSequential(ForEachOps.java:150)
	at java.base/java.util.stream.ForEachOps$ForEachOp$OfRef.evaluateSequential(ForEachOps.java:173)
	at java.base/java.util.stream.AbstractPipeline.evaluate(AbstractPipeline.java:234)
	at java.base/java.util.stream.ReferencePipeline.forEach(ReferencePipeline.java:497)
	at org.openqa.selenium.devtools.Connection.handle(Connection.java:287)
	at org.openqa.selenium.devtools.Connection.access$200(Connection.java:57)
	at org.openqa.selenium.devtools.Connection$Listener.lambda$onText$0(Connection.java:224)
	at java.base/java.util.concurrent.ThreadPoolExecutor.runWorker(ThreadPoolExecutor.java:1128)
	at java.base/java.util.concurrent.ThreadPoolExecutor$Worker.run(ThreadPoolExecutor.java:628)
	at java.base/java.lang.Thread.run(Thread.java:829)
Caused by: org.openqa.selenium.WebDriverException: {"id":2862,"error":{"code":-32602,"message":"Invalid InterceptionId."},"sessionId":"69DE6D1A85B5D627489871F60443E14A"}
Build info: version: '4.11.0', revision: '040bc5406b'
System info: os.name: 'Windows 10', os.arch: 'amd64', os.version: '10.0', java.version: '11.0.18'
Driver info: driver.version: unknown
	at org.openqa.selenium.devtools.Connection.handle(Connection.java:260)
	... 5 more

авг. 16, 2023 4:23:31 PM org.openqa.selenium.devtools.Connection$Listener lambda$onText$0
WARNING: Unable to process: {"method":"Fetch.requestPaused","params":{"requestId":"interception-job-461.0","request":{"url":"http://localhost:8080/static/media/icon_ok_m_white.5987da79.svg","method":"GET","headers":{"Accept":"image/avif,image/webp,image/apng,image/svg+xml,image/*,*/*;q=0.8","Referer":"http://localhost:8080/static/css/2.7d875902.chunk.css","User-Agent":"Mozilla/5.0 (Windows NT 10.0; Win64; x64) AppleWebKit/537.36 (KHTML, like Gecko) Chrome/116.0.0.0 Safari/537.36","sec-ch-ua":"\"Chromium\";v=\"116\", \"Not)A;Brand\";v=\"24\", \"Google Chrome\";v=\"116\"","sec-ch-ua-mobile":"?0","sec-ch-ua-platform":"\"Windows\""},"initialPriority":"Low","referrerPolicy":"strict-origin-when-cross-origin"},"frameId":"D165F02B89151667DFD1BF49856829E7","resourceType":"Image"},"sessionId":"69DE6D1A85B5D627489871F60443E14A"}
org.openqa.selenium.devtools.DevToolsException: {"id":2866,"error":{"code":-32602,"message":"Invalid InterceptionId."},"sessionId":"69DE6D1A85B5D627489871F60443E14A"}
Build info: version: '4.11.0', revision: '040bc5406b'
System info: os.name: 'Windows 10', os.arch: 'amd64', os.version: '10.0', java.version: '11.0.18'
Driver info: driver.version: unknown
	at org.openqa.selenium.devtools.Connection.sendAndWait(Connection.java:181)
	at org.openqa.selenium.devtools.DevTools.send(DevTools.java:81)
	at org.openqa.selenium.devtools.idealized.Network.lambda$prepareToInterceptTraffic$3(Network.java:211)
	at org.openqa.selenium.remote.http.Filter.lambda$andFinally$1(Filter.java:55)
	at org.openqa.selenium.devtools.idealized.Network.lambda$prepareToInterceptTraffic$4(Network.java:226)
	at org.openqa.selenium.devtools.Connection.lambda$handle$4(Connection.java:321)
	at java.base/java.util.stream.ForEachOps$ForEachOp$OfRef.accept(ForEachOps.java:183)
	at java.base/java.util.stream.ReferencePipeline$2$1.accept(ReferencePipeline.java:177)
	at java.base/java.util.stream.ReferencePipeline$11$1.accept(ReferencePipeline.java:442)
	at java.base/java.util.HashMap$KeySpliterator.forEachRemaining(HashMap.java:1621)
	at java.base/java.util.stream.AbstractPipeline.copyInto(AbstractPipeline.java:484)
	at java.base/java.util.stream.AbstractPipeline.wrapAndCopyInto(AbstractPipeline.java:474)
	at java.base/java.util.stream.ForEachOps$ForEachOp.evaluateSequential(ForEachOps.java:150)
	at java.base/java.util.stream.ForEachOps$ForEachOp$OfRef.evaluateSequential(ForEachOps.java:173)
	at java.base/java.util.stream.AbstractPipeline.evaluate(AbstractPipeline.java:234)
	at java.base/java.util.stream.ReferencePipeline.forEach(ReferencePipeline.java:497)
	at org.openqa.selenium.devtools.Connection.handle(Connection.java:287)
	at org.openqa.selenium.devtools.Connection.access$200(Connection.java:57)
	at org.openqa.selenium.devtools.Connection$Listener.lambda$onText$0(Connection.java:224)
	at java.base/java.util.concurrent.ThreadPoolExecutor.runWorker(ThreadPoolExecutor.java:1128)
	at java.base/java.util.concurrent.ThreadPoolExecutor$Worker.run(ThreadPoolExecutor.java:628)
	at java.base/java.lang.Thread.run(Thread.java:829)
Caused by: org.openqa.selenium.WebDriverException: {"id":2866,"error":{"code":-32602,"message":"Invalid InterceptionId."},"sessionId":"69DE6D1A85B5D627489871F60443E14A"}
Build info: version: '4.11.0', revision: '040bc5406b'
System info: os.name: 'Windows 10', os.arch: 'amd64', os.version: '10.0', java.version: '11.0.18'
Driver info: driver.version: unknown
	at org.openqa.selenium.devtools.Connection.handle(Connection.java:260)
	... 5 more

Exception in thread "CDP Connection" org.openqa.selenium.devtools.DevToolsException: {"id":2866,"error":{"code":-32602,"message":"Invalid InterceptionId."},"sessionId":"69DE6D1A85B5D627489871F60443E14A"}
Build info: version: '4.11.0', revision: '040bc5406b'
System info: os.name: 'Windows 10', os.arch: 'amd64', os.version: '10.0', java.version: '11.0.18'
Driver info: driver.version: unknown
	at org.openqa.selenium.devtools.Connection$Listener.lambda$onText$0(Connection.java:227)
	at java.base/java.util.concurrent.ThreadPoolExecutor.runWorker(ThreadPoolExecutor.java:1128)
	at java.base/java.util.concurrent.ThreadPoolExecutor$Worker.run(ThreadPoolExecutor.java:628)
	at java.base/java.lang.Thread.run(Thread.java:829)
Caused by: org.openqa.selenium.devtools.DevToolsException: {"id":2866,"error":{"code":-32602,"message":"Invalid InterceptionId."},"sessionId":"69DE6D1A85B5D627489871F60443E14A"}
Build info: version: '4.11.0', revision: '040bc5406b'
System info: os.name: 'Windows 10', os.arch: 'amd64', os.version: '10.0', java.version: '11.0.18'
Driver info: driver.version: unknown
	at org.openqa.selenium.devtools.Connection.sendAndWait(Connection.java:181)
	at org.openqa.selenium.devtools.DevTools.send(DevTools.java:81)
	at org.openqa.selenium.devtools.idealized.Network.lambda$prepareToInterceptTraffic$3(Network.java:211)
	at org.openqa.selenium.remote.http.Filter.lambda$andFinally$1(Filter.java:55)
	at org.openqa.selenium.devtools.idealized.Network.lambda$prepareToInterceptTraffic$4(Network.java:226)
	at org.openqa.selenium.devtools.Connection.lambda$handle$4(Connection.java:321)
	at java.base/java.util.stream.ForEachOps$ForEachOp$OfRef.accept(ForEachOps.java:183)
	at java.base/java.util.stream.ReferencePipeline$2$1.accept(ReferencePipeline.java:177)
	at java.base/java.util.stream.ReferencePipeline$11$1.accept(ReferencePipeline.java:442)
	at java.base/java.util.HashMap$KeySpliterator.forEachRemaining(HashMap.java:1621)
	at java.base/java.util.stream.AbstractPipeline.copyInto(AbstractPipeline.java:484)
	at java.base/java.util.stream.AbstractPipeline.wrapAndCopyInto(AbstractPipeline.java:474)
	at java.base/java.util.stream.ForEachOps$ForEachOp.evaluateSequential(ForEachOps.java:150)
	at java.base/java.util.stream.ForEachOps$ForEachOp$OfRef.evaluateSequential(ForEachOps.java:173)
	at java.base/java.util.stream.AbstractPipeline.evaluate(AbstractPipeline.java:234)
	at java.base/java.util.stream.ReferencePipeline.forEach(ReferencePipeline.java:497)
	at org.openqa.selenium.devtools.Connection.handle(Connection.java:287)
	at org.openqa.selenium.devtools.Connection.access$200(Connection.java:57)
	at org.openqa.selenium.devtools.Connection$Listener.lambda$onText$0(Connection.java:224)
	... 3 more
Caused by: org.openqa.selenium.WebDriverException: {"id":2866,"error":{"code":-32602,"message":"Invalid InterceptionId."},"sessionId":"69DE6D1A85B5D627489871F60443E14A"}
Build info: version: '4.11.0', revision: '040bc5406b'
System info: os.name: 'Windows 10', os.arch: 'amd64', os.version: '10.0', java.version: '11.0.18'
Driver info: driver.version: unknown
	at org.openqa.selenium.devtools.Connection.handle(Connection.java:260)
	... 5 more
Exception in thread "CDP Connection" org.openqa.selenium.devtools.DevToolsException: {"id":2865,"error":{"code":-32602,"message":"Invalid InterceptionId."},"sessionId":"69DE6D1A85B5D627489871F60443E14A"}
Build info: version: '4.11.0', revision: '040bc5406b'
System info: os.name: 'Windows 10', os.arch: 'amd64', os.version: '10.0', java.version: '11.0.18'
Driver info: driver.version: unknown
	at org.openqa.selenium.devtools.Connection$Listener.lambda$onText$0(Connection.java:227)
	at java.base/java.util.concurrent.ThreadPoolExecutor.runWorker(ThreadPoolExecutor.java:1128)
	at java.base/java.util.concurrent.ThreadPoolExecutor$Worker.run(ThreadPoolExecutor.java:628)
	at java.base/java.lang.Thread.run(Thread.java:829)
Caused by: org.openqa.selenium.devtools.DevToolsException: {"id":2865,"error":{"code":-32602,"message":"Invalid InterceptionId."},"sessionId":"69DE6D1A85B5D627489871F60443E14A"}
Build info: version: '4.11.0', revision: '040bc5406b'
System info: os.name: 'Windows 10', os.arch: 'amd64', os.version: '10.0', java.version: '11.0.18'
Driver info: driver.version: unknown
	at org.openqa.selenium.devtools.Connection.sendAndWait(Connection.java:181)
	at org.openqa.selenium.devtools.DevTools.send(DevTools.java:81)
	at org.openqa.selenium.devtools.idealized.Network.lambda$prepareToInterceptTraffic$3(Network.java:211)
	at org.openqa.selenium.remote.http.Filter.lambda$andFinally$1(Filter.java:55)
	at org.openqa.selenium.devtools.idealized.Network.lambda$prepareToInterceptTraffic$4(Network.java:226)
	at org.openqa.selenium.devtools.Connection.lambda$handle$4(Connection.java:321)
	at java.base/java.util.stream.ForEachOps$ForEachOp$OfRef.accept(ForEachOps.java:183)
	at java.base/java.util.stream.ReferencePipeline$2$1.accept(ReferencePipeline.java:177)
	at java.base/java.util.stream.ReferencePipeline$11$1.accept(ReferencePipeline.java:442)
	at java.base/java.util.HashMap$KeySpliterator.forEachRemaining(HashMap.java:1621)
	at java.base/java.util.stream.AbstractPipeline.copyInto(AbstractPipeline.java:484)
	at java.base/java.util.stream.AbstractPipeline.wrapAndCopyInto(AbstractPipeline.java:474)
	at java.base/java.util.stream.ForEachOps$ForEachOp.evaluateSequential(ForEachOps.java:150)
	at java.base/java.util.stream.ForEachOps$ForEachOp$OfRef.evaluateSequential(ForEachOps.java:173)
	at java.base/java.util.stream.AbstractPipeline.evaluate(AbstractPipeline.java:234)
	at java.base/java.util.stream.ReferencePipeline.forEach(ReferencePipeline.java:497)
	at org.openqa.selenium.devtools.Connection.handle(Connection.java:287)
	at org.openqa.selenium.devtools.Connection.access$200(Connection.java:57)
	at org.openqa.selenium.devtools.Connection$Listener.lambda$onText$0(Connection.java:224)
	... 3 more
Caused by: org.openqa.selenium.WebDriverException: {"id":2865,"error":{"code":-32602,"message":"Invalid InterceptionId."},"sessionId":"69DE6D1A85B5D627489871F60443E14A"}
Build info: version: '4.11.0', revision: '040bc5406b'
System info: os.name: 'Windows 10', os.arch: 'amd64', os.version: '10.0', java.version: '11.0.18'
Driver info: driver.version: unknown
	at org.openqa.selenium.devtools.Connection.handle(Connection.java:260)
	... 5 more
Exception in thread "CDP Connection" org.openqa.selenium.devtools.DevToolsException: {"id":2862,"error":{"code":-32602,"message":"Invalid InterceptionId."},"sessionId":"69DE6D1A85B5D627489871F60443E14A"}
Build info: version: '4.11.0', revision: '040bc5406b'
System info: os.name: 'Windows 10', os.arch: 'amd64', os.version: '10.0', java.version: '11.0.18'
Driver info: driver.version: unknown
	at org.openqa.selenium.devtools.Connection$Listener.lambda$onText$0(Connection.java:227)
	at java.base/java.util.concurrent.ThreadPoolExecutor.runWorker(ThreadPoolExecutor.java:1128)
	at java.base/java.util.concurrent.ThreadPoolExecutor$Worker.run(ThreadPoolExecutor.java:628)
	at java.base/java.lang.Thread.run(Thread.java:829)
Caused by: org.openqa.selenium.devtools.DevToolsException: {"id":2862,"error":{"code":-32602,"message":"Invalid InterceptionId."},"sessionId":"69DE6D1A85B5D627489871F60443E14A"}
Build info: version: '4.11.0', revision: '040bc5406b'
System info: os.name: 'Windows 10', os.arch: 'amd64', os.version: '10.0', java.version: '11.0.18'
Driver info: driver.version: unknown
	at org.openqa.selenium.devtools.Connection.sendAndWait(Connection.java:181)
	at org.openqa.selenium.devtools.DevTools.send(DevTools.java:81)
	at org.openqa.selenium.devtools.idealized.Network.lambda$prepareToInterceptTraffic$4(Network.java:194)
	at org.openqa.selenium.devtools.Connection.lambda$handle$4(Connection.java:321)
	at java.base/java.util.stream.ForEachOps$ForEachOp$OfRef.accept(ForEachOps.java:183)
	at java.base/java.util.stream.ReferencePipeline$2$1.accept(ReferencePipeline.java:177)
	at java.base/java.util.stream.ReferencePipeline$11$1.accept(ReferencePipeline.java:442)
	at java.base/java.util.HashMap$KeySpliterator.forEachRemaining(HashMap.java:1621)
	at java.base/java.util.stream.AbstractPipeline.copyInto(AbstractPipeline.java:484)
	at java.base/java.util.stream.AbstractPipeline.wrapAndCopyInto(AbstractPipeline.java:474)
	at java.base/java.util.stream.ForEachOps$ForEachOp.evaluateSequential(ForEachOps.java:150)
	at java.base/java.util.stream.ForEachOps$ForEachOp$OfRef.evaluateSequential(ForEachOps.java:173)
	at java.base/java.util.stream.AbstractPipeline.evaluate(AbstractPipeline.java:234)
	at java.base/java.util.stream.ReferencePipeline.forEach(ReferencePipeline.java:497)
	at org.openqa.selenium.devtools.Connection.handle(Connection.java:287)
	at org.openqa.selenium.devtools.Connection.access$200(Connection.java:57)
	at org.openqa.selenium.devtools.Connection$Listener.lambda$onText$0(Connection.java:224)
	... 3 more
Caused by: org.openqa.selenium.WebDriverException: {"id":2862,"error":{"code":-32602,"message":"Invalid InterceptionId."},"sessionId":"69DE6D1A85B5D627489871F60443E14A"}
Build info: version: '4.11.0', revision: '040bc5406b'
System info: os.name: 'Windows 10', os.arch: 'amd64', os.version: '10.0', java.version: '11.0.18'
Driver info: driver.version: unknown
	at org.openqa.selenium.devtools.Connection.handle(Connection.java:260)
	... 5 more
]]></system-err>
</testsuite>
